<?xml version="1.0" encoding="UTF-8"?>
<testsuite name="java_testcases.junit.GCD_TEST" tests="5" skipped="0" failures="5" errors="0" timestamp="2024-04-03T09:44:58" hostname="LAPTOP-NVVL9JFQ" time="0.655">
  <properties/>
  <testcase name="test_0" classname="java_testcases.junit.GCD_TEST" time="0.174">
    <failure message="java.lang.StackOverflowError" type="java.lang.StackOverflowError">java.lang.StackOverflowError
	at java_programs.GCD.gcd(GCD.java:19)
	at java_programs.GCD.gcd(GCD.java:19)
	at java_programs.GCD.gcd(GCD.java:19)
	at java_programs.GCD.gcd(GCD.java:19)
	at java_programs.GCD.gcd(GCD.java:19)
	at java_programs.GCD.gcd(GCD.java:19)
	at java_programs.GCD.gcd(GCD.java:19)
	at java_programs.GCD.gcd(GCD.java:19)
	at java_programs.GCD.gcd(GCD.java:19)
	at java_programs.GCD.gcd(GCD.java:19)
	at java_programs.GCD.gcd(GCD.java:19)
	at java_programs.GCD.gcd(GCD.java:19)
	at java_programs.GCD.gcd(GCD.java:19)
	at java_programs.GCD.gcd(GCD.java:19)
	at java_programs.GCD.gcd(GCD.java:19)
	at java_programs.GCD.gcd(GCD.java:19)
	at java_programs.GCD.gcd(GCD.java:19)
	at java_programs.GCD.gcd(GCD.java:19)
	at java_programs.GCD.gcd(GCD.java:19)
	at java_programs.GCD.gcd(GCD.java:19)
	at java_programs.GCD.gcd(GCD.java:19)
	at java_programs.GCD.gcd(GCD.java:19)
	at java_programs.GCD.gcd(GCD.java:19)
	at java_programs.GCD.gcd(GCD.java:19)
	at java_programs.GCD.gcd(GCD.java:19)
	at java_programs.GCD.gcd(GCD.java:19)
	at java_programs.GCD.gcd(GCD.java:19)
	at java_programs.GCD.gcd(GCD.java:19)
	at java_programs.GCD.gcd(GCD.java:19)
	at java_programs.GCD.gcd(GCD.java:19)
	at java_programs.GCD.gcd(GCD.java:19)
	at java_programs.GCD.gcd(GCD.java:19)
	at java_programs.GCD.gcd(GCD.java:19)
	at java_programs.GCD.gcd(GCD.java:19)
	at java_programs.GCD.gcd(GCD.java:19)
	at java_programs.GCD.gcd(GCD.java:19)
	at java_programs.GCD.gcd(GCD.java:19)
	at java_programs.GCD.gcd(GCD.java:19)
	at java_programs.GCD.gcd(GCD.java:19)
	at java_programs.GCD.gcd(GCD.java:19)
	at java_programs.GCD.gcd(GCD.java:19)
	at java_programs.GCD.gcd(GCD.java:19)
	at java_programs.GCD.gcd(GCD.java:19)
	at java_programs.GCD.gcd(GCD.java:19)
	at java_programs.GCD.gcd(GCD.java:19)
	at java_programs.GCD.gcd(GCD.java:19)
	at java_programs.GCD.gcd(GCD.java:19)
	at java_programs.GCD.gcd(GCD.java:19)
	at java_programs.GCD.gcd(GCD.java:19)
	at java_programs.GCD.gcd(GCD.java:19)
	at java_programs.GCD.gcd(GCD.java:19)
	at java_programs.GCD.gcd(GCD.java:19)
	at java_programs.GCD.gcd(GCD.java:19)
	at java_programs.GCD.gcd(GCD.java:19)
	at java_programs.GCD.gcd(GCD.java:19)
	at java_programs.GCD.gcd(GCD.java:19)
	at java_programs.GCD.gcd(GCD.java:19)
	at java_programs.GCD.gcd(GCD.java:19)
	at java_programs.GCD.gcd(GCD.java:19)
	at java_programs.GCD.gcd(GCD.java:19)
	at java_programs.GCD.gcd(GCD.java:19)
	at java_programs.GCD.gcd(GCD.java:19)
	at java_programs.GCD.gcd(GCD.java:19)
	at java_programs.GCD.gcd(GCD.java:19)
	at java_programs.GCD.gcd(GCD.java:19)
	at java_programs.GCD.gcd(GCD.java:19)
	at java_programs.GCD.gcd(GCD.java:19)
	at java_programs.GCD.gcd(GCD.java:19)
	at java_programs.GCD.gcd(GCD.java:19)
	at java_programs.GCD.gcd(GCD.java:19)
	at java_programs.GCD.gcd(GCD.java:19)
	at java_programs.GCD.gcd(GCD.java:19)
	at java_programs.GCD.gcd(GCD.java:19)
	at java_programs.GCD.gcd(GCD.java:19)
	at java_programs.GCD.gcd(GCD.java:19)
	at java_programs.GCD.gcd(GCD.java:19)
	at java_programs.GCD.gcd(GCD.java:19)
	at java_programs.GCD.gcd(GCD.java:19)
	at java_programs.GCD.gcd(GCD.java:19)
	at java_programs.GCD.gcd(GCD.java:19)
	at java_programs.GCD.gcd(GCD.java:19)
	at java_programs.GCD.gcd(GCD.java:19)
	at java_programs.GCD.gcd(GCD.java:19)
	at java_programs.GCD.gcd(GCD.java:19)
	at java_programs.GCD.gcd(GCD.java:19)
	at java_programs.GCD.gcd(GCD.java:19)
	at java_programs.GCD.gcd(GCD.java:19)
	at java_programs.GCD.gcd(GCD.java:19)
	at java_programs.GCD.gcd(GCD.java:19)
	at java_programs.GCD.gcd(GCD.java:19)
	at java_programs.GCD.gcd(GCD.java:19)
	at java_programs.GCD.gcd(GCD.java:19)
	at java_programs.GCD.gcd(GCD.java:19)
	at java_programs.GCD.gcd(GCD.java:19)
	at java_programs.GCD.gcd(GCD.java:19)
	at java_programs.GCD.gcd(GCD.java:19)
	at java_programs.GCD.gcd(GCD.java:19)
	at java_programs.GCD.gcd(GCD.java:19)
	at java_programs.GCD.gcd(GCD.java:19)
	at java_programs.GCD.gcd(GCD.java:19)
	at java_programs.GCD.gcd(GCD.java:19)
	at java_programs.GCD.gcd(GCD.java:19)
	at java_programs.GCD.gcd(GCD.java:19)
	at java_programs.GCD.gcd(GCD.java:19)
	at java_programs.GCD.gcd(GCD.java:19)
	at java_programs.GCD.gcd(GCD.java:19)
	at java_programs.GCD.gcd(GCD.java:19)
	at java_programs.GCD.gcd(GCD.java:19)
	at java_programs.GCD.gcd(GCD.java:19)
	at java_programs.GCD.gcd(GCD.java:19)
	at java_programs.GCD.gcd(GCD.java:19)
	at java_programs.GCD.gcd(GCD.java:19)
	at java_programs.GCD.gcd(GCD.java:19)
	at java_programs.GCD.gcd(GCD.java:19)
	at java_programs.GCD.gcd(GCD.java:19)
	at java_programs.GCD.gcd(GCD.java:19)
	at java_programs.GCD.gcd(GCD.java:19)
	at java_programs.GCD.gcd(GCD.java:19)
	at java_programs.GCD.gcd(GCD.java:19)
	at java_programs.GCD.gcd(GCD.java:19)
	at java_programs.GCD.gcd(GCD.java:19)
	at java_programs.GCD.gcd(GCD.java:19)
	at java_programs.GCD.gcd(GCD.java:19)
	at java_programs.GCD.gcd(GCD.java:19)
	at java_programs.GCD.gcd(GCD.java:19)
	at java_programs.GCD.gcd(GCD.java:19)
	at java_programs.GCD.gcd(GCD.java:19)
	at java_programs.GCD.gcd(GCD.java:19)
	at java_programs.GCD.gcd(GCD.java:19)
	at java_programs.GCD.gcd(GCD.java:19)
	at java_programs.GCD.gcd(GCD.java:19)
	at java_programs.GCD.gcd(GCD.java:19)
	at java_programs.GCD.gcd(GCD.java:19)
	at java_programs.GCD.gcd(GCD.java:19)
	at java_programs.GCD.gcd(GCD.java:19)
	at java_programs.GCD.gcd(GCD.java:19)
	at java_programs.GCD.gcd(GCD.java:19)
	at java_programs.GCD.gcd(GCD.java:19)
	at java_programs.GCD.gcd(GCD.java:19)
	at java_programs.GCD.gcd(GCD.java:19)
	at java_programs.GCD.gcd(GCD.java:19)
	at java_programs.GCD.gcd(GCD.java:19)
	at java_programs.GCD.gcd(GCD.java:19)
	at java_programs.GCD.gcd(GCD.java:19)
	at java_programs.GCD.gcd(GCD.java:19)
	at java_programs.GCD.gcd(GCD.java:19)
	at java_programs.GCD.gcd(GCD.java:19)
	at java_programs.GCD.gcd(GCD.java:19)
	at java_programs.GCD.gcd(GCD.java:19)
	at java_programs.GCD.gcd(GCD.java:19)
	at java_programs.GCD.gcd(GCD.java:19)
	at java_programs.GCD.gcd(GCD.java:19)
	at java_programs.GCD.gcd(GCD.java:19)
	at java_programs.GCD.gcd(GCD.java:19)
	at java_programs.GCD.gcd(GCD.java:19)
	at java_programs.GCD.gcd(GCD.java:19)
	at java_programs.GCD.gcd(GCD.java:19)
	at java_programs.GCD.gcd(GCD.java:19)
	at java_programs.GCD.gcd(GCD.java:19)
	at java_programs.GCD.gcd(GCD.java:19)
	at java_programs.GCD.gcd(GCD.java:19)
	at java_programs.GCD.gcd(GCD.java:19)
	at java_programs.GCD.gcd(GCD.java:19)
	at java_programs.GCD.gcd(GCD.java:19)
	at java_programs.GCD.gcd(GCD.java:19)
	at java_programs.GCD.gcd(GCD.java:19)
	at java_programs.GCD.gcd(GCD.java:19)
	at java_programs.GCD.gcd(GCD.java:19)
	at java_programs.GCD.gcd(GCD.java:19)
	at java_programs.GCD.gcd(GCD.java:19)
	at java_programs.GCD.gcd(GCD.java:19)
	at java_programs.GCD.gcd(GCD.java:19)
	at java_programs.GCD.gcd(GCD.java:19)
	at java_programs.GCD.gcd(GCD.java:19)
	at java_programs.GCD.gcd(GCD.java:19)
	at java_programs.GCD.gcd(GCD.java:19)
	at java_programs.GCD.gcd(GCD.java:19)
	at java_programs.GCD.gcd(GCD.java:19)
	at java_programs.GCD.gcd(GCD.java:19)
	at java_programs.GCD.gcd(GCD.java:19)
	at java_programs.GCD.gcd(GCD.java:19)
	at java_programs.GCD.gcd(GCD.java:19)
	at java_programs.GCD.gcd(GCD.java:19)
	at java_programs.GCD.gcd(GCD.java:19)
	at java_programs.GCD.gcd(GCD.java:19)
	at java_programs.GCD.gcd(GCD.java:19)
	at java_programs.GCD.gcd(GCD.java:19)
	at java_programs.GCD.gcd(GCD.java:19)
	at java_programs.GCD.gcd(GCD.java:19)
	at java_programs.GCD.gcd(GCD.java:19)
	at java_programs.GCD.gcd(GCD.java:19)
	at java_programs.GCD.gcd(GCD.java:19)
	at java_programs.GCD.gcd(GCD.java:19)
	at java_programs.GCD.gcd(GCD.java:19)
	at java_programs.GCD.gcd(GCD.java:19)
	at java_programs.GCD.gcd(GCD.java:19)
	at java_programs.GCD.gcd(GCD.java:19)
	at java_programs.GCD.gcd(GCD.java:19)
	at java_programs.GCD.gcd(GCD.java:19)
	at java_programs.GCD.gcd(GCD.java:19)
	at java_programs.GCD.gcd(GCD.java:19)
	at java_programs.GCD.gcd(GCD.java:19)
	at java_programs.GCD.gcd(GCD.java:19)
	at java_programs.GCD.gcd(GCD.java:19)
	at java_programs.GCD.gcd(GCD.java:19)
	at java_programs.GCD.gcd(GCD.java:19)
	at java_programs.GCD.gcd(GCD.java:19)
	at java_programs.GCD.gcd(GCD.java:19)
	at java_programs.GCD.gcd(GCD.java:19)
	at java_programs.GCD.gcd(GCD.java:19)
	at java_programs.GCD.gcd(GCD.java:19)
	at java_programs.GCD.gcd(GCD.java:19)
	at java_programs.GCD.gcd(GCD.java:19)
	at java_programs.GCD.gcd(GCD.java:19)
	at java_programs.GCD.gcd(GCD.java:19)
	at java_programs.GCD.gcd(GCD.java:19)
	at java_programs.GCD.gcd(GCD.java:19)
	at java_programs.GCD.gcd(GCD.java:19)
	at java_programs.GCD.gcd(GCD.java:19)
	at java_programs.GCD.gcd(GCD.java:19)
	at java_programs.GCD.gcd(GCD.java:19)
	at java_programs.GCD.gcd(GCD.java:19)
	at java_programs.GCD.gcd(GCD.java:19)
	at java_programs.GCD.gcd(GCD.java:19)
	at java_programs.GCD.gcd(GCD.java:19)
	at java_programs.GCD.gcd(GCD.java:19)
	at java_programs.GCD.gcd(GCD.java:19)
	at java_programs.GCD.gcd(GCD.java:19)
	at java_programs.GCD.gcd(GCD.java:19)
	at java_programs.GCD.gcd(GCD.java:19)
	at java_programs.GCD.gcd(GCD.java:19)
	at java_programs.GCD.gcd(GCD.java:19)
	at java_programs.GCD.gcd(GCD.java:19)
	at java_programs.GCD.gcd(GCD.java:19)
	at java_programs.GCD.gcd(GCD.java:19)
	at java_programs.GCD.gcd(GCD.java:19)
	at java_programs.GCD.gcd(GCD.java:19)
	at java_programs.GCD.gcd(GCD.java:19)
	at java_programs.GCD.gcd(GCD.java:19)
	at java_programs.GCD.gcd(GCD.java:19)
	at java_programs.GCD.gcd(GCD.java:19)
	at java_programs.GCD.gcd(GCD.java:19)
	at java_programs.GCD.gcd(GCD.java:19)
	at java_programs.GCD.gcd(GCD.java:19)
	at java_programs.GCD.gcd(GCD.java:19)
	at java_programs.GCD.gcd(GCD.java:19)
	at java_programs.GCD.gcd(GCD.java:19)
	at java_programs.GCD.gcd(GCD.java:19)
	at java_programs.GCD.gcd(GCD.java:19)
	at java_programs.GCD.gcd(GCD.java:19)
	at java_programs.GCD.gcd(GCD.java:19)
	at java_programs.GCD.gcd(GCD.java:19)
	at java_programs.GCD.gcd(GCD.java:19)
	at java_programs.GCD.gcd(GCD.java:19)
	at java_programs.GCD.gcd(GCD.java:19)
	at java_programs.GCD.gcd(GCD.java:19)
	at java_programs.GCD.gcd(GCD.java:19)
	at java_programs.GCD.gcd(GCD.java:19)
	at java_programs.GCD.gcd(GCD.java:19)
	at java_programs.GCD.gcd(GCD.java:19)
	at java_programs.GCD.gcd(GCD.java:19)
	at java_programs.GCD.gcd(GCD.java:19)
	at java_programs.GCD.gcd(GCD.java:19)
	at java_programs.GCD.gcd(GCD.java:19)
	at java_programs.GCD.gcd(GCD.java:19)
	at java_programs.GCD.gcd(GCD.java:19)
	at java_programs.GCD.gcd(GCD.java:19)
	at java_programs.GCD.gcd(GCD.java:19)
	at java_programs.GCD.gcd(GCD.java:19)
	at java_programs.GCD.gcd(GCD.java:19)
	at java_programs.GCD.gcd(GCD.java:19)
	at java_programs.GCD.gcd(GCD.java:19)
	at java_programs.GCD.gcd(GCD.java:19)
	at java_programs.GCD.gcd(GCD.java:19)
	at java_programs.GCD.gcd(GCD.java:19)
	at java_programs.GCD.gcd(GCD.java:19)
	at java_programs.GCD.gcd(GCD.java:19)
	at java_programs.GCD.gcd(GCD.java:19)
	at java_programs.GCD.gcd(GCD.java:19)
	at java_programs.GCD.gcd(GCD.java:19)
	at java_programs.GCD.gcd(GCD.java:19)
	at java_programs.GCD.gcd(GCD.java:19)
	at java_programs.GCD.gcd(GCD.java:19)
	at java_programs.GCD.gcd(GCD.java:19)
	at java_programs.GCD.gcd(GCD.java:19)
	at java_programs.GCD.gcd(GCD.java:19)
	at java_programs.GCD.gcd(GCD.java:19)
	at java_programs.GCD.gcd(GCD.java:19)
	at java_programs.GCD.gcd(GCD.java:19)
	at java_programs.GCD.gcd(GCD.java:19)
	at java_programs.GCD.gcd(GCD.java:19)
	at java_programs.GCD.gcd(GCD.java:19)
	at java_programs.GCD.gcd(GCD.java:19)
	at java_programs.GCD.gcd(GCD.java:19)
	at java_programs.GCD.gcd(GCD.java:19)
	at java_programs.GCD.gcd(GCD.java:19)
	at java_programs.GCD.gcd(GCD.java:19)
	at java_programs.GCD.gcd(GCD.java:19)
	at java_programs.GCD.gcd(GCD.java:19)
	at java_programs.GCD.gcd(GCD.java:19)
	at java_programs.GCD.gcd(GCD.java:19)
	at java_programs.GCD.gcd(GCD.java:19)
	at java_programs.GCD.gcd(GCD.java:19)
	at java_programs.GCD.gcd(GCD.java:19)
	at java_programs.GCD.gcd(GCD.java:19)
	at java_programs.GCD.gcd(GCD.java:19)
	at java_programs.GCD.gcd(GCD.java:19)
	at java_programs.GCD.gcd(GCD.java:19)
	at java_programs.GCD.gcd(GCD.java:19)
	at java_programs.GCD.gcd(GCD.java:19)
	at java_programs.GCD.gcd(GCD.java:19)
	at java_programs.GCD.gcd(GCD.java:19)
	at java_programs.GCD.gcd(GCD.java:19)
	at java_programs.GCD.gcd(GCD.java:19)
	at java_programs.GCD.gcd(GCD.java:19)
	at java_programs.GCD.gcd(GCD.java:19)
	at java_programs.GCD.gcd(GCD.java:19)
	at java_programs.GCD.gcd(GCD.java:19)
	at java_programs.GCD.gcd(GCD.java:19)
	at java_programs.GCD.gcd(GCD.java:19)
	at java_programs.GCD.gcd(GCD.java:19)
	at java_programs.GCD.gcd(GCD.java:19)
	at java_programs.GCD.gcd(GCD.java:19)
	at java_programs.GCD.gcd(GCD.java:19)
	at java_programs.GCD.gcd(GCD.java:19)
	at java_programs.GCD.gcd(GCD.java:19)
	at java_programs.GCD.gcd(GCD.java:19)
	at java_programs.GCD.gcd(GCD.java:19)
	at java_programs.GCD.gcd(GCD.java:19)
	at java_programs.GCD.gcd(GCD.java:19)
	at java_programs.GCD.gcd(GCD.java:19)
	at java_programs.GCD.gcd(GCD.java:19)
	at java_programs.GCD.gcd(GCD.java:19)
	at java_programs.GCD.gcd(GCD.java:19)
	at java_programs.GCD.gcd(GCD.java:19)
	at java_programs.GCD.gcd(GCD.java:19)
	at java_programs.GCD.gcd(GCD.java:19)
	at java_programs.GCD.gcd(GCD.java:19)
	at java_programs.GCD.gcd(GCD.java:19)
	at java_programs.GCD.gcd(GCD.java:19)
	at java_programs.GCD.gcd(GCD.java:19)
	at java_programs.GCD.gcd(GCD.java:19)
	at java_programs.GCD.gcd(GCD.java:19)
	at java_programs.GCD.gcd(GCD.java:19)
	at java_programs.GCD.gcd(GCD.java:19)
	at java_programs.GCD.gcd(GCD.java:19)
	at java_programs.GCD.gcd(GCD.java:19)
	at java_programs.GCD.gcd(GCD.java:19)
	at java_programs.GCD.gcd(GCD.java:19)
	at java_programs.GCD.gcd(GCD.java:19)
	at java_programs.GCD.gcd(GCD.java:19)
	at java_programs.GCD.gcd(GCD.java:19)
	at java_programs.GCD.gcd(GCD.java:19)
	at java_programs.GCD.gcd(GCD.java:19)
	at java_programs.GCD.gcd(GCD.java:19)
	at java_programs.GCD.gcd(GCD.java:19)
	at java_programs.GCD.gcd(GCD.java:19)
	at java_programs.GCD.gcd(GCD.java:19)
	at java_programs.GCD.gcd(GCD.java:19)
	at java_programs.GCD.gcd(GCD.java:19)
	at java_programs.GCD.gcd(GCD.java:19)
	at java_programs.GCD.gcd(GCD.java:19)
	at java_programs.GCD.gcd(GCD.java:19)
	at java_programs.GCD.gcd(GCD.java:19)
	at java_programs.GCD.gcd(GCD.java:19)
	at java_programs.GCD.gcd(GCD.java:19)
	at java_programs.GCD.gcd(GCD.java:19)
	at java_programs.GCD.gcd(GCD.java:19)
	at java_programs.GCD.gcd(GCD.java:19)
	at java_programs.GCD.gcd(GCD.java:19)
	at java_programs.GCD.gcd(GCD.java:19)
	at java_programs.GCD.gcd(GCD.java:19)
	at java_programs.GCD.gcd(GCD.java:19)
	at java_programs.GCD.gcd(GCD.java:19)
	at java_programs.GCD.gcd(GCD.java:19)
	at java_programs.GCD.gcd(GCD.java:19)
	at java_programs.GCD.gcd(GCD.java:19)
	at java_programs.GCD.gcd(GCD.java:19)
	at java_programs.GCD.gcd(GCD.java:19)
	at java_programs.GCD.gcd(GCD.java:19)
	at java_programs.GCD.gcd(GCD.java:19)
	at java_programs.GCD.gcd(GCD.java:19)
	at java_programs.GCD.gcd(GCD.java:19)
	at java_programs.GCD.gcd(GCD.java:19)
	at java_programs.GCD.gcd(GCD.java:19)
	at java_programs.GCD.gcd(GCD.java:19)
	at java_programs.GCD.gcd(GCD.java:19)
	at java_programs.GCD.gcd(GCD.java:19)
	at java_programs.GCD.gcd(GCD.java:19)
	at java_programs.GCD.gcd(GCD.java:19)
	at java_programs.GCD.gcd(GCD.java:19)
	at java_programs.GCD.gcd(GCD.java:19)
	at java_programs.GCD.gcd(GCD.java:19)
	at java_programs.GCD.gcd(GCD.java:19)
	at java_programs.GCD.gcd(GCD.java:19)
	at java_programs.GCD.gcd(GCD.java:19)
	at java_programs.GCD.gcd(GCD.java:19)
	at java_programs.GCD.gcd(GCD.java:19)
	at java_programs.GCD.gcd(GCD.java:19)
	at java_programs.GCD.gcd(GCD.java:19)
	at java_programs.GCD.gcd(GCD.java:19)
	at java_programs.GCD.gcd(GCD.java:19)
	at java_programs.GCD.gcd(GCD.java:19)
	at java_programs.GCD.gcd(GCD.java:19)
	at java_programs.GCD.gcd(GCD.java:19)
	at java_programs.GCD.gcd(GCD.java:19)
	at java_programs.GCD.gcd(GCD.java:19)
	at java_programs.GCD.gcd(GCD.java:19)
	at java_programs.GCD.gcd(GCD.java:19)
	at java_programs.GCD.gcd(GCD.java:19)
	at java_programs.GCD.gcd(GCD.java:19)
	at java_programs.GCD.gcd(GCD.java:19)
	at java_programs.GCD.gcd(GCD.java:19)
	at java_programs.GCD.gcd(GCD.java:19)
	at java_programs.GCD.gcd(GCD.java:19)
	at java_programs.GCD.gcd(GCD.java:19)
	at java_programs.GCD.gcd(GCD.java:19)
	at java_programs.GCD.gcd(GCD.java:19)
	at java_programs.GCD.gcd(GCD.java:19)
	at java_programs.GCD.gcd(GCD.java:19)
	at java_programs.GCD.gcd(GCD.java:19)
	at java_programs.GCD.gcd(GCD.java:19)
	at java_programs.GCD.gcd(GCD.java:19)
	at java_programs.GCD.gcd(GCD.java:19)
	at java_programs.GCD.gcd(GCD.java:19)
	at java_programs.GCD.gcd(GCD.java:19)
	at java_programs.GCD.gcd(GCD.java:19)
	at java_programs.GCD.gcd(GCD.java:19)
	at java_programs.GCD.gcd(GCD.java:19)
	at java_programs.GCD.gcd(GCD.java:19)
	at java_programs.GCD.gcd(GCD.java:19)
	at java_programs.GCD.gcd(GCD.java:19)
	at java_programs.GCD.gcd(GCD.java:19)
	at java_programs.GCD.gcd(GCD.java:19)
	at java_programs.GCD.gcd(GCD.java:19)
	at java_programs.GCD.gcd(GCD.java:19)
	at java_programs.GCD.gcd(GCD.java:19)
	at java_programs.GCD.gcd(GCD.java:19)
	at java_programs.GCD.gcd(GCD.java:19)
	at java_programs.GCD.gcd(GCD.java:19)
	at java_programs.GCD.gcd(GCD.java:19)
	at java_programs.GCD.gcd(GCD.java:19)
	at java_programs.GCD.gcd(GCD.java:19)
	at java_programs.GCD.gcd(GCD.java:19)
	at java_programs.GCD.gcd(GCD.java:19)
	at java_programs.GCD.gcd(GCD.java:19)
	at java_programs.GCD.gcd(GCD.java:19)
	at java_programs.GCD.gcd(GCD.java:19)
	at java_programs.GCD.gcd(GCD.java:19)
	at java_programs.GCD.gcd(GCD.java:19)
	at java_programs.GCD.gcd(GCD.java:19)
	at java_programs.GCD.gcd(GCD.java:19)
	at java_programs.GCD.gcd(GCD.java:19)
	at java_programs.GCD.gcd(GCD.java:19)
	at java_programs.GCD.gcd(GCD.java:19)
	at java_programs.GCD.gcd(GCD.java:19)
	at java_programs.GCD.gcd(GCD.java:19)
	at java_programs.GCD.gcd(GCD.java:19)
	at java_programs.GCD.gcd(GCD.java:19)
	at java_programs.GCD.gcd(GCD.java:19)
	at java_programs.GCD.gcd(GCD.java:19)
	at java_programs.GCD.gcd(GCD.java:19)
	at java_programs.GCD.gcd(GCD.java:19)
	at java_programs.GCD.gcd(GCD.java:19)
	at java_programs.GCD.gcd(GCD.java:19)
	at java_programs.GCD.gcd(GCD.java:19)
	at java_programs.GCD.gcd(GCD.java:19)
	at java_programs.GCD.gcd(GCD.java:19)
	at java_programs.GCD.gcd(GCD.java:19)
	at java_programs.GCD.gcd(GCD.java:19)
	at java_programs.GCD.gcd(GCD.java:19)
	at java_programs.GCD.gcd(GCD.java:19)
	at java_programs.GCD.gcd(GCD.java:19)
	at java_programs.GCD.gcd(GCD.java:19)
	at java_programs.GCD.gcd(GCD.java:19)
	at java_programs.GCD.gcd(GCD.java:19)
	at java_programs.GCD.gcd(GCD.java:19)
	at java_programs.GCD.gcd(GCD.java:19)
	at java_programs.GCD.gcd(GCD.java:19)
	at java_programs.GCD.gcd(GCD.java:19)
	at java_programs.GCD.gcd(GCD.java:19)
	at java_programs.GCD.gcd(GCD.java:19)
	at java_programs.GCD.gcd(GCD.java:19)
	at java_programs.GCD.gcd(GCD.java:19)
	at java_programs.GCD.gcd(GCD.java:19)
	at java_programs.GCD.gcd(GCD.java:19)
	at java_programs.GCD.gcd(GCD.java:19)
	at java_programs.GCD.gcd(GCD.java:19)
	at java_programs.GCD.gcd(GCD.java:19)
	at java_programs.GCD.gcd(GCD.java:19)
	at java_programs.GCD.gcd(GCD.java:19)
	at java_programs.GCD.gcd(GCD.java:19)
	at java_programs.GCD.gcd(GCD.java:19)
	at java_programs.GCD.gcd(GCD.java:19)
	at java_programs.GCD.gcd(GCD.java:19)
	at java_programs.GCD.gcd(GCD.java:19)
	at java_programs.GCD.gcd(GCD.java:19)
	at java_programs.GCD.gcd(GCD.java:19)
	at java_programs.GCD.gcd(GCD.java:19)
	at java_programs.GCD.gcd(GCD.java:19)
	at java_programs.GCD.gcd(GCD.java:19)
	at java_programs.GCD.gcd(GCD.java:19)
	at java_programs.GCD.gcd(GCD.java:19)
	at java_programs.GCD.gcd(GCD.java:19)
	at java_programs.GCD.gcd(GCD.java:19)
	at java_programs.GCD.gcd(GCD.java:19)
	at java_programs.GCD.gcd(GCD.java:19)
	at java_programs.GCD.gcd(GCD.java:19)
	at java_programs.GCD.gcd(GCD.java:19)
	at java_programs.GCD.gcd(GCD.java:19)
	at java_programs.GCD.gcd(GCD.java:19)
	at java_programs.GCD.gcd(GCD.java:19)
	at java_programs.GCD.gcd(GCD.java:19)
	at java_programs.GCD.gcd(GCD.java:19)
	at java_programs.GCD.gcd(GCD.java:19)
	at java_programs.GCD.gcd(GCD.java:19)
	at java_programs.GCD.gcd(GCD.java:19)
	at java_programs.GCD.gcd(GCD.java:19)
	at java_programs.GCD.gcd(GCD.java:19)
	at java_programs.GCD.gcd(GCD.java:19)
	at java_programs.GCD.gcd(GCD.java:19)
	at java_programs.GCD.gcd(GCD.java:19)
	at java_programs.GCD.gcd(GCD.java:19)
	at java_programs.GCD.gcd(GCD.java:19)
	at java_programs.GCD.gcd(GCD.java:19)
	at java_programs.GCD.gcd(GCD.java:19)
	at java_programs.GCD.gcd(GCD.java:19)
	at java_programs.GCD.gcd(GCD.java:19)
	at java_programs.GCD.gcd(GCD.java:19)
	at java_programs.GCD.gcd(GCD.java:19)
	at java_programs.GCD.gcd(GCD.java:19)
	at java_programs.GCD.gcd(GCD.java:19)
	at java_programs.GCD.gcd(GCD.java:19)
	at java_programs.GCD.gcd(GCD.java:19)
	at java_programs.GCD.gcd(GCD.java:19)
	at java_programs.GCD.gcd(GCD.java:19)
	at java_programs.GCD.gcd(GCD.java:19)
	at java_programs.GCD.gcd(GCD.java:19)
	at java_programs.GCD.gcd(GCD.java:19)
	at java_programs.GCD.gcd(GCD.java:19)
	at java_programs.GCD.gcd(GCD.java:19)
	at java_programs.GCD.gcd(GCD.java:19)
	at java_programs.GCD.gcd(GCD.java:19)
	at java_programs.GCD.gcd(GCD.java:19)
	at java_programs.GCD.gcd(GCD.java:19)
	at java_programs.GCD.gcd(GCD.java:19)
	at java_programs.GCD.gcd(GCD.java:19)
	at java_programs.GCD.gcd(GCD.java:19)
	at java_programs.GCD.gcd(GCD.java:19)
	at java_programs.GCD.gcd(GCD.java:19)
	at java_programs.GCD.gcd(GCD.java:19)
	at java_programs.GCD.gcd(GCD.java:19)
	at java_programs.GCD.gcd(GCD.java:19)
	at java_programs.GCD.gcd(GCD.java:19)
	at java_programs.GCD.gcd(GCD.java:19)
	at java_programs.GCD.gcd(GCD.java:19)
	at java_programs.GCD.gcd(GCD.java:19)
	at java_programs.GCD.gcd(GCD.java:19)
	at java_programs.GCD.gcd(GCD.java:19)
	at java_programs.GCD.gcd(GCD.java:19)
	at java_programs.GCD.gcd(GCD.java:19)
	at java_programs.GCD.gcd(GCD.java:19)
	at java_programs.GCD.gcd(GCD.java:19)
	at java_programs.GCD.gcd(GCD.java:19)
	at java_programs.GCD.gcd(GCD.java:19)
	at java_programs.GCD.gcd(GCD.java:19)
	at java_programs.GCD.gcd(GCD.java:19)
	at java_programs.GCD.gcd(GCD.java:19)
	at java_programs.GCD.gcd(GCD.java:19)
	at java_programs.GCD.gcd(GCD.java:19)
	at java_programs.GCD.gcd(GCD.java:19)
	at java_programs.GCD.gcd(GCD.java:19)
	at java_programs.GCD.gcd(GCD.java:19)
	at java_programs.GCD.gcd(GCD.java:19)
	at java_programs.GCD.gcd(GCD.java:19)
	at java_programs.GCD.gcd(GCD.java:19)
	at java_programs.GCD.gcd(GCD.java:19)
	at java_programs.GCD.gcd(GCD.java:19)
	at java_programs.GCD.gcd(GCD.java:19)
	at java_programs.GCD.gcd(GCD.java:19)
	at java_programs.GCD.gcd(GCD.java:19)
	at java_programs.GCD.gcd(GCD.java:19)
	at java_programs.GCD.gcd(GCD.java:19)
	at java_programs.GCD.gcd(GCD.java:19)
	at java_programs.GCD.gcd(GCD.java:19)
	at java_programs.GCD.gcd(GCD.java:19)
	at java_programs.GCD.gcd(GCD.java:19)
	at java_programs.GCD.gcd(GCD.java:19)
	at java_programs.GCD.gcd(GCD.java:19)
	at java_programs.GCD.gcd(GCD.java:19)
	at java_programs.GCD.gcd(GCD.java:19)
	at java_programs.GCD.gcd(GCD.java:19)
	at java_programs.GCD.gcd(GCD.java:19)
	at java_programs.GCD.gcd(GCD.java:19)
	at java_programs.GCD.gcd(GCD.java:19)
	at java_programs.GCD.gcd(GCD.java:19)
	at java_programs.GCD.gcd(GCD.java:19)
	at java_programs.GCD.gcd(GCD.java:19)
	at java_programs.GCD.gcd(GCD.java:19)
	at java_programs.GCD.gcd(GCD.java:19)
	at java_programs.GCD.gcd(GCD.java:19)
	at java_programs.GCD.gcd(GCD.java:19)
	at java_programs.GCD.gcd(GCD.java:19)
	at java_programs.GCD.gcd(GCD.java:19)
	at java_programs.GCD.gcd(GCD.java:19)
	at java_programs.GCD.gcd(GCD.java:19)
	at java_programs.GCD.gcd(GCD.java:19)
	at java_programs.GCD.gcd(GCD.java:19)
	at java_programs.GCD.gcd(GCD.java:19)
	at java_programs.GCD.gcd(GCD.java:19)
	at java_programs.GCD.gcd(GCD.java:19)
	at java_programs.GCD.gcd(GCD.java:19)
	at java_programs.GCD.gcd(GCD.java:19)
	at java_programs.GCD.gcd(GCD.java:19)
	at java_programs.GCD.gcd(GCD.java:19)
	at java_programs.GCD.gcd(GCD.java:19)
	at java_programs.GCD.gcd(GCD.java:19)
	at java_programs.GCD.gcd(GCD.java:19)
	at java_programs.GCD.gcd(GCD.java:19)
	at java_programs.GCD.gcd(GCD.java:19)
	at java_programs.GCD.gcd(GCD.java:19)
	at java_programs.GCD.gcd(GCD.java:19)
	at java_programs.GCD.gcd(GCD.java:19)
	at java_programs.GCD.gcd(GCD.java:19)
	at java_programs.GCD.gcd(GCD.java:19)
	at java_programs.GCD.gcd(GCD.java:19)
	at java_programs.GCD.gcd(GCD.java:19)
	at java_programs.GCD.gcd(GCD.java:19)
	at java_programs.GCD.gcd(GCD.java:19)
	at java_programs.GCD.gcd(GCD.java:19)
	at java_programs.GCD.gcd(GCD.java:19)
	at java_programs.GCD.gcd(GCD.java:19)
	at java_programs.GCD.gcd(GCD.java:19)
	at java_programs.GCD.gcd(GCD.java:19)
	at java_programs.GCD.gcd(GCD.java:19)
	at java_programs.GCD.gcd(GCD.java:19)
	at java_programs.GCD.gcd(GCD.java:19)
	at java_programs.GCD.gcd(GCD.java:19)
	at java_programs.GCD.gcd(GCD.java:19)
	at java_programs.GCD.gcd(GCD.java:19)
	at java_programs.GCD.gcd(GCD.java:19)
	at java_programs.GCD.gcd(GCD.java:19)
	at java_programs.GCD.gcd(GCD.java:19)
	at java_programs.GCD.gcd(GCD.java:19)
	at java_programs.GCD.gcd(GCD.java:19)
	at java_programs.GCD.gcd(GCD.java:19)
	at java_programs.GCD.gcd(GCD.java:19)
	at java_programs.GCD.gcd(GCD.java:19)
	at java_programs.GCD.gcd(GCD.java:19)
	at java_programs.GCD.gcd(GCD.java:19)
	at java_programs.GCD.gcd(GCD.java:19)
	at java_programs.GCD.gcd(GCD.java:19)
	at java_programs.GCD.gcd(GCD.java:19)
	at java_programs.GCD.gcd(GCD.java:19)
	at java_programs.GCD.gcd(GCD.java:19)
	at java_programs.GCD.gcd(GCD.java:19)
	at java_programs.GCD.gcd(GCD.java:19)
	at java_programs.GCD.gcd(GCD.java:19)
	at java_programs.GCD.gcd(GCD.java:19)
	at java_programs.GCD.gcd(GCD.java:19)
	at java_programs.GCD.gcd(GCD.java:19)
	at java_programs.GCD.gcd(GCD.java:19)
	at java_programs.GCD.gcd(GCD.java:19)
	at java_programs.GCD.gcd(GCD.java:19)
	at java_programs.GCD.gcd(GCD.java:19)
	at java_programs.GCD.gcd(GCD.java:19)
	at java_programs.GCD.gcd(GCD.java:19)
	at java_programs.GCD.gcd(GCD.java:19)
	at java_programs.GCD.gcd(GCD.java:19)
	at java_programs.GCD.gcd(GCD.java:19)
	at java_programs.GCD.gcd(GCD.java:19)
	at java_programs.GCD.gcd(GCD.java:19)
	at java_programs.GCD.gcd(GCD.java:19)
	at java_programs.GCD.gcd(GCD.java:19)
	at java_programs.GCD.gcd(GCD.java:19)
	at java_programs.GCD.gcd(GCD.java:19)
	at java_programs.GCD.gcd(GCD.java:19)
	at java_programs.GCD.gcd(GCD.java:19)
	at java_programs.GCD.gcd(GCD.java:19)
	at java_programs.GCD.gcd(GCD.java:19)
	at java_programs.GCD.gcd(GCD.java:19)
	at java_programs.GCD.gcd(GCD.java:19)
	at java_programs.GCD.gcd(GCD.java:19)
	at java_programs.GCD.gcd(GCD.java:19)
	at java_programs.GCD.gcd(GCD.java:19)
	at java_programs.GCD.gcd(GCD.java:19)
	at java_programs.GCD.gcd(GCD.java:19)
	at java_programs.GCD.gcd(GCD.java:19)
	at java_programs.GCD.gcd(GCD.java:19)
	at java_programs.GCD.gcd(GCD.java:19)
	at java_programs.GCD.gcd(GCD.java:19)
	at java_programs.GCD.gcd(GCD.java:19)
	at java_programs.GCD.gcd(GCD.java:19)
	at java_programs.GCD.gcd(GCD.java:19)
	at java_programs.GCD.gcd(GCD.java:19)
	at java_programs.GCD.gcd(GCD.java:19)
	at java_programs.GCD.gcd(GCD.java:19)
	at java_programs.GCD.gcd(GCD.java:19)
	at java_programs.GCD.gcd(GCD.java:19)
	at java_programs.GCD.gcd(GCD.java:19)
	at java_programs.GCD.gcd(GCD.java:19)
	at java_programs.GCD.gcd(GCD.java:19)
	at java_programs.GCD.gcd(GCD.java:19)
	at java_programs.GCD.gcd(GCD.java:19)
	at java_programs.GCD.gcd(GCD.java:19)
	at java_programs.GCD.gcd(GCD.java:19)
	at java_programs.GCD.gcd(GCD.java:19)
	at java_programs.GCD.gcd(GCD.java:19)
	at java_programs.GCD.gcd(GCD.java:19)
	at java_programs.GCD.gcd(GCD.java:19)
	at java_programs.GCD.gcd(GCD.java:19)
	at java_programs.GCD.gcd(GCD.java:19)
	at java_programs.GCD.gcd(GCD.java:19)
	at java_programs.GCD.gcd(GCD.java:19)
	at java_programs.GCD.gcd(GCD.java:19)
	at java_programs.GCD.gcd(GCD.java:19)
	at java_programs.GCD.gcd(GCD.java:19)
	at java_programs.GCD.gcd(GCD.java:19)
	at java_programs.GCD.gcd(GCD.java:19)
	at java_programs.GCD.gcd(GCD.java:19)
	at java_programs.GCD.gcd(GCD.java:19)
	at java_programs.GCD.gcd(GCD.java:19)
	at java_programs.GCD.gcd(GCD.java:19)
	at java_programs.GCD.gcd(GCD.java:19)
	at java_programs.GCD.gcd(GCD.java:19)
	at java_programs.GCD.gcd(GCD.java:19)
	at java_programs.GCD.gcd(GCD.java:19)
	at java_programs.GCD.gcd(GCD.java:19)
	at java_programs.GCD.gcd(GCD.java:19)
	at java_programs.GCD.gcd(GCD.java:19)
	at java_programs.GCD.gcd(GCD.java:19)
	at java_programs.GCD.gcd(GCD.java:19)
	at java_programs.GCD.gcd(GCD.java:19)
	at java_programs.GCD.gcd(GCD.java:19)
	at java_programs.GCD.gcd(GCD.java:19)
	at java_programs.GCD.gcd(GCD.java:19)
	at java_programs.GCD.gcd(GCD.java:19)
	at java_programs.GCD.gcd(GCD.java:19)
	at java_programs.GCD.gcd(GCD.java:19)
	at java_programs.GCD.gcd(GCD.java:19)
	at java_programs.GCD.gcd(GCD.java:19)
	at java_programs.GCD.gcd(GCD.java:19)
	at java_programs.GCD.gcd(GCD.java:19)
	at java_programs.GCD.gcd(GCD.java:19)
	at java_programs.GCD.gcd(GCD.java:19)
	at java_programs.GCD.gcd(GCD.java:19)
	at java_programs.GCD.gcd(GCD.java:19)
	at java_programs.GCD.gcd(GCD.java:19)
	at java_programs.GCD.gcd(GCD.java:19)
	at java_programs.GCD.gcd(GCD.java:19)
	at java_programs.GCD.gcd(GCD.java:19)
	at java_programs.GCD.gcd(GCD.java:19)
	at java_programs.GCD.gcd(GCD.java:19)
	at java_programs.GCD.gcd(GCD.java:19)
	at java_programs.GCD.gcd(GCD.java:19)
	at java_programs.GCD.gcd(GCD.java:19)
	at java_programs.GCD.gcd(GCD.java:19)
	at java_programs.GCD.gcd(GCD.java:19)
	at java_programs.GCD.gcd(GCD.java:19)
	at java_programs.GCD.gcd(GCD.java:19)
	at java_programs.GCD.gcd(GCD.java:19)
	at java_programs.GCD.gcd(GCD.java:19)
	at java_programs.GCD.gcd(GCD.java:19)
	at java_programs.GCD.gcd(GCD.java:19)
	at java_programs.GCD.gcd(GCD.java:19)
	at java_programs.GCD.gcd(GCD.java:19)
	at java_programs.GCD.gcd(GCD.java:19)
	at java_programs.GCD.gcd(GCD.java:19)
	at java_programs.GCD.gcd(GCD.java:19)
	at java_programs.GCD.gcd(GCD.java:19)
	at java_programs.GCD.gcd(GCD.java:19)
	at java_programs.GCD.gcd(GCD.java:19)
	at java_programs.GCD.gcd(GCD.java:19)
	at java_programs.GCD.gcd(GCD.java:19)
	at java_programs.GCD.gcd(GCD.java:19)
	at java_programs.GCD.gcd(GCD.java:19)
	at java_programs.GCD.gcd(GCD.java:19)
	at java_programs.GCD.gcd(GCD.java:19)
	at java_programs.GCD.gcd(GCD.java:19)
	at java_programs.GCD.gcd(GCD.java:19)
	at java_programs.GCD.gcd(GCD.java:19)
	at java_programs.GCD.gcd(GCD.java:19)
	at java_programs.GCD.gcd(GCD.java:19)
	at java_programs.GCD.gcd(GCD.java:19)
	at java_programs.GCD.gcd(GCD.java:19)
	at java_programs.GCD.gcd(GCD.java:19)
	at java_programs.GCD.gcd(GCD.java:19)
	at java_programs.GCD.gcd(GCD.java:19)
	at java_programs.GCD.gcd(GCD.java:19)
	at java_programs.GCD.gcd(GCD.java:19)
	at java_programs.GCD.gcd(GCD.java:19)
	at java_programs.GCD.gcd(GCD.java:19)
	at java_programs.GCD.gcd(GCD.java:19)
	at java_programs.GCD.gcd(GCD.java:19)
	at java_programs.GCD.gcd(GCD.java:19)
	at java_programs.GCD.gcd(GCD.java:19)
	at java_programs.GCD.gcd(GCD.java:19)
	at java_programs.GCD.gcd(GCD.java:19)
	at java_programs.GCD.gcd(GCD.java:19)
	at java_programs.GCD.gcd(GCD.java:19)
	at java_programs.GCD.gcd(GCD.java:19)
	at java_programs.GCD.gcd(GCD.java:19)
	at java_programs.GCD.gcd(GCD.java:19)
	at java_programs.GCD.gcd(GCD.java:19)
	at java_programs.GCD.gcd(GCD.java:19)
	at java_programs.GCD.gcd(GCD.java:19)
	at java_programs.GCD.gcd(GCD.java:19)
	at java_programs.GCD.gcd(GCD.java:19)
	at java_programs.GCD.gcd(GCD.java:19)
	at java_programs.GCD.gcd(GCD.java:19)
	at java_programs.GCD.gcd(GCD.java:19)
	at java_programs.GCD.gcd(GCD.java:19)
	at java_programs.GCD.gcd(GCD.java:19)
	at java_programs.GCD.gcd(GCD.java:19)
	at java_programs.GCD.gcd(GCD.java:19)
	at java_programs.GCD.gcd(GCD.java:19)
	at java_programs.GCD.gcd(GCD.java:19)
	at java_programs.GCD.gcd(GCD.java:19)
	at java_programs.GCD.gcd(GCD.java:19)
	at java_programs.GCD.gcd(GCD.java:19)
	at java_programs.GCD.gcd(GCD.java:19)
	at java_programs.GCD.gcd(GCD.java:19)
	at java_programs.GCD.gcd(GCD.java:19)
	at java_programs.GCD.gcd(GCD.java:19)
	at java_programs.GCD.gcd(GCD.java:19)
	at java_programs.GCD.gcd(GCD.java:19)
	at java_programs.GCD.gcd(GCD.java:19)
	at java_programs.GCD.gcd(GCD.java:19)
	at java_programs.GCD.gcd(GCD.java:19)
	at java_programs.GCD.gcd(GCD.java:19)
	at java_programs.GCD.gcd(GCD.java:19)
	at java_programs.GCD.gcd(GCD.java:19)
	at java_programs.GCD.gcd(GCD.java:19)
	at java_programs.GCD.gcd(GCD.java:19)
	at java_programs.GCD.gcd(GCD.java:19)
	at java_programs.GCD.gcd(GCD.java:19)
	at java_programs.GCD.gcd(GCD.java:19)
	at java_programs.GCD.gcd(GCD.java:19)
	at java_programs.GCD.gcd(GCD.java:19)
	at java_programs.GCD.gcd(GCD.java:19)
	at java_programs.GCD.gcd(GCD.java:19)
	at java_programs.GCD.gcd(GCD.java:19)
	at java_programs.GCD.gcd(GCD.java:19)
	at java_programs.GCD.gcd(GCD.java:19)
	at java_programs.GCD.gcd(GCD.java:19)
	at java_programs.GCD.gcd(GCD.java:19)
	at java_programs.GCD.gcd(GCD.java:19)
	at java_programs.GCD.gcd(GCD.java:19)
	at java_programs.GCD.gcd(GCD.java:19)
	at java_programs.GCD.gcd(GCD.java:19)
	at java_programs.GCD.gcd(GCD.java:19)
	at java_programs.GCD.gcd(GCD.java:19)
	at java_programs.GCD.gcd(GCD.java:19)
	at java_programs.GCD.gcd(GCD.java:19)
	at java_programs.GCD.gcd(GCD.java:19)
	at java_programs.GCD.gcd(GCD.java:19)
	at java_programs.GCD.gcd(GCD.java:19)
	at java_programs.GCD.gcd(GCD.java:19)
	at java_programs.GCD.gcd(GCD.java:19)
	at java_programs.GCD.gcd(GCD.java:19)
	at java_programs.GCD.gcd(GCD.java:19)
	at java_programs.GCD.gcd(GCD.java:19)
	at java_programs.GCD.gcd(GCD.java:19)
	at java_programs.GCD.gcd(GCD.java:19)
	at java_programs.GCD.gcd(GCD.java:19)
	at java_programs.GCD.gcd(GCD.java:19)
	at java_programs.GCD.gcd(GCD.java:19)
	at java_programs.GCD.gcd(GCD.java:19)
	at java_programs.GCD.gcd(GCD.java:19)
	at java_programs.GCD.gcd(GCD.java:19)
	at java_programs.GCD.gcd(GCD.java:19)
	at java_programs.GCD.gcd(GCD.java:19)
	at java_programs.GCD.gcd(GCD.java:19)
	at java_programs.GCD.gcd(GCD.java:19)
	at java_programs.GCD.gcd(GCD.java:19)
	at java_programs.GCD.gcd(GCD.java:19)
	at java_programs.GCD.gcd(GCD.java:19)
	at java_programs.GCD.gcd(GCD.java:19)
	at java_programs.GCD.gcd(GCD.java:19)
	at java_programs.GCD.gcd(GCD.java:19)
	at java_programs.GCD.gcd(GCD.java:19)
	at java_programs.GCD.gcd(GCD.java:19)
	at java_programs.GCD.gcd(GCD.java:19)
	at java_programs.GCD.gcd(GCD.java:19)
	at java_programs.GCD.gcd(GCD.java:19)
	at java_programs.GCD.gcd(GCD.java:19)
	at java_programs.GCD.gcd(GCD.java:19)
	at java_programs.GCD.gcd(GCD.java:19)
	at java_programs.GCD.gcd(GCD.java:19)
	at java_programs.GCD.gcd(GCD.java:19)
	at java_programs.GCD.gcd(GCD.java:19)
	at java_programs.GCD.gcd(GCD.java:19)
	at java_programs.GCD.gcd(GCD.java:19)
	at java_programs.GCD.gcd(GCD.java:19)
	at java_programs.GCD.gcd(GCD.java:19)
	at java_programs.GCD.gcd(GCD.java:19)
	at java_programs.GCD.gcd(GCD.java:19)
	at java_programs.GCD.gcd(GCD.java:19)
	at java_programs.GCD.gcd(GCD.java:19)
	at java_programs.GCD.gcd(GCD.java:19)
	at java_programs.GCD.gcd(GCD.java:19)
	at java_programs.GCD.gcd(GCD.java:19)
	at java_programs.GCD.gcd(GCD.java:19)
	at java_programs.GCD.gcd(GCD.java:19)
	at java_programs.GCD.gcd(GCD.java:19)
	at java_programs.GCD.gcd(GCD.java:19)
	at java_programs.GCD.gcd(GCD.java:19)
	at java_programs.GCD.gcd(GCD.java:19)
	at java_programs.GCD.gcd(GCD.java:19)
	at java_programs.GCD.gcd(GCD.java:19)
	at java_programs.GCD.gcd(GCD.java:19)
	at java_programs.GCD.gcd(GCD.java:19)
	at java_programs.GCD.gcd(GCD.java:19)
	at java_programs.GCD.gcd(GCD.java:19)
	at java_programs.GCD.gcd(GCD.java:19)
	at java_programs.GCD.gcd(GCD.java:19)
	at java_programs.GCD.gcd(GCD.java:19)
	at java_programs.GCD.gcd(GCD.java:19)
	at java_programs.GCD.gcd(GCD.java:19)
	at java_programs.GCD.gcd(GCD.java:19)
	at java_programs.GCD.gcd(GCD.java:19)
	at java_programs.GCD.gcd(GCD.java:19)
	at java_programs.GCD.gcd(GCD.java:19)
	at java_programs.GCD.gcd(GCD.java:19)
	at java_programs.GCD.gcd(GCD.java:19)
	at java_programs.GCD.gcd(GCD.java:19)
	at java_programs.GCD.gcd(GCD.java:19)
	at java_programs.GCD.gcd(GCD.java:19)
	at java_programs.GCD.gcd(GCD.java:19)
	at java_programs.GCD.gcd(GCD.java:19)
	at java_programs.GCD.gcd(GCD.java:19)
	at java_programs.GCD.gcd(GCD.java:19)
	at java_programs.GCD.gcd(GCD.java:19)
	at java_programs.GCD.gcd(GCD.java:19)
	at java_programs.GCD.gcd(GCD.java:19)
	at java_programs.GCD.gcd(GCD.java:19)
	at java_programs.GCD.gcd(GCD.java:19)
	at java_programs.GCD.gcd(GCD.java:19)
	at java_programs.GCD.gcd(GCD.java:19)
	at java_programs.GCD.gcd(GCD.java:19)
	at java_programs.GCD.gcd(GCD.java:19)
	at java_programs.GCD.gcd(GCD.java:19)
	at java_programs.GCD.gcd(GCD.java:19)
	at java_programs.GCD.gcd(GCD.java:19)
	at java_programs.GCD.gcd(GCD.java:19)
	at java_programs.GCD.gcd(GCD.java:19)
	at java_programs.GCD.gcd(GCD.java:19)
	at java_programs.GCD.gcd(GCD.java:19)
	at java_programs.GCD.gcd(GCD.java:19)
	at java_programs.GCD.gcd(GCD.java:19)
	at java_programs.GCD.gcd(GCD.java:19)
	at java_programs.GCD.gcd(GCD.java:19)
	at java_programs.GCD.gcd(GCD.java:19)
	at java_programs.GCD.gcd(GCD.java:19)
	at java_programs.GCD.gcd(GCD.java:19)
	at java_programs.GCD.gcd(GCD.java:19)
	at java_programs.GCD.gcd(GCD.java:19)
	at java_programs.GCD.gcd(GCD.java:19)
	at java_programs.GCD.gcd(GCD.java:19)
	at java_programs.GCD.gcd(GCD.java:19)
	at java_programs.GCD.gcd(GCD.java:19)
	at java_programs.GCD.gcd(GCD.java:19)
	at java_programs.GCD.gcd(GCD.java:19)
	at java_programs.GCD.gcd(GCD.java:19)
	at java_programs.GCD.gcd(GCD.java:19)
	at java_programs.GCD.gcd(GCD.java:19)
	at java_programs.GCD.gcd(GCD.java:19)
	at java_programs.GCD.gcd(GCD.java:19)
	at java_programs.GCD.gcd(GCD.java:19)
	at java_programs.GCD.gcd(GCD.java:19)
	at java_programs.GCD.gcd(GCD.java:19)
	at java_programs.GCD.gcd(GCD.java:19)
	at java_programs.GCD.gcd(GCD.java:19)
	at java_programs.GCD.gcd(GCD.java:19)
	at java_programs.GCD.gcd(GCD.java:19)
	at java_programs.GCD.gcd(GCD.java:19)
	at java_programs.GCD.gcd(GCD.java:19)
	at java_programs.GCD.gcd(GCD.java:19)
	at java_programs.GCD.gcd(GCD.java:19)
	at java_programs.GCD.gcd(GCD.java:19)
	at java_programs.GCD.gcd(GCD.java:19)
	at java_programs.GCD.gcd(GCD.java:19)
	at java_programs.GCD.gcd(GCD.java:19)
	at java_programs.GCD.gcd(GCD.java:19)
	at java_programs.GCD.gcd(GCD.java:19)
	at java_programs.GCD.gcd(GCD.java:19)
	at java_programs.GCD.gcd(GCD.java:19)
	at java_programs.GCD.gcd(GCD.java:19)
	at java_programs.GCD.gcd(GCD.java:19)
	at java_programs.GCD.gcd(GCD.java:19)
	at java_programs.GCD.gcd(GCD.java:19)
	at java_programs.GCD.gcd(GCD.java:19)
	at java_programs.GCD.gcd(GCD.java:19)
	at java_programs.GCD.gcd(GCD.java:19)
	at java_programs.GCD.gcd(GCD.java:19)
	at java_programs.GCD.gcd(GCD.java:19)
	at java_programs.GCD.gcd(GCD.java:19)
	at java_programs.GCD.gcd(GCD.java:19)
	at java_programs.GCD.gcd(GCD.java:19)
	at java_programs.GCD.gcd(GCD.java:19)
	at java_programs.GCD.gcd(GCD.java:19)
	at java_programs.GCD.gcd(GCD.java:19)
	at java_programs.GCD.gcd(GCD.java:19)
	at java_programs.GCD.gcd(GCD.java:19)
	at java_programs.GCD.gcd(GCD.java:19)
	at java_programs.GCD.gcd(GCD.java:19)
	at java_programs.GCD.gcd(GCD.java:19)
	at java_programs.GCD.gcd(GCD.java:19)
	at java_programs.GCD.gcd(GCD.java:19)
	at java_programs.GCD.gcd(GCD.java:19)
	at java_programs.GCD.gcd(GCD.java:19)
	at java_programs.GCD.gcd(GCD.java:19)
	at java_programs.GCD.gcd(GCD.java:19)
	at java_programs.GCD.gcd(GCD.java:19)
	at java_programs.GCD.gcd(GCD.java:19)
	at java_programs.GCD.gcd(GCD.java:19)
	at java_programs.GCD.gcd(GCD.java:19)
	at java_programs.GCD.gcd(GCD.java:19)
	at java_programs.GCD.gcd(GCD.java:19)
	at java_programs.GCD.gcd(GCD.java:19)
	at java_programs.GCD.gcd(GCD.java:19)
	at java_programs.GCD.gcd(GCD.java:19)
	at java_programs.GCD.gcd(GCD.java:19)
	at java_programs.GCD.gcd(GCD.java:19)
</failure>
  </testcase>
  <testcase name="test_1" classname="java_testcases.junit.GCD_TEST" time="0.167">
    <failure message="java.lang.StackOverflowError" type="java.lang.StackOverflowError">java.lang.StackOverflowError
	at java_programs.GCD.gcd(GCD.java:19)
	at java_programs.GCD.gcd(GCD.java:19)
	at java_programs.GCD.gcd(GCD.java:19)
	at java_programs.GCD.gcd(GCD.java:19)
	at java_programs.GCD.gcd(GCD.java:19)
	at java_programs.GCD.gcd(GCD.java:19)
	at java_programs.GCD.gcd(GCD.java:19)
	at java_programs.GCD.gcd(GCD.java:19)
	at java_programs.GCD.gcd(GCD.java:19)
	at java_programs.GCD.gcd(GCD.java:19)
	at java_programs.GCD.gcd(GCD.java:19)
	at java_programs.GCD.gcd(GCD.java:19)
	at java_programs.GCD.gcd(GCD.java:19)
	at java_programs.GCD.gcd(GCD.java:19)
	at java_programs.GCD.gcd(GCD.java:19)
	at java_programs.GCD.gcd(GCD.java:19)
	at java_programs.GCD.gcd(GCD.java:19)
	at java_programs.GCD.gcd(GCD.java:19)
	at java_programs.GCD.gcd(GCD.java:19)
	at java_programs.GCD.gcd(GCD.java:19)
	at java_programs.GCD.gcd(GCD.java:19)
	at java_programs.GCD.gcd(GCD.java:19)
	at java_programs.GCD.gcd(GCD.java:19)
	at java_programs.GCD.gcd(GCD.java:19)
	at java_programs.GCD.gcd(GCD.java:19)
	at java_programs.GCD.gcd(GCD.java:19)
	at java_programs.GCD.gcd(GCD.java:19)
	at java_programs.GCD.gcd(GCD.java:19)
	at java_programs.GCD.gcd(GCD.java:19)
	at java_programs.GCD.gcd(GCD.java:19)
	at java_programs.GCD.gcd(GCD.java:19)
	at java_programs.GCD.gcd(GCD.java:19)
	at java_programs.GCD.gcd(GCD.java:19)
	at java_programs.GCD.gcd(GCD.java:19)
	at java_programs.GCD.gcd(GCD.java:19)
	at java_programs.GCD.gcd(GCD.java:19)
	at java_programs.GCD.gcd(GCD.java:19)
	at java_programs.GCD.gcd(GCD.java:19)
	at java_programs.GCD.gcd(GCD.java:19)
	at java_programs.GCD.gcd(GCD.java:19)
	at java_programs.GCD.gcd(GCD.java:19)
	at java_programs.GCD.gcd(GCD.java:19)
	at java_programs.GCD.gcd(GCD.java:19)
	at java_programs.GCD.gcd(GCD.java:19)
	at java_programs.GCD.gcd(GCD.java:19)
	at java_programs.GCD.gcd(GCD.java:19)
	at java_programs.GCD.gcd(GCD.java:19)
	at java_programs.GCD.gcd(GCD.java:19)
	at java_programs.GCD.gcd(GCD.java:19)
	at java_programs.GCD.gcd(GCD.java:19)
	at java_programs.GCD.gcd(GCD.java:19)
	at java_programs.GCD.gcd(GCD.java:19)
	at java_programs.GCD.gcd(GCD.java:19)
	at java_programs.GCD.gcd(GCD.java:19)
	at java_programs.GCD.gcd(GCD.java:19)
	at java_programs.GCD.gcd(GCD.java:19)
	at java_programs.GCD.gcd(GCD.java:19)
	at java_programs.GCD.gcd(GCD.java:19)
	at java_programs.GCD.gcd(GCD.java:19)
	at java_programs.GCD.gcd(GCD.java:19)
	at java_programs.GCD.gcd(GCD.java:19)
	at java_programs.GCD.gcd(GCD.java:19)
	at java_programs.GCD.gcd(GCD.java:19)
	at java_programs.GCD.gcd(GCD.java:19)
	at java_programs.GCD.gcd(GCD.java:19)
	at java_programs.GCD.gcd(GCD.java:19)
	at java_programs.GCD.gcd(GCD.java:19)
	at java_programs.GCD.gcd(GCD.java:19)
	at java_programs.GCD.gcd(GCD.java:19)
	at java_programs.GCD.gcd(GCD.java:19)
	at java_programs.GCD.gcd(GCD.java:19)
	at java_programs.GCD.gcd(GCD.java:19)
	at java_programs.GCD.gcd(GCD.java:19)
	at java_programs.GCD.gcd(GCD.java:19)
	at java_programs.GCD.gcd(GCD.java:19)
	at java_programs.GCD.gcd(GCD.java:19)
	at java_programs.GCD.gcd(GCD.java:19)
	at java_programs.GCD.gcd(GCD.java:19)
	at java_programs.GCD.gcd(GCD.java:19)
	at java_programs.GCD.gcd(GCD.java:19)
	at java_programs.GCD.gcd(GCD.java:19)
	at java_programs.GCD.gcd(GCD.java:19)
	at java_programs.GCD.gcd(GCD.java:19)
	at java_programs.GCD.gcd(GCD.java:19)
	at java_programs.GCD.gcd(GCD.java:19)
	at java_programs.GCD.gcd(GCD.java:19)
	at java_programs.GCD.gcd(GCD.java:19)
	at java_programs.GCD.gcd(GCD.java:19)
	at java_programs.GCD.gcd(GCD.java:19)
	at java_programs.GCD.gcd(GCD.java:19)
	at java_programs.GCD.gcd(GCD.java:19)
	at java_programs.GCD.gcd(GCD.java:19)
	at java_programs.GCD.gcd(GCD.java:19)
	at java_programs.GCD.gcd(GCD.java:19)
	at java_programs.GCD.gcd(GCD.java:19)
	at java_programs.GCD.gcd(GCD.java:19)
	at java_programs.GCD.gcd(GCD.java:19)
	at java_programs.GCD.gcd(GCD.java:19)
	at java_programs.GCD.gcd(GCD.java:19)
	at java_programs.GCD.gcd(GCD.java:19)
	at java_programs.GCD.gcd(GCD.java:19)
	at java_programs.GCD.gcd(GCD.java:19)
	at java_programs.GCD.gcd(GCD.java:19)
	at java_programs.GCD.gcd(GCD.java:19)
	at java_programs.GCD.gcd(GCD.java:19)
	at java_programs.GCD.gcd(GCD.java:19)
	at java_programs.GCD.gcd(GCD.java:19)
	at java_programs.GCD.gcd(GCD.java:19)
	at java_programs.GCD.gcd(GCD.java:19)
	at java_programs.GCD.gcd(GCD.java:19)
	at java_programs.GCD.gcd(GCD.java:19)
	at java_programs.GCD.gcd(GCD.java:19)
	at java_programs.GCD.gcd(GCD.java:19)
	at java_programs.GCD.gcd(GCD.java:19)
	at java_programs.GCD.gcd(GCD.java:19)
	at java_programs.GCD.gcd(GCD.java:19)
	at java_programs.GCD.gcd(GCD.java:19)
	at java_programs.GCD.gcd(GCD.java:19)
	at java_programs.GCD.gcd(GCD.java:19)
	at java_programs.GCD.gcd(GCD.java:19)
	at java_programs.GCD.gcd(GCD.java:19)
	at java_programs.GCD.gcd(GCD.java:19)
	at java_programs.GCD.gcd(GCD.java:19)
	at java_programs.GCD.gcd(GCD.java:19)
	at java_programs.GCD.gcd(GCD.java:19)
	at java_programs.GCD.gcd(GCD.java:19)
	at java_programs.GCD.gcd(GCD.java:19)
	at java_programs.GCD.gcd(GCD.java:19)
	at java_programs.GCD.gcd(GCD.java:19)
	at java_programs.GCD.gcd(GCD.java:19)
	at java_programs.GCD.gcd(GCD.java:19)
	at java_programs.GCD.gcd(GCD.java:19)
	at java_programs.GCD.gcd(GCD.java:19)
	at java_programs.GCD.gcd(GCD.java:19)
	at java_programs.GCD.gcd(GCD.java:19)
	at java_programs.GCD.gcd(GCD.java:19)
	at java_programs.GCD.gcd(GCD.java:19)
	at java_programs.GCD.gcd(GCD.java:19)
	at java_programs.GCD.gcd(GCD.java:19)
	at java_programs.GCD.gcd(GCD.java:19)
	at java_programs.GCD.gcd(GCD.java:19)
	at java_programs.GCD.gcd(GCD.java:19)
	at java_programs.GCD.gcd(GCD.java:19)
	at java_programs.GCD.gcd(GCD.java:19)
	at java_programs.GCD.gcd(GCD.java:19)
	at java_programs.GCD.gcd(GCD.java:19)
	at java_programs.GCD.gcd(GCD.java:19)
	at java_programs.GCD.gcd(GCD.java:19)
	at java_programs.GCD.gcd(GCD.java:19)
	at java_programs.GCD.gcd(GCD.java:19)
	at java_programs.GCD.gcd(GCD.java:19)
	at java_programs.GCD.gcd(GCD.java:19)
	at java_programs.GCD.gcd(GCD.java:19)
	at java_programs.GCD.gcd(GCD.java:19)
	at java_programs.GCD.gcd(GCD.java:19)
	at java_programs.GCD.gcd(GCD.java:19)
	at java_programs.GCD.gcd(GCD.java:19)
	at java_programs.GCD.gcd(GCD.java:19)
	at java_programs.GCD.gcd(GCD.java:19)
	at java_programs.GCD.gcd(GCD.java:19)
	at java_programs.GCD.gcd(GCD.java:19)
	at java_programs.GCD.gcd(GCD.java:19)
	at java_programs.GCD.gcd(GCD.java:19)
	at java_programs.GCD.gcd(GCD.java:19)
	at java_programs.GCD.gcd(GCD.java:19)
	at java_programs.GCD.gcd(GCD.java:19)
	at java_programs.GCD.gcd(GCD.java:19)
	at java_programs.GCD.gcd(GCD.java:19)
	at java_programs.GCD.gcd(GCD.java:19)
	at java_programs.GCD.gcd(GCD.java:19)
	at java_programs.GCD.gcd(GCD.java:19)
	at java_programs.GCD.gcd(GCD.java:19)
	at java_programs.GCD.gcd(GCD.java:19)
	at java_programs.GCD.gcd(GCD.java:19)
	at java_programs.GCD.gcd(GCD.java:19)
	at java_programs.GCD.gcd(GCD.java:19)
	at java_programs.GCD.gcd(GCD.java:19)
	at java_programs.GCD.gcd(GCD.java:19)
	at java_programs.GCD.gcd(GCD.java:19)
	at java_programs.GCD.gcd(GCD.java:19)
	at java_programs.GCD.gcd(GCD.java:19)
	at java_programs.GCD.gcd(GCD.java:19)
	at java_programs.GCD.gcd(GCD.java:19)
	at java_programs.GCD.gcd(GCD.java:19)
	at java_programs.GCD.gcd(GCD.java:19)
	at java_programs.GCD.gcd(GCD.java:19)
	at java_programs.GCD.gcd(GCD.java:19)
	at java_programs.GCD.gcd(GCD.java:19)
	at java_programs.GCD.gcd(GCD.java:19)
	at java_programs.GCD.gcd(GCD.java:19)
	at java_programs.GCD.gcd(GCD.java:19)
	at java_programs.GCD.gcd(GCD.java:19)
	at java_programs.GCD.gcd(GCD.java:19)
	at java_programs.GCD.gcd(GCD.java:19)
	at java_programs.GCD.gcd(GCD.java:19)
	at java_programs.GCD.gcd(GCD.java:19)
	at java_programs.GCD.gcd(GCD.java:19)
	at java_programs.GCD.gcd(GCD.java:19)
	at java_programs.GCD.gcd(GCD.java:19)
	at java_programs.GCD.gcd(GCD.java:19)
	at java_programs.GCD.gcd(GCD.java:19)
	at java_programs.GCD.gcd(GCD.java:19)
	at java_programs.GCD.gcd(GCD.java:19)
	at java_programs.GCD.gcd(GCD.java:19)
	at java_programs.GCD.gcd(GCD.java:19)
	at java_programs.GCD.gcd(GCD.java:19)
	at java_programs.GCD.gcd(GCD.java:19)
	at java_programs.GCD.gcd(GCD.java:19)
	at java_programs.GCD.gcd(GCD.java:19)
	at java_programs.GCD.gcd(GCD.java:19)
	at java_programs.GCD.gcd(GCD.java:19)
	at java_programs.GCD.gcd(GCD.java:19)
	at java_programs.GCD.gcd(GCD.java:19)
	at java_programs.GCD.gcd(GCD.java:19)
	at java_programs.GCD.gcd(GCD.java:19)
	at java_programs.GCD.gcd(GCD.java:19)
	at java_programs.GCD.gcd(GCD.java:19)
	at java_programs.GCD.gcd(GCD.java:19)
	at java_programs.GCD.gcd(GCD.java:19)
	at java_programs.GCD.gcd(GCD.java:19)
	at java_programs.GCD.gcd(GCD.java:19)
	at java_programs.GCD.gcd(GCD.java:19)
	at java_programs.GCD.gcd(GCD.java:19)
	at java_programs.GCD.gcd(GCD.java:19)
	at java_programs.GCD.gcd(GCD.java:19)
	at java_programs.GCD.gcd(GCD.java:19)
	at java_programs.GCD.gcd(GCD.java:19)
	at java_programs.GCD.gcd(GCD.java:19)
	at java_programs.GCD.gcd(GCD.java:19)
	at java_programs.GCD.gcd(GCD.java:19)
	at java_programs.GCD.gcd(GCD.java:19)
	at java_programs.GCD.gcd(GCD.java:19)
	at java_programs.GCD.gcd(GCD.java:19)
	at java_programs.GCD.gcd(GCD.java:19)
	at java_programs.GCD.gcd(GCD.java:19)
	at java_programs.GCD.gcd(GCD.java:19)
	at java_programs.GCD.gcd(GCD.java:19)
	at java_programs.GCD.gcd(GCD.java:19)
	at java_programs.GCD.gcd(GCD.java:19)
	at java_programs.GCD.gcd(GCD.java:19)
	at java_programs.GCD.gcd(GCD.java:19)
	at java_programs.GCD.gcd(GCD.java:19)
	at java_programs.GCD.gcd(GCD.java:19)
	at java_programs.GCD.gcd(GCD.java:19)
	at java_programs.GCD.gcd(GCD.java:19)
	at java_programs.GCD.gcd(GCD.java:19)
	at java_programs.GCD.gcd(GCD.java:19)
	at java_programs.GCD.gcd(GCD.java:19)
	at java_programs.GCD.gcd(GCD.java:19)
	at java_programs.GCD.gcd(GCD.java:19)
	at java_programs.GCD.gcd(GCD.java:19)
	at java_programs.GCD.gcd(GCD.java:19)
	at java_programs.GCD.gcd(GCD.java:19)
	at java_programs.GCD.gcd(GCD.java:19)
	at java_programs.GCD.gcd(GCD.java:19)
	at java_programs.GCD.gcd(GCD.java:19)
	at java_programs.GCD.gcd(GCD.java:19)
	at java_programs.GCD.gcd(GCD.java:19)
	at java_programs.GCD.gcd(GCD.java:19)
	at java_programs.GCD.gcd(GCD.java:19)
	at java_programs.GCD.gcd(GCD.java:19)
	at java_programs.GCD.gcd(GCD.java:19)
	at java_programs.GCD.gcd(GCD.java:19)
	at java_programs.GCD.gcd(GCD.java:19)
	at java_programs.GCD.gcd(GCD.java:19)
	at java_programs.GCD.gcd(GCD.java:19)
	at java_programs.GCD.gcd(GCD.java:19)
	at java_programs.GCD.gcd(GCD.java:19)
	at java_programs.GCD.gcd(GCD.java:19)
	at java_programs.GCD.gcd(GCD.java:19)
	at java_programs.GCD.gcd(GCD.java:19)
	at java_programs.GCD.gcd(GCD.java:19)
	at java_programs.GCD.gcd(GCD.java:19)
	at java_programs.GCD.gcd(GCD.java:19)
	at java_programs.GCD.gcd(GCD.java:19)
	at java_programs.GCD.gcd(GCD.java:19)
	at java_programs.GCD.gcd(GCD.java:19)
	at java_programs.GCD.gcd(GCD.java:19)
	at java_programs.GCD.gcd(GCD.java:19)
	at java_programs.GCD.gcd(GCD.java:19)
	at java_programs.GCD.gcd(GCD.java:19)
	at java_programs.GCD.gcd(GCD.java:19)
	at java_programs.GCD.gcd(GCD.java:19)
	at java_programs.GCD.gcd(GCD.java:19)
	at java_programs.GCD.gcd(GCD.java:19)
	at java_programs.GCD.gcd(GCD.java:19)
	at java_programs.GCD.gcd(GCD.java:19)
	at java_programs.GCD.gcd(GCD.java:19)
	at java_programs.GCD.gcd(GCD.java:19)
	at java_programs.GCD.gcd(GCD.java:19)
	at java_programs.GCD.gcd(GCD.java:19)
	at java_programs.GCD.gcd(GCD.java:19)
	at java_programs.GCD.gcd(GCD.java:19)
	at java_programs.GCD.gcd(GCD.java:19)
	at java_programs.GCD.gcd(GCD.java:19)
	at java_programs.GCD.gcd(GCD.java:19)
	at java_programs.GCD.gcd(GCD.java:19)
	at java_programs.GCD.gcd(GCD.java:19)
	at java_programs.GCD.gcd(GCD.java:19)
	at java_programs.GCD.gcd(GCD.java:19)
	at java_programs.GCD.gcd(GCD.java:19)
	at java_programs.GCD.gcd(GCD.java:19)
	at java_programs.GCD.gcd(GCD.java:19)
	at java_programs.GCD.gcd(GCD.java:19)
	at java_programs.GCD.gcd(GCD.java:19)
	at java_programs.GCD.gcd(GCD.java:19)
	at java_programs.GCD.gcd(GCD.java:19)
	at java_programs.GCD.gcd(GCD.java:19)
	at java_programs.GCD.gcd(GCD.java:19)
	at java_programs.GCD.gcd(GCD.java:19)
	at java_programs.GCD.gcd(GCD.java:19)
	at java_programs.GCD.gcd(GCD.java:19)
	at java_programs.GCD.gcd(GCD.java:19)
	at java_programs.GCD.gcd(GCD.java:19)
	at java_programs.GCD.gcd(GCD.java:19)
	at java_programs.GCD.gcd(GCD.java:19)
	at java_programs.GCD.gcd(GCD.java:19)
	at java_programs.GCD.gcd(GCD.java:19)
	at java_programs.GCD.gcd(GCD.java:19)
	at java_programs.GCD.gcd(GCD.java:19)
	at java_programs.GCD.gcd(GCD.java:19)
	at java_programs.GCD.gcd(GCD.java:19)
	at java_programs.GCD.gcd(GCD.java:19)
	at java_programs.GCD.gcd(GCD.java:19)
	at java_programs.GCD.gcd(GCD.java:19)
	at java_programs.GCD.gcd(GCD.java:19)
	at java_programs.GCD.gcd(GCD.java:19)
	at java_programs.GCD.gcd(GCD.java:19)
	at java_programs.GCD.gcd(GCD.java:19)
	at java_programs.GCD.gcd(GCD.java:19)
	at java_programs.GCD.gcd(GCD.java:19)
	at java_programs.GCD.gcd(GCD.java:19)
	at java_programs.GCD.gcd(GCD.java:19)
	at java_programs.GCD.gcd(GCD.java:19)
	at java_programs.GCD.gcd(GCD.java:19)
	at java_programs.GCD.gcd(GCD.java:19)
	at java_programs.GCD.gcd(GCD.java:19)
	at java_programs.GCD.gcd(GCD.java:19)
	at java_programs.GCD.gcd(GCD.java:19)
	at java_programs.GCD.gcd(GCD.java:19)
	at java_programs.GCD.gcd(GCD.java:19)
	at java_programs.GCD.gcd(GCD.java:19)
	at java_programs.GCD.gcd(GCD.java:19)
	at java_programs.GCD.gcd(GCD.java:19)
	at java_programs.GCD.gcd(GCD.java:19)
	at java_programs.GCD.gcd(GCD.java:19)
	at java_programs.GCD.gcd(GCD.java:19)
	at java_programs.GCD.gcd(GCD.java:19)
	at java_programs.GCD.gcd(GCD.java:19)
	at java_programs.GCD.gcd(GCD.java:19)
	at java_programs.GCD.gcd(GCD.java:19)
	at java_programs.GCD.gcd(GCD.java:19)
	at java_programs.GCD.gcd(GCD.java:19)
	at java_programs.GCD.gcd(GCD.java:19)
	at java_programs.GCD.gcd(GCD.java:19)
	at java_programs.GCD.gcd(GCD.java:19)
	at java_programs.GCD.gcd(GCD.java:19)
	at java_programs.GCD.gcd(GCD.java:19)
	at java_programs.GCD.gcd(GCD.java:19)
	at java_programs.GCD.gcd(GCD.java:19)
	at java_programs.GCD.gcd(GCD.java:19)
	at java_programs.GCD.gcd(GCD.java:19)
	at java_programs.GCD.gcd(GCD.java:19)
	at java_programs.GCD.gcd(GCD.java:19)
	at java_programs.GCD.gcd(GCD.java:19)
	at java_programs.GCD.gcd(GCD.java:19)
	at java_programs.GCD.gcd(GCD.java:19)
	at java_programs.GCD.gcd(GCD.java:19)
	at java_programs.GCD.gcd(GCD.java:19)
	at java_programs.GCD.gcd(GCD.java:19)
	at java_programs.GCD.gcd(GCD.java:19)
	at java_programs.GCD.gcd(GCD.java:19)
	at java_programs.GCD.gcd(GCD.java:19)
	at java_programs.GCD.gcd(GCD.java:19)
	at java_programs.GCD.gcd(GCD.java:19)
	at java_programs.GCD.gcd(GCD.java:19)
	at java_programs.GCD.gcd(GCD.java:19)
	at java_programs.GCD.gcd(GCD.java:19)
	at java_programs.GCD.gcd(GCD.java:19)
	at java_programs.GCD.gcd(GCD.java:19)
	at java_programs.GCD.gcd(GCD.java:19)
	at java_programs.GCD.gcd(GCD.java:19)
	at java_programs.GCD.gcd(GCD.java:19)
	at java_programs.GCD.gcd(GCD.java:19)
	at java_programs.GCD.gcd(GCD.java:19)
	at java_programs.GCD.gcd(GCD.java:19)
	at java_programs.GCD.gcd(GCD.java:19)
	at java_programs.GCD.gcd(GCD.java:19)
	at java_programs.GCD.gcd(GCD.java:19)
	at java_programs.GCD.gcd(GCD.java:19)
	at java_programs.GCD.gcd(GCD.java:19)
	at java_programs.GCD.gcd(GCD.java:19)
	at java_programs.GCD.gcd(GCD.java:19)
	at java_programs.GCD.gcd(GCD.java:19)
	at java_programs.GCD.gcd(GCD.java:19)
	at java_programs.GCD.gcd(GCD.java:19)
	at java_programs.GCD.gcd(GCD.java:19)
	at java_programs.GCD.gcd(GCD.java:19)
	at java_programs.GCD.gcd(GCD.java:19)
	at java_programs.GCD.gcd(GCD.java:19)
	at java_programs.GCD.gcd(GCD.java:19)
	at java_programs.GCD.gcd(GCD.java:19)
	at java_programs.GCD.gcd(GCD.java:19)
	at java_programs.GCD.gcd(GCD.java:19)
	at java_programs.GCD.gcd(GCD.java:19)
	at java_programs.GCD.gcd(GCD.java:19)
	at java_programs.GCD.gcd(GCD.java:19)
	at java_programs.GCD.gcd(GCD.java:19)
	at java_programs.GCD.gcd(GCD.java:19)
	at java_programs.GCD.gcd(GCD.java:19)
	at java_programs.GCD.gcd(GCD.java:19)
	at java_programs.GCD.gcd(GCD.java:19)
	at java_programs.GCD.gcd(GCD.java:19)
	at java_programs.GCD.gcd(GCD.java:19)
	at java_programs.GCD.gcd(GCD.java:19)
	at java_programs.GCD.gcd(GCD.java:19)
	at java_programs.GCD.gcd(GCD.java:19)
	at java_programs.GCD.gcd(GCD.java:19)
	at java_programs.GCD.gcd(GCD.java:19)
	at java_programs.GCD.gcd(GCD.java:19)
	at java_programs.GCD.gcd(GCD.java:19)
	at java_programs.GCD.gcd(GCD.java:19)
	at java_programs.GCD.gcd(GCD.java:19)
	at java_programs.GCD.gcd(GCD.java:19)
	at java_programs.GCD.gcd(GCD.java:19)
	at java_programs.GCD.gcd(GCD.java:19)
	at java_programs.GCD.gcd(GCD.java:19)
	at java_programs.GCD.gcd(GCD.java:19)
	at java_programs.GCD.gcd(GCD.java:19)
	at java_programs.GCD.gcd(GCD.java:19)
	at java_programs.GCD.gcd(GCD.java:19)
	at java_programs.GCD.gcd(GCD.java:19)
	at java_programs.GCD.gcd(GCD.java:19)
	at java_programs.GCD.gcd(GCD.java:19)
	at java_programs.GCD.gcd(GCD.java:19)
	at java_programs.GCD.gcd(GCD.java:19)
	at java_programs.GCD.gcd(GCD.java:19)
	at java_programs.GCD.gcd(GCD.java:19)
	at java_programs.GCD.gcd(GCD.java:19)
	at java_programs.GCD.gcd(GCD.java:19)
	at java_programs.GCD.gcd(GCD.java:19)
	at java_programs.GCD.gcd(GCD.java:19)
	at java_programs.GCD.gcd(GCD.java:19)
	at java_programs.GCD.gcd(GCD.java:19)
	at java_programs.GCD.gcd(GCD.java:19)
	at java_programs.GCD.gcd(GCD.java:19)
	at java_programs.GCD.gcd(GCD.java:19)
	at java_programs.GCD.gcd(GCD.java:19)
	at java_programs.GCD.gcd(GCD.java:19)
	at java_programs.GCD.gcd(GCD.java:19)
	at java_programs.GCD.gcd(GCD.java:19)
	at java_programs.GCD.gcd(GCD.java:19)
	at java_programs.GCD.gcd(GCD.java:19)
	at java_programs.GCD.gcd(GCD.java:19)
	at java_programs.GCD.gcd(GCD.java:19)
	at java_programs.GCD.gcd(GCD.java:19)
	at java_programs.GCD.gcd(GCD.java:19)
	at java_programs.GCD.gcd(GCD.java:19)
	at java_programs.GCD.gcd(GCD.java:19)
	at java_programs.GCD.gcd(GCD.java:19)
	at java_programs.GCD.gcd(GCD.java:19)
	at java_programs.GCD.gcd(GCD.java:19)
	at java_programs.GCD.gcd(GCD.java:19)
	at java_programs.GCD.gcd(GCD.java:19)
	at java_programs.GCD.gcd(GCD.java:19)
	at java_programs.GCD.gcd(GCD.java:19)
	at java_programs.GCD.gcd(GCD.java:19)
	at java_programs.GCD.gcd(GCD.java:19)
	at java_programs.GCD.gcd(GCD.java:19)
	at java_programs.GCD.gcd(GCD.java:19)
	at java_programs.GCD.gcd(GCD.java:19)
	at java_programs.GCD.gcd(GCD.java:19)
	at java_programs.GCD.gcd(GCD.java:19)
	at java_programs.GCD.gcd(GCD.java:19)
	at java_programs.GCD.gcd(GCD.java:19)
	at java_programs.GCD.gcd(GCD.java:19)
	at java_programs.GCD.gcd(GCD.java:19)
	at java_programs.GCD.gcd(GCD.java:19)
	at java_programs.GCD.gcd(GCD.java:19)
	at java_programs.GCD.gcd(GCD.java:19)
	at java_programs.GCD.gcd(GCD.java:19)
	at java_programs.GCD.gcd(GCD.java:19)
	at java_programs.GCD.gcd(GCD.java:19)
	at java_programs.GCD.gcd(GCD.java:19)
	at java_programs.GCD.gcd(GCD.java:19)
	at java_programs.GCD.gcd(GCD.java:19)
	at java_programs.GCD.gcd(GCD.java:19)
	at java_programs.GCD.gcd(GCD.java:19)
	at java_programs.GCD.gcd(GCD.java:19)
	at java_programs.GCD.gcd(GCD.java:19)
	at java_programs.GCD.gcd(GCD.java:19)
	at java_programs.GCD.gcd(GCD.java:19)
	at java_programs.GCD.gcd(GCD.java:19)
	at java_programs.GCD.gcd(GCD.java:19)
	at java_programs.GCD.gcd(GCD.java:19)
	at java_programs.GCD.gcd(GCD.java:19)
	at java_programs.GCD.gcd(GCD.java:19)
	at java_programs.GCD.gcd(GCD.java:19)
	at java_programs.GCD.gcd(GCD.java:19)
	at java_programs.GCD.gcd(GCD.java:19)
	at java_programs.GCD.gcd(GCD.java:19)
	at java_programs.GCD.gcd(GCD.java:19)
	at java_programs.GCD.gcd(GCD.java:19)
	at java_programs.GCD.gcd(GCD.java:19)
	at java_programs.GCD.gcd(GCD.java:19)
	at java_programs.GCD.gcd(GCD.java:19)
	at java_programs.GCD.gcd(GCD.java:19)
	at java_programs.GCD.gcd(GCD.java:19)
	at java_programs.GCD.gcd(GCD.java:19)
	at java_programs.GCD.gcd(GCD.java:19)
	at java_programs.GCD.gcd(GCD.java:19)
	at java_programs.GCD.gcd(GCD.java:19)
	at java_programs.GCD.gcd(GCD.java:19)
	at java_programs.GCD.gcd(GCD.java:19)
	at java_programs.GCD.gcd(GCD.java:19)
	at java_programs.GCD.gcd(GCD.java:19)
	at java_programs.GCD.gcd(GCD.java:19)
	at java_programs.GCD.gcd(GCD.java:19)
	at java_programs.GCD.gcd(GCD.java:19)
	at java_programs.GCD.gcd(GCD.java:19)
	at java_programs.GCD.gcd(GCD.java:19)
	at java_programs.GCD.gcd(GCD.java:19)
	at java_programs.GCD.gcd(GCD.java:19)
	at java_programs.GCD.gcd(GCD.java:19)
	at java_programs.GCD.gcd(GCD.java:19)
	at java_programs.GCD.gcd(GCD.java:19)
	at java_programs.GCD.gcd(GCD.java:19)
	at java_programs.GCD.gcd(GCD.java:19)
	at java_programs.GCD.gcd(GCD.java:19)
	at java_programs.GCD.gcd(GCD.java:19)
	at java_programs.GCD.gcd(GCD.java:19)
	at java_programs.GCD.gcd(GCD.java:19)
	at java_programs.GCD.gcd(GCD.java:19)
	at java_programs.GCD.gcd(GCD.java:19)
	at java_programs.GCD.gcd(GCD.java:19)
	at java_programs.GCD.gcd(GCD.java:19)
	at java_programs.GCD.gcd(GCD.java:19)
	at java_programs.GCD.gcd(GCD.java:19)
	at java_programs.GCD.gcd(GCD.java:19)
	at java_programs.GCD.gcd(GCD.java:19)
	at java_programs.GCD.gcd(GCD.java:19)
	at java_programs.GCD.gcd(GCD.java:19)
	at java_programs.GCD.gcd(GCD.java:19)
	at java_programs.GCD.gcd(GCD.java:19)
	at java_programs.GCD.gcd(GCD.java:19)
	at java_programs.GCD.gcd(GCD.java:19)
	at java_programs.GCD.gcd(GCD.java:19)
	at java_programs.GCD.gcd(GCD.java:19)
	at java_programs.GCD.gcd(GCD.java:19)
	at java_programs.GCD.gcd(GCD.java:19)
	at java_programs.GCD.gcd(GCD.java:19)
	at java_programs.GCD.gcd(GCD.java:19)
	at java_programs.GCD.gcd(GCD.java:19)
	at java_programs.GCD.gcd(GCD.java:19)
	at java_programs.GCD.gcd(GCD.java:19)
	at java_programs.GCD.gcd(GCD.java:19)
	at java_programs.GCD.gcd(GCD.java:19)
	at java_programs.GCD.gcd(GCD.java:19)
	at java_programs.GCD.gcd(GCD.java:19)
	at java_programs.GCD.gcd(GCD.java:19)
	at java_programs.GCD.gcd(GCD.java:19)
	at java_programs.GCD.gcd(GCD.java:19)
	at java_programs.GCD.gcd(GCD.java:19)
	at java_programs.GCD.gcd(GCD.java:19)
	at java_programs.GCD.gcd(GCD.java:19)
	at java_programs.GCD.gcd(GCD.java:19)
	at java_programs.GCD.gcd(GCD.java:19)
	at java_programs.GCD.gcd(GCD.java:19)
	at java_programs.GCD.gcd(GCD.java:19)
	at java_programs.GCD.gcd(GCD.java:19)
	at java_programs.GCD.gcd(GCD.java:19)
	at java_programs.GCD.gcd(GCD.java:19)
	at java_programs.GCD.gcd(GCD.java:19)
	at java_programs.GCD.gcd(GCD.java:19)
	at java_programs.GCD.gcd(GCD.java:19)
	at java_programs.GCD.gcd(GCD.java:19)
	at java_programs.GCD.gcd(GCD.java:19)
	at java_programs.GCD.gcd(GCD.java:19)
	at java_programs.GCD.gcd(GCD.java:19)
	at java_programs.GCD.gcd(GCD.java:19)
	at java_programs.GCD.gcd(GCD.java:19)
	at java_programs.GCD.gcd(GCD.java:19)
	at java_programs.GCD.gcd(GCD.java:19)
	at java_programs.GCD.gcd(GCD.java:19)
	at java_programs.GCD.gcd(GCD.java:19)
	at java_programs.GCD.gcd(GCD.java:19)
	at java_programs.GCD.gcd(GCD.java:19)
	at java_programs.GCD.gcd(GCD.java:19)
	at java_programs.GCD.gcd(GCD.java:19)
	at java_programs.GCD.gcd(GCD.java:19)
	at java_programs.GCD.gcd(GCD.java:19)
	at java_programs.GCD.gcd(GCD.java:19)
	at java_programs.GCD.gcd(GCD.java:19)
	at java_programs.GCD.gcd(GCD.java:19)
	at java_programs.GCD.gcd(GCD.java:19)
	at java_programs.GCD.gcd(GCD.java:19)
	at java_programs.GCD.gcd(GCD.java:19)
	at java_programs.GCD.gcd(GCD.java:19)
	at java_programs.GCD.gcd(GCD.java:19)
	at java_programs.GCD.gcd(GCD.java:19)
	at java_programs.GCD.gcd(GCD.java:19)
	at java_programs.GCD.gcd(GCD.java:19)
	at java_programs.GCD.gcd(GCD.java:19)
	at java_programs.GCD.gcd(GCD.java:19)
	at java_programs.GCD.gcd(GCD.java:19)
	at java_programs.GCD.gcd(GCD.java:19)
	at java_programs.GCD.gcd(GCD.java:19)
	at java_programs.GCD.gcd(GCD.java:19)
	at java_programs.GCD.gcd(GCD.java:19)
	at java_programs.GCD.gcd(GCD.java:19)
	at java_programs.GCD.gcd(GCD.java:19)
	at java_programs.GCD.gcd(GCD.java:19)
	at java_programs.GCD.gcd(GCD.java:19)
	at java_programs.GCD.gcd(GCD.java:19)
	at java_programs.GCD.gcd(GCD.java:19)
	at java_programs.GCD.gcd(GCD.java:19)
	at java_programs.GCD.gcd(GCD.java:19)
	at java_programs.GCD.gcd(GCD.java:19)
	at java_programs.GCD.gcd(GCD.java:19)
	at java_programs.GCD.gcd(GCD.java:19)
	at java_programs.GCD.gcd(GCD.java:19)
	at java_programs.GCD.gcd(GCD.java:19)
	at java_programs.GCD.gcd(GCD.java:19)
	at java_programs.GCD.gcd(GCD.java:19)
	at java_programs.GCD.gcd(GCD.java:19)
	at java_programs.GCD.gcd(GCD.java:19)
	at java_programs.GCD.gcd(GCD.java:19)
	at java_programs.GCD.gcd(GCD.java:19)
	at java_programs.GCD.gcd(GCD.java:19)
	at java_programs.GCD.gcd(GCD.java:19)
	at java_programs.GCD.gcd(GCD.java:19)
	at java_programs.GCD.gcd(GCD.java:19)
	at java_programs.GCD.gcd(GCD.java:19)
	at java_programs.GCD.gcd(GCD.java:19)
	at java_programs.GCD.gcd(GCD.java:19)
	at java_programs.GCD.gcd(GCD.java:19)
	at java_programs.GCD.gcd(GCD.java:19)
	at java_programs.GCD.gcd(GCD.java:19)
	at java_programs.GCD.gcd(GCD.java:19)
	at java_programs.GCD.gcd(GCD.java:19)
	at java_programs.GCD.gcd(GCD.java:19)
	at java_programs.GCD.gcd(GCD.java:19)
	at java_programs.GCD.gcd(GCD.java:19)
	at java_programs.GCD.gcd(GCD.java:19)
	at java_programs.GCD.gcd(GCD.java:19)
	at java_programs.GCD.gcd(GCD.java:19)
	at java_programs.GCD.gcd(GCD.java:19)
	at java_programs.GCD.gcd(GCD.java:19)
	at java_programs.GCD.gcd(GCD.java:19)
	at java_programs.GCD.gcd(GCD.java:19)
	at java_programs.GCD.gcd(GCD.java:19)
	at java_programs.GCD.gcd(GCD.java:19)
	at java_programs.GCD.gcd(GCD.java:19)
	at java_programs.GCD.gcd(GCD.java:19)
	at java_programs.GCD.gcd(GCD.java:19)
	at java_programs.GCD.gcd(GCD.java:19)
	at java_programs.GCD.gcd(GCD.java:19)
	at java_programs.GCD.gcd(GCD.java:19)
	at java_programs.GCD.gcd(GCD.java:19)
	at java_programs.GCD.gcd(GCD.java:19)
	at java_programs.GCD.gcd(GCD.java:19)
	at java_programs.GCD.gcd(GCD.java:19)
	at java_programs.GCD.gcd(GCD.java:19)
	at java_programs.GCD.gcd(GCD.java:19)
	at java_programs.GCD.gcd(GCD.java:19)
	at java_programs.GCD.gcd(GCD.java:19)
	at java_programs.GCD.gcd(GCD.java:19)
	at java_programs.GCD.gcd(GCD.java:19)
	at java_programs.GCD.gcd(GCD.java:19)
	at java_programs.GCD.gcd(GCD.java:19)
	at java_programs.GCD.gcd(GCD.java:19)
	at java_programs.GCD.gcd(GCD.java:19)
	at java_programs.GCD.gcd(GCD.java:19)
	at java_programs.GCD.gcd(GCD.java:19)
	at java_programs.GCD.gcd(GCD.java:19)
	at java_programs.GCD.gcd(GCD.java:19)
	at java_programs.GCD.gcd(GCD.java:19)
	at java_programs.GCD.gcd(GCD.java:19)
	at java_programs.GCD.gcd(GCD.java:19)
	at java_programs.GCD.gcd(GCD.java:19)
	at java_programs.GCD.gcd(GCD.java:19)
	at java_programs.GCD.gcd(GCD.java:19)
	at java_programs.GCD.gcd(GCD.java:19)
	at java_programs.GCD.gcd(GCD.java:19)
	at java_programs.GCD.gcd(GCD.java:19)
	at java_programs.GCD.gcd(GCD.java:19)
	at java_programs.GCD.gcd(GCD.java:19)
	at java_programs.GCD.gcd(GCD.java:19)
	at java_programs.GCD.gcd(GCD.java:19)
	at java_programs.GCD.gcd(GCD.java:19)
	at java_programs.GCD.gcd(GCD.java:19)
	at java_programs.GCD.gcd(GCD.java:19)
	at java_programs.GCD.gcd(GCD.java:19)
	at java_programs.GCD.gcd(GCD.java:19)
	at java_programs.GCD.gcd(GCD.java:19)
	at java_programs.GCD.gcd(GCD.java:19)
	at java_programs.GCD.gcd(GCD.java:19)
	at java_programs.GCD.gcd(GCD.java:19)
	at java_programs.GCD.gcd(GCD.java:19)
	at java_programs.GCD.gcd(GCD.java:19)
	at java_programs.GCD.gcd(GCD.java:19)
	at java_programs.GCD.gcd(GCD.java:19)
	at java_programs.GCD.gcd(GCD.java:19)
	at java_programs.GCD.gcd(GCD.java:19)
	at java_programs.GCD.gcd(GCD.java:19)
	at java_programs.GCD.gcd(GCD.java:19)
	at java_programs.GCD.gcd(GCD.java:19)
	at java_programs.GCD.gcd(GCD.java:19)
	at java_programs.GCD.gcd(GCD.java:19)
	at java_programs.GCD.gcd(GCD.java:19)
	at java_programs.GCD.gcd(GCD.java:19)
	at java_programs.GCD.gcd(GCD.java:19)
	at java_programs.GCD.gcd(GCD.java:19)
	at java_programs.GCD.gcd(GCD.java:19)
	at java_programs.GCD.gcd(GCD.java:19)
	at java_programs.GCD.gcd(GCD.java:19)
	at java_programs.GCD.gcd(GCD.java:19)
	at java_programs.GCD.gcd(GCD.java:19)
	at java_programs.GCD.gcd(GCD.java:19)
	at java_programs.GCD.gcd(GCD.java:19)
	at java_programs.GCD.gcd(GCD.java:19)
	at java_programs.GCD.gcd(GCD.java:19)
	at java_programs.GCD.gcd(GCD.java:19)
	at java_programs.GCD.gcd(GCD.java:19)
	at java_programs.GCD.gcd(GCD.java:19)
	at java_programs.GCD.gcd(GCD.java:19)
	at java_programs.GCD.gcd(GCD.java:19)
	at java_programs.GCD.gcd(GCD.java:19)
	at java_programs.GCD.gcd(GCD.java:19)
	at java_programs.GCD.gcd(GCD.java:19)
	at java_programs.GCD.gcd(GCD.java:19)
	at java_programs.GCD.gcd(GCD.java:19)
	at java_programs.GCD.gcd(GCD.java:19)
	at java_programs.GCD.gcd(GCD.java:19)
	at java_programs.GCD.gcd(GCD.java:19)
	at java_programs.GCD.gcd(GCD.java:19)
	at java_programs.GCD.gcd(GCD.java:19)
	at java_programs.GCD.gcd(GCD.java:19)
	at java_programs.GCD.gcd(GCD.java:19)
	at java_programs.GCD.gcd(GCD.java:19)
	at java_programs.GCD.gcd(GCD.java:19)
	at java_programs.GCD.gcd(GCD.java:19)
	at java_programs.GCD.gcd(GCD.java:19)
	at java_programs.GCD.gcd(GCD.java:19)
	at java_programs.GCD.gcd(GCD.java:19)
	at java_programs.GCD.gcd(GCD.java:19)
	at java_programs.GCD.gcd(GCD.java:19)
	at java_programs.GCD.gcd(GCD.java:19)
	at java_programs.GCD.gcd(GCD.java:19)
	at java_programs.GCD.gcd(GCD.java:19)
	at java_programs.GCD.gcd(GCD.java:19)
	at java_programs.GCD.gcd(GCD.java:19)
	at java_programs.GCD.gcd(GCD.java:19)
	at java_programs.GCD.gcd(GCD.java:19)
	at java_programs.GCD.gcd(GCD.java:19)
	at java_programs.GCD.gcd(GCD.java:19)
	at java_programs.GCD.gcd(GCD.java:19)
	at java_programs.GCD.gcd(GCD.java:19)
	at java_programs.GCD.gcd(GCD.java:19)
	at java_programs.GCD.gcd(GCD.java:19)
	at java_programs.GCD.gcd(GCD.java:19)
	at java_programs.GCD.gcd(GCD.java:19)
	at java_programs.GCD.gcd(GCD.java:19)
	at java_programs.GCD.gcd(GCD.java:19)
	at java_programs.GCD.gcd(GCD.java:19)
	at java_programs.GCD.gcd(GCD.java:19)
	at java_programs.GCD.gcd(GCD.java:19)
	at java_programs.GCD.gcd(GCD.java:19)
	at java_programs.GCD.gcd(GCD.java:19)
	at java_programs.GCD.gcd(GCD.java:19)
	at java_programs.GCD.gcd(GCD.java:19)
	at java_programs.GCD.gcd(GCD.java:19)
	at java_programs.GCD.gcd(GCD.java:19)
	at java_programs.GCD.gcd(GCD.java:19)
	at java_programs.GCD.gcd(GCD.java:19)
	at java_programs.GCD.gcd(GCD.java:19)
	at java_programs.GCD.gcd(GCD.java:19)
	at java_programs.GCD.gcd(GCD.java:19)
	at java_programs.GCD.gcd(GCD.java:19)
	at java_programs.GCD.gcd(GCD.java:19)
	at java_programs.GCD.gcd(GCD.java:19)
	at java_programs.GCD.gcd(GCD.java:19)
	at java_programs.GCD.gcd(GCD.java:19)
	at java_programs.GCD.gcd(GCD.java:19)
	at java_programs.GCD.gcd(GCD.java:19)
	at java_programs.GCD.gcd(GCD.java:19)
	at java_programs.GCD.gcd(GCD.java:19)
	at java_programs.GCD.gcd(GCD.java:19)
	at java_programs.GCD.gcd(GCD.java:19)
	at java_programs.GCD.gcd(GCD.java:19)
	at java_programs.GCD.gcd(GCD.java:19)
	at java_programs.GCD.gcd(GCD.java:19)
	at java_programs.GCD.gcd(GCD.java:19)
	at java_programs.GCD.gcd(GCD.java:19)
	at java_programs.GCD.gcd(GCD.java:19)
	at java_programs.GCD.gcd(GCD.java:19)
	at java_programs.GCD.gcd(GCD.java:19)
	at java_programs.GCD.gcd(GCD.java:19)
	at java_programs.GCD.gcd(GCD.java:19)
	at java_programs.GCD.gcd(GCD.java:19)
	at java_programs.GCD.gcd(GCD.java:19)
	at java_programs.GCD.gcd(GCD.java:19)
	at java_programs.GCD.gcd(GCD.java:19)
	at java_programs.GCD.gcd(GCD.java:19)
	at java_programs.GCD.gcd(GCD.java:19)
	at java_programs.GCD.gcd(GCD.java:19)
	at java_programs.GCD.gcd(GCD.java:19)
	at java_programs.GCD.gcd(GCD.java:19)
	at java_programs.GCD.gcd(GCD.java:19)
	at java_programs.GCD.gcd(GCD.java:19)
	at java_programs.GCD.gcd(GCD.java:19)
	at java_programs.GCD.gcd(GCD.java:19)
	at java_programs.GCD.gcd(GCD.java:19)
	at java_programs.GCD.gcd(GCD.java:19)
	at java_programs.GCD.gcd(GCD.java:19)
	at java_programs.GCD.gcd(GCD.java:19)
	at java_programs.GCD.gcd(GCD.java:19)
	at java_programs.GCD.gcd(GCD.java:19)
	at java_programs.GCD.gcd(GCD.java:19)
	at java_programs.GCD.gcd(GCD.java:19)
	at java_programs.GCD.gcd(GCD.java:19)
	at java_programs.GCD.gcd(GCD.java:19)
	at java_programs.GCD.gcd(GCD.java:19)
	at java_programs.GCD.gcd(GCD.java:19)
	at java_programs.GCD.gcd(GCD.java:19)
	at java_programs.GCD.gcd(GCD.java:19)
	at java_programs.GCD.gcd(GCD.java:19)
	at java_programs.GCD.gcd(GCD.java:19)
	at java_programs.GCD.gcd(GCD.java:19)
	at java_programs.GCD.gcd(GCD.java:19)
	at java_programs.GCD.gcd(GCD.java:19)
	at java_programs.GCD.gcd(GCD.java:19)
	at java_programs.GCD.gcd(GCD.java:19)
	at java_programs.GCD.gcd(GCD.java:19)
	at java_programs.GCD.gcd(GCD.java:19)
	at java_programs.GCD.gcd(GCD.java:19)
	at java_programs.GCD.gcd(GCD.java:19)
	at java_programs.GCD.gcd(GCD.java:19)
	at java_programs.GCD.gcd(GCD.java:19)
	at java_programs.GCD.gcd(GCD.java:19)
	at java_programs.GCD.gcd(GCD.java:19)
	at java_programs.GCD.gcd(GCD.java:19)
	at java_programs.GCD.gcd(GCD.java:19)
	at java_programs.GCD.gcd(GCD.java:19)
	at java_programs.GCD.gcd(GCD.java:19)
	at java_programs.GCD.gcd(GCD.java:19)
	at java_programs.GCD.gcd(GCD.java:19)
	at java_programs.GCD.gcd(GCD.java:19)
	at java_programs.GCD.gcd(GCD.java:19)
	at java_programs.GCD.gcd(GCD.java:19)
	at java_programs.GCD.gcd(GCD.java:19)
	at java_programs.GCD.gcd(GCD.java:19)
	at java_programs.GCD.gcd(GCD.java:19)
	at java_programs.GCD.gcd(GCD.java:19)
	at java_programs.GCD.gcd(GCD.java:19)
	at java_programs.GCD.gcd(GCD.java:19)
	at java_programs.GCD.gcd(GCD.java:19)
	at java_programs.GCD.gcd(GCD.java:19)
	at java_programs.GCD.gcd(GCD.java:19)
	at java_programs.GCD.gcd(GCD.java:19)
	at java_programs.GCD.gcd(GCD.java:19)
	at java_programs.GCD.gcd(GCD.java:19)
	at java_programs.GCD.gcd(GCD.java:19)
	at java_programs.GCD.gcd(GCD.java:19)
	at java_programs.GCD.gcd(GCD.java:19)
	at java_programs.GCD.gcd(GCD.java:19)
	at java_programs.GCD.gcd(GCD.java:19)
	at java_programs.GCD.gcd(GCD.java:19)
	at java_programs.GCD.gcd(GCD.java:19)
	at java_programs.GCD.gcd(GCD.java:19)
	at java_programs.GCD.gcd(GCD.java:19)
	at java_programs.GCD.gcd(GCD.java:19)
	at java_programs.GCD.gcd(GCD.java:19)
	at java_programs.GCD.gcd(GCD.java:19)
	at java_programs.GCD.gcd(GCD.java:19)
	at java_programs.GCD.gcd(GCD.java:19)
	at java_programs.GCD.gcd(GCD.java:19)
	at java_programs.GCD.gcd(GCD.java:19)
	at java_programs.GCD.gcd(GCD.java:19)
	at java_programs.GCD.gcd(GCD.java:19)
	at java_programs.GCD.gcd(GCD.java:19)
	at java_programs.GCD.gcd(GCD.java:19)
	at java_programs.GCD.gcd(GCD.java:19)
	at java_programs.GCD.gcd(GCD.java:19)
	at java_programs.GCD.gcd(GCD.java:19)
	at java_programs.GCD.gcd(GCD.java:19)
	at java_programs.GCD.gcd(GCD.java:19)
	at java_programs.GCD.gcd(GCD.java:19)
	at java_programs.GCD.gcd(GCD.java:19)
	at java_programs.GCD.gcd(GCD.java:19)
	at java_programs.GCD.gcd(GCD.java:19)
	at java_programs.GCD.gcd(GCD.java:19)
	at java_programs.GCD.gcd(GCD.java:19)
	at java_programs.GCD.gcd(GCD.java:19)
	at java_programs.GCD.gcd(GCD.java:19)
	at java_programs.GCD.gcd(GCD.java:19)
	at java_programs.GCD.gcd(GCD.java:19)
	at java_programs.GCD.gcd(GCD.java:19)
	at java_programs.GCD.gcd(GCD.java:19)
	at java_programs.GCD.gcd(GCD.java:19)
	at java_programs.GCD.gcd(GCD.java:19)
	at java_programs.GCD.gcd(GCD.java:19)
	at java_programs.GCD.gcd(GCD.java:19)
	at java_programs.GCD.gcd(GCD.java:19)
	at java_programs.GCD.gcd(GCD.java:19)
	at java_programs.GCD.gcd(GCD.java:19)
	at java_programs.GCD.gcd(GCD.java:19)
	at java_programs.GCD.gcd(GCD.java:19)
	at java_programs.GCD.gcd(GCD.java:19)
	at java_programs.GCD.gcd(GCD.java:19)
	at java_programs.GCD.gcd(GCD.java:19)
	at java_programs.GCD.gcd(GCD.java:19)
	at java_programs.GCD.gcd(GCD.java:19)
	at java_programs.GCD.gcd(GCD.java:19)
	at java_programs.GCD.gcd(GCD.java:19)
	at java_programs.GCD.gcd(GCD.java:19)
	at java_programs.GCD.gcd(GCD.java:19)
	at java_programs.GCD.gcd(GCD.java:19)
	at java_programs.GCD.gcd(GCD.java:19)
	at java_programs.GCD.gcd(GCD.java:19)
	at java_programs.GCD.gcd(GCD.java:19)
	at java_programs.GCD.gcd(GCD.java:19)
	at java_programs.GCD.gcd(GCD.java:19)
	at java_programs.GCD.gcd(GCD.java:19)
	at java_programs.GCD.gcd(GCD.java:19)
	at java_programs.GCD.gcd(GCD.java:19)
	at java_programs.GCD.gcd(GCD.java:19)
	at java_programs.GCD.gcd(GCD.java:19)
	at java_programs.GCD.gcd(GCD.java:19)
	at java_programs.GCD.gcd(GCD.java:19)
	at java_programs.GCD.gcd(GCD.java:19)
	at java_programs.GCD.gcd(GCD.java:19)
	at java_programs.GCD.gcd(GCD.java:19)
	at java_programs.GCD.gcd(GCD.java:19)
	at java_programs.GCD.gcd(GCD.java:19)
	at java_programs.GCD.gcd(GCD.java:19)
	at java_programs.GCD.gcd(GCD.java:19)
	at java_programs.GCD.gcd(GCD.java:19)
	at java_programs.GCD.gcd(GCD.java:19)
	at java_programs.GCD.gcd(GCD.java:19)
	at java_programs.GCD.gcd(GCD.java:19)
	at java_programs.GCD.gcd(GCD.java:19)
	at java_programs.GCD.gcd(GCD.java:19)
	at java_programs.GCD.gcd(GCD.java:19)
	at java_programs.GCD.gcd(GCD.java:19)
	at java_programs.GCD.gcd(GCD.java:19)
	at java_programs.GCD.gcd(GCD.java:19)
	at java_programs.GCD.gcd(GCD.java:19)
	at java_programs.GCD.gcd(GCD.java:19)
	at java_programs.GCD.gcd(GCD.java:19)
	at java_programs.GCD.gcd(GCD.java:19)
	at java_programs.GCD.gcd(GCD.java:19)
	at java_programs.GCD.gcd(GCD.java:19)
	at java_programs.GCD.gcd(GCD.java:19)
	at java_programs.GCD.gcd(GCD.java:19)
	at java_programs.GCD.gcd(GCD.java:19)
	at java_programs.GCD.gcd(GCD.java:19)
	at java_programs.GCD.gcd(GCD.java:19)
	at java_programs.GCD.gcd(GCD.java:19)
	at java_programs.GCD.gcd(GCD.java:19)
	at java_programs.GCD.gcd(GCD.java:19)
	at java_programs.GCD.gcd(GCD.java:19)
	at java_programs.GCD.gcd(GCD.java:19)
	at java_programs.GCD.gcd(GCD.java:19)
	at java_programs.GCD.gcd(GCD.java:19)
	at java_programs.GCD.gcd(GCD.java:19)
	at java_programs.GCD.gcd(GCD.java:19)
	at java_programs.GCD.gcd(GCD.java:19)
	at java_programs.GCD.gcd(GCD.java:19)
	at java_programs.GCD.gcd(GCD.java:19)
	at java_programs.GCD.gcd(GCD.java:19)
	at java_programs.GCD.gcd(GCD.java:19)
	at java_programs.GCD.gcd(GCD.java:19)
	at java_programs.GCD.gcd(GCD.java:19)
	at java_programs.GCD.gcd(GCD.java:19)
	at java_programs.GCD.gcd(GCD.java:19)
	at java_programs.GCD.gcd(GCD.java:19)
	at java_programs.GCD.gcd(GCD.java:19)
	at java_programs.GCD.gcd(GCD.java:19)
	at java_programs.GCD.gcd(GCD.java:19)
	at java_programs.GCD.gcd(GCD.java:19)
	at java_programs.GCD.gcd(GCD.java:19)
	at java_programs.GCD.gcd(GCD.java:19)
	at java_programs.GCD.gcd(GCD.java:19)
	at java_programs.GCD.gcd(GCD.java:19)
	at java_programs.GCD.gcd(GCD.java:19)
	at java_programs.GCD.gcd(GCD.java:19)
	at java_programs.GCD.gcd(GCD.java:19)
	at java_programs.GCD.gcd(GCD.java:19)
	at java_programs.GCD.gcd(GCD.java:19)
	at java_programs.GCD.gcd(GCD.java:19)
	at java_programs.GCD.gcd(GCD.java:19)
	at java_programs.GCD.gcd(GCD.java:19)
	at java_programs.GCD.gcd(GCD.java:19)
	at java_programs.GCD.gcd(GCD.java:19)
	at java_programs.GCD.gcd(GCD.java:19)
	at java_programs.GCD.gcd(GCD.java:19)
	at java_programs.GCD.gcd(GCD.java:19)
	at java_programs.GCD.gcd(GCD.java:19)
	at java_programs.GCD.gcd(GCD.java:19)
	at java_programs.GCD.gcd(GCD.java:19)
	at java_programs.GCD.gcd(GCD.java:19)
	at java_programs.GCD.gcd(GCD.java:19)
	at java_programs.GCD.gcd(GCD.java:19)
	at java_programs.GCD.gcd(GCD.java:19)
	at java_programs.GCD.gcd(GCD.java:19)
	at java_programs.GCD.gcd(GCD.java:19)
	at java_programs.GCD.gcd(GCD.java:19)
	at java_programs.GCD.gcd(GCD.java:19)
	at java_programs.GCD.gcd(GCD.java:19)
	at java_programs.GCD.gcd(GCD.java:19)
	at java_programs.GCD.gcd(GCD.java:19)
	at java_programs.GCD.gcd(GCD.java:19)
	at java_programs.GCD.gcd(GCD.java:19)
	at java_programs.GCD.gcd(GCD.java:19)
	at java_programs.GCD.gcd(GCD.java:19)
	at java_programs.GCD.gcd(GCD.java:19)
	at java_programs.GCD.gcd(GCD.java:19)
	at java_programs.GCD.gcd(GCD.java:19)
	at java_programs.GCD.gcd(GCD.java:19)
	at java_programs.GCD.gcd(GCD.java:19)
	at java_programs.GCD.gcd(GCD.java:19)
	at java_programs.GCD.gcd(GCD.java:19)
	at java_programs.GCD.gcd(GCD.java:19)
</failure>
  </testcase>
  <testcase name="test_2" classname="java_testcases.junit.GCD_TEST" time="0.06">
    <failure message="java.lang.StackOverflowError" type="java.lang.StackOverflowError">java.lang.StackOverflowError
	at java_programs.GCD.gcd(GCD.java:19)
	at java_programs.GCD.gcd(GCD.java:19)
	at java_programs.GCD.gcd(GCD.java:19)
	at java_programs.GCD.gcd(GCD.java:19)
	at java_programs.GCD.gcd(GCD.java:19)
	at java_programs.GCD.gcd(GCD.java:19)
	at java_programs.GCD.gcd(GCD.java:19)
	at java_programs.GCD.gcd(GCD.java:19)
	at java_programs.GCD.gcd(GCD.java:19)
	at java_programs.GCD.gcd(GCD.java:19)
	at java_programs.GCD.gcd(GCD.java:19)
	at java_programs.GCD.gcd(GCD.java:19)
	at java_programs.GCD.gcd(GCD.java:19)
	at java_programs.GCD.gcd(GCD.java:19)
	at java_programs.GCD.gcd(GCD.java:19)
	at java_programs.GCD.gcd(GCD.java:19)
	at java_programs.GCD.gcd(GCD.java:19)
	at java_programs.GCD.gcd(GCD.java:19)
	at java_programs.GCD.gcd(GCD.java:19)
	at java_programs.GCD.gcd(GCD.java:19)
	at java_programs.GCD.gcd(GCD.java:19)
	at java_programs.GCD.gcd(GCD.java:19)
	at java_programs.GCD.gcd(GCD.java:19)
	at java_programs.GCD.gcd(GCD.java:19)
	at java_programs.GCD.gcd(GCD.java:19)
	at java_programs.GCD.gcd(GCD.java:19)
	at java_programs.GCD.gcd(GCD.java:19)
	at java_programs.GCD.gcd(GCD.java:19)
	at java_programs.GCD.gcd(GCD.java:19)
	at java_programs.GCD.gcd(GCD.java:19)
	at java_programs.GCD.gcd(GCD.java:19)
	at java_programs.GCD.gcd(GCD.java:19)
	at java_programs.GCD.gcd(GCD.java:19)
	at java_programs.GCD.gcd(GCD.java:19)
	at java_programs.GCD.gcd(GCD.java:19)
	at java_programs.GCD.gcd(GCD.java:19)
	at java_programs.GCD.gcd(GCD.java:19)
	at java_programs.GCD.gcd(GCD.java:19)
	at java_programs.GCD.gcd(GCD.java:19)
	at java_programs.GCD.gcd(GCD.java:19)
	at java_programs.GCD.gcd(GCD.java:19)
	at java_programs.GCD.gcd(GCD.java:19)
	at java_programs.GCD.gcd(GCD.java:19)
	at java_programs.GCD.gcd(GCD.java:19)
	at java_programs.GCD.gcd(GCD.java:19)
	at java_programs.GCD.gcd(GCD.java:19)
	at java_programs.GCD.gcd(GCD.java:19)
	at java_programs.GCD.gcd(GCD.java:19)
	at java_programs.GCD.gcd(GCD.java:19)
	at java_programs.GCD.gcd(GCD.java:19)
	at java_programs.GCD.gcd(GCD.java:19)
	at java_programs.GCD.gcd(GCD.java:19)
	at java_programs.GCD.gcd(GCD.java:19)
	at java_programs.GCD.gcd(GCD.java:19)
	at java_programs.GCD.gcd(GCD.java:19)
	at java_programs.GCD.gcd(GCD.java:19)
	at java_programs.GCD.gcd(GCD.java:19)
	at java_programs.GCD.gcd(GCD.java:19)
	at java_programs.GCD.gcd(GCD.java:19)
	at java_programs.GCD.gcd(GCD.java:19)
	at java_programs.GCD.gcd(GCD.java:19)
	at java_programs.GCD.gcd(GCD.java:19)
	at java_programs.GCD.gcd(GCD.java:19)
	at java_programs.GCD.gcd(GCD.java:19)
	at java_programs.GCD.gcd(GCD.java:19)
	at java_programs.GCD.gcd(GCD.java:19)
	at java_programs.GCD.gcd(GCD.java:19)
	at java_programs.GCD.gcd(GCD.java:19)
	at java_programs.GCD.gcd(GCD.java:19)
	at java_programs.GCD.gcd(GCD.java:19)
	at java_programs.GCD.gcd(GCD.java:19)
	at java_programs.GCD.gcd(GCD.java:19)
	at java_programs.GCD.gcd(GCD.java:19)
	at java_programs.GCD.gcd(GCD.java:19)
	at java_programs.GCD.gcd(GCD.java:19)
	at java_programs.GCD.gcd(GCD.java:19)
	at java_programs.GCD.gcd(GCD.java:19)
	at java_programs.GCD.gcd(GCD.java:19)
	at java_programs.GCD.gcd(GCD.java:19)
	at java_programs.GCD.gcd(GCD.java:19)
	at java_programs.GCD.gcd(GCD.java:19)
	at java_programs.GCD.gcd(GCD.java:19)
	at java_programs.GCD.gcd(GCD.java:19)
	at java_programs.GCD.gcd(GCD.java:19)
	at java_programs.GCD.gcd(GCD.java:19)
	at java_programs.GCD.gcd(GCD.java:19)
	at java_programs.GCD.gcd(GCD.java:19)
	at java_programs.GCD.gcd(GCD.java:19)
	at java_programs.GCD.gcd(GCD.java:19)
	at java_programs.GCD.gcd(GCD.java:19)
	at java_programs.GCD.gcd(GCD.java:19)
	at java_programs.GCD.gcd(GCD.java:19)
	at java_programs.GCD.gcd(GCD.java:19)
	at java_programs.GCD.gcd(GCD.java:19)
	at java_programs.GCD.gcd(GCD.java:19)
	at java_programs.GCD.gcd(GCD.java:19)
	at java_programs.GCD.gcd(GCD.java:19)
	at java_programs.GCD.gcd(GCD.java:19)
	at java_programs.GCD.gcd(GCD.java:19)
	at java_programs.GCD.gcd(GCD.java:19)
	at java_programs.GCD.gcd(GCD.java:19)
	at java_programs.GCD.gcd(GCD.java:19)
	at java_programs.GCD.gcd(GCD.java:19)
	at java_programs.GCD.gcd(GCD.java:19)
	at java_programs.GCD.gcd(GCD.java:19)
	at java_programs.GCD.gcd(GCD.java:19)
	at java_programs.GCD.gcd(GCD.java:19)
	at java_programs.GCD.gcd(GCD.java:19)
	at java_programs.GCD.gcd(GCD.java:19)
	at java_programs.GCD.gcd(GCD.java:19)
	at java_programs.GCD.gcd(GCD.java:19)
	at java_programs.GCD.gcd(GCD.java:19)
	at java_programs.GCD.gcd(GCD.java:19)
	at java_programs.GCD.gcd(GCD.java:19)
	at java_programs.GCD.gcd(GCD.java:19)
	at java_programs.GCD.gcd(GCD.java:19)
	at java_programs.GCD.gcd(GCD.java:19)
	at java_programs.GCD.gcd(GCD.java:19)
	at java_programs.GCD.gcd(GCD.java:19)
	at java_programs.GCD.gcd(GCD.java:19)
	at java_programs.GCD.gcd(GCD.java:19)
	at java_programs.GCD.gcd(GCD.java:19)
	at java_programs.GCD.gcd(GCD.java:19)
	at java_programs.GCD.gcd(GCD.java:19)
	at java_programs.GCD.gcd(GCD.java:19)
	at java_programs.GCD.gcd(GCD.java:19)
	at java_programs.GCD.gcd(GCD.java:19)
	at java_programs.GCD.gcd(GCD.java:19)
	at java_programs.GCD.gcd(GCD.java:19)
	at java_programs.GCD.gcd(GCD.java:19)
	at java_programs.GCD.gcd(GCD.java:19)
	at java_programs.GCD.gcd(GCD.java:19)
	at java_programs.GCD.gcd(GCD.java:19)
	at java_programs.GCD.gcd(GCD.java:19)
	at java_programs.GCD.gcd(GCD.java:19)
	at java_programs.GCD.gcd(GCD.java:19)
	at java_programs.GCD.gcd(GCD.java:19)
	at java_programs.GCD.gcd(GCD.java:19)
	at java_programs.GCD.gcd(GCD.java:19)
	at java_programs.GCD.gcd(GCD.java:19)
	at java_programs.GCD.gcd(GCD.java:19)
	at java_programs.GCD.gcd(GCD.java:19)
	at java_programs.GCD.gcd(GCD.java:19)
	at java_programs.GCD.gcd(GCD.java:19)
	at java_programs.GCD.gcd(GCD.java:19)
	at java_programs.GCD.gcd(GCD.java:19)
	at java_programs.GCD.gcd(GCD.java:19)
	at java_programs.GCD.gcd(GCD.java:19)
	at java_programs.GCD.gcd(GCD.java:19)
	at java_programs.GCD.gcd(GCD.java:19)
	at java_programs.GCD.gcd(GCD.java:19)
	at java_programs.GCD.gcd(GCD.java:19)
	at java_programs.GCD.gcd(GCD.java:19)
	at java_programs.GCD.gcd(GCD.java:19)
	at java_programs.GCD.gcd(GCD.java:19)
	at java_programs.GCD.gcd(GCD.java:19)
	at java_programs.GCD.gcd(GCD.java:19)
	at java_programs.GCD.gcd(GCD.java:19)
	at java_programs.GCD.gcd(GCD.java:19)
	at java_programs.GCD.gcd(GCD.java:19)
	at java_programs.GCD.gcd(GCD.java:19)
	at java_programs.GCD.gcd(GCD.java:19)
	at java_programs.GCD.gcd(GCD.java:19)
	at java_programs.GCD.gcd(GCD.java:19)
	at java_programs.GCD.gcd(GCD.java:19)
	at java_programs.GCD.gcd(GCD.java:19)
	at java_programs.GCD.gcd(GCD.java:19)
	at java_programs.GCD.gcd(GCD.java:19)
	at java_programs.GCD.gcd(GCD.java:19)
	at java_programs.GCD.gcd(GCD.java:19)
	at java_programs.GCD.gcd(GCD.java:19)
	at java_programs.GCD.gcd(GCD.java:19)
	at java_programs.GCD.gcd(GCD.java:19)
	at java_programs.GCD.gcd(GCD.java:19)
	at java_programs.GCD.gcd(GCD.java:19)
	at java_programs.GCD.gcd(GCD.java:19)
	at java_programs.GCD.gcd(GCD.java:19)
	at java_programs.GCD.gcd(GCD.java:19)
	at java_programs.GCD.gcd(GCD.java:19)
	at java_programs.GCD.gcd(GCD.java:19)
	at java_programs.GCD.gcd(GCD.java:19)
	at java_programs.GCD.gcd(GCD.java:19)
	at java_programs.GCD.gcd(GCD.java:19)
	at java_programs.GCD.gcd(GCD.java:19)
	at java_programs.GCD.gcd(GCD.java:19)
	at java_programs.GCD.gcd(GCD.java:19)
	at java_programs.GCD.gcd(GCD.java:19)
	at java_programs.GCD.gcd(GCD.java:19)
	at java_programs.GCD.gcd(GCD.java:19)
	at java_programs.GCD.gcd(GCD.java:19)
	at java_programs.GCD.gcd(GCD.java:19)
	at java_programs.GCD.gcd(GCD.java:19)
	at java_programs.GCD.gcd(GCD.java:19)
	at java_programs.GCD.gcd(GCD.java:19)
	at java_programs.GCD.gcd(GCD.java:19)
	at java_programs.GCD.gcd(GCD.java:19)
	at java_programs.GCD.gcd(GCD.java:19)
	at java_programs.GCD.gcd(GCD.java:19)
	at java_programs.GCD.gcd(GCD.java:19)
	at java_programs.GCD.gcd(GCD.java:19)
	at java_programs.GCD.gcd(GCD.java:19)
	at java_programs.GCD.gcd(GCD.java:19)
	at java_programs.GCD.gcd(GCD.java:19)
	at java_programs.GCD.gcd(GCD.java:19)
	at java_programs.GCD.gcd(GCD.java:19)
	at java_programs.GCD.gcd(GCD.java:19)
	at java_programs.GCD.gcd(GCD.java:19)
	at java_programs.GCD.gcd(GCD.java:19)
	at java_programs.GCD.gcd(GCD.java:19)
	at java_programs.GCD.gcd(GCD.java:19)
	at java_programs.GCD.gcd(GCD.java:19)
	at java_programs.GCD.gcd(GCD.java:19)
	at java_programs.GCD.gcd(GCD.java:19)
	at java_programs.GCD.gcd(GCD.java:19)
	at java_programs.GCD.gcd(GCD.java:19)
	at java_programs.GCD.gcd(GCD.java:19)
	at java_programs.GCD.gcd(GCD.java:19)
	at java_programs.GCD.gcd(GCD.java:19)
	at java_programs.GCD.gcd(GCD.java:19)
	at java_programs.GCD.gcd(GCD.java:19)
	at java_programs.GCD.gcd(GCD.java:19)
	at java_programs.GCD.gcd(GCD.java:19)
	at java_programs.GCD.gcd(GCD.java:19)
	at java_programs.GCD.gcd(GCD.java:19)
	at java_programs.GCD.gcd(GCD.java:19)
	at java_programs.GCD.gcd(GCD.java:19)
	at java_programs.GCD.gcd(GCD.java:19)
	at java_programs.GCD.gcd(GCD.java:19)
	at java_programs.GCD.gcd(GCD.java:19)
	at java_programs.GCD.gcd(GCD.java:19)
	at java_programs.GCD.gcd(GCD.java:19)
	at java_programs.GCD.gcd(GCD.java:19)
	at java_programs.GCD.gcd(GCD.java:19)
	at java_programs.GCD.gcd(GCD.java:19)
	at java_programs.GCD.gcd(GCD.java:19)
	at java_programs.GCD.gcd(GCD.java:19)
	at java_programs.GCD.gcd(GCD.java:19)
	at java_programs.GCD.gcd(GCD.java:19)
	at java_programs.GCD.gcd(GCD.java:19)
	at java_programs.GCD.gcd(GCD.java:19)
	at java_programs.GCD.gcd(GCD.java:19)
	at java_programs.GCD.gcd(GCD.java:19)
	at java_programs.GCD.gcd(GCD.java:19)
	at java_programs.GCD.gcd(GCD.java:19)
	at java_programs.GCD.gcd(GCD.java:19)
	at java_programs.GCD.gcd(GCD.java:19)
	at java_programs.GCD.gcd(GCD.java:19)
	at java_programs.GCD.gcd(GCD.java:19)
	at java_programs.GCD.gcd(GCD.java:19)
	at java_programs.GCD.gcd(GCD.java:19)
	at java_programs.GCD.gcd(GCD.java:19)
	at java_programs.GCD.gcd(GCD.java:19)
	at java_programs.GCD.gcd(GCD.java:19)
	at java_programs.GCD.gcd(GCD.java:19)
	at java_programs.GCD.gcd(GCD.java:19)
	at java_programs.GCD.gcd(GCD.java:19)
	at java_programs.GCD.gcd(GCD.java:19)
	at java_programs.GCD.gcd(GCD.java:19)
	at java_programs.GCD.gcd(GCD.java:19)
	at java_programs.GCD.gcd(GCD.java:19)
	at java_programs.GCD.gcd(GCD.java:19)
	at java_programs.GCD.gcd(GCD.java:19)
	at java_programs.GCD.gcd(GCD.java:19)
	at java_programs.GCD.gcd(GCD.java:19)
	at java_programs.GCD.gcd(GCD.java:19)
	at java_programs.GCD.gcd(GCD.java:19)
	at java_programs.GCD.gcd(GCD.java:19)
	at java_programs.GCD.gcd(GCD.java:19)
	at java_programs.GCD.gcd(GCD.java:19)
	at java_programs.GCD.gcd(GCD.java:19)
	at java_programs.GCD.gcd(GCD.java:19)
	at java_programs.GCD.gcd(GCD.java:19)
	at java_programs.GCD.gcd(GCD.java:19)
	at java_programs.GCD.gcd(GCD.java:19)
	at java_programs.GCD.gcd(GCD.java:19)
	at java_programs.GCD.gcd(GCD.java:19)
	at java_programs.GCD.gcd(GCD.java:19)
	at java_programs.GCD.gcd(GCD.java:19)
	at java_programs.GCD.gcd(GCD.java:19)
	at java_programs.GCD.gcd(GCD.java:19)
	at java_programs.GCD.gcd(GCD.java:19)
	at java_programs.GCD.gcd(GCD.java:19)
	at java_programs.GCD.gcd(GCD.java:19)
	at java_programs.GCD.gcd(GCD.java:19)
	at java_programs.GCD.gcd(GCD.java:19)
	at java_programs.GCD.gcd(GCD.java:19)
	at java_programs.GCD.gcd(GCD.java:19)
	at java_programs.GCD.gcd(GCD.java:19)
	at java_programs.GCD.gcd(GCD.java:19)
	at java_programs.GCD.gcd(GCD.java:19)
	at java_programs.GCD.gcd(GCD.java:19)
	at java_programs.GCD.gcd(GCD.java:19)
	at java_programs.GCD.gcd(GCD.java:19)
	at java_programs.GCD.gcd(GCD.java:19)
	at java_programs.GCD.gcd(GCD.java:19)
	at java_programs.GCD.gcd(GCD.java:19)
	at java_programs.GCD.gcd(GCD.java:19)
	at java_programs.GCD.gcd(GCD.java:19)
	at java_programs.GCD.gcd(GCD.java:19)
	at java_programs.GCD.gcd(GCD.java:19)
	at java_programs.GCD.gcd(GCD.java:19)
	at java_programs.GCD.gcd(GCD.java:19)
	at java_programs.GCD.gcd(GCD.java:19)
	at java_programs.GCD.gcd(GCD.java:19)
	at java_programs.GCD.gcd(GCD.java:19)
	at java_programs.GCD.gcd(GCD.java:19)
	at java_programs.GCD.gcd(GCD.java:19)
	at java_programs.GCD.gcd(GCD.java:19)
	at java_programs.GCD.gcd(GCD.java:19)
	at java_programs.GCD.gcd(GCD.java:19)
	at java_programs.GCD.gcd(GCD.java:19)
	at java_programs.GCD.gcd(GCD.java:19)
	at java_programs.GCD.gcd(GCD.java:19)
	at java_programs.GCD.gcd(GCD.java:19)
	at java_programs.GCD.gcd(GCD.java:19)
	at java_programs.GCD.gcd(GCD.java:19)
	at java_programs.GCD.gcd(GCD.java:19)
	at java_programs.GCD.gcd(GCD.java:19)
	at java_programs.GCD.gcd(GCD.java:19)
	at java_programs.GCD.gcd(GCD.java:19)
	at java_programs.GCD.gcd(GCD.java:19)
	at java_programs.GCD.gcd(GCD.java:19)
	at java_programs.GCD.gcd(GCD.java:19)
	at java_programs.GCD.gcd(GCD.java:19)
	at java_programs.GCD.gcd(GCD.java:19)
	at java_programs.GCD.gcd(GCD.java:19)
	at java_programs.GCD.gcd(GCD.java:19)
	at java_programs.GCD.gcd(GCD.java:19)
	at java_programs.GCD.gcd(GCD.java:19)
	at java_programs.GCD.gcd(GCD.java:19)
	at java_programs.GCD.gcd(GCD.java:19)
	at java_programs.GCD.gcd(GCD.java:19)
	at java_programs.GCD.gcd(GCD.java:19)
	at java_programs.GCD.gcd(GCD.java:19)
	at java_programs.GCD.gcd(GCD.java:19)
	at java_programs.GCD.gcd(GCD.java:19)
	at java_programs.GCD.gcd(GCD.java:19)
	at java_programs.GCD.gcd(GCD.java:19)
	at java_programs.GCD.gcd(GCD.java:19)
	at java_programs.GCD.gcd(GCD.java:19)
	at java_programs.GCD.gcd(GCD.java:19)
	at java_programs.GCD.gcd(GCD.java:19)
	at java_programs.GCD.gcd(GCD.java:19)
	at java_programs.GCD.gcd(GCD.java:19)
	at java_programs.GCD.gcd(GCD.java:19)
	at java_programs.GCD.gcd(GCD.java:19)
	at java_programs.GCD.gcd(GCD.java:19)
	at java_programs.GCD.gcd(GCD.java:19)
	at java_programs.GCD.gcd(GCD.java:19)
	at java_programs.GCD.gcd(GCD.java:19)
	at java_programs.GCD.gcd(GCD.java:19)
	at java_programs.GCD.gcd(GCD.java:19)
	at java_programs.GCD.gcd(GCD.java:19)
	at java_programs.GCD.gcd(GCD.java:19)
	at java_programs.GCD.gcd(GCD.java:19)
	at java_programs.GCD.gcd(GCD.java:19)
	at java_programs.GCD.gcd(GCD.java:19)
	at java_programs.GCD.gcd(GCD.java:19)
	at java_programs.GCD.gcd(GCD.java:19)
	at java_programs.GCD.gcd(GCD.java:19)
	at java_programs.GCD.gcd(GCD.java:19)
	at java_programs.GCD.gcd(GCD.java:19)
	at java_programs.GCD.gcd(GCD.java:19)
	at java_programs.GCD.gcd(GCD.java:19)
	at java_programs.GCD.gcd(GCD.java:19)
	at java_programs.GCD.gcd(GCD.java:19)
	at java_programs.GCD.gcd(GCD.java:19)
	at java_programs.GCD.gcd(GCD.java:19)
	at java_programs.GCD.gcd(GCD.java:19)
	at java_programs.GCD.gcd(GCD.java:19)
	at java_programs.GCD.gcd(GCD.java:19)
	at java_programs.GCD.gcd(GCD.java:19)
	at java_programs.GCD.gcd(GCD.java:19)
	at java_programs.GCD.gcd(GCD.java:19)
	at java_programs.GCD.gcd(GCD.java:19)
	at java_programs.GCD.gcd(GCD.java:19)
	at java_programs.GCD.gcd(GCD.java:19)
	at java_programs.GCD.gcd(GCD.java:19)
	at java_programs.GCD.gcd(GCD.java:19)
	at java_programs.GCD.gcd(GCD.java:19)
	at java_programs.GCD.gcd(GCD.java:19)
	at java_programs.GCD.gcd(GCD.java:19)
	at java_programs.GCD.gcd(GCD.java:19)
	at java_programs.GCD.gcd(GCD.java:19)
	at java_programs.GCD.gcd(GCD.java:19)
	at java_programs.GCD.gcd(GCD.java:19)
	at java_programs.GCD.gcd(GCD.java:19)
	at java_programs.GCD.gcd(GCD.java:19)
	at java_programs.GCD.gcd(GCD.java:19)
	at java_programs.GCD.gcd(GCD.java:19)
	at java_programs.GCD.gcd(GCD.java:19)
	at java_programs.GCD.gcd(GCD.java:19)
	at java_programs.GCD.gcd(GCD.java:19)
	at java_programs.GCD.gcd(GCD.java:19)
	at java_programs.GCD.gcd(GCD.java:19)
	at java_programs.GCD.gcd(GCD.java:19)
	at java_programs.GCD.gcd(GCD.java:19)
	at java_programs.GCD.gcd(GCD.java:19)
	at java_programs.GCD.gcd(GCD.java:19)
	at java_programs.GCD.gcd(GCD.java:19)
	at java_programs.GCD.gcd(GCD.java:19)
	at java_programs.GCD.gcd(GCD.java:19)
	at java_programs.GCD.gcd(GCD.java:19)
	at java_programs.GCD.gcd(GCD.java:19)
	at java_programs.GCD.gcd(GCD.java:19)
	at java_programs.GCD.gcd(GCD.java:19)
	at java_programs.GCD.gcd(GCD.java:19)
	at java_programs.GCD.gcd(GCD.java:19)
	at java_programs.GCD.gcd(GCD.java:19)
	at java_programs.GCD.gcd(GCD.java:19)
	at java_programs.GCD.gcd(GCD.java:19)
	at java_programs.GCD.gcd(GCD.java:19)
	at java_programs.GCD.gcd(GCD.java:19)
	at java_programs.GCD.gcd(GCD.java:19)
	at java_programs.GCD.gcd(GCD.java:19)
	at java_programs.GCD.gcd(GCD.java:19)
	at java_programs.GCD.gcd(GCD.java:19)
	at java_programs.GCD.gcd(GCD.java:19)
	at java_programs.GCD.gcd(GCD.java:19)
	at java_programs.GCD.gcd(GCD.java:19)
	at java_programs.GCD.gcd(GCD.java:19)
	at java_programs.GCD.gcd(GCD.java:19)
	at java_programs.GCD.gcd(GCD.java:19)
	at java_programs.GCD.gcd(GCD.java:19)
	at java_programs.GCD.gcd(GCD.java:19)
	at java_programs.GCD.gcd(GCD.java:19)
	at java_programs.GCD.gcd(GCD.java:19)
	at java_programs.GCD.gcd(GCD.java:19)
	at java_programs.GCD.gcd(GCD.java:19)
	at java_programs.GCD.gcd(GCD.java:19)
	at java_programs.GCD.gcd(GCD.java:19)
	at java_programs.GCD.gcd(GCD.java:19)
	at java_programs.GCD.gcd(GCD.java:19)
	at java_programs.GCD.gcd(GCD.java:19)
	at java_programs.GCD.gcd(GCD.java:19)
	at java_programs.GCD.gcd(GCD.java:19)
	at java_programs.GCD.gcd(GCD.java:19)
	at java_programs.GCD.gcd(GCD.java:19)
	at java_programs.GCD.gcd(GCD.java:19)
	at java_programs.GCD.gcd(GCD.java:19)
	at java_programs.GCD.gcd(GCD.java:19)
	at java_programs.GCD.gcd(GCD.java:19)
	at java_programs.GCD.gcd(GCD.java:19)
	at java_programs.GCD.gcd(GCD.java:19)
	at java_programs.GCD.gcd(GCD.java:19)
	at java_programs.GCD.gcd(GCD.java:19)
	at java_programs.GCD.gcd(GCD.java:19)
	at java_programs.GCD.gcd(GCD.java:19)
	at java_programs.GCD.gcd(GCD.java:19)
	at java_programs.GCD.gcd(GCD.java:19)
	at java_programs.GCD.gcd(GCD.java:19)
	at java_programs.GCD.gcd(GCD.java:19)
	at java_programs.GCD.gcd(GCD.java:19)
	at java_programs.GCD.gcd(GCD.java:19)
	at java_programs.GCD.gcd(GCD.java:19)
	at java_programs.GCD.gcd(GCD.java:19)
	at java_programs.GCD.gcd(GCD.java:19)
	at java_programs.GCD.gcd(GCD.java:19)
	at java_programs.GCD.gcd(GCD.java:19)
	at java_programs.GCD.gcd(GCD.java:19)
	at java_programs.GCD.gcd(GCD.java:19)
	at java_programs.GCD.gcd(GCD.java:19)
	at java_programs.GCD.gcd(GCD.java:19)
	at java_programs.GCD.gcd(GCD.java:19)
	at java_programs.GCD.gcd(GCD.java:19)
	at java_programs.GCD.gcd(GCD.java:19)
	at java_programs.GCD.gcd(GCD.java:19)
	at java_programs.GCD.gcd(GCD.java:19)
	at java_programs.GCD.gcd(GCD.java:19)
	at java_programs.GCD.gcd(GCD.java:19)
	at java_programs.GCD.gcd(GCD.java:19)
	at java_programs.GCD.gcd(GCD.java:19)
	at java_programs.GCD.gcd(GCD.java:19)
	at java_programs.GCD.gcd(GCD.java:19)
	at java_programs.GCD.gcd(GCD.java:19)
	at java_programs.GCD.gcd(GCD.java:19)
	at java_programs.GCD.gcd(GCD.java:19)
	at java_programs.GCD.gcd(GCD.java:19)
	at java_programs.GCD.gcd(GCD.java:19)
	at java_programs.GCD.gcd(GCD.java:19)
	at java_programs.GCD.gcd(GCD.java:19)
	at java_programs.GCD.gcd(GCD.java:19)
	at java_programs.GCD.gcd(GCD.java:19)
	at java_programs.GCD.gcd(GCD.java:19)
	at java_programs.GCD.gcd(GCD.java:19)
	at java_programs.GCD.gcd(GCD.java:19)
	at java_programs.GCD.gcd(GCD.java:19)
	at java_programs.GCD.gcd(GCD.java:19)
	at java_programs.GCD.gcd(GCD.java:19)
	at java_programs.GCD.gcd(GCD.java:19)
	at java_programs.GCD.gcd(GCD.java:19)
	at java_programs.GCD.gcd(GCD.java:19)
	at java_programs.GCD.gcd(GCD.java:19)
	at java_programs.GCD.gcd(GCD.java:19)
	at java_programs.GCD.gcd(GCD.java:19)
	at java_programs.GCD.gcd(GCD.java:19)
	at java_programs.GCD.gcd(GCD.java:19)
	at java_programs.GCD.gcd(GCD.java:19)
	at java_programs.GCD.gcd(GCD.java:19)
	at java_programs.GCD.gcd(GCD.java:19)
	at java_programs.GCD.gcd(GCD.java:19)
	at java_programs.GCD.gcd(GCD.java:19)
	at java_programs.GCD.gcd(GCD.java:19)
	at java_programs.GCD.gcd(GCD.java:19)
	at java_programs.GCD.gcd(GCD.java:19)
	at java_programs.GCD.gcd(GCD.java:19)
	at java_programs.GCD.gcd(GCD.java:19)
	at java_programs.GCD.gcd(GCD.java:19)
	at java_programs.GCD.gcd(GCD.java:19)
	at java_programs.GCD.gcd(GCD.java:19)
	at java_programs.GCD.gcd(GCD.java:19)
	at java_programs.GCD.gcd(GCD.java:19)
	at java_programs.GCD.gcd(GCD.java:19)
	at java_programs.GCD.gcd(GCD.java:19)
	at java_programs.GCD.gcd(GCD.java:19)
	at java_programs.GCD.gcd(GCD.java:19)
	at java_programs.GCD.gcd(GCD.java:19)
	at java_programs.GCD.gcd(GCD.java:19)
	at java_programs.GCD.gcd(GCD.java:19)
	at java_programs.GCD.gcd(GCD.java:19)
	at java_programs.GCD.gcd(GCD.java:19)
	at java_programs.GCD.gcd(GCD.java:19)
	at java_programs.GCD.gcd(GCD.java:19)
	at java_programs.GCD.gcd(GCD.java:19)
	at java_programs.GCD.gcd(GCD.java:19)
	at java_programs.GCD.gcd(GCD.java:19)
	at java_programs.GCD.gcd(GCD.java:19)
	at java_programs.GCD.gcd(GCD.java:19)
	at java_programs.GCD.gcd(GCD.java:19)
	at java_programs.GCD.gcd(GCD.java:19)
	at java_programs.GCD.gcd(GCD.java:19)
	at java_programs.GCD.gcd(GCD.java:19)
	at java_programs.GCD.gcd(GCD.java:19)
	at java_programs.GCD.gcd(GCD.java:19)
	at java_programs.GCD.gcd(GCD.java:19)
	at java_programs.GCD.gcd(GCD.java:19)
	at java_programs.GCD.gcd(GCD.java:19)
	at java_programs.GCD.gcd(GCD.java:19)
	at java_programs.GCD.gcd(GCD.java:19)
	at java_programs.GCD.gcd(GCD.java:19)
	at java_programs.GCD.gcd(GCD.java:19)
	at java_programs.GCD.gcd(GCD.java:19)
	at java_programs.GCD.gcd(GCD.java:19)
	at java_programs.GCD.gcd(GCD.java:19)
	at java_programs.GCD.gcd(GCD.java:19)
	at java_programs.GCD.gcd(GCD.java:19)
	at java_programs.GCD.gcd(GCD.java:19)
	at java_programs.GCD.gcd(GCD.java:19)
	at java_programs.GCD.gcd(GCD.java:19)
	at java_programs.GCD.gcd(GCD.java:19)
	at java_programs.GCD.gcd(GCD.java:19)
	at java_programs.GCD.gcd(GCD.java:19)
	at java_programs.GCD.gcd(GCD.java:19)
	at java_programs.GCD.gcd(GCD.java:19)
	at java_programs.GCD.gcd(GCD.java:19)
	at java_programs.GCD.gcd(GCD.java:19)
	at java_programs.GCD.gcd(GCD.java:19)
	at java_programs.GCD.gcd(GCD.java:19)
	at java_programs.GCD.gcd(GCD.java:19)
	at java_programs.GCD.gcd(GCD.java:19)
	at java_programs.GCD.gcd(GCD.java:19)
	at java_programs.GCD.gcd(GCD.java:19)
	at java_programs.GCD.gcd(GCD.java:19)
	at java_programs.GCD.gcd(GCD.java:19)
	at java_programs.GCD.gcd(GCD.java:19)
	at java_programs.GCD.gcd(GCD.java:19)
	at java_programs.GCD.gcd(GCD.java:19)
	at java_programs.GCD.gcd(GCD.java:19)
	at java_programs.GCD.gcd(GCD.java:19)
	at java_programs.GCD.gcd(GCD.java:19)
	at java_programs.GCD.gcd(GCD.java:19)
	at java_programs.GCD.gcd(GCD.java:19)
	at java_programs.GCD.gcd(GCD.java:19)
	at java_programs.GCD.gcd(GCD.java:19)
	at java_programs.GCD.gcd(GCD.java:19)
	at java_programs.GCD.gcd(GCD.java:19)
	at java_programs.GCD.gcd(GCD.java:19)
	at java_programs.GCD.gcd(GCD.java:19)
	at java_programs.GCD.gcd(GCD.java:19)
	at java_programs.GCD.gcd(GCD.java:19)
	at java_programs.GCD.gcd(GCD.java:19)
	at java_programs.GCD.gcd(GCD.java:19)
	at java_programs.GCD.gcd(GCD.java:19)
	at java_programs.GCD.gcd(GCD.java:19)
	at java_programs.GCD.gcd(GCD.java:19)
	at java_programs.GCD.gcd(GCD.java:19)
	at java_programs.GCD.gcd(GCD.java:19)
	at java_programs.GCD.gcd(GCD.java:19)
	at java_programs.GCD.gcd(GCD.java:19)
	at java_programs.GCD.gcd(GCD.java:19)
	at java_programs.GCD.gcd(GCD.java:19)
	at java_programs.GCD.gcd(GCD.java:19)
	at java_programs.GCD.gcd(GCD.java:19)
	at java_programs.GCD.gcd(GCD.java:19)
	at java_programs.GCD.gcd(GCD.java:19)
	at java_programs.GCD.gcd(GCD.java:19)
	at java_programs.GCD.gcd(GCD.java:19)
	at java_programs.GCD.gcd(GCD.java:19)
	at java_programs.GCD.gcd(GCD.java:19)
	at java_programs.GCD.gcd(GCD.java:19)
	at java_programs.GCD.gcd(GCD.java:19)
	at java_programs.GCD.gcd(GCD.java:19)
	at java_programs.GCD.gcd(GCD.java:19)
	at java_programs.GCD.gcd(GCD.java:19)
	at java_programs.GCD.gcd(GCD.java:19)
	at java_programs.GCD.gcd(GCD.java:19)
	at java_programs.GCD.gcd(GCD.java:19)
	at java_programs.GCD.gcd(GCD.java:19)
	at java_programs.GCD.gcd(GCD.java:19)
	at java_programs.GCD.gcd(GCD.java:19)
	at java_programs.GCD.gcd(GCD.java:19)
	at java_programs.GCD.gcd(GCD.java:19)
	at java_programs.GCD.gcd(GCD.java:19)
	at java_programs.GCD.gcd(GCD.java:19)
	at java_programs.GCD.gcd(GCD.java:19)
	at java_programs.GCD.gcd(GCD.java:19)
	at java_programs.GCD.gcd(GCD.java:19)
	at java_programs.GCD.gcd(GCD.java:19)
	at java_programs.GCD.gcd(GCD.java:19)
	at java_programs.GCD.gcd(GCD.java:19)
	at java_programs.GCD.gcd(GCD.java:19)
	at java_programs.GCD.gcd(GCD.java:19)
	at java_programs.GCD.gcd(GCD.java:19)
	at java_programs.GCD.gcd(GCD.java:19)
	at java_programs.GCD.gcd(GCD.java:19)
	at java_programs.GCD.gcd(GCD.java:19)
	at java_programs.GCD.gcd(GCD.java:19)
	at java_programs.GCD.gcd(GCD.java:19)
	at java_programs.GCD.gcd(GCD.java:19)
	at java_programs.GCD.gcd(GCD.java:19)
	at java_programs.GCD.gcd(GCD.java:19)
	at java_programs.GCD.gcd(GCD.java:19)
	at java_programs.GCD.gcd(GCD.java:19)
	at java_programs.GCD.gcd(GCD.java:19)
	at java_programs.GCD.gcd(GCD.java:19)
	at java_programs.GCD.gcd(GCD.java:19)
	at java_programs.GCD.gcd(GCD.java:19)
	at java_programs.GCD.gcd(GCD.java:19)
	at java_programs.GCD.gcd(GCD.java:19)
	at java_programs.GCD.gcd(GCD.java:19)
	at java_programs.GCD.gcd(GCD.java:19)
	at java_programs.GCD.gcd(GCD.java:19)
	at java_programs.GCD.gcd(GCD.java:19)
	at java_programs.GCD.gcd(GCD.java:19)
	at java_programs.GCD.gcd(GCD.java:19)
	at java_programs.GCD.gcd(GCD.java:19)
	at java_programs.GCD.gcd(GCD.java:19)
	at java_programs.GCD.gcd(GCD.java:19)
	at java_programs.GCD.gcd(GCD.java:19)
	at java_programs.GCD.gcd(GCD.java:19)
	at java_programs.GCD.gcd(GCD.java:19)
	at java_programs.GCD.gcd(GCD.java:19)
	at java_programs.GCD.gcd(GCD.java:19)
	at java_programs.GCD.gcd(GCD.java:19)
	at java_programs.GCD.gcd(GCD.java:19)
	at java_programs.GCD.gcd(GCD.java:19)
	at java_programs.GCD.gcd(GCD.java:19)
	at java_programs.GCD.gcd(GCD.java:19)
	at java_programs.GCD.gcd(GCD.java:19)
	at java_programs.GCD.gcd(GCD.java:19)
	at java_programs.GCD.gcd(GCD.java:19)
	at java_programs.GCD.gcd(GCD.java:19)
	at java_programs.GCD.gcd(GCD.java:19)
	at java_programs.GCD.gcd(GCD.java:19)
	at java_programs.GCD.gcd(GCD.java:19)
	at java_programs.GCD.gcd(GCD.java:19)
	at java_programs.GCD.gcd(GCD.java:19)
	at java_programs.GCD.gcd(GCD.java:19)
	at java_programs.GCD.gcd(GCD.java:19)
	at java_programs.GCD.gcd(GCD.java:19)
	at java_programs.GCD.gcd(GCD.java:19)
	at java_programs.GCD.gcd(GCD.java:19)
	at java_programs.GCD.gcd(GCD.java:19)
	at java_programs.GCD.gcd(GCD.java:19)
	at java_programs.GCD.gcd(GCD.java:19)
	at java_programs.GCD.gcd(GCD.java:19)
	at java_programs.GCD.gcd(GCD.java:19)
	at java_programs.GCD.gcd(GCD.java:19)
	at java_programs.GCD.gcd(GCD.java:19)
	at java_programs.GCD.gcd(GCD.java:19)
	at java_programs.GCD.gcd(GCD.java:19)
	at java_programs.GCD.gcd(GCD.java:19)
	at java_programs.GCD.gcd(GCD.java:19)
	at java_programs.GCD.gcd(GCD.java:19)
	at java_programs.GCD.gcd(GCD.java:19)
	at java_programs.GCD.gcd(GCD.java:19)
	at java_programs.GCD.gcd(GCD.java:19)
	at java_programs.GCD.gcd(GCD.java:19)
	at java_programs.GCD.gcd(GCD.java:19)
	at java_programs.GCD.gcd(GCD.java:19)
	at java_programs.GCD.gcd(GCD.java:19)
	at java_programs.GCD.gcd(GCD.java:19)
	at java_programs.GCD.gcd(GCD.java:19)
	at java_programs.GCD.gcd(GCD.java:19)
	at java_programs.GCD.gcd(GCD.java:19)
	at java_programs.GCD.gcd(GCD.java:19)
	at java_programs.GCD.gcd(GCD.java:19)
	at java_programs.GCD.gcd(GCD.java:19)
	at java_programs.GCD.gcd(GCD.java:19)
	at java_programs.GCD.gcd(GCD.java:19)
	at java_programs.GCD.gcd(GCD.java:19)
	at java_programs.GCD.gcd(GCD.java:19)
	at java_programs.GCD.gcd(GCD.java:19)
	at java_programs.GCD.gcd(GCD.java:19)
	at java_programs.GCD.gcd(GCD.java:19)
	at java_programs.GCD.gcd(GCD.java:19)
	at java_programs.GCD.gcd(GCD.java:19)
	at java_programs.GCD.gcd(GCD.java:19)
	at java_programs.GCD.gcd(GCD.java:19)
	at java_programs.GCD.gcd(GCD.java:19)
	at java_programs.GCD.gcd(GCD.java:19)
	at java_programs.GCD.gcd(GCD.java:19)
	at java_programs.GCD.gcd(GCD.java:19)
	at java_programs.GCD.gcd(GCD.java:19)
	at java_programs.GCD.gcd(GCD.java:19)
	at java_programs.GCD.gcd(GCD.java:19)
	at java_programs.GCD.gcd(GCD.java:19)
	at java_programs.GCD.gcd(GCD.java:19)
	at java_programs.GCD.gcd(GCD.java:19)
	at java_programs.GCD.gcd(GCD.java:19)
	at java_programs.GCD.gcd(GCD.java:19)
	at java_programs.GCD.gcd(GCD.java:19)
	at java_programs.GCD.gcd(GCD.java:19)
	at java_programs.GCD.gcd(GCD.java:19)
	at java_programs.GCD.gcd(GCD.java:19)
	at java_programs.GCD.gcd(GCD.java:19)
	at java_programs.GCD.gcd(GCD.java:19)
	at java_programs.GCD.gcd(GCD.java:19)
	at java_programs.GCD.gcd(GCD.java:19)
	at java_programs.GCD.gcd(GCD.java:19)
	at java_programs.GCD.gcd(GCD.java:19)
	at java_programs.GCD.gcd(GCD.java:19)
	at java_programs.GCD.gcd(GCD.java:19)
	at java_programs.GCD.gcd(GCD.java:19)
	at java_programs.GCD.gcd(GCD.java:19)
	at java_programs.GCD.gcd(GCD.java:19)
	at java_programs.GCD.gcd(GCD.java:19)
	at java_programs.GCD.gcd(GCD.java:19)
	at java_programs.GCD.gcd(GCD.java:19)
	at java_programs.GCD.gcd(GCD.java:19)
	at java_programs.GCD.gcd(GCD.java:19)
	at java_programs.GCD.gcd(GCD.java:19)
	at java_programs.GCD.gcd(GCD.java:19)
	at java_programs.GCD.gcd(GCD.java:19)
	at java_programs.GCD.gcd(GCD.java:19)
	at java_programs.GCD.gcd(GCD.java:19)
	at java_programs.GCD.gcd(GCD.java:19)
	at java_programs.GCD.gcd(GCD.java:19)
	at java_programs.GCD.gcd(GCD.java:19)
	at java_programs.GCD.gcd(GCD.java:19)
	at java_programs.GCD.gcd(GCD.java:19)
	at java_programs.GCD.gcd(GCD.java:19)
	at java_programs.GCD.gcd(GCD.java:19)
	at java_programs.GCD.gcd(GCD.java:19)
	at java_programs.GCD.gcd(GCD.java:19)
	at java_programs.GCD.gcd(GCD.java:19)
	at java_programs.GCD.gcd(GCD.java:19)
	at java_programs.GCD.gcd(GCD.java:19)
	at java_programs.GCD.gcd(GCD.java:19)
	at java_programs.GCD.gcd(GCD.java:19)
	at java_programs.GCD.gcd(GCD.java:19)
	at java_programs.GCD.gcd(GCD.java:19)
	at java_programs.GCD.gcd(GCD.java:19)
	at java_programs.GCD.gcd(GCD.java:19)
	at java_programs.GCD.gcd(GCD.java:19)
	at java_programs.GCD.gcd(GCD.java:19)
	at java_programs.GCD.gcd(GCD.java:19)
	at java_programs.GCD.gcd(GCD.java:19)
	at java_programs.GCD.gcd(GCD.java:19)
	at java_programs.GCD.gcd(GCD.java:19)
	at java_programs.GCD.gcd(GCD.java:19)
	at java_programs.GCD.gcd(GCD.java:19)
	at java_programs.GCD.gcd(GCD.java:19)
	at java_programs.GCD.gcd(GCD.java:19)
	at java_programs.GCD.gcd(GCD.java:19)
	at java_programs.GCD.gcd(GCD.java:19)
	at java_programs.GCD.gcd(GCD.java:19)
	at java_programs.GCD.gcd(GCD.java:19)
	at java_programs.GCD.gcd(GCD.java:19)
	at java_programs.GCD.gcd(GCD.java:19)
	at java_programs.GCD.gcd(GCD.java:19)
	at java_programs.GCD.gcd(GCD.java:19)
	at java_programs.GCD.gcd(GCD.java:19)
	at java_programs.GCD.gcd(GCD.java:19)
	at java_programs.GCD.gcd(GCD.java:19)
	at java_programs.GCD.gcd(GCD.java:19)
	at java_programs.GCD.gcd(GCD.java:19)
	at java_programs.GCD.gcd(GCD.java:19)
	at java_programs.GCD.gcd(GCD.java:19)
	at java_programs.GCD.gcd(GCD.java:19)
	at java_programs.GCD.gcd(GCD.java:19)
	at java_programs.GCD.gcd(GCD.java:19)
	at java_programs.GCD.gcd(GCD.java:19)
	at java_programs.GCD.gcd(GCD.java:19)
	at java_programs.GCD.gcd(GCD.java:19)
	at java_programs.GCD.gcd(GCD.java:19)
	at java_programs.GCD.gcd(GCD.java:19)
	at java_programs.GCD.gcd(GCD.java:19)
	at java_programs.GCD.gcd(GCD.java:19)
	at java_programs.GCD.gcd(GCD.java:19)
	at java_programs.GCD.gcd(GCD.java:19)
	at java_programs.GCD.gcd(GCD.java:19)
	at java_programs.GCD.gcd(GCD.java:19)
	at java_programs.GCD.gcd(GCD.java:19)
	at java_programs.GCD.gcd(GCD.java:19)
	at java_programs.GCD.gcd(GCD.java:19)
	at java_programs.GCD.gcd(GCD.java:19)
	at java_programs.GCD.gcd(GCD.java:19)
	at java_programs.GCD.gcd(GCD.java:19)
	at java_programs.GCD.gcd(GCD.java:19)
	at java_programs.GCD.gcd(GCD.java:19)
	at java_programs.GCD.gcd(GCD.java:19)
	at java_programs.GCD.gcd(GCD.java:19)
	at java_programs.GCD.gcd(GCD.java:19)
	at java_programs.GCD.gcd(GCD.java:19)
	at java_programs.GCD.gcd(GCD.java:19)
	at java_programs.GCD.gcd(GCD.java:19)
	at java_programs.GCD.gcd(GCD.java:19)
	at java_programs.GCD.gcd(GCD.java:19)
	at java_programs.GCD.gcd(GCD.java:19)
	at java_programs.GCD.gcd(GCD.java:19)
	at java_programs.GCD.gcd(GCD.java:19)
	at java_programs.GCD.gcd(GCD.java:19)
	at java_programs.GCD.gcd(GCD.java:19)
	at java_programs.GCD.gcd(GCD.java:19)
	at java_programs.GCD.gcd(GCD.java:19)
	at java_programs.GCD.gcd(GCD.java:19)
	at java_programs.GCD.gcd(GCD.java:19)
	at java_programs.GCD.gcd(GCD.java:19)
	at java_programs.GCD.gcd(GCD.java:19)
	at java_programs.GCD.gcd(GCD.java:19)
	at java_programs.GCD.gcd(GCD.java:19)
	at java_programs.GCD.gcd(GCD.java:19)
	at java_programs.GCD.gcd(GCD.java:19)
	at java_programs.GCD.gcd(GCD.java:19)
	at java_programs.GCD.gcd(GCD.java:19)
	at java_programs.GCD.gcd(GCD.java:19)
	at java_programs.GCD.gcd(GCD.java:19)
	at java_programs.GCD.gcd(GCD.java:19)
	at java_programs.GCD.gcd(GCD.java:19)
	at java_programs.GCD.gcd(GCD.java:19)
	at java_programs.GCD.gcd(GCD.java:19)
	at java_programs.GCD.gcd(GCD.java:19)
	at java_programs.GCD.gcd(GCD.java:19)
	at java_programs.GCD.gcd(GCD.java:19)
	at java_programs.GCD.gcd(GCD.java:19)
	at java_programs.GCD.gcd(GCD.java:19)
	at java_programs.GCD.gcd(GCD.java:19)
	at java_programs.GCD.gcd(GCD.java:19)
	at java_programs.GCD.gcd(GCD.java:19)
	at java_programs.GCD.gcd(GCD.java:19)
	at java_programs.GCD.gcd(GCD.java:19)
	at java_programs.GCD.gcd(GCD.java:19)
	at java_programs.GCD.gcd(GCD.java:19)
	at java_programs.GCD.gcd(GCD.java:19)
	at java_programs.GCD.gcd(GCD.java:19)
	at java_programs.GCD.gcd(GCD.java:19)
	at java_programs.GCD.gcd(GCD.java:19)
	at java_programs.GCD.gcd(GCD.java:19)
	at java_programs.GCD.gcd(GCD.java:19)
	at java_programs.GCD.gcd(GCD.java:19)
	at java_programs.GCD.gcd(GCD.java:19)
	at java_programs.GCD.gcd(GCD.java:19)
	at java_programs.GCD.gcd(GCD.java:19)
	at java_programs.GCD.gcd(GCD.java:19)
	at java_programs.GCD.gcd(GCD.java:19)
	at java_programs.GCD.gcd(GCD.java:19)
	at java_programs.GCD.gcd(GCD.java:19)
	at java_programs.GCD.gcd(GCD.java:19)
	at java_programs.GCD.gcd(GCD.java:19)
	at java_programs.GCD.gcd(GCD.java:19)
	at java_programs.GCD.gcd(GCD.java:19)
	at java_programs.GCD.gcd(GCD.java:19)
	at java_programs.GCD.gcd(GCD.java:19)
	at java_programs.GCD.gcd(GCD.java:19)
	at java_programs.GCD.gcd(GCD.java:19)
	at java_programs.GCD.gcd(GCD.java:19)
	at java_programs.GCD.gcd(GCD.java:19)
	at java_programs.GCD.gcd(GCD.java:19)
	at java_programs.GCD.gcd(GCD.java:19)
	at java_programs.GCD.gcd(GCD.java:19)
	at java_programs.GCD.gcd(GCD.java:19)
	at java_programs.GCD.gcd(GCD.java:19)
	at java_programs.GCD.gcd(GCD.java:19)
	at java_programs.GCD.gcd(GCD.java:19)
	at java_programs.GCD.gcd(GCD.java:19)
	at java_programs.GCD.gcd(GCD.java:19)
	at java_programs.GCD.gcd(GCD.java:19)
	at java_programs.GCD.gcd(GCD.java:19)
	at java_programs.GCD.gcd(GCD.java:19)
	at java_programs.GCD.gcd(GCD.java:19)
	at java_programs.GCD.gcd(GCD.java:19)
	at java_programs.GCD.gcd(GCD.java:19)
	at java_programs.GCD.gcd(GCD.java:19)
	at java_programs.GCD.gcd(GCD.java:19)
	at java_programs.GCD.gcd(GCD.java:19)
	at java_programs.GCD.gcd(GCD.java:19)
	at java_programs.GCD.gcd(GCD.java:19)
	at java_programs.GCD.gcd(GCD.java:19)
	at java_programs.GCD.gcd(GCD.java:19)
	at java_programs.GCD.gcd(GCD.java:19)
	at java_programs.GCD.gcd(GCD.java:19)
	at java_programs.GCD.gcd(GCD.java:19)
	at java_programs.GCD.gcd(GCD.java:19)
	at java_programs.GCD.gcd(GCD.java:19)
	at java_programs.GCD.gcd(GCD.java:19)
	at java_programs.GCD.gcd(GCD.java:19)
	at java_programs.GCD.gcd(GCD.java:19)
	at java_programs.GCD.gcd(GCD.java:19)
	at java_programs.GCD.gcd(GCD.java:19)
	at java_programs.GCD.gcd(GCD.java:19)
	at java_programs.GCD.gcd(GCD.java:19)
	at java_programs.GCD.gcd(GCD.java:19)
	at java_programs.GCD.gcd(GCD.java:19)
	at java_programs.GCD.gcd(GCD.java:19)
	at java_programs.GCD.gcd(GCD.java:19)
	at java_programs.GCD.gcd(GCD.java:19)
	at java_programs.GCD.gcd(GCD.java:19)
	at java_programs.GCD.gcd(GCD.java:19)
	at java_programs.GCD.gcd(GCD.java:19)
	at java_programs.GCD.gcd(GCD.java:19)
	at java_programs.GCD.gcd(GCD.java:19)
	at java_programs.GCD.gcd(GCD.java:19)
	at java_programs.GCD.gcd(GCD.java:19)
	at java_programs.GCD.gcd(GCD.java:19)
	at java_programs.GCD.gcd(GCD.java:19)
	at java_programs.GCD.gcd(GCD.java:19)
	at java_programs.GCD.gcd(GCD.java:19)
	at java_programs.GCD.gcd(GCD.java:19)
	at java_programs.GCD.gcd(GCD.java:19)
	at java_programs.GCD.gcd(GCD.java:19)
	at java_programs.GCD.gcd(GCD.java:19)
	at java_programs.GCD.gcd(GCD.java:19)
	at java_programs.GCD.gcd(GCD.java:19)
	at java_programs.GCD.gcd(GCD.java:19)
	at java_programs.GCD.gcd(GCD.java:19)
	at java_programs.GCD.gcd(GCD.java:19)
	at java_programs.GCD.gcd(GCD.java:19)
	at java_programs.GCD.gcd(GCD.java:19)
	at java_programs.GCD.gcd(GCD.java:19)
	at java_programs.GCD.gcd(GCD.java:19)
	at java_programs.GCD.gcd(GCD.java:19)
	at java_programs.GCD.gcd(GCD.java:19)
	at java_programs.GCD.gcd(GCD.java:19)
	at java_programs.GCD.gcd(GCD.java:19)
	at java_programs.GCD.gcd(GCD.java:19)
	at java_programs.GCD.gcd(GCD.java:19)
	at java_programs.GCD.gcd(GCD.java:19)
	at java_programs.GCD.gcd(GCD.java:19)
	at java_programs.GCD.gcd(GCD.java:19)
	at java_programs.GCD.gcd(GCD.java:19)
	at java_programs.GCD.gcd(GCD.java:19)
	at java_programs.GCD.gcd(GCD.java:19)
	at java_programs.GCD.gcd(GCD.java:19)
	at java_programs.GCD.gcd(GCD.java:19)
	at java_programs.GCD.gcd(GCD.java:19)
	at java_programs.GCD.gcd(GCD.java:19)
	at java_programs.GCD.gcd(GCD.java:19)
	at java_programs.GCD.gcd(GCD.java:19)
	at java_programs.GCD.gcd(GCD.java:19)
	at java_programs.GCD.gcd(GCD.java:19)
	at java_programs.GCD.gcd(GCD.java:19)
	at java_programs.GCD.gcd(GCD.java:19)
	at java_programs.GCD.gcd(GCD.java:19)
	at java_programs.GCD.gcd(GCD.java:19)
	at java_programs.GCD.gcd(GCD.java:19)
	at java_programs.GCD.gcd(GCD.java:19)
	at java_programs.GCD.gcd(GCD.java:19)
	at java_programs.GCD.gcd(GCD.java:19)
	at java_programs.GCD.gcd(GCD.java:19)
	at java_programs.GCD.gcd(GCD.java:19)
	at java_programs.GCD.gcd(GCD.java:19)
	at java_programs.GCD.gcd(GCD.java:19)
	at java_programs.GCD.gcd(GCD.java:19)
	at java_programs.GCD.gcd(GCD.java:19)
	at java_programs.GCD.gcd(GCD.java:19)
	at java_programs.GCD.gcd(GCD.java:19)
	at java_programs.GCD.gcd(GCD.java:19)
	at java_programs.GCD.gcd(GCD.java:19)
	at java_programs.GCD.gcd(GCD.java:19)
	at java_programs.GCD.gcd(GCD.java:19)
	at java_programs.GCD.gcd(GCD.java:19)
	at java_programs.GCD.gcd(GCD.java:19)
	at java_programs.GCD.gcd(GCD.java:19)
	at java_programs.GCD.gcd(GCD.java:19)
	at java_programs.GCD.gcd(GCD.java:19)
	at java_programs.GCD.gcd(GCD.java:19)
	at java_programs.GCD.gcd(GCD.java:19)
	at java_programs.GCD.gcd(GCD.java:19)
	at java_programs.GCD.gcd(GCD.java:19)
	at java_programs.GCD.gcd(GCD.java:19)
	at java_programs.GCD.gcd(GCD.java:19)
	at java_programs.GCD.gcd(GCD.java:19)
	at java_programs.GCD.gcd(GCD.java:19)
	at java_programs.GCD.gcd(GCD.java:19)
	at java_programs.GCD.gcd(GCD.java:19)
	at java_programs.GCD.gcd(GCD.java:19)
	at java_programs.GCD.gcd(GCD.java:19)
	at java_programs.GCD.gcd(GCD.java:19)
	at java_programs.GCD.gcd(GCD.java:19)
	at java_programs.GCD.gcd(GCD.java:19)
	at java_programs.GCD.gcd(GCD.java:19)
	at java_programs.GCD.gcd(GCD.java:19)
	at java_programs.GCD.gcd(GCD.java:19)
	at java_programs.GCD.gcd(GCD.java:19)
	at java_programs.GCD.gcd(GCD.java:19)
	at java_programs.GCD.gcd(GCD.java:19)
	at java_programs.GCD.gcd(GCD.java:19)
	at java_programs.GCD.gcd(GCD.java:19)
	at java_programs.GCD.gcd(GCD.java:19)
	at java_programs.GCD.gcd(GCD.java:19)
	at java_programs.GCD.gcd(GCD.java:19)
	at java_programs.GCD.gcd(GCD.java:19)
	at java_programs.GCD.gcd(GCD.java:19)
	at java_programs.GCD.gcd(GCD.java:19)
	at java_programs.GCD.gcd(GCD.java:19)
	at java_programs.GCD.gcd(GCD.java:19)
	at java_programs.GCD.gcd(GCD.java:19)
	at java_programs.GCD.gcd(GCD.java:19)
	at java_programs.GCD.gcd(GCD.java:19)
	at java_programs.GCD.gcd(GCD.java:19)
	at java_programs.GCD.gcd(GCD.java:19)
	at java_programs.GCD.gcd(GCD.java:19)
	at java_programs.GCD.gcd(GCD.java:19)
</failure>
  </testcase>
  <testcase name="test_3" classname="java_testcases.junit.GCD_TEST" time="0.101">
    <failure message="java.lang.StackOverflowError" type="java.lang.StackOverflowError">java.lang.StackOverflowError
	at java_programs.GCD.gcd(GCD.java:19)
	at java_programs.GCD.gcd(GCD.java:19)
	at java_programs.GCD.gcd(GCD.java:19)
	at java_programs.GCD.gcd(GCD.java:19)
	at java_programs.GCD.gcd(GCD.java:19)
	at java_programs.GCD.gcd(GCD.java:19)
	at java_programs.GCD.gcd(GCD.java:19)
	at java_programs.GCD.gcd(GCD.java:19)
	at java_programs.GCD.gcd(GCD.java:19)
	at java_programs.GCD.gcd(GCD.java:19)
	at java_programs.GCD.gcd(GCD.java:19)
	at java_programs.GCD.gcd(GCD.java:19)
	at java_programs.GCD.gcd(GCD.java:19)
	at java_programs.GCD.gcd(GCD.java:19)
	at java_programs.GCD.gcd(GCD.java:19)
	at java_programs.GCD.gcd(GCD.java:19)
	at java_programs.GCD.gcd(GCD.java:19)
	at java_programs.GCD.gcd(GCD.java:19)
	at java_programs.GCD.gcd(GCD.java:19)
	at java_programs.GCD.gcd(GCD.java:19)
	at java_programs.GCD.gcd(GCD.java:19)
	at java_programs.GCD.gcd(GCD.java:19)
	at java_programs.GCD.gcd(GCD.java:19)
	at java_programs.GCD.gcd(GCD.java:19)
	at java_programs.GCD.gcd(GCD.java:19)
	at java_programs.GCD.gcd(GCD.java:19)
	at java_programs.GCD.gcd(GCD.java:19)
	at java_programs.GCD.gcd(GCD.java:19)
	at java_programs.GCD.gcd(GCD.java:19)
	at java_programs.GCD.gcd(GCD.java:19)
	at java_programs.GCD.gcd(GCD.java:19)
	at java_programs.GCD.gcd(GCD.java:19)
	at java_programs.GCD.gcd(GCD.java:19)
	at java_programs.GCD.gcd(GCD.java:19)
	at java_programs.GCD.gcd(GCD.java:19)
	at java_programs.GCD.gcd(GCD.java:19)
	at java_programs.GCD.gcd(GCD.java:19)
	at java_programs.GCD.gcd(GCD.java:19)
	at java_programs.GCD.gcd(GCD.java:19)
	at java_programs.GCD.gcd(GCD.java:19)
	at java_programs.GCD.gcd(GCD.java:19)
	at java_programs.GCD.gcd(GCD.java:19)
	at java_programs.GCD.gcd(GCD.java:19)
	at java_programs.GCD.gcd(GCD.java:19)
	at java_programs.GCD.gcd(GCD.java:19)
	at java_programs.GCD.gcd(GCD.java:19)
	at java_programs.GCD.gcd(GCD.java:19)
	at java_programs.GCD.gcd(GCD.java:19)
	at java_programs.GCD.gcd(GCD.java:19)
	at java_programs.GCD.gcd(GCD.java:19)
	at java_programs.GCD.gcd(GCD.java:19)
	at java_programs.GCD.gcd(GCD.java:19)
	at java_programs.GCD.gcd(GCD.java:19)
	at java_programs.GCD.gcd(GCD.java:19)
	at java_programs.GCD.gcd(GCD.java:19)
	at java_programs.GCD.gcd(GCD.java:19)
	at java_programs.GCD.gcd(GCD.java:19)
	at java_programs.GCD.gcd(GCD.java:19)
	at java_programs.GCD.gcd(GCD.java:19)
	at java_programs.GCD.gcd(GCD.java:19)
	at java_programs.GCD.gcd(GCD.java:19)
	at java_programs.GCD.gcd(GCD.java:19)
	at java_programs.GCD.gcd(GCD.java:19)
	at java_programs.GCD.gcd(GCD.java:19)
	at java_programs.GCD.gcd(GCD.java:19)
	at java_programs.GCD.gcd(GCD.java:19)
	at java_programs.GCD.gcd(GCD.java:19)
	at java_programs.GCD.gcd(GCD.java:19)
	at java_programs.GCD.gcd(GCD.java:19)
	at java_programs.GCD.gcd(GCD.java:19)
	at java_programs.GCD.gcd(GCD.java:19)
	at java_programs.GCD.gcd(GCD.java:19)
	at java_programs.GCD.gcd(GCD.java:19)
	at java_programs.GCD.gcd(GCD.java:19)
	at java_programs.GCD.gcd(GCD.java:19)
	at java_programs.GCD.gcd(GCD.java:19)
	at java_programs.GCD.gcd(GCD.java:19)
	at java_programs.GCD.gcd(GCD.java:19)
	at java_programs.GCD.gcd(GCD.java:19)
	at java_programs.GCD.gcd(GCD.java:19)
	at java_programs.GCD.gcd(GCD.java:19)
	at java_programs.GCD.gcd(GCD.java:19)
	at java_programs.GCD.gcd(GCD.java:19)
	at java_programs.GCD.gcd(GCD.java:19)
	at java_programs.GCD.gcd(GCD.java:19)
	at java_programs.GCD.gcd(GCD.java:19)
	at java_programs.GCD.gcd(GCD.java:19)
	at java_programs.GCD.gcd(GCD.java:19)
	at java_programs.GCD.gcd(GCD.java:19)
	at java_programs.GCD.gcd(GCD.java:19)
	at java_programs.GCD.gcd(GCD.java:19)
	at java_programs.GCD.gcd(GCD.java:19)
	at java_programs.GCD.gcd(GCD.java:19)
	at java_programs.GCD.gcd(GCD.java:19)
	at java_programs.GCD.gcd(GCD.java:19)
	at java_programs.GCD.gcd(GCD.java:19)
	at java_programs.GCD.gcd(GCD.java:19)
	at java_programs.GCD.gcd(GCD.java:19)
	at java_programs.GCD.gcd(GCD.java:19)
	at java_programs.GCD.gcd(GCD.java:19)
	at java_programs.GCD.gcd(GCD.java:19)
	at java_programs.GCD.gcd(GCD.java:19)
	at java_programs.GCD.gcd(GCD.java:19)
	at java_programs.GCD.gcd(GCD.java:19)
	at java_programs.GCD.gcd(GCD.java:19)
	at java_programs.GCD.gcd(GCD.java:19)
	at java_programs.GCD.gcd(GCD.java:19)
	at java_programs.GCD.gcd(GCD.java:19)
	at java_programs.GCD.gcd(GCD.java:19)
	at java_programs.GCD.gcd(GCD.java:19)
	at java_programs.GCD.gcd(GCD.java:19)
	at java_programs.GCD.gcd(GCD.java:19)
	at java_programs.GCD.gcd(GCD.java:19)
	at java_programs.GCD.gcd(GCD.java:19)
	at java_programs.GCD.gcd(GCD.java:19)
	at java_programs.GCD.gcd(GCD.java:19)
	at java_programs.GCD.gcd(GCD.java:19)
	at java_programs.GCD.gcd(GCD.java:19)
	at java_programs.GCD.gcd(GCD.java:19)
	at java_programs.GCD.gcd(GCD.java:19)
	at java_programs.GCD.gcd(GCD.java:19)
	at java_programs.GCD.gcd(GCD.java:19)
	at java_programs.GCD.gcd(GCD.java:19)
	at java_programs.GCD.gcd(GCD.java:19)
	at java_programs.GCD.gcd(GCD.java:19)
	at java_programs.GCD.gcd(GCD.java:19)
	at java_programs.GCD.gcd(GCD.java:19)
	at java_programs.GCD.gcd(GCD.java:19)
	at java_programs.GCD.gcd(GCD.java:19)
	at java_programs.GCD.gcd(GCD.java:19)
	at java_programs.GCD.gcd(GCD.java:19)
	at java_programs.GCD.gcd(GCD.java:19)
	at java_programs.GCD.gcd(GCD.java:19)
	at java_programs.GCD.gcd(GCD.java:19)
	at java_programs.GCD.gcd(GCD.java:19)
	at java_programs.GCD.gcd(GCD.java:19)
	at java_programs.GCD.gcd(GCD.java:19)
	at java_programs.GCD.gcd(GCD.java:19)
	at java_programs.GCD.gcd(GCD.java:19)
	at java_programs.GCD.gcd(GCD.java:19)
	at java_programs.GCD.gcd(GCD.java:19)
	at java_programs.GCD.gcd(GCD.java:19)
	at java_programs.GCD.gcd(GCD.java:19)
	at java_programs.GCD.gcd(GCD.java:19)
	at java_programs.GCD.gcd(GCD.java:19)
	at java_programs.GCD.gcd(GCD.java:19)
	at java_programs.GCD.gcd(GCD.java:19)
	at java_programs.GCD.gcd(GCD.java:19)
	at java_programs.GCD.gcd(GCD.java:19)
	at java_programs.GCD.gcd(GCD.java:19)
	at java_programs.GCD.gcd(GCD.java:19)
	at java_programs.GCD.gcd(GCD.java:19)
	at java_programs.GCD.gcd(GCD.java:19)
	at java_programs.GCD.gcd(GCD.java:19)
	at java_programs.GCD.gcd(GCD.java:19)
	at java_programs.GCD.gcd(GCD.java:19)
	at java_programs.GCD.gcd(GCD.java:19)
	at java_programs.GCD.gcd(GCD.java:19)
	at java_programs.GCD.gcd(GCD.java:19)
	at java_programs.GCD.gcd(GCD.java:19)
	at java_programs.GCD.gcd(GCD.java:19)
	at java_programs.GCD.gcd(GCD.java:19)
	at java_programs.GCD.gcd(GCD.java:19)
	at java_programs.GCD.gcd(GCD.java:19)
	at java_programs.GCD.gcd(GCD.java:19)
	at java_programs.GCD.gcd(GCD.java:19)
	at java_programs.GCD.gcd(GCD.java:19)
	at java_programs.GCD.gcd(GCD.java:19)
	at java_programs.GCD.gcd(GCD.java:19)
	at java_programs.GCD.gcd(GCD.java:19)
	at java_programs.GCD.gcd(GCD.java:19)
	at java_programs.GCD.gcd(GCD.java:19)
	at java_programs.GCD.gcd(GCD.java:19)
	at java_programs.GCD.gcd(GCD.java:19)
	at java_programs.GCD.gcd(GCD.java:19)
	at java_programs.GCD.gcd(GCD.java:19)
	at java_programs.GCD.gcd(GCD.java:19)
	at java_programs.GCD.gcd(GCD.java:19)
	at java_programs.GCD.gcd(GCD.java:19)
	at java_programs.GCD.gcd(GCD.java:19)
	at java_programs.GCD.gcd(GCD.java:19)
	at java_programs.GCD.gcd(GCD.java:19)
	at java_programs.GCD.gcd(GCD.java:19)
	at java_programs.GCD.gcd(GCD.java:19)
	at java_programs.GCD.gcd(GCD.java:19)
	at java_programs.GCD.gcd(GCD.java:19)
	at java_programs.GCD.gcd(GCD.java:19)
	at java_programs.GCD.gcd(GCD.java:19)
	at java_programs.GCD.gcd(GCD.java:19)
	at java_programs.GCD.gcd(GCD.java:19)
	at java_programs.GCD.gcd(GCD.java:19)
	at java_programs.GCD.gcd(GCD.java:19)
	at java_programs.GCD.gcd(GCD.java:19)
	at java_programs.GCD.gcd(GCD.java:19)
	at java_programs.GCD.gcd(GCD.java:19)
	at java_programs.GCD.gcd(GCD.java:19)
	at java_programs.GCD.gcd(GCD.java:19)
	at java_programs.GCD.gcd(GCD.java:19)
	at java_programs.GCD.gcd(GCD.java:19)
	at java_programs.GCD.gcd(GCD.java:19)
	at java_programs.GCD.gcd(GCD.java:19)
	at java_programs.GCD.gcd(GCD.java:19)
	at java_programs.GCD.gcd(GCD.java:19)
	at java_programs.GCD.gcd(GCD.java:19)
	at java_programs.GCD.gcd(GCD.java:19)
	at java_programs.GCD.gcd(GCD.java:19)
	at java_programs.GCD.gcd(GCD.java:19)
	at java_programs.GCD.gcd(GCD.java:19)
	at java_programs.GCD.gcd(GCD.java:19)
	at java_programs.GCD.gcd(GCD.java:19)
	at java_programs.GCD.gcd(GCD.java:19)
	at java_programs.GCD.gcd(GCD.java:19)
	at java_programs.GCD.gcd(GCD.java:19)
	at java_programs.GCD.gcd(GCD.java:19)
	at java_programs.GCD.gcd(GCD.java:19)
	at java_programs.GCD.gcd(GCD.java:19)
	at java_programs.GCD.gcd(GCD.java:19)
	at java_programs.GCD.gcd(GCD.java:19)
	at java_programs.GCD.gcd(GCD.java:19)
	at java_programs.GCD.gcd(GCD.java:19)
	at java_programs.GCD.gcd(GCD.java:19)
	at java_programs.GCD.gcd(GCD.java:19)
	at java_programs.GCD.gcd(GCD.java:19)
	at java_programs.GCD.gcd(GCD.java:19)
	at java_programs.GCD.gcd(GCD.java:19)
	at java_programs.GCD.gcd(GCD.java:19)
	at java_programs.GCD.gcd(GCD.java:19)
	at java_programs.GCD.gcd(GCD.java:19)
	at java_programs.GCD.gcd(GCD.java:19)
	at java_programs.GCD.gcd(GCD.java:19)
	at java_programs.GCD.gcd(GCD.java:19)
	at java_programs.GCD.gcd(GCD.java:19)
	at java_programs.GCD.gcd(GCD.java:19)
	at java_programs.GCD.gcd(GCD.java:19)
	at java_programs.GCD.gcd(GCD.java:19)
	at java_programs.GCD.gcd(GCD.java:19)
	at java_programs.GCD.gcd(GCD.java:19)
	at java_programs.GCD.gcd(GCD.java:19)
	at java_programs.GCD.gcd(GCD.java:19)
	at java_programs.GCD.gcd(GCD.java:19)
	at java_programs.GCD.gcd(GCD.java:19)
	at java_programs.GCD.gcd(GCD.java:19)
	at java_programs.GCD.gcd(GCD.java:19)
	at java_programs.GCD.gcd(GCD.java:19)
	at java_programs.GCD.gcd(GCD.java:19)
	at java_programs.GCD.gcd(GCD.java:19)
	at java_programs.GCD.gcd(GCD.java:19)
	at java_programs.GCD.gcd(GCD.java:19)
	at java_programs.GCD.gcd(GCD.java:19)
	at java_programs.GCD.gcd(GCD.java:19)
	at java_programs.GCD.gcd(GCD.java:19)
	at java_programs.GCD.gcd(GCD.java:19)
	at java_programs.GCD.gcd(GCD.java:19)
	at java_programs.GCD.gcd(GCD.java:19)
	at java_programs.GCD.gcd(GCD.java:19)
	at java_programs.GCD.gcd(GCD.java:19)
	at java_programs.GCD.gcd(GCD.java:19)
	at java_programs.GCD.gcd(GCD.java:19)
	at java_programs.GCD.gcd(GCD.java:19)
	at java_programs.GCD.gcd(GCD.java:19)
	at java_programs.GCD.gcd(GCD.java:19)
	at java_programs.GCD.gcd(GCD.java:19)
	at java_programs.GCD.gcd(GCD.java:19)
	at java_programs.GCD.gcd(GCD.java:19)
	at java_programs.GCD.gcd(GCD.java:19)
	at java_programs.GCD.gcd(GCD.java:19)
	at java_programs.GCD.gcd(GCD.java:19)
	at java_programs.GCD.gcd(GCD.java:19)
	at java_programs.GCD.gcd(GCD.java:19)
	at java_programs.GCD.gcd(GCD.java:19)
	at java_programs.GCD.gcd(GCD.java:19)
	at java_programs.GCD.gcd(GCD.java:19)
	at java_programs.GCD.gcd(GCD.java:19)
	at java_programs.GCD.gcd(GCD.java:19)
	at java_programs.GCD.gcd(GCD.java:19)
	at java_programs.GCD.gcd(GCD.java:19)
	at java_programs.GCD.gcd(GCD.java:19)
	at java_programs.GCD.gcd(GCD.java:19)
	at java_programs.GCD.gcd(GCD.java:19)
	at java_programs.GCD.gcd(GCD.java:19)
	at java_programs.GCD.gcd(GCD.java:19)
	at java_programs.GCD.gcd(GCD.java:19)
	at java_programs.GCD.gcd(GCD.java:19)
	at java_programs.GCD.gcd(GCD.java:19)
	at java_programs.GCD.gcd(GCD.java:19)
	at java_programs.GCD.gcd(GCD.java:19)
	at java_programs.GCD.gcd(GCD.java:19)
	at java_programs.GCD.gcd(GCD.java:19)
	at java_programs.GCD.gcd(GCD.java:19)
	at java_programs.GCD.gcd(GCD.java:19)
	at java_programs.GCD.gcd(GCD.java:19)
	at java_programs.GCD.gcd(GCD.java:19)
	at java_programs.GCD.gcd(GCD.java:19)
	at java_programs.GCD.gcd(GCD.java:19)
	at java_programs.GCD.gcd(GCD.java:19)
	at java_programs.GCD.gcd(GCD.java:19)
	at java_programs.GCD.gcd(GCD.java:19)
	at java_programs.GCD.gcd(GCD.java:19)
	at java_programs.GCD.gcd(GCD.java:19)
	at java_programs.GCD.gcd(GCD.java:19)
	at java_programs.GCD.gcd(GCD.java:19)
	at java_programs.GCD.gcd(GCD.java:19)
	at java_programs.GCD.gcd(GCD.java:19)
	at java_programs.GCD.gcd(GCD.java:19)
	at java_programs.GCD.gcd(GCD.java:19)
	at java_programs.GCD.gcd(GCD.java:19)
	at java_programs.GCD.gcd(GCD.java:19)
	at java_programs.GCD.gcd(GCD.java:19)
	at java_programs.GCD.gcd(GCD.java:19)
	at java_programs.GCD.gcd(GCD.java:19)
	at java_programs.GCD.gcd(GCD.java:19)
	at java_programs.GCD.gcd(GCD.java:19)
	at java_programs.GCD.gcd(GCD.java:19)
	at java_programs.GCD.gcd(GCD.java:19)
	at java_programs.GCD.gcd(GCD.java:19)
	at java_programs.GCD.gcd(GCD.java:19)
	at java_programs.GCD.gcd(GCD.java:19)
	at java_programs.GCD.gcd(GCD.java:19)
	at java_programs.GCD.gcd(GCD.java:19)
	at java_programs.GCD.gcd(GCD.java:19)
	at java_programs.GCD.gcd(GCD.java:19)
	at java_programs.GCD.gcd(GCD.java:19)
	at java_programs.GCD.gcd(GCD.java:19)
	at java_programs.GCD.gcd(GCD.java:19)
	at java_programs.GCD.gcd(GCD.java:19)
	at java_programs.GCD.gcd(GCD.java:19)
	at java_programs.GCD.gcd(GCD.java:19)
	at java_programs.GCD.gcd(GCD.java:19)
	at java_programs.GCD.gcd(GCD.java:19)
	at java_programs.GCD.gcd(GCD.java:19)
	at java_programs.GCD.gcd(GCD.java:19)
	at java_programs.GCD.gcd(GCD.java:19)
	at java_programs.GCD.gcd(GCD.java:19)
	at java_programs.GCD.gcd(GCD.java:19)
	at java_programs.GCD.gcd(GCD.java:19)
	at java_programs.GCD.gcd(GCD.java:19)
	at java_programs.GCD.gcd(GCD.java:19)
	at java_programs.GCD.gcd(GCD.java:19)
	at java_programs.GCD.gcd(GCD.java:19)
	at java_programs.GCD.gcd(GCD.java:19)
	at java_programs.GCD.gcd(GCD.java:19)
	at java_programs.GCD.gcd(GCD.java:19)
	at java_programs.GCD.gcd(GCD.java:19)
	at java_programs.GCD.gcd(GCD.java:19)
	at java_programs.GCD.gcd(GCD.java:19)
	at java_programs.GCD.gcd(GCD.java:19)
	at java_programs.GCD.gcd(GCD.java:19)
	at java_programs.GCD.gcd(GCD.java:19)
	at java_programs.GCD.gcd(GCD.java:19)
	at java_programs.GCD.gcd(GCD.java:19)
	at java_programs.GCD.gcd(GCD.java:19)
	at java_programs.GCD.gcd(GCD.java:19)
	at java_programs.GCD.gcd(GCD.java:19)
	at java_programs.GCD.gcd(GCD.java:19)
	at java_programs.GCD.gcd(GCD.java:19)
	at java_programs.GCD.gcd(GCD.java:19)
	at java_programs.GCD.gcd(GCD.java:19)
	at java_programs.GCD.gcd(GCD.java:19)
	at java_programs.GCD.gcd(GCD.java:19)
	at java_programs.GCD.gcd(GCD.java:19)
	at java_programs.GCD.gcd(GCD.java:19)
	at java_programs.GCD.gcd(GCD.java:19)
	at java_programs.GCD.gcd(GCD.java:19)
	at java_programs.GCD.gcd(GCD.java:19)
	at java_programs.GCD.gcd(GCD.java:19)
	at java_programs.GCD.gcd(GCD.java:19)
	at java_programs.GCD.gcd(GCD.java:19)
	at java_programs.GCD.gcd(GCD.java:19)
	at java_programs.GCD.gcd(GCD.java:19)
	at java_programs.GCD.gcd(GCD.java:19)
	at java_programs.GCD.gcd(GCD.java:19)
	at java_programs.GCD.gcd(GCD.java:19)
	at java_programs.GCD.gcd(GCD.java:19)
	at java_programs.GCD.gcd(GCD.java:19)
	at java_programs.GCD.gcd(GCD.java:19)
	at java_programs.GCD.gcd(GCD.java:19)
	at java_programs.GCD.gcd(GCD.java:19)
	at java_programs.GCD.gcd(GCD.java:19)
	at java_programs.GCD.gcd(GCD.java:19)
	at java_programs.GCD.gcd(GCD.java:19)
	at java_programs.GCD.gcd(GCD.java:19)
	at java_programs.GCD.gcd(GCD.java:19)
	at java_programs.GCD.gcd(GCD.java:19)
	at java_programs.GCD.gcd(GCD.java:19)
	at java_programs.GCD.gcd(GCD.java:19)
	at java_programs.GCD.gcd(GCD.java:19)
	at java_programs.GCD.gcd(GCD.java:19)
	at java_programs.GCD.gcd(GCD.java:19)
	at java_programs.GCD.gcd(GCD.java:19)
	at java_programs.GCD.gcd(GCD.java:19)
	at java_programs.GCD.gcd(GCD.java:19)
	at java_programs.GCD.gcd(GCD.java:19)
	at java_programs.GCD.gcd(GCD.java:19)
	at java_programs.GCD.gcd(GCD.java:19)
	at java_programs.GCD.gcd(GCD.java:19)
	at java_programs.GCD.gcd(GCD.java:19)
	at java_programs.GCD.gcd(GCD.java:19)
	at java_programs.GCD.gcd(GCD.java:19)
	at java_programs.GCD.gcd(GCD.java:19)
	at java_programs.GCD.gcd(GCD.java:19)
	at java_programs.GCD.gcd(GCD.java:19)
	at java_programs.GCD.gcd(GCD.java:19)
	at java_programs.GCD.gcd(GCD.java:19)
	at java_programs.GCD.gcd(GCD.java:19)
	at java_programs.GCD.gcd(GCD.java:19)
	at java_programs.GCD.gcd(GCD.java:19)
	at java_programs.GCD.gcd(GCD.java:19)
	at java_programs.GCD.gcd(GCD.java:19)
	at java_programs.GCD.gcd(GCD.java:19)
	at java_programs.GCD.gcd(GCD.java:19)
	at java_programs.GCD.gcd(GCD.java:19)
	at java_programs.GCD.gcd(GCD.java:19)
	at java_programs.GCD.gcd(GCD.java:19)
	at java_programs.GCD.gcd(GCD.java:19)
	at java_programs.GCD.gcd(GCD.java:19)
	at java_programs.GCD.gcd(GCD.java:19)
	at java_programs.GCD.gcd(GCD.java:19)
	at java_programs.GCD.gcd(GCD.java:19)
	at java_programs.GCD.gcd(GCD.java:19)
	at java_programs.GCD.gcd(GCD.java:19)
	at java_programs.GCD.gcd(GCD.java:19)
	at java_programs.GCD.gcd(GCD.java:19)
	at java_programs.GCD.gcd(GCD.java:19)
	at java_programs.GCD.gcd(GCD.java:19)
	at java_programs.GCD.gcd(GCD.java:19)
	at java_programs.GCD.gcd(GCD.java:19)
	at java_programs.GCD.gcd(GCD.java:19)
	at java_programs.GCD.gcd(GCD.java:19)
	at java_programs.GCD.gcd(GCD.java:19)
	at java_programs.GCD.gcd(GCD.java:19)
	at java_programs.GCD.gcd(GCD.java:19)
	at java_programs.GCD.gcd(GCD.java:19)
	at java_programs.GCD.gcd(GCD.java:19)
	at java_programs.GCD.gcd(GCD.java:19)
	at java_programs.GCD.gcd(GCD.java:19)
	at java_programs.GCD.gcd(GCD.java:19)
	at java_programs.GCD.gcd(GCD.java:19)
	at java_programs.GCD.gcd(GCD.java:19)
	at java_programs.GCD.gcd(GCD.java:19)
	at java_programs.GCD.gcd(GCD.java:19)
	at java_programs.GCD.gcd(GCD.java:19)
	at java_programs.GCD.gcd(GCD.java:19)
	at java_programs.GCD.gcd(GCD.java:19)
	at java_programs.GCD.gcd(GCD.java:19)
	at java_programs.GCD.gcd(GCD.java:19)
	at java_programs.GCD.gcd(GCD.java:19)
	at java_programs.GCD.gcd(GCD.java:19)
	at java_programs.GCD.gcd(GCD.java:19)
	at java_programs.GCD.gcd(GCD.java:19)
	at java_programs.GCD.gcd(GCD.java:19)
	at java_programs.GCD.gcd(GCD.java:19)
	at java_programs.GCD.gcd(GCD.java:19)
	at java_programs.GCD.gcd(GCD.java:19)
	at java_programs.GCD.gcd(GCD.java:19)
	at java_programs.GCD.gcd(GCD.java:19)
	at java_programs.GCD.gcd(GCD.java:19)
	at java_programs.GCD.gcd(GCD.java:19)
	at java_programs.GCD.gcd(GCD.java:19)
	at java_programs.GCD.gcd(GCD.java:19)
	at java_programs.GCD.gcd(GCD.java:19)
	at java_programs.GCD.gcd(GCD.java:19)
	at java_programs.GCD.gcd(GCD.java:19)
	at java_programs.GCD.gcd(GCD.java:19)
	at java_programs.GCD.gcd(GCD.java:19)
	at java_programs.GCD.gcd(GCD.java:19)
	at java_programs.GCD.gcd(GCD.java:19)
	at java_programs.GCD.gcd(GCD.java:19)
	at java_programs.GCD.gcd(GCD.java:19)
	at java_programs.GCD.gcd(GCD.java:19)
	at java_programs.GCD.gcd(GCD.java:19)
	at java_programs.GCD.gcd(GCD.java:19)
	at java_programs.GCD.gcd(GCD.java:19)
	at java_programs.GCD.gcd(GCD.java:19)
	at java_programs.GCD.gcd(GCD.java:19)
	at java_programs.GCD.gcd(GCD.java:19)
	at java_programs.GCD.gcd(GCD.java:19)
	at java_programs.GCD.gcd(GCD.java:19)
	at java_programs.GCD.gcd(GCD.java:19)
	at java_programs.GCD.gcd(GCD.java:19)
	at java_programs.GCD.gcd(GCD.java:19)
	at java_programs.GCD.gcd(GCD.java:19)
	at java_programs.GCD.gcd(GCD.java:19)
	at java_programs.GCD.gcd(GCD.java:19)
	at java_programs.GCD.gcd(GCD.java:19)
	at java_programs.GCD.gcd(GCD.java:19)
	at java_programs.GCD.gcd(GCD.java:19)
	at java_programs.GCD.gcd(GCD.java:19)
	at java_programs.GCD.gcd(GCD.java:19)
	at java_programs.GCD.gcd(GCD.java:19)
	at java_programs.GCD.gcd(GCD.java:19)
	at java_programs.GCD.gcd(GCD.java:19)
	at java_programs.GCD.gcd(GCD.java:19)
	at java_programs.GCD.gcd(GCD.java:19)
	at java_programs.GCD.gcd(GCD.java:19)
	at java_programs.GCD.gcd(GCD.java:19)
	at java_programs.GCD.gcd(GCD.java:19)
	at java_programs.GCD.gcd(GCD.java:19)
	at java_programs.GCD.gcd(GCD.java:19)
	at java_programs.GCD.gcd(GCD.java:19)
	at java_programs.GCD.gcd(GCD.java:19)
	at java_programs.GCD.gcd(GCD.java:19)
	at java_programs.GCD.gcd(GCD.java:19)
	at java_programs.GCD.gcd(GCD.java:19)
	at java_programs.GCD.gcd(GCD.java:19)
	at java_programs.GCD.gcd(GCD.java:19)
	at java_programs.GCD.gcd(GCD.java:19)
	at java_programs.GCD.gcd(GCD.java:19)
	at java_programs.GCD.gcd(GCD.java:19)
	at java_programs.GCD.gcd(GCD.java:19)
	at java_programs.GCD.gcd(GCD.java:19)
	at java_programs.GCD.gcd(GCD.java:19)
	at java_programs.GCD.gcd(GCD.java:19)
	at java_programs.GCD.gcd(GCD.java:19)
	at java_programs.GCD.gcd(GCD.java:19)
	at java_programs.GCD.gcd(GCD.java:19)
	at java_programs.GCD.gcd(GCD.java:19)
	at java_programs.GCD.gcd(GCD.java:19)
	at java_programs.GCD.gcd(GCD.java:19)
	at java_programs.GCD.gcd(GCD.java:19)
	at java_programs.GCD.gcd(GCD.java:19)
	at java_programs.GCD.gcd(GCD.java:19)
	at java_programs.GCD.gcd(GCD.java:19)
	at java_programs.GCD.gcd(GCD.java:19)
	at java_programs.GCD.gcd(GCD.java:19)
	at java_programs.GCD.gcd(GCD.java:19)
	at java_programs.GCD.gcd(GCD.java:19)
	at java_programs.GCD.gcd(GCD.java:19)
	at java_programs.GCD.gcd(GCD.java:19)
	at java_programs.GCD.gcd(GCD.java:19)
	at java_programs.GCD.gcd(GCD.java:19)
	at java_programs.GCD.gcd(GCD.java:19)
	at java_programs.GCD.gcd(GCD.java:19)
	at java_programs.GCD.gcd(GCD.java:19)
	at java_programs.GCD.gcd(GCD.java:19)
	at java_programs.GCD.gcd(GCD.java:19)
	at java_programs.GCD.gcd(GCD.java:19)
	at java_programs.GCD.gcd(GCD.java:19)
	at java_programs.GCD.gcd(GCD.java:19)
	at java_programs.GCD.gcd(GCD.java:19)
	at java_programs.GCD.gcd(GCD.java:19)
	at java_programs.GCD.gcd(GCD.java:19)
	at java_programs.GCD.gcd(GCD.java:19)
	at java_programs.GCD.gcd(GCD.java:19)
	at java_programs.GCD.gcd(GCD.java:19)
	at java_programs.GCD.gcd(GCD.java:19)
	at java_programs.GCD.gcd(GCD.java:19)
	at java_programs.GCD.gcd(GCD.java:19)
	at java_programs.GCD.gcd(GCD.java:19)
	at java_programs.GCD.gcd(GCD.java:19)
	at java_programs.GCD.gcd(GCD.java:19)
	at java_programs.GCD.gcd(GCD.java:19)
	at java_programs.GCD.gcd(GCD.java:19)
	at java_programs.GCD.gcd(GCD.java:19)
	at java_programs.GCD.gcd(GCD.java:19)
	at java_programs.GCD.gcd(GCD.java:19)
	at java_programs.GCD.gcd(GCD.java:19)
	at java_programs.GCD.gcd(GCD.java:19)
	at java_programs.GCD.gcd(GCD.java:19)
	at java_programs.GCD.gcd(GCD.java:19)
	at java_programs.GCD.gcd(GCD.java:19)
	at java_programs.GCD.gcd(GCD.java:19)
	at java_programs.GCD.gcd(GCD.java:19)
	at java_programs.GCD.gcd(GCD.java:19)
	at java_programs.GCD.gcd(GCD.java:19)
	at java_programs.GCD.gcd(GCD.java:19)
	at java_programs.GCD.gcd(GCD.java:19)
	at java_programs.GCD.gcd(GCD.java:19)
	at java_programs.GCD.gcd(GCD.java:19)
	at java_programs.GCD.gcd(GCD.java:19)
	at java_programs.GCD.gcd(GCD.java:19)
	at java_programs.GCD.gcd(GCD.java:19)
	at java_programs.GCD.gcd(GCD.java:19)
	at java_programs.GCD.gcd(GCD.java:19)
	at java_programs.GCD.gcd(GCD.java:19)
	at java_programs.GCD.gcd(GCD.java:19)
	at java_programs.GCD.gcd(GCD.java:19)
	at java_programs.GCD.gcd(GCD.java:19)
	at java_programs.GCD.gcd(GCD.java:19)
	at java_programs.GCD.gcd(GCD.java:19)
	at java_programs.GCD.gcd(GCD.java:19)
	at java_programs.GCD.gcd(GCD.java:19)
	at java_programs.GCD.gcd(GCD.java:19)
	at java_programs.GCD.gcd(GCD.java:19)
	at java_programs.GCD.gcd(GCD.java:19)
	at java_programs.GCD.gcd(GCD.java:19)
	at java_programs.GCD.gcd(GCD.java:19)
	at java_programs.GCD.gcd(GCD.java:19)
	at java_programs.GCD.gcd(GCD.java:19)
	at java_programs.GCD.gcd(GCD.java:19)
	at java_programs.GCD.gcd(GCD.java:19)
	at java_programs.GCD.gcd(GCD.java:19)
	at java_programs.GCD.gcd(GCD.java:19)
	at java_programs.GCD.gcd(GCD.java:19)
	at java_programs.GCD.gcd(GCD.java:19)
	at java_programs.GCD.gcd(GCD.java:19)
	at java_programs.GCD.gcd(GCD.java:19)
	at java_programs.GCD.gcd(GCD.java:19)
	at java_programs.GCD.gcd(GCD.java:19)
	at java_programs.GCD.gcd(GCD.java:19)
	at java_programs.GCD.gcd(GCD.java:19)
	at java_programs.GCD.gcd(GCD.java:19)
	at java_programs.GCD.gcd(GCD.java:19)
	at java_programs.GCD.gcd(GCD.java:19)
	at java_programs.GCD.gcd(GCD.java:19)
	at java_programs.GCD.gcd(GCD.java:19)
	at java_programs.GCD.gcd(GCD.java:19)
	at java_programs.GCD.gcd(GCD.java:19)
	at java_programs.GCD.gcd(GCD.java:19)
	at java_programs.GCD.gcd(GCD.java:19)
	at java_programs.GCD.gcd(GCD.java:19)
	at java_programs.GCD.gcd(GCD.java:19)
	at java_programs.GCD.gcd(GCD.java:19)
	at java_programs.GCD.gcd(GCD.java:19)
	at java_programs.GCD.gcd(GCD.java:19)
	at java_programs.GCD.gcd(GCD.java:19)
	at java_programs.GCD.gcd(GCD.java:19)
	at java_programs.GCD.gcd(GCD.java:19)
	at java_programs.GCD.gcd(GCD.java:19)
	at java_programs.GCD.gcd(GCD.java:19)
	at java_programs.GCD.gcd(GCD.java:19)
	at java_programs.GCD.gcd(GCD.java:19)
	at java_programs.GCD.gcd(GCD.java:19)
	at java_programs.GCD.gcd(GCD.java:19)
	at java_programs.GCD.gcd(GCD.java:19)
	at java_programs.GCD.gcd(GCD.java:19)
	at java_programs.GCD.gcd(GCD.java:19)
	at java_programs.GCD.gcd(GCD.java:19)
	at java_programs.GCD.gcd(GCD.java:19)
	at java_programs.GCD.gcd(GCD.java:19)
	at java_programs.GCD.gcd(GCD.java:19)
	at java_programs.GCD.gcd(GCD.java:19)
	at java_programs.GCD.gcd(GCD.java:19)
	at java_programs.GCD.gcd(GCD.java:19)
	at java_programs.GCD.gcd(GCD.java:19)
	at java_programs.GCD.gcd(GCD.java:19)
	at java_programs.GCD.gcd(GCD.java:19)
	at java_programs.GCD.gcd(GCD.java:19)
	at java_programs.GCD.gcd(GCD.java:19)
	at java_programs.GCD.gcd(GCD.java:19)
	at java_programs.GCD.gcd(GCD.java:19)
	at java_programs.GCD.gcd(GCD.java:19)
	at java_programs.GCD.gcd(GCD.java:19)
	at java_programs.GCD.gcd(GCD.java:19)
	at java_programs.GCD.gcd(GCD.java:19)
	at java_programs.GCD.gcd(GCD.java:19)
	at java_programs.GCD.gcd(GCD.java:19)
	at java_programs.GCD.gcd(GCD.java:19)
	at java_programs.GCD.gcd(GCD.java:19)
	at java_programs.GCD.gcd(GCD.java:19)
	at java_programs.GCD.gcd(GCD.java:19)
	at java_programs.GCD.gcd(GCD.java:19)
	at java_programs.GCD.gcd(GCD.java:19)
	at java_programs.GCD.gcd(GCD.java:19)
	at java_programs.GCD.gcd(GCD.java:19)
	at java_programs.GCD.gcd(GCD.java:19)
	at java_programs.GCD.gcd(GCD.java:19)
	at java_programs.GCD.gcd(GCD.java:19)
	at java_programs.GCD.gcd(GCD.java:19)
	at java_programs.GCD.gcd(GCD.java:19)
	at java_programs.GCD.gcd(GCD.java:19)
	at java_programs.GCD.gcd(GCD.java:19)
	at java_programs.GCD.gcd(GCD.java:19)
	at java_programs.GCD.gcd(GCD.java:19)
	at java_programs.GCD.gcd(GCD.java:19)
	at java_programs.GCD.gcd(GCD.java:19)
	at java_programs.GCD.gcd(GCD.java:19)
	at java_programs.GCD.gcd(GCD.java:19)
	at java_programs.GCD.gcd(GCD.java:19)
	at java_programs.GCD.gcd(GCD.java:19)
	at java_programs.GCD.gcd(GCD.java:19)
	at java_programs.GCD.gcd(GCD.java:19)
	at java_programs.GCD.gcd(GCD.java:19)
	at java_programs.GCD.gcd(GCD.java:19)
	at java_programs.GCD.gcd(GCD.java:19)
	at java_programs.GCD.gcd(GCD.java:19)
	at java_programs.GCD.gcd(GCD.java:19)
	at java_programs.GCD.gcd(GCD.java:19)
	at java_programs.GCD.gcd(GCD.java:19)
	at java_programs.GCD.gcd(GCD.java:19)
	at java_programs.GCD.gcd(GCD.java:19)
	at java_programs.GCD.gcd(GCD.java:19)
	at java_programs.GCD.gcd(GCD.java:19)
	at java_programs.GCD.gcd(GCD.java:19)
	at java_programs.GCD.gcd(GCD.java:19)
	at java_programs.GCD.gcd(GCD.java:19)
	at java_programs.GCD.gcd(GCD.java:19)
	at java_programs.GCD.gcd(GCD.java:19)
	at java_programs.GCD.gcd(GCD.java:19)
	at java_programs.GCD.gcd(GCD.java:19)
	at java_programs.GCD.gcd(GCD.java:19)
	at java_programs.GCD.gcd(GCD.java:19)
	at java_programs.GCD.gcd(GCD.java:19)
	at java_programs.GCD.gcd(GCD.java:19)
	at java_programs.GCD.gcd(GCD.java:19)
	at java_programs.GCD.gcd(GCD.java:19)
	at java_programs.GCD.gcd(GCD.java:19)
	at java_programs.GCD.gcd(GCD.java:19)
	at java_programs.GCD.gcd(GCD.java:19)
	at java_programs.GCD.gcd(GCD.java:19)
	at java_programs.GCD.gcd(GCD.java:19)
	at java_programs.GCD.gcd(GCD.java:19)
	at java_programs.GCD.gcd(GCD.java:19)
	at java_programs.GCD.gcd(GCD.java:19)
	at java_programs.GCD.gcd(GCD.java:19)
	at java_programs.GCD.gcd(GCD.java:19)
	at java_programs.GCD.gcd(GCD.java:19)
	at java_programs.GCD.gcd(GCD.java:19)
	at java_programs.GCD.gcd(GCD.java:19)
	at java_programs.GCD.gcd(GCD.java:19)
	at java_programs.GCD.gcd(GCD.java:19)
	at java_programs.GCD.gcd(GCD.java:19)
	at java_programs.GCD.gcd(GCD.java:19)
	at java_programs.GCD.gcd(GCD.java:19)
	at java_programs.GCD.gcd(GCD.java:19)
	at java_programs.GCD.gcd(GCD.java:19)
	at java_programs.GCD.gcd(GCD.java:19)
	at java_programs.GCD.gcd(GCD.java:19)
	at java_programs.GCD.gcd(GCD.java:19)
	at java_programs.GCD.gcd(GCD.java:19)
	at java_programs.GCD.gcd(GCD.java:19)
	at java_programs.GCD.gcd(GCD.java:19)
	at java_programs.GCD.gcd(GCD.java:19)
	at java_programs.GCD.gcd(GCD.java:19)
	at java_programs.GCD.gcd(GCD.java:19)
	at java_programs.GCD.gcd(GCD.java:19)
	at java_programs.GCD.gcd(GCD.java:19)
	at java_programs.GCD.gcd(GCD.java:19)
	at java_programs.GCD.gcd(GCD.java:19)
	at java_programs.GCD.gcd(GCD.java:19)
	at java_programs.GCD.gcd(GCD.java:19)
	at java_programs.GCD.gcd(GCD.java:19)
	at java_programs.GCD.gcd(GCD.java:19)
	at java_programs.GCD.gcd(GCD.java:19)
	at java_programs.GCD.gcd(GCD.java:19)
	at java_programs.GCD.gcd(GCD.java:19)
	at java_programs.GCD.gcd(GCD.java:19)
	at java_programs.GCD.gcd(GCD.java:19)
	at java_programs.GCD.gcd(GCD.java:19)
	at java_programs.GCD.gcd(GCD.java:19)
	at java_programs.GCD.gcd(GCD.java:19)
	at java_programs.GCD.gcd(GCD.java:19)
	at java_programs.GCD.gcd(GCD.java:19)
	at java_programs.GCD.gcd(GCD.java:19)
	at java_programs.GCD.gcd(GCD.java:19)
	at java_programs.GCD.gcd(GCD.java:19)
	at java_programs.GCD.gcd(GCD.java:19)
	at java_programs.GCD.gcd(GCD.java:19)
	at java_programs.GCD.gcd(GCD.java:19)
	at java_programs.GCD.gcd(GCD.java:19)
	at java_programs.GCD.gcd(GCD.java:19)
	at java_programs.GCD.gcd(GCD.java:19)
	at java_programs.GCD.gcd(GCD.java:19)
	at java_programs.GCD.gcd(GCD.java:19)
	at java_programs.GCD.gcd(GCD.java:19)
	at java_programs.GCD.gcd(GCD.java:19)
	at java_programs.GCD.gcd(GCD.java:19)
	at java_programs.GCD.gcd(GCD.java:19)
	at java_programs.GCD.gcd(GCD.java:19)
	at java_programs.GCD.gcd(GCD.java:19)
	at java_programs.GCD.gcd(GCD.java:19)
	at java_programs.GCD.gcd(GCD.java:19)
	at java_programs.GCD.gcd(GCD.java:19)
	at java_programs.GCD.gcd(GCD.java:19)
	at java_programs.GCD.gcd(GCD.java:19)
	at java_programs.GCD.gcd(GCD.java:19)
	at java_programs.GCD.gcd(GCD.java:19)
	at java_programs.GCD.gcd(GCD.java:19)
	at java_programs.GCD.gcd(GCD.java:19)
	at java_programs.GCD.gcd(GCD.java:19)
	at java_programs.GCD.gcd(GCD.java:19)
	at java_programs.GCD.gcd(GCD.java:19)
	at java_programs.GCD.gcd(GCD.java:19)
	at java_programs.GCD.gcd(GCD.java:19)
	at java_programs.GCD.gcd(GCD.java:19)
	at java_programs.GCD.gcd(GCD.java:19)
	at java_programs.GCD.gcd(GCD.java:19)
	at java_programs.GCD.gcd(GCD.java:19)
	at java_programs.GCD.gcd(GCD.java:19)
	at java_programs.GCD.gcd(GCD.java:19)
	at java_programs.GCD.gcd(GCD.java:19)
	at java_programs.GCD.gcd(GCD.java:19)
	at java_programs.GCD.gcd(GCD.java:19)
	at java_programs.GCD.gcd(GCD.java:19)
	at java_programs.GCD.gcd(GCD.java:19)
	at java_programs.GCD.gcd(GCD.java:19)
	at java_programs.GCD.gcd(GCD.java:19)
	at java_programs.GCD.gcd(GCD.java:19)
	at java_programs.GCD.gcd(GCD.java:19)
	at java_programs.GCD.gcd(GCD.java:19)
	at java_programs.GCD.gcd(GCD.java:19)
	at java_programs.GCD.gcd(GCD.java:19)
	at java_programs.GCD.gcd(GCD.java:19)
	at java_programs.GCD.gcd(GCD.java:19)
	at java_programs.GCD.gcd(GCD.java:19)
	at java_programs.GCD.gcd(GCD.java:19)
	at java_programs.GCD.gcd(GCD.java:19)
	at java_programs.GCD.gcd(GCD.java:19)
	at java_programs.GCD.gcd(GCD.java:19)
	at java_programs.GCD.gcd(GCD.java:19)
	at java_programs.GCD.gcd(GCD.java:19)
	at java_programs.GCD.gcd(GCD.java:19)
	at java_programs.GCD.gcd(GCD.java:19)
	at java_programs.GCD.gcd(GCD.java:19)
	at java_programs.GCD.gcd(GCD.java:19)
	at java_programs.GCD.gcd(GCD.java:19)
	at java_programs.GCD.gcd(GCD.java:19)
	at java_programs.GCD.gcd(GCD.java:19)
	at java_programs.GCD.gcd(GCD.java:19)
	at java_programs.GCD.gcd(GCD.java:19)
	at java_programs.GCD.gcd(GCD.java:19)
	at java_programs.GCD.gcd(GCD.java:19)
	at java_programs.GCD.gcd(GCD.java:19)
	at java_programs.GCD.gcd(GCD.java:19)
	at java_programs.GCD.gcd(GCD.java:19)
	at java_programs.GCD.gcd(GCD.java:19)
	at java_programs.GCD.gcd(GCD.java:19)
	at java_programs.GCD.gcd(GCD.java:19)
	at java_programs.GCD.gcd(GCD.java:19)
	at java_programs.GCD.gcd(GCD.java:19)
	at java_programs.GCD.gcd(GCD.java:19)
	at java_programs.GCD.gcd(GCD.java:19)
	at java_programs.GCD.gcd(GCD.java:19)
	at java_programs.GCD.gcd(GCD.java:19)
	at java_programs.GCD.gcd(GCD.java:19)
	at java_programs.GCD.gcd(GCD.java:19)
	at java_programs.GCD.gcd(GCD.java:19)
	at java_programs.GCD.gcd(GCD.java:19)
	at java_programs.GCD.gcd(GCD.java:19)
	at java_programs.GCD.gcd(GCD.java:19)
	at java_programs.GCD.gcd(GCD.java:19)
	at java_programs.GCD.gcd(GCD.java:19)
	at java_programs.GCD.gcd(GCD.java:19)
	at java_programs.GCD.gcd(GCD.java:19)
	at java_programs.GCD.gcd(GCD.java:19)
	at java_programs.GCD.gcd(GCD.java:19)
	at java_programs.GCD.gcd(GCD.java:19)
	at java_programs.GCD.gcd(GCD.java:19)
	at java_programs.GCD.gcd(GCD.java:19)
	at java_programs.GCD.gcd(GCD.java:19)
	at java_programs.GCD.gcd(GCD.java:19)
	at java_programs.GCD.gcd(GCD.java:19)
	at java_programs.GCD.gcd(GCD.java:19)
	at java_programs.GCD.gcd(GCD.java:19)
	at java_programs.GCD.gcd(GCD.java:19)
	at java_programs.GCD.gcd(GCD.java:19)
	at java_programs.GCD.gcd(GCD.java:19)
	at java_programs.GCD.gcd(GCD.java:19)
	at java_programs.GCD.gcd(GCD.java:19)
	at java_programs.GCD.gcd(GCD.java:19)
	at java_programs.GCD.gcd(GCD.java:19)
	at java_programs.GCD.gcd(GCD.java:19)
	at java_programs.GCD.gcd(GCD.java:19)
	at java_programs.GCD.gcd(GCD.java:19)
	at java_programs.GCD.gcd(GCD.java:19)
	at java_programs.GCD.gcd(GCD.java:19)
	at java_programs.GCD.gcd(GCD.java:19)
	at java_programs.GCD.gcd(GCD.java:19)
	at java_programs.GCD.gcd(GCD.java:19)
	at java_programs.GCD.gcd(GCD.java:19)
	at java_programs.GCD.gcd(GCD.java:19)
	at java_programs.GCD.gcd(GCD.java:19)
	at java_programs.GCD.gcd(GCD.java:19)
	at java_programs.GCD.gcd(GCD.java:19)
	at java_programs.GCD.gcd(GCD.java:19)
	at java_programs.GCD.gcd(GCD.java:19)
	at java_programs.GCD.gcd(GCD.java:19)
	at java_programs.GCD.gcd(GCD.java:19)
	at java_programs.GCD.gcd(GCD.java:19)
	at java_programs.GCD.gcd(GCD.java:19)
	at java_programs.GCD.gcd(GCD.java:19)
	at java_programs.GCD.gcd(GCD.java:19)
	at java_programs.GCD.gcd(GCD.java:19)
	at java_programs.GCD.gcd(GCD.java:19)
	at java_programs.GCD.gcd(GCD.java:19)
	at java_programs.GCD.gcd(GCD.java:19)
	at java_programs.GCD.gcd(GCD.java:19)
	at java_programs.GCD.gcd(GCD.java:19)
	at java_programs.GCD.gcd(GCD.java:19)
	at java_programs.GCD.gcd(GCD.java:19)
	at java_programs.GCD.gcd(GCD.java:19)
	at java_programs.GCD.gcd(GCD.java:19)
	at java_programs.GCD.gcd(GCD.java:19)
	at java_programs.GCD.gcd(GCD.java:19)
	at java_programs.GCD.gcd(GCD.java:19)
	at java_programs.GCD.gcd(GCD.java:19)
	at java_programs.GCD.gcd(GCD.java:19)
	at java_programs.GCD.gcd(GCD.java:19)
	at java_programs.GCD.gcd(GCD.java:19)
	at java_programs.GCD.gcd(GCD.java:19)
	at java_programs.GCD.gcd(GCD.java:19)
	at java_programs.GCD.gcd(GCD.java:19)
	at java_programs.GCD.gcd(GCD.java:19)
	at java_programs.GCD.gcd(GCD.java:19)
	at java_programs.GCD.gcd(GCD.java:19)
	at java_programs.GCD.gcd(GCD.java:19)
	at java_programs.GCD.gcd(GCD.java:19)
	at java_programs.GCD.gcd(GCD.java:19)
	at java_programs.GCD.gcd(GCD.java:19)
	at java_programs.GCD.gcd(GCD.java:19)
	at java_programs.GCD.gcd(GCD.java:19)
	at java_programs.GCD.gcd(GCD.java:19)
	at java_programs.GCD.gcd(GCD.java:19)
	at java_programs.GCD.gcd(GCD.java:19)
	at java_programs.GCD.gcd(GCD.java:19)
	at java_programs.GCD.gcd(GCD.java:19)
	at java_programs.GCD.gcd(GCD.java:19)
	at java_programs.GCD.gcd(GCD.java:19)
	at java_programs.GCD.gcd(GCD.java:19)
	at java_programs.GCD.gcd(GCD.java:19)
	at java_programs.GCD.gcd(GCD.java:19)
	at java_programs.GCD.gcd(GCD.java:19)
	at java_programs.GCD.gcd(GCD.java:19)
	at java_programs.GCD.gcd(GCD.java:19)
	at java_programs.GCD.gcd(GCD.java:19)
	at java_programs.GCD.gcd(GCD.java:19)
	at java_programs.GCD.gcd(GCD.java:19)
	at java_programs.GCD.gcd(GCD.java:19)
	at java_programs.GCD.gcd(GCD.java:19)
	at java_programs.GCD.gcd(GCD.java:19)
	at java_programs.GCD.gcd(GCD.java:19)
	at java_programs.GCD.gcd(GCD.java:19)
	at java_programs.GCD.gcd(GCD.java:19)
	at java_programs.GCD.gcd(GCD.java:19)
	at java_programs.GCD.gcd(GCD.java:19)
	at java_programs.GCD.gcd(GCD.java:19)
	at java_programs.GCD.gcd(GCD.java:19)
	at java_programs.GCD.gcd(GCD.java:19)
	at java_programs.GCD.gcd(GCD.java:19)
	at java_programs.GCD.gcd(GCD.java:19)
	at java_programs.GCD.gcd(GCD.java:19)
	at java_programs.GCD.gcd(GCD.java:19)
	at java_programs.GCD.gcd(GCD.java:19)
	at java_programs.GCD.gcd(GCD.java:19)
	at java_programs.GCD.gcd(GCD.java:19)
	at java_programs.GCD.gcd(GCD.java:19)
	at java_programs.GCD.gcd(GCD.java:19)
	at java_programs.GCD.gcd(GCD.java:19)
	at java_programs.GCD.gcd(GCD.java:19)
	at java_programs.GCD.gcd(GCD.java:19)
	at java_programs.GCD.gcd(GCD.java:19)
	at java_programs.GCD.gcd(GCD.java:19)
	at java_programs.GCD.gcd(GCD.java:19)
	at java_programs.GCD.gcd(GCD.java:19)
	at java_programs.GCD.gcd(GCD.java:19)
	at java_programs.GCD.gcd(GCD.java:19)
	at java_programs.GCD.gcd(GCD.java:19)
	at java_programs.GCD.gcd(GCD.java:19)
	at java_programs.GCD.gcd(GCD.java:19)
	at java_programs.GCD.gcd(GCD.java:19)
	at java_programs.GCD.gcd(GCD.java:19)
	at java_programs.GCD.gcd(GCD.java:19)
	at java_programs.GCD.gcd(GCD.java:19)
	at java_programs.GCD.gcd(GCD.java:19)
	at java_programs.GCD.gcd(GCD.java:19)
	at java_programs.GCD.gcd(GCD.java:19)
	at java_programs.GCD.gcd(GCD.java:19)
	at java_programs.GCD.gcd(GCD.java:19)
	at java_programs.GCD.gcd(GCD.java:19)
	at java_programs.GCD.gcd(GCD.java:19)
	at java_programs.GCD.gcd(GCD.java:19)
	at java_programs.GCD.gcd(GCD.java:19)
	at java_programs.GCD.gcd(GCD.java:19)
	at java_programs.GCD.gcd(GCD.java:19)
	at java_programs.GCD.gcd(GCD.java:19)
	at java_programs.GCD.gcd(GCD.java:19)
	at java_programs.GCD.gcd(GCD.java:19)
	at java_programs.GCD.gcd(GCD.java:19)
	at java_programs.GCD.gcd(GCD.java:19)
	at java_programs.GCD.gcd(GCD.java:19)
	at java_programs.GCD.gcd(GCD.java:19)
	at java_programs.GCD.gcd(GCD.java:19)
	at java_programs.GCD.gcd(GCD.java:19)
	at java_programs.GCD.gcd(GCD.java:19)
	at java_programs.GCD.gcd(GCD.java:19)
	at java_programs.GCD.gcd(GCD.java:19)
	at java_programs.GCD.gcd(GCD.java:19)
	at java_programs.GCD.gcd(GCD.java:19)
	at java_programs.GCD.gcd(GCD.java:19)
	at java_programs.GCD.gcd(GCD.java:19)
	at java_programs.GCD.gcd(GCD.java:19)
	at java_programs.GCD.gcd(GCD.java:19)
	at java_programs.GCD.gcd(GCD.java:19)
	at java_programs.GCD.gcd(GCD.java:19)
	at java_programs.GCD.gcd(GCD.java:19)
	at java_programs.GCD.gcd(GCD.java:19)
	at java_programs.GCD.gcd(GCD.java:19)
	at java_programs.GCD.gcd(GCD.java:19)
	at java_programs.GCD.gcd(GCD.java:19)
	at java_programs.GCD.gcd(GCD.java:19)
	at java_programs.GCD.gcd(GCD.java:19)
	at java_programs.GCD.gcd(GCD.java:19)
	at java_programs.GCD.gcd(GCD.java:19)
	at java_programs.GCD.gcd(GCD.java:19)
	at java_programs.GCD.gcd(GCD.java:19)
	at java_programs.GCD.gcd(GCD.java:19)
	at java_programs.GCD.gcd(GCD.java:19)
	at java_programs.GCD.gcd(GCD.java:19)
	at java_programs.GCD.gcd(GCD.java:19)
	at java_programs.GCD.gcd(GCD.java:19)
	at java_programs.GCD.gcd(GCD.java:19)
	at java_programs.GCD.gcd(GCD.java:19)
	at java_programs.GCD.gcd(GCD.java:19)
	at java_programs.GCD.gcd(GCD.java:19)
	at java_programs.GCD.gcd(GCD.java:19)
	at java_programs.GCD.gcd(GCD.java:19)
	at java_programs.GCD.gcd(GCD.java:19)
	at java_programs.GCD.gcd(GCD.java:19)
	at java_programs.GCD.gcd(GCD.java:19)
	at java_programs.GCD.gcd(GCD.java:19)
	at java_programs.GCD.gcd(GCD.java:19)
	at java_programs.GCD.gcd(GCD.java:19)
	at java_programs.GCD.gcd(GCD.java:19)
	at java_programs.GCD.gcd(GCD.java:19)
	at java_programs.GCD.gcd(GCD.java:19)
	at java_programs.GCD.gcd(GCD.java:19)
	at java_programs.GCD.gcd(GCD.java:19)
	at java_programs.GCD.gcd(GCD.java:19)
	at java_programs.GCD.gcd(GCD.java:19)
	at java_programs.GCD.gcd(GCD.java:19)
	at java_programs.GCD.gcd(GCD.java:19)
	at java_programs.GCD.gcd(GCD.java:19)
	at java_programs.GCD.gcd(GCD.java:19)
	at java_programs.GCD.gcd(GCD.java:19)
	at java_programs.GCD.gcd(GCD.java:19)
</failure>
  </testcase>
  <testcase name="test_4" classname="java_testcases.junit.GCD_TEST" time="0.153">
    <failure message="java.lang.StackOverflowError" type="java.lang.StackOverflowError">java.lang.StackOverflowError
	at java_programs.GCD.gcd(GCD.java:19)
	at java_programs.GCD.gcd(GCD.java:19)
	at java_programs.GCD.gcd(GCD.java:19)
	at java_programs.GCD.gcd(GCD.java:19)
	at java_programs.GCD.gcd(GCD.java:19)
	at java_programs.GCD.gcd(GCD.java:19)
	at java_programs.GCD.gcd(GCD.java:19)
	at java_programs.GCD.gcd(GCD.java:19)
	at java_programs.GCD.gcd(GCD.java:19)
	at java_programs.GCD.gcd(GCD.java:19)
	at java_programs.GCD.gcd(GCD.java:19)
	at java_programs.GCD.gcd(GCD.java:19)
	at java_programs.GCD.gcd(GCD.java:19)
	at java_programs.GCD.gcd(GCD.java:19)
	at java_programs.GCD.gcd(GCD.java:19)
	at java_programs.GCD.gcd(GCD.java:19)
	at java_programs.GCD.gcd(GCD.java:19)
	at java_programs.GCD.gcd(GCD.java:19)
	at java_programs.GCD.gcd(GCD.java:19)
	at java_programs.GCD.gcd(GCD.java:19)
	at java_programs.GCD.gcd(GCD.java:19)
	at java_programs.GCD.gcd(GCD.java:19)
	at java_programs.GCD.gcd(GCD.java:19)
	at java_programs.GCD.gcd(GCD.java:19)
	at java_programs.GCD.gcd(GCD.java:19)
	at java_programs.GCD.gcd(GCD.java:19)
	at java_programs.GCD.gcd(GCD.java:19)
	at java_programs.GCD.gcd(GCD.java:19)
	at java_programs.GCD.gcd(GCD.java:19)
	at java_programs.GCD.gcd(GCD.java:19)
	at java_programs.GCD.gcd(GCD.java:19)
	at java_programs.GCD.gcd(GCD.java:19)
	at java_programs.GCD.gcd(GCD.java:19)
	at java_programs.GCD.gcd(GCD.java:19)
	at java_programs.GCD.gcd(GCD.java:19)
	at java_programs.GCD.gcd(GCD.java:19)
	at java_programs.GCD.gcd(GCD.java:19)
	at java_programs.GCD.gcd(GCD.java:19)
	at java_programs.GCD.gcd(GCD.java:19)
	at java_programs.GCD.gcd(GCD.java:19)
	at java_programs.GCD.gcd(GCD.java:19)
	at java_programs.GCD.gcd(GCD.java:19)
	at java_programs.GCD.gcd(GCD.java:19)
	at java_programs.GCD.gcd(GCD.java:19)
	at java_programs.GCD.gcd(GCD.java:19)
	at java_programs.GCD.gcd(GCD.java:19)
	at java_programs.GCD.gcd(GCD.java:19)
	at java_programs.GCD.gcd(GCD.java:19)
	at java_programs.GCD.gcd(GCD.java:19)
	at java_programs.GCD.gcd(GCD.java:19)
	at java_programs.GCD.gcd(GCD.java:19)
	at java_programs.GCD.gcd(GCD.java:19)
	at java_programs.GCD.gcd(GCD.java:19)
	at java_programs.GCD.gcd(GCD.java:19)
	at java_programs.GCD.gcd(GCD.java:19)
	at java_programs.GCD.gcd(GCD.java:19)
	at java_programs.GCD.gcd(GCD.java:19)
	at java_programs.GCD.gcd(GCD.java:19)
	at java_programs.GCD.gcd(GCD.java:19)
	at java_programs.GCD.gcd(GCD.java:19)
	at java_programs.GCD.gcd(GCD.java:19)
	at java_programs.GCD.gcd(GCD.java:19)
	at java_programs.GCD.gcd(GCD.java:19)
	at java_programs.GCD.gcd(GCD.java:19)
	at java_programs.GCD.gcd(GCD.java:19)
	at java_programs.GCD.gcd(GCD.java:19)
	at java_programs.GCD.gcd(GCD.java:19)
	at java_programs.GCD.gcd(GCD.java:19)
	at java_programs.GCD.gcd(GCD.java:19)
	at java_programs.GCD.gcd(GCD.java:19)
	at java_programs.GCD.gcd(GCD.java:19)
	at java_programs.GCD.gcd(GCD.java:19)
	at java_programs.GCD.gcd(GCD.java:19)
	at java_programs.GCD.gcd(GCD.java:19)
	at java_programs.GCD.gcd(GCD.java:19)
	at java_programs.GCD.gcd(GCD.java:19)
	at java_programs.GCD.gcd(GCD.java:19)
	at java_programs.GCD.gcd(GCD.java:19)
	at java_programs.GCD.gcd(GCD.java:19)
	at java_programs.GCD.gcd(GCD.java:19)
	at java_programs.GCD.gcd(GCD.java:19)
	at java_programs.GCD.gcd(GCD.java:19)
	at java_programs.GCD.gcd(GCD.java:19)
	at java_programs.GCD.gcd(GCD.java:19)
	at java_programs.GCD.gcd(GCD.java:19)
	at java_programs.GCD.gcd(GCD.java:19)
	at java_programs.GCD.gcd(GCD.java:19)
	at java_programs.GCD.gcd(GCD.java:19)
	at java_programs.GCD.gcd(GCD.java:19)
	at java_programs.GCD.gcd(GCD.java:19)
	at java_programs.GCD.gcd(GCD.java:19)
	at java_programs.GCD.gcd(GCD.java:19)
	at java_programs.GCD.gcd(GCD.java:19)
	at java_programs.GCD.gcd(GCD.java:19)
	at java_programs.GCD.gcd(GCD.java:19)
	at java_programs.GCD.gcd(GCD.java:19)
	at java_programs.GCD.gcd(GCD.java:19)
	at java_programs.GCD.gcd(GCD.java:19)
	at java_programs.GCD.gcd(GCD.java:19)
	at java_programs.GCD.gcd(GCD.java:19)
	at java_programs.GCD.gcd(GCD.java:19)
	at java_programs.GCD.gcd(GCD.java:19)
	at java_programs.GCD.gcd(GCD.java:19)
	at java_programs.GCD.gcd(GCD.java:19)
	at java_programs.GCD.gcd(GCD.java:19)
	at java_programs.GCD.gcd(GCD.java:19)
	at java_programs.GCD.gcd(GCD.java:19)
	at java_programs.GCD.gcd(GCD.java:19)
	at java_programs.GCD.gcd(GCD.java:19)
	at java_programs.GCD.gcd(GCD.java:19)
	at java_programs.GCD.gcd(GCD.java:19)
	at java_programs.GCD.gcd(GCD.java:19)
	at java_programs.GCD.gcd(GCD.java:19)
	at java_programs.GCD.gcd(GCD.java:19)
	at java_programs.GCD.gcd(GCD.java:19)
	at java_programs.GCD.gcd(GCD.java:19)
	at java_programs.GCD.gcd(GCD.java:19)
	at java_programs.GCD.gcd(GCD.java:19)
	at java_programs.GCD.gcd(GCD.java:19)
	at java_programs.GCD.gcd(GCD.java:19)
	at java_programs.GCD.gcd(GCD.java:19)
	at java_programs.GCD.gcd(GCD.java:19)
	at java_programs.GCD.gcd(GCD.java:19)
	at java_programs.GCD.gcd(GCD.java:19)
	at java_programs.GCD.gcd(GCD.java:19)
	at java_programs.GCD.gcd(GCD.java:19)
	at java_programs.GCD.gcd(GCD.java:19)
	at java_programs.GCD.gcd(GCD.java:19)
	at java_programs.GCD.gcd(GCD.java:19)
	at java_programs.GCD.gcd(GCD.java:19)
	at java_programs.GCD.gcd(GCD.java:19)
	at java_programs.GCD.gcd(GCD.java:19)
	at java_programs.GCD.gcd(GCD.java:19)
	at java_programs.GCD.gcd(GCD.java:19)
	at java_programs.GCD.gcd(GCD.java:19)
	at java_programs.GCD.gcd(GCD.java:19)
	at java_programs.GCD.gcd(GCD.java:19)
	at java_programs.GCD.gcd(GCD.java:19)
	at java_programs.GCD.gcd(GCD.java:19)
	at java_programs.GCD.gcd(GCD.java:19)
	at java_programs.GCD.gcd(GCD.java:19)
	at java_programs.GCD.gcd(GCD.java:19)
	at java_programs.GCD.gcd(GCD.java:19)
	at java_programs.GCD.gcd(GCD.java:19)
	at java_programs.GCD.gcd(GCD.java:19)
	at java_programs.GCD.gcd(GCD.java:19)
	at java_programs.GCD.gcd(GCD.java:19)
	at java_programs.GCD.gcd(GCD.java:19)
	at java_programs.GCD.gcd(GCD.java:19)
	at java_programs.GCD.gcd(GCD.java:19)
	at java_programs.GCD.gcd(GCD.java:19)
	at java_programs.GCD.gcd(GCD.java:19)
	at java_programs.GCD.gcd(GCD.java:19)
	at java_programs.GCD.gcd(GCD.java:19)
	at java_programs.GCD.gcd(GCD.java:19)
	at java_programs.GCD.gcd(GCD.java:19)
	at java_programs.GCD.gcd(GCD.java:19)
	at java_programs.GCD.gcd(GCD.java:19)
	at java_programs.GCD.gcd(GCD.java:19)
	at java_programs.GCD.gcd(GCD.java:19)
	at java_programs.GCD.gcd(GCD.java:19)
	at java_programs.GCD.gcd(GCD.java:19)
	at java_programs.GCD.gcd(GCD.java:19)
	at java_programs.GCD.gcd(GCD.java:19)
	at java_programs.GCD.gcd(GCD.java:19)
	at java_programs.GCD.gcd(GCD.java:19)
	at java_programs.GCD.gcd(GCD.java:19)
	at java_programs.GCD.gcd(GCD.java:19)
	at java_programs.GCD.gcd(GCD.java:19)
	at java_programs.GCD.gcd(GCD.java:19)
	at java_programs.GCD.gcd(GCD.java:19)
	at java_programs.GCD.gcd(GCD.java:19)
	at java_programs.GCD.gcd(GCD.java:19)
	at java_programs.GCD.gcd(GCD.java:19)
	at java_programs.GCD.gcd(GCD.java:19)
	at java_programs.GCD.gcd(GCD.java:19)
	at java_programs.GCD.gcd(GCD.java:19)
	at java_programs.GCD.gcd(GCD.java:19)
	at java_programs.GCD.gcd(GCD.java:19)
	at java_programs.GCD.gcd(GCD.java:19)
	at java_programs.GCD.gcd(GCD.java:19)
	at java_programs.GCD.gcd(GCD.java:19)
	at java_programs.GCD.gcd(GCD.java:19)
	at java_programs.GCD.gcd(GCD.java:19)
	at java_programs.GCD.gcd(GCD.java:19)
	at java_programs.GCD.gcd(GCD.java:19)
	at java_programs.GCD.gcd(GCD.java:19)
	at java_programs.GCD.gcd(GCD.java:19)
	at java_programs.GCD.gcd(GCD.java:19)
	at java_programs.GCD.gcd(GCD.java:19)
	at java_programs.GCD.gcd(GCD.java:19)
	at java_programs.GCD.gcd(GCD.java:19)
	at java_programs.GCD.gcd(GCD.java:19)
	at java_programs.GCD.gcd(GCD.java:19)
	at java_programs.GCD.gcd(GCD.java:19)
	at java_programs.GCD.gcd(GCD.java:19)
	at java_programs.GCD.gcd(GCD.java:19)
	at java_programs.GCD.gcd(GCD.java:19)
	at java_programs.GCD.gcd(GCD.java:19)
	at java_programs.GCD.gcd(GCD.java:19)
	at java_programs.GCD.gcd(GCD.java:19)
	at java_programs.GCD.gcd(GCD.java:19)
	at java_programs.GCD.gcd(GCD.java:19)
	at java_programs.GCD.gcd(GCD.java:19)
	at java_programs.GCD.gcd(GCD.java:19)
	at java_programs.GCD.gcd(GCD.java:19)
	at java_programs.GCD.gcd(GCD.java:19)
	at java_programs.GCD.gcd(GCD.java:19)
	at java_programs.GCD.gcd(GCD.java:19)
	at java_programs.GCD.gcd(GCD.java:19)
	at java_programs.GCD.gcd(GCD.java:19)
	at java_programs.GCD.gcd(GCD.java:19)
	at java_programs.GCD.gcd(GCD.java:19)
	at java_programs.GCD.gcd(GCD.java:19)
	at java_programs.GCD.gcd(GCD.java:19)
	at java_programs.GCD.gcd(GCD.java:19)
	at java_programs.GCD.gcd(GCD.java:19)
	at java_programs.GCD.gcd(GCD.java:19)
	at java_programs.GCD.gcd(GCD.java:19)
	at java_programs.GCD.gcd(GCD.java:19)
	at java_programs.GCD.gcd(GCD.java:19)
	at java_programs.GCD.gcd(GCD.java:19)
	at java_programs.GCD.gcd(GCD.java:19)
	at java_programs.GCD.gcd(GCD.java:19)
	at java_programs.GCD.gcd(GCD.java:19)
	at java_programs.GCD.gcd(GCD.java:19)
	at java_programs.GCD.gcd(GCD.java:19)
	at java_programs.GCD.gcd(GCD.java:19)
	at java_programs.GCD.gcd(GCD.java:19)
	at java_programs.GCD.gcd(GCD.java:19)
	at java_programs.GCD.gcd(GCD.java:19)
	at java_programs.GCD.gcd(GCD.java:19)
	at java_programs.GCD.gcd(GCD.java:19)
	at java_programs.GCD.gcd(GCD.java:19)
	at java_programs.GCD.gcd(GCD.java:19)
	at java_programs.GCD.gcd(GCD.java:19)
	at java_programs.GCD.gcd(GCD.java:19)
	at java_programs.GCD.gcd(GCD.java:19)
	at java_programs.GCD.gcd(GCD.java:19)
	at java_programs.GCD.gcd(GCD.java:19)
	at java_programs.GCD.gcd(GCD.java:19)
	at java_programs.GCD.gcd(GCD.java:19)
	at java_programs.GCD.gcd(GCD.java:19)
	at java_programs.GCD.gcd(GCD.java:19)
	at java_programs.GCD.gcd(GCD.java:19)
	at java_programs.GCD.gcd(GCD.java:19)
	at java_programs.GCD.gcd(GCD.java:19)
	at java_programs.GCD.gcd(GCD.java:19)
	at java_programs.GCD.gcd(GCD.java:19)
	at java_programs.GCD.gcd(GCD.java:19)
	at java_programs.GCD.gcd(GCD.java:19)
	at java_programs.GCD.gcd(GCD.java:19)
	at java_programs.GCD.gcd(GCD.java:19)
	at java_programs.GCD.gcd(GCD.java:19)
	at java_programs.GCD.gcd(GCD.java:19)
	at java_programs.GCD.gcd(GCD.java:19)
	at java_programs.GCD.gcd(GCD.java:19)
	at java_programs.GCD.gcd(GCD.java:19)
	at java_programs.GCD.gcd(GCD.java:19)
	at java_programs.GCD.gcd(GCD.java:19)
	at java_programs.GCD.gcd(GCD.java:19)
	at java_programs.GCD.gcd(GCD.java:19)
	at java_programs.GCD.gcd(GCD.java:19)
	at java_programs.GCD.gcd(GCD.java:19)
	at java_programs.GCD.gcd(GCD.java:19)
	at java_programs.GCD.gcd(GCD.java:19)
	at java_programs.GCD.gcd(GCD.java:19)
	at java_programs.GCD.gcd(GCD.java:19)
	at java_programs.GCD.gcd(GCD.java:19)
	at java_programs.GCD.gcd(GCD.java:19)
	at java_programs.GCD.gcd(GCD.java:19)
	at java_programs.GCD.gcd(GCD.java:19)
	at java_programs.GCD.gcd(GCD.java:19)
	at java_programs.GCD.gcd(GCD.java:19)
	at java_programs.GCD.gcd(GCD.java:19)
	at java_programs.GCD.gcd(GCD.java:19)
	at java_programs.GCD.gcd(GCD.java:19)
	at java_programs.GCD.gcd(GCD.java:19)
	at java_programs.GCD.gcd(GCD.java:19)
	at java_programs.GCD.gcd(GCD.java:19)
	at java_programs.GCD.gcd(GCD.java:19)
	at java_programs.GCD.gcd(GCD.java:19)
	at java_programs.GCD.gcd(GCD.java:19)
	at java_programs.GCD.gcd(GCD.java:19)
	at java_programs.GCD.gcd(GCD.java:19)
	at java_programs.GCD.gcd(GCD.java:19)
	at java_programs.GCD.gcd(GCD.java:19)
	at java_programs.GCD.gcd(GCD.java:19)
	at java_programs.GCD.gcd(GCD.java:19)
	at java_programs.GCD.gcd(GCD.java:19)
	at java_programs.GCD.gcd(GCD.java:19)
	at java_programs.GCD.gcd(GCD.java:19)
	at java_programs.GCD.gcd(GCD.java:19)
	at java_programs.GCD.gcd(GCD.java:19)
	at java_programs.GCD.gcd(GCD.java:19)
	at java_programs.GCD.gcd(GCD.java:19)
	at java_programs.GCD.gcd(GCD.java:19)
	at java_programs.GCD.gcd(GCD.java:19)
	at java_programs.GCD.gcd(GCD.java:19)
	at java_programs.GCD.gcd(GCD.java:19)
	at java_programs.GCD.gcd(GCD.java:19)
	at java_programs.GCD.gcd(GCD.java:19)
	at java_programs.GCD.gcd(GCD.java:19)
	at java_programs.GCD.gcd(GCD.java:19)
	at java_programs.GCD.gcd(GCD.java:19)
	at java_programs.GCD.gcd(GCD.java:19)
	at java_programs.GCD.gcd(GCD.java:19)
	at java_programs.GCD.gcd(GCD.java:19)
	at java_programs.GCD.gcd(GCD.java:19)
	at java_programs.GCD.gcd(GCD.java:19)
	at java_programs.GCD.gcd(GCD.java:19)
	at java_programs.GCD.gcd(GCD.java:19)
	at java_programs.GCD.gcd(GCD.java:19)
	at java_programs.GCD.gcd(GCD.java:19)
	at java_programs.GCD.gcd(GCD.java:19)
	at java_programs.GCD.gcd(GCD.java:19)
	at java_programs.GCD.gcd(GCD.java:19)
	at java_programs.GCD.gcd(GCD.java:19)
	at java_programs.GCD.gcd(GCD.java:19)
	at java_programs.GCD.gcd(GCD.java:19)
	at java_programs.GCD.gcd(GCD.java:19)
	at java_programs.GCD.gcd(GCD.java:19)
	at java_programs.GCD.gcd(GCD.java:19)
	at java_programs.GCD.gcd(GCD.java:19)
	at java_programs.GCD.gcd(GCD.java:19)
	at java_programs.GCD.gcd(GCD.java:19)
	at java_programs.GCD.gcd(GCD.java:19)
	at java_programs.GCD.gcd(GCD.java:19)
	at java_programs.GCD.gcd(GCD.java:19)
	at java_programs.GCD.gcd(GCD.java:19)
	at java_programs.GCD.gcd(GCD.java:19)
	at java_programs.GCD.gcd(GCD.java:19)
	at java_programs.GCD.gcd(GCD.java:19)
	at java_programs.GCD.gcd(GCD.java:19)
	at java_programs.GCD.gcd(GCD.java:19)
	at java_programs.GCD.gcd(GCD.java:19)
	at java_programs.GCD.gcd(GCD.java:19)
	at java_programs.GCD.gcd(GCD.java:19)
	at java_programs.GCD.gcd(GCD.java:19)
	at java_programs.GCD.gcd(GCD.java:19)
	at java_programs.GCD.gcd(GCD.java:19)
	at java_programs.GCD.gcd(GCD.java:19)
	at java_programs.GCD.gcd(GCD.java:19)
	at java_programs.GCD.gcd(GCD.java:19)
	at java_programs.GCD.gcd(GCD.java:19)
	at java_programs.GCD.gcd(GCD.java:19)
	at java_programs.GCD.gcd(GCD.java:19)
	at java_programs.GCD.gcd(GCD.java:19)
	at java_programs.GCD.gcd(GCD.java:19)
	at java_programs.GCD.gcd(GCD.java:19)
	at java_programs.GCD.gcd(GCD.java:19)
	at java_programs.GCD.gcd(GCD.java:19)
	at java_programs.GCD.gcd(GCD.java:19)
	at java_programs.GCD.gcd(GCD.java:19)
	at java_programs.GCD.gcd(GCD.java:19)
	at java_programs.GCD.gcd(GCD.java:19)
	at java_programs.GCD.gcd(GCD.java:19)
	at java_programs.GCD.gcd(GCD.java:19)
	at java_programs.GCD.gcd(GCD.java:19)
	at java_programs.GCD.gcd(GCD.java:19)
	at java_programs.GCD.gcd(GCD.java:19)
	at java_programs.GCD.gcd(GCD.java:19)
	at java_programs.GCD.gcd(GCD.java:19)
	at java_programs.GCD.gcd(GCD.java:19)
	at java_programs.GCD.gcd(GCD.java:19)
	at java_programs.GCD.gcd(GCD.java:19)
	at java_programs.GCD.gcd(GCD.java:19)
	at java_programs.GCD.gcd(GCD.java:19)
	at java_programs.GCD.gcd(GCD.java:19)
	at java_programs.GCD.gcd(GCD.java:19)
	at java_programs.GCD.gcd(GCD.java:19)
	at java_programs.GCD.gcd(GCD.java:19)
	at java_programs.GCD.gcd(GCD.java:19)
	at java_programs.GCD.gcd(GCD.java:19)
	at java_programs.GCD.gcd(GCD.java:19)
	at java_programs.GCD.gcd(GCD.java:19)
	at java_programs.GCD.gcd(GCD.java:19)
	at java_programs.GCD.gcd(GCD.java:19)
	at java_programs.GCD.gcd(GCD.java:19)
	at java_programs.GCD.gcd(GCD.java:19)
	at java_programs.GCD.gcd(GCD.java:19)
	at java_programs.GCD.gcd(GCD.java:19)
	at java_programs.GCD.gcd(GCD.java:19)
	at java_programs.GCD.gcd(GCD.java:19)
	at java_programs.GCD.gcd(GCD.java:19)
	at java_programs.GCD.gcd(GCD.java:19)
	at java_programs.GCD.gcd(GCD.java:19)
	at java_programs.GCD.gcd(GCD.java:19)
	at java_programs.GCD.gcd(GCD.java:19)
	at java_programs.GCD.gcd(GCD.java:19)
	at java_programs.GCD.gcd(GCD.java:19)
	at java_programs.GCD.gcd(GCD.java:19)
	at java_programs.GCD.gcd(GCD.java:19)
	at java_programs.GCD.gcd(GCD.java:19)
	at java_programs.GCD.gcd(GCD.java:19)
	at java_programs.GCD.gcd(GCD.java:19)
	at java_programs.GCD.gcd(GCD.java:19)
	at java_programs.GCD.gcd(GCD.java:19)
	at java_programs.GCD.gcd(GCD.java:19)
	at java_programs.GCD.gcd(GCD.java:19)
	at java_programs.GCD.gcd(GCD.java:19)
	at java_programs.GCD.gcd(GCD.java:19)
	at java_programs.GCD.gcd(GCD.java:19)
	at java_programs.GCD.gcd(GCD.java:19)
	at java_programs.GCD.gcd(GCD.java:19)
	at java_programs.GCD.gcd(GCD.java:19)
	at java_programs.GCD.gcd(GCD.java:19)
	at java_programs.GCD.gcd(GCD.java:19)
	at java_programs.GCD.gcd(GCD.java:19)
	at java_programs.GCD.gcd(GCD.java:19)
	at java_programs.GCD.gcd(GCD.java:19)
	at java_programs.GCD.gcd(GCD.java:19)
	at java_programs.GCD.gcd(GCD.java:19)
	at java_programs.GCD.gcd(GCD.java:19)
	at java_programs.GCD.gcd(GCD.java:19)
	at java_programs.GCD.gcd(GCD.java:19)
	at java_programs.GCD.gcd(GCD.java:19)
	at java_programs.GCD.gcd(GCD.java:19)
	at java_programs.GCD.gcd(GCD.java:19)
	at java_programs.GCD.gcd(GCD.java:19)
	at java_programs.GCD.gcd(GCD.java:19)
	at java_programs.GCD.gcd(GCD.java:19)
	at java_programs.GCD.gcd(GCD.java:19)
	at java_programs.GCD.gcd(GCD.java:19)
	at java_programs.GCD.gcd(GCD.java:19)
	at java_programs.GCD.gcd(GCD.java:19)
	at java_programs.GCD.gcd(GCD.java:19)
	at java_programs.GCD.gcd(GCD.java:19)
	at java_programs.GCD.gcd(GCD.java:19)
	at java_programs.GCD.gcd(GCD.java:19)
	at java_programs.GCD.gcd(GCD.java:19)
	at java_programs.GCD.gcd(GCD.java:19)
	at java_programs.GCD.gcd(GCD.java:19)
	at java_programs.GCD.gcd(GCD.java:19)
	at java_programs.GCD.gcd(GCD.java:19)
	at java_programs.GCD.gcd(GCD.java:19)
	at java_programs.GCD.gcd(GCD.java:19)
	at java_programs.GCD.gcd(GCD.java:19)
	at java_programs.GCD.gcd(GCD.java:19)
	at java_programs.GCD.gcd(GCD.java:19)
	at java_programs.GCD.gcd(GCD.java:19)
	at java_programs.GCD.gcd(GCD.java:19)
	at java_programs.GCD.gcd(GCD.java:19)
	at java_programs.GCD.gcd(GCD.java:19)
	at java_programs.GCD.gcd(GCD.java:19)
	at java_programs.GCD.gcd(GCD.java:19)
	at java_programs.GCD.gcd(GCD.java:19)
	at java_programs.GCD.gcd(GCD.java:19)
	at java_programs.GCD.gcd(GCD.java:19)
	at java_programs.GCD.gcd(GCD.java:19)
	at java_programs.GCD.gcd(GCD.java:19)
	at java_programs.GCD.gcd(GCD.java:19)
	at java_programs.GCD.gcd(GCD.java:19)
	at java_programs.GCD.gcd(GCD.java:19)
	at java_programs.GCD.gcd(GCD.java:19)
	at java_programs.GCD.gcd(GCD.java:19)
	at java_programs.GCD.gcd(GCD.java:19)
	at java_programs.GCD.gcd(GCD.java:19)
	at java_programs.GCD.gcd(GCD.java:19)
	at java_programs.GCD.gcd(GCD.java:19)
	at java_programs.GCD.gcd(GCD.java:19)
	at java_programs.GCD.gcd(GCD.java:19)
	at java_programs.GCD.gcd(GCD.java:19)
	at java_programs.GCD.gcd(GCD.java:19)
	at java_programs.GCD.gcd(GCD.java:19)
	at java_programs.GCD.gcd(GCD.java:19)
	at java_programs.GCD.gcd(GCD.java:19)
	at java_programs.GCD.gcd(GCD.java:19)
	at java_programs.GCD.gcd(GCD.java:19)
	at java_programs.GCD.gcd(GCD.java:19)
	at java_programs.GCD.gcd(GCD.java:19)
	at java_programs.GCD.gcd(GCD.java:19)
	at java_programs.GCD.gcd(GCD.java:19)
	at java_programs.GCD.gcd(GCD.java:19)
	at java_programs.GCD.gcd(GCD.java:19)
	at java_programs.GCD.gcd(GCD.java:19)
	at java_programs.GCD.gcd(GCD.java:19)
	at java_programs.GCD.gcd(GCD.java:19)
	at java_programs.GCD.gcd(GCD.java:19)
	at java_programs.GCD.gcd(GCD.java:19)
	at java_programs.GCD.gcd(GCD.java:19)
	at java_programs.GCD.gcd(GCD.java:19)
	at java_programs.GCD.gcd(GCD.java:19)
	at java_programs.GCD.gcd(GCD.java:19)
	at java_programs.GCD.gcd(GCD.java:19)
	at java_programs.GCD.gcd(GCD.java:19)
	at java_programs.GCD.gcd(GCD.java:19)
	at java_programs.GCD.gcd(GCD.java:19)
	at java_programs.GCD.gcd(GCD.java:19)
	at java_programs.GCD.gcd(GCD.java:19)
	at java_programs.GCD.gcd(GCD.java:19)
	at java_programs.GCD.gcd(GCD.java:19)
	at java_programs.GCD.gcd(GCD.java:19)
	at java_programs.GCD.gcd(GCD.java:19)
	at java_programs.GCD.gcd(GCD.java:19)
	at java_programs.GCD.gcd(GCD.java:19)
	at java_programs.GCD.gcd(GCD.java:19)
	at java_programs.GCD.gcd(GCD.java:19)
	at java_programs.GCD.gcd(GCD.java:19)
	at java_programs.GCD.gcd(GCD.java:19)
	at java_programs.GCD.gcd(GCD.java:19)
	at java_programs.GCD.gcd(GCD.java:19)
	at java_programs.GCD.gcd(GCD.java:19)
	at java_programs.GCD.gcd(GCD.java:19)
	at java_programs.GCD.gcd(GCD.java:19)
	at java_programs.GCD.gcd(GCD.java:19)
	at java_programs.GCD.gcd(GCD.java:19)
	at java_programs.GCD.gcd(GCD.java:19)
	at java_programs.GCD.gcd(GCD.java:19)
	at java_programs.GCD.gcd(GCD.java:19)
	at java_programs.GCD.gcd(GCD.java:19)
	at java_programs.GCD.gcd(GCD.java:19)
	at java_programs.GCD.gcd(GCD.java:19)
	at java_programs.GCD.gcd(GCD.java:19)
	at java_programs.GCD.gcd(GCD.java:19)
	at java_programs.GCD.gcd(GCD.java:19)
	at java_programs.GCD.gcd(GCD.java:19)
	at java_programs.GCD.gcd(GCD.java:19)
	at java_programs.GCD.gcd(GCD.java:19)
	at java_programs.GCD.gcd(GCD.java:19)
	at java_programs.GCD.gcd(GCD.java:19)
	at java_programs.GCD.gcd(GCD.java:19)
	at java_programs.GCD.gcd(GCD.java:19)
	at java_programs.GCD.gcd(GCD.java:19)
	at java_programs.GCD.gcd(GCD.java:19)
	at java_programs.GCD.gcd(GCD.java:19)
	at java_programs.GCD.gcd(GCD.java:19)
	at java_programs.GCD.gcd(GCD.java:19)
	at java_programs.GCD.gcd(GCD.java:19)
	at java_programs.GCD.gcd(GCD.java:19)
	at java_programs.GCD.gcd(GCD.java:19)
	at java_programs.GCD.gcd(GCD.java:19)
	at java_programs.GCD.gcd(GCD.java:19)
	at java_programs.GCD.gcd(GCD.java:19)
	at java_programs.GCD.gcd(GCD.java:19)
	at java_programs.GCD.gcd(GCD.java:19)
	at java_programs.GCD.gcd(GCD.java:19)
	at java_programs.GCD.gcd(GCD.java:19)
	at java_programs.GCD.gcd(GCD.java:19)
	at java_programs.GCD.gcd(GCD.java:19)
	at java_programs.GCD.gcd(GCD.java:19)
	at java_programs.GCD.gcd(GCD.java:19)
	at java_programs.GCD.gcd(GCD.java:19)
	at java_programs.GCD.gcd(GCD.java:19)
	at java_programs.GCD.gcd(GCD.java:19)
	at java_programs.GCD.gcd(GCD.java:19)
	at java_programs.GCD.gcd(GCD.java:19)
	at java_programs.GCD.gcd(GCD.java:19)
	at java_programs.GCD.gcd(GCD.java:19)
	at java_programs.GCD.gcd(GCD.java:19)
	at java_programs.GCD.gcd(GCD.java:19)
	at java_programs.GCD.gcd(GCD.java:19)
	at java_programs.GCD.gcd(GCD.java:19)
	at java_programs.GCD.gcd(GCD.java:19)
	at java_programs.GCD.gcd(GCD.java:19)
	at java_programs.GCD.gcd(GCD.java:19)
	at java_programs.GCD.gcd(GCD.java:19)
	at java_programs.GCD.gcd(GCD.java:19)
	at java_programs.GCD.gcd(GCD.java:19)
	at java_programs.GCD.gcd(GCD.java:19)
	at java_programs.GCD.gcd(GCD.java:19)
	at java_programs.GCD.gcd(GCD.java:19)
	at java_programs.GCD.gcd(GCD.java:19)
	at java_programs.GCD.gcd(GCD.java:19)
	at java_programs.GCD.gcd(GCD.java:19)
	at java_programs.GCD.gcd(GCD.java:19)
	at java_programs.GCD.gcd(GCD.java:19)
	at java_programs.GCD.gcd(GCD.java:19)
	at java_programs.GCD.gcd(GCD.java:19)
	at java_programs.GCD.gcd(GCD.java:19)
	at java_programs.GCD.gcd(GCD.java:19)
	at java_programs.GCD.gcd(GCD.java:19)
	at java_programs.GCD.gcd(GCD.java:19)
	at java_programs.GCD.gcd(GCD.java:19)
	at java_programs.GCD.gcd(GCD.java:19)
	at java_programs.GCD.gcd(GCD.java:19)
	at java_programs.GCD.gcd(GCD.java:19)
	at java_programs.GCD.gcd(GCD.java:19)
	at java_programs.GCD.gcd(GCD.java:19)
	at java_programs.GCD.gcd(GCD.java:19)
	at java_programs.GCD.gcd(GCD.java:19)
	at java_programs.GCD.gcd(GCD.java:19)
	at java_programs.GCD.gcd(GCD.java:19)
	at java_programs.GCD.gcd(GCD.java:19)
	at java_programs.GCD.gcd(GCD.java:19)
	at java_programs.GCD.gcd(GCD.java:19)
	at java_programs.GCD.gcd(GCD.java:19)
	at java_programs.GCD.gcd(GCD.java:19)
	at java_programs.GCD.gcd(GCD.java:19)
	at java_programs.GCD.gcd(GCD.java:19)
	at java_programs.GCD.gcd(GCD.java:19)
	at java_programs.GCD.gcd(GCD.java:19)
	at java_programs.GCD.gcd(GCD.java:19)
	at java_programs.GCD.gcd(GCD.java:19)
	at java_programs.GCD.gcd(GCD.java:19)
	at java_programs.GCD.gcd(GCD.java:19)
	at java_programs.GCD.gcd(GCD.java:19)
	at java_programs.GCD.gcd(GCD.java:19)
	at java_programs.GCD.gcd(GCD.java:19)
	at java_programs.GCD.gcd(GCD.java:19)
	at java_programs.GCD.gcd(GCD.java:19)
	at java_programs.GCD.gcd(GCD.java:19)
	at java_programs.GCD.gcd(GCD.java:19)
	at java_programs.GCD.gcd(GCD.java:19)
	at java_programs.GCD.gcd(GCD.java:19)
	at java_programs.GCD.gcd(GCD.java:19)
	at java_programs.GCD.gcd(GCD.java:19)
	at java_programs.GCD.gcd(GCD.java:19)
	at java_programs.GCD.gcd(GCD.java:19)
	at java_programs.GCD.gcd(GCD.java:19)
	at java_programs.GCD.gcd(GCD.java:19)
	at java_programs.GCD.gcd(GCD.java:19)
	at java_programs.GCD.gcd(GCD.java:19)
	at java_programs.GCD.gcd(GCD.java:19)
	at java_programs.GCD.gcd(GCD.java:19)
	at java_programs.GCD.gcd(GCD.java:19)
	at java_programs.GCD.gcd(GCD.java:19)
	at java_programs.GCD.gcd(GCD.java:19)
	at java_programs.GCD.gcd(GCD.java:19)
	at java_programs.GCD.gcd(GCD.java:19)
	at java_programs.GCD.gcd(GCD.java:19)
	at java_programs.GCD.gcd(GCD.java:19)
	at java_programs.GCD.gcd(GCD.java:19)
	at java_programs.GCD.gcd(GCD.java:19)
	at java_programs.GCD.gcd(GCD.java:19)
	at java_programs.GCD.gcd(GCD.java:19)
	at java_programs.GCD.gcd(GCD.java:19)
	at java_programs.GCD.gcd(GCD.java:19)
	at java_programs.GCD.gcd(GCD.java:19)
	at java_programs.GCD.gcd(GCD.java:19)
	at java_programs.GCD.gcd(GCD.java:19)
	at java_programs.GCD.gcd(GCD.java:19)
	at java_programs.GCD.gcd(GCD.java:19)
	at java_programs.GCD.gcd(GCD.java:19)
	at java_programs.GCD.gcd(GCD.java:19)
	at java_programs.GCD.gcd(GCD.java:19)
	at java_programs.GCD.gcd(GCD.java:19)
	at java_programs.GCD.gcd(GCD.java:19)
	at java_programs.GCD.gcd(GCD.java:19)
	at java_programs.GCD.gcd(GCD.java:19)
	at java_programs.GCD.gcd(GCD.java:19)
	at java_programs.GCD.gcd(GCD.java:19)
	at java_programs.GCD.gcd(GCD.java:19)
	at java_programs.GCD.gcd(GCD.java:19)
	at java_programs.GCD.gcd(GCD.java:19)
	at java_programs.GCD.gcd(GCD.java:19)
	at java_programs.GCD.gcd(GCD.java:19)
	at java_programs.GCD.gcd(GCD.java:19)
	at java_programs.GCD.gcd(GCD.java:19)
	at java_programs.GCD.gcd(GCD.java:19)
	at java_programs.GCD.gcd(GCD.java:19)
	at java_programs.GCD.gcd(GCD.java:19)
	at java_programs.GCD.gcd(GCD.java:19)
	at java_programs.GCD.gcd(GCD.java:19)
	at java_programs.GCD.gcd(GCD.java:19)
	at java_programs.GCD.gcd(GCD.java:19)
	at java_programs.GCD.gcd(GCD.java:19)
	at java_programs.GCD.gcd(GCD.java:19)
	at java_programs.GCD.gcd(GCD.java:19)
	at java_programs.GCD.gcd(GCD.java:19)
	at java_programs.GCD.gcd(GCD.java:19)
	at java_programs.GCD.gcd(GCD.java:19)
	at java_programs.GCD.gcd(GCD.java:19)
	at java_programs.GCD.gcd(GCD.java:19)
	at java_programs.GCD.gcd(GCD.java:19)
	at java_programs.GCD.gcd(GCD.java:19)
	at java_programs.GCD.gcd(GCD.java:19)
	at java_programs.GCD.gcd(GCD.java:19)
	at java_programs.GCD.gcd(GCD.java:19)
	at java_programs.GCD.gcd(GCD.java:19)
	at java_programs.GCD.gcd(GCD.java:19)
	at java_programs.GCD.gcd(GCD.java:19)
	at java_programs.GCD.gcd(GCD.java:19)
	at java_programs.GCD.gcd(GCD.java:19)
	at java_programs.GCD.gcd(GCD.java:19)
	at java_programs.GCD.gcd(GCD.java:19)
	at java_programs.GCD.gcd(GCD.java:19)
	at java_programs.GCD.gcd(GCD.java:19)
	at java_programs.GCD.gcd(GCD.java:19)
	at java_programs.GCD.gcd(GCD.java:19)
	at java_programs.GCD.gcd(GCD.java:19)
	at java_programs.GCD.gcd(GCD.java:19)
	at java_programs.GCD.gcd(GCD.java:19)
	at java_programs.GCD.gcd(GCD.java:19)
	at java_programs.GCD.gcd(GCD.java:19)
	at java_programs.GCD.gcd(GCD.java:19)
	at java_programs.GCD.gcd(GCD.java:19)
	at java_programs.GCD.gcd(GCD.java:19)
	at java_programs.GCD.gcd(GCD.java:19)
	at java_programs.GCD.gcd(GCD.java:19)
	at java_programs.GCD.gcd(GCD.java:19)
	at java_programs.GCD.gcd(GCD.java:19)
	at java_programs.GCD.gcd(GCD.java:19)
	at java_programs.GCD.gcd(GCD.java:19)
	at java_programs.GCD.gcd(GCD.java:19)
	at java_programs.GCD.gcd(GCD.java:19)
	at java_programs.GCD.gcd(GCD.java:19)
	at java_programs.GCD.gcd(GCD.java:19)
	at java_programs.GCD.gcd(GCD.java:19)
	at java_programs.GCD.gcd(GCD.java:19)
	at java_programs.GCD.gcd(GCD.java:19)
	at java_programs.GCD.gcd(GCD.java:19)
	at java_programs.GCD.gcd(GCD.java:19)
	at java_programs.GCD.gcd(GCD.java:19)
	at java_programs.GCD.gcd(GCD.java:19)
	at java_programs.GCD.gcd(GCD.java:19)
	at java_programs.GCD.gcd(GCD.java:19)
	at java_programs.GCD.gcd(GCD.java:19)
	at java_programs.GCD.gcd(GCD.java:19)
	at java_programs.GCD.gcd(GCD.java:19)
	at java_programs.GCD.gcd(GCD.java:19)
	at java_programs.GCD.gcd(GCD.java:19)
	at java_programs.GCD.gcd(GCD.java:19)
	at java_programs.GCD.gcd(GCD.java:19)
	at java_programs.GCD.gcd(GCD.java:19)
	at java_programs.GCD.gcd(GCD.java:19)
	at java_programs.GCD.gcd(GCD.java:19)
	at java_programs.GCD.gcd(GCD.java:19)
	at java_programs.GCD.gcd(GCD.java:19)
	at java_programs.GCD.gcd(GCD.java:19)
	at java_programs.GCD.gcd(GCD.java:19)
	at java_programs.GCD.gcd(GCD.java:19)
	at java_programs.GCD.gcd(GCD.java:19)
	at java_programs.GCD.gcd(GCD.java:19)
	at java_programs.GCD.gcd(GCD.java:19)
	at java_programs.GCD.gcd(GCD.java:19)
	at java_programs.GCD.gcd(GCD.java:19)
	at java_programs.GCD.gcd(GCD.java:19)
	at java_programs.GCD.gcd(GCD.java:19)
	at java_programs.GCD.gcd(GCD.java:19)
	at java_programs.GCD.gcd(GCD.java:19)
	at java_programs.GCD.gcd(GCD.java:19)
	at java_programs.GCD.gcd(GCD.java:19)
	at java_programs.GCD.gcd(GCD.java:19)
	at java_programs.GCD.gcd(GCD.java:19)
	at java_programs.GCD.gcd(GCD.java:19)
	at java_programs.GCD.gcd(GCD.java:19)
	at java_programs.GCD.gcd(GCD.java:19)
	at java_programs.GCD.gcd(GCD.java:19)
	at java_programs.GCD.gcd(GCD.java:19)
	at java_programs.GCD.gcd(GCD.java:19)
	at java_programs.GCD.gcd(GCD.java:19)
	at java_programs.GCD.gcd(GCD.java:19)
	at java_programs.GCD.gcd(GCD.java:19)
	at java_programs.GCD.gcd(GCD.java:19)
	at java_programs.GCD.gcd(GCD.java:19)
	at java_programs.GCD.gcd(GCD.java:19)
	at java_programs.GCD.gcd(GCD.java:19)
	at java_programs.GCD.gcd(GCD.java:19)
	at java_programs.GCD.gcd(GCD.java:19)
	at java_programs.GCD.gcd(GCD.java:19)
	at java_programs.GCD.gcd(GCD.java:19)
	at java_programs.GCD.gcd(GCD.java:19)
	at java_programs.GCD.gcd(GCD.java:19)
	at java_programs.GCD.gcd(GCD.java:19)
	at java_programs.GCD.gcd(GCD.java:19)
	at java_programs.GCD.gcd(GCD.java:19)
	at java_programs.GCD.gcd(GCD.java:19)
	at java_programs.GCD.gcd(GCD.java:19)
	at java_programs.GCD.gcd(GCD.java:19)
	at java_programs.GCD.gcd(GCD.java:19)
	at java_programs.GCD.gcd(GCD.java:19)
	at java_programs.GCD.gcd(GCD.java:19)
	at java_programs.GCD.gcd(GCD.java:19)
	at java_programs.GCD.gcd(GCD.java:19)
	at java_programs.GCD.gcd(GCD.java:19)
	at java_programs.GCD.gcd(GCD.java:19)
	at java_programs.GCD.gcd(GCD.java:19)
	at java_programs.GCD.gcd(GCD.java:19)
	at java_programs.GCD.gcd(GCD.java:19)
	at java_programs.GCD.gcd(GCD.java:19)
	at java_programs.GCD.gcd(GCD.java:19)
	at java_programs.GCD.gcd(GCD.java:19)
	at java_programs.GCD.gcd(GCD.java:19)
	at java_programs.GCD.gcd(GCD.java:19)
	at java_programs.GCD.gcd(GCD.java:19)
	at java_programs.GCD.gcd(GCD.java:19)
	at java_programs.GCD.gcd(GCD.java:19)
	at java_programs.GCD.gcd(GCD.java:19)
	at java_programs.GCD.gcd(GCD.java:19)
	at java_programs.GCD.gcd(GCD.java:19)
	at java_programs.GCD.gcd(GCD.java:19)
	at java_programs.GCD.gcd(GCD.java:19)
	at java_programs.GCD.gcd(GCD.java:19)
	at java_programs.GCD.gcd(GCD.java:19)
	at java_programs.GCD.gcd(GCD.java:19)
	at java_programs.GCD.gcd(GCD.java:19)
	at java_programs.GCD.gcd(GCD.java:19)
	at java_programs.GCD.gcd(GCD.java:19)
	at java_programs.GCD.gcd(GCD.java:19)
	at java_programs.GCD.gcd(GCD.java:19)
	at java_programs.GCD.gcd(GCD.java:19)
	at java_programs.GCD.gcd(GCD.java:19)
	at java_programs.GCD.gcd(GCD.java:19)
	at java_programs.GCD.gcd(GCD.java:19)
	at java_programs.GCD.gcd(GCD.java:19)
	at java_programs.GCD.gcd(GCD.java:19)
	at java_programs.GCD.gcd(GCD.java:19)
	at java_programs.GCD.gcd(GCD.java:19)
	at java_programs.GCD.gcd(GCD.java:19)
	at java_programs.GCD.gcd(GCD.java:19)
	at java_programs.GCD.gcd(GCD.java:19)
	at java_programs.GCD.gcd(GCD.java:19)
	at java_programs.GCD.gcd(GCD.java:19)
	at java_programs.GCD.gcd(GCD.java:19)
	at java_programs.GCD.gcd(GCD.java:19)
	at java_programs.GCD.gcd(GCD.java:19)
	at java_programs.GCD.gcd(GCD.java:19)
	at java_programs.GCD.gcd(GCD.java:19)
	at java_programs.GCD.gcd(GCD.java:19)
	at java_programs.GCD.gcd(GCD.java:19)
	at java_programs.GCD.gcd(GCD.java:19)
	at java_programs.GCD.gcd(GCD.java:19)
	at java_programs.GCD.gcd(GCD.java:19)
	at java_programs.GCD.gcd(GCD.java:19)
	at java_programs.GCD.gcd(GCD.java:19)
	at java_programs.GCD.gcd(GCD.java:19)
	at java_programs.GCD.gcd(GCD.java:19)
	at java_programs.GCD.gcd(GCD.java:19)
	at java_programs.GCD.gcd(GCD.java:19)
	at java_programs.GCD.gcd(GCD.java:19)
	at java_programs.GCD.gcd(GCD.java:19)
	at java_programs.GCD.gcd(GCD.java:19)
	at java_programs.GCD.gcd(GCD.java:19)
	at java_programs.GCD.gcd(GCD.java:19)
	at java_programs.GCD.gcd(GCD.java:19)
	at java_programs.GCD.gcd(GCD.java:19)
	at java_programs.GCD.gcd(GCD.java:19)
	at java_programs.GCD.gcd(GCD.java:19)
	at java_programs.GCD.gcd(GCD.java:19)
	at java_programs.GCD.gcd(GCD.java:19)
	at java_programs.GCD.gcd(GCD.java:19)
	at java_programs.GCD.gcd(GCD.java:19)
	at java_programs.GCD.gcd(GCD.java:19)
	at java_programs.GCD.gcd(GCD.java:19)
	at java_programs.GCD.gcd(GCD.java:19)
	at java_programs.GCD.gcd(GCD.java:19)
	at java_programs.GCD.gcd(GCD.java:19)
	at java_programs.GCD.gcd(GCD.java:19)
	at java_programs.GCD.gcd(GCD.java:19)
	at java_programs.GCD.gcd(GCD.java:19)
	at java_programs.GCD.gcd(GCD.java:19)
	at java_programs.GCD.gcd(GCD.java:19)
	at java_programs.GCD.gcd(GCD.java:19)
	at java_programs.GCD.gcd(GCD.java:19)
	at java_programs.GCD.gcd(GCD.java:19)
	at java_programs.GCD.gcd(GCD.java:19)
	at java_programs.GCD.gcd(GCD.java:19)
	at java_programs.GCD.gcd(GCD.java:19)
	at java_programs.GCD.gcd(GCD.java:19)
	at java_programs.GCD.gcd(GCD.java:19)
	at java_programs.GCD.gcd(GCD.java:19)
	at java_programs.GCD.gcd(GCD.java:19)
	at java_programs.GCD.gcd(GCD.java:19)
	at java_programs.GCD.gcd(GCD.java:19)
	at java_programs.GCD.gcd(GCD.java:19)
	at java_programs.GCD.gcd(GCD.java:19)
	at java_programs.GCD.gcd(GCD.java:19)
	at java_programs.GCD.gcd(GCD.java:19)
	at java_programs.GCD.gcd(GCD.java:19)
	at java_programs.GCD.gcd(GCD.java:19)
	at java_programs.GCD.gcd(GCD.java:19)
	at java_programs.GCD.gcd(GCD.java:19)
	at java_programs.GCD.gcd(GCD.java:19)
	at java_programs.GCD.gcd(GCD.java:19)
	at java_programs.GCD.gcd(GCD.java:19)
	at java_programs.GCD.gcd(GCD.java:19)
	at java_programs.GCD.gcd(GCD.java:19)
	at java_programs.GCD.gcd(GCD.java:19)
	at java_programs.GCD.gcd(GCD.java:19)
	at java_programs.GCD.gcd(GCD.java:19)
	at java_programs.GCD.gcd(GCD.java:19)
	at java_programs.GCD.gcd(GCD.java:19)
	at java_programs.GCD.gcd(GCD.java:19)
	at java_programs.GCD.gcd(GCD.java:19)
	at java_programs.GCD.gcd(GCD.java:19)
	at java_programs.GCD.gcd(GCD.java:19)
	at java_programs.GCD.gcd(GCD.java:19)
	at java_programs.GCD.gcd(GCD.java:19)
	at java_programs.GCD.gcd(GCD.java:19)
	at java_programs.GCD.gcd(GCD.java:19)
	at java_programs.GCD.gcd(GCD.java:19)
	at java_programs.GCD.gcd(GCD.java:19)
	at java_programs.GCD.gcd(GCD.java:19)
	at java_programs.GCD.gcd(GCD.java:19)
	at java_programs.GCD.gcd(GCD.java:19)
	at java_programs.GCD.gcd(GCD.java:19)
	at java_programs.GCD.gcd(GCD.java:19)
	at java_programs.GCD.gcd(GCD.java:19)
	at java_programs.GCD.gcd(GCD.java:19)
	at java_programs.GCD.gcd(GCD.java:19)
	at java_programs.GCD.gcd(GCD.java:19)
	at java_programs.GCD.gcd(GCD.java:19)
	at java_programs.GCD.gcd(GCD.java:19)
	at java_programs.GCD.gcd(GCD.java:19)
	at java_programs.GCD.gcd(GCD.java:19)
	at java_programs.GCD.gcd(GCD.java:19)
	at java_programs.GCD.gcd(GCD.java:19)
	at java_programs.GCD.gcd(GCD.java:19)
	at java_programs.GCD.gcd(GCD.java:19)
	at java_programs.GCD.gcd(GCD.java:19)
	at java_programs.GCD.gcd(GCD.java:19)
	at java_programs.GCD.gcd(GCD.java:19)
	at java_programs.GCD.gcd(GCD.java:19)
	at java_programs.GCD.gcd(GCD.java:19)
	at java_programs.GCD.gcd(GCD.java:19)
	at java_programs.GCD.gcd(GCD.java:19)
	at java_programs.GCD.gcd(GCD.java:19)
	at java_programs.GCD.gcd(GCD.java:19)
	at java_programs.GCD.gcd(GCD.java:19)
	at java_programs.GCD.gcd(GCD.java:19)
	at java_programs.GCD.gcd(GCD.java:19)
	at java_programs.GCD.gcd(GCD.java:19)
	at java_programs.GCD.gcd(GCD.java:19)
	at java_programs.GCD.gcd(GCD.java:19)
	at java_programs.GCD.gcd(GCD.java:19)
	at java_programs.GCD.gcd(GCD.java:19)
	at java_programs.GCD.gcd(GCD.java:19)
	at java_programs.GCD.gcd(GCD.java:19)
	at java_programs.GCD.gcd(GCD.java:19)
	at java_programs.GCD.gcd(GCD.java:19)
	at java_programs.GCD.gcd(GCD.java:19)
	at java_programs.GCD.gcd(GCD.java:19)
	at java_programs.GCD.gcd(GCD.java:19)
	at java_programs.GCD.gcd(GCD.java:19)
	at java_programs.GCD.gcd(GCD.java:19)
	at java_programs.GCD.gcd(GCD.java:19)
	at java_programs.GCD.gcd(GCD.java:19)
	at java_programs.GCD.gcd(GCD.java:19)
	at java_programs.GCD.gcd(GCD.java:19)
	at java_programs.GCD.gcd(GCD.java:19)
	at java_programs.GCD.gcd(GCD.java:19)
	at java_programs.GCD.gcd(GCD.java:19)
	at java_programs.GCD.gcd(GCD.java:19)
	at java_programs.GCD.gcd(GCD.java:19)
	at java_programs.GCD.gcd(GCD.java:19)
	at java_programs.GCD.gcd(GCD.java:19)
	at java_programs.GCD.gcd(GCD.java:19)
	at java_programs.GCD.gcd(GCD.java:19)
	at java_programs.GCD.gcd(GCD.java:19)
	at java_programs.GCD.gcd(GCD.java:19)
	at java_programs.GCD.gcd(GCD.java:19)
	at java_programs.GCD.gcd(GCD.java:19)
	at java_programs.GCD.gcd(GCD.java:19)
	at java_programs.GCD.gcd(GCD.java:19)
	at java_programs.GCD.gcd(GCD.java:19)
	at java_programs.GCD.gcd(GCD.java:19)
	at java_programs.GCD.gcd(GCD.java:19)
	at java_programs.GCD.gcd(GCD.java:19)
	at java_programs.GCD.gcd(GCD.java:19)
	at java_programs.GCD.gcd(GCD.java:19)
	at java_programs.GCD.gcd(GCD.java:19)
	at java_programs.GCD.gcd(GCD.java:19)
	at java_programs.GCD.gcd(GCD.java:19)
	at java_programs.GCD.gcd(GCD.java:19)
	at java_programs.GCD.gcd(GCD.java:19)
	at java_programs.GCD.gcd(GCD.java:19)
	at java_programs.GCD.gcd(GCD.java:19)
	at java_programs.GCD.gcd(GCD.java:19)
	at java_programs.GCD.gcd(GCD.java:19)
	at java_programs.GCD.gcd(GCD.java:19)
	at java_programs.GCD.gcd(GCD.java:19)
	at java_programs.GCD.gcd(GCD.java:19)
	at java_programs.GCD.gcd(GCD.java:19)
	at java_programs.GCD.gcd(GCD.java:19)
	at java_programs.GCD.gcd(GCD.java:19)
	at java_programs.GCD.gcd(GCD.java:19)
	at java_programs.GCD.gcd(GCD.java:19)
	at java_programs.GCD.gcd(GCD.java:19)
	at java_programs.GCD.gcd(GCD.java:19)
	at java_programs.GCD.gcd(GCD.java:19)
	at java_programs.GCD.gcd(GCD.java:19)
	at java_programs.GCD.gcd(GCD.java:19)
	at java_programs.GCD.gcd(GCD.java:19)
	at java_programs.GCD.gcd(GCD.java:19)
	at java_programs.GCD.gcd(GCD.java:19)
	at java_programs.GCD.gcd(GCD.java:19)
	at java_programs.GCD.gcd(GCD.java:19)
	at java_programs.GCD.gcd(GCD.java:19)
	at java_programs.GCD.gcd(GCD.java:19)
	at java_programs.GCD.gcd(GCD.java:19)
	at java_programs.GCD.gcd(GCD.java:19)
	at java_programs.GCD.gcd(GCD.java:19)
	at java_programs.GCD.gcd(GCD.java:19)
	at java_programs.GCD.gcd(GCD.java:19)
	at java_programs.GCD.gcd(GCD.java:19)
	at java_programs.GCD.gcd(GCD.java:19)
	at java_programs.GCD.gcd(GCD.java:19)
	at java_programs.GCD.gcd(GCD.java:19)
	at java_programs.GCD.gcd(GCD.java:19)
	at java_programs.GCD.gcd(GCD.java:19)
	at java_programs.GCD.gcd(GCD.java:19)
	at java_programs.GCD.gcd(GCD.java:19)
	at java_programs.GCD.gcd(GCD.java:19)
	at java_programs.GCD.gcd(GCD.java:19)
	at java_programs.GCD.gcd(GCD.java:19)
	at java_programs.GCD.gcd(GCD.java:19)
	at java_programs.GCD.gcd(GCD.java:19)
	at java_programs.GCD.gcd(GCD.java:19)
	at java_programs.GCD.gcd(GCD.java:19)
	at java_programs.GCD.gcd(GCD.java:19)
	at java_programs.GCD.gcd(GCD.java:19)
	at java_programs.GCD.gcd(GCD.java:19)
	at java_programs.GCD.gcd(GCD.java:19)
	at java_programs.GCD.gcd(GCD.java:19)
	at java_programs.GCD.gcd(GCD.java:19)
	at java_programs.GCD.gcd(GCD.java:19)
	at java_programs.GCD.gcd(GCD.java:19)
	at java_programs.GCD.gcd(GCD.java:19)
	at java_programs.GCD.gcd(GCD.java:19)
	at java_programs.GCD.gcd(GCD.java:19)
	at java_programs.GCD.gcd(GCD.java:19)
	at java_programs.GCD.gcd(GCD.java:19)
	at java_programs.GCD.gcd(GCD.java:19)
	at java_programs.GCD.gcd(GCD.java:19)
	at java_programs.GCD.gcd(GCD.java:19)
	at java_programs.GCD.gcd(GCD.java:19)
	at java_programs.GCD.gcd(GCD.java:19)
	at java_programs.GCD.gcd(GCD.java:19)
	at java_programs.GCD.gcd(GCD.java:19)
	at java_programs.GCD.gcd(GCD.java:19)
	at java_programs.GCD.gcd(GCD.java:19)
	at java_programs.GCD.gcd(GCD.java:19)
	at java_programs.GCD.gcd(GCD.java:19)
</failure>
  </testcase>
  <system-out><![CDATA[]]></system-out>
  <system-err><![CDATA[]]></system-err>
</testsuite>
