<?xml version="1.0" encoding="UTF-8"?>
<testsuite name="java_testcases.junit.FLATTEN_TEST" tests="7" skipped="0" failures="6" errors="0" timestamp="2024-04-03T09:44:58" hostname="LAPTOP-NVVL9JFQ" time="0.768">
  <properties/>
  <testcase name="test_0" classname="java_testcases.junit.FLATTEN_TEST" time="0.157">
    <failure message="java.lang.StackOverflowError" type="java.lang.StackOverflowError">java.lang.StackOverflowError
	at java_programs.FLATTEN.flatten(FLATTEN.java:26)
	at java_programs.FLATTEN.flatten(FLATTEN.java:26)
	at java_programs.FLATTEN.flatten(FLATTEN.java:26)
	at java_programs.FLATTEN.flatten(FLATTEN.java:26)
	at java_programs.FLATTEN.flatten(FLATTEN.java:26)
	at java_programs.FLATTEN.flatten(FLATTEN.java:26)
	at java_programs.FLATTEN.flatten(FLATTEN.java:26)
	at java_programs.FLATTEN.flatten(FLATTEN.java:26)
	at java_programs.FLATTEN.flatten(FLATTEN.java:26)
	at java_programs.FLATTEN.flatten(FLATTEN.java:26)
	at java_programs.FLATTEN.flatten(FLATTEN.java:26)
	at java_programs.FLATTEN.flatten(FLATTEN.java:26)
	at java_programs.FLATTEN.flatten(FLATTEN.java:26)
	at java_programs.FLATTEN.flatten(FLATTEN.java:26)
	at java_programs.FLATTEN.flatten(FLATTEN.java:26)
	at java_programs.FLATTEN.flatten(FLATTEN.java:26)
	at java_programs.FLATTEN.flatten(FLATTEN.java:26)
	at java_programs.FLATTEN.flatten(FLATTEN.java:26)
	at java_programs.FLATTEN.flatten(FLATTEN.java:26)
	at java_programs.FLATTEN.flatten(FLATTEN.java:26)
	at java_programs.FLATTEN.flatten(FLATTEN.java:26)
	at java_programs.FLATTEN.flatten(FLATTEN.java:26)
	at java_programs.FLATTEN.flatten(FLATTEN.java:26)
	at java_programs.FLATTEN.flatten(FLATTEN.java:26)
	at java_programs.FLATTEN.flatten(FLATTEN.java:26)
	at java_programs.FLATTEN.flatten(FLATTEN.java:26)
	at java_programs.FLATTEN.flatten(FLATTEN.java:26)
	at java_programs.FLATTEN.flatten(FLATTEN.java:26)
	at java_programs.FLATTEN.flatten(FLATTEN.java:26)
	at java_programs.FLATTEN.flatten(FLATTEN.java:26)
	at java_programs.FLATTEN.flatten(FLATTEN.java:26)
	at java_programs.FLATTEN.flatten(FLATTEN.java:26)
	at java_programs.FLATTEN.flatten(FLATTEN.java:26)
	at java_programs.FLATTEN.flatten(FLATTEN.java:26)
	at java_programs.FLATTEN.flatten(FLATTEN.java:26)
	at java_programs.FLATTEN.flatten(FLATTEN.java:26)
	at java_programs.FLATTEN.flatten(FLATTEN.java:26)
	at java_programs.FLATTEN.flatten(FLATTEN.java:26)
	at java_programs.FLATTEN.flatten(FLATTEN.java:26)
	at java_programs.FLATTEN.flatten(FLATTEN.java:26)
	at java_programs.FLATTEN.flatten(FLATTEN.java:26)
	at java_programs.FLATTEN.flatten(FLATTEN.java:26)
	at java_programs.FLATTEN.flatten(FLATTEN.java:26)
	at java_programs.FLATTEN.flatten(FLATTEN.java:26)
	at java_programs.FLATTEN.flatten(FLATTEN.java:26)
	at java_programs.FLATTEN.flatten(FLATTEN.java:26)
	at java_programs.FLATTEN.flatten(FLATTEN.java:26)
	at java_programs.FLATTEN.flatten(FLATTEN.java:26)
	at java_programs.FLATTEN.flatten(FLATTEN.java:26)
	at java_programs.FLATTEN.flatten(FLATTEN.java:26)
	at java_programs.FLATTEN.flatten(FLATTEN.java:26)
	at java_programs.FLATTEN.flatten(FLATTEN.java:26)
	at java_programs.FLATTEN.flatten(FLATTEN.java:26)
	at java_programs.FLATTEN.flatten(FLATTEN.java:26)
	at java_programs.FLATTEN.flatten(FLATTEN.java:26)
	at java_programs.FLATTEN.flatten(FLATTEN.java:26)
	at java_programs.FLATTEN.flatten(FLATTEN.java:26)
	at java_programs.FLATTEN.flatten(FLATTEN.java:26)
	at java_programs.FLATTEN.flatten(FLATTEN.java:26)
	at java_programs.FLATTEN.flatten(FLATTEN.java:26)
	at java_programs.FLATTEN.flatten(FLATTEN.java:26)
	at java_programs.FLATTEN.flatten(FLATTEN.java:26)
	at java_programs.FLATTEN.flatten(FLATTEN.java:26)
	at java_programs.FLATTEN.flatten(FLATTEN.java:26)
	at java_programs.FLATTEN.flatten(FLATTEN.java:26)
	at java_programs.FLATTEN.flatten(FLATTEN.java:26)
	at java_programs.FLATTEN.flatten(FLATTEN.java:26)
	at java_programs.FLATTEN.flatten(FLATTEN.java:26)
	at java_programs.FLATTEN.flatten(FLATTEN.java:26)
	at java_programs.FLATTEN.flatten(FLATTEN.java:26)
	at java_programs.FLATTEN.flatten(FLATTEN.java:26)
	at java_programs.FLATTEN.flatten(FLATTEN.java:26)
	at java_programs.FLATTEN.flatten(FLATTEN.java:26)
	at java_programs.FLATTEN.flatten(FLATTEN.java:26)
	at java_programs.FLATTEN.flatten(FLATTEN.java:26)
	at java_programs.FLATTEN.flatten(FLATTEN.java:26)
	at java_programs.FLATTEN.flatten(FLATTEN.java:26)
	at java_programs.FLATTEN.flatten(FLATTEN.java:26)
	at java_programs.FLATTEN.flatten(FLATTEN.java:26)
	at java_programs.FLATTEN.flatten(FLATTEN.java:26)
	at java_programs.FLATTEN.flatten(FLATTEN.java:26)
	at java_programs.FLATTEN.flatten(FLATTEN.java:26)
	at java_programs.FLATTEN.flatten(FLATTEN.java:26)
	at java_programs.FLATTEN.flatten(FLATTEN.java:26)
	at java_programs.FLATTEN.flatten(FLATTEN.java:26)
	at java_programs.FLATTEN.flatten(FLATTEN.java:26)
	at java_programs.FLATTEN.flatten(FLATTEN.java:26)
	at java_programs.FLATTEN.flatten(FLATTEN.java:26)
	at java_programs.FLATTEN.flatten(FLATTEN.java:26)
	at java_programs.FLATTEN.flatten(FLATTEN.java:26)
	at java_programs.FLATTEN.flatten(FLATTEN.java:26)
	at java_programs.FLATTEN.flatten(FLATTEN.java:26)
	at java_programs.FLATTEN.flatten(FLATTEN.java:26)
	at java_programs.FLATTEN.flatten(FLATTEN.java:26)
	at java_programs.FLATTEN.flatten(FLATTEN.java:26)
	at java_programs.FLATTEN.flatten(FLATTEN.java:26)
	at java_programs.FLATTEN.flatten(FLATTEN.java:26)
	at java_programs.FLATTEN.flatten(FLATTEN.java:26)
	at java_programs.FLATTEN.flatten(FLATTEN.java:26)
	at java_programs.FLATTEN.flatten(FLATTEN.java:26)
	at java_programs.FLATTEN.flatten(FLATTEN.java:26)
	at java_programs.FLATTEN.flatten(FLATTEN.java:26)
	at java_programs.FLATTEN.flatten(FLATTEN.java:26)
	at java_programs.FLATTEN.flatten(FLATTEN.java:26)
	at java_programs.FLATTEN.flatten(FLATTEN.java:26)
	at java_programs.FLATTEN.flatten(FLATTEN.java:26)
	at java_programs.FLATTEN.flatten(FLATTEN.java:26)
	at java_programs.FLATTEN.flatten(FLATTEN.java:26)
	at java_programs.FLATTEN.flatten(FLATTEN.java:26)
	at java_programs.FLATTEN.flatten(FLATTEN.java:26)
	at java_programs.FLATTEN.flatten(FLATTEN.java:26)
	at java_programs.FLATTEN.flatten(FLATTEN.java:26)
	at java_programs.FLATTEN.flatten(FLATTEN.java:26)
	at java_programs.FLATTEN.flatten(FLATTEN.java:26)
	at java_programs.FLATTEN.flatten(FLATTEN.java:26)
	at java_programs.FLATTEN.flatten(FLATTEN.java:26)
	at java_programs.FLATTEN.flatten(FLATTEN.java:26)
	at java_programs.FLATTEN.flatten(FLATTEN.java:26)
	at java_programs.FLATTEN.flatten(FLATTEN.java:26)
	at java_programs.FLATTEN.flatten(FLATTEN.java:26)
	at java_programs.FLATTEN.flatten(FLATTEN.java:26)
	at java_programs.FLATTEN.flatten(FLATTEN.java:26)
	at java_programs.FLATTEN.flatten(FLATTEN.java:26)
	at java_programs.FLATTEN.flatten(FLATTEN.java:26)
	at java_programs.FLATTEN.flatten(FLATTEN.java:26)
	at java_programs.FLATTEN.flatten(FLATTEN.java:26)
	at java_programs.FLATTEN.flatten(FLATTEN.java:26)
	at java_programs.FLATTEN.flatten(FLATTEN.java:26)
	at java_programs.FLATTEN.flatten(FLATTEN.java:26)
	at java_programs.FLATTEN.flatten(FLATTEN.java:26)
	at java_programs.FLATTEN.flatten(FLATTEN.java:26)
	at java_programs.FLATTEN.flatten(FLATTEN.java:26)
	at java_programs.FLATTEN.flatten(FLATTEN.java:26)
	at java_programs.FLATTEN.flatten(FLATTEN.java:26)
	at java_programs.FLATTEN.flatten(FLATTEN.java:26)
	at java_programs.FLATTEN.flatten(FLATTEN.java:26)
	at java_programs.FLATTEN.flatten(FLATTEN.java:26)
	at java_programs.FLATTEN.flatten(FLATTEN.java:26)
	at java_programs.FLATTEN.flatten(FLATTEN.java:26)
	at java_programs.FLATTEN.flatten(FLATTEN.java:26)
	at java_programs.FLATTEN.flatten(FLATTEN.java:26)
	at java_programs.FLATTEN.flatten(FLATTEN.java:26)
	at java_programs.FLATTEN.flatten(FLATTEN.java:26)
	at java_programs.FLATTEN.flatten(FLATTEN.java:26)
	at java_programs.FLATTEN.flatten(FLATTEN.java:26)
	at java_programs.FLATTEN.flatten(FLATTEN.java:26)
	at java_programs.FLATTEN.flatten(FLATTEN.java:26)
	at java_programs.FLATTEN.flatten(FLATTEN.java:26)
	at java_programs.FLATTEN.flatten(FLATTEN.java:26)
	at java_programs.FLATTEN.flatten(FLATTEN.java:26)
	at java_programs.FLATTEN.flatten(FLATTEN.java:26)
	at java_programs.FLATTEN.flatten(FLATTEN.java:26)
	at java_programs.FLATTEN.flatten(FLATTEN.java:26)
	at java_programs.FLATTEN.flatten(FLATTEN.java:26)
	at java_programs.FLATTEN.flatten(FLATTEN.java:26)
	at java_programs.FLATTEN.flatten(FLATTEN.java:26)
	at java_programs.FLATTEN.flatten(FLATTEN.java:26)
	at java_programs.FLATTEN.flatten(FLATTEN.java:26)
	at java_programs.FLATTEN.flatten(FLATTEN.java:26)
	at java_programs.FLATTEN.flatten(FLATTEN.java:26)
	at java_programs.FLATTEN.flatten(FLATTEN.java:26)
	at java_programs.FLATTEN.flatten(FLATTEN.java:26)
	at java_programs.FLATTEN.flatten(FLATTEN.java:26)
	at java_programs.FLATTEN.flatten(FLATTEN.java:26)
	at java_programs.FLATTEN.flatten(FLATTEN.java:26)
	at java_programs.FLATTEN.flatten(FLATTEN.java:26)
	at java_programs.FLATTEN.flatten(FLATTEN.java:26)
	at java_programs.FLATTEN.flatten(FLATTEN.java:26)
	at java_programs.FLATTEN.flatten(FLATTEN.java:26)
	at java_programs.FLATTEN.flatten(FLATTEN.java:26)
	at java_programs.FLATTEN.flatten(FLATTEN.java:26)
	at java_programs.FLATTEN.flatten(FLATTEN.java:26)
	at java_programs.FLATTEN.flatten(FLATTEN.java:26)
	at java_programs.FLATTEN.flatten(FLATTEN.java:26)
	at java_programs.FLATTEN.flatten(FLATTEN.java:26)
	at java_programs.FLATTEN.flatten(FLATTEN.java:26)
	at java_programs.FLATTEN.flatten(FLATTEN.java:26)
	at java_programs.FLATTEN.flatten(FLATTEN.java:26)
	at java_programs.FLATTEN.flatten(FLATTEN.java:26)
	at java_programs.FLATTEN.flatten(FLATTEN.java:26)
	at java_programs.FLATTEN.flatten(FLATTEN.java:26)
	at java_programs.FLATTEN.flatten(FLATTEN.java:26)
	at java_programs.FLATTEN.flatten(FLATTEN.java:26)
	at java_programs.FLATTEN.flatten(FLATTEN.java:26)
	at java_programs.FLATTEN.flatten(FLATTEN.java:26)
	at java_programs.FLATTEN.flatten(FLATTEN.java:26)
	at java_programs.FLATTEN.flatten(FLATTEN.java:26)
	at java_programs.FLATTEN.flatten(FLATTEN.java:26)
	at java_programs.FLATTEN.flatten(FLATTEN.java:26)
	at java_programs.FLATTEN.flatten(FLATTEN.java:26)
	at java_programs.FLATTEN.flatten(FLATTEN.java:26)
	at java_programs.FLATTEN.flatten(FLATTEN.java:26)
	at java_programs.FLATTEN.flatten(FLATTEN.java:26)
	at java_programs.FLATTEN.flatten(FLATTEN.java:26)
	at java_programs.FLATTEN.flatten(FLATTEN.java:26)
	at java_programs.FLATTEN.flatten(FLATTEN.java:26)
	at java_programs.FLATTEN.flatten(FLATTEN.java:26)
	at java_programs.FLATTEN.flatten(FLATTEN.java:26)
	at java_programs.FLATTEN.flatten(FLATTEN.java:26)
	at java_programs.FLATTEN.flatten(FLATTEN.java:26)
	at java_programs.FLATTEN.flatten(FLATTEN.java:26)
	at java_programs.FLATTEN.flatten(FLATTEN.java:26)
	at java_programs.FLATTEN.flatten(FLATTEN.java:26)
	at java_programs.FLATTEN.flatten(FLATTEN.java:26)
	at java_programs.FLATTEN.flatten(FLATTEN.java:26)
	at java_programs.FLATTEN.flatten(FLATTEN.java:26)
	at java_programs.FLATTEN.flatten(FLATTEN.java:26)
	at java_programs.FLATTEN.flatten(FLATTEN.java:26)
	at java_programs.FLATTEN.flatten(FLATTEN.java:26)
	at java_programs.FLATTEN.flatten(FLATTEN.java:26)
	at java_programs.FLATTEN.flatten(FLATTEN.java:26)
	at java_programs.FLATTEN.flatten(FLATTEN.java:26)
	at java_programs.FLATTEN.flatten(FLATTEN.java:26)
	at java_programs.FLATTEN.flatten(FLATTEN.java:26)
	at java_programs.FLATTEN.flatten(FLATTEN.java:26)
	at java_programs.FLATTEN.flatten(FLATTEN.java:26)
	at java_programs.FLATTEN.flatten(FLATTEN.java:26)
	at java_programs.FLATTEN.flatten(FLATTEN.java:26)
	at java_programs.FLATTEN.flatten(FLATTEN.java:26)
	at java_programs.FLATTEN.flatten(FLATTEN.java:26)
	at java_programs.FLATTEN.flatten(FLATTEN.java:26)
	at java_programs.FLATTEN.flatten(FLATTEN.java:26)
	at java_programs.FLATTEN.flatten(FLATTEN.java:26)
	at java_programs.FLATTEN.flatten(FLATTEN.java:26)
	at java_programs.FLATTEN.flatten(FLATTEN.java:26)
	at java_programs.FLATTEN.flatten(FLATTEN.java:26)
	at java_programs.FLATTEN.flatten(FLATTEN.java:26)
	at java_programs.FLATTEN.flatten(FLATTEN.java:26)
	at java_programs.FLATTEN.flatten(FLATTEN.java:26)
	at java_programs.FLATTEN.flatten(FLATTEN.java:26)
	at java_programs.FLATTEN.flatten(FLATTEN.java:26)
	at java_programs.FLATTEN.flatten(FLATTEN.java:26)
	at java_programs.FLATTEN.flatten(FLATTEN.java:26)
	at java_programs.FLATTEN.flatten(FLATTEN.java:26)
	at java_programs.FLATTEN.flatten(FLATTEN.java:26)
	at java_programs.FLATTEN.flatten(FLATTEN.java:26)
	at java_programs.FLATTEN.flatten(FLATTEN.java:26)
	at java_programs.FLATTEN.flatten(FLATTEN.java:26)
	at java_programs.FLATTEN.flatten(FLATTEN.java:26)
	at java_programs.FLATTEN.flatten(FLATTEN.java:26)
	at java_programs.FLATTEN.flatten(FLATTEN.java:26)
	at java_programs.FLATTEN.flatten(FLATTEN.java:26)
	at java_programs.FLATTEN.flatten(FLATTEN.java:26)
	at java_programs.FLATTEN.flatten(FLATTEN.java:26)
	at java_programs.FLATTEN.flatten(FLATTEN.java:26)
	at java_programs.FLATTEN.flatten(FLATTEN.java:26)
	at java_programs.FLATTEN.flatten(FLATTEN.java:26)
	at java_programs.FLATTEN.flatten(FLATTEN.java:26)
	at java_programs.FLATTEN.flatten(FLATTEN.java:26)
	at java_programs.FLATTEN.flatten(FLATTEN.java:26)
	at java_programs.FLATTEN.flatten(FLATTEN.java:26)
	at java_programs.FLATTEN.flatten(FLATTEN.java:26)
	at java_programs.FLATTEN.flatten(FLATTEN.java:26)
	at java_programs.FLATTEN.flatten(FLATTEN.java:26)
	at java_programs.FLATTEN.flatten(FLATTEN.java:26)
	at java_programs.FLATTEN.flatten(FLATTEN.java:26)
	at java_programs.FLATTEN.flatten(FLATTEN.java:26)
	at java_programs.FLATTEN.flatten(FLATTEN.java:26)
	at java_programs.FLATTEN.flatten(FLATTEN.java:26)
	at java_programs.FLATTEN.flatten(FLATTEN.java:26)
	at java_programs.FLATTEN.flatten(FLATTEN.java:26)
	at java_programs.FLATTEN.flatten(FLATTEN.java:26)
	at java_programs.FLATTEN.flatten(FLATTEN.java:26)
	at java_programs.FLATTEN.flatten(FLATTEN.java:26)
	at java_programs.FLATTEN.flatten(FLATTEN.java:26)
	at java_programs.FLATTEN.flatten(FLATTEN.java:26)
	at java_programs.FLATTEN.flatten(FLATTEN.java:26)
	at java_programs.FLATTEN.flatten(FLATTEN.java:26)
	at java_programs.FLATTEN.flatten(FLATTEN.java:26)
	at java_programs.FLATTEN.flatten(FLATTEN.java:26)
	at java_programs.FLATTEN.flatten(FLATTEN.java:26)
	at java_programs.FLATTEN.flatten(FLATTEN.java:26)
	at java_programs.FLATTEN.flatten(FLATTEN.java:26)
	at java_programs.FLATTEN.flatten(FLATTEN.java:26)
	at java_programs.FLATTEN.flatten(FLATTEN.java:26)
	at java_programs.FLATTEN.flatten(FLATTEN.java:26)
	at java_programs.FLATTEN.flatten(FLATTEN.java:26)
	at java_programs.FLATTEN.flatten(FLATTEN.java:26)
	at java_programs.FLATTEN.flatten(FLATTEN.java:26)
	at java_programs.FLATTEN.flatten(FLATTEN.java:26)
	at java_programs.FLATTEN.flatten(FLATTEN.java:26)
	at java_programs.FLATTEN.flatten(FLATTEN.java:26)
	at java_programs.FLATTEN.flatten(FLATTEN.java:26)
	at java_programs.FLATTEN.flatten(FLATTEN.java:26)
	at java_programs.FLATTEN.flatten(FLATTEN.java:26)
	at java_programs.FLATTEN.flatten(FLATTEN.java:26)
	at java_programs.FLATTEN.flatten(FLATTEN.java:26)
	at java_programs.FLATTEN.flatten(FLATTEN.java:26)
	at java_programs.FLATTEN.flatten(FLATTEN.java:26)
	at java_programs.FLATTEN.flatten(FLATTEN.java:26)
	at java_programs.FLATTEN.flatten(FLATTEN.java:26)
	at java_programs.FLATTEN.flatten(FLATTEN.java:26)
	at java_programs.FLATTEN.flatten(FLATTEN.java:26)
	at java_programs.FLATTEN.flatten(FLATTEN.java:26)
	at java_programs.FLATTEN.flatten(FLATTEN.java:26)
	at java_programs.FLATTEN.flatten(FLATTEN.java:26)
	at java_programs.FLATTEN.flatten(FLATTEN.java:26)
	at java_programs.FLATTEN.flatten(FLATTEN.java:26)
	at java_programs.FLATTEN.flatten(FLATTEN.java:26)
	at java_programs.FLATTEN.flatten(FLATTEN.java:26)
	at java_programs.FLATTEN.flatten(FLATTEN.java:26)
	at java_programs.FLATTEN.flatten(FLATTEN.java:26)
	at java_programs.FLATTEN.flatten(FLATTEN.java:26)
	at java_programs.FLATTEN.flatten(FLATTEN.java:26)
	at java_programs.FLATTEN.flatten(FLATTEN.java:26)
	at java_programs.FLATTEN.flatten(FLATTEN.java:26)
	at java_programs.FLATTEN.flatten(FLATTEN.java:26)
	at java_programs.FLATTEN.flatten(FLATTEN.java:26)
	at java_programs.FLATTEN.flatten(FLATTEN.java:26)
	at java_programs.FLATTEN.flatten(FLATTEN.java:26)
	at java_programs.FLATTEN.flatten(FLATTEN.java:26)
	at java_programs.FLATTEN.flatten(FLATTEN.java:26)
	at java_programs.FLATTEN.flatten(FLATTEN.java:26)
	at java_programs.FLATTEN.flatten(FLATTEN.java:26)
	at java_programs.FLATTEN.flatten(FLATTEN.java:26)
	at java_programs.FLATTEN.flatten(FLATTEN.java:26)
	at java_programs.FLATTEN.flatten(FLATTEN.java:26)
	at java_programs.FLATTEN.flatten(FLATTEN.java:26)
	at java_programs.FLATTEN.flatten(FLATTEN.java:26)
	at java_programs.FLATTEN.flatten(FLATTEN.java:26)
	at java_programs.FLATTEN.flatten(FLATTEN.java:26)
	at java_programs.FLATTEN.flatten(FLATTEN.java:26)
	at java_programs.FLATTEN.flatten(FLATTEN.java:26)
	at java_programs.FLATTEN.flatten(FLATTEN.java:26)
	at java_programs.FLATTEN.flatten(FLATTEN.java:26)
	at java_programs.FLATTEN.flatten(FLATTEN.java:26)
	at java_programs.FLATTEN.flatten(FLATTEN.java:26)
	at java_programs.FLATTEN.flatten(FLATTEN.java:26)
	at java_programs.FLATTEN.flatten(FLATTEN.java:26)
	at java_programs.FLATTEN.flatten(FLATTEN.java:26)
	at java_programs.FLATTEN.flatten(FLATTEN.java:26)
	at java_programs.FLATTEN.flatten(FLATTEN.java:26)
	at java_programs.FLATTEN.flatten(FLATTEN.java:26)
	at java_programs.FLATTEN.flatten(FLATTEN.java:26)
	at java_programs.FLATTEN.flatten(FLATTEN.java:26)
	at java_programs.FLATTEN.flatten(FLATTEN.java:26)
	at java_programs.FLATTEN.flatten(FLATTEN.java:26)
	at java_programs.FLATTEN.flatten(FLATTEN.java:26)
	at java_programs.FLATTEN.flatten(FLATTEN.java:26)
	at java_programs.FLATTEN.flatten(FLATTEN.java:26)
	at java_programs.FLATTEN.flatten(FLATTEN.java:26)
	at java_programs.FLATTEN.flatten(FLATTEN.java:26)
	at java_programs.FLATTEN.flatten(FLATTEN.java:26)
	at java_programs.FLATTEN.flatten(FLATTEN.java:26)
	at java_programs.FLATTEN.flatten(FLATTEN.java:26)
	at java_programs.FLATTEN.flatten(FLATTEN.java:26)
	at java_programs.FLATTEN.flatten(FLATTEN.java:26)
	at java_programs.FLATTEN.flatten(FLATTEN.java:26)
	at java_programs.FLATTEN.flatten(FLATTEN.java:26)
	at java_programs.FLATTEN.flatten(FLATTEN.java:26)
	at java_programs.FLATTEN.flatten(FLATTEN.java:26)
	at java_programs.FLATTEN.flatten(FLATTEN.java:26)
	at java_programs.FLATTEN.flatten(FLATTEN.java:26)
	at java_programs.FLATTEN.flatten(FLATTEN.java:26)
	at java_programs.FLATTEN.flatten(FLATTEN.java:26)
	at java_programs.FLATTEN.flatten(FLATTEN.java:26)
	at java_programs.FLATTEN.flatten(FLATTEN.java:26)
	at java_programs.FLATTEN.flatten(FLATTEN.java:26)
	at java_programs.FLATTEN.flatten(FLATTEN.java:26)
	at java_programs.FLATTEN.flatten(FLATTEN.java:26)
	at java_programs.FLATTEN.flatten(FLATTEN.java:26)
	at java_programs.FLATTEN.flatten(FLATTEN.java:26)
	at java_programs.FLATTEN.flatten(FLATTEN.java:26)
	at java_programs.FLATTEN.flatten(FLATTEN.java:26)
	at java_programs.FLATTEN.flatten(FLATTEN.java:26)
	at java_programs.FLATTEN.flatten(FLATTEN.java:26)
	at java_programs.FLATTEN.flatten(FLATTEN.java:26)
	at java_programs.FLATTEN.flatten(FLATTEN.java:26)
	at java_programs.FLATTEN.flatten(FLATTEN.java:26)
	at java_programs.FLATTEN.flatten(FLATTEN.java:26)
	at java_programs.FLATTEN.flatten(FLATTEN.java:26)
	at java_programs.FLATTEN.flatten(FLATTEN.java:26)
	at java_programs.FLATTEN.flatten(FLATTEN.java:26)
	at java_programs.FLATTEN.flatten(FLATTEN.java:26)
	at java_programs.FLATTEN.flatten(FLATTEN.java:26)
	at java_programs.FLATTEN.flatten(FLATTEN.java:26)
	at java_programs.FLATTEN.flatten(FLATTEN.java:26)
	at java_programs.FLATTEN.flatten(FLATTEN.java:26)
	at java_programs.FLATTEN.flatten(FLATTEN.java:26)
	at java_programs.FLATTEN.flatten(FLATTEN.java:26)
	at java_programs.FLATTEN.flatten(FLATTEN.java:26)
	at java_programs.FLATTEN.flatten(FLATTEN.java:26)
	at java_programs.FLATTEN.flatten(FLATTEN.java:26)
	at java_programs.FLATTEN.flatten(FLATTEN.java:26)
	at java_programs.FLATTEN.flatten(FLATTEN.java:26)
	at java_programs.FLATTEN.flatten(FLATTEN.java:26)
	at java_programs.FLATTEN.flatten(FLATTEN.java:26)
	at java_programs.FLATTEN.flatten(FLATTEN.java:26)
	at java_programs.FLATTEN.flatten(FLATTEN.java:26)
	at java_programs.FLATTEN.flatten(FLATTEN.java:26)
	at java_programs.FLATTEN.flatten(FLATTEN.java:26)
	at java_programs.FLATTEN.flatten(FLATTEN.java:26)
	at java_programs.FLATTEN.flatten(FLATTEN.java:26)
	at java_programs.FLATTEN.flatten(FLATTEN.java:26)
	at java_programs.FLATTEN.flatten(FLATTEN.java:26)
	at java_programs.FLATTEN.flatten(FLATTEN.java:26)
	at java_programs.FLATTEN.flatten(FLATTEN.java:26)
	at java_programs.FLATTEN.flatten(FLATTEN.java:26)
	at java_programs.FLATTEN.flatten(FLATTEN.java:26)
	at java_programs.FLATTEN.flatten(FLATTEN.java:26)
	at java_programs.FLATTEN.flatten(FLATTEN.java:26)
	at java_programs.FLATTEN.flatten(FLATTEN.java:26)
	at java_programs.FLATTEN.flatten(FLATTEN.java:26)
	at java_programs.FLATTEN.flatten(FLATTEN.java:26)
	at java_programs.FLATTEN.flatten(FLATTEN.java:26)
	at java_programs.FLATTEN.flatten(FLATTEN.java:26)
	at java_programs.FLATTEN.flatten(FLATTEN.java:26)
	at java_programs.FLATTEN.flatten(FLATTEN.java:26)
	at java_programs.FLATTEN.flatten(FLATTEN.java:26)
	at java_programs.FLATTEN.flatten(FLATTEN.java:26)
	at java_programs.FLATTEN.flatten(FLATTEN.java:26)
	at java_programs.FLATTEN.flatten(FLATTEN.java:26)
	at java_programs.FLATTEN.flatten(FLATTEN.java:26)
	at java_programs.FLATTEN.flatten(FLATTEN.java:26)
	at java_programs.FLATTEN.flatten(FLATTEN.java:26)
	at java_programs.FLATTEN.flatten(FLATTEN.java:26)
	at java_programs.FLATTEN.flatten(FLATTEN.java:26)
	at java_programs.FLATTEN.flatten(FLATTEN.java:26)
	at java_programs.FLATTEN.flatten(FLATTEN.java:26)
	at java_programs.FLATTEN.flatten(FLATTEN.java:26)
	at java_programs.FLATTEN.flatten(FLATTEN.java:26)
	at java_programs.FLATTEN.flatten(FLATTEN.java:26)
	at java_programs.FLATTEN.flatten(FLATTEN.java:26)
	at java_programs.FLATTEN.flatten(FLATTEN.java:26)
	at java_programs.FLATTEN.flatten(FLATTEN.java:26)
	at java_programs.FLATTEN.flatten(FLATTEN.java:26)
	at java_programs.FLATTEN.flatten(FLATTEN.java:26)
	at java_programs.FLATTEN.flatten(FLATTEN.java:26)
	at java_programs.FLATTEN.flatten(FLATTEN.java:26)
	at java_programs.FLATTEN.flatten(FLATTEN.java:26)
	at java_programs.FLATTEN.flatten(FLATTEN.java:26)
	at java_programs.FLATTEN.flatten(FLATTEN.java:26)
	at java_programs.FLATTEN.flatten(FLATTEN.java:26)
	at java_programs.FLATTEN.flatten(FLATTEN.java:26)
	at java_programs.FLATTEN.flatten(FLATTEN.java:26)
	at java_programs.FLATTEN.flatten(FLATTEN.java:26)
	at java_programs.FLATTEN.flatten(FLATTEN.java:26)
	at java_programs.FLATTEN.flatten(FLATTEN.java:26)
	at java_programs.FLATTEN.flatten(FLATTEN.java:26)
	at java_programs.FLATTEN.flatten(FLATTEN.java:26)
	at java_programs.FLATTEN.flatten(FLATTEN.java:26)
	at java_programs.FLATTEN.flatten(FLATTEN.java:26)
	at java_programs.FLATTEN.flatten(FLATTEN.java:26)
	at java_programs.FLATTEN.flatten(FLATTEN.java:26)
	at java_programs.FLATTEN.flatten(FLATTEN.java:26)
	at java_programs.FLATTEN.flatten(FLATTEN.java:26)
	at java_programs.FLATTEN.flatten(FLATTEN.java:26)
	at java_programs.FLATTEN.flatten(FLATTEN.java:26)
	at java_programs.FLATTEN.flatten(FLATTEN.java:26)
	at java_programs.FLATTEN.flatten(FLATTEN.java:26)
	at java_programs.FLATTEN.flatten(FLATTEN.java:26)
	at java_programs.FLATTEN.flatten(FLATTEN.java:26)
	at java_programs.FLATTEN.flatten(FLATTEN.java:26)
	at java_programs.FLATTEN.flatten(FLATTEN.java:26)
	at java_programs.FLATTEN.flatten(FLATTEN.java:26)
	at java_programs.FLATTEN.flatten(FLATTEN.java:26)
	at java_programs.FLATTEN.flatten(FLATTEN.java:26)
	at java_programs.FLATTEN.flatten(FLATTEN.java:26)
	at java_programs.FLATTEN.flatten(FLATTEN.java:26)
	at java_programs.FLATTEN.flatten(FLATTEN.java:26)
	at java_programs.FLATTEN.flatten(FLATTEN.java:26)
	at java_programs.FLATTEN.flatten(FLATTEN.java:26)
	at java_programs.FLATTEN.flatten(FLATTEN.java:26)
	at java_programs.FLATTEN.flatten(FLATTEN.java:26)
	at java_programs.FLATTEN.flatten(FLATTEN.java:26)
	at java_programs.FLATTEN.flatten(FLATTEN.java:26)
	at java_programs.FLATTEN.flatten(FLATTEN.java:26)
	at java_programs.FLATTEN.flatten(FLATTEN.java:26)
	at java_programs.FLATTEN.flatten(FLATTEN.java:26)
	at java_programs.FLATTEN.flatten(FLATTEN.java:26)
	at java_programs.FLATTEN.flatten(FLATTEN.java:26)
	at java_programs.FLATTEN.flatten(FLATTEN.java:26)
	at java_programs.FLATTEN.flatten(FLATTEN.java:26)
	at java_programs.FLATTEN.flatten(FLATTEN.java:26)
	at java_programs.FLATTEN.flatten(FLATTEN.java:26)
	at java_programs.FLATTEN.flatten(FLATTEN.java:26)
	at java_programs.FLATTEN.flatten(FLATTEN.java:26)
	at java_programs.FLATTEN.flatten(FLATTEN.java:26)
	at java_programs.FLATTEN.flatten(FLATTEN.java:26)
	at java_programs.FLATTEN.flatten(FLATTEN.java:26)
	at java_programs.FLATTEN.flatten(FLATTEN.java:26)
	at java_programs.FLATTEN.flatten(FLATTEN.java:26)
	at java_programs.FLATTEN.flatten(FLATTEN.java:26)
	at java_programs.FLATTEN.flatten(FLATTEN.java:26)
	at java_programs.FLATTEN.flatten(FLATTEN.java:26)
	at java_programs.FLATTEN.flatten(FLATTEN.java:26)
	at java_programs.FLATTEN.flatten(FLATTEN.java:26)
	at java_programs.FLATTEN.flatten(FLATTEN.java:26)
	at java_programs.FLATTEN.flatten(FLATTEN.java:26)
	at java_programs.FLATTEN.flatten(FLATTEN.java:26)
	at java_programs.FLATTEN.flatten(FLATTEN.java:26)
	at java_programs.FLATTEN.flatten(FLATTEN.java:26)
	at java_programs.FLATTEN.flatten(FLATTEN.java:26)
	at java_programs.FLATTEN.flatten(FLATTEN.java:26)
	at java_programs.FLATTEN.flatten(FLATTEN.java:26)
	at java_programs.FLATTEN.flatten(FLATTEN.java:26)
	at java_programs.FLATTEN.flatten(FLATTEN.java:26)
	at java_programs.FLATTEN.flatten(FLATTEN.java:26)
	at java_programs.FLATTEN.flatten(FLATTEN.java:26)
	at java_programs.FLATTEN.flatten(FLATTEN.java:26)
	at java_programs.FLATTEN.flatten(FLATTEN.java:26)
	at java_programs.FLATTEN.flatten(FLATTEN.java:26)
	at java_programs.FLATTEN.flatten(FLATTEN.java:26)
	at java_programs.FLATTEN.flatten(FLATTEN.java:26)
	at java_programs.FLATTEN.flatten(FLATTEN.java:26)
	at java_programs.FLATTEN.flatten(FLATTEN.java:26)
	at java_programs.FLATTEN.flatten(FLATTEN.java:26)
	at java_programs.FLATTEN.flatten(FLATTEN.java:26)
	at java_programs.FLATTEN.flatten(FLATTEN.java:26)
	at java_programs.FLATTEN.flatten(FLATTEN.java:26)
	at java_programs.FLATTEN.flatten(FLATTEN.java:26)
	at java_programs.FLATTEN.flatten(FLATTEN.java:26)
	at java_programs.FLATTEN.flatten(FLATTEN.java:26)
	at java_programs.FLATTEN.flatten(FLATTEN.java:26)
	at java_programs.FLATTEN.flatten(FLATTEN.java:26)
	at java_programs.FLATTEN.flatten(FLATTEN.java:26)
	at java_programs.FLATTEN.flatten(FLATTEN.java:26)
	at java_programs.FLATTEN.flatten(FLATTEN.java:26)
	at java_programs.FLATTEN.flatten(FLATTEN.java:26)
	at java_programs.FLATTEN.flatten(FLATTEN.java:26)
	at java_programs.FLATTEN.flatten(FLATTEN.java:26)
	at java_programs.FLATTEN.flatten(FLATTEN.java:26)
	at java_programs.FLATTEN.flatten(FLATTEN.java:26)
	at java_programs.FLATTEN.flatten(FLATTEN.java:26)
	at java_programs.FLATTEN.flatten(FLATTEN.java:26)
	at java_programs.FLATTEN.flatten(FLATTEN.java:26)
	at java_programs.FLATTEN.flatten(FLATTEN.java:26)
	at java_programs.FLATTEN.flatten(FLATTEN.java:26)
	at java_programs.FLATTEN.flatten(FLATTEN.java:26)
	at java_programs.FLATTEN.flatten(FLATTEN.java:26)
	at java_programs.FLATTEN.flatten(FLATTEN.java:26)
	at java_programs.FLATTEN.flatten(FLATTEN.java:26)
	at java_programs.FLATTEN.flatten(FLATTEN.java:26)
	at java_programs.FLATTEN.flatten(FLATTEN.java:26)
	at java_programs.FLATTEN.flatten(FLATTEN.java:26)
	at java_programs.FLATTEN.flatten(FLATTEN.java:26)
	at java_programs.FLATTEN.flatten(FLATTEN.java:26)
	at java_programs.FLATTEN.flatten(FLATTEN.java:26)
	at java_programs.FLATTEN.flatten(FLATTEN.java:26)
	at java_programs.FLATTEN.flatten(FLATTEN.java:26)
	at java_programs.FLATTEN.flatten(FLATTEN.java:26)
	at java_programs.FLATTEN.flatten(FLATTEN.java:26)
	at java_programs.FLATTEN.flatten(FLATTEN.java:26)
	at java_programs.FLATTEN.flatten(FLATTEN.java:26)
	at java_programs.FLATTEN.flatten(FLATTEN.java:26)
	at java_programs.FLATTEN.flatten(FLATTEN.java:26)
	at java_programs.FLATTEN.flatten(FLATTEN.java:26)
	at java_programs.FLATTEN.flatten(FLATTEN.java:26)
	at java_programs.FLATTEN.flatten(FLATTEN.java:26)
	at java_programs.FLATTEN.flatten(FLATTEN.java:26)
	at java_programs.FLATTEN.flatten(FLATTEN.java:26)
	at java_programs.FLATTEN.flatten(FLATTEN.java:26)
	at java_programs.FLATTEN.flatten(FLATTEN.java:26)
	at java_programs.FLATTEN.flatten(FLATTEN.java:26)
	at java_programs.FLATTEN.flatten(FLATTEN.java:26)
	at java_programs.FLATTEN.flatten(FLATTEN.java:26)
	at java_programs.FLATTEN.flatten(FLATTEN.java:26)
	at java_programs.FLATTEN.flatten(FLATTEN.java:26)
	at java_programs.FLATTEN.flatten(FLATTEN.java:26)
	at java_programs.FLATTEN.flatten(FLATTEN.java:26)
	at java_programs.FLATTEN.flatten(FLATTEN.java:26)
	at java_programs.FLATTEN.flatten(FLATTEN.java:26)
	at java_programs.FLATTEN.flatten(FLATTEN.java:26)
	at java_programs.FLATTEN.flatten(FLATTEN.java:26)
	at java_programs.FLATTEN.flatten(FLATTEN.java:26)
	at java_programs.FLATTEN.flatten(FLATTEN.java:26)
	at java_programs.FLATTEN.flatten(FLATTEN.java:26)
	at java_programs.FLATTEN.flatten(FLATTEN.java:26)
	at java_programs.FLATTEN.flatten(FLATTEN.java:26)
	at java_programs.FLATTEN.flatten(FLATTEN.java:26)
	at java_programs.FLATTEN.flatten(FLATTEN.java:26)
	at java_programs.FLATTEN.flatten(FLATTEN.java:26)
	at java_programs.FLATTEN.flatten(FLATTEN.java:26)
	at java_programs.FLATTEN.flatten(FLATTEN.java:26)
	at java_programs.FLATTEN.flatten(FLATTEN.java:26)
	at java_programs.FLATTEN.flatten(FLATTEN.java:26)
	at java_programs.FLATTEN.flatten(FLATTEN.java:26)
	at java_programs.FLATTEN.flatten(FLATTEN.java:26)
	at java_programs.FLATTEN.flatten(FLATTEN.java:26)
	at java_programs.FLATTEN.flatten(FLATTEN.java:26)
	at java_programs.FLATTEN.flatten(FLATTEN.java:26)
	at java_programs.FLATTEN.flatten(FLATTEN.java:26)
	at java_programs.FLATTEN.flatten(FLATTEN.java:26)
	at java_programs.FLATTEN.flatten(FLATTEN.java:26)
	at java_programs.FLATTEN.flatten(FLATTEN.java:26)
	at java_programs.FLATTEN.flatten(FLATTEN.java:26)
	at java_programs.FLATTEN.flatten(FLATTEN.java:26)
	at java_programs.FLATTEN.flatten(FLATTEN.java:26)
	at java_programs.FLATTEN.flatten(FLATTEN.java:26)
	at java_programs.FLATTEN.flatten(FLATTEN.java:26)
	at java_programs.FLATTEN.flatten(FLATTEN.java:26)
	at java_programs.FLATTEN.flatten(FLATTEN.java:26)
	at java_programs.FLATTEN.flatten(FLATTEN.java:26)
	at java_programs.FLATTEN.flatten(FLATTEN.java:26)
	at java_programs.FLATTEN.flatten(FLATTEN.java:26)
	at java_programs.FLATTEN.flatten(FLATTEN.java:26)
	at java_programs.FLATTEN.flatten(FLATTEN.java:26)
	at java_programs.FLATTEN.flatten(FLATTEN.java:26)
	at java_programs.FLATTEN.flatten(FLATTEN.java:26)
	at java_programs.FLATTEN.flatten(FLATTEN.java:26)
	at java_programs.FLATTEN.flatten(FLATTEN.java:26)
	at java_programs.FLATTEN.flatten(FLATTEN.java:26)
	at java_programs.FLATTEN.flatten(FLATTEN.java:26)
	at java_programs.FLATTEN.flatten(FLATTEN.java:26)
	at java_programs.FLATTEN.flatten(FLATTEN.java:26)
	at java_programs.FLATTEN.flatten(FLATTEN.java:26)
	at java_programs.FLATTEN.flatten(FLATTEN.java:26)
	at java_programs.FLATTEN.flatten(FLATTEN.java:26)
	at java_programs.FLATTEN.flatten(FLATTEN.java:26)
	at java_programs.FLATTEN.flatten(FLATTEN.java:26)
	at java_programs.FLATTEN.flatten(FLATTEN.java:26)
	at java_programs.FLATTEN.flatten(FLATTEN.java:26)
	at java_programs.FLATTEN.flatten(FLATTEN.java:26)
	at java_programs.FLATTEN.flatten(FLATTEN.java:26)
	at java_programs.FLATTEN.flatten(FLATTEN.java:26)
	at java_programs.FLATTEN.flatten(FLATTEN.java:26)
	at java_programs.FLATTEN.flatten(FLATTEN.java:26)
	at java_programs.FLATTEN.flatten(FLATTEN.java:26)
	at java_programs.FLATTEN.flatten(FLATTEN.java:26)
	at java_programs.FLATTEN.flatten(FLATTEN.java:26)
	at java_programs.FLATTEN.flatten(FLATTEN.java:26)
	at java_programs.FLATTEN.flatten(FLATTEN.java:26)
	at java_programs.FLATTEN.flatten(FLATTEN.java:26)
	at java_programs.FLATTEN.flatten(FLATTEN.java:26)
	at java_programs.FLATTEN.flatten(FLATTEN.java:26)
	at java_programs.FLATTEN.flatten(FLATTEN.java:26)
	at java_programs.FLATTEN.flatten(FLATTEN.java:26)
	at java_programs.FLATTEN.flatten(FLATTEN.java:26)
	at java_programs.FLATTEN.flatten(FLATTEN.java:26)
	at java_programs.FLATTEN.flatten(FLATTEN.java:26)
	at java_programs.FLATTEN.flatten(FLATTEN.java:26)
	at java_programs.FLATTEN.flatten(FLATTEN.java:26)
	at java_programs.FLATTEN.flatten(FLATTEN.java:26)
	at java_programs.FLATTEN.flatten(FLATTEN.java:26)
	at java_programs.FLATTEN.flatten(FLATTEN.java:26)
	at java_programs.FLATTEN.flatten(FLATTEN.java:26)
	at java_programs.FLATTEN.flatten(FLATTEN.java:26)
	at java_programs.FLATTEN.flatten(FLATTEN.java:26)
	at java_programs.FLATTEN.flatten(FLATTEN.java:26)
	at java_programs.FLATTEN.flatten(FLATTEN.java:26)
	at java_programs.FLATTEN.flatten(FLATTEN.java:26)
	at java_programs.FLATTEN.flatten(FLATTEN.java:26)
	at java_programs.FLATTEN.flatten(FLATTEN.java:26)
	at java_programs.FLATTEN.flatten(FLATTEN.java:26)
	at java_programs.FLATTEN.flatten(FLATTEN.java:26)
	at java_programs.FLATTEN.flatten(FLATTEN.java:26)
	at java_programs.FLATTEN.flatten(FLATTEN.java:26)
	at java_programs.FLATTEN.flatten(FLATTEN.java:26)
	at java_programs.FLATTEN.flatten(FLATTEN.java:26)
	at java_programs.FLATTEN.flatten(FLATTEN.java:26)
	at java_programs.FLATTEN.flatten(FLATTEN.java:26)
	at java_programs.FLATTEN.flatten(FLATTEN.java:26)
	at java_programs.FLATTEN.flatten(FLATTEN.java:26)
	at java_programs.FLATTEN.flatten(FLATTEN.java:26)
	at java_programs.FLATTEN.flatten(FLATTEN.java:26)
	at java_programs.FLATTEN.flatten(FLATTEN.java:26)
	at java_programs.FLATTEN.flatten(FLATTEN.java:26)
	at java_programs.FLATTEN.flatten(FLATTEN.java:26)
	at java_programs.FLATTEN.flatten(FLATTEN.java:26)
	at java_programs.FLATTEN.flatten(FLATTEN.java:26)
	at java_programs.FLATTEN.flatten(FLATTEN.java:26)
	at java_programs.FLATTEN.flatten(FLATTEN.java:26)
	at java_programs.FLATTEN.flatten(FLATTEN.java:26)
	at java_programs.FLATTEN.flatten(FLATTEN.java:26)
	at java_programs.FLATTEN.flatten(FLATTEN.java:26)
	at java_programs.FLATTEN.flatten(FLATTEN.java:26)
	at java_programs.FLATTEN.flatten(FLATTEN.java:26)
	at java_programs.FLATTEN.flatten(FLATTEN.java:26)
	at java_programs.FLATTEN.flatten(FLATTEN.java:26)
	at java_programs.FLATTEN.flatten(FLATTEN.java:26)
	at java_programs.FLATTEN.flatten(FLATTEN.java:26)
	at java_programs.FLATTEN.flatten(FLATTEN.java:26)
	at java_programs.FLATTEN.flatten(FLATTEN.java:26)
	at java_programs.FLATTEN.flatten(FLATTEN.java:26)
	at java_programs.FLATTEN.flatten(FLATTEN.java:26)
	at java_programs.FLATTEN.flatten(FLATTEN.java:26)
	at java_programs.FLATTEN.flatten(FLATTEN.java:26)
	at java_programs.FLATTEN.flatten(FLATTEN.java:26)
	at java_programs.FLATTEN.flatten(FLATTEN.java:26)
	at java_programs.FLATTEN.flatten(FLATTEN.java:26)
	at java_programs.FLATTEN.flatten(FLATTEN.java:26)
	at java_programs.FLATTEN.flatten(FLATTEN.java:26)
	at java_programs.FLATTEN.flatten(FLATTEN.java:26)
	at java_programs.FLATTEN.flatten(FLATTEN.java:26)
	at java_programs.FLATTEN.flatten(FLATTEN.java:26)
	at java_programs.FLATTEN.flatten(FLATTEN.java:26)
	at java_programs.FLATTEN.flatten(FLATTEN.java:26)
	at java_programs.FLATTEN.flatten(FLATTEN.java:26)
	at java_programs.FLATTEN.flatten(FLATTEN.java:26)
	at java_programs.FLATTEN.flatten(FLATTEN.java:26)
	at java_programs.FLATTEN.flatten(FLATTEN.java:26)
	at java_programs.FLATTEN.flatten(FLATTEN.java:26)
	at java_programs.FLATTEN.flatten(FLATTEN.java:26)
	at java_programs.FLATTEN.flatten(FLATTEN.java:26)
	at java_programs.FLATTEN.flatten(FLATTEN.java:26)
	at java_programs.FLATTEN.flatten(FLATTEN.java:26)
	at java_programs.FLATTEN.flatten(FLATTEN.java:26)
	at java_programs.FLATTEN.flatten(FLATTEN.java:26)
	at java_programs.FLATTEN.flatten(FLATTEN.java:26)
	at java_programs.FLATTEN.flatten(FLATTEN.java:26)
	at java_programs.FLATTEN.flatten(FLATTEN.java:26)
	at java_programs.FLATTEN.flatten(FLATTEN.java:26)
	at java_programs.FLATTEN.flatten(FLATTEN.java:26)
	at java_programs.FLATTEN.flatten(FLATTEN.java:26)
	at java_programs.FLATTEN.flatten(FLATTEN.java:26)
	at java_programs.FLATTEN.flatten(FLATTEN.java:26)
	at java_programs.FLATTEN.flatten(FLATTEN.java:26)
	at java_programs.FLATTEN.flatten(FLATTEN.java:26)
	at java_programs.FLATTEN.flatten(FLATTEN.java:26)
	at java_programs.FLATTEN.flatten(FLATTEN.java:26)
	at java_programs.FLATTEN.flatten(FLATTEN.java:26)
	at java_programs.FLATTEN.flatten(FLATTEN.java:26)
	at java_programs.FLATTEN.flatten(FLATTEN.java:26)
	at java_programs.FLATTEN.flatten(FLATTEN.java:26)
	at java_programs.FLATTEN.flatten(FLATTEN.java:26)
	at java_programs.FLATTEN.flatten(FLATTEN.java:26)
	at java_programs.FLATTEN.flatten(FLATTEN.java:26)
	at java_programs.FLATTEN.flatten(FLATTEN.java:26)
	at java_programs.FLATTEN.flatten(FLATTEN.java:26)
	at java_programs.FLATTEN.flatten(FLATTEN.java:26)
	at java_programs.FLATTEN.flatten(FLATTEN.java:26)
	at java_programs.FLATTEN.flatten(FLATTEN.java:26)
	at java_programs.FLATTEN.flatten(FLATTEN.java:26)
	at java_programs.FLATTEN.flatten(FLATTEN.java:26)
	at java_programs.FLATTEN.flatten(FLATTEN.java:26)
	at java_programs.FLATTEN.flatten(FLATTEN.java:26)
	at java_programs.FLATTEN.flatten(FLATTEN.java:26)
	at java_programs.FLATTEN.flatten(FLATTEN.java:26)
	at java_programs.FLATTEN.flatten(FLATTEN.java:26)
	at java_programs.FLATTEN.flatten(FLATTEN.java:26)
	at java_programs.FLATTEN.flatten(FLATTEN.java:26)
	at java_programs.FLATTEN.flatten(FLATTEN.java:26)
	at java_programs.FLATTEN.flatten(FLATTEN.java:26)
	at java_programs.FLATTEN.flatten(FLATTEN.java:26)
	at java_programs.FLATTEN.flatten(FLATTEN.java:26)
	at java_programs.FLATTEN.flatten(FLATTEN.java:26)
	at java_programs.FLATTEN.flatten(FLATTEN.java:26)
	at java_programs.FLATTEN.flatten(FLATTEN.java:26)
	at java_programs.FLATTEN.flatten(FLATTEN.java:26)
	at java_programs.FLATTEN.flatten(FLATTEN.java:26)
	at java_programs.FLATTEN.flatten(FLATTEN.java:26)
	at java_programs.FLATTEN.flatten(FLATTEN.java:26)
	at java_programs.FLATTEN.flatten(FLATTEN.java:26)
	at java_programs.FLATTEN.flatten(FLATTEN.java:26)
	at java_programs.FLATTEN.flatten(FLATTEN.java:26)
	at java_programs.FLATTEN.flatten(FLATTEN.java:26)
	at java_programs.FLATTEN.flatten(FLATTEN.java:26)
	at java_programs.FLATTEN.flatten(FLATTEN.java:26)
	at java_programs.FLATTEN.flatten(FLATTEN.java:26)
	at java_programs.FLATTEN.flatten(FLATTEN.java:26)
	at java_programs.FLATTEN.flatten(FLATTEN.java:26)
	at java_programs.FLATTEN.flatten(FLATTEN.java:26)
	at java_programs.FLATTEN.flatten(FLATTEN.java:26)
	at java_programs.FLATTEN.flatten(FLATTEN.java:26)
	at java_programs.FLATTEN.flatten(FLATTEN.java:26)
	at java_programs.FLATTEN.flatten(FLATTEN.java:26)
	at java_programs.FLATTEN.flatten(FLATTEN.java:26)
	at java_programs.FLATTEN.flatten(FLATTEN.java:26)
	at java_programs.FLATTEN.flatten(FLATTEN.java:26)
	at java_programs.FLATTEN.flatten(FLATTEN.java:26)
	at java_programs.FLATTEN.flatten(FLATTEN.java:26)
	at java_programs.FLATTEN.flatten(FLATTEN.java:26)
	at java_programs.FLATTEN.flatten(FLATTEN.java:26)
	at java_programs.FLATTEN.flatten(FLATTEN.java:26)
	at java_programs.FLATTEN.flatten(FLATTEN.java:26)
	at java_programs.FLATTEN.flatten(FLATTEN.java:26)
	at java_programs.FLATTEN.flatten(FLATTEN.java:26)
	at java_programs.FLATTEN.flatten(FLATTEN.java:26)
	at java_programs.FLATTEN.flatten(FLATTEN.java:26)
	at java_programs.FLATTEN.flatten(FLATTEN.java:26)
	at java_programs.FLATTEN.flatten(FLATTEN.java:26)
	at java_programs.FLATTEN.flatten(FLATTEN.java:26)
	at java_programs.FLATTEN.flatten(FLATTEN.java:26)
	at java_programs.FLATTEN.flatten(FLATTEN.java:26)
	at java_programs.FLATTEN.flatten(FLATTEN.java:26)
	at java_programs.FLATTEN.flatten(FLATTEN.java:26)
	at java_programs.FLATTEN.flatten(FLATTEN.java:26)
	at java_programs.FLATTEN.flatten(FLATTEN.java:26)
	at java_programs.FLATTEN.flatten(FLATTEN.java:26)
	at java_programs.FLATTEN.flatten(FLATTEN.java:26)
	at java_programs.FLATTEN.flatten(FLATTEN.java:26)
	at java_programs.FLATTEN.flatten(FLATTEN.java:26)
	at java_programs.FLATTEN.flatten(FLATTEN.java:26)
	at java_programs.FLATTEN.flatten(FLATTEN.java:26)
	at java_programs.FLATTEN.flatten(FLATTEN.java:26)
	at java_programs.FLATTEN.flatten(FLATTEN.java:26)
	at java_programs.FLATTEN.flatten(FLATTEN.java:26)
	at java_programs.FLATTEN.flatten(FLATTEN.java:26)
	at java_programs.FLATTEN.flatten(FLATTEN.java:26)
	at java_programs.FLATTEN.flatten(FLATTEN.java:26)
	at java_programs.FLATTEN.flatten(FLATTEN.java:26)
	at java_programs.FLATTEN.flatten(FLATTEN.java:26)
	at java_programs.FLATTEN.flatten(FLATTEN.java:26)
	at java_programs.FLATTEN.flatten(FLATTEN.java:26)
	at java_programs.FLATTEN.flatten(FLATTEN.java:26)
	at java_programs.FLATTEN.flatten(FLATTEN.java:26)
	at java_programs.FLATTEN.flatten(FLATTEN.java:26)
	at java_programs.FLATTEN.flatten(FLATTEN.java:26)
	at java_programs.FLATTEN.flatten(FLATTEN.java:26)
	at java_programs.FLATTEN.flatten(FLATTEN.java:26)
	at java_programs.FLATTEN.flatten(FLATTEN.java:26)
	at java_programs.FLATTEN.flatten(FLATTEN.java:26)
	at java_programs.FLATTEN.flatten(FLATTEN.java:26)
	at java_programs.FLATTEN.flatten(FLATTEN.java:26)
	at java_programs.FLATTEN.flatten(FLATTEN.java:26)
	at java_programs.FLATTEN.flatten(FLATTEN.java:26)
	at java_programs.FLATTEN.flatten(FLATTEN.java:26)
	at java_programs.FLATTEN.flatten(FLATTEN.java:26)
	at java_programs.FLATTEN.flatten(FLATTEN.java:26)
	at java_programs.FLATTEN.flatten(FLATTEN.java:26)
	at java_programs.FLATTEN.flatten(FLATTEN.java:26)
	at java_programs.FLATTEN.flatten(FLATTEN.java:26)
	at java_programs.FLATTEN.flatten(FLATTEN.java:26)
	at java_programs.FLATTEN.flatten(FLATTEN.java:26)
	at java_programs.FLATTEN.flatten(FLATTEN.java:26)
	at java_programs.FLATTEN.flatten(FLATTEN.java:26)
	at java_programs.FLATTEN.flatten(FLATTEN.java:26)
	at java_programs.FLATTEN.flatten(FLATTEN.java:26)
	at java_programs.FLATTEN.flatten(FLATTEN.java:26)
	at java_programs.FLATTEN.flatten(FLATTEN.java:26)
	at java_programs.FLATTEN.flatten(FLATTEN.java:26)
	at java_programs.FLATTEN.flatten(FLATTEN.java:26)
	at java_programs.FLATTEN.flatten(FLATTEN.java:26)
	at java_programs.FLATTEN.flatten(FLATTEN.java:26)
	at java_programs.FLATTEN.flatten(FLATTEN.java:26)
	at java_programs.FLATTEN.flatten(FLATTEN.java:26)
	at java_programs.FLATTEN.flatten(FLATTEN.java:26)
	at java_programs.FLATTEN.flatten(FLATTEN.java:26)
	at java_programs.FLATTEN.flatten(FLATTEN.java:26)
	at java_programs.FLATTEN.flatten(FLATTEN.java:26)
	at java_programs.FLATTEN.flatten(FLATTEN.java:26)
	at java_programs.FLATTEN.flatten(FLATTEN.java:26)
	at java_programs.FLATTEN.flatten(FLATTEN.java:26)
	at java_programs.FLATTEN.flatten(FLATTEN.java:26)
	at java_programs.FLATTEN.flatten(FLATTEN.java:26)
	at java_programs.FLATTEN.flatten(FLATTEN.java:26)
	at java_programs.FLATTEN.flatten(FLATTEN.java:26)
	at java_programs.FLATTEN.flatten(FLATTEN.java:26)
	at java_programs.FLATTEN.flatten(FLATTEN.java:26)
	at java_programs.FLATTEN.flatten(FLATTEN.java:26)
	at java_programs.FLATTEN.flatten(FLATTEN.java:26)
	at java_programs.FLATTEN.flatten(FLATTEN.java:26)
	at java_programs.FLATTEN.flatten(FLATTEN.java:26)
	at java_programs.FLATTEN.flatten(FLATTEN.java:26)
	at java_programs.FLATTEN.flatten(FLATTEN.java:26)
	at java_programs.FLATTEN.flatten(FLATTEN.java:26)
	at java_programs.FLATTEN.flatten(FLATTEN.java:26)
	at java_programs.FLATTEN.flatten(FLATTEN.java:26)
	at java_programs.FLATTEN.flatten(FLATTEN.java:26)
	at java_programs.FLATTEN.flatten(FLATTEN.java:26)
	at java_programs.FLATTEN.flatten(FLATTEN.java:26)
	at java_programs.FLATTEN.flatten(FLATTEN.java:26)
	at java_programs.FLATTEN.flatten(FLATTEN.java:26)
	at java_programs.FLATTEN.flatten(FLATTEN.java:26)
	at java_programs.FLATTEN.flatten(FLATTEN.java:26)
	at java_programs.FLATTEN.flatten(FLATTEN.java:26)
	at java_programs.FLATTEN.flatten(FLATTEN.java:26)
	at java_programs.FLATTEN.flatten(FLATTEN.java:26)
	at java_programs.FLATTEN.flatten(FLATTEN.java:26)
	at java_programs.FLATTEN.flatten(FLATTEN.java:26)
	at java_programs.FLATTEN.flatten(FLATTEN.java:26)
	at java_programs.FLATTEN.flatten(FLATTEN.java:26)
	at java_programs.FLATTEN.flatten(FLATTEN.java:26)
	at java_programs.FLATTEN.flatten(FLATTEN.java:26)
	at java_programs.FLATTEN.flatten(FLATTEN.java:26)
	at java_programs.FLATTEN.flatten(FLATTEN.java:26)
	at java_programs.FLATTEN.flatten(FLATTEN.java:26)
	at java_programs.FLATTEN.flatten(FLATTEN.java:26)
	at java_programs.FLATTEN.flatten(FLATTEN.java:26)
	at java_programs.FLATTEN.flatten(FLATTEN.java:26)
	at java_programs.FLATTEN.flatten(FLATTEN.java:26)
	at java_programs.FLATTEN.flatten(FLATTEN.java:26)
	at java_programs.FLATTEN.flatten(FLATTEN.java:26)
	at java_programs.FLATTEN.flatten(FLATTEN.java:26)
	at java_programs.FLATTEN.flatten(FLATTEN.java:26)
	at java_programs.FLATTEN.flatten(FLATTEN.java:26)
	at java_programs.FLATTEN.flatten(FLATTEN.java:26)
	at java_programs.FLATTEN.flatten(FLATTEN.java:26)
	at java_programs.FLATTEN.flatten(FLATTEN.java:26)
	at java_programs.FLATTEN.flatten(FLATTEN.java:26)
	at java_programs.FLATTEN.flatten(FLATTEN.java:26)
	at java_programs.FLATTEN.flatten(FLATTEN.java:26)
	at java_programs.FLATTEN.flatten(FLATTEN.java:26)
	at java_programs.FLATTEN.flatten(FLATTEN.java:26)
	at java_programs.FLATTEN.flatten(FLATTEN.java:26)
	at java_programs.FLATTEN.flatten(FLATTEN.java:26)
	at java_programs.FLATTEN.flatten(FLATTEN.java:26)
	at java_programs.FLATTEN.flatten(FLATTEN.java:26)
	at java_programs.FLATTEN.flatten(FLATTEN.java:26)
	at java_programs.FLATTEN.flatten(FLATTEN.java:26)
	at java_programs.FLATTEN.flatten(FLATTEN.java:26)
	at java_programs.FLATTEN.flatten(FLATTEN.java:26)
	at java_programs.FLATTEN.flatten(FLATTEN.java:26)
	at java_programs.FLATTEN.flatten(FLATTEN.java:26)
	at java_programs.FLATTEN.flatten(FLATTEN.java:26)
	at java_programs.FLATTEN.flatten(FLATTEN.java:26)
	at java_programs.FLATTEN.flatten(FLATTEN.java:26)
	at java_programs.FLATTEN.flatten(FLATTEN.java:26)
	at java_programs.FLATTEN.flatten(FLATTEN.java:26)
	at java_programs.FLATTEN.flatten(FLATTEN.java:26)
	at java_programs.FLATTEN.flatten(FLATTEN.java:26)
	at java_programs.FLATTEN.flatten(FLATTEN.java:26)
	at java_programs.FLATTEN.flatten(FLATTEN.java:26)
	at java_programs.FLATTEN.flatten(FLATTEN.java:26)
	at java_programs.FLATTEN.flatten(FLATTEN.java:26)
	at java_programs.FLATTEN.flatten(FLATTEN.java:26)
	at java_programs.FLATTEN.flatten(FLATTEN.java:26)
	at java_programs.FLATTEN.flatten(FLATTEN.java:26)
	at java_programs.FLATTEN.flatten(FLATTEN.java:26)
	at java_programs.FLATTEN.flatten(FLATTEN.java:26)
	at java_programs.FLATTEN.flatten(FLATTEN.java:26)
	at java_programs.FLATTEN.flatten(FLATTEN.java:26)
	at java_programs.FLATTEN.flatten(FLATTEN.java:26)
	at java_programs.FLATTEN.flatten(FLATTEN.java:26)
	at java_programs.FLATTEN.flatten(FLATTEN.java:26)
	at java_programs.FLATTEN.flatten(FLATTEN.java:26)
	at java_programs.FLATTEN.flatten(FLATTEN.java:26)
	at java_programs.FLATTEN.flatten(FLATTEN.java:26)
	at java_programs.FLATTEN.flatten(FLATTEN.java:26)
	at java_programs.FLATTEN.flatten(FLATTEN.java:26)
	at java_programs.FLATTEN.flatten(FLATTEN.java:26)
	at java_programs.FLATTEN.flatten(FLATTEN.java:26)
	at java_programs.FLATTEN.flatten(FLATTEN.java:26)
	at java_programs.FLATTEN.flatten(FLATTEN.java:26)
	at java_programs.FLATTEN.flatten(FLATTEN.java:26)
	at java_programs.FLATTEN.flatten(FLATTEN.java:26)
	at java_programs.FLATTEN.flatten(FLATTEN.java:26)
	at java_programs.FLATTEN.flatten(FLATTEN.java:26)
	at java_programs.FLATTEN.flatten(FLATTEN.java:26)
	at java_programs.FLATTEN.flatten(FLATTEN.java:26)
	at java_programs.FLATTEN.flatten(FLATTEN.java:26)
	at java_programs.FLATTEN.flatten(FLATTEN.java:26)
	at java_programs.FLATTEN.flatten(FLATTEN.java:26)
	at java_programs.FLATTEN.flatten(FLATTEN.java:26)
	at java_programs.FLATTEN.flatten(FLATTEN.java:26)
	at java_programs.FLATTEN.flatten(FLATTEN.java:26)
	at java_programs.FLATTEN.flatten(FLATTEN.java:26)
	at java_programs.FLATTEN.flatten(FLATTEN.java:26)
	at java_programs.FLATTEN.flatten(FLATTEN.java:26)
	at java_programs.FLATTEN.flatten(FLATTEN.java:26)
	at java_programs.FLATTEN.flatten(FLATTEN.java:26)
	at java_programs.FLATTEN.flatten(FLATTEN.java:26)
	at java_programs.FLATTEN.flatten(FLATTEN.java:26)
	at java_programs.FLATTEN.flatten(FLATTEN.java:26)
	at java_programs.FLATTEN.flatten(FLATTEN.java:26)
	at java_programs.FLATTEN.flatten(FLATTEN.java:26)
	at java_programs.FLATTEN.flatten(FLATTEN.java:26)
	at java_programs.FLATTEN.flatten(FLATTEN.java:26)
	at java_programs.FLATTEN.flatten(FLATTEN.java:26)
	at java_programs.FLATTEN.flatten(FLATTEN.java:26)
	at java_programs.FLATTEN.flatten(FLATTEN.java:26)
	at java_programs.FLATTEN.flatten(FLATTEN.java:26)
	at java_programs.FLATTEN.flatten(FLATTEN.java:26)
	at java_programs.FLATTEN.flatten(FLATTEN.java:26)
	at java_programs.FLATTEN.flatten(FLATTEN.java:26)
	at java_programs.FLATTEN.flatten(FLATTEN.java:26)
	at java_programs.FLATTEN.flatten(FLATTEN.java:26)
	at java_programs.FLATTEN.flatten(FLATTEN.java:26)
	at java_programs.FLATTEN.flatten(FLATTEN.java:26)
	at java_programs.FLATTEN.flatten(FLATTEN.java:26)
	at java_programs.FLATTEN.flatten(FLATTEN.java:26)
	at java_programs.FLATTEN.flatten(FLATTEN.java:26)
	at java_programs.FLATTEN.flatten(FLATTEN.java:26)
	at java_programs.FLATTEN.flatten(FLATTEN.java:26)
	at java_programs.FLATTEN.flatten(FLATTEN.java:26)
	at java_programs.FLATTEN.flatten(FLATTEN.java:26)
	at java_programs.FLATTEN.flatten(FLATTEN.java:26)
	at java_programs.FLATTEN.flatten(FLATTEN.java:26)
	at java_programs.FLATTEN.flatten(FLATTEN.java:26)
	at java_programs.FLATTEN.flatten(FLATTEN.java:26)
	at java_programs.FLATTEN.flatten(FLATTEN.java:26)
	at java_programs.FLATTEN.flatten(FLATTEN.java:26)
	at java_programs.FLATTEN.flatten(FLATTEN.java:26)
	at java_programs.FLATTEN.flatten(FLATTEN.java:26)
	at java_programs.FLATTEN.flatten(FLATTEN.java:26)
	at java_programs.FLATTEN.flatten(FLATTEN.java:26)
	at java_programs.FLATTEN.flatten(FLATTEN.java:26)
	at java_programs.FLATTEN.flatten(FLATTEN.java:26)
	at java_programs.FLATTEN.flatten(FLATTEN.java:26)
	at java_programs.FLATTEN.flatten(FLATTEN.java:26)
	at java_programs.FLATTEN.flatten(FLATTEN.java:26)
	at java_programs.FLATTEN.flatten(FLATTEN.java:26)
	at java_programs.FLATTEN.flatten(FLATTEN.java:26)
	at java_programs.FLATTEN.flatten(FLATTEN.java:26)
	at java_programs.FLATTEN.flatten(FLATTEN.java:26)
	at java_programs.FLATTEN.flatten(FLATTEN.java:26)
	at java_programs.FLATTEN.flatten(FLATTEN.java:26)
	at java_programs.FLATTEN.flatten(FLATTEN.java:26)
	at java_programs.FLATTEN.flatten(FLATTEN.java:26)
	at java_programs.FLATTEN.flatten(FLATTEN.java:26)
	at java_programs.FLATTEN.flatten(FLATTEN.java:26)
	at java_programs.FLATTEN.flatten(FLATTEN.java:26)
	at java_programs.FLATTEN.flatten(FLATTEN.java:26)
	at java_programs.FLATTEN.flatten(FLATTEN.java:26)
	at java_programs.FLATTEN.flatten(FLATTEN.java:26)
	at java_programs.FLATTEN.flatten(FLATTEN.java:26)
	at java_programs.FLATTEN.flatten(FLATTEN.java:26)
	at java_programs.FLATTEN.flatten(FLATTEN.java:26)
	at java_programs.FLATTEN.flatten(FLATTEN.java:26)
	at java_programs.FLATTEN.flatten(FLATTEN.java:26)
	at java_programs.FLATTEN.flatten(FLATTEN.java:26)
	at java_programs.FLATTEN.flatten(FLATTEN.java:26)
	at java_programs.FLATTEN.flatten(FLATTEN.java:26)
	at java_programs.FLATTEN.flatten(FLATTEN.java:26)
	at java_programs.FLATTEN.flatten(FLATTEN.java:26)
	at java_programs.FLATTEN.flatten(FLATTEN.java:26)
	at java_programs.FLATTEN.flatten(FLATTEN.java:26)
	at java_programs.FLATTEN.flatten(FLATTEN.java:26)
	at java_programs.FLATTEN.flatten(FLATTEN.java:26)
	at java_programs.FLATTEN.flatten(FLATTEN.java:26)
	at java_programs.FLATTEN.flatten(FLATTEN.java:26)
	at java_programs.FLATTEN.flatten(FLATTEN.java:26)
	at java_programs.FLATTEN.flatten(FLATTEN.java:26)
	at java_programs.FLATTEN.flatten(FLATTEN.java:26)
	at java_programs.FLATTEN.flatten(FLATTEN.java:26)
	at java_programs.FLATTEN.flatten(FLATTEN.java:26)
	at java_programs.FLATTEN.flatten(FLATTEN.java:26)
	at java_programs.FLATTEN.flatten(FLATTEN.java:26)
	at java_programs.FLATTEN.flatten(FLATTEN.java:26)
	at java_programs.FLATTEN.flatten(FLATTEN.java:26)
	at java_programs.FLATTEN.flatten(FLATTEN.java:26)
	at java_programs.FLATTEN.flatten(FLATTEN.java:26)
	at java_programs.FLATTEN.flatten(FLATTEN.java:26)
	at java_programs.FLATTEN.flatten(FLATTEN.java:26)
</failure>
  </testcase>
  <testcase name="test_1" classname="java_testcases.junit.FLATTEN_TEST" time="0.095"/>
  <testcase name="test_2" classname="java_testcases.junit.FLATTEN_TEST" time="0.078">
    <failure message="java.lang.StackOverflowError" type="java.lang.StackOverflowError">java.lang.StackOverflowError
	at java_programs.FLATTEN.flatten(FLATTEN.java:26)
	at java_programs.FLATTEN.flatten(FLATTEN.java:26)
	at java_programs.FLATTEN.flatten(FLATTEN.java:26)
	at java_programs.FLATTEN.flatten(FLATTEN.java:26)
	at java_programs.FLATTEN.flatten(FLATTEN.java:26)
	at java_programs.FLATTEN.flatten(FLATTEN.java:26)
	at java_programs.FLATTEN.flatten(FLATTEN.java:26)
	at java_programs.FLATTEN.flatten(FLATTEN.java:26)
	at java_programs.FLATTEN.flatten(FLATTEN.java:26)
	at java_programs.FLATTEN.flatten(FLATTEN.java:26)
	at java_programs.FLATTEN.flatten(FLATTEN.java:26)
	at java_programs.FLATTEN.flatten(FLATTEN.java:26)
	at java_programs.FLATTEN.flatten(FLATTEN.java:26)
	at java_programs.FLATTEN.flatten(FLATTEN.java:26)
	at java_programs.FLATTEN.flatten(FLATTEN.java:26)
	at java_programs.FLATTEN.flatten(FLATTEN.java:26)
	at java_programs.FLATTEN.flatten(FLATTEN.java:26)
	at java_programs.FLATTEN.flatten(FLATTEN.java:26)
	at java_programs.FLATTEN.flatten(FLATTEN.java:26)
	at java_programs.FLATTEN.flatten(FLATTEN.java:26)
	at java_programs.FLATTEN.flatten(FLATTEN.java:26)
	at java_programs.FLATTEN.flatten(FLATTEN.java:26)
	at java_programs.FLATTEN.flatten(FLATTEN.java:26)
	at java_programs.FLATTEN.flatten(FLATTEN.java:26)
	at java_programs.FLATTEN.flatten(FLATTEN.java:26)
	at java_programs.FLATTEN.flatten(FLATTEN.java:26)
	at java_programs.FLATTEN.flatten(FLATTEN.java:26)
	at java_programs.FLATTEN.flatten(FLATTEN.java:26)
	at java_programs.FLATTEN.flatten(FLATTEN.java:26)
	at java_programs.FLATTEN.flatten(FLATTEN.java:26)
	at java_programs.FLATTEN.flatten(FLATTEN.java:26)
	at java_programs.FLATTEN.flatten(FLATTEN.java:26)
	at java_programs.FLATTEN.flatten(FLATTEN.java:26)
	at java_programs.FLATTEN.flatten(FLATTEN.java:26)
	at java_programs.FLATTEN.flatten(FLATTEN.java:26)
	at java_programs.FLATTEN.flatten(FLATTEN.java:26)
	at java_programs.FLATTEN.flatten(FLATTEN.java:26)
	at java_programs.FLATTEN.flatten(FLATTEN.java:26)
	at java_programs.FLATTEN.flatten(FLATTEN.java:26)
	at java_programs.FLATTEN.flatten(FLATTEN.java:26)
	at java_programs.FLATTEN.flatten(FLATTEN.java:26)
	at java_programs.FLATTEN.flatten(FLATTEN.java:26)
	at java_programs.FLATTEN.flatten(FLATTEN.java:26)
	at java_programs.FLATTEN.flatten(FLATTEN.java:26)
	at java_programs.FLATTEN.flatten(FLATTEN.java:26)
	at java_programs.FLATTEN.flatten(FLATTEN.java:26)
	at java_programs.FLATTEN.flatten(FLATTEN.java:26)
	at java_programs.FLATTEN.flatten(FLATTEN.java:26)
	at java_programs.FLATTEN.flatten(FLATTEN.java:26)
	at java_programs.FLATTEN.flatten(FLATTEN.java:26)
	at java_programs.FLATTEN.flatten(FLATTEN.java:26)
	at java_programs.FLATTEN.flatten(FLATTEN.java:26)
	at java_programs.FLATTEN.flatten(FLATTEN.java:26)
	at java_programs.FLATTEN.flatten(FLATTEN.java:26)
	at java_programs.FLATTEN.flatten(FLATTEN.java:26)
	at java_programs.FLATTEN.flatten(FLATTEN.java:26)
	at java_programs.FLATTEN.flatten(FLATTEN.java:26)
	at java_programs.FLATTEN.flatten(FLATTEN.java:26)
	at java_programs.FLATTEN.flatten(FLATTEN.java:26)
	at java_programs.FLATTEN.flatten(FLATTEN.java:26)
	at java_programs.FLATTEN.flatten(FLATTEN.java:26)
	at java_programs.FLATTEN.flatten(FLATTEN.java:26)
	at java_programs.FLATTEN.flatten(FLATTEN.java:26)
	at java_programs.FLATTEN.flatten(FLATTEN.java:26)
	at java_programs.FLATTEN.flatten(FLATTEN.java:26)
	at java_programs.FLATTEN.flatten(FLATTEN.java:26)
	at java_programs.FLATTEN.flatten(FLATTEN.java:26)
	at java_programs.FLATTEN.flatten(FLATTEN.java:26)
	at java_programs.FLATTEN.flatten(FLATTEN.java:26)
	at java_programs.FLATTEN.flatten(FLATTEN.java:26)
	at java_programs.FLATTEN.flatten(FLATTEN.java:26)
	at java_programs.FLATTEN.flatten(FLATTEN.java:26)
	at java_programs.FLATTEN.flatten(FLATTEN.java:26)
	at java_programs.FLATTEN.flatten(FLATTEN.java:26)
	at java_programs.FLATTEN.flatten(FLATTEN.java:26)
	at java_programs.FLATTEN.flatten(FLATTEN.java:26)
	at java_programs.FLATTEN.flatten(FLATTEN.java:26)
	at java_programs.FLATTEN.flatten(FLATTEN.java:26)
	at java_programs.FLATTEN.flatten(FLATTEN.java:26)
	at java_programs.FLATTEN.flatten(FLATTEN.java:26)
	at java_programs.FLATTEN.flatten(FLATTEN.java:26)
	at java_programs.FLATTEN.flatten(FLATTEN.java:26)
	at java_programs.FLATTEN.flatten(FLATTEN.java:26)
	at java_programs.FLATTEN.flatten(FLATTEN.java:26)
	at java_programs.FLATTEN.flatten(FLATTEN.java:26)
	at java_programs.FLATTEN.flatten(FLATTEN.java:26)
	at java_programs.FLATTEN.flatten(FLATTEN.java:26)
	at java_programs.FLATTEN.flatten(FLATTEN.java:26)
	at java_programs.FLATTEN.flatten(FLATTEN.java:26)
	at java_programs.FLATTEN.flatten(FLATTEN.java:26)
	at java_programs.FLATTEN.flatten(FLATTEN.java:26)
	at java_programs.FLATTEN.flatten(FLATTEN.java:26)
	at java_programs.FLATTEN.flatten(FLATTEN.java:26)
	at java_programs.FLATTEN.flatten(FLATTEN.java:26)
	at java_programs.FLATTEN.flatten(FLATTEN.java:26)
	at java_programs.FLATTEN.flatten(FLATTEN.java:26)
	at java_programs.FLATTEN.flatten(FLATTEN.java:26)
	at java_programs.FLATTEN.flatten(FLATTEN.java:26)
	at java_programs.FLATTEN.flatten(FLATTEN.java:26)
	at java_programs.FLATTEN.flatten(FLATTEN.java:26)
	at java_programs.FLATTEN.flatten(FLATTEN.java:26)
	at java_programs.FLATTEN.flatten(FLATTEN.java:26)
	at java_programs.FLATTEN.flatten(FLATTEN.java:26)
	at java_programs.FLATTEN.flatten(FLATTEN.java:26)
	at java_programs.FLATTEN.flatten(FLATTEN.java:26)
	at java_programs.FLATTEN.flatten(FLATTEN.java:26)
	at java_programs.FLATTEN.flatten(FLATTEN.java:26)
	at java_programs.FLATTEN.flatten(FLATTEN.java:26)
	at java_programs.FLATTEN.flatten(FLATTEN.java:26)
	at java_programs.FLATTEN.flatten(FLATTEN.java:26)
	at java_programs.FLATTEN.flatten(FLATTEN.java:26)
	at java_programs.FLATTEN.flatten(FLATTEN.java:26)
	at java_programs.FLATTEN.flatten(FLATTEN.java:26)
	at java_programs.FLATTEN.flatten(FLATTEN.java:26)
	at java_programs.FLATTEN.flatten(FLATTEN.java:26)
	at java_programs.FLATTEN.flatten(FLATTEN.java:26)
	at java_programs.FLATTEN.flatten(FLATTEN.java:26)
	at java_programs.FLATTEN.flatten(FLATTEN.java:26)
	at java_programs.FLATTEN.flatten(FLATTEN.java:26)
	at java_programs.FLATTEN.flatten(FLATTEN.java:26)
	at java_programs.FLATTEN.flatten(FLATTEN.java:26)
	at java_programs.FLATTEN.flatten(FLATTEN.java:26)
	at java_programs.FLATTEN.flatten(FLATTEN.java:26)
	at java_programs.FLATTEN.flatten(FLATTEN.java:26)
	at java_programs.FLATTEN.flatten(FLATTEN.java:26)
	at java_programs.FLATTEN.flatten(FLATTEN.java:26)
	at java_programs.FLATTEN.flatten(FLATTEN.java:26)
	at java_programs.FLATTEN.flatten(FLATTEN.java:26)
	at java_programs.FLATTEN.flatten(FLATTEN.java:26)
	at java_programs.FLATTEN.flatten(FLATTEN.java:26)
	at java_programs.FLATTEN.flatten(FLATTEN.java:26)
	at java_programs.FLATTEN.flatten(FLATTEN.java:26)
	at java_programs.FLATTEN.flatten(FLATTEN.java:26)
	at java_programs.FLATTEN.flatten(FLATTEN.java:26)
	at java_programs.FLATTEN.flatten(FLATTEN.java:26)
	at java_programs.FLATTEN.flatten(FLATTEN.java:26)
	at java_programs.FLATTEN.flatten(FLATTEN.java:26)
	at java_programs.FLATTEN.flatten(FLATTEN.java:26)
	at java_programs.FLATTEN.flatten(FLATTEN.java:26)
	at java_programs.FLATTEN.flatten(FLATTEN.java:26)
	at java_programs.FLATTEN.flatten(FLATTEN.java:26)
	at java_programs.FLATTEN.flatten(FLATTEN.java:26)
	at java_programs.FLATTEN.flatten(FLATTEN.java:26)
	at java_programs.FLATTEN.flatten(FLATTEN.java:26)
	at java_programs.FLATTEN.flatten(FLATTEN.java:26)
	at java_programs.FLATTEN.flatten(FLATTEN.java:26)
	at java_programs.FLATTEN.flatten(FLATTEN.java:26)
	at java_programs.FLATTEN.flatten(FLATTEN.java:26)
	at java_programs.FLATTEN.flatten(FLATTEN.java:26)
	at java_programs.FLATTEN.flatten(FLATTEN.java:26)
	at java_programs.FLATTEN.flatten(FLATTEN.java:26)
	at java_programs.FLATTEN.flatten(FLATTEN.java:26)
	at java_programs.FLATTEN.flatten(FLATTEN.java:26)
	at java_programs.FLATTEN.flatten(FLATTEN.java:26)
	at java_programs.FLATTEN.flatten(FLATTEN.java:26)
	at java_programs.FLATTEN.flatten(FLATTEN.java:26)
	at java_programs.FLATTEN.flatten(FLATTEN.java:26)
	at java_programs.FLATTEN.flatten(FLATTEN.java:26)
	at java_programs.FLATTEN.flatten(FLATTEN.java:26)
	at java_programs.FLATTEN.flatten(FLATTEN.java:26)
	at java_programs.FLATTEN.flatten(FLATTEN.java:26)
	at java_programs.FLATTEN.flatten(FLATTEN.java:26)
	at java_programs.FLATTEN.flatten(FLATTEN.java:26)
	at java_programs.FLATTEN.flatten(FLATTEN.java:26)
	at java_programs.FLATTEN.flatten(FLATTEN.java:26)
	at java_programs.FLATTEN.flatten(FLATTEN.java:26)
	at java_programs.FLATTEN.flatten(FLATTEN.java:26)
	at java_programs.FLATTEN.flatten(FLATTEN.java:26)
	at java_programs.FLATTEN.flatten(FLATTEN.java:26)
	at java_programs.FLATTEN.flatten(FLATTEN.java:26)
	at java_programs.FLATTEN.flatten(FLATTEN.java:26)
	at java_programs.FLATTEN.flatten(FLATTEN.java:26)
	at java_programs.FLATTEN.flatten(FLATTEN.java:26)
	at java_programs.FLATTEN.flatten(FLATTEN.java:26)
	at java_programs.FLATTEN.flatten(FLATTEN.java:26)
	at java_programs.FLATTEN.flatten(FLATTEN.java:26)
	at java_programs.FLATTEN.flatten(FLATTEN.java:26)
	at java_programs.FLATTEN.flatten(FLATTEN.java:26)
	at java_programs.FLATTEN.flatten(FLATTEN.java:26)
	at java_programs.FLATTEN.flatten(FLATTEN.java:26)
	at java_programs.FLATTEN.flatten(FLATTEN.java:26)
	at java_programs.FLATTEN.flatten(FLATTEN.java:26)
	at java_programs.FLATTEN.flatten(FLATTEN.java:26)
	at java_programs.FLATTEN.flatten(FLATTEN.java:26)
	at java_programs.FLATTEN.flatten(FLATTEN.java:26)
	at java_programs.FLATTEN.flatten(FLATTEN.java:26)
	at java_programs.FLATTEN.flatten(FLATTEN.java:26)
	at java_programs.FLATTEN.flatten(FLATTEN.java:26)
	at java_programs.FLATTEN.flatten(FLATTEN.java:26)
	at java_programs.FLATTEN.flatten(FLATTEN.java:26)
	at java_programs.FLATTEN.flatten(FLATTEN.java:26)
	at java_programs.FLATTEN.flatten(FLATTEN.java:26)
	at java_programs.FLATTEN.flatten(FLATTEN.java:26)
	at java_programs.FLATTEN.flatten(FLATTEN.java:26)
	at java_programs.FLATTEN.flatten(FLATTEN.java:26)
	at java_programs.FLATTEN.flatten(FLATTEN.java:26)
	at java_programs.FLATTEN.flatten(FLATTEN.java:26)
	at java_programs.FLATTEN.flatten(FLATTEN.java:26)
	at java_programs.FLATTEN.flatten(FLATTEN.java:26)
	at java_programs.FLATTEN.flatten(FLATTEN.java:26)
	at java_programs.FLATTEN.flatten(FLATTEN.java:26)
	at java_programs.FLATTEN.flatten(FLATTEN.java:26)
	at java_programs.FLATTEN.flatten(FLATTEN.java:26)
	at java_programs.FLATTEN.flatten(FLATTEN.java:26)
	at java_programs.FLATTEN.flatten(FLATTEN.java:26)
	at java_programs.FLATTEN.flatten(FLATTEN.java:26)
	at java_programs.FLATTEN.flatten(FLATTEN.java:26)
	at java_programs.FLATTEN.flatten(FLATTEN.java:26)
	at java_programs.FLATTEN.flatten(FLATTEN.java:26)
	at java_programs.FLATTEN.flatten(FLATTEN.java:26)
	at java_programs.FLATTEN.flatten(FLATTEN.java:26)
	at java_programs.FLATTEN.flatten(FLATTEN.java:26)
	at java_programs.FLATTEN.flatten(FLATTEN.java:26)
	at java_programs.FLATTEN.flatten(FLATTEN.java:26)
	at java_programs.FLATTEN.flatten(FLATTEN.java:26)
	at java_programs.FLATTEN.flatten(FLATTEN.java:26)
	at java_programs.FLATTEN.flatten(FLATTEN.java:26)
	at java_programs.FLATTEN.flatten(FLATTEN.java:26)
	at java_programs.FLATTEN.flatten(FLATTEN.java:26)
	at java_programs.FLATTEN.flatten(FLATTEN.java:26)
	at java_programs.FLATTEN.flatten(FLATTEN.java:26)
	at java_programs.FLATTEN.flatten(FLATTEN.java:26)
	at java_programs.FLATTEN.flatten(FLATTEN.java:26)
	at java_programs.FLATTEN.flatten(FLATTEN.java:26)
	at java_programs.FLATTEN.flatten(FLATTEN.java:26)
	at java_programs.FLATTEN.flatten(FLATTEN.java:26)
	at java_programs.FLATTEN.flatten(FLATTEN.java:26)
	at java_programs.FLATTEN.flatten(FLATTEN.java:26)
	at java_programs.FLATTEN.flatten(FLATTEN.java:26)
	at java_programs.FLATTEN.flatten(FLATTEN.java:26)
	at java_programs.FLATTEN.flatten(FLATTEN.java:26)
	at java_programs.FLATTEN.flatten(FLATTEN.java:26)
	at java_programs.FLATTEN.flatten(FLATTEN.java:26)
	at java_programs.FLATTEN.flatten(FLATTEN.java:26)
	at java_programs.FLATTEN.flatten(FLATTEN.java:26)
	at java_programs.FLATTEN.flatten(FLATTEN.java:26)
	at java_programs.FLATTEN.flatten(FLATTEN.java:26)
	at java_programs.FLATTEN.flatten(FLATTEN.java:26)
	at java_programs.FLATTEN.flatten(FLATTEN.java:26)
	at java_programs.FLATTEN.flatten(FLATTEN.java:26)
	at java_programs.FLATTEN.flatten(FLATTEN.java:26)
	at java_programs.FLATTEN.flatten(FLATTEN.java:26)
	at java_programs.FLATTEN.flatten(FLATTEN.java:26)
	at java_programs.FLATTEN.flatten(FLATTEN.java:26)
	at java_programs.FLATTEN.flatten(FLATTEN.java:26)
	at java_programs.FLATTEN.flatten(FLATTEN.java:26)
	at java_programs.FLATTEN.flatten(FLATTEN.java:26)
	at java_programs.FLATTEN.flatten(FLATTEN.java:26)
	at java_programs.FLATTEN.flatten(FLATTEN.java:26)
	at java_programs.FLATTEN.flatten(FLATTEN.java:26)
	at java_programs.FLATTEN.flatten(FLATTEN.java:26)
	at java_programs.FLATTEN.flatten(FLATTEN.java:26)
	at java_programs.FLATTEN.flatten(FLATTEN.java:26)
	at java_programs.FLATTEN.flatten(FLATTEN.java:26)
	at java_programs.FLATTEN.flatten(FLATTEN.java:26)
	at java_programs.FLATTEN.flatten(FLATTEN.java:26)
	at java_programs.FLATTEN.flatten(FLATTEN.java:26)
	at java_programs.FLATTEN.flatten(FLATTEN.java:26)
	at java_programs.FLATTEN.flatten(FLATTEN.java:26)
	at java_programs.FLATTEN.flatten(FLATTEN.java:26)
	at java_programs.FLATTEN.flatten(FLATTEN.java:26)
	at java_programs.FLATTEN.flatten(FLATTEN.java:26)
	at java_programs.FLATTEN.flatten(FLATTEN.java:26)
	at java_programs.FLATTEN.flatten(FLATTEN.java:26)
	at java_programs.FLATTEN.flatten(FLATTEN.java:26)
	at java_programs.FLATTEN.flatten(FLATTEN.java:26)
	at java_programs.FLATTEN.flatten(FLATTEN.java:26)
	at java_programs.FLATTEN.flatten(FLATTEN.java:26)
	at java_programs.FLATTEN.flatten(FLATTEN.java:26)
	at java_programs.FLATTEN.flatten(FLATTEN.java:26)
	at java_programs.FLATTEN.flatten(FLATTEN.java:26)
	at java_programs.FLATTEN.flatten(FLATTEN.java:26)
	at java_programs.FLATTEN.flatten(FLATTEN.java:26)
	at java_programs.FLATTEN.flatten(FLATTEN.java:26)
	at java_programs.FLATTEN.flatten(FLATTEN.java:26)
	at java_programs.FLATTEN.flatten(FLATTEN.java:26)
	at java_programs.FLATTEN.flatten(FLATTEN.java:26)
	at java_programs.FLATTEN.flatten(FLATTEN.java:26)
	at java_programs.FLATTEN.flatten(FLATTEN.java:26)
	at java_programs.FLATTEN.flatten(FLATTEN.java:26)
	at java_programs.FLATTEN.flatten(FLATTEN.java:26)
	at java_programs.FLATTEN.flatten(FLATTEN.java:26)
	at java_programs.FLATTEN.flatten(FLATTEN.java:26)
	at java_programs.FLATTEN.flatten(FLATTEN.java:26)
	at java_programs.FLATTEN.flatten(FLATTEN.java:26)
	at java_programs.FLATTEN.flatten(FLATTEN.java:26)
	at java_programs.FLATTEN.flatten(FLATTEN.java:26)
	at java_programs.FLATTEN.flatten(FLATTEN.java:26)
	at java_programs.FLATTEN.flatten(FLATTEN.java:26)
	at java_programs.FLATTEN.flatten(FLATTEN.java:26)
	at java_programs.FLATTEN.flatten(FLATTEN.java:26)
	at java_programs.FLATTEN.flatten(FLATTEN.java:26)
	at java_programs.FLATTEN.flatten(FLATTEN.java:26)
	at java_programs.FLATTEN.flatten(FLATTEN.java:26)
	at java_programs.FLATTEN.flatten(FLATTEN.java:26)
	at java_programs.FLATTEN.flatten(FLATTEN.java:26)
	at java_programs.FLATTEN.flatten(FLATTEN.java:26)
	at java_programs.FLATTEN.flatten(FLATTEN.java:26)
	at java_programs.FLATTEN.flatten(FLATTEN.java:26)
	at java_programs.FLATTEN.flatten(FLATTEN.java:26)
	at java_programs.FLATTEN.flatten(FLATTEN.java:26)
	at java_programs.FLATTEN.flatten(FLATTEN.java:26)
	at java_programs.FLATTEN.flatten(FLATTEN.java:26)
	at java_programs.FLATTEN.flatten(FLATTEN.java:26)
	at java_programs.FLATTEN.flatten(FLATTEN.java:26)
	at java_programs.FLATTEN.flatten(FLATTEN.java:26)
	at java_programs.FLATTEN.flatten(FLATTEN.java:26)
	at java_programs.FLATTEN.flatten(FLATTEN.java:26)
	at java_programs.FLATTEN.flatten(FLATTEN.java:26)
	at java_programs.FLATTEN.flatten(FLATTEN.java:26)
	at java_programs.FLATTEN.flatten(FLATTEN.java:26)
	at java_programs.FLATTEN.flatten(FLATTEN.java:26)
	at java_programs.FLATTEN.flatten(FLATTEN.java:26)
	at java_programs.FLATTEN.flatten(FLATTEN.java:26)
	at java_programs.FLATTEN.flatten(FLATTEN.java:26)
	at java_programs.FLATTEN.flatten(FLATTEN.java:26)
	at java_programs.FLATTEN.flatten(FLATTEN.java:26)
	at java_programs.FLATTEN.flatten(FLATTEN.java:26)
	at java_programs.FLATTEN.flatten(FLATTEN.java:26)
	at java_programs.FLATTEN.flatten(FLATTEN.java:26)
	at java_programs.FLATTEN.flatten(FLATTEN.java:26)
	at java_programs.FLATTEN.flatten(FLATTEN.java:26)
	at java_programs.FLATTEN.flatten(FLATTEN.java:26)
	at java_programs.FLATTEN.flatten(FLATTEN.java:26)
	at java_programs.FLATTEN.flatten(FLATTEN.java:26)
	at java_programs.FLATTEN.flatten(FLATTEN.java:26)
	at java_programs.FLATTEN.flatten(FLATTEN.java:26)
	at java_programs.FLATTEN.flatten(FLATTEN.java:26)
	at java_programs.FLATTEN.flatten(FLATTEN.java:26)
	at java_programs.FLATTEN.flatten(FLATTEN.java:26)
	at java_programs.FLATTEN.flatten(FLATTEN.java:26)
	at java_programs.FLATTEN.flatten(FLATTEN.java:26)
	at java_programs.FLATTEN.flatten(FLATTEN.java:26)
	at java_programs.FLATTEN.flatten(FLATTEN.java:26)
	at java_programs.FLATTEN.flatten(FLATTEN.java:26)
	at java_programs.FLATTEN.flatten(FLATTEN.java:26)
	at java_programs.FLATTEN.flatten(FLATTEN.java:26)
	at java_programs.FLATTEN.flatten(FLATTEN.java:26)
	at java_programs.FLATTEN.flatten(FLATTEN.java:26)
	at java_programs.FLATTEN.flatten(FLATTEN.java:26)
	at java_programs.FLATTEN.flatten(FLATTEN.java:26)
	at java_programs.FLATTEN.flatten(FLATTEN.java:26)
	at java_programs.FLATTEN.flatten(FLATTEN.java:26)
	at java_programs.FLATTEN.flatten(FLATTEN.java:26)
	at java_programs.FLATTEN.flatten(FLATTEN.java:26)
	at java_programs.FLATTEN.flatten(FLATTEN.java:26)
	at java_programs.FLATTEN.flatten(FLATTEN.java:26)
	at java_programs.FLATTEN.flatten(FLATTEN.java:26)
	at java_programs.FLATTEN.flatten(FLATTEN.java:26)
	at java_programs.FLATTEN.flatten(FLATTEN.java:26)
	at java_programs.FLATTEN.flatten(FLATTEN.java:26)
	at java_programs.FLATTEN.flatten(FLATTEN.java:26)
	at java_programs.FLATTEN.flatten(FLATTEN.java:26)
	at java_programs.FLATTEN.flatten(FLATTEN.java:26)
	at java_programs.FLATTEN.flatten(FLATTEN.java:26)
	at java_programs.FLATTEN.flatten(FLATTEN.java:26)
	at java_programs.FLATTEN.flatten(FLATTEN.java:26)
	at java_programs.FLATTEN.flatten(FLATTEN.java:26)
	at java_programs.FLATTEN.flatten(FLATTEN.java:26)
	at java_programs.FLATTEN.flatten(FLATTEN.java:26)
	at java_programs.FLATTEN.flatten(FLATTEN.java:26)
	at java_programs.FLATTEN.flatten(FLATTEN.java:26)
	at java_programs.FLATTEN.flatten(FLATTEN.java:26)
	at java_programs.FLATTEN.flatten(FLATTEN.java:26)
	at java_programs.FLATTEN.flatten(FLATTEN.java:26)
	at java_programs.FLATTEN.flatten(FLATTEN.java:26)
	at java_programs.FLATTEN.flatten(FLATTEN.java:26)
	at java_programs.FLATTEN.flatten(FLATTEN.java:26)
	at java_programs.FLATTEN.flatten(FLATTEN.java:26)
	at java_programs.FLATTEN.flatten(FLATTEN.java:26)
	at java_programs.FLATTEN.flatten(FLATTEN.java:26)
	at java_programs.FLATTEN.flatten(FLATTEN.java:26)
	at java_programs.FLATTEN.flatten(FLATTEN.java:26)
	at java_programs.FLATTEN.flatten(FLATTEN.java:26)
	at java_programs.FLATTEN.flatten(FLATTEN.java:26)
	at java_programs.FLATTEN.flatten(FLATTEN.java:26)
	at java_programs.FLATTEN.flatten(FLATTEN.java:26)
	at java_programs.FLATTEN.flatten(FLATTEN.java:26)
	at java_programs.FLATTEN.flatten(FLATTEN.java:26)
	at java_programs.FLATTEN.flatten(FLATTEN.java:26)
	at java_programs.FLATTEN.flatten(FLATTEN.java:26)
	at java_programs.FLATTEN.flatten(FLATTEN.java:26)
	at java_programs.FLATTEN.flatten(FLATTEN.java:26)
	at java_programs.FLATTEN.flatten(FLATTEN.java:26)
	at java_programs.FLATTEN.flatten(FLATTEN.java:26)
	at java_programs.FLATTEN.flatten(FLATTEN.java:26)
	at java_programs.FLATTEN.flatten(FLATTEN.java:26)
	at java_programs.FLATTEN.flatten(FLATTEN.java:26)
	at java_programs.FLATTEN.flatten(FLATTEN.java:26)
	at java_programs.FLATTEN.flatten(FLATTEN.java:26)
	at java_programs.FLATTEN.flatten(FLATTEN.java:26)
	at java_programs.FLATTEN.flatten(FLATTEN.java:26)
	at java_programs.FLATTEN.flatten(FLATTEN.java:26)
	at java_programs.FLATTEN.flatten(FLATTEN.java:26)
	at java_programs.FLATTEN.flatten(FLATTEN.java:26)
	at java_programs.FLATTEN.flatten(FLATTEN.java:26)
	at java_programs.FLATTEN.flatten(FLATTEN.java:26)
	at java_programs.FLATTEN.flatten(FLATTEN.java:26)
	at java_programs.FLATTEN.flatten(FLATTEN.java:26)
	at java_programs.FLATTEN.flatten(FLATTEN.java:26)
	at java_programs.FLATTEN.flatten(FLATTEN.java:26)
	at java_programs.FLATTEN.flatten(FLATTEN.java:26)
	at java_programs.FLATTEN.flatten(FLATTEN.java:26)
	at java_programs.FLATTEN.flatten(FLATTEN.java:26)
	at java_programs.FLATTEN.flatten(FLATTEN.java:26)
	at java_programs.FLATTEN.flatten(FLATTEN.java:26)
	at java_programs.FLATTEN.flatten(FLATTEN.java:26)
	at java_programs.FLATTEN.flatten(FLATTEN.java:26)
	at java_programs.FLATTEN.flatten(FLATTEN.java:26)
	at java_programs.FLATTEN.flatten(FLATTEN.java:26)
	at java_programs.FLATTEN.flatten(FLATTEN.java:26)
	at java_programs.FLATTEN.flatten(FLATTEN.java:26)
	at java_programs.FLATTEN.flatten(FLATTEN.java:26)
	at java_programs.FLATTEN.flatten(FLATTEN.java:26)
	at java_programs.FLATTEN.flatten(FLATTEN.java:26)
	at java_programs.FLATTEN.flatten(FLATTEN.java:26)
	at java_programs.FLATTEN.flatten(FLATTEN.java:26)
	at java_programs.FLATTEN.flatten(FLATTEN.java:26)
	at java_programs.FLATTEN.flatten(FLATTEN.java:26)
	at java_programs.FLATTEN.flatten(FLATTEN.java:26)
	at java_programs.FLATTEN.flatten(FLATTEN.java:26)
	at java_programs.FLATTEN.flatten(FLATTEN.java:26)
	at java_programs.FLATTEN.flatten(FLATTEN.java:26)
	at java_programs.FLATTEN.flatten(FLATTEN.java:26)
	at java_programs.FLATTEN.flatten(FLATTEN.java:26)
	at java_programs.FLATTEN.flatten(FLATTEN.java:26)
	at java_programs.FLATTEN.flatten(FLATTEN.java:26)
	at java_programs.FLATTEN.flatten(FLATTEN.java:26)
	at java_programs.FLATTEN.flatten(FLATTEN.java:26)
	at java_programs.FLATTEN.flatten(FLATTEN.java:26)
	at java_programs.FLATTEN.flatten(FLATTEN.java:26)
	at java_programs.FLATTEN.flatten(FLATTEN.java:26)
	at java_programs.FLATTEN.flatten(FLATTEN.java:26)
	at java_programs.FLATTEN.flatten(FLATTEN.java:26)
	at java_programs.FLATTEN.flatten(FLATTEN.java:26)
	at java_programs.FLATTEN.flatten(FLATTEN.java:26)
	at java_programs.FLATTEN.flatten(FLATTEN.java:26)
	at java_programs.FLATTEN.flatten(FLATTEN.java:26)
	at java_programs.FLATTEN.flatten(FLATTEN.java:26)
	at java_programs.FLATTEN.flatten(FLATTEN.java:26)
	at java_programs.FLATTEN.flatten(FLATTEN.java:26)
	at java_programs.FLATTEN.flatten(FLATTEN.java:26)
	at java_programs.FLATTEN.flatten(FLATTEN.java:26)
	at java_programs.FLATTEN.flatten(FLATTEN.java:26)
	at java_programs.FLATTEN.flatten(FLATTEN.java:26)
	at java_programs.FLATTEN.flatten(FLATTEN.java:26)
	at java_programs.FLATTEN.flatten(FLATTEN.java:26)
	at java_programs.FLATTEN.flatten(FLATTEN.java:26)
	at java_programs.FLATTEN.flatten(FLATTEN.java:26)
	at java_programs.FLATTEN.flatten(FLATTEN.java:26)
	at java_programs.FLATTEN.flatten(FLATTEN.java:26)
	at java_programs.FLATTEN.flatten(FLATTEN.java:26)
	at java_programs.FLATTEN.flatten(FLATTEN.java:26)
	at java_programs.FLATTEN.flatten(FLATTEN.java:26)
	at java_programs.FLATTEN.flatten(FLATTEN.java:26)
	at java_programs.FLATTEN.flatten(FLATTEN.java:26)
	at java_programs.FLATTEN.flatten(FLATTEN.java:26)
	at java_programs.FLATTEN.flatten(FLATTEN.java:26)
	at java_programs.FLATTEN.flatten(FLATTEN.java:26)
	at java_programs.FLATTEN.flatten(FLATTEN.java:26)
	at java_programs.FLATTEN.flatten(FLATTEN.java:26)
	at java_programs.FLATTEN.flatten(FLATTEN.java:26)
	at java_programs.FLATTEN.flatten(FLATTEN.java:26)
	at java_programs.FLATTEN.flatten(FLATTEN.java:26)
	at java_programs.FLATTEN.flatten(FLATTEN.java:26)
	at java_programs.FLATTEN.flatten(FLATTEN.java:26)
	at java_programs.FLATTEN.flatten(FLATTEN.java:26)
	at java_programs.FLATTEN.flatten(FLATTEN.java:26)
	at java_programs.FLATTEN.flatten(FLATTEN.java:26)
	at java_programs.FLATTEN.flatten(FLATTEN.java:26)
	at java_programs.FLATTEN.flatten(FLATTEN.java:26)
	at java_programs.FLATTEN.flatten(FLATTEN.java:26)
	at java_programs.FLATTEN.flatten(FLATTEN.java:26)
	at java_programs.FLATTEN.flatten(FLATTEN.java:26)
	at java_programs.FLATTEN.flatten(FLATTEN.java:26)
	at java_programs.FLATTEN.flatten(FLATTEN.java:26)
	at java_programs.FLATTEN.flatten(FLATTEN.java:26)
	at java_programs.FLATTEN.flatten(FLATTEN.java:26)
	at java_programs.FLATTEN.flatten(FLATTEN.java:26)
	at java_programs.FLATTEN.flatten(FLATTEN.java:26)
	at java_programs.FLATTEN.flatten(FLATTEN.java:26)
	at java_programs.FLATTEN.flatten(FLATTEN.java:26)
	at java_programs.FLATTEN.flatten(FLATTEN.java:26)
	at java_programs.FLATTEN.flatten(FLATTEN.java:26)
	at java_programs.FLATTEN.flatten(FLATTEN.java:26)
	at java_programs.FLATTEN.flatten(FLATTEN.java:26)
	at java_programs.FLATTEN.flatten(FLATTEN.java:26)
	at java_programs.FLATTEN.flatten(FLATTEN.java:26)
	at java_programs.FLATTEN.flatten(FLATTEN.java:26)
	at java_programs.FLATTEN.flatten(FLATTEN.java:26)
	at java_programs.FLATTEN.flatten(FLATTEN.java:26)
	at java_programs.FLATTEN.flatten(FLATTEN.java:26)
	at java_programs.FLATTEN.flatten(FLATTEN.java:26)
	at java_programs.FLATTEN.flatten(FLATTEN.java:26)
	at java_programs.FLATTEN.flatten(FLATTEN.java:26)
	at java_programs.FLATTEN.flatten(FLATTEN.java:26)
	at java_programs.FLATTEN.flatten(FLATTEN.java:26)
	at java_programs.FLATTEN.flatten(FLATTEN.java:26)
	at java_programs.FLATTEN.flatten(FLATTEN.java:26)
	at java_programs.FLATTEN.flatten(FLATTEN.java:26)
	at java_programs.FLATTEN.flatten(FLATTEN.java:26)
	at java_programs.FLATTEN.flatten(FLATTEN.java:26)
	at java_programs.FLATTEN.flatten(FLATTEN.java:26)
	at java_programs.FLATTEN.flatten(FLATTEN.java:26)
	at java_programs.FLATTEN.flatten(FLATTEN.java:26)
	at java_programs.FLATTEN.flatten(FLATTEN.java:26)
	at java_programs.FLATTEN.flatten(FLATTEN.java:26)
	at java_programs.FLATTEN.flatten(FLATTEN.java:26)
	at java_programs.FLATTEN.flatten(FLATTEN.java:26)
	at java_programs.FLATTEN.flatten(FLATTEN.java:26)
	at java_programs.FLATTEN.flatten(FLATTEN.java:26)
	at java_programs.FLATTEN.flatten(FLATTEN.java:26)
	at java_programs.FLATTEN.flatten(FLATTEN.java:26)
	at java_programs.FLATTEN.flatten(FLATTEN.java:26)
	at java_programs.FLATTEN.flatten(FLATTEN.java:26)
	at java_programs.FLATTEN.flatten(FLATTEN.java:26)
	at java_programs.FLATTEN.flatten(FLATTEN.java:26)
	at java_programs.FLATTEN.flatten(FLATTEN.java:26)
	at java_programs.FLATTEN.flatten(FLATTEN.java:26)
	at java_programs.FLATTEN.flatten(FLATTEN.java:26)
	at java_programs.FLATTEN.flatten(FLATTEN.java:26)
	at java_programs.FLATTEN.flatten(FLATTEN.java:26)
	at java_programs.FLATTEN.flatten(FLATTEN.java:26)
	at java_programs.FLATTEN.flatten(FLATTEN.java:26)
	at java_programs.FLATTEN.flatten(FLATTEN.java:26)
	at java_programs.FLATTEN.flatten(FLATTEN.java:26)
	at java_programs.FLATTEN.flatten(FLATTEN.java:26)
	at java_programs.FLATTEN.flatten(FLATTEN.java:26)
	at java_programs.FLATTEN.flatten(FLATTEN.java:26)
	at java_programs.FLATTEN.flatten(FLATTEN.java:26)
	at java_programs.FLATTEN.flatten(FLATTEN.java:26)
	at java_programs.FLATTEN.flatten(FLATTEN.java:26)
	at java_programs.FLATTEN.flatten(FLATTEN.java:26)
	at java_programs.FLATTEN.flatten(FLATTEN.java:26)
	at java_programs.FLATTEN.flatten(FLATTEN.java:26)
	at java_programs.FLATTEN.flatten(FLATTEN.java:26)
	at java_programs.FLATTEN.flatten(FLATTEN.java:26)
	at java_programs.FLATTEN.flatten(FLATTEN.java:26)
	at java_programs.FLATTEN.flatten(FLATTEN.java:26)
	at java_programs.FLATTEN.flatten(FLATTEN.java:26)
	at java_programs.FLATTEN.flatten(FLATTEN.java:26)
	at java_programs.FLATTEN.flatten(FLATTEN.java:26)
	at java_programs.FLATTEN.flatten(FLATTEN.java:26)
	at java_programs.FLATTEN.flatten(FLATTEN.java:26)
	at java_programs.FLATTEN.flatten(FLATTEN.java:26)
	at java_programs.FLATTEN.flatten(FLATTEN.java:26)
	at java_programs.FLATTEN.flatten(FLATTEN.java:26)
	at java_programs.FLATTEN.flatten(FLATTEN.java:26)
	at java_programs.FLATTEN.flatten(FLATTEN.java:26)
	at java_programs.FLATTEN.flatten(FLATTEN.java:26)
	at java_programs.FLATTEN.flatten(FLATTEN.java:26)
	at java_programs.FLATTEN.flatten(FLATTEN.java:26)
	at java_programs.FLATTEN.flatten(FLATTEN.java:26)
	at java_programs.FLATTEN.flatten(FLATTEN.java:26)
	at java_programs.FLATTEN.flatten(FLATTEN.java:26)
	at java_programs.FLATTEN.flatten(FLATTEN.java:26)
	at java_programs.FLATTEN.flatten(FLATTEN.java:26)
	at java_programs.FLATTEN.flatten(FLATTEN.java:26)
	at java_programs.FLATTEN.flatten(FLATTEN.java:26)
	at java_programs.FLATTEN.flatten(FLATTEN.java:26)
	at java_programs.FLATTEN.flatten(FLATTEN.java:26)
	at java_programs.FLATTEN.flatten(FLATTEN.java:26)
	at java_programs.FLATTEN.flatten(FLATTEN.java:26)
	at java_programs.FLATTEN.flatten(FLATTEN.java:26)
	at java_programs.FLATTEN.flatten(FLATTEN.java:26)
	at java_programs.FLATTEN.flatten(FLATTEN.java:26)
	at java_programs.FLATTEN.flatten(FLATTEN.java:26)
	at java_programs.FLATTEN.flatten(FLATTEN.java:26)
	at java_programs.FLATTEN.flatten(FLATTEN.java:26)
	at java_programs.FLATTEN.flatten(FLATTEN.java:26)
	at java_programs.FLATTEN.flatten(FLATTEN.java:26)
	at java_programs.FLATTEN.flatten(FLATTEN.java:26)
	at java_programs.FLATTEN.flatten(FLATTEN.java:26)
	at java_programs.FLATTEN.flatten(FLATTEN.java:26)
	at java_programs.FLATTEN.flatten(FLATTEN.java:26)
	at java_programs.FLATTEN.flatten(FLATTEN.java:26)
	at java_programs.FLATTEN.flatten(FLATTEN.java:26)
	at java_programs.FLATTEN.flatten(FLATTEN.java:26)
	at java_programs.FLATTEN.flatten(FLATTEN.java:26)
	at java_programs.FLATTEN.flatten(FLATTEN.java:26)
	at java_programs.FLATTEN.flatten(FLATTEN.java:26)
	at java_programs.FLATTEN.flatten(FLATTEN.java:26)
	at java_programs.FLATTEN.flatten(FLATTEN.java:26)
	at java_programs.FLATTEN.flatten(FLATTEN.java:26)
	at java_programs.FLATTEN.flatten(FLATTEN.java:26)
	at java_programs.FLATTEN.flatten(FLATTEN.java:26)
	at java_programs.FLATTEN.flatten(FLATTEN.java:26)
	at java_programs.FLATTEN.flatten(FLATTEN.java:26)
	at java_programs.FLATTEN.flatten(FLATTEN.java:26)
	at java_programs.FLATTEN.flatten(FLATTEN.java:26)
	at java_programs.FLATTEN.flatten(FLATTEN.java:26)
	at java_programs.FLATTEN.flatten(FLATTEN.java:26)
	at java_programs.FLATTEN.flatten(FLATTEN.java:26)
	at java_programs.FLATTEN.flatten(FLATTEN.java:26)
	at java_programs.FLATTEN.flatten(FLATTEN.java:26)
	at java_programs.FLATTEN.flatten(FLATTEN.java:26)
	at java_programs.FLATTEN.flatten(FLATTEN.java:26)
	at java_programs.FLATTEN.flatten(FLATTEN.java:26)
	at java_programs.FLATTEN.flatten(FLATTEN.java:26)
	at java_programs.FLATTEN.flatten(FLATTEN.java:26)
	at java_programs.FLATTEN.flatten(FLATTEN.java:26)
	at java_programs.FLATTEN.flatten(FLATTEN.java:26)
	at java_programs.FLATTEN.flatten(FLATTEN.java:26)
	at java_programs.FLATTEN.flatten(FLATTEN.java:26)
	at java_programs.FLATTEN.flatten(FLATTEN.java:26)
	at java_programs.FLATTEN.flatten(FLATTEN.java:26)
	at java_programs.FLATTEN.flatten(FLATTEN.java:26)
	at java_programs.FLATTEN.flatten(FLATTEN.java:26)
	at java_programs.FLATTEN.flatten(FLATTEN.java:26)
	at java_programs.FLATTEN.flatten(FLATTEN.java:26)
	at java_programs.FLATTEN.flatten(FLATTEN.java:26)
	at java_programs.FLATTEN.flatten(FLATTEN.java:26)
	at java_programs.FLATTEN.flatten(FLATTEN.java:26)
	at java_programs.FLATTEN.flatten(FLATTEN.java:26)
	at java_programs.FLATTEN.flatten(FLATTEN.java:26)
	at java_programs.FLATTEN.flatten(FLATTEN.java:26)
	at java_programs.FLATTEN.flatten(FLATTEN.java:26)
	at java_programs.FLATTEN.flatten(FLATTEN.java:26)
	at java_programs.FLATTEN.flatten(FLATTEN.java:26)
	at java_programs.FLATTEN.flatten(FLATTEN.java:26)
	at java_programs.FLATTEN.flatten(FLATTEN.java:26)
	at java_programs.FLATTEN.flatten(FLATTEN.java:26)
	at java_programs.FLATTEN.flatten(FLATTEN.java:26)
	at java_programs.FLATTEN.flatten(FLATTEN.java:26)
	at java_programs.FLATTEN.flatten(FLATTEN.java:26)
	at java_programs.FLATTEN.flatten(FLATTEN.java:26)
	at java_programs.FLATTEN.flatten(FLATTEN.java:26)
	at java_programs.FLATTEN.flatten(FLATTEN.java:26)
	at java_programs.FLATTEN.flatten(FLATTEN.java:26)
	at java_programs.FLATTEN.flatten(FLATTEN.java:26)
	at java_programs.FLATTEN.flatten(FLATTEN.java:26)
	at java_programs.FLATTEN.flatten(FLATTEN.java:26)
	at java_programs.FLATTEN.flatten(FLATTEN.java:26)
	at java_programs.FLATTEN.flatten(FLATTEN.java:26)
	at java_programs.FLATTEN.flatten(FLATTEN.java:26)
	at java_programs.FLATTEN.flatten(FLATTEN.java:26)
	at java_programs.FLATTEN.flatten(FLATTEN.java:26)
	at java_programs.FLATTEN.flatten(FLATTEN.java:26)
	at java_programs.FLATTEN.flatten(FLATTEN.java:26)
	at java_programs.FLATTEN.flatten(FLATTEN.java:26)
	at java_programs.FLATTEN.flatten(FLATTEN.java:26)
	at java_programs.FLATTEN.flatten(FLATTEN.java:26)
	at java_programs.FLATTEN.flatten(FLATTEN.java:26)
	at java_programs.FLATTEN.flatten(FLATTEN.java:26)
	at java_programs.FLATTEN.flatten(FLATTEN.java:26)
	at java_programs.FLATTEN.flatten(FLATTEN.java:26)
	at java_programs.FLATTEN.flatten(FLATTEN.java:26)
	at java_programs.FLATTEN.flatten(FLATTEN.java:26)
	at java_programs.FLATTEN.flatten(FLATTEN.java:26)
	at java_programs.FLATTEN.flatten(FLATTEN.java:26)
	at java_programs.FLATTEN.flatten(FLATTEN.java:26)
	at java_programs.FLATTEN.flatten(FLATTEN.java:26)
	at java_programs.FLATTEN.flatten(FLATTEN.java:26)
	at java_programs.FLATTEN.flatten(FLATTEN.java:26)
	at java_programs.FLATTEN.flatten(FLATTEN.java:26)
	at java_programs.FLATTEN.flatten(FLATTEN.java:26)
	at java_programs.FLATTEN.flatten(FLATTEN.java:26)
	at java_programs.FLATTEN.flatten(FLATTEN.java:26)
	at java_programs.FLATTEN.flatten(FLATTEN.java:26)
	at java_programs.FLATTEN.flatten(FLATTEN.java:26)
	at java_programs.FLATTEN.flatten(FLATTEN.java:26)
	at java_programs.FLATTEN.flatten(FLATTEN.java:26)
	at java_programs.FLATTEN.flatten(FLATTEN.java:26)
	at java_programs.FLATTEN.flatten(FLATTEN.java:26)
	at java_programs.FLATTEN.flatten(FLATTEN.java:26)
	at java_programs.FLATTEN.flatten(FLATTEN.java:26)
	at java_programs.FLATTEN.flatten(FLATTEN.java:26)
	at java_programs.FLATTEN.flatten(FLATTEN.java:26)
	at java_programs.FLATTEN.flatten(FLATTEN.java:26)
	at java_programs.FLATTEN.flatten(FLATTEN.java:26)
	at java_programs.FLATTEN.flatten(FLATTEN.java:26)
	at java_programs.FLATTEN.flatten(FLATTEN.java:26)
	at java_programs.FLATTEN.flatten(FLATTEN.java:26)
	at java_programs.FLATTEN.flatten(FLATTEN.java:26)
	at java_programs.FLATTEN.flatten(FLATTEN.java:26)
	at java_programs.FLATTEN.flatten(FLATTEN.java:26)
	at java_programs.FLATTEN.flatten(FLATTEN.java:26)
	at java_programs.FLATTEN.flatten(FLATTEN.java:26)
	at java_programs.FLATTEN.flatten(FLATTEN.java:26)
	at java_programs.FLATTEN.flatten(FLATTEN.java:26)
	at java_programs.FLATTEN.flatten(FLATTEN.java:26)
	at java_programs.FLATTEN.flatten(FLATTEN.java:26)
	at java_programs.FLATTEN.flatten(FLATTEN.java:26)
	at java_programs.FLATTEN.flatten(FLATTEN.java:26)
	at java_programs.FLATTEN.flatten(FLATTEN.java:26)
	at java_programs.FLATTEN.flatten(FLATTEN.java:26)
	at java_programs.FLATTEN.flatten(FLATTEN.java:26)
	at java_programs.FLATTEN.flatten(FLATTEN.java:26)
	at java_programs.FLATTEN.flatten(FLATTEN.java:26)
	at java_programs.FLATTEN.flatten(FLATTEN.java:26)
	at java_programs.FLATTEN.flatten(FLATTEN.java:26)
	at java_programs.FLATTEN.flatten(FLATTEN.java:26)
	at java_programs.FLATTEN.flatten(FLATTEN.java:26)
	at java_programs.FLATTEN.flatten(FLATTEN.java:26)
	at java_programs.FLATTEN.flatten(FLATTEN.java:26)
	at java_programs.FLATTEN.flatten(FLATTEN.java:26)
	at java_programs.FLATTEN.flatten(FLATTEN.java:26)
	at java_programs.FLATTEN.flatten(FLATTEN.java:26)
	at java_programs.FLATTEN.flatten(FLATTEN.java:26)
	at java_programs.FLATTEN.flatten(FLATTEN.java:26)
	at java_programs.FLATTEN.flatten(FLATTEN.java:26)
	at java_programs.FLATTEN.flatten(FLATTEN.java:26)
	at java_programs.FLATTEN.flatten(FLATTEN.java:26)
	at java_programs.FLATTEN.flatten(FLATTEN.java:26)
	at java_programs.FLATTEN.flatten(FLATTEN.java:26)
	at java_programs.FLATTEN.flatten(FLATTEN.java:26)
	at java_programs.FLATTEN.flatten(FLATTEN.java:26)
	at java_programs.FLATTEN.flatten(FLATTEN.java:26)
	at java_programs.FLATTEN.flatten(FLATTEN.java:26)
	at java_programs.FLATTEN.flatten(FLATTEN.java:26)
	at java_programs.FLATTEN.flatten(FLATTEN.java:26)
	at java_programs.FLATTEN.flatten(FLATTEN.java:26)
	at java_programs.FLATTEN.flatten(FLATTEN.java:26)
	at java_programs.FLATTEN.flatten(FLATTEN.java:26)
	at java_programs.FLATTEN.flatten(FLATTEN.java:26)
	at java_programs.FLATTEN.flatten(FLATTEN.java:26)
	at java_programs.FLATTEN.flatten(FLATTEN.java:26)
	at java_programs.FLATTEN.flatten(FLATTEN.java:26)
	at java_programs.FLATTEN.flatten(FLATTEN.java:26)
	at java_programs.FLATTEN.flatten(FLATTEN.java:26)
	at java_programs.FLATTEN.flatten(FLATTEN.java:26)
	at java_programs.FLATTEN.flatten(FLATTEN.java:26)
	at java_programs.FLATTEN.flatten(FLATTEN.java:26)
	at java_programs.FLATTEN.flatten(FLATTEN.java:26)
	at java_programs.FLATTEN.flatten(FLATTEN.java:26)
	at java_programs.FLATTEN.flatten(FLATTEN.java:26)
	at java_programs.FLATTEN.flatten(FLATTEN.java:26)
	at java_programs.FLATTEN.flatten(FLATTEN.java:26)
	at java_programs.FLATTEN.flatten(FLATTEN.java:26)
	at java_programs.FLATTEN.flatten(FLATTEN.java:26)
	at java_programs.FLATTEN.flatten(FLATTEN.java:26)
	at java_programs.FLATTEN.flatten(FLATTEN.java:26)
	at java_programs.FLATTEN.flatten(FLATTEN.java:26)
	at java_programs.FLATTEN.flatten(FLATTEN.java:26)
	at java_programs.FLATTEN.flatten(FLATTEN.java:26)
	at java_programs.FLATTEN.flatten(FLATTEN.java:26)
	at java_programs.FLATTEN.flatten(FLATTEN.java:26)
	at java_programs.FLATTEN.flatten(FLATTEN.java:26)
	at java_programs.FLATTEN.flatten(FLATTEN.java:26)
	at java_programs.FLATTEN.flatten(FLATTEN.java:26)
	at java_programs.FLATTEN.flatten(FLATTEN.java:26)
	at java_programs.FLATTEN.flatten(FLATTEN.java:26)
	at java_programs.FLATTEN.flatten(FLATTEN.java:26)
	at java_programs.FLATTEN.flatten(FLATTEN.java:26)
	at java_programs.FLATTEN.flatten(FLATTEN.java:26)
	at java_programs.FLATTEN.flatten(FLATTEN.java:26)
	at java_programs.FLATTEN.flatten(FLATTEN.java:26)
	at java_programs.FLATTEN.flatten(FLATTEN.java:26)
	at java_programs.FLATTEN.flatten(FLATTEN.java:26)
	at java_programs.FLATTEN.flatten(FLATTEN.java:26)
	at java_programs.FLATTEN.flatten(FLATTEN.java:26)
	at java_programs.FLATTEN.flatten(FLATTEN.java:26)
	at java_programs.FLATTEN.flatten(FLATTEN.java:26)
	at java_programs.FLATTEN.flatten(FLATTEN.java:26)
	at java_programs.FLATTEN.flatten(FLATTEN.java:26)
	at java_programs.FLATTEN.flatten(FLATTEN.java:26)
	at java_programs.FLATTEN.flatten(FLATTEN.java:26)
	at java_programs.FLATTEN.flatten(FLATTEN.java:26)
	at java_programs.FLATTEN.flatten(FLATTEN.java:26)
	at java_programs.FLATTEN.flatten(FLATTEN.java:26)
	at java_programs.FLATTEN.flatten(FLATTEN.java:26)
	at java_programs.FLATTEN.flatten(FLATTEN.java:26)
	at java_programs.FLATTEN.flatten(FLATTEN.java:26)
	at java_programs.FLATTEN.flatten(FLATTEN.java:26)
	at java_programs.FLATTEN.flatten(FLATTEN.java:26)
	at java_programs.FLATTEN.flatten(FLATTEN.java:26)
	at java_programs.FLATTEN.flatten(FLATTEN.java:26)
	at java_programs.FLATTEN.flatten(FLATTEN.java:26)
	at java_programs.FLATTEN.flatten(FLATTEN.java:26)
	at java_programs.FLATTEN.flatten(FLATTEN.java:26)
	at java_programs.FLATTEN.flatten(FLATTEN.java:26)
	at java_programs.FLATTEN.flatten(FLATTEN.java:26)
	at java_programs.FLATTEN.flatten(FLATTEN.java:26)
	at java_programs.FLATTEN.flatten(FLATTEN.java:26)
	at java_programs.FLATTEN.flatten(FLATTEN.java:26)
	at java_programs.FLATTEN.flatten(FLATTEN.java:26)
	at java_programs.FLATTEN.flatten(FLATTEN.java:26)
	at java_programs.FLATTEN.flatten(FLATTEN.java:26)
	at java_programs.FLATTEN.flatten(FLATTEN.java:26)
	at java_programs.FLATTEN.flatten(FLATTEN.java:26)
	at java_programs.FLATTEN.flatten(FLATTEN.java:26)
	at java_programs.FLATTEN.flatten(FLATTEN.java:26)
	at java_programs.FLATTEN.flatten(FLATTEN.java:26)
	at java_programs.FLATTEN.flatten(FLATTEN.java:26)
	at java_programs.FLATTEN.flatten(FLATTEN.java:26)
	at java_programs.FLATTEN.flatten(FLATTEN.java:26)
	at java_programs.FLATTEN.flatten(FLATTEN.java:26)
	at java_programs.FLATTEN.flatten(FLATTEN.java:26)
	at java_programs.FLATTEN.flatten(FLATTEN.java:26)
	at java_programs.FLATTEN.flatten(FLATTEN.java:26)
	at java_programs.FLATTEN.flatten(FLATTEN.java:26)
	at java_programs.FLATTEN.flatten(FLATTEN.java:26)
	at java_programs.FLATTEN.flatten(FLATTEN.java:26)
	at java_programs.FLATTEN.flatten(FLATTEN.java:26)
	at java_programs.FLATTEN.flatten(FLATTEN.java:26)
	at java_programs.FLATTEN.flatten(FLATTEN.java:26)
	at java_programs.FLATTEN.flatten(FLATTEN.java:26)
	at java_programs.FLATTEN.flatten(FLATTEN.java:26)
	at java_programs.FLATTEN.flatten(FLATTEN.java:26)
	at java_programs.FLATTEN.flatten(FLATTEN.java:26)
	at java_programs.FLATTEN.flatten(FLATTEN.java:26)
	at java_programs.FLATTEN.flatten(FLATTEN.java:26)
	at java_programs.FLATTEN.flatten(FLATTEN.java:26)
	at java_programs.FLATTEN.flatten(FLATTEN.java:26)
	at java_programs.FLATTEN.flatten(FLATTEN.java:26)
	at java_programs.FLATTEN.flatten(FLATTEN.java:26)
	at java_programs.FLATTEN.flatten(FLATTEN.java:26)
	at java_programs.FLATTEN.flatten(FLATTEN.java:26)
	at java_programs.FLATTEN.flatten(FLATTEN.java:26)
	at java_programs.FLATTEN.flatten(FLATTEN.java:26)
	at java_programs.FLATTEN.flatten(FLATTEN.java:26)
	at java_programs.FLATTEN.flatten(FLATTEN.java:26)
	at java_programs.FLATTEN.flatten(FLATTEN.java:26)
	at java_programs.FLATTEN.flatten(FLATTEN.java:26)
	at java_programs.FLATTEN.flatten(FLATTEN.java:26)
	at java_programs.FLATTEN.flatten(FLATTEN.java:26)
	at java_programs.FLATTEN.flatten(FLATTEN.java:26)
	at java_programs.FLATTEN.flatten(FLATTEN.java:26)
	at java_programs.FLATTEN.flatten(FLATTEN.java:26)
	at java_programs.FLATTEN.flatten(FLATTEN.java:26)
	at java_programs.FLATTEN.flatten(FLATTEN.java:26)
	at java_programs.FLATTEN.flatten(FLATTEN.java:26)
	at java_programs.FLATTEN.flatten(FLATTEN.java:26)
	at java_programs.FLATTEN.flatten(FLATTEN.java:26)
	at java_programs.FLATTEN.flatten(FLATTEN.java:26)
	at java_programs.FLATTEN.flatten(FLATTEN.java:26)
	at java_programs.FLATTEN.flatten(FLATTEN.java:26)
	at java_programs.FLATTEN.flatten(FLATTEN.java:26)
	at java_programs.FLATTEN.flatten(FLATTEN.java:26)
	at java_programs.FLATTEN.flatten(FLATTEN.java:26)
	at java_programs.FLATTEN.flatten(FLATTEN.java:26)
	at java_programs.FLATTEN.flatten(FLATTEN.java:26)
	at java_programs.FLATTEN.flatten(FLATTEN.java:26)
	at java_programs.FLATTEN.flatten(FLATTEN.java:26)
	at java_programs.FLATTEN.flatten(FLATTEN.java:26)
	at java_programs.FLATTEN.flatten(FLATTEN.java:26)
	at java_programs.FLATTEN.flatten(FLATTEN.java:26)
	at java_programs.FLATTEN.flatten(FLATTEN.java:26)
	at java_programs.FLATTEN.flatten(FLATTEN.java:26)
	at java_programs.FLATTEN.flatten(FLATTEN.java:26)
	at java_programs.FLATTEN.flatten(FLATTEN.java:26)
	at java_programs.FLATTEN.flatten(FLATTEN.java:26)
	at java_programs.FLATTEN.flatten(FLATTEN.java:26)
	at java_programs.FLATTEN.flatten(FLATTEN.java:26)
	at java_programs.FLATTEN.flatten(FLATTEN.java:26)
	at java_programs.FLATTEN.flatten(FLATTEN.java:26)
	at java_programs.FLATTEN.flatten(FLATTEN.java:26)
	at java_programs.FLATTEN.flatten(FLATTEN.java:26)
	at java_programs.FLATTEN.flatten(FLATTEN.java:26)
	at java_programs.FLATTEN.flatten(FLATTEN.java:26)
	at java_programs.FLATTEN.flatten(FLATTEN.java:26)
	at java_programs.FLATTEN.flatten(FLATTEN.java:26)
	at java_programs.FLATTEN.flatten(FLATTEN.java:26)
	at java_programs.FLATTEN.flatten(FLATTEN.java:26)
	at java_programs.FLATTEN.flatten(FLATTEN.java:26)
	at java_programs.FLATTEN.flatten(FLATTEN.java:26)
	at java_programs.FLATTEN.flatten(FLATTEN.java:26)
	at java_programs.FLATTEN.flatten(FLATTEN.java:26)
	at java_programs.FLATTEN.flatten(FLATTEN.java:26)
	at java_programs.FLATTEN.flatten(FLATTEN.java:26)
	at java_programs.FLATTEN.flatten(FLATTEN.java:26)
	at java_programs.FLATTEN.flatten(FLATTEN.java:26)
	at java_programs.FLATTEN.flatten(FLATTEN.java:26)
	at java_programs.FLATTEN.flatten(FLATTEN.java:26)
	at java_programs.FLATTEN.flatten(FLATTEN.java:26)
	at java_programs.FLATTEN.flatten(FLATTEN.java:26)
	at java_programs.FLATTEN.flatten(FLATTEN.java:26)
	at java_programs.FLATTEN.flatten(FLATTEN.java:26)
	at java_programs.FLATTEN.flatten(FLATTEN.java:26)
	at java_programs.FLATTEN.flatten(FLATTEN.java:26)
	at java_programs.FLATTEN.flatten(FLATTEN.java:26)
	at java_programs.FLATTEN.flatten(FLATTEN.java:26)
	at java_programs.FLATTEN.flatten(FLATTEN.java:26)
	at java_programs.FLATTEN.flatten(FLATTEN.java:26)
	at java_programs.FLATTEN.flatten(FLATTEN.java:26)
	at java_programs.FLATTEN.flatten(FLATTEN.java:26)
	at java_programs.FLATTEN.flatten(FLATTEN.java:26)
	at java_programs.FLATTEN.flatten(FLATTEN.java:26)
	at java_programs.FLATTEN.flatten(FLATTEN.java:26)
	at java_programs.FLATTEN.flatten(FLATTEN.java:26)
	at java_programs.FLATTEN.flatten(FLATTEN.java:26)
	at java_programs.FLATTEN.flatten(FLATTEN.java:26)
	at java_programs.FLATTEN.flatten(FLATTEN.java:26)
	at java_programs.FLATTEN.flatten(FLATTEN.java:26)
	at java_programs.FLATTEN.flatten(FLATTEN.java:26)
	at java_programs.FLATTEN.flatten(FLATTEN.java:26)
	at java_programs.FLATTEN.flatten(FLATTEN.java:26)
	at java_programs.FLATTEN.flatten(FLATTEN.java:26)
	at java_programs.FLATTEN.flatten(FLATTEN.java:26)
	at java_programs.FLATTEN.flatten(FLATTEN.java:26)
	at java_programs.FLATTEN.flatten(FLATTEN.java:26)
	at java_programs.FLATTEN.flatten(FLATTEN.java:26)
	at java_programs.FLATTEN.flatten(FLATTEN.java:26)
	at java_programs.FLATTEN.flatten(FLATTEN.java:26)
	at java_programs.FLATTEN.flatten(FLATTEN.java:26)
	at java_programs.FLATTEN.flatten(FLATTEN.java:26)
	at java_programs.FLATTEN.flatten(FLATTEN.java:26)
	at java_programs.FLATTEN.flatten(FLATTEN.java:26)
	at java_programs.FLATTEN.flatten(FLATTEN.java:26)
	at java_programs.FLATTEN.flatten(FLATTEN.java:26)
	at java_programs.FLATTEN.flatten(FLATTEN.java:26)
	at java_programs.FLATTEN.flatten(FLATTEN.java:26)
	at java_programs.FLATTEN.flatten(FLATTEN.java:26)
	at java_programs.FLATTEN.flatten(FLATTEN.java:26)
	at java_programs.FLATTEN.flatten(FLATTEN.java:26)
	at java_programs.FLATTEN.flatten(FLATTEN.java:26)
	at java_programs.FLATTEN.flatten(FLATTEN.java:26)
	at java_programs.FLATTEN.flatten(FLATTEN.java:26)
	at java_programs.FLATTEN.flatten(FLATTEN.java:26)
	at java_programs.FLATTEN.flatten(FLATTEN.java:26)
	at java_programs.FLATTEN.flatten(FLATTEN.java:26)
	at java_programs.FLATTEN.flatten(FLATTEN.java:26)
	at java_programs.FLATTEN.flatten(FLATTEN.java:26)
	at java_programs.FLATTEN.flatten(FLATTEN.java:26)
	at java_programs.FLATTEN.flatten(FLATTEN.java:26)
	at java_programs.FLATTEN.flatten(FLATTEN.java:26)
	at java_programs.FLATTEN.flatten(FLATTEN.java:26)
	at java_programs.FLATTEN.flatten(FLATTEN.java:26)
	at java_programs.FLATTEN.flatten(FLATTEN.java:26)
	at java_programs.FLATTEN.flatten(FLATTEN.java:26)
	at java_programs.FLATTEN.flatten(FLATTEN.java:26)
	at java_programs.FLATTEN.flatten(FLATTEN.java:26)
	at java_programs.FLATTEN.flatten(FLATTEN.java:26)
	at java_programs.FLATTEN.flatten(FLATTEN.java:26)
	at java_programs.FLATTEN.flatten(FLATTEN.java:26)
	at java_programs.FLATTEN.flatten(FLATTEN.java:26)
	at java_programs.FLATTEN.flatten(FLATTEN.java:26)
	at java_programs.FLATTEN.flatten(FLATTEN.java:26)
	at java_programs.FLATTEN.flatten(FLATTEN.java:26)
	at java_programs.FLATTEN.flatten(FLATTEN.java:26)
	at java_programs.FLATTEN.flatten(FLATTEN.java:26)
	at java_programs.FLATTEN.flatten(FLATTEN.java:26)
	at java_programs.FLATTEN.flatten(FLATTEN.java:26)
	at java_programs.FLATTEN.flatten(FLATTEN.java:26)
	at java_programs.FLATTEN.flatten(FLATTEN.java:26)
	at java_programs.FLATTEN.flatten(FLATTEN.java:26)
	at java_programs.FLATTEN.flatten(FLATTEN.java:26)
	at java_programs.FLATTEN.flatten(FLATTEN.java:26)
	at java_programs.FLATTEN.flatten(FLATTEN.java:26)
	at java_programs.FLATTEN.flatten(FLATTEN.java:26)
	at java_programs.FLATTEN.flatten(FLATTEN.java:26)
	at java_programs.FLATTEN.flatten(FLATTEN.java:26)
	at java_programs.FLATTEN.flatten(FLATTEN.java:26)
	at java_programs.FLATTEN.flatten(FLATTEN.java:26)
	at java_programs.FLATTEN.flatten(FLATTEN.java:26)
	at java_programs.FLATTEN.flatten(FLATTEN.java:26)
	at java_programs.FLATTEN.flatten(FLATTEN.java:26)
	at java_programs.FLATTEN.flatten(FLATTEN.java:26)
	at java_programs.FLATTEN.flatten(FLATTEN.java:26)
	at java_programs.FLATTEN.flatten(FLATTEN.java:26)
	at java_programs.FLATTEN.flatten(FLATTEN.java:26)
	at java_programs.FLATTEN.flatten(FLATTEN.java:26)
	at java_programs.FLATTEN.flatten(FLATTEN.java:26)
	at java_programs.FLATTEN.flatten(FLATTEN.java:26)
	at java_programs.FLATTEN.flatten(FLATTEN.java:26)
	at java_programs.FLATTEN.flatten(FLATTEN.java:26)
	at java_programs.FLATTEN.flatten(FLATTEN.java:26)
	at java_programs.FLATTEN.flatten(FLATTEN.java:26)
	at java_programs.FLATTEN.flatten(FLATTEN.java:26)
	at java_programs.FLATTEN.flatten(FLATTEN.java:26)
	at java_programs.FLATTEN.flatten(FLATTEN.java:26)
	at java_programs.FLATTEN.flatten(FLATTEN.java:26)
	at java_programs.FLATTEN.flatten(FLATTEN.java:26)
	at java_programs.FLATTEN.flatten(FLATTEN.java:26)
	at java_programs.FLATTEN.flatten(FLATTEN.java:26)
	at java_programs.FLATTEN.flatten(FLATTEN.java:26)
	at java_programs.FLATTEN.flatten(FLATTEN.java:26)
	at java_programs.FLATTEN.flatten(FLATTEN.java:26)
	at java_programs.FLATTEN.flatten(FLATTEN.java:26)
	at java_programs.FLATTEN.flatten(FLATTEN.java:26)
	at java_programs.FLATTEN.flatten(FLATTEN.java:26)
	at java_programs.FLATTEN.flatten(FLATTEN.java:26)
	at java_programs.FLATTEN.flatten(FLATTEN.java:26)
	at java_programs.FLATTEN.flatten(FLATTEN.java:26)
	at java_programs.FLATTEN.flatten(FLATTEN.java:26)
	at java_programs.FLATTEN.flatten(FLATTEN.java:26)
	at java_programs.FLATTEN.flatten(FLATTEN.java:26)
	at java_programs.FLATTEN.flatten(FLATTEN.java:26)
	at java_programs.FLATTEN.flatten(FLATTEN.java:26)
	at java_programs.FLATTEN.flatten(FLATTEN.java:26)
	at java_programs.FLATTEN.flatten(FLATTEN.java:26)
	at java_programs.FLATTEN.flatten(FLATTEN.java:26)
	at java_programs.FLATTEN.flatten(FLATTEN.java:26)
	at java_programs.FLATTEN.flatten(FLATTEN.java:26)
	at java_programs.FLATTEN.flatten(FLATTEN.java:26)
	at java_programs.FLATTEN.flatten(FLATTEN.java:26)
	at java_programs.FLATTEN.flatten(FLATTEN.java:26)
	at java_programs.FLATTEN.flatten(FLATTEN.java:26)
	at java_programs.FLATTEN.flatten(FLATTEN.java:26)
	at java_programs.FLATTEN.flatten(FLATTEN.java:26)
	at java_programs.FLATTEN.flatten(FLATTEN.java:26)
	at java_programs.FLATTEN.flatten(FLATTEN.java:26)
	at java_programs.FLATTEN.flatten(FLATTEN.java:26)
	at java_programs.FLATTEN.flatten(FLATTEN.java:26)
	at java_programs.FLATTEN.flatten(FLATTEN.java:26)
	at java_programs.FLATTEN.flatten(FLATTEN.java:26)
	at java_programs.FLATTEN.flatten(FLATTEN.java:26)
	at java_programs.FLATTEN.flatten(FLATTEN.java:26)
	at java_programs.FLATTEN.flatten(FLATTEN.java:26)
	at java_programs.FLATTEN.flatten(FLATTEN.java:26)
	at java_programs.FLATTEN.flatten(FLATTEN.java:26)
	at java_programs.FLATTEN.flatten(FLATTEN.java:26)
	at java_programs.FLATTEN.flatten(FLATTEN.java:26)
	at java_programs.FLATTEN.flatten(FLATTEN.java:26)
	at java_programs.FLATTEN.flatten(FLATTEN.java:26)
	at java_programs.FLATTEN.flatten(FLATTEN.java:26)
	at java_programs.FLATTEN.flatten(FLATTEN.java:26)
	at java_programs.FLATTEN.flatten(FLATTEN.java:26)
	at java_programs.FLATTEN.flatten(FLATTEN.java:26)
	at java_programs.FLATTEN.flatten(FLATTEN.java:26)
	at java_programs.FLATTEN.flatten(FLATTEN.java:26)
	at java_programs.FLATTEN.flatten(FLATTEN.java:26)
	at java_programs.FLATTEN.flatten(FLATTEN.java:26)
	at java_programs.FLATTEN.flatten(FLATTEN.java:26)
	at java_programs.FLATTEN.flatten(FLATTEN.java:26)
	at java_programs.FLATTEN.flatten(FLATTEN.java:26)
	at java_programs.FLATTEN.flatten(FLATTEN.java:26)
	at java_programs.FLATTEN.flatten(FLATTEN.java:26)
	at java_programs.FLATTEN.flatten(FLATTEN.java:26)
	at java_programs.FLATTEN.flatten(FLATTEN.java:26)
	at java_programs.FLATTEN.flatten(FLATTEN.java:26)
	at java_programs.FLATTEN.flatten(FLATTEN.java:26)
	at java_programs.FLATTEN.flatten(FLATTEN.java:26)
	at java_programs.FLATTEN.flatten(FLATTEN.java:26)
</failure>
  </testcase>
  <testcase name="test_3" classname="java_testcases.junit.FLATTEN_TEST" time="0.126">
    <failure message="java.lang.StackOverflowError" type="java.lang.StackOverflowError">java.lang.StackOverflowError
	at java_programs.FLATTEN.flatten(FLATTEN.java:26)
	at java_programs.FLATTEN.flatten(FLATTEN.java:26)
	at java_programs.FLATTEN.flatten(FLATTEN.java:26)
	at java_programs.FLATTEN.flatten(FLATTEN.java:26)
	at java_programs.FLATTEN.flatten(FLATTEN.java:26)
	at java_programs.FLATTEN.flatten(FLATTEN.java:26)
	at java_programs.FLATTEN.flatten(FLATTEN.java:26)
	at java_programs.FLATTEN.flatten(FLATTEN.java:26)
	at java_programs.FLATTEN.flatten(FLATTEN.java:26)
	at java_programs.FLATTEN.flatten(FLATTEN.java:26)
	at java_programs.FLATTEN.flatten(FLATTEN.java:26)
	at java_programs.FLATTEN.flatten(FLATTEN.java:26)
	at java_programs.FLATTEN.flatten(FLATTEN.java:26)
	at java_programs.FLATTEN.flatten(FLATTEN.java:26)
	at java_programs.FLATTEN.flatten(FLATTEN.java:26)
	at java_programs.FLATTEN.flatten(FLATTEN.java:26)
	at java_programs.FLATTEN.flatten(FLATTEN.java:26)
	at java_programs.FLATTEN.flatten(FLATTEN.java:26)
	at java_programs.FLATTEN.flatten(FLATTEN.java:26)
	at java_programs.FLATTEN.flatten(FLATTEN.java:26)
	at java_programs.FLATTEN.flatten(FLATTEN.java:26)
	at java_programs.FLATTEN.flatten(FLATTEN.java:26)
	at java_programs.FLATTEN.flatten(FLATTEN.java:26)
	at java_programs.FLATTEN.flatten(FLATTEN.java:26)
	at java_programs.FLATTEN.flatten(FLATTEN.java:26)
	at java_programs.FLATTEN.flatten(FLATTEN.java:26)
	at java_programs.FLATTEN.flatten(FLATTEN.java:26)
	at java_programs.FLATTEN.flatten(FLATTEN.java:26)
	at java_programs.FLATTEN.flatten(FLATTEN.java:26)
	at java_programs.FLATTEN.flatten(FLATTEN.java:26)
	at java_programs.FLATTEN.flatten(FLATTEN.java:26)
	at java_programs.FLATTEN.flatten(FLATTEN.java:26)
	at java_programs.FLATTEN.flatten(FLATTEN.java:26)
	at java_programs.FLATTEN.flatten(FLATTEN.java:26)
	at java_programs.FLATTEN.flatten(FLATTEN.java:26)
	at java_programs.FLATTEN.flatten(FLATTEN.java:26)
	at java_programs.FLATTEN.flatten(FLATTEN.java:26)
	at java_programs.FLATTEN.flatten(FLATTEN.java:26)
	at java_programs.FLATTEN.flatten(FLATTEN.java:26)
	at java_programs.FLATTEN.flatten(FLATTEN.java:26)
	at java_programs.FLATTEN.flatten(FLATTEN.java:26)
	at java_programs.FLATTEN.flatten(FLATTEN.java:26)
	at java_programs.FLATTEN.flatten(FLATTEN.java:26)
	at java_programs.FLATTEN.flatten(FLATTEN.java:26)
	at java_programs.FLATTEN.flatten(FLATTEN.java:26)
	at java_programs.FLATTEN.flatten(FLATTEN.java:26)
	at java_programs.FLATTEN.flatten(FLATTEN.java:26)
	at java_programs.FLATTEN.flatten(FLATTEN.java:26)
	at java_programs.FLATTEN.flatten(FLATTEN.java:26)
	at java_programs.FLATTEN.flatten(FLATTEN.java:26)
	at java_programs.FLATTEN.flatten(FLATTEN.java:26)
	at java_programs.FLATTEN.flatten(FLATTEN.java:26)
	at java_programs.FLATTEN.flatten(FLATTEN.java:26)
	at java_programs.FLATTEN.flatten(FLATTEN.java:26)
	at java_programs.FLATTEN.flatten(FLATTEN.java:26)
	at java_programs.FLATTEN.flatten(FLATTEN.java:26)
	at java_programs.FLATTEN.flatten(FLATTEN.java:26)
	at java_programs.FLATTEN.flatten(FLATTEN.java:26)
	at java_programs.FLATTEN.flatten(FLATTEN.java:26)
	at java_programs.FLATTEN.flatten(FLATTEN.java:26)
	at java_programs.FLATTEN.flatten(FLATTEN.java:26)
	at java_programs.FLATTEN.flatten(FLATTEN.java:26)
	at java_programs.FLATTEN.flatten(FLATTEN.java:26)
	at java_programs.FLATTEN.flatten(FLATTEN.java:26)
	at java_programs.FLATTEN.flatten(FLATTEN.java:26)
	at java_programs.FLATTEN.flatten(FLATTEN.java:26)
	at java_programs.FLATTEN.flatten(FLATTEN.java:26)
	at java_programs.FLATTEN.flatten(FLATTEN.java:26)
	at java_programs.FLATTEN.flatten(FLATTEN.java:26)
	at java_programs.FLATTEN.flatten(FLATTEN.java:26)
	at java_programs.FLATTEN.flatten(FLATTEN.java:26)
	at java_programs.FLATTEN.flatten(FLATTEN.java:26)
	at java_programs.FLATTEN.flatten(FLATTEN.java:26)
	at java_programs.FLATTEN.flatten(FLATTEN.java:26)
	at java_programs.FLATTEN.flatten(FLATTEN.java:26)
	at java_programs.FLATTEN.flatten(FLATTEN.java:26)
	at java_programs.FLATTEN.flatten(FLATTEN.java:26)
	at java_programs.FLATTEN.flatten(FLATTEN.java:26)
	at java_programs.FLATTEN.flatten(FLATTEN.java:26)
	at java_programs.FLATTEN.flatten(FLATTEN.java:26)
	at java_programs.FLATTEN.flatten(FLATTEN.java:26)
	at java_programs.FLATTEN.flatten(FLATTEN.java:26)
	at java_programs.FLATTEN.flatten(FLATTEN.java:26)
	at java_programs.FLATTEN.flatten(FLATTEN.java:26)
	at java_programs.FLATTEN.flatten(FLATTEN.java:26)
	at java_programs.FLATTEN.flatten(FLATTEN.java:26)
	at java_programs.FLATTEN.flatten(FLATTEN.java:26)
	at java_programs.FLATTEN.flatten(FLATTEN.java:26)
	at java_programs.FLATTEN.flatten(FLATTEN.java:26)
	at java_programs.FLATTEN.flatten(FLATTEN.java:26)
	at java_programs.FLATTEN.flatten(FLATTEN.java:26)
	at java_programs.FLATTEN.flatten(FLATTEN.java:26)
	at java_programs.FLATTEN.flatten(FLATTEN.java:26)
	at java_programs.FLATTEN.flatten(FLATTEN.java:26)
	at java_programs.FLATTEN.flatten(FLATTEN.java:26)
	at java_programs.FLATTEN.flatten(FLATTEN.java:26)
	at java_programs.FLATTEN.flatten(FLATTEN.java:26)
	at java_programs.FLATTEN.flatten(FLATTEN.java:26)
	at java_programs.FLATTEN.flatten(FLATTEN.java:26)
	at java_programs.FLATTEN.flatten(FLATTEN.java:26)
	at java_programs.FLATTEN.flatten(FLATTEN.java:26)
	at java_programs.FLATTEN.flatten(FLATTEN.java:26)
	at java_programs.FLATTEN.flatten(FLATTEN.java:26)
	at java_programs.FLATTEN.flatten(FLATTEN.java:26)
	at java_programs.FLATTEN.flatten(FLATTEN.java:26)
	at java_programs.FLATTEN.flatten(FLATTEN.java:26)
	at java_programs.FLATTEN.flatten(FLATTEN.java:26)
	at java_programs.FLATTEN.flatten(FLATTEN.java:26)
	at java_programs.FLATTEN.flatten(FLATTEN.java:26)
	at java_programs.FLATTEN.flatten(FLATTEN.java:26)
	at java_programs.FLATTEN.flatten(FLATTEN.java:26)
	at java_programs.FLATTEN.flatten(FLATTEN.java:26)
	at java_programs.FLATTEN.flatten(FLATTEN.java:26)
	at java_programs.FLATTEN.flatten(FLATTEN.java:26)
	at java_programs.FLATTEN.flatten(FLATTEN.java:26)
	at java_programs.FLATTEN.flatten(FLATTEN.java:26)
	at java_programs.FLATTEN.flatten(FLATTEN.java:26)
	at java_programs.FLATTEN.flatten(FLATTEN.java:26)
	at java_programs.FLATTEN.flatten(FLATTEN.java:26)
	at java_programs.FLATTEN.flatten(FLATTEN.java:26)
	at java_programs.FLATTEN.flatten(FLATTEN.java:26)
	at java_programs.FLATTEN.flatten(FLATTEN.java:26)
	at java_programs.FLATTEN.flatten(FLATTEN.java:26)
	at java_programs.FLATTEN.flatten(FLATTEN.java:26)
	at java_programs.FLATTEN.flatten(FLATTEN.java:26)
	at java_programs.FLATTEN.flatten(FLATTEN.java:26)
	at java_programs.FLATTEN.flatten(FLATTEN.java:26)
	at java_programs.FLATTEN.flatten(FLATTEN.java:26)
	at java_programs.FLATTEN.flatten(FLATTEN.java:26)
	at java_programs.FLATTEN.flatten(FLATTEN.java:26)
	at java_programs.FLATTEN.flatten(FLATTEN.java:26)
	at java_programs.FLATTEN.flatten(FLATTEN.java:26)
	at java_programs.FLATTEN.flatten(FLATTEN.java:26)
	at java_programs.FLATTEN.flatten(FLATTEN.java:26)
	at java_programs.FLATTEN.flatten(FLATTEN.java:26)
	at java_programs.FLATTEN.flatten(FLATTEN.java:26)
	at java_programs.FLATTEN.flatten(FLATTEN.java:26)
	at java_programs.FLATTEN.flatten(FLATTEN.java:26)
	at java_programs.FLATTEN.flatten(FLATTEN.java:26)
	at java_programs.FLATTEN.flatten(FLATTEN.java:26)
	at java_programs.FLATTEN.flatten(FLATTEN.java:26)
	at java_programs.FLATTEN.flatten(FLATTEN.java:26)
	at java_programs.FLATTEN.flatten(FLATTEN.java:26)
	at java_programs.FLATTEN.flatten(FLATTEN.java:26)
	at java_programs.FLATTEN.flatten(FLATTEN.java:26)
	at java_programs.FLATTEN.flatten(FLATTEN.java:26)
	at java_programs.FLATTEN.flatten(FLATTEN.java:26)
	at java_programs.FLATTEN.flatten(FLATTEN.java:26)
	at java_programs.FLATTEN.flatten(FLATTEN.java:26)
	at java_programs.FLATTEN.flatten(FLATTEN.java:26)
	at java_programs.FLATTEN.flatten(FLATTEN.java:26)
	at java_programs.FLATTEN.flatten(FLATTEN.java:26)
	at java_programs.FLATTEN.flatten(FLATTEN.java:26)
	at java_programs.FLATTEN.flatten(FLATTEN.java:26)
	at java_programs.FLATTEN.flatten(FLATTEN.java:26)
	at java_programs.FLATTEN.flatten(FLATTEN.java:26)
	at java_programs.FLATTEN.flatten(FLATTEN.java:26)
	at java_programs.FLATTEN.flatten(FLATTEN.java:26)
	at java_programs.FLATTEN.flatten(FLATTEN.java:26)
	at java_programs.FLATTEN.flatten(FLATTEN.java:26)
	at java_programs.FLATTEN.flatten(FLATTEN.java:26)
	at java_programs.FLATTEN.flatten(FLATTEN.java:26)
	at java_programs.FLATTEN.flatten(FLATTEN.java:26)
	at java_programs.FLATTEN.flatten(FLATTEN.java:26)
	at java_programs.FLATTEN.flatten(FLATTEN.java:26)
	at java_programs.FLATTEN.flatten(FLATTEN.java:26)
	at java_programs.FLATTEN.flatten(FLATTEN.java:26)
	at java_programs.FLATTEN.flatten(FLATTEN.java:26)
	at java_programs.FLATTEN.flatten(FLATTEN.java:26)
	at java_programs.FLATTEN.flatten(FLATTEN.java:26)
	at java_programs.FLATTEN.flatten(FLATTEN.java:26)
	at java_programs.FLATTEN.flatten(FLATTEN.java:26)
	at java_programs.FLATTEN.flatten(FLATTEN.java:26)
	at java_programs.FLATTEN.flatten(FLATTEN.java:26)
	at java_programs.FLATTEN.flatten(FLATTEN.java:26)
	at java_programs.FLATTEN.flatten(FLATTEN.java:26)
	at java_programs.FLATTEN.flatten(FLATTEN.java:26)
	at java_programs.FLATTEN.flatten(FLATTEN.java:26)
	at java_programs.FLATTEN.flatten(FLATTEN.java:26)
	at java_programs.FLATTEN.flatten(FLATTEN.java:26)
	at java_programs.FLATTEN.flatten(FLATTEN.java:26)
	at java_programs.FLATTEN.flatten(FLATTEN.java:26)
	at java_programs.FLATTEN.flatten(FLATTEN.java:26)
	at java_programs.FLATTEN.flatten(FLATTEN.java:26)
	at java_programs.FLATTEN.flatten(FLATTEN.java:26)
	at java_programs.FLATTEN.flatten(FLATTEN.java:26)
	at java_programs.FLATTEN.flatten(FLATTEN.java:26)
	at java_programs.FLATTEN.flatten(FLATTEN.java:26)
	at java_programs.FLATTEN.flatten(FLATTEN.java:26)
	at java_programs.FLATTEN.flatten(FLATTEN.java:26)
	at java_programs.FLATTEN.flatten(FLATTEN.java:26)
	at java_programs.FLATTEN.flatten(FLATTEN.java:26)
	at java_programs.FLATTEN.flatten(FLATTEN.java:26)
	at java_programs.FLATTEN.flatten(FLATTEN.java:26)
	at java_programs.FLATTEN.flatten(FLATTEN.java:26)
	at java_programs.FLATTEN.flatten(FLATTEN.java:26)
	at java_programs.FLATTEN.flatten(FLATTEN.java:26)
	at java_programs.FLATTEN.flatten(FLATTEN.java:26)
	at java_programs.FLATTEN.flatten(FLATTEN.java:26)
	at java_programs.FLATTEN.flatten(FLATTEN.java:26)
	at java_programs.FLATTEN.flatten(FLATTEN.java:26)
	at java_programs.FLATTEN.flatten(FLATTEN.java:26)
	at java_programs.FLATTEN.flatten(FLATTEN.java:26)
	at java_programs.FLATTEN.flatten(FLATTEN.java:26)
	at java_programs.FLATTEN.flatten(FLATTEN.java:26)
	at java_programs.FLATTEN.flatten(FLATTEN.java:26)
	at java_programs.FLATTEN.flatten(FLATTEN.java:26)
	at java_programs.FLATTEN.flatten(FLATTEN.java:26)
	at java_programs.FLATTEN.flatten(FLATTEN.java:26)
	at java_programs.FLATTEN.flatten(FLATTEN.java:26)
	at java_programs.FLATTEN.flatten(FLATTEN.java:26)
	at java_programs.FLATTEN.flatten(FLATTEN.java:26)
	at java_programs.FLATTEN.flatten(FLATTEN.java:26)
	at java_programs.FLATTEN.flatten(FLATTEN.java:26)
	at java_programs.FLATTEN.flatten(FLATTEN.java:26)
	at java_programs.FLATTEN.flatten(FLATTEN.java:26)
	at java_programs.FLATTEN.flatten(FLATTEN.java:26)
	at java_programs.FLATTEN.flatten(FLATTEN.java:26)
	at java_programs.FLATTEN.flatten(FLATTEN.java:26)
	at java_programs.FLATTEN.flatten(FLATTEN.java:26)
	at java_programs.FLATTEN.flatten(FLATTEN.java:26)
	at java_programs.FLATTEN.flatten(FLATTEN.java:26)
	at java_programs.FLATTEN.flatten(FLATTEN.java:26)
	at java_programs.FLATTEN.flatten(FLATTEN.java:26)
	at java_programs.FLATTEN.flatten(FLATTEN.java:26)
	at java_programs.FLATTEN.flatten(FLATTEN.java:26)
	at java_programs.FLATTEN.flatten(FLATTEN.java:26)
	at java_programs.FLATTEN.flatten(FLATTEN.java:26)
	at java_programs.FLATTEN.flatten(FLATTEN.java:26)
	at java_programs.FLATTEN.flatten(FLATTEN.java:26)
	at java_programs.FLATTEN.flatten(FLATTEN.java:26)
	at java_programs.FLATTEN.flatten(FLATTEN.java:26)
	at java_programs.FLATTEN.flatten(FLATTEN.java:26)
	at java_programs.FLATTEN.flatten(FLATTEN.java:26)
	at java_programs.FLATTEN.flatten(FLATTEN.java:26)
	at java_programs.FLATTEN.flatten(FLATTEN.java:26)
	at java_programs.FLATTEN.flatten(FLATTEN.java:26)
	at java_programs.FLATTEN.flatten(FLATTEN.java:26)
	at java_programs.FLATTEN.flatten(FLATTEN.java:26)
	at java_programs.FLATTEN.flatten(FLATTEN.java:26)
	at java_programs.FLATTEN.flatten(FLATTEN.java:26)
	at java_programs.FLATTEN.flatten(FLATTEN.java:26)
	at java_programs.FLATTEN.flatten(FLATTEN.java:26)
	at java_programs.FLATTEN.flatten(FLATTEN.java:26)
	at java_programs.FLATTEN.flatten(FLATTEN.java:26)
	at java_programs.FLATTEN.flatten(FLATTEN.java:26)
	at java_programs.FLATTEN.flatten(FLATTEN.java:26)
	at java_programs.FLATTEN.flatten(FLATTEN.java:26)
	at java_programs.FLATTEN.flatten(FLATTEN.java:26)
	at java_programs.FLATTEN.flatten(FLATTEN.java:26)
	at java_programs.FLATTEN.flatten(FLATTEN.java:26)
	at java_programs.FLATTEN.flatten(FLATTEN.java:26)
	at java_programs.FLATTEN.flatten(FLATTEN.java:26)
	at java_programs.FLATTEN.flatten(FLATTEN.java:26)
	at java_programs.FLATTEN.flatten(FLATTEN.java:26)
	at java_programs.FLATTEN.flatten(FLATTEN.java:26)
	at java_programs.FLATTEN.flatten(FLATTEN.java:26)
	at java_programs.FLATTEN.flatten(FLATTEN.java:26)
	at java_programs.FLATTEN.flatten(FLATTEN.java:26)
	at java_programs.FLATTEN.flatten(FLATTEN.java:26)
	at java_programs.FLATTEN.flatten(FLATTEN.java:26)
	at java_programs.FLATTEN.flatten(FLATTEN.java:26)
	at java_programs.FLATTEN.flatten(FLATTEN.java:26)
	at java_programs.FLATTEN.flatten(FLATTEN.java:26)
	at java_programs.FLATTEN.flatten(FLATTEN.java:26)
	at java_programs.FLATTEN.flatten(FLATTEN.java:26)
	at java_programs.FLATTEN.flatten(FLATTEN.java:26)
	at java_programs.FLATTEN.flatten(FLATTEN.java:26)
	at java_programs.FLATTEN.flatten(FLATTEN.java:26)
	at java_programs.FLATTEN.flatten(FLATTEN.java:26)
	at java_programs.FLATTEN.flatten(FLATTEN.java:26)
	at java_programs.FLATTEN.flatten(FLATTEN.java:26)
	at java_programs.FLATTEN.flatten(FLATTEN.java:26)
	at java_programs.FLATTEN.flatten(FLATTEN.java:26)
	at java_programs.FLATTEN.flatten(FLATTEN.java:26)
	at java_programs.FLATTEN.flatten(FLATTEN.java:26)
	at java_programs.FLATTEN.flatten(FLATTEN.java:26)
	at java_programs.FLATTEN.flatten(FLATTEN.java:26)
	at java_programs.FLATTEN.flatten(FLATTEN.java:26)
	at java_programs.FLATTEN.flatten(FLATTEN.java:26)
	at java_programs.FLATTEN.flatten(FLATTEN.java:26)
	at java_programs.FLATTEN.flatten(FLATTEN.java:26)
	at java_programs.FLATTEN.flatten(FLATTEN.java:26)
	at java_programs.FLATTEN.flatten(FLATTEN.java:26)
	at java_programs.FLATTEN.flatten(FLATTEN.java:26)
	at java_programs.FLATTEN.flatten(FLATTEN.java:26)
	at java_programs.FLATTEN.flatten(FLATTEN.java:26)
	at java_programs.FLATTEN.flatten(FLATTEN.java:26)
	at java_programs.FLATTEN.flatten(FLATTEN.java:26)
	at java_programs.FLATTEN.flatten(FLATTEN.java:26)
	at java_programs.FLATTEN.flatten(FLATTEN.java:26)
	at java_programs.FLATTEN.flatten(FLATTEN.java:26)
	at java_programs.FLATTEN.flatten(FLATTEN.java:26)
	at java_programs.FLATTEN.flatten(FLATTEN.java:26)
	at java_programs.FLATTEN.flatten(FLATTEN.java:26)
	at java_programs.FLATTEN.flatten(FLATTEN.java:26)
	at java_programs.FLATTEN.flatten(FLATTEN.java:26)
	at java_programs.FLATTEN.flatten(FLATTEN.java:26)
	at java_programs.FLATTEN.flatten(FLATTEN.java:26)
	at java_programs.FLATTEN.flatten(FLATTEN.java:26)
	at java_programs.FLATTEN.flatten(FLATTEN.java:26)
	at java_programs.FLATTEN.flatten(FLATTEN.java:26)
	at java_programs.FLATTEN.flatten(FLATTEN.java:26)
	at java_programs.FLATTEN.flatten(FLATTEN.java:26)
	at java_programs.FLATTEN.flatten(FLATTEN.java:26)
	at java_programs.FLATTEN.flatten(FLATTEN.java:26)
	at java_programs.FLATTEN.flatten(FLATTEN.java:26)
	at java_programs.FLATTEN.flatten(FLATTEN.java:26)
	at java_programs.FLATTEN.flatten(FLATTEN.java:26)
	at java_programs.FLATTEN.flatten(FLATTEN.java:26)
	at java_programs.FLATTEN.flatten(FLATTEN.java:26)
	at java_programs.FLATTEN.flatten(FLATTEN.java:26)
	at java_programs.FLATTEN.flatten(FLATTEN.java:26)
	at java_programs.FLATTEN.flatten(FLATTEN.java:26)
	at java_programs.FLATTEN.flatten(FLATTEN.java:26)
	at java_programs.FLATTEN.flatten(FLATTEN.java:26)
	at java_programs.FLATTEN.flatten(FLATTEN.java:26)
	at java_programs.FLATTEN.flatten(FLATTEN.java:26)
	at java_programs.FLATTEN.flatten(FLATTEN.java:26)
	at java_programs.FLATTEN.flatten(FLATTEN.java:26)
	at java_programs.FLATTEN.flatten(FLATTEN.java:26)
	at java_programs.FLATTEN.flatten(FLATTEN.java:26)
	at java_programs.FLATTEN.flatten(FLATTEN.java:26)
	at java_programs.FLATTEN.flatten(FLATTEN.java:26)
	at java_programs.FLATTEN.flatten(FLATTEN.java:26)
	at java_programs.FLATTEN.flatten(FLATTEN.java:26)
	at java_programs.FLATTEN.flatten(FLATTEN.java:26)
	at java_programs.FLATTEN.flatten(FLATTEN.java:26)
	at java_programs.FLATTEN.flatten(FLATTEN.java:26)
	at java_programs.FLATTEN.flatten(FLATTEN.java:26)
	at java_programs.FLATTEN.flatten(FLATTEN.java:26)
	at java_programs.FLATTEN.flatten(FLATTEN.java:26)
	at java_programs.FLATTEN.flatten(FLATTEN.java:26)
	at java_programs.FLATTEN.flatten(FLATTEN.java:26)
	at java_programs.FLATTEN.flatten(FLATTEN.java:26)
	at java_programs.FLATTEN.flatten(FLATTEN.java:26)
	at java_programs.FLATTEN.flatten(FLATTEN.java:26)
	at java_programs.FLATTEN.flatten(FLATTEN.java:26)
	at java_programs.FLATTEN.flatten(FLATTEN.java:26)
	at java_programs.FLATTEN.flatten(FLATTEN.java:26)
	at java_programs.FLATTEN.flatten(FLATTEN.java:26)
	at java_programs.FLATTEN.flatten(FLATTEN.java:26)
	at java_programs.FLATTEN.flatten(FLATTEN.java:26)
	at java_programs.FLATTEN.flatten(FLATTEN.java:26)
	at java_programs.FLATTEN.flatten(FLATTEN.java:26)
	at java_programs.FLATTEN.flatten(FLATTEN.java:26)
	at java_programs.FLATTEN.flatten(FLATTEN.java:26)
	at java_programs.FLATTEN.flatten(FLATTEN.java:26)
	at java_programs.FLATTEN.flatten(FLATTEN.java:26)
	at java_programs.FLATTEN.flatten(FLATTEN.java:26)
	at java_programs.FLATTEN.flatten(FLATTEN.java:26)
	at java_programs.FLATTEN.flatten(FLATTEN.java:26)
	at java_programs.FLATTEN.flatten(FLATTEN.java:26)
	at java_programs.FLATTEN.flatten(FLATTEN.java:26)
	at java_programs.FLATTEN.flatten(FLATTEN.java:26)
	at java_programs.FLATTEN.flatten(FLATTEN.java:26)
	at java_programs.FLATTEN.flatten(FLATTEN.java:26)
	at java_programs.FLATTEN.flatten(FLATTEN.java:26)
	at java_programs.FLATTEN.flatten(FLATTEN.java:26)
	at java_programs.FLATTEN.flatten(FLATTEN.java:26)
	at java_programs.FLATTEN.flatten(FLATTEN.java:26)
	at java_programs.FLATTEN.flatten(FLATTEN.java:26)
	at java_programs.FLATTEN.flatten(FLATTEN.java:26)
	at java_programs.FLATTEN.flatten(FLATTEN.java:26)
	at java_programs.FLATTEN.flatten(FLATTEN.java:26)
	at java_programs.FLATTEN.flatten(FLATTEN.java:26)
	at java_programs.FLATTEN.flatten(FLATTEN.java:26)
	at java_programs.FLATTEN.flatten(FLATTEN.java:26)
	at java_programs.FLATTEN.flatten(FLATTEN.java:26)
	at java_programs.FLATTEN.flatten(FLATTEN.java:26)
	at java_programs.FLATTEN.flatten(FLATTEN.java:26)
	at java_programs.FLATTEN.flatten(FLATTEN.java:26)
	at java_programs.FLATTEN.flatten(FLATTEN.java:26)
	at java_programs.FLATTEN.flatten(FLATTEN.java:26)
	at java_programs.FLATTEN.flatten(FLATTEN.java:26)
	at java_programs.FLATTEN.flatten(FLATTEN.java:26)
	at java_programs.FLATTEN.flatten(FLATTEN.java:26)
	at java_programs.FLATTEN.flatten(FLATTEN.java:26)
	at java_programs.FLATTEN.flatten(FLATTEN.java:26)
	at java_programs.FLATTEN.flatten(FLATTEN.java:26)
	at java_programs.FLATTEN.flatten(FLATTEN.java:26)
	at java_programs.FLATTEN.flatten(FLATTEN.java:26)
	at java_programs.FLATTEN.flatten(FLATTEN.java:26)
	at java_programs.FLATTEN.flatten(FLATTEN.java:26)
	at java_programs.FLATTEN.flatten(FLATTEN.java:26)
	at java_programs.FLATTEN.flatten(FLATTEN.java:26)
	at java_programs.FLATTEN.flatten(FLATTEN.java:26)
	at java_programs.FLATTEN.flatten(FLATTEN.java:26)
	at java_programs.FLATTEN.flatten(FLATTEN.java:26)
	at java_programs.FLATTEN.flatten(FLATTEN.java:26)
	at java_programs.FLATTEN.flatten(FLATTEN.java:26)
	at java_programs.FLATTEN.flatten(FLATTEN.java:26)
	at java_programs.FLATTEN.flatten(FLATTEN.java:26)
	at java_programs.FLATTEN.flatten(FLATTEN.java:26)
	at java_programs.FLATTEN.flatten(FLATTEN.java:26)
	at java_programs.FLATTEN.flatten(FLATTEN.java:26)
	at java_programs.FLATTEN.flatten(FLATTEN.java:26)
	at java_programs.FLATTEN.flatten(FLATTEN.java:26)
	at java_programs.FLATTEN.flatten(FLATTEN.java:26)
	at java_programs.FLATTEN.flatten(FLATTEN.java:26)
	at java_programs.FLATTEN.flatten(FLATTEN.java:26)
	at java_programs.FLATTEN.flatten(FLATTEN.java:26)
	at java_programs.FLATTEN.flatten(FLATTEN.java:26)
	at java_programs.FLATTEN.flatten(FLATTEN.java:26)
	at java_programs.FLATTEN.flatten(FLATTEN.java:26)
	at java_programs.FLATTEN.flatten(FLATTEN.java:26)
	at java_programs.FLATTEN.flatten(FLATTEN.java:26)
	at java_programs.FLATTEN.flatten(FLATTEN.java:26)
	at java_programs.FLATTEN.flatten(FLATTEN.java:26)
	at java_programs.FLATTEN.flatten(FLATTEN.java:26)
	at java_programs.FLATTEN.flatten(FLATTEN.java:26)
	at java_programs.FLATTEN.flatten(FLATTEN.java:26)
	at java_programs.FLATTEN.flatten(FLATTEN.java:26)
	at java_programs.FLATTEN.flatten(FLATTEN.java:26)
	at java_programs.FLATTEN.flatten(FLATTEN.java:26)
	at java_programs.FLATTEN.flatten(FLATTEN.java:26)
	at java_programs.FLATTEN.flatten(FLATTEN.java:26)
	at java_programs.FLATTEN.flatten(FLATTEN.java:26)
	at java_programs.FLATTEN.flatten(FLATTEN.java:26)
	at java_programs.FLATTEN.flatten(FLATTEN.java:26)
	at java_programs.FLATTEN.flatten(FLATTEN.java:26)
	at java_programs.FLATTEN.flatten(FLATTEN.java:26)
	at java_programs.FLATTEN.flatten(FLATTEN.java:26)
	at java_programs.FLATTEN.flatten(FLATTEN.java:26)
	at java_programs.FLATTEN.flatten(FLATTEN.java:26)
	at java_programs.FLATTEN.flatten(FLATTEN.java:26)
	at java_programs.FLATTEN.flatten(FLATTEN.java:26)
	at java_programs.FLATTEN.flatten(FLATTEN.java:26)
	at java_programs.FLATTEN.flatten(FLATTEN.java:26)
	at java_programs.FLATTEN.flatten(FLATTEN.java:26)
	at java_programs.FLATTEN.flatten(FLATTEN.java:26)
	at java_programs.FLATTEN.flatten(FLATTEN.java:26)
	at java_programs.FLATTEN.flatten(FLATTEN.java:26)
	at java_programs.FLATTEN.flatten(FLATTEN.java:26)
	at java_programs.FLATTEN.flatten(FLATTEN.java:26)
	at java_programs.FLATTEN.flatten(FLATTEN.java:26)
	at java_programs.FLATTEN.flatten(FLATTEN.java:26)
	at java_programs.FLATTEN.flatten(FLATTEN.java:26)
	at java_programs.FLATTEN.flatten(FLATTEN.java:26)
	at java_programs.FLATTEN.flatten(FLATTEN.java:26)
	at java_programs.FLATTEN.flatten(FLATTEN.java:26)
	at java_programs.FLATTEN.flatten(FLATTEN.java:26)
	at java_programs.FLATTEN.flatten(FLATTEN.java:26)
	at java_programs.FLATTEN.flatten(FLATTEN.java:26)
	at java_programs.FLATTEN.flatten(FLATTEN.java:26)
	at java_programs.FLATTEN.flatten(FLATTEN.java:26)
	at java_programs.FLATTEN.flatten(FLATTEN.java:26)
	at java_programs.FLATTEN.flatten(FLATTEN.java:26)
	at java_programs.FLATTEN.flatten(FLATTEN.java:26)
	at java_programs.FLATTEN.flatten(FLATTEN.java:26)
	at java_programs.FLATTEN.flatten(FLATTEN.java:26)
	at java_programs.FLATTEN.flatten(FLATTEN.java:26)
	at java_programs.FLATTEN.flatten(FLATTEN.java:26)
	at java_programs.FLATTEN.flatten(FLATTEN.java:26)
	at java_programs.FLATTEN.flatten(FLATTEN.java:26)
	at java_programs.FLATTEN.flatten(FLATTEN.java:26)
	at java_programs.FLATTEN.flatten(FLATTEN.java:26)
	at java_programs.FLATTEN.flatten(FLATTEN.java:26)
	at java_programs.FLATTEN.flatten(FLATTEN.java:26)
	at java_programs.FLATTEN.flatten(FLATTEN.java:26)
	at java_programs.FLATTEN.flatten(FLATTEN.java:26)
	at java_programs.FLATTEN.flatten(FLATTEN.java:26)
	at java_programs.FLATTEN.flatten(FLATTEN.java:26)
	at java_programs.FLATTEN.flatten(FLATTEN.java:26)
	at java_programs.FLATTEN.flatten(FLATTEN.java:26)
	at java_programs.FLATTEN.flatten(FLATTEN.java:26)
	at java_programs.FLATTEN.flatten(FLATTEN.java:26)
	at java_programs.FLATTEN.flatten(FLATTEN.java:26)
	at java_programs.FLATTEN.flatten(FLATTEN.java:26)
	at java_programs.FLATTEN.flatten(FLATTEN.java:26)
	at java_programs.FLATTEN.flatten(FLATTEN.java:26)
	at java_programs.FLATTEN.flatten(FLATTEN.java:26)
	at java_programs.FLATTEN.flatten(FLATTEN.java:26)
	at java_programs.FLATTEN.flatten(FLATTEN.java:26)
	at java_programs.FLATTEN.flatten(FLATTEN.java:26)
	at java_programs.FLATTEN.flatten(FLATTEN.java:26)
	at java_programs.FLATTEN.flatten(FLATTEN.java:26)
	at java_programs.FLATTEN.flatten(FLATTEN.java:26)
	at java_programs.FLATTEN.flatten(FLATTEN.java:26)
	at java_programs.FLATTEN.flatten(FLATTEN.java:26)
	at java_programs.FLATTEN.flatten(FLATTEN.java:26)
	at java_programs.FLATTEN.flatten(FLATTEN.java:26)
	at java_programs.FLATTEN.flatten(FLATTEN.java:26)
	at java_programs.FLATTEN.flatten(FLATTEN.java:26)
	at java_programs.FLATTEN.flatten(FLATTEN.java:26)
	at java_programs.FLATTEN.flatten(FLATTEN.java:26)
	at java_programs.FLATTEN.flatten(FLATTEN.java:26)
	at java_programs.FLATTEN.flatten(FLATTEN.java:26)
	at java_programs.FLATTEN.flatten(FLATTEN.java:26)
	at java_programs.FLATTEN.flatten(FLATTEN.java:26)
	at java_programs.FLATTEN.flatten(FLATTEN.java:26)
	at java_programs.FLATTEN.flatten(FLATTEN.java:26)
	at java_programs.FLATTEN.flatten(FLATTEN.java:26)
	at java_programs.FLATTEN.flatten(FLATTEN.java:26)
	at java_programs.FLATTEN.flatten(FLATTEN.java:26)
	at java_programs.FLATTEN.flatten(FLATTEN.java:26)
	at java_programs.FLATTEN.flatten(FLATTEN.java:26)
	at java_programs.FLATTEN.flatten(FLATTEN.java:26)
	at java_programs.FLATTEN.flatten(FLATTEN.java:26)
	at java_programs.FLATTEN.flatten(FLATTEN.java:26)
	at java_programs.FLATTEN.flatten(FLATTEN.java:26)
	at java_programs.FLATTEN.flatten(FLATTEN.java:26)
	at java_programs.FLATTEN.flatten(FLATTEN.java:26)
	at java_programs.FLATTEN.flatten(FLATTEN.java:26)
	at java_programs.FLATTEN.flatten(FLATTEN.java:26)
	at java_programs.FLATTEN.flatten(FLATTEN.java:26)
	at java_programs.FLATTEN.flatten(FLATTEN.java:26)
	at java_programs.FLATTEN.flatten(FLATTEN.java:26)
	at java_programs.FLATTEN.flatten(FLATTEN.java:26)
	at java_programs.FLATTEN.flatten(FLATTEN.java:26)
	at java_programs.FLATTEN.flatten(FLATTEN.java:26)
	at java_programs.FLATTEN.flatten(FLATTEN.java:26)
	at java_programs.FLATTEN.flatten(FLATTEN.java:26)
	at java_programs.FLATTEN.flatten(FLATTEN.java:26)
	at java_programs.FLATTEN.flatten(FLATTEN.java:26)
	at java_programs.FLATTEN.flatten(FLATTEN.java:26)
	at java_programs.FLATTEN.flatten(FLATTEN.java:26)
	at java_programs.FLATTEN.flatten(FLATTEN.java:26)
	at java_programs.FLATTEN.flatten(FLATTEN.java:26)
	at java_programs.FLATTEN.flatten(FLATTEN.java:26)
	at java_programs.FLATTEN.flatten(FLATTEN.java:26)
	at java_programs.FLATTEN.flatten(FLATTEN.java:26)
	at java_programs.FLATTEN.flatten(FLATTEN.java:26)
	at java_programs.FLATTEN.flatten(FLATTEN.java:26)
	at java_programs.FLATTEN.flatten(FLATTEN.java:26)
	at java_programs.FLATTEN.flatten(FLATTEN.java:26)
	at java_programs.FLATTEN.flatten(FLATTEN.java:26)
	at java_programs.FLATTEN.flatten(FLATTEN.java:26)
	at java_programs.FLATTEN.flatten(FLATTEN.java:26)
	at java_programs.FLATTEN.flatten(FLATTEN.java:26)
	at java_programs.FLATTEN.flatten(FLATTEN.java:26)
	at java_programs.FLATTEN.flatten(FLATTEN.java:26)
	at java_programs.FLATTEN.flatten(FLATTEN.java:26)
	at java_programs.FLATTEN.flatten(FLATTEN.java:26)
	at java_programs.FLATTEN.flatten(FLATTEN.java:26)
	at java_programs.FLATTEN.flatten(FLATTEN.java:26)
	at java_programs.FLATTEN.flatten(FLATTEN.java:26)
	at java_programs.FLATTEN.flatten(FLATTEN.java:26)
	at java_programs.FLATTEN.flatten(FLATTEN.java:26)
	at java_programs.FLATTEN.flatten(FLATTEN.java:26)
	at java_programs.FLATTEN.flatten(FLATTEN.java:26)
	at java_programs.FLATTEN.flatten(FLATTEN.java:26)
	at java_programs.FLATTEN.flatten(FLATTEN.java:26)
	at java_programs.FLATTEN.flatten(FLATTEN.java:26)
	at java_programs.FLATTEN.flatten(FLATTEN.java:26)
	at java_programs.FLATTEN.flatten(FLATTEN.java:26)
	at java_programs.FLATTEN.flatten(FLATTEN.java:26)
	at java_programs.FLATTEN.flatten(FLATTEN.java:26)
	at java_programs.FLATTEN.flatten(FLATTEN.java:26)
	at java_programs.FLATTEN.flatten(FLATTEN.java:26)
	at java_programs.FLATTEN.flatten(FLATTEN.java:26)
	at java_programs.FLATTEN.flatten(FLATTEN.java:26)
	at java_programs.FLATTEN.flatten(FLATTEN.java:26)
	at java_programs.FLATTEN.flatten(FLATTEN.java:26)
	at java_programs.FLATTEN.flatten(FLATTEN.java:26)
	at java_programs.FLATTEN.flatten(FLATTEN.java:26)
	at java_programs.FLATTEN.flatten(FLATTEN.java:26)
	at java_programs.FLATTEN.flatten(FLATTEN.java:26)
	at java_programs.FLATTEN.flatten(FLATTEN.java:26)
	at java_programs.FLATTEN.flatten(FLATTEN.java:26)
	at java_programs.FLATTEN.flatten(FLATTEN.java:26)
	at java_programs.FLATTEN.flatten(FLATTEN.java:26)
	at java_programs.FLATTEN.flatten(FLATTEN.java:26)
	at java_programs.FLATTEN.flatten(FLATTEN.java:26)
	at java_programs.FLATTEN.flatten(FLATTEN.java:26)
	at java_programs.FLATTEN.flatten(FLATTEN.java:26)
	at java_programs.FLATTEN.flatten(FLATTEN.java:26)
	at java_programs.FLATTEN.flatten(FLATTEN.java:26)
	at java_programs.FLATTEN.flatten(FLATTEN.java:26)
	at java_programs.FLATTEN.flatten(FLATTEN.java:26)
	at java_programs.FLATTEN.flatten(FLATTEN.java:26)
	at java_programs.FLATTEN.flatten(FLATTEN.java:26)
	at java_programs.FLATTEN.flatten(FLATTEN.java:26)
	at java_programs.FLATTEN.flatten(FLATTEN.java:26)
	at java_programs.FLATTEN.flatten(FLATTEN.java:26)
	at java_programs.FLATTEN.flatten(FLATTEN.java:26)
	at java_programs.FLATTEN.flatten(FLATTEN.java:26)
	at java_programs.FLATTEN.flatten(FLATTEN.java:26)
	at java_programs.FLATTEN.flatten(FLATTEN.java:26)
	at java_programs.FLATTEN.flatten(FLATTEN.java:26)
	at java_programs.FLATTEN.flatten(FLATTEN.java:26)
	at java_programs.FLATTEN.flatten(FLATTEN.java:26)
	at java_programs.FLATTEN.flatten(FLATTEN.java:26)
	at java_programs.FLATTEN.flatten(FLATTEN.java:26)
	at java_programs.FLATTEN.flatten(FLATTEN.java:26)
	at java_programs.FLATTEN.flatten(FLATTEN.java:26)
	at java_programs.FLATTEN.flatten(FLATTEN.java:26)
	at java_programs.FLATTEN.flatten(FLATTEN.java:26)
	at java_programs.FLATTEN.flatten(FLATTEN.java:26)
	at java_programs.FLATTEN.flatten(FLATTEN.java:26)
	at java_programs.FLATTEN.flatten(FLATTEN.java:26)
	at java_programs.FLATTEN.flatten(FLATTEN.java:26)
	at java_programs.FLATTEN.flatten(FLATTEN.java:26)
	at java_programs.FLATTEN.flatten(FLATTEN.java:26)
	at java_programs.FLATTEN.flatten(FLATTEN.java:26)
	at java_programs.FLATTEN.flatten(FLATTEN.java:26)
	at java_programs.FLATTEN.flatten(FLATTEN.java:26)
	at java_programs.FLATTEN.flatten(FLATTEN.java:26)
	at java_programs.FLATTEN.flatten(FLATTEN.java:26)
	at java_programs.FLATTEN.flatten(FLATTEN.java:26)
	at java_programs.FLATTEN.flatten(FLATTEN.java:26)
	at java_programs.FLATTEN.flatten(FLATTEN.java:26)
	at java_programs.FLATTEN.flatten(FLATTEN.java:26)
	at java_programs.FLATTEN.flatten(FLATTEN.java:26)
	at java_programs.FLATTEN.flatten(FLATTEN.java:26)
	at java_programs.FLATTEN.flatten(FLATTEN.java:26)
	at java_programs.FLATTEN.flatten(FLATTEN.java:26)
	at java_programs.FLATTEN.flatten(FLATTEN.java:26)
	at java_programs.FLATTEN.flatten(FLATTEN.java:26)
	at java_programs.FLATTEN.flatten(FLATTEN.java:26)
	at java_programs.FLATTEN.flatten(FLATTEN.java:26)
	at java_programs.FLATTEN.flatten(FLATTEN.java:26)
	at java_programs.FLATTEN.flatten(FLATTEN.java:26)
	at java_programs.FLATTEN.flatten(FLATTEN.java:26)
	at java_programs.FLATTEN.flatten(FLATTEN.java:26)
	at java_programs.FLATTEN.flatten(FLATTEN.java:26)
	at java_programs.FLATTEN.flatten(FLATTEN.java:26)
	at java_programs.FLATTEN.flatten(FLATTEN.java:26)
	at java_programs.FLATTEN.flatten(FLATTEN.java:26)
	at java_programs.FLATTEN.flatten(FLATTEN.java:26)
	at java_programs.FLATTEN.flatten(FLATTEN.java:26)
	at java_programs.FLATTEN.flatten(FLATTEN.java:26)
	at java_programs.FLATTEN.flatten(FLATTEN.java:26)
	at java_programs.FLATTEN.flatten(FLATTEN.java:26)
	at java_programs.FLATTEN.flatten(FLATTEN.java:26)
	at java_programs.FLATTEN.flatten(FLATTEN.java:26)
	at java_programs.FLATTEN.flatten(FLATTEN.java:26)
	at java_programs.FLATTEN.flatten(FLATTEN.java:26)
	at java_programs.FLATTEN.flatten(FLATTEN.java:26)
	at java_programs.FLATTEN.flatten(FLATTEN.java:26)
	at java_programs.FLATTEN.flatten(FLATTEN.java:26)
	at java_programs.FLATTEN.flatten(FLATTEN.java:26)
	at java_programs.FLATTEN.flatten(FLATTEN.java:26)
	at java_programs.FLATTEN.flatten(FLATTEN.java:26)
	at java_programs.FLATTEN.flatten(FLATTEN.java:26)
	at java_programs.FLATTEN.flatten(FLATTEN.java:26)
	at java_programs.FLATTEN.flatten(FLATTEN.java:26)
	at java_programs.FLATTEN.flatten(FLATTEN.java:26)
	at java_programs.FLATTEN.flatten(FLATTEN.java:26)
	at java_programs.FLATTEN.flatten(FLATTEN.java:26)
	at java_programs.FLATTEN.flatten(FLATTEN.java:26)
	at java_programs.FLATTEN.flatten(FLATTEN.java:26)
	at java_programs.FLATTEN.flatten(FLATTEN.java:26)
	at java_programs.FLATTEN.flatten(FLATTEN.java:26)
	at java_programs.FLATTEN.flatten(FLATTEN.java:26)
	at java_programs.FLATTEN.flatten(FLATTEN.java:26)
	at java_programs.FLATTEN.flatten(FLATTEN.java:26)
	at java_programs.FLATTEN.flatten(FLATTEN.java:26)
	at java_programs.FLATTEN.flatten(FLATTEN.java:26)
	at java_programs.FLATTEN.flatten(FLATTEN.java:26)
	at java_programs.FLATTEN.flatten(FLATTEN.java:26)
	at java_programs.FLATTEN.flatten(FLATTEN.java:26)
	at java_programs.FLATTEN.flatten(FLATTEN.java:26)
	at java_programs.FLATTEN.flatten(FLATTEN.java:26)
	at java_programs.FLATTEN.flatten(FLATTEN.java:26)
	at java_programs.FLATTEN.flatten(FLATTEN.java:26)
	at java_programs.FLATTEN.flatten(FLATTEN.java:26)
	at java_programs.FLATTEN.flatten(FLATTEN.java:26)
	at java_programs.FLATTEN.flatten(FLATTEN.java:26)
	at java_programs.FLATTEN.flatten(FLATTEN.java:26)
	at java_programs.FLATTEN.flatten(FLATTEN.java:26)
	at java_programs.FLATTEN.flatten(FLATTEN.java:26)
	at java_programs.FLATTEN.flatten(FLATTEN.java:26)
	at java_programs.FLATTEN.flatten(FLATTEN.java:26)
	at java_programs.FLATTEN.flatten(FLATTEN.java:26)
	at java_programs.FLATTEN.flatten(FLATTEN.java:26)
	at java_programs.FLATTEN.flatten(FLATTEN.java:26)
	at java_programs.FLATTEN.flatten(FLATTEN.java:26)
	at java_programs.FLATTEN.flatten(FLATTEN.java:26)
	at java_programs.FLATTEN.flatten(FLATTEN.java:26)
	at java_programs.FLATTEN.flatten(FLATTEN.java:26)
	at java_programs.FLATTEN.flatten(FLATTEN.java:26)
	at java_programs.FLATTEN.flatten(FLATTEN.java:26)
	at java_programs.FLATTEN.flatten(FLATTEN.java:26)
	at java_programs.FLATTEN.flatten(FLATTEN.java:26)
	at java_programs.FLATTEN.flatten(FLATTEN.java:26)
	at java_programs.FLATTEN.flatten(FLATTEN.java:26)
	at java_programs.FLATTEN.flatten(FLATTEN.java:26)
	at java_programs.FLATTEN.flatten(FLATTEN.java:26)
	at java_programs.FLATTEN.flatten(FLATTEN.java:26)
	at java_programs.FLATTEN.flatten(FLATTEN.java:26)
	at java_programs.FLATTEN.flatten(FLATTEN.java:26)
	at java_programs.FLATTEN.flatten(FLATTEN.java:26)
	at java_programs.FLATTEN.flatten(FLATTEN.java:26)
	at java_programs.FLATTEN.flatten(FLATTEN.java:26)
	at java_programs.FLATTEN.flatten(FLATTEN.java:26)
	at java_programs.FLATTEN.flatten(FLATTEN.java:26)
	at java_programs.FLATTEN.flatten(FLATTEN.java:26)
	at java_programs.FLATTEN.flatten(FLATTEN.java:26)
	at java_programs.FLATTEN.flatten(FLATTEN.java:26)
	at java_programs.FLATTEN.flatten(FLATTEN.java:26)
	at java_programs.FLATTEN.flatten(FLATTEN.java:26)
	at java_programs.FLATTEN.flatten(FLATTEN.java:26)
	at java_programs.FLATTEN.flatten(FLATTEN.java:26)
	at java_programs.FLATTEN.flatten(FLATTEN.java:26)
	at java_programs.FLATTEN.flatten(FLATTEN.java:26)
	at java_programs.FLATTEN.flatten(FLATTEN.java:26)
	at java_programs.FLATTEN.flatten(FLATTEN.java:26)
	at java_programs.FLATTEN.flatten(FLATTEN.java:26)
	at java_programs.FLATTEN.flatten(FLATTEN.java:26)
	at java_programs.FLATTEN.flatten(FLATTEN.java:26)
	at java_programs.FLATTEN.flatten(FLATTEN.java:26)
	at java_programs.FLATTEN.flatten(FLATTEN.java:26)
	at java_programs.FLATTEN.flatten(FLATTEN.java:26)
	at java_programs.FLATTEN.flatten(FLATTEN.java:26)
	at java_programs.FLATTEN.flatten(FLATTEN.java:26)
	at java_programs.FLATTEN.flatten(FLATTEN.java:26)
	at java_programs.FLATTEN.flatten(FLATTEN.java:26)
	at java_programs.FLATTEN.flatten(FLATTEN.java:26)
	at java_programs.FLATTEN.flatten(FLATTEN.java:26)
	at java_programs.FLATTEN.flatten(FLATTEN.java:26)
	at java_programs.FLATTEN.flatten(FLATTEN.java:26)
	at java_programs.FLATTEN.flatten(FLATTEN.java:26)
	at java_programs.FLATTEN.flatten(FLATTEN.java:26)
	at java_programs.FLATTEN.flatten(FLATTEN.java:26)
	at java_programs.FLATTEN.flatten(FLATTEN.java:26)
	at java_programs.FLATTEN.flatten(FLATTEN.java:26)
	at java_programs.FLATTEN.flatten(FLATTEN.java:26)
	at java_programs.FLATTEN.flatten(FLATTEN.java:26)
	at java_programs.FLATTEN.flatten(FLATTEN.java:26)
	at java_programs.FLATTEN.flatten(FLATTEN.java:26)
	at java_programs.FLATTEN.flatten(FLATTEN.java:26)
	at java_programs.FLATTEN.flatten(FLATTEN.java:26)
	at java_programs.FLATTEN.flatten(FLATTEN.java:26)
	at java_programs.FLATTEN.flatten(FLATTEN.java:26)
	at java_programs.FLATTEN.flatten(FLATTEN.java:26)
	at java_programs.FLATTEN.flatten(FLATTEN.java:26)
	at java_programs.FLATTEN.flatten(FLATTEN.java:26)
	at java_programs.FLATTEN.flatten(FLATTEN.java:26)
	at java_programs.FLATTEN.flatten(FLATTEN.java:26)
	at java_programs.FLATTEN.flatten(FLATTEN.java:26)
	at java_programs.FLATTEN.flatten(FLATTEN.java:26)
	at java_programs.FLATTEN.flatten(FLATTEN.java:26)
	at java_programs.FLATTEN.flatten(FLATTEN.java:26)
	at java_programs.FLATTEN.flatten(FLATTEN.java:26)
	at java_programs.FLATTEN.flatten(FLATTEN.java:26)
	at java_programs.FLATTEN.flatten(FLATTEN.java:26)
	at java_programs.FLATTEN.flatten(FLATTEN.java:26)
	at java_programs.FLATTEN.flatten(FLATTEN.java:26)
	at java_programs.FLATTEN.flatten(FLATTEN.java:26)
	at java_programs.FLATTEN.flatten(FLATTEN.java:26)
	at java_programs.FLATTEN.flatten(FLATTEN.java:26)
	at java_programs.FLATTEN.flatten(FLATTEN.java:26)
	at java_programs.FLATTEN.flatten(FLATTEN.java:26)
	at java_programs.FLATTEN.flatten(FLATTEN.java:26)
	at java_programs.FLATTEN.flatten(FLATTEN.java:26)
	at java_programs.FLATTEN.flatten(FLATTEN.java:26)
	at java_programs.FLATTEN.flatten(FLATTEN.java:26)
	at java_programs.FLATTEN.flatten(FLATTEN.java:26)
	at java_programs.FLATTEN.flatten(FLATTEN.java:26)
	at java_programs.FLATTEN.flatten(FLATTEN.java:26)
	at java_programs.FLATTEN.flatten(FLATTEN.java:26)
	at java_programs.FLATTEN.flatten(FLATTEN.java:26)
	at java_programs.FLATTEN.flatten(FLATTEN.java:26)
	at java_programs.FLATTEN.flatten(FLATTEN.java:26)
	at java_programs.FLATTEN.flatten(FLATTEN.java:26)
	at java_programs.FLATTEN.flatten(FLATTEN.java:26)
	at java_programs.FLATTEN.flatten(FLATTEN.java:26)
	at java_programs.FLATTEN.flatten(FLATTEN.java:26)
	at java_programs.FLATTEN.flatten(FLATTEN.java:26)
	at java_programs.FLATTEN.flatten(FLATTEN.java:26)
	at java_programs.FLATTEN.flatten(FLATTEN.java:26)
	at java_programs.FLATTEN.flatten(FLATTEN.java:26)
	at java_programs.FLATTEN.flatten(FLATTEN.java:26)
	at java_programs.FLATTEN.flatten(FLATTEN.java:26)
	at java_programs.FLATTEN.flatten(FLATTEN.java:26)
	at java_programs.FLATTEN.flatten(FLATTEN.java:26)
	at java_programs.FLATTEN.flatten(FLATTEN.java:26)
	at java_programs.FLATTEN.flatten(FLATTEN.java:26)
	at java_programs.FLATTEN.flatten(FLATTEN.java:26)
	at java_programs.FLATTEN.flatten(FLATTEN.java:26)
	at java_programs.FLATTEN.flatten(FLATTEN.java:26)
	at java_programs.FLATTEN.flatten(FLATTEN.java:26)
	at java_programs.FLATTEN.flatten(FLATTEN.java:26)
	at java_programs.FLATTEN.flatten(FLATTEN.java:26)
	at java_programs.FLATTEN.flatten(FLATTEN.java:26)
	at java_programs.FLATTEN.flatten(FLATTEN.java:26)
	at java_programs.FLATTEN.flatten(FLATTEN.java:26)
	at java_programs.FLATTEN.flatten(FLATTEN.java:26)
	at java_programs.FLATTEN.flatten(FLATTEN.java:26)
	at java_programs.FLATTEN.flatten(FLATTEN.java:26)
	at java_programs.FLATTEN.flatten(FLATTEN.java:26)
	at java_programs.FLATTEN.flatten(FLATTEN.java:26)
	at java_programs.FLATTEN.flatten(FLATTEN.java:26)
	at java_programs.FLATTEN.flatten(FLATTEN.java:26)
	at java_programs.FLATTEN.flatten(FLATTEN.java:26)
	at java_programs.FLATTEN.flatten(FLATTEN.java:26)
	at java_programs.FLATTEN.flatten(FLATTEN.java:26)
	at java_programs.FLATTEN.flatten(FLATTEN.java:26)
	at java_programs.FLATTEN.flatten(FLATTEN.java:26)
	at java_programs.FLATTEN.flatten(FLATTEN.java:26)
	at java_programs.FLATTEN.flatten(FLATTEN.java:26)
	at java_programs.FLATTEN.flatten(FLATTEN.java:26)
	at java_programs.FLATTEN.flatten(FLATTEN.java:26)
	at java_programs.FLATTEN.flatten(FLATTEN.java:26)
	at java_programs.FLATTEN.flatten(FLATTEN.java:26)
	at java_programs.FLATTEN.flatten(FLATTEN.java:26)
	at java_programs.FLATTEN.flatten(FLATTEN.java:26)
	at java_programs.FLATTEN.flatten(FLATTEN.java:26)
	at java_programs.FLATTEN.flatten(FLATTEN.java:26)
	at java_programs.FLATTEN.flatten(FLATTEN.java:26)
	at java_programs.FLATTEN.flatten(FLATTEN.java:26)
	at java_programs.FLATTEN.flatten(FLATTEN.java:26)
	at java_programs.FLATTEN.flatten(FLATTEN.java:26)
	at java_programs.FLATTEN.flatten(FLATTEN.java:26)
	at java_programs.FLATTEN.flatten(FLATTEN.java:26)
	at java_programs.FLATTEN.flatten(FLATTEN.java:26)
	at java_programs.FLATTEN.flatten(FLATTEN.java:26)
	at java_programs.FLATTEN.flatten(FLATTEN.java:26)
	at java_programs.FLATTEN.flatten(FLATTEN.java:26)
	at java_programs.FLATTEN.flatten(FLATTEN.java:26)
	at java_programs.FLATTEN.flatten(FLATTEN.java:26)
	at java_programs.FLATTEN.flatten(FLATTEN.java:26)
	at java_programs.FLATTEN.flatten(FLATTEN.java:26)
	at java_programs.FLATTEN.flatten(FLATTEN.java:26)
	at java_programs.FLATTEN.flatten(FLATTEN.java:26)
	at java_programs.FLATTEN.flatten(FLATTEN.java:26)
	at java_programs.FLATTEN.flatten(FLATTEN.java:26)
	at java_programs.FLATTEN.flatten(FLATTEN.java:26)
	at java_programs.FLATTEN.flatten(FLATTEN.java:26)
	at java_programs.FLATTEN.flatten(FLATTEN.java:26)
	at java_programs.FLATTEN.flatten(FLATTEN.java:26)
	at java_programs.FLATTEN.flatten(FLATTEN.java:26)
	at java_programs.FLATTEN.flatten(FLATTEN.java:26)
	at java_programs.FLATTEN.flatten(FLATTEN.java:26)
	at java_programs.FLATTEN.flatten(FLATTEN.java:26)
	at java_programs.FLATTEN.flatten(FLATTEN.java:26)
	at java_programs.FLATTEN.flatten(FLATTEN.java:26)
	at java_programs.FLATTEN.flatten(FLATTEN.java:26)
	at java_programs.FLATTEN.flatten(FLATTEN.java:26)
	at java_programs.FLATTEN.flatten(FLATTEN.java:26)
	at java_programs.FLATTEN.flatten(FLATTEN.java:26)
	at java_programs.FLATTEN.flatten(FLATTEN.java:26)
	at java_programs.FLATTEN.flatten(FLATTEN.java:26)
	at java_programs.FLATTEN.flatten(FLATTEN.java:26)
	at java_programs.FLATTEN.flatten(FLATTEN.java:26)
	at java_programs.FLATTEN.flatten(FLATTEN.java:26)
	at java_programs.FLATTEN.flatten(FLATTEN.java:26)
	at java_programs.FLATTEN.flatten(FLATTEN.java:26)
	at java_programs.FLATTEN.flatten(FLATTEN.java:26)
	at java_programs.FLATTEN.flatten(FLATTEN.java:26)
	at java_programs.FLATTEN.flatten(FLATTEN.java:26)
	at java_programs.FLATTEN.flatten(FLATTEN.java:26)
	at java_programs.FLATTEN.flatten(FLATTEN.java:26)
	at java_programs.FLATTEN.flatten(FLATTEN.java:26)
	at java_programs.FLATTEN.flatten(FLATTEN.java:26)
	at java_programs.FLATTEN.flatten(FLATTEN.java:26)
	at java_programs.FLATTEN.flatten(FLATTEN.java:26)
	at java_programs.FLATTEN.flatten(FLATTEN.java:26)
	at java_programs.FLATTEN.flatten(FLATTEN.java:26)
	at java_programs.FLATTEN.flatten(FLATTEN.java:26)
	at java_programs.FLATTEN.flatten(FLATTEN.java:26)
	at java_programs.FLATTEN.flatten(FLATTEN.java:26)
	at java_programs.FLATTEN.flatten(FLATTEN.java:26)
	at java_programs.FLATTEN.flatten(FLATTEN.java:26)
	at java_programs.FLATTEN.flatten(FLATTEN.java:26)
	at java_programs.FLATTEN.flatten(FLATTEN.java:26)
	at java_programs.FLATTEN.flatten(FLATTEN.java:26)
	at java_programs.FLATTEN.flatten(FLATTEN.java:26)
	at java_programs.FLATTEN.flatten(FLATTEN.java:26)
	at java_programs.FLATTEN.flatten(FLATTEN.java:26)
	at java_programs.FLATTEN.flatten(FLATTEN.java:26)
	at java_programs.FLATTEN.flatten(FLATTEN.java:26)
	at java_programs.FLATTEN.flatten(FLATTEN.java:26)
	at java_programs.FLATTEN.flatten(FLATTEN.java:26)
	at java_programs.FLATTEN.flatten(FLATTEN.java:26)
	at java_programs.FLATTEN.flatten(FLATTEN.java:26)
	at java_programs.FLATTEN.flatten(FLATTEN.java:26)
	at java_programs.FLATTEN.flatten(FLATTEN.java:26)
	at java_programs.FLATTEN.flatten(FLATTEN.java:26)
	at java_programs.FLATTEN.flatten(FLATTEN.java:26)
	at java_programs.FLATTEN.flatten(FLATTEN.java:26)
	at java_programs.FLATTEN.flatten(FLATTEN.java:26)
	at java_programs.FLATTEN.flatten(FLATTEN.java:26)
	at java_programs.FLATTEN.flatten(FLATTEN.java:26)
	at java_programs.FLATTEN.flatten(FLATTEN.java:26)
	at java_programs.FLATTEN.flatten(FLATTEN.java:26)
	at java_programs.FLATTEN.flatten(FLATTEN.java:26)
	at java_programs.FLATTEN.flatten(FLATTEN.java:26)
	at java_programs.FLATTEN.flatten(FLATTEN.java:26)
	at java_programs.FLATTEN.flatten(FLATTEN.java:26)
	at java_programs.FLATTEN.flatten(FLATTEN.java:26)
	at java_programs.FLATTEN.flatten(FLATTEN.java:26)
	at java_programs.FLATTEN.flatten(FLATTEN.java:26)
	at java_programs.FLATTEN.flatten(FLATTEN.java:26)
	at java_programs.FLATTEN.flatten(FLATTEN.java:26)
	at java_programs.FLATTEN.flatten(FLATTEN.java:26)
	at java_programs.FLATTEN.flatten(FLATTEN.java:26)
	at java_programs.FLATTEN.flatten(FLATTEN.java:26)
	at java_programs.FLATTEN.flatten(FLATTEN.java:26)
	at java_programs.FLATTEN.flatten(FLATTEN.java:26)
	at java_programs.FLATTEN.flatten(FLATTEN.java:26)
	at java_programs.FLATTEN.flatten(FLATTEN.java:26)
	at java_programs.FLATTEN.flatten(FLATTEN.java:26)
	at java_programs.FLATTEN.flatten(FLATTEN.java:26)
	at java_programs.FLATTEN.flatten(FLATTEN.java:26)
	at java_programs.FLATTEN.flatten(FLATTEN.java:26)
	at java_programs.FLATTEN.flatten(FLATTEN.java:26)
	at java_programs.FLATTEN.flatten(FLATTEN.java:26)
	at java_programs.FLATTEN.flatten(FLATTEN.java:26)
	at java_programs.FLATTEN.flatten(FLATTEN.java:26)
	at java_programs.FLATTEN.flatten(FLATTEN.java:26)
	at java_programs.FLATTEN.flatten(FLATTEN.java:26)
	at java_programs.FLATTEN.flatten(FLATTEN.java:26)
	at java_programs.FLATTEN.flatten(FLATTEN.java:26)
	at java_programs.FLATTEN.flatten(FLATTEN.java:26)
	at java_programs.FLATTEN.flatten(FLATTEN.java:26)
	at java_programs.FLATTEN.flatten(FLATTEN.java:26)
	at java_programs.FLATTEN.flatten(FLATTEN.java:26)
	at java_programs.FLATTEN.flatten(FLATTEN.java:26)
	at java_programs.FLATTEN.flatten(FLATTEN.java:26)
	at java_programs.FLATTEN.flatten(FLATTEN.java:26)
	at java_programs.FLATTEN.flatten(FLATTEN.java:26)
	at java_programs.FLATTEN.flatten(FLATTEN.java:26)
	at java_programs.FLATTEN.flatten(FLATTEN.java:26)
	at java_programs.FLATTEN.flatten(FLATTEN.java:26)
	at java_programs.FLATTEN.flatten(FLATTEN.java:26)
	at java_programs.FLATTEN.flatten(FLATTEN.java:26)
	at java_programs.FLATTEN.flatten(FLATTEN.java:26)
	at java_programs.FLATTEN.flatten(FLATTEN.java:26)
	at java_programs.FLATTEN.flatten(FLATTEN.java:26)
	at java_programs.FLATTEN.flatten(FLATTEN.java:26)
	at java_programs.FLATTEN.flatten(FLATTEN.java:26)
	at java_programs.FLATTEN.flatten(FLATTEN.java:26)
	at java_programs.FLATTEN.flatten(FLATTEN.java:26)
	at java_programs.FLATTEN.flatten(FLATTEN.java:26)
	at java_programs.FLATTEN.flatten(FLATTEN.java:26)
	at java_programs.FLATTEN.flatten(FLATTEN.java:26)
	at java_programs.FLATTEN.flatten(FLATTEN.java:26)
	at java_programs.FLATTEN.flatten(FLATTEN.java:26)
	at java_programs.FLATTEN.flatten(FLATTEN.java:26)
	at java_programs.FLATTEN.flatten(FLATTEN.java:26)
	at java_programs.FLATTEN.flatten(FLATTEN.java:26)
	at java_programs.FLATTEN.flatten(FLATTEN.java:26)
	at java_programs.FLATTEN.flatten(FLATTEN.java:26)
	at java_programs.FLATTEN.flatten(FLATTEN.java:26)
	at java_programs.FLATTEN.flatten(FLATTEN.java:26)
	at java_programs.FLATTEN.flatten(FLATTEN.java:26)
	at java_programs.FLATTEN.flatten(FLATTEN.java:26)
	at java_programs.FLATTEN.flatten(FLATTEN.java:26)
	at java_programs.FLATTEN.flatten(FLATTEN.java:26)
	at java_programs.FLATTEN.flatten(FLATTEN.java:26)
	at java_programs.FLATTEN.flatten(FLATTEN.java:26)
	at java_programs.FLATTEN.flatten(FLATTEN.java:26)
	at java_programs.FLATTEN.flatten(FLATTEN.java:26)
	at java_programs.FLATTEN.flatten(FLATTEN.java:26)
	at java_programs.FLATTEN.flatten(FLATTEN.java:26)
	at java_programs.FLATTEN.flatten(FLATTEN.java:26)
	at java_programs.FLATTEN.flatten(FLATTEN.java:26)
	at java_programs.FLATTEN.flatten(FLATTEN.java:26)
	at java_programs.FLATTEN.flatten(FLATTEN.java:26)
	at java_programs.FLATTEN.flatten(FLATTEN.java:26)
	at java_programs.FLATTEN.flatten(FLATTEN.java:26)
	at java_programs.FLATTEN.flatten(FLATTEN.java:26)
	at java_programs.FLATTEN.flatten(FLATTEN.java:26)
	at java_programs.FLATTEN.flatten(FLATTEN.java:26)
	at java_programs.FLATTEN.flatten(FLATTEN.java:26)
	at java_programs.FLATTEN.flatten(FLATTEN.java:26)
	at java_programs.FLATTEN.flatten(FLATTEN.java:26)
	at java_programs.FLATTEN.flatten(FLATTEN.java:26)
	at java_programs.FLATTEN.flatten(FLATTEN.java:26)
	at java_programs.FLATTEN.flatten(FLATTEN.java:26)
	at java_programs.FLATTEN.flatten(FLATTEN.java:26)
	at java_programs.FLATTEN.flatten(FLATTEN.java:26)
	at java_programs.FLATTEN.flatten(FLATTEN.java:26)
	at java_programs.FLATTEN.flatten(FLATTEN.java:26)
	at java_programs.FLATTEN.flatten(FLATTEN.java:26)
	at java_programs.FLATTEN.flatten(FLATTEN.java:26)
	at java_programs.FLATTEN.flatten(FLATTEN.java:26)
	at java_programs.FLATTEN.flatten(FLATTEN.java:26)
	at java_programs.FLATTEN.flatten(FLATTEN.java:26)
	at java_programs.FLATTEN.flatten(FLATTEN.java:26)
	at java_programs.FLATTEN.flatten(FLATTEN.java:26)
	at java_programs.FLATTEN.flatten(FLATTEN.java:26)
	at java_programs.FLATTEN.flatten(FLATTEN.java:26)
	at java_programs.FLATTEN.flatten(FLATTEN.java:26)
	at java_programs.FLATTEN.flatten(FLATTEN.java:26)
	at java_programs.FLATTEN.flatten(FLATTEN.java:26)
	at java_programs.FLATTEN.flatten(FLATTEN.java:26)
	at java_programs.FLATTEN.flatten(FLATTEN.java:26)
	at java_programs.FLATTEN.flatten(FLATTEN.java:26)
	at java_programs.FLATTEN.flatten(FLATTEN.java:26)
	at java_programs.FLATTEN.flatten(FLATTEN.java:26)
	at java_programs.FLATTEN.flatten(FLATTEN.java:26)
	at java_programs.FLATTEN.flatten(FLATTEN.java:26)
	at java_programs.FLATTEN.flatten(FLATTEN.java:26)
	at java_programs.FLATTEN.flatten(FLATTEN.java:26)
	at java_programs.FLATTEN.flatten(FLATTEN.java:26)
	at java_programs.FLATTEN.flatten(FLATTEN.java:26)
	at java_programs.FLATTEN.flatten(FLATTEN.java:26)
	at java_programs.FLATTEN.flatten(FLATTEN.java:26)
	at java_programs.FLATTEN.flatten(FLATTEN.java:26)
	at java_programs.FLATTEN.flatten(FLATTEN.java:26)
	at java_programs.FLATTEN.flatten(FLATTEN.java:26)
	at java_programs.FLATTEN.flatten(FLATTEN.java:26)
	at java_programs.FLATTEN.flatten(FLATTEN.java:26)
	at java_programs.FLATTEN.flatten(FLATTEN.java:26)
	at java_programs.FLATTEN.flatten(FLATTEN.java:26)
	at java_programs.FLATTEN.flatten(FLATTEN.java:26)
	at java_programs.FLATTEN.flatten(FLATTEN.java:26)
	at java_programs.FLATTEN.flatten(FLATTEN.java:26)
	at java_programs.FLATTEN.flatten(FLATTEN.java:26)
	at java_programs.FLATTEN.flatten(FLATTEN.java:26)
	at java_programs.FLATTEN.flatten(FLATTEN.java:26)
	at java_programs.FLATTEN.flatten(FLATTEN.java:26)
	at java_programs.FLATTEN.flatten(FLATTEN.java:26)
	at java_programs.FLATTEN.flatten(FLATTEN.java:26)
	at java_programs.FLATTEN.flatten(FLATTEN.java:26)
	at java_programs.FLATTEN.flatten(FLATTEN.java:26)
	at java_programs.FLATTEN.flatten(FLATTEN.java:26)
	at java_programs.FLATTEN.flatten(FLATTEN.java:26)
	at java_programs.FLATTEN.flatten(FLATTEN.java:26)
	at java_programs.FLATTEN.flatten(FLATTEN.java:26)
	at java_programs.FLATTEN.flatten(FLATTEN.java:26)
	at java_programs.FLATTEN.flatten(FLATTEN.java:26)
	at java_programs.FLATTEN.flatten(FLATTEN.java:26)
	at java_programs.FLATTEN.flatten(FLATTEN.java:26)
	at java_programs.FLATTEN.flatten(FLATTEN.java:26)
	at java_programs.FLATTEN.flatten(FLATTEN.java:26)
	at java_programs.FLATTEN.flatten(FLATTEN.java:26)
	at java_programs.FLATTEN.flatten(FLATTEN.java:26)
	at java_programs.FLATTEN.flatten(FLATTEN.java:26)
	at java_programs.FLATTEN.flatten(FLATTEN.java:26)
	at java_programs.FLATTEN.flatten(FLATTEN.java:26)
</failure>
  </testcase>
  <testcase name="test_4" classname="java_testcases.junit.FLATTEN_TEST" time="0.114">
    <failure message="java.lang.StackOverflowError" type="java.lang.StackOverflowError">java.lang.StackOverflowError
	at java_programs.FLATTEN.flatten(FLATTEN.java:26)
	at java_programs.FLATTEN.flatten(FLATTEN.java:26)
	at java_programs.FLATTEN.flatten(FLATTEN.java:26)
	at java_programs.FLATTEN.flatten(FLATTEN.java:26)
	at java_programs.FLATTEN.flatten(FLATTEN.java:26)
	at java_programs.FLATTEN.flatten(FLATTEN.java:26)
	at java_programs.FLATTEN.flatten(FLATTEN.java:26)
	at java_programs.FLATTEN.flatten(FLATTEN.java:26)
	at java_programs.FLATTEN.flatten(FLATTEN.java:26)
	at java_programs.FLATTEN.flatten(FLATTEN.java:26)
	at java_programs.FLATTEN.flatten(FLATTEN.java:26)
	at java_programs.FLATTEN.flatten(FLATTEN.java:26)
	at java_programs.FLATTEN.flatten(FLATTEN.java:26)
	at java_programs.FLATTEN.flatten(FLATTEN.java:26)
	at java_programs.FLATTEN.flatten(FLATTEN.java:26)
	at java_programs.FLATTEN.flatten(FLATTEN.java:26)
	at java_programs.FLATTEN.flatten(FLATTEN.java:26)
	at java_programs.FLATTEN.flatten(FLATTEN.java:26)
	at java_programs.FLATTEN.flatten(FLATTEN.java:26)
	at java_programs.FLATTEN.flatten(FLATTEN.java:26)
	at java_programs.FLATTEN.flatten(FLATTEN.java:26)
	at java_programs.FLATTEN.flatten(FLATTEN.java:26)
	at java_programs.FLATTEN.flatten(FLATTEN.java:26)
	at java_programs.FLATTEN.flatten(FLATTEN.java:26)
	at java_programs.FLATTEN.flatten(FLATTEN.java:26)
	at java_programs.FLATTEN.flatten(FLATTEN.java:26)
	at java_programs.FLATTEN.flatten(FLATTEN.java:26)
	at java_programs.FLATTEN.flatten(FLATTEN.java:26)
	at java_programs.FLATTEN.flatten(FLATTEN.java:26)
	at java_programs.FLATTEN.flatten(FLATTEN.java:26)
	at java_programs.FLATTEN.flatten(FLATTEN.java:26)
	at java_programs.FLATTEN.flatten(FLATTEN.java:26)
	at java_programs.FLATTEN.flatten(FLATTEN.java:26)
	at java_programs.FLATTEN.flatten(FLATTEN.java:26)
	at java_programs.FLATTEN.flatten(FLATTEN.java:26)
	at java_programs.FLATTEN.flatten(FLATTEN.java:26)
	at java_programs.FLATTEN.flatten(FLATTEN.java:26)
	at java_programs.FLATTEN.flatten(FLATTEN.java:26)
	at java_programs.FLATTEN.flatten(FLATTEN.java:26)
	at java_programs.FLATTEN.flatten(FLATTEN.java:26)
	at java_programs.FLATTEN.flatten(FLATTEN.java:26)
	at java_programs.FLATTEN.flatten(FLATTEN.java:26)
	at java_programs.FLATTEN.flatten(FLATTEN.java:26)
	at java_programs.FLATTEN.flatten(FLATTEN.java:26)
	at java_programs.FLATTEN.flatten(FLATTEN.java:26)
	at java_programs.FLATTEN.flatten(FLATTEN.java:26)
	at java_programs.FLATTEN.flatten(FLATTEN.java:26)
	at java_programs.FLATTEN.flatten(FLATTEN.java:26)
	at java_programs.FLATTEN.flatten(FLATTEN.java:26)
	at java_programs.FLATTEN.flatten(FLATTEN.java:26)
	at java_programs.FLATTEN.flatten(FLATTEN.java:26)
	at java_programs.FLATTEN.flatten(FLATTEN.java:26)
	at java_programs.FLATTEN.flatten(FLATTEN.java:26)
	at java_programs.FLATTEN.flatten(FLATTEN.java:26)
	at java_programs.FLATTEN.flatten(FLATTEN.java:26)
	at java_programs.FLATTEN.flatten(FLATTEN.java:26)
	at java_programs.FLATTEN.flatten(FLATTEN.java:26)
	at java_programs.FLATTEN.flatten(FLATTEN.java:26)
	at java_programs.FLATTEN.flatten(FLATTEN.java:26)
	at java_programs.FLATTEN.flatten(FLATTEN.java:26)
	at java_programs.FLATTEN.flatten(FLATTEN.java:26)
	at java_programs.FLATTEN.flatten(FLATTEN.java:26)
	at java_programs.FLATTEN.flatten(FLATTEN.java:26)
	at java_programs.FLATTEN.flatten(FLATTEN.java:26)
	at java_programs.FLATTEN.flatten(FLATTEN.java:26)
	at java_programs.FLATTEN.flatten(FLATTEN.java:26)
	at java_programs.FLATTEN.flatten(FLATTEN.java:26)
	at java_programs.FLATTEN.flatten(FLATTEN.java:26)
	at java_programs.FLATTEN.flatten(FLATTEN.java:26)
	at java_programs.FLATTEN.flatten(FLATTEN.java:26)
	at java_programs.FLATTEN.flatten(FLATTEN.java:26)
	at java_programs.FLATTEN.flatten(FLATTEN.java:26)
	at java_programs.FLATTEN.flatten(FLATTEN.java:26)
	at java_programs.FLATTEN.flatten(FLATTEN.java:26)
	at java_programs.FLATTEN.flatten(FLATTEN.java:26)
	at java_programs.FLATTEN.flatten(FLATTEN.java:26)
	at java_programs.FLATTEN.flatten(FLATTEN.java:26)
	at java_programs.FLATTEN.flatten(FLATTEN.java:26)
	at java_programs.FLATTEN.flatten(FLATTEN.java:26)
	at java_programs.FLATTEN.flatten(FLATTEN.java:26)
	at java_programs.FLATTEN.flatten(FLATTEN.java:26)
	at java_programs.FLATTEN.flatten(FLATTEN.java:26)
	at java_programs.FLATTEN.flatten(FLATTEN.java:26)
	at java_programs.FLATTEN.flatten(FLATTEN.java:26)
	at java_programs.FLATTEN.flatten(FLATTEN.java:26)
	at java_programs.FLATTEN.flatten(FLATTEN.java:26)
	at java_programs.FLATTEN.flatten(FLATTEN.java:26)
	at java_programs.FLATTEN.flatten(FLATTEN.java:26)
	at java_programs.FLATTEN.flatten(FLATTEN.java:26)
	at java_programs.FLATTEN.flatten(FLATTEN.java:26)
	at java_programs.FLATTEN.flatten(FLATTEN.java:26)
	at java_programs.FLATTEN.flatten(FLATTEN.java:26)
	at java_programs.FLATTEN.flatten(FLATTEN.java:26)
	at java_programs.FLATTEN.flatten(FLATTEN.java:26)
	at java_programs.FLATTEN.flatten(FLATTEN.java:26)
	at java_programs.FLATTEN.flatten(FLATTEN.java:26)
	at java_programs.FLATTEN.flatten(FLATTEN.java:26)
	at java_programs.FLATTEN.flatten(FLATTEN.java:26)
	at java_programs.FLATTEN.flatten(FLATTEN.java:26)
	at java_programs.FLATTEN.flatten(FLATTEN.java:26)
	at java_programs.FLATTEN.flatten(FLATTEN.java:26)
	at java_programs.FLATTEN.flatten(FLATTEN.java:26)
	at java_programs.FLATTEN.flatten(FLATTEN.java:26)
	at java_programs.FLATTEN.flatten(FLATTEN.java:26)
	at java_programs.FLATTEN.flatten(FLATTEN.java:26)
	at java_programs.FLATTEN.flatten(FLATTEN.java:26)
	at java_programs.FLATTEN.flatten(FLATTEN.java:26)
	at java_programs.FLATTEN.flatten(FLATTEN.java:26)
	at java_programs.FLATTEN.flatten(FLATTEN.java:26)
	at java_programs.FLATTEN.flatten(FLATTEN.java:26)
	at java_programs.FLATTEN.flatten(FLATTEN.java:26)
	at java_programs.FLATTEN.flatten(FLATTEN.java:26)
	at java_programs.FLATTEN.flatten(FLATTEN.java:26)
	at java_programs.FLATTEN.flatten(FLATTEN.java:26)
	at java_programs.FLATTEN.flatten(FLATTEN.java:26)
	at java_programs.FLATTEN.flatten(FLATTEN.java:26)
	at java_programs.FLATTEN.flatten(FLATTEN.java:26)
	at java_programs.FLATTEN.flatten(FLATTEN.java:26)
	at java_programs.FLATTEN.flatten(FLATTEN.java:26)
	at java_programs.FLATTEN.flatten(FLATTEN.java:26)
	at java_programs.FLATTEN.flatten(FLATTEN.java:26)
	at java_programs.FLATTEN.flatten(FLATTEN.java:26)
	at java_programs.FLATTEN.flatten(FLATTEN.java:26)
	at java_programs.FLATTEN.flatten(FLATTEN.java:26)
	at java_programs.FLATTEN.flatten(FLATTEN.java:26)
	at java_programs.FLATTEN.flatten(FLATTEN.java:26)
	at java_programs.FLATTEN.flatten(FLATTEN.java:26)
	at java_programs.FLATTEN.flatten(FLATTEN.java:26)
	at java_programs.FLATTEN.flatten(FLATTEN.java:26)
	at java_programs.FLATTEN.flatten(FLATTEN.java:26)
	at java_programs.FLATTEN.flatten(FLATTEN.java:26)
	at java_programs.FLATTEN.flatten(FLATTEN.java:26)
	at java_programs.FLATTEN.flatten(FLATTEN.java:26)
	at java_programs.FLATTEN.flatten(FLATTEN.java:26)
	at java_programs.FLATTEN.flatten(FLATTEN.java:26)
	at java_programs.FLATTEN.flatten(FLATTEN.java:26)
	at java_programs.FLATTEN.flatten(FLATTEN.java:26)
	at java_programs.FLATTEN.flatten(FLATTEN.java:26)
	at java_programs.FLATTEN.flatten(FLATTEN.java:26)
	at java_programs.FLATTEN.flatten(FLATTEN.java:26)
	at java_programs.FLATTEN.flatten(FLATTEN.java:26)
	at java_programs.FLATTEN.flatten(FLATTEN.java:26)
	at java_programs.FLATTEN.flatten(FLATTEN.java:26)
	at java_programs.FLATTEN.flatten(FLATTEN.java:26)
	at java_programs.FLATTEN.flatten(FLATTEN.java:26)
	at java_programs.FLATTEN.flatten(FLATTEN.java:26)
	at java_programs.FLATTEN.flatten(FLATTEN.java:26)
	at java_programs.FLATTEN.flatten(FLATTEN.java:26)
	at java_programs.FLATTEN.flatten(FLATTEN.java:26)
	at java_programs.FLATTEN.flatten(FLATTEN.java:26)
	at java_programs.FLATTEN.flatten(FLATTEN.java:26)
	at java_programs.FLATTEN.flatten(FLATTEN.java:26)
	at java_programs.FLATTEN.flatten(FLATTEN.java:26)
	at java_programs.FLATTEN.flatten(FLATTEN.java:26)
	at java_programs.FLATTEN.flatten(FLATTEN.java:26)
	at java_programs.FLATTEN.flatten(FLATTEN.java:26)
	at java_programs.FLATTEN.flatten(FLATTEN.java:26)
	at java_programs.FLATTEN.flatten(FLATTEN.java:26)
	at java_programs.FLATTEN.flatten(FLATTEN.java:26)
	at java_programs.FLATTEN.flatten(FLATTEN.java:26)
	at java_programs.FLATTEN.flatten(FLATTEN.java:26)
	at java_programs.FLATTEN.flatten(FLATTEN.java:26)
	at java_programs.FLATTEN.flatten(FLATTEN.java:26)
	at java_programs.FLATTEN.flatten(FLATTEN.java:26)
	at java_programs.FLATTEN.flatten(FLATTEN.java:26)
	at java_programs.FLATTEN.flatten(FLATTEN.java:26)
	at java_programs.FLATTEN.flatten(FLATTEN.java:26)
	at java_programs.FLATTEN.flatten(FLATTEN.java:26)
	at java_programs.FLATTEN.flatten(FLATTEN.java:26)
	at java_programs.FLATTEN.flatten(FLATTEN.java:26)
	at java_programs.FLATTEN.flatten(FLATTEN.java:26)
	at java_programs.FLATTEN.flatten(FLATTEN.java:26)
	at java_programs.FLATTEN.flatten(FLATTEN.java:26)
	at java_programs.FLATTEN.flatten(FLATTEN.java:26)
	at java_programs.FLATTEN.flatten(FLATTEN.java:26)
	at java_programs.FLATTEN.flatten(FLATTEN.java:26)
	at java_programs.FLATTEN.flatten(FLATTEN.java:26)
	at java_programs.FLATTEN.flatten(FLATTEN.java:26)
	at java_programs.FLATTEN.flatten(FLATTEN.java:26)
	at java_programs.FLATTEN.flatten(FLATTEN.java:26)
	at java_programs.FLATTEN.flatten(FLATTEN.java:26)
	at java_programs.FLATTEN.flatten(FLATTEN.java:26)
	at java_programs.FLATTEN.flatten(FLATTEN.java:26)
	at java_programs.FLATTEN.flatten(FLATTEN.java:26)
	at java_programs.FLATTEN.flatten(FLATTEN.java:26)
	at java_programs.FLATTEN.flatten(FLATTEN.java:26)
	at java_programs.FLATTEN.flatten(FLATTEN.java:26)
	at java_programs.FLATTEN.flatten(FLATTEN.java:26)
	at java_programs.FLATTEN.flatten(FLATTEN.java:26)
	at java_programs.FLATTEN.flatten(FLATTEN.java:26)
	at java_programs.FLATTEN.flatten(FLATTEN.java:26)
	at java_programs.FLATTEN.flatten(FLATTEN.java:26)
	at java_programs.FLATTEN.flatten(FLATTEN.java:26)
	at java_programs.FLATTEN.flatten(FLATTEN.java:26)
	at java_programs.FLATTEN.flatten(FLATTEN.java:26)
	at java_programs.FLATTEN.flatten(FLATTEN.java:26)
	at java_programs.FLATTEN.flatten(FLATTEN.java:26)
	at java_programs.FLATTEN.flatten(FLATTEN.java:26)
	at java_programs.FLATTEN.flatten(FLATTEN.java:26)
	at java_programs.FLATTEN.flatten(FLATTEN.java:26)
	at java_programs.FLATTEN.flatten(FLATTEN.java:26)
	at java_programs.FLATTEN.flatten(FLATTEN.java:26)
	at java_programs.FLATTEN.flatten(FLATTEN.java:26)
	at java_programs.FLATTEN.flatten(FLATTEN.java:26)
	at java_programs.FLATTEN.flatten(FLATTEN.java:26)
	at java_programs.FLATTEN.flatten(FLATTEN.java:26)
	at java_programs.FLATTEN.flatten(FLATTEN.java:26)
	at java_programs.FLATTEN.flatten(FLATTEN.java:26)
	at java_programs.FLATTEN.flatten(FLATTEN.java:26)
	at java_programs.FLATTEN.flatten(FLATTEN.java:26)
	at java_programs.FLATTEN.flatten(FLATTEN.java:26)
	at java_programs.FLATTEN.flatten(FLATTEN.java:26)
	at java_programs.FLATTEN.flatten(FLATTEN.java:26)
	at java_programs.FLATTEN.flatten(FLATTEN.java:26)
	at java_programs.FLATTEN.flatten(FLATTEN.java:26)
	at java_programs.FLATTEN.flatten(FLATTEN.java:26)
	at java_programs.FLATTEN.flatten(FLATTEN.java:26)
	at java_programs.FLATTEN.flatten(FLATTEN.java:26)
	at java_programs.FLATTEN.flatten(FLATTEN.java:26)
	at java_programs.FLATTEN.flatten(FLATTEN.java:26)
	at java_programs.FLATTEN.flatten(FLATTEN.java:26)
	at java_programs.FLATTEN.flatten(FLATTEN.java:26)
	at java_programs.FLATTEN.flatten(FLATTEN.java:26)
	at java_programs.FLATTEN.flatten(FLATTEN.java:26)
	at java_programs.FLATTEN.flatten(FLATTEN.java:26)
	at java_programs.FLATTEN.flatten(FLATTEN.java:26)
	at java_programs.FLATTEN.flatten(FLATTEN.java:26)
	at java_programs.FLATTEN.flatten(FLATTEN.java:26)
	at java_programs.FLATTEN.flatten(FLATTEN.java:26)
	at java_programs.FLATTEN.flatten(FLATTEN.java:26)
	at java_programs.FLATTEN.flatten(FLATTEN.java:26)
	at java_programs.FLATTEN.flatten(FLATTEN.java:26)
	at java_programs.FLATTEN.flatten(FLATTEN.java:26)
	at java_programs.FLATTEN.flatten(FLATTEN.java:26)
	at java_programs.FLATTEN.flatten(FLATTEN.java:26)
	at java_programs.FLATTEN.flatten(FLATTEN.java:26)
	at java_programs.FLATTEN.flatten(FLATTEN.java:26)
	at java_programs.FLATTEN.flatten(FLATTEN.java:26)
	at java_programs.FLATTEN.flatten(FLATTEN.java:26)
	at java_programs.FLATTEN.flatten(FLATTEN.java:26)
	at java_programs.FLATTEN.flatten(FLATTEN.java:26)
	at java_programs.FLATTEN.flatten(FLATTEN.java:26)
	at java_programs.FLATTEN.flatten(FLATTEN.java:26)
	at java_programs.FLATTEN.flatten(FLATTEN.java:26)
	at java_programs.FLATTEN.flatten(FLATTEN.java:26)
	at java_programs.FLATTEN.flatten(FLATTEN.java:26)
	at java_programs.FLATTEN.flatten(FLATTEN.java:26)
	at java_programs.FLATTEN.flatten(FLATTEN.java:26)
	at java_programs.FLATTEN.flatten(FLATTEN.java:26)
	at java_programs.FLATTEN.flatten(FLATTEN.java:26)
	at java_programs.FLATTEN.flatten(FLATTEN.java:26)
	at java_programs.FLATTEN.flatten(FLATTEN.java:26)
	at java_programs.FLATTEN.flatten(FLATTEN.java:26)
	at java_programs.FLATTEN.flatten(FLATTEN.java:26)
	at java_programs.FLATTEN.flatten(FLATTEN.java:26)
	at java_programs.FLATTEN.flatten(FLATTEN.java:26)
	at java_programs.FLATTEN.flatten(FLATTEN.java:26)
	at java_programs.FLATTEN.flatten(FLATTEN.java:26)
	at java_programs.FLATTEN.flatten(FLATTEN.java:26)
	at java_programs.FLATTEN.flatten(FLATTEN.java:26)
	at java_programs.FLATTEN.flatten(FLATTEN.java:26)
	at java_programs.FLATTEN.flatten(FLATTEN.java:26)
	at java_programs.FLATTEN.flatten(FLATTEN.java:26)
	at java_programs.FLATTEN.flatten(FLATTEN.java:26)
	at java_programs.FLATTEN.flatten(FLATTEN.java:26)
	at java_programs.FLATTEN.flatten(FLATTEN.java:26)
	at java_programs.FLATTEN.flatten(FLATTEN.java:26)
	at java_programs.FLATTEN.flatten(FLATTEN.java:26)
	at java_programs.FLATTEN.flatten(FLATTEN.java:26)
	at java_programs.FLATTEN.flatten(FLATTEN.java:26)
	at java_programs.FLATTEN.flatten(FLATTEN.java:26)
	at java_programs.FLATTEN.flatten(FLATTEN.java:26)
	at java_programs.FLATTEN.flatten(FLATTEN.java:26)
	at java_programs.FLATTEN.flatten(FLATTEN.java:26)
	at java_programs.FLATTEN.flatten(FLATTEN.java:26)
	at java_programs.FLATTEN.flatten(FLATTEN.java:26)
	at java_programs.FLATTEN.flatten(FLATTEN.java:26)
	at java_programs.FLATTEN.flatten(FLATTEN.java:26)
	at java_programs.FLATTEN.flatten(FLATTEN.java:26)
	at java_programs.FLATTEN.flatten(FLATTEN.java:26)
	at java_programs.FLATTEN.flatten(FLATTEN.java:26)
	at java_programs.FLATTEN.flatten(FLATTEN.java:26)
	at java_programs.FLATTEN.flatten(FLATTEN.java:26)
	at java_programs.FLATTEN.flatten(FLATTEN.java:26)
	at java_programs.FLATTEN.flatten(FLATTEN.java:26)
	at java_programs.FLATTEN.flatten(FLATTEN.java:26)
	at java_programs.FLATTEN.flatten(FLATTEN.java:26)
	at java_programs.FLATTEN.flatten(FLATTEN.java:26)
	at java_programs.FLATTEN.flatten(FLATTEN.java:26)
	at java_programs.FLATTEN.flatten(FLATTEN.java:26)
	at java_programs.FLATTEN.flatten(FLATTEN.java:26)
	at java_programs.FLATTEN.flatten(FLATTEN.java:26)
	at java_programs.FLATTEN.flatten(FLATTEN.java:26)
	at java_programs.FLATTEN.flatten(FLATTEN.java:26)
	at java_programs.FLATTEN.flatten(FLATTEN.java:26)
	at java_programs.FLATTEN.flatten(FLATTEN.java:26)
	at java_programs.FLATTEN.flatten(FLATTEN.java:26)
	at java_programs.FLATTEN.flatten(FLATTEN.java:26)
	at java_programs.FLATTEN.flatten(FLATTEN.java:26)
	at java_programs.FLATTEN.flatten(FLATTEN.java:26)
	at java_programs.FLATTEN.flatten(FLATTEN.java:26)
	at java_programs.FLATTEN.flatten(FLATTEN.java:26)
	at java_programs.FLATTEN.flatten(FLATTEN.java:26)
	at java_programs.FLATTEN.flatten(FLATTEN.java:26)
	at java_programs.FLATTEN.flatten(FLATTEN.java:26)
	at java_programs.FLATTEN.flatten(FLATTEN.java:26)
	at java_programs.FLATTEN.flatten(FLATTEN.java:26)
	at java_programs.FLATTEN.flatten(FLATTEN.java:26)
	at java_programs.FLATTEN.flatten(FLATTEN.java:26)
	at java_programs.FLATTEN.flatten(FLATTEN.java:26)
	at java_programs.FLATTEN.flatten(FLATTEN.java:26)
	at java_programs.FLATTEN.flatten(FLATTEN.java:26)
	at java_programs.FLATTEN.flatten(FLATTEN.java:26)
	at java_programs.FLATTEN.flatten(FLATTEN.java:26)
	at java_programs.FLATTEN.flatten(FLATTEN.java:26)
	at java_programs.FLATTEN.flatten(FLATTEN.java:26)
	at java_programs.FLATTEN.flatten(FLATTEN.java:26)
	at java_programs.FLATTEN.flatten(FLATTEN.java:26)
	at java_programs.FLATTEN.flatten(FLATTEN.java:26)
	at java_programs.FLATTEN.flatten(FLATTEN.java:26)
	at java_programs.FLATTEN.flatten(FLATTEN.java:26)
	at java_programs.FLATTEN.flatten(FLATTEN.java:26)
	at java_programs.FLATTEN.flatten(FLATTEN.java:26)
	at java_programs.FLATTEN.flatten(FLATTEN.java:26)
	at java_programs.FLATTEN.flatten(FLATTEN.java:26)
	at java_programs.FLATTEN.flatten(FLATTEN.java:26)
	at java_programs.FLATTEN.flatten(FLATTEN.java:26)
	at java_programs.FLATTEN.flatten(FLATTEN.java:26)
	at java_programs.FLATTEN.flatten(FLATTEN.java:26)
	at java_programs.FLATTEN.flatten(FLATTEN.java:26)
	at java_programs.FLATTEN.flatten(FLATTEN.java:26)
	at java_programs.FLATTEN.flatten(FLATTEN.java:26)
	at java_programs.FLATTEN.flatten(FLATTEN.java:26)
	at java_programs.FLATTEN.flatten(FLATTEN.java:26)
	at java_programs.FLATTEN.flatten(FLATTEN.java:26)
	at java_programs.FLATTEN.flatten(FLATTEN.java:26)
	at java_programs.FLATTEN.flatten(FLATTEN.java:26)
	at java_programs.FLATTEN.flatten(FLATTEN.java:26)
	at java_programs.FLATTEN.flatten(FLATTEN.java:26)
	at java_programs.FLATTEN.flatten(FLATTEN.java:26)
	at java_programs.FLATTEN.flatten(FLATTEN.java:26)
	at java_programs.FLATTEN.flatten(FLATTEN.java:26)
	at java_programs.FLATTEN.flatten(FLATTEN.java:26)
	at java_programs.FLATTEN.flatten(FLATTEN.java:26)
	at java_programs.FLATTEN.flatten(FLATTEN.java:26)
	at java_programs.FLATTEN.flatten(FLATTEN.java:26)
	at java_programs.FLATTEN.flatten(FLATTEN.java:26)
	at java_programs.FLATTEN.flatten(FLATTEN.java:26)
	at java_programs.FLATTEN.flatten(FLATTEN.java:26)
	at java_programs.FLATTEN.flatten(FLATTEN.java:26)
	at java_programs.FLATTEN.flatten(FLATTEN.java:26)
	at java_programs.FLATTEN.flatten(FLATTEN.java:26)
	at java_programs.FLATTEN.flatten(FLATTEN.java:26)
	at java_programs.FLATTEN.flatten(FLATTEN.java:26)
	at java_programs.FLATTEN.flatten(FLATTEN.java:26)
	at java_programs.FLATTEN.flatten(FLATTEN.java:26)
	at java_programs.FLATTEN.flatten(FLATTEN.java:26)
	at java_programs.FLATTEN.flatten(FLATTEN.java:26)
	at java_programs.FLATTEN.flatten(FLATTEN.java:26)
	at java_programs.FLATTEN.flatten(FLATTEN.java:26)
	at java_programs.FLATTEN.flatten(FLATTEN.java:26)
	at java_programs.FLATTEN.flatten(FLATTEN.java:26)
	at java_programs.FLATTEN.flatten(FLATTEN.java:26)
	at java_programs.FLATTEN.flatten(FLATTEN.java:26)
	at java_programs.FLATTEN.flatten(FLATTEN.java:26)
	at java_programs.FLATTEN.flatten(FLATTEN.java:26)
	at java_programs.FLATTEN.flatten(FLATTEN.java:26)
	at java_programs.FLATTEN.flatten(FLATTEN.java:26)
	at java_programs.FLATTEN.flatten(FLATTEN.java:26)
	at java_programs.FLATTEN.flatten(FLATTEN.java:26)
	at java_programs.FLATTEN.flatten(FLATTEN.java:26)
	at java_programs.FLATTEN.flatten(FLATTEN.java:26)
	at java_programs.FLATTEN.flatten(FLATTEN.java:26)
	at java_programs.FLATTEN.flatten(FLATTEN.java:26)
	at java_programs.FLATTEN.flatten(FLATTEN.java:26)
	at java_programs.FLATTEN.flatten(FLATTEN.java:26)
	at java_programs.FLATTEN.flatten(FLATTEN.java:26)
	at java_programs.FLATTEN.flatten(FLATTEN.java:26)
	at java_programs.FLATTEN.flatten(FLATTEN.java:26)
	at java_programs.FLATTEN.flatten(FLATTEN.java:26)
	at java_programs.FLATTEN.flatten(FLATTEN.java:26)
	at java_programs.FLATTEN.flatten(FLATTEN.java:26)
	at java_programs.FLATTEN.flatten(FLATTEN.java:26)
	at java_programs.FLATTEN.flatten(FLATTEN.java:26)
	at java_programs.FLATTEN.flatten(FLATTEN.java:26)
	at java_programs.FLATTEN.flatten(FLATTEN.java:26)
	at java_programs.FLATTEN.flatten(FLATTEN.java:26)
	at java_programs.FLATTEN.flatten(FLATTEN.java:26)
	at java_programs.FLATTEN.flatten(FLATTEN.java:26)
	at java_programs.FLATTEN.flatten(FLATTEN.java:26)
	at java_programs.FLATTEN.flatten(FLATTEN.java:26)
	at java_programs.FLATTEN.flatten(FLATTEN.java:26)
	at java_programs.FLATTEN.flatten(FLATTEN.java:26)
	at java_programs.FLATTEN.flatten(FLATTEN.java:26)
	at java_programs.FLATTEN.flatten(FLATTEN.java:26)
	at java_programs.FLATTEN.flatten(FLATTEN.java:26)
	at java_programs.FLATTEN.flatten(FLATTEN.java:26)
	at java_programs.FLATTEN.flatten(FLATTEN.java:26)
	at java_programs.FLATTEN.flatten(FLATTEN.java:26)
	at java_programs.FLATTEN.flatten(FLATTEN.java:26)
	at java_programs.FLATTEN.flatten(FLATTEN.java:26)
	at java_programs.FLATTEN.flatten(FLATTEN.java:26)
	at java_programs.FLATTEN.flatten(FLATTEN.java:26)
	at java_programs.FLATTEN.flatten(FLATTEN.java:26)
	at java_programs.FLATTEN.flatten(FLATTEN.java:26)
	at java_programs.FLATTEN.flatten(FLATTEN.java:26)
	at java_programs.FLATTEN.flatten(FLATTEN.java:26)
	at java_programs.FLATTEN.flatten(FLATTEN.java:26)
	at java_programs.FLATTEN.flatten(FLATTEN.java:26)
	at java_programs.FLATTEN.flatten(FLATTEN.java:26)
	at java_programs.FLATTEN.flatten(FLATTEN.java:26)
	at java_programs.FLATTEN.flatten(FLATTEN.java:26)
	at java_programs.FLATTEN.flatten(FLATTEN.java:26)
	at java_programs.FLATTEN.flatten(FLATTEN.java:26)
	at java_programs.FLATTEN.flatten(FLATTEN.java:26)
	at java_programs.FLATTEN.flatten(FLATTEN.java:26)
	at java_programs.FLATTEN.flatten(FLATTEN.java:26)
	at java_programs.FLATTEN.flatten(FLATTEN.java:26)
	at java_programs.FLATTEN.flatten(FLATTEN.java:26)
	at java_programs.FLATTEN.flatten(FLATTEN.java:26)
	at java_programs.FLATTEN.flatten(FLATTEN.java:26)
	at java_programs.FLATTEN.flatten(FLATTEN.java:26)
	at java_programs.FLATTEN.flatten(FLATTEN.java:26)
	at java_programs.FLATTEN.flatten(FLATTEN.java:26)
	at java_programs.FLATTEN.flatten(FLATTEN.java:26)
	at java_programs.FLATTEN.flatten(FLATTEN.java:26)
	at java_programs.FLATTEN.flatten(FLATTEN.java:26)
	at java_programs.FLATTEN.flatten(FLATTEN.java:26)
	at java_programs.FLATTEN.flatten(FLATTEN.java:26)
	at java_programs.FLATTEN.flatten(FLATTEN.java:26)
	at java_programs.FLATTEN.flatten(FLATTEN.java:26)
	at java_programs.FLATTEN.flatten(FLATTEN.java:26)
	at java_programs.FLATTEN.flatten(FLATTEN.java:26)
	at java_programs.FLATTEN.flatten(FLATTEN.java:26)
	at java_programs.FLATTEN.flatten(FLATTEN.java:26)
	at java_programs.FLATTEN.flatten(FLATTEN.java:26)
	at java_programs.FLATTEN.flatten(FLATTEN.java:26)
	at java_programs.FLATTEN.flatten(FLATTEN.java:26)
	at java_programs.FLATTEN.flatten(FLATTEN.java:26)
	at java_programs.FLATTEN.flatten(FLATTEN.java:26)
	at java_programs.FLATTEN.flatten(FLATTEN.java:26)
	at java_programs.FLATTEN.flatten(FLATTEN.java:26)
	at java_programs.FLATTEN.flatten(FLATTEN.java:26)
	at java_programs.FLATTEN.flatten(FLATTEN.java:26)
	at java_programs.FLATTEN.flatten(FLATTEN.java:26)
	at java_programs.FLATTEN.flatten(FLATTEN.java:26)
	at java_programs.FLATTEN.flatten(FLATTEN.java:26)
	at java_programs.FLATTEN.flatten(FLATTEN.java:26)
	at java_programs.FLATTEN.flatten(FLATTEN.java:26)
	at java_programs.FLATTEN.flatten(FLATTEN.java:26)
	at java_programs.FLATTEN.flatten(FLATTEN.java:26)
	at java_programs.FLATTEN.flatten(FLATTEN.java:26)
	at java_programs.FLATTEN.flatten(FLATTEN.java:26)
	at java_programs.FLATTEN.flatten(FLATTEN.java:26)
	at java_programs.FLATTEN.flatten(FLATTEN.java:26)
	at java_programs.FLATTEN.flatten(FLATTEN.java:26)
	at java_programs.FLATTEN.flatten(FLATTEN.java:26)
	at java_programs.FLATTEN.flatten(FLATTEN.java:26)
	at java_programs.FLATTEN.flatten(FLATTEN.java:26)
	at java_programs.FLATTEN.flatten(FLATTEN.java:26)
	at java_programs.FLATTEN.flatten(FLATTEN.java:26)
	at java_programs.FLATTEN.flatten(FLATTEN.java:26)
	at java_programs.FLATTEN.flatten(FLATTEN.java:26)
	at java_programs.FLATTEN.flatten(FLATTEN.java:26)
	at java_programs.FLATTEN.flatten(FLATTEN.java:26)
	at java_programs.FLATTEN.flatten(FLATTEN.java:26)
	at java_programs.FLATTEN.flatten(FLATTEN.java:26)
	at java_programs.FLATTEN.flatten(FLATTEN.java:26)
	at java_programs.FLATTEN.flatten(FLATTEN.java:26)
	at java_programs.FLATTEN.flatten(FLATTEN.java:26)
	at java_programs.FLATTEN.flatten(FLATTEN.java:26)
	at java_programs.FLATTEN.flatten(FLATTEN.java:26)
	at java_programs.FLATTEN.flatten(FLATTEN.java:26)
	at java_programs.FLATTEN.flatten(FLATTEN.java:26)
	at java_programs.FLATTEN.flatten(FLATTEN.java:26)
	at java_programs.FLATTEN.flatten(FLATTEN.java:26)
	at java_programs.FLATTEN.flatten(FLATTEN.java:26)
	at java_programs.FLATTEN.flatten(FLATTEN.java:26)
	at java_programs.FLATTEN.flatten(FLATTEN.java:26)
	at java_programs.FLATTEN.flatten(FLATTEN.java:26)
	at java_programs.FLATTEN.flatten(FLATTEN.java:26)
	at java_programs.FLATTEN.flatten(FLATTEN.java:26)
	at java_programs.FLATTEN.flatten(FLATTEN.java:26)
	at java_programs.FLATTEN.flatten(FLATTEN.java:26)
	at java_programs.FLATTEN.flatten(FLATTEN.java:26)
	at java_programs.FLATTEN.flatten(FLATTEN.java:26)
	at java_programs.FLATTEN.flatten(FLATTEN.java:26)
	at java_programs.FLATTEN.flatten(FLATTEN.java:26)
	at java_programs.FLATTEN.flatten(FLATTEN.java:26)
	at java_programs.FLATTEN.flatten(FLATTEN.java:26)
	at java_programs.FLATTEN.flatten(FLATTEN.java:26)
	at java_programs.FLATTEN.flatten(FLATTEN.java:26)
	at java_programs.FLATTEN.flatten(FLATTEN.java:26)
	at java_programs.FLATTEN.flatten(FLATTEN.java:26)
	at java_programs.FLATTEN.flatten(FLATTEN.java:26)
	at java_programs.FLATTEN.flatten(FLATTEN.java:26)
	at java_programs.FLATTEN.flatten(FLATTEN.java:26)
	at java_programs.FLATTEN.flatten(FLATTEN.java:26)
	at java_programs.FLATTEN.flatten(FLATTEN.java:26)
	at java_programs.FLATTEN.flatten(FLATTEN.java:26)
	at java_programs.FLATTEN.flatten(FLATTEN.java:26)
	at java_programs.FLATTEN.flatten(FLATTEN.java:26)
	at java_programs.FLATTEN.flatten(FLATTEN.java:26)
	at java_programs.FLATTEN.flatten(FLATTEN.java:26)
	at java_programs.FLATTEN.flatten(FLATTEN.java:26)
	at java_programs.FLATTEN.flatten(FLATTEN.java:26)
	at java_programs.FLATTEN.flatten(FLATTEN.java:26)
	at java_programs.FLATTEN.flatten(FLATTEN.java:26)
	at java_programs.FLATTEN.flatten(FLATTEN.java:26)
	at java_programs.FLATTEN.flatten(FLATTEN.java:26)
	at java_programs.FLATTEN.flatten(FLATTEN.java:26)
	at java_programs.FLATTEN.flatten(FLATTEN.java:26)
	at java_programs.FLATTEN.flatten(FLATTEN.java:26)
	at java_programs.FLATTEN.flatten(FLATTEN.java:26)
	at java_programs.FLATTEN.flatten(FLATTEN.java:26)
	at java_programs.FLATTEN.flatten(FLATTEN.java:26)
	at java_programs.FLATTEN.flatten(FLATTEN.java:26)
	at java_programs.FLATTEN.flatten(FLATTEN.java:26)
	at java_programs.FLATTEN.flatten(FLATTEN.java:26)
	at java_programs.FLATTEN.flatten(FLATTEN.java:26)
	at java_programs.FLATTEN.flatten(FLATTEN.java:26)
	at java_programs.FLATTEN.flatten(FLATTEN.java:26)
	at java_programs.FLATTEN.flatten(FLATTEN.java:26)
	at java_programs.FLATTEN.flatten(FLATTEN.java:26)
	at java_programs.FLATTEN.flatten(FLATTEN.java:26)
	at java_programs.FLATTEN.flatten(FLATTEN.java:26)
	at java_programs.FLATTEN.flatten(FLATTEN.java:26)
	at java_programs.FLATTEN.flatten(FLATTEN.java:26)
	at java_programs.FLATTEN.flatten(FLATTEN.java:26)
	at java_programs.FLATTEN.flatten(FLATTEN.java:26)
	at java_programs.FLATTEN.flatten(FLATTEN.java:26)
	at java_programs.FLATTEN.flatten(FLATTEN.java:26)
	at java_programs.FLATTEN.flatten(FLATTEN.java:26)
	at java_programs.FLATTEN.flatten(FLATTEN.java:26)
	at java_programs.FLATTEN.flatten(FLATTEN.java:26)
	at java_programs.FLATTEN.flatten(FLATTEN.java:26)
	at java_programs.FLATTEN.flatten(FLATTEN.java:26)
	at java_programs.FLATTEN.flatten(FLATTEN.java:26)
	at java_programs.FLATTEN.flatten(FLATTEN.java:26)
	at java_programs.FLATTEN.flatten(FLATTEN.java:26)
	at java_programs.FLATTEN.flatten(FLATTEN.java:26)
	at java_programs.FLATTEN.flatten(FLATTEN.java:26)
	at java_programs.FLATTEN.flatten(FLATTEN.java:26)
	at java_programs.FLATTEN.flatten(FLATTEN.java:26)
	at java_programs.FLATTEN.flatten(FLATTEN.java:26)
	at java_programs.FLATTEN.flatten(FLATTEN.java:26)
	at java_programs.FLATTEN.flatten(FLATTEN.java:26)
	at java_programs.FLATTEN.flatten(FLATTEN.java:26)
	at java_programs.FLATTEN.flatten(FLATTEN.java:26)
	at java_programs.FLATTEN.flatten(FLATTEN.java:26)
	at java_programs.FLATTEN.flatten(FLATTEN.java:26)
	at java_programs.FLATTEN.flatten(FLATTEN.java:26)
	at java_programs.FLATTEN.flatten(FLATTEN.java:26)
	at java_programs.FLATTEN.flatten(FLATTEN.java:26)
	at java_programs.FLATTEN.flatten(FLATTEN.java:26)
	at java_programs.FLATTEN.flatten(FLATTEN.java:26)
	at java_programs.FLATTEN.flatten(FLATTEN.java:26)
	at java_programs.FLATTEN.flatten(FLATTEN.java:26)
	at java_programs.FLATTEN.flatten(FLATTEN.java:26)
	at java_programs.FLATTEN.flatten(FLATTEN.java:26)
	at java_programs.FLATTEN.flatten(FLATTEN.java:26)
	at java_programs.FLATTEN.flatten(FLATTEN.java:26)
	at java_programs.FLATTEN.flatten(FLATTEN.java:26)
	at java_programs.FLATTEN.flatten(FLATTEN.java:26)
	at java_programs.FLATTEN.flatten(FLATTEN.java:26)
	at java_programs.FLATTEN.flatten(FLATTEN.java:26)
	at java_programs.FLATTEN.flatten(FLATTEN.java:26)
	at java_programs.FLATTEN.flatten(FLATTEN.java:26)
	at java_programs.FLATTEN.flatten(FLATTEN.java:26)
	at java_programs.FLATTEN.flatten(FLATTEN.java:26)
	at java_programs.FLATTEN.flatten(FLATTEN.java:26)
	at java_programs.FLATTEN.flatten(FLATTEN.java:26)
	at java_programs.FLATTEN.flatten(FLATTEN.java:26)
	at java_programs.FLATTEN.flatten(FLATTEN.java:26)
	at java_programs.FLATTEN.flatten(FLATTEN.java:26)
	at java_programs.FLATTEN.flatten(FLATTEN.java:26)
	at java_programs.FLATTEN.flatten(FLATTEN.java:26)
	at java_programs.FLATTEN.flatten(FLATTEN.java:26)
	at java_programs.FLATTEN.flatten(FLATTEN.java:26)
	at java_programs.FLATTEN.flatten(FLATTEN.java:26)
	at java_programs.FLATTEN.flatten(FLATTEN.java:26)
	at java_programs.FLATTEN.flatten(FLATTEN.java:26)
	at java_programs.FLATTEN.flatten(FLATTEN.java:26)
	at java_programs.FLATTEN.flatten(FLATTEN.java:26)
	at java_programs.FLATTEN.flatten(FLATTEN.java:26)
	at java_programs.FLATTEN.flatten(FLATTEN.java:26)
	at java_programs.FLATTEN.flatten(FLATTEN.java:26)
	at java_programs.FLATTEN.flatten(FLATTEN.java:26)
	at java_programs.FLATTEN.flatten(FLATTEN.java:26)
	at java_programs.FLATTEN.flatten(FLATTEN.java:26)
	at java_programs.FLATTEN.flatten(FLATTEN.java:26)
	at java_programs.FLATTEN.flatten(FLATTEN.java:26)
	at java_programs.FLATTEN.flatten(FLATTEN.java:26)
	at java_programs.FLATTEN.flatten(FLATTEN.java:26)
	at java_programs.FLATTEN.flatten(FLATTEN.java:26)
	at java_programs.FLATTEN.flatten(FLATTEN.java:26)
	at java_programs.FLATTEN.flatten(FLATTEN.java:26)
	at java_programs.FLATTEN.flatten(FLATTEN.java:26)
	at java_programs.FLATTEN.flatten(FLATTEN.java:26)
	at java_programs.FLATTEN.flatten(FLATTEN.java:26)
	at java_programs.FLATTEN.flatten(FLATTEN.java:26)
	at java_programs.FLATTEN.flatten(FLATTEN.java:26)
	at java_programs.FLATTEN.flatten(FLATTEN.java:26)
	at java_programs.FLATTEN.flatten(FLATTEN.java:26)
	at java_programs.FLATTEN.flatten(FLATTEN.java:26)
	at java_programs.FLATTEN.flatten(FLATTEN.java:26)
	at java_programs.FLATTEN.flatten(FLATTEN.java:26)
	at java_programs.FLATTEN.flatten(FLATTEN.java:26)
	at java_programs.FLATTEN.flatten(FLATTEN.java:26)
	at java_programs.FLATTEN.flatten(FLATTEN.java:26)
	at java_programs.FLATTEN.flatten(FLATTEN.java:26)
	at java_programs.FLATTEN.flatten(FLATTEN.java:26)
	at java_programs.FLATTEN.flatten(FLATTEN.java:26)
	at java_programs.FLATTEN.flatten(FLATTEN.java:26)
	at java_programs.FLATTEN.flatten(FLATTEN.java:26)
	at java_programs.FLATTEN.flatten(FLATTEN.java:26)
	at java_programs.FLATTEN.flatten(FLATTEN.java:26)
	at java_programs.FLATTEN.flatten(FLATTEN.java:26)
	at java_programs.FLATTEN.flatten(FLATTEN.java:26)
	at java_programs.FLATTEN.flatten(FLATTEN.java:26)
	at java_programs.FLATTEN.flatten(FLATTEN.java:26)
	at java_programs.FLATTEN.flatten(FLATTEN.java:26)
	at java_programs.FLATTEN.flatten(FLATTEN.java:26)
	at java_programs.FLATTEN.flatten(FLATTEN.java:26)
	at java_programs.FLATTEN.flatten(FLATTEN.java:26)
	at java_programs.FLATTEN.flatten(FLATTEN.java:26)
	at java_programs.FLATTEN.flatten(FLATTEN.java:26)
	at java_programs.FLATTEN.flatten(FLATTEN.java:26)
	at java_programs.FLATTEN.flatten(FLATTEN.java:26)
	at java_programs.FLATTEN.flatten(FLATTEN.java:26)
	at java_programs.FLATTEN.flatten(FLATTEN.java:26)
	at java_programs.FLATTEN.flatten(FLATTEN.java:26)
	at java_programs.FLATTEN.flatten(FLATTEN.java:26)
	at java_programs.FLATTEN.flatten(FLATTEN.java:26)
	at java_programs.FLATTEN.flatten(FLATTEN.java:26)
	at java_programs.FLATTEN.flatten(FLATTEN.java:26)
	at java_programs.FLATTEN.flatten(FLATTEN.java:26)
	at java_programs.FLATTEN.flatten(FLATTEN.java:26)
	at java_programs.FLATTEN.flatten(FLATTEN.java:26)
	at java_programs.FLATTEN.flatten(FLATTEN.java:26)
	at java_programs.FLATTEN.flatten(FLATTEN.java:26)
	at java_programs.FLATTEN.flatten(FLATTEN.java:26)
	at java_programs.FLATTEN.flatten(FLATTEN.java:26)
	at java_programs.FLATTEN.flatten(FLATTEN.java:26)
	at java_programs.FLATTEN.flatten(FLATTEN.java:26)
	at java_programs.FLATTEN.flatten(FLATTEN.java:26)
	at java_programs.FLATTEN.flatten(FLATTEN.java:26)
	at java_programs.FLATTEN.flatten(FLATTEN.java:26)
	at java_programs.FLATTEN.flatten(FLATTEN.java:26)
	at java_programs.FLATTEN.flatten(FLATTEN.java:26)
	at java_programs.FLATTEN.flatten(FLATTEN.java:26)
	at java_programs.FLATTEN.flatten(FLATTEN.java:26)
	at java_programs.FLATTEN.flatten(FLATTEN.java:26)
	at java_programs.FLATTEN.flatten(FLATTEN.java:26)
	at java_programs.FLATTEN.flatten(FLATTEN.java:26)
	at java_programs.FLATTEN.flatten(FLATTEN.java:26)
	at java_programs.FLATTEN.flatten(FLATTEN.java:26)
	at java_programs.FLATTEN.flatten(FLATTEN.java:26)
	at java_programs.FLATTEN.flatten(FLATTEN.java:26)
	at java_programs.FLATTEN.flatten(FLATTEN.java:26)
	at java_programs.FLATTEN.flatten(FLATTEN.java:26)
	at java_programs.FLATTEN.flatten(FLATTEN.java:26)
	at java_programs.FLATTEN.flatten(FLATTEN.java:26)
	at java_programs.FLATTEN.flatten(FLATTEN.java:26)
	at java_programs.FLATTEN.flatten(FLATTEN.java:26)
	at java_programs.FLATTEN.flatten(FLATTEN.java:26)
	at java_programs.FLATTEN.flatten(FLATTEN.java:26)
	at java_programs.FLATTEN.flatten(FLATTEN.java:26)
	at java_programs.FLATTEN.flatten(FLATTEN.java:26)
	at java_programs.FLATTEN.flatten(FLATTEN.java:26)
	at java_programs.FLATTEN.flatten(FLATTEN.java:26)
	at java_programs.FLATTEN.flatten(FLATTEN.java:26)
	at java_programs.FLATTEN.flatten(FLATTEN.java:26)
	at java_programs.FLATTEN.flatten(FLATTEN.java:26)
	at java_programs.FLATTEN.flatten(FLATTEN.java:26)
	at java_programs.FLATTEN.flatten(FLATTEN.java:26)
	at java_programs.FLATTEN.flatten(FLATTEN.java:26)
	at java_programs.FLATTEN.flatten(FLATTEN.java:26)
	at java_programs.FLATTEN.flatten(FLATTEN.java:26)
	at java_programs.FLATTEN.flatten(FLATTEN.java:26)
	at java_programs.FLATTEN.flatten(FLATTEN.java:26)
	at java_programs.FLATTEN.flatten(FLATTEN.java:26)
	at java_programs.FLATTEN.flatten(FLATTEN.java:26)
	at java_programs.FLATTEN.flatten(FLATTEN.java:26)
	at java_programs.FLATTEN.flatten(FLATTEN.java:26)
	at java_programs.FLATTEN.flatten(FLATTEN.java:26)
	at java_programs.FLATTEN.flatten(FLATTEN.java:26)
	at java_programs.FLATTEN.flatten(FLATTEN.java:26)
	at java_programs.FLATTEN.flatten(FLATTEN.java:26)
	at java_programs.FLATTEN.flatten(FLATTEN.java:26)
	at java_programs.FLATTEN.flatten(FLATTEN.java:26)
	at java_programs.FLATTEN.flatten(FLATTEN.java:26)
	at java_programs.FLATTEN.flatten(FLATTEN.java:26)
	at java_programs.FLATTEN.flatten(FLATTEN.java:26)
	at java_programs.FLATTEN.flatten(FLATTEN.java:26)
	at java_programs.FLATTEN.flatten(FLATTEN.java:26)
	at java_programs.FLATTEN.flatten(FLATTEN.java:26)
	at java_programs.FLATTEN.flatten(FLATTEN.java:26)
	at java_programs.FLATTEN.flatten(FLATTEN.java:26)
	at java_programs.FLATTEN.flatten(FLATTEN.java:26)
	at java_programs.FLATTEN.flatten(FLATTEN.java:26)
	at java_programs.FLATTEN.flatten(FLATTEN.java:26)
	at java_programs.FLATTEN.flatten(FLATTEN.java:26)
	at java_programs.FLATTEN.flatten(FLATTEN.java:26)
	at java_programs.FLATTEN.flatten(FLATTEN.java:26)
	at java_programs.FLATTEN.flatten(FLATTEN.java:26)
	at java_programs.FLATTEN.flatten(FLATTEN.java:26)
	at java_programs.FLATTEN.flatten(FLATTEN.java:26)
	at java_programs.FLATTEN.flatten(FLATTEN.java:26)
	at java_programs.FLATTEN.flatten(FLATTEN.java:26)
	at java_programs.FLATTEN.flatten(FLATTEN.java:26)
	at java_programs.FLATTEN.flatten(FLATTEN.java:26)
	at java_programs.FLATTEN.flatten(FLATTEN.java:26)
	at java_programs.FLATTEN.flatten(FLATTEN.java:26)
	at java_programs.FLATTEN.flatten(FLATTEN.java:26)
	at java_programs.FLATTEN.flatten(FLATTEN.java:26)
	at java_programs.FLATTEN.flatten(FLATTEN.java:26)
	at java_programs.FLATTEN.flatten(FLATTEN.java:26)
	at java_programs.FLATTEN.flatten(FLATTEN.java:26)
	at java_programs.FLATTEN.flatten(FLATTEN.java:26)
	at java_programs.FLATTEN.flatten(FLATTEN.java:26)
	at java_programs.FLATTEN.flatten(FLATTEN.java:26)
	at java_programs.FLATTEN.flatten(FLATTEN.java:26)
	at java_programs.FLATTEN.flatten(FLATTEN.java:26)
	at java_programs.FLATTEN.flatten(FLATTEN.java:26)
	at java_programs.FLATTEN.flatten(FLATTEN.java:26)
	at java_programs.FLATTEN.flatten(FLATTEN.java:26)
	at java_programs.FLATTEN.flatten(FLATTEN.java:26)
	at java_programs.FLATTEN.flatten(FLATTEN.java:26)
	at java_programs.FLATTEN.flatten(FLATTEN.java:26)
	at java_programs.FLATTEN.flatten(FLATTEN.java:26)
	at java_programs.FLATTEN.flatten(FLATTEN.java:26)
	at java_programs.FLATTEN.flatten(FLATTEN.java:26)
	at java_programs.FLATTEN.flatten(FLATTEN.java:26)
	at java_programs.FLATTEN.flatten(FLATTEN.java:26)
	at java_programs.FLATTEN.flatten(FLATTEN.java:26)
	at java_programs.FLATTEN.flatten(FLATTEN.java:26)
	at java_programs.FLATTEN.flatten(FLATTEN.java:26)
	at java_programs.FLATTEN.flatten(FLATTEN.java:26)
	at java_programs.FLATTEN.flatten(FLATTEN.java:26)
	at java_programs.FLATTEN.flatten(FLATTEN.java:26)
	at java_programs.FLATTEN.flatten(FLATTEN.java:26)
	at java_programs.FLATTEN.flatten(FLATTEN.java:26)
	at java_programs.FLATTEN.flatten(FLATTEN.java:26)
	at java_programs.FLATTEN.flatten(FLATTEN.java:26)
	at java_programs.FLATTEN.flatten(FLATTEN.java:26)
	at java_programs.FLATTEN.flatten(FLATTEN.java:26)
	at java_programs.FLATTEN.flatten(FLATTEN.java:26)
	at java_programs.FLATTEN.flatten(FLATTEN.java:26)
	at java_programs.FLATTEN.flatten(FLATTEN.java:26)
	at java_programs.FLATTEN.flatten(FLATTEN.java:26)
	at java_programs.FLATTEN.flatten(FLATTEN.java:26)
	at java_programs.FLATTEN.flatten(FLATTEN.java:26)
	at java_programs.FLATTEN.flatten(FLATTEN.java:26)
	at java_programs.FLATTEN.flatten(FLATTEN.java:26)
	at java_programs.FLATTEN.flatten(FLATTEN.java:26)
	at java_programs.FLATTEN.flatten(FLATTEN.java:26)
	at java_programs.FLATTEN.flatten(FLATTEN.java:26)
	at java_programs.FLATTEN.flatten(FLATTEN.java:26)
	at java_programs.FLATTEN.flatten(FLATTEN.java:26)
	at java_programs.FLATTEN.flatten(FLATTEN.java:26)
	at java_programs.FLATTEN.flatten(FLATTEN.java:26)
	at java_programs.FLATTEN.flatten(FLATTEN.java:26)
	at java_programs.FLATTEN.flatten(FLATTEN.java:26)
	at java_programs.FLATTEN.flatten(FLATTEN.java:26)
	at java_programs.FLATTEN.flatten(FLATTEN.java:26)
	at java_programs.FLATTEN.flatten(FLATTEN.java:26)
	at java_programs.FLATTEN.flatten(FLATTEN.java:26)
	at java_programs.FLATTEN.flatten(FLATTEN.java:26)
	at java_programs.FLATTEN.flatten(FLATTEN.java:26)
	at java_programs.FLATTEN.flatten(FLATTEN.java:26)
	at java_programs.FLATTEN.flatten(FLATTEN.java:26)
	at java_programs.FLATTEN.flatten(FLATTEN.java:26)
	at java_programs.FLATTEN.flatten(FLATTEN.java:26)
	at java_programs.FLATTEN.flatten(FLATTEN.java:26)
	at java_programs.FLATTEN.flatten(FLATTEN.java:26)
	at java_programs.FLATTEN.flatten(FLATTEN.java:26)
	at java_programs.FLATTEN.flatten(FLATTEN.java:26)
	at java_programs.FLATTEN.flatten(FLATTEN.java:26)
	at java_programs.FLATTEN.flatten(FLATTEN.java:26)
	at java_programs.FLATTEN.flatten(FLATTEN.java:26)
	at java_programs.FLATTEN.flatten(FLATTEN.java:26)
	at java_programs.FLATTEN.flatten(FLATTEN.java:26)
	at java_programs.FLATTEN.flatten(FLATTEN.java:26)
	at java_programs.FLATTEN.flatten(FLATTEN.java:26)
	at java_programs.FLATTEN.flatten(FLATTEN.java:26)
	at java_programs.FLATTEN.flatten(FLATTEN.java:26)
	at java_programs.FLATTEN.flatten(FLATTEN.java:26)
	at java_programs.FLATTEN.flatten(FLATTEN.java:26)
	at java_programs.FLATTEN.flatten(FLATTEN.java:26)
	at java_programs.FLATTEN.flatten(FLATTEN.java:26)
	at java_programs.FLATTEN.flatten(FLATTEN.java:26)
	at java_programs.FLATTEN.flatten(FLATTEN.java:26)
	at java_programs.FLATTEN.flatten(FLATTEN.java:26)
	at java_programs.FLATTEN.flatten(FLATTEN.java:26)
	at java_programs.FLATTEN.flatten(FLATTEN.java:26)
	at java_programs.FLATTEN.flatten(FLATTEN.java:26)
	at java_programs.FLATTEN.flatten(FLATTEN.java:26)
	at java_programs.FLATTEN.flatten(FLATTEN.java:26)
	at java_programs.FLATTEN.flatten(FLATTEN.java:26)
	at java_programs.FLATTEN.flatten(FLATTEN.java:26)
	at java_programs.FLATTEN.flatten(FLATTEN.java:26)
	at java_programs.FLATTEN.flatten(FLATTEN.java:26)
	at java_programs.FLATTEN.flatten(FLATTEN.java:26)
	at java_programs.FLATTEN.flatten(FLATTEN.java:26)
	at java_programs.FLATTEN.flatten(FLATTEN.java:26)
	at java_programs.FLATTEN.flatten(FLATTEN.java:26)
	at java_programs.FLATTEN.flatten(FLATTEN.java:26)
	at java_programs.FLATTEN.flatten(FLATTEN.java:26)
	at java_programs.FLATTEN.flatten(FLATTEN.java:26)
	at java_programs.FLATTEN.flatten(FLATTEN.java:26)
	at java_programs.FLATTEN.flatten(FLATTEN.java:26)
	at java_programs.FLATTEN.flatten(FLATTEN.java:26)
	at java_programs.FLATTEN.flatten(FLATTEN.java:26)
	at java_programs.FLATTEN.flatten(FLATTEN.java:26)
	at java_programs.FLATTEN.flatten(FLATTEN.java:26)
	at java_programs.FLATTEN.flatten(FLATTEN.java:26)
	at java_programs.FLATTEN.flatten(FLATTEN.java:26)
	at java_programs.FLATTEN.flatten(FLATTEN.java:26)
	at java_programs.FLATTEN.flatten(FLATTEN.java:26)
	at java_programs.FLATTEN.flatten(FLATTEN.java:26)
	at java_programs.FLATTEN.flatten(FLATTEN.java:26)
	at java_programs.FLATTEN.flatten(FLATTEN.java:26)
	at java_programs.FLATTEN.flatten(FLATTEN.java:26)
	at java_programs.FLATTEN.flatten(FLATTEN.java:26)
	at java_programs.FLATTEN.flatten(FLATTEN.java:26)
	at java_programs.FLATTEN.flatten(FLATTEN.java:26)
	at java_programs.FLATTEN.flatten(FLATTEN.java:26)
	at java_programs.FLATTEN.flatten(FLATTEN.java:26)
	at java_programs.FLATTEN.flatten(FLATTEN.java:26)
	at java_programs.FLATTEN.flatten(FLATTEN.java:26)
	at java_programs.FLATTEN.flatten(FLATTEN.java:26)
	at java_programs.FLATTEN.flatten(FLATTEN.java:26)
	at java_programs.FLATTEN.flatten(FLATTEN.java:26)
	at java_programs.FLATTEN.flatten(FLATTEN.java:26)
	at java_programs.FLATTEN.flatten(FLATTEN.java:26)
	at java_programs.FLATTEN.flatten(FLATTEN.java:26)
	at java_programs.FLATTEN.flatten(FLATTEN.java:26)
	at java_programs.FLATTEN.flatten(FLATTEN.java:26)
	at java_programs.FLATTEN.flatten(FLATTEN.java:26)
	at java_programs.FLATTEN.flatten(FLATTEN.java:26)
	at java_programs.FLATTEN.flatten(FLATTEN.java:26)
	at java_programs.FLATTEN.flatten(FLATTEN.java:26)
	at java_programs.FLATTEN.flatten(FLATTEN.java:26)
	at java_programs.FLATTEN.flatten(FLATTEN.java:26)
	at java_programs.FLATTEN.flatten(FLATTEN.java:26)
	at java_programs.FLATTEN.flatten(FLATTEN.java:26)
	at java_programs.FLATTEN.flatten(FLATTEN.java:26)
	at java_programs.FLATTEN.flatten(FLATTEN.java:26)
	at java_programs.FLATTEN.flatten(FLATTEN.java:26)
	at java_programs.FLATTEN.flatten(FLATTEN.java:26)
	at java_programs.FLATTEN.flatten(FLATTEN.java:26)
	at java_programs.FLATTEN.flatten(FLATTEN.java:26)
	at java_programs.FLATTEN.flatten(FLATTEN.java:26)
	at java_programs.FLATTEN.flatten(FLATTEN.java:26)
	at java_programs.FLATTEN.flatten(FLATTEN.java:26)
	at java_programs.FLATTEN.flatten(FLATTEN.java:26)
	at java_programs.FLATTEN.flatten(FLATTEN.java:26)
	at java_programs.FLATTEN.flatten(FLATTEN.java:26)
	at java_programs.FLATTEN.flatten(FLATTEN.java:26)
	at java_programs.FLATTEN.flatten(FLATTEN.java:26)
	at java_programs.FLATTEN.flatten(FLATTEN.java:26)
	at java_programs.FLATTEN.flatten(FLATTEN.java:26)
	at java_programs.FLATTEN.flatten(FLATTEN.java:26)
	at java_programs.FLATTEN.flatten(FLATTEN.java:26)
	at java_programs.FLATTEN.flatten(FLATTEN.java:26)
	at java_programs.FLATTEN.flatten(FLATTEN.java:26)
	at java_programs.FLATTEN.flatten(FLATTEN.java:26)
	at java_programs.FLATTEN.flatten(FLATTEN.java:26)
	at java_programs.FLATTEN.flatten(FLATTEN.java:26)
	at java_programs.FLATTEN.flatten(FLATTEN.java:26)
	at java_programs.FLATTEN.flatten(FLATTEN.java:26)
	at java_programs.FLATTEN.flatten(FLATTEN.java:26)
	at java_programs.FLATTEN.flatten(FLATTEN.java:26)
	at java_programs.FLATTEN.flatten(FLATTEN.java:26)
	at java_programs.FLATTEN.flatten(FLATTEN.java:26)
	at java_programs.FLATTEN.flatten(FLATTEN.java:26)
	at java_programs.FLATTEN.flatten(FLATTEN.java:26)
	at java_programs.FLATTEN.flatten(FLATTEN.java:26)
	at java_programs.FLATTEN.flatten(FLATTEN.java:26)
	at java_programs.FLATTEN.flatten(FLATTEN.java:26)
	at java_programs.FLATTEN.flatten(FLATTEN.java:26)
	at java_programs.FLATTEN.flatten(FLATTEN.java:26)
	at java_programs.FLATTEN.flatten(FLATTEN.java:26)
	at java_programs.FLATTEN.flatten(FLATTEN.java:26)
	at java_programs.FLATTEN.flatten(FLATTEN.java:26)
	at java_programs.FLATTEN.flatten(FLATTEN.java:26)
	at java_programs.FLATTEN.flatten(FLATTEN.java:26)
	at java_programs.FLATTEN.flatten(FLATTEN.java:26)
	at java_programs.FLATTEN.flatten(FLATTEN.java:26)
	at java_programs.FLATTEN.flatten(FLATTEN.java:26)
	at java_programs.FLATTEN.flatten(FLATTEN.java:26)
	at java_programs.FLATTEN.flatten(FLATTEN.java:26)
	at java_programs.FLATTEN.flatten(FLATTEN.java:26)
	at java_programs.FLATTEN.flatten(FLATTEN.java:26)
	at java_programs.FLATTEN.flatten(FLATTEN.java:26)
	at java_programs.FLATTEN.flatten(FLATTEN.java:26)
	at java_programs.FLATTEN.flatten(FLATTEN.java:26)
	at java_programs.FLATTEN.flatten(FLATTEN.java:26)
	at java_programs.FLATTEN.flatten(FLATTEN.java:26)
	at java_programs.FLATTEN.flatten(FLATTEN.java:26)
	at java_programs.FLATTEN.flatten(FLATTEN.java:26)
	at java_programs.FLATTEN.flatten(FLATTEN.java:26)
	at java_programs.FLATTEN.flatten(FLATTEN.java:26)
	at java_programs.FLATTEN.flatten(FLATTEN.java:26)
	at java_programs.FLATTEN.flatten(FLATTEN.java:26)
	at java_programs.FLATTEN.flatten(FLATTEN.java:26)
	at java_programs.FLATTEN.flatten(FLATTEN.java:26)
	at java_programs.FLATTEN.flatten(FLATTEN.java:26)
	at java_programs.FLATTEN.flatten(FLATTEN.java:26)
	at java_programs.FLATTEN.flatten(FLATTEN.java:26)
	at java_programs.FLATTEN.flatten(FLATTEN.java:26)
	at java_programs.FLATTEN.flatten(FLATTEN.java:26)
	at java_programs.FLATTEN.flatten(FLATTEN.java:26)
	at java_programs.FLATTEN.flatten(FLATTEN.java:26)
	at java_programs.FLATTEN.flatten(FLATTEN.java:26)
	at java_programs.FLATTEN.flatten(FLATTEN.java:26)
	at java_programs.FLATTEN.flatten(FLATTEN.java:26)
	at java_programs.FLATTEN.flatten(FLATTEN.java:26)
	at java_programs.FLATTEN.flatten(FLATTEN.java:26)
	at java_programs.FLATTEN.flatten(FLATTEN.java:26)
	at java_programs.FLATTEN.flatten(FLATTEN.java:26)
	at java_programs.FLATTEN.flatten(FLATTEN.java:26)
	at java_programs.FLATTEN.flatten(FLATTEN.java:26)
	at java_programs.FLATTEN.flatten(FLATTEN.java:26)
	at java_programs.FLATTEN.flatten(FLATTEN.java:26)
	at java_programs.FLATTEN.flatten(FLATTEN.java:26)
	at java_programs.FLATTEN.flatten(FLATTEN.java:26)
	at java_programs.FLATTEN.flatten(FLATTEN.java:26)
	at java_programs.FLATTEN.flatten(FLATTEN.java:26)
	at java_programs.FLATTEN.flatten(FLATTEN.java:26)
	at java_programs.FLATTEN.flatten(FLATTEN.java:26)
	at java_programs.FLATTEN.flatten(FLATTEN.java:26)
	at java_programs.FLATTEN.flatten(FLATTEN.java:26)
	at java_programs.FLATTEN.flatten(FLATTEN.java:26)
	at java_programs.FLATTEN.flatten(FLATTEN.java:26)
	at java_programs.FLATTEN.flatten(FLATTEN.java:26)
	at java_programs.FLATTEN.flatten(FLATTEN.java:26)
	at java_programs.FLATTEN.flatten(FLATTEN.java:26)
	at java_programs.FLATTEN.flatten(FLATTEN.java:26)
	at java_programs.FLATTEN.flatten(FLATTEN.java:26)
	at java_programs.FLATTEN.flatten(FLATTEN.java:26)
	at java_programs.FLATTEN.flatten(FLATTEN.java:26)
	at java_programs.FLATTEN.flatten(FLATTEN.java:26)
	at java_programs.FLATTEN.flatten(FLATTEN.java:26)
	at java_programs.FLATTEN.flatten(FLATTEN.java:26)
	at java_programs.FLATTEN.flatten(FLATTEN.java:26)
	at java_programs.FLATTEN.flatten(FLATTEN.java:26)
	at java_programs.FLATTEN.flatten(FLATTEN.java:26)
	at java_programs.FLATTEN.flatten(FLATTEN.java:26)
	at java_programs.FLATTEN.flatten(FLATTEN.java:26)
	at java_programs.FLATTEN.flatten(FLATTEN.java:26)
	at java_programs.FLATTEN.flatten(FLATTEN.java:26)
	at java_programs.FLATTEN.flatten(FLATTEN.java:26)
	at java_programs.FLATTEN.flatten(FLATTEN.java:26)
	at java_programs.FLATTEN.flatten(FLATTEN.java:26)
	at java_programs.FLATTEN.flatten(FLATTEN.java:26)
	at java_programs.FLATTEN.flatten(FLATTEN.java:26)
	at java_programs.FLATTEN.flatten(FLATTEN.java:26)
	at java_programs.FLATTEN.flatten(FLATTEN.java:26)
	at java_programs.FLATTEN.flatten(FLATTEN.java:26)
	at java_programs.FLATTEN.flatten(FLATTEN.java:26)
	at java_programs.FLATTEN.flatten(FLATTEN.java:26)
	at java_programs.FLATTEN.flatten(FLATTEN.java:26)
	at java_programs.FLATTEN.flatten(FLATTEN.java:26)
	at java_programs.FLATTEN.flatten(FLATTEN.java:26)
	at java_programs.FLATTEN.flatten(FLATTEN.java:26)
	at java_programs.FLATTEN.flatten(FLATTEN.java:26)
	at java_programs.FLATTEN.flatten(FLATTEN.java:26)
	at java_programs.FLATTEN.flatten(FLATTEN.java:26)
	at java_programs.FLATTEN.flatten(FLATTEN.java:26)
	at java_programs.FLATTEN.flatten(FLATTEN.java:26)
	at java_programs.FLATTEN.flatten(FLATTEN.java:26)
	at java_programs.FLATTEN.flatten(FLATTEN.java:26)
	at java_programs.FLATTEN.flatten(FLATTEN.java:26)
	at java_programs.FLATTEN.flatten(FLATTEN.java:26)
	at java_programs.FLATTEN.flatten(FLATTEN.java:26)
	at java_programs.FLATTEN.flatten(FLATTEN.java:26)
	at java_programs.FLATTEN.flatten(FLATTEN.java:26)
	at java_programs.FLATTEN.flatten(FLATTEN.java:26)
	at java_programs.FLATTEN.flatten(FLATTEN.java:26)
	at java_programs.FLATTEN.flatten(FLATTEN.java:26)
	at java_programs.FLATTEN.flatten(FLATTEN.java:26)
	at java_programs.FLATTEN.flatten(FLATTEN.java:26)
	at java_programs.FLATTEN.flatten(FLATTEN.java:26)
	at java_programs.FLATTEN.flatten(FLATTEN.java:26)
	at java_programs.FLATTEN.flatten(FLATTEN.java:26)
	at java_programs.FLATTEN.flatten(FLATTEN.java:26)
	at java_programs.FLATTEN.flatten(FLATTEN.java:26)
	at java_programs.FLATTEN.flatten(FLATTEN.java:26)
	at java_programs.FLATTEN.flatten(FLATTEN.java:26)
	at java_programs.FLATTEN.flatten(FLATTEN.java:26)
	at java_programs.FLATTEN.flatten(FLATTEN.java:26)
	at java_programs.FLATTEN.flatten(FLATTEN.java:26)
	at java_programs.FLATTEN.flatten(FLATTEN.java:26)
	at java_programs.FLATTEN.flatten(FLATTEN.java:26)
	at java_programs.FLATTEN.flatten(FLATTEN.java:26)
	at java_programs.FLATTEN.flatten(FLATTEN.java:26)
	at java_programs.FLATTEN.flatten(FLATTEN.java:26)
	at java_programs.FLATTEN.flatten(FLATTEN.java:26)
	at java_programs.FLATTEN.flatten(FLATTEN.java:26)
	at java_programs.FLATTEN.flatten(FLATTEN.java:26)
	at java_programs.FLATTEN.flatten(FLATTEN.java:26)
	at java_programs.FLATTEN.flatten(FLATTEN.java:26)
	at java_programs.FLATTEN.flatten(FLATTEN.java:26)
	at java_programs.FLATTEN.flatten(FLATTEN.java:26)
	at java_programs.FLATTEN.flatten(FLATTEN.java:26)
	at java_programs.FLATTEN.flatten(FLATTEN.java:26)
	at java_programs.FLATTEN.flatten(FLATTEN.java:26)
	at java_programs.FLATTEN.flatten(FLATTEN.java:26)
	at java_programs.FLATTEN.flatten(FLATTEN.java:26)
	at java_programs.FLATTEN.flatten(FLATTEN.java:26)
	at java_programs.FLATTEN.flatten(FLATTEN.java:26)
	at java_programs.FLATTEN.flatten(FLATTEN.java:26)
	at java_programs.FLATTEN.flatten(FLATTEN.java:26)
	at java_programs.FLATTEN.flatten(FLATTEN.java:26)
	at java_programs.FLATTEN.flatten(FLATTEN.java:26)
	at java_programs.FLATTEN.flatten(FLATTEN.java:26)
	at java_programs.FLATTEN.flatten(FLATTEN.java:26)
	at java_programs.FLATTEN.flatten(FLATTEN.java:26)
	at java_programs.FLATTEN.flatten(FLATTEN.java:26)
	at java_programs.FLATTEN.flatten(FLATTEN.java:26)
	at java_programs.FLATTEN.flatten(FLATTEN.java:26)
	at java_programs.FLATTEN.flatten(FLATTEN.java:26)
</failure>
  </testcase>
  <testcase name="test_5" classname="java_testcases.junit.FLATTEN_TEST" time="0.094">
    <failure message="java.lang.StackOverflowError" type="java.lang.StackOverflowError">java.lang.StackOverflowError
	at java_programs.FLATTEN.flatten(FLATTEN.java:26)
	at java_programs.FLATTEN.flatten(FLATTEN.java:26)
	at java_programs.FLATTEN.flatten(FLATTEN.java:26)
	at java_programs.FLATTEN.flatten(FLATTEN.java:26)
	at java_programs.FLATTEN.flatten(FLATTEN.java:26)
	at java_programs.FLATTEN.flatten(FLATTEN.java:26)
	at java_programs.FLATTEN.flatten(FLATTEN.java:26)
	at java_programs.FLATTEN.flatten(FLATTEN.java:26)
	at java_programs.FLATTEN.flatten(FLATTEN.java:26)
	at java_programs.FLATTEN.flatten(FLATTEN.java:26)
	at java_programs.FLATTEN.flatten(FLATTEN.java:26)
	at java_programs.FLATTEN.flatten(FLATTEN.java:26)
	at java_programs.FLATTEN.flatten(FLATTEN.java:26)
	at java_programs.FLATTEN.flatten(FLATTEN.java:26)
	at java_programs.FLATTEN.flatten(FLATTEN.java:26)
	at java_programs.FLATTEN.flatten(FLATTEN.java:26)
	at java_programs.FLATTEN.flatten(FLATTEN.java:26)
	at java_programs.FLATTEN.flatten(FLATTEN.java:26)
	at java_programs.FLATTEN.flatten(FLATTEN.java:26)
	at java_programs.FLATTEN.flatten(FLATTEN.java:26)
	at java_programs.FLATTEN.flatten(FLATTEN.java:26)
	at java_programs.FLATTEN.flatten(FLATTEN.java:26)
	at java_programs.FLATTEN.flatten(FLATTEN.java:26)
	at java_programs.FLATTEN.flatten(FLATTEN.java:26)
	at java_programs.FLATTEN.flatten(FLATTEN.java:26)
	at java_programs.FLATTEN.flatten(FLATTEN.java:26)
	at java_programs.FLATTEN.flatten(FLATTEN.java:26)
	at java_programs.FLATTEN.flatten(FLATTEN.java:26)
	at java_programs.FLATTEN.flatten(FLATTEN.java:26)
	at java_programs.FLATTEN.flatten(FLATTEN.java:26)
	at java_programs.FLATTEN.flatten(FLATTEN.java:26)
	at java_programs.FLATTEN.flatten(FLATTEN.java:26)
	at java_programs.FLATTEN.flatten(FLATTEN.java:26)
	at java_programs.FLATTEN.flatten(FLATTEN.java:26)
	at java_programs.FLATTEN.flatten(FLATTEN.java:26)
	at java_programs.FLATTEN.flatten(FLATTEN.java:26)
	at java_programs.FLATTEN.flatten(FLATTEN.java:26)
	at java_programs.FLATTEN.flatten(FLATTEN.java:26)
	at java_programs.FLATTEN.flatten(FLATTEN.java:26)
	at java_programs.FLATTEN.flatten(FLATTEN.java:26)
	at java_programs.FLATTEN.flatten(FLATTEN.java:26)
	at java_programs.FLATTEN.flatten(FLATTEN.java:26)
	at java_programs.FLATTEN.flatten(FLATTEN.java:26)
	at java_programs.FLATTEN.flatten(FLATTEN.java:26)
	at java_programs.FLATTEN.flatten(FLATTEN.java:26)
	at java_programs.FLATTEN.flatten(FLATTEN.java:26)
	at java_programs.FLATTEN.flatten(FLATTEN.java:26)
	at java_programs.FLATTEN.flatten(FLATTEN.java:26)
	at java_programs.FLATTEN.flatten(FLATTEN.java:26)
	at java_programs.FLATTEN.flatten(FLATTEN.java:26)
	at java_programs.FLATTEN.flatten(FLATTEN.java:26)
	at java_programs.FLATTEN.flatten(FLATTEN.java:26)
	at java_programs.FLATTEN.flatten(FLATTEN.java:26)
	at java_programs.FLATTEN.flatten(FLATTEN.java:26)
	at java_programs.FLATTEN.flatten(FLATTEN.java:26)
	at java_programs.FLATTEN.flatten(FLATTEN.java:26)
	at java_programs.FLATTEN.flatten(FLATTEN.java:26)
	at java_programs.FLATTEN.flatten(FLATTEN.java:26)
	at java_programs.FLATTEN.flatten(FLATTEN.java:26)
	at java_programs.FLATTEN.flatten(FLATTEN.java:26)
	at java_programs.FLATTEN.flatten(FLATTEN.java:26)
	at java_programs.FLATTEN.flatten(FLATTEN.java:26)
	at java_programs.FLATTEN.flatten(FLATTEN.java:26)
	at java_programs.FLATTEN.flatten(FLATTEN.java:26)
	at java_programs.FLATTEN.flatten(FLATTEN.java:26)
	at java_programs.FLATTEN.flatten(FLATTEN.java:26)
	at java_programs.FLATTEN.flatten(FLATTEN.java:26)
	at java_programs.FLATTEN.flatten(FLATTEN.java:26)
	at java_programs.FLATTEN.flatten(FLATTEN.java:26)
	at java_programs.FLATTEN.flatten(FLATTEN.java:26)
	at java_programs.FLATTEN.flatten(FLATTEN.java:26)
	at java_programs.FLATTEN.flatten(FLATTEN.java:26)
	at java_programs.FLATTEN.flatten(FLATTEN.java:26)
	at java_programs.FLATTEN.flatten(FLATTEN.java:26)
	at java_programs.FLATTEN.flatten(FLATTEN.java:26)
	at java_programs.FLATTEN.flatten(FLATTEN.java:26)
	at java_programs.FLATTEN.flatten(FLATTEN.java:26)
	at java_programs.FLATTEN.flatten(FLATTEN.java:26)
	at java_programs.FLATTEN.flatten(FLATTEN.java:26)
	at java_programs.FLATTEN.flatten(FLATTEN.java:26)
	at java_programs.FLATTEN.flatten(FLATTEN.java:26)
	at java_programs.FLATTEN.flatten(FLATTEN.java:26)
	at java_programs.FLATTEN.flatten(FLATTEN.java:26)
	at java_programs.FLATTEN.flatten(FLATTEN.java:26)
	at java_programs.FLATTEN.flatten(FLATTEN.java:26)
	at java_programs.FLATTEN.flatten(FLATTEN.java:26)
	at java_programs.FLATTEN.flatten(FLATTEN.java:26)
	at java_programs.FLATTEN.flatten(FLATTEN.java:26)
	at java_programs.FLATTEN.flatten(FLATTEN.java:26)
	at java_programs.FLATTEN.flatten(FLATTEN.java:26)
	at java_programs.FLATTEN.flatten(FLATTEN.java:26)
	at java_programs.FLATTEN.flatten(FLATTEN.java:26)
	at java_programs.FLATTEN.flatten(FLATTEN.java:26)
	at java_programs.FLATTEN.flatten(FLATTEN.java:26)
	at java_programs.FLATTEN.flatten(FLATTEN.java:26)
	at java_programs.FLATTEN.flatten(FLATTEN.java:26)
	at java_programs.FLATTEN.flatten(FLATTEN.java:26)
	at java_programs.FLATTEN.flatten(FLATTEN.java:26)
	at java_programs.FLATTEN.flatten(FLATTEN.java:26)
	at java_programs.FLATTEN.flatten(FLATTEN.java:26)
	at java_programs.FLATTEN.flatten(FLATTEN.java:26)
	at java_programs.FLATTEN.flatten(FLATTEN.java:26)
	at java_programs.FLATTEN.flatten(FLATTEN.java:26)
	at java_programs.FLATTEN.flatten(FLATTEN.java:26)
	at java_programs.FLATTEN.flatten(FLATTEN.java:26)
	at java_programs.FLATTEN.flatten(FLATTEN.java:26)
	at java_programs.FLATTEN.flatten(FLATTEN.java:26)
	at java_programs.FLATTEN.flatten(FLATTEN.java:26)
	at java_programs.FLATTEN.flatten(FLATTEN.java:26)
	at java_programs.FLATTEN.flatten(FLATTEN.java:26)
	at java_programs.FLATTEN.flatten(FLATTEN.java:26)
	at java_programs.FLATTEN.flatten(FLATTEN.java:26)
	at java_programs.FLATTEN.flatten(FLATTEN.java:26)
	at java_programs.FLATTEN.flatten(FLATTEN.java:26)
	at java_programs.FLATTEN.flatten(FLATTEN.java:26)
	at java_programs.FLATTEN.flatten(FLATTEN.java:26)
	at java_programs.FLATTEN.flatten(FLATTEN.java:26)
	at java_programs.FLATTEN.flatten(FLATTEN.java:26)
	at java_programs.FLATTEN.flatten(FLATTEN.java:26)
	at java_programs.FLATTEN.flatten(FLATTEN.java:26)
	at java_programs.FLATTEN.flatten(FLATTEN.java:26)
	at java_programs.FLATTEN.flatten(FLATTEN.java:26)
	at java_programs.FLATTEN.flatten(FLATTEN.java:26)
	at java_programs.FLATTEN.flatten(FLATTEN.java:26)
	at java_programs.FLATTEN.flatten(FLATTEN.java:26)
	at java_programs.FLATTEN.flatten(FLATTEN.java:26)
	at java_programs.FLATTEN.flatten(FLATTEN.java:26)
	at java_programs.FLATTEN.flatten(FLATTEN.java:26)
	at java_programs.FLATTEN.flatten(FLATTEN.java:26)
	at java_programs.FLATTEN.flatten(FLATTEN.java:26)
	at java_programs.FLATTEN.flatten(FLATTEN.java:26)
	at java_programs.FLATTEN.flatten(FLATTEN.java:26)
	at java_programs.FLATTEN.flatten(FLATTEN.java:26)
	at java_programs.FLATTEN.flatten(FLATTEN.java:26)
	at java_programs.FLATTEN.flatten(FLATTEN.java:26)
	at java_programs.FLATTEN.flatten(FLATTEN.java:26)
	at java_programs.FLATTEN.flatten(FLATTEN.java:26)
	at java_programs.FLATTEN.flatten(FLATTEN.java:26)
	at java_programs.FLATTEN.flatten(FLATTEN.java:26)
	at java_programs.FLATTEN.flatten(FLATTEN.java:26)
	at java_programs.FLATTEN.flatten(FLATTEN.java:26)
	at java_programs.FLATTEN.flatten(FLATTEN.java:26)
	at java_programs.FLATTEN.flatten(FLATTEN.java:26)
	at java_programs.FLATTEN.flatten(FLATTEN.java:26)
	at java_programs.FLATTEN.flatten(FLATTEN.java:26)
	at java_programs.FLATTEN.flatten(FLATTEN.java:26)
	at java_programs.FLATTEN.flatten(FLATTEN.java:26)
	at java_programs.FLATTEN.flatten(FLATTEN.java:26)
	at java_programs.FLATTEN.flatten(FLATTEN.java:26)
	at java_programs.FLATTEN.flatten(FLATTEN.java:26)
	at java_programs.FLATTEN.flatten(FLATTEN.java:26)
	at java_programs.FLATTEN.flatten(FLATTEN.java:26)
	at java_programs.FLATTEN.flatten(FLATTEN.java:26)
	at java_programs.FLATTEN.flatten(FLATTEN.java:26)
	at java_programs.FLATTEN.flatten(FLATTEN.java:26)
	at java_programs.FLATTEN.flatten(FLATTEN.java:26)
	at java_programs.FLATTEN.flatten(FLATTEN.java:26)
	at java_programs.FLATTEN.flatten(FLATTEN.java:26)
	at java_programs.FLATTEN.flatten(FLATTEN.java:26)
	at java_programs.FLATTEN.flatten(FLATTEN.java:26)
	at java_programs.FLATTEN.flatten(FLATTEN.java:26)
	at java_programs.FLATTEN.flatten(FLATTEN.java:26)
	at java_programs.FLATTEN.flatten(FLATTEN.java:26)
	at java_programs.FLATTEN.flatten(FLATTEN.java:26)
	at java_programs.FLATTEN.flatten(FLATTEN.java:26)
	at java_programs.FLATTEN.flatten(FLATTEN.java:26)
	at java_programs.FLATTEN.flatten(FLATTEN.java:26)
	at java_programs.FLATTEN.flatten(FLATTEN.java:26)
	at java_programs.FLATTEN.flatten(FLATTEN.java:26)
	at java_programs.FLATTEN.flatten(FLATTEN.java:26)
	at java_programs.FLATTEN.flatten(FLATTEN.java:26)
	at java_programs.FLATTEN.flatten(FLATTEN.java:26)
	at java_programs.FLATTEN.flatten(FLATTEN.java:26)
	at java_programs.FLATTEN.flatten(FLATTEN.java:26)
	at java_programs.FLATTEN.flatten(FLATTEN.java:26)
	at java_programs.FLATTEN.flatten(FLATTEN.java:26)
	at java_programs.FLATTEN.flatten(FLATTEN.java:26)
	at java_programs.FLATTEN.flatten(FLATTEN.java:26)
	at java_programs.FLATTEN.flatten(FLATTEN.java:26)
	at java_programs.FLATTEN.flatten(FLATTEN.java:26)
	at java_programs.FLATTEN.flatten(FLATTEN.java:26)
	at java_programs.FLATTEN.flatten(FLATTEN.java:26)
	at java_programs.FLATTEN.flatten(FLATTEN.java:26)
	at java_programs.FLATTEN.flatten(FLATTEN.java:26)
	at java_programs.FLATTEN.flatten(FLATTEN.java:26)
	at java_programs.FLATTEN.flatten(FLATTEN.java:26)
	at java_programs.FLATTEN.flatten(FLATTEN.java:26)
	at java_programs.FLATTEN.flatten(FLATTEN.java:26)
	at java_programs.FLATTEN.flatten(FLATTEN.java:26)
	at java_programs.FLATTEN.flatten(FLATTEN.java:26)
	at java_programs.FLATTEN.flatten(FLATTEN.java:26)
	at java_programs.FLATTEN.flatten(FLATTEN.java:26)
	at java_programs.FLATTEN.flatten(FLATTEN.java:26)
	at java_programs.FLATTEN.flatten(FLATTEN.java:26)
	at java_programs.FLATTEN.flatten(FLATTEN.java:26)
	at java_programs.FLATTEN.flatten(FLATTEN.java:26)
	at java_programs.FLATTEN.flatten(FLATTEN.java:26)
	at java_programs.FLATTEN.flatten(FLATTEN.java:26)
	at java_programs.FLATTEN.flatten(FLATTEN.java:26)
	at java_programs.FLATTEN.flatten(FLATTEN.java:26)
	at java_programs.FLATTEN.flatten(FLATTEN.java:26)
	at java_programs.FLATTEN.flatten(FLATTEN.java:26)
	at java_programs.FLATTEN.flatten(FLATTEN.java:26)
	at java_programs.FLATTEN.flatten(FLATTEN.java:26)
	at java_programs.FLATTEN.flatten(FLATTEN.java:26)
	at java_programs.FLATTEN.flatten(FLATTEN.java:26)
	at java_programs.FLATTEN.flatten(FLATTEN.java:26)
	at java_programs.FLATTEN.flatten(FLATTEN.java:26)
	at java_programs.FLATTEN.flatten(FLATTEN.java:26)
	at java_programs.FLATTEN.flatten(FLATTEN.java:26)
	at java_programs.FLATTEN.flatten(FLATTEN.java:26)
	at java_programs.FLATTEN.flatten(FLATTEN.java:26)
	at java_programs.FLATTEN.flatten(FLATTEN.java:26)
	at java_programs.FLATTEN.flatten(FLATTEN.java:26)
	at java_programs.FLATTEN.flatten(FLATTEN.java:26)
	at java_programs.FLATTEN.flatten(FLATTEN.java:26)
	at java_programs.FLATTEN.flatten(FLATTEN.java:26)
	at java_programs.FLATTEN.flatten(FLATTEN.java:26)
	at java_programs.FLATTEN.flatten(FLATTEN.java:26)
	at java_programs.FLATTEN.flatten(FLATTEN.java:26)
	at java_programs.FLATTEN.flatten(FLATTEN.java:26)
	at java_programs.FLATTEN.flatten(FLATTEN.java:26)
	at java_programs.FLATTEN.flatten(FLATTEN.java:26)
	at java_programs.FLATTEN.flatten(FLATTEN.java:26)
	at java_programs.FLATTEN.flatten(FLATTEN.java:26)
	at java_programs.FLATTEN.flatten(FLATTEN.java:26)
	at java_programs.FLATTEN.flatten(FLATTEN.java:26)
	at java_programs.FLATTEN.flatten(FLATTEN.java:26)
	at java_programs.FLATTEN.flatten(FLATTEN.java:26)
	at java_programs.FLATTEN.flatten(FLATTEN.java:26)
	at java_programs.FLATTEN.flatten(FLATTEN.java:26)
	at java_programs.FLATTEN.flatten(FLATTEN.java:26)
	at java_programs.FLATTEN.flatten(FLATTEN.java:26)
	at java_programs.FLATTEN.flatten(FLATTEN.java:26)
	at java_programs.FLATTEN.flatten(FLATTEN.java:26)
	at java_programs.FLATTEN.flatten(FLATTEN.java:26)
	at java_programs.FLATTEN.flatten(FLATTEN.java:26)
	at java_programs.FLATTEN.flatten(FLATTEN.java:26)
	at java_programs.FLATTEN.flatten(FLATTEN.java:26)
	at java_programs.FLATTEN.flatten(FLATTEN.java:26)
	at java_programs.FLATTEN.flatten(FLATTEN.java:26)
	at java_programs.FLATTEN.flatten(FLATTEN.java:26)
	at java_programs.FLATTEN.flatten(FLATTEN.java:26)
	at java_programs.FLATTEN.flatten(FLATTEN.java:26)
	at java_programs.FLATTEN.flatten(FLATTEN.java:26)
	at java_programs.FLATTEN.flatten(FLATTEN.java:26)
	at java_programs.FLATTEN.flatten(FLATTEN.java:26)
	at java_programs.FLATTEN.flatten(FLATTEN.java:26)
	at java_programs.FLATTEN.flatten(FLATTEN.java:26)
	at java_programs.FLATTEN.flatten(FLATTEN.java:26)
	at java_programs.FLATTEN.flatten(FLATTEN.java:26)
	at java_programs.FLATTEN.flatten(FLATTEN.java:26)
	at java_programs.FLATTEN.flatten(FLATTEN.java:26)
	at java_programs.FLATTEN.flatten(FLATTEN.java:26)
	at java_programs.FLATTEN.flatten(FLATTEN.java:26)
	at java_programs.FLATTEN.flatten(FLATTEN.java:26)
	at java_programs.FLATTEN.flatten(FLATTEN.java:26)
	at java_programs.FLATTEN.flatten(FLATTEN.java:26)
	at java_programs.FLATTEN.flatten(FLATTEN.java:26)
	at java_programs.FLATTEN.flatten(FLATTEN.java:26)
	at java_programs.FLATTEN.flatten(FLATTEN.java:26)
	at java_programs.FLATTEN.flatten(FLATTEN.java:26)
	at java_programs.FLATTEN.flatten(FLATTEN.java:26)
	at java_programs.FLATTEN.flatten(FLATTEN.java:26)
	at java_programs.FLATTEN.flatten(FLATTEN.java:26)
	at java_programs.FLATTEN.flatten(FLATTEN.java:26)
	at java_programs.FLATTEN.flatten(FLATTEN.java:26)
	at java_programs.FLATTEN.flatten(FLATTEN.java:26)
	at java_programs.FLATTEN.flatten(FLATTEN.java:26)
	at java_programs.FLATTEN.flatten(FLATTEN.java:26)
	at java_programs.FLATTEN.flatten(FLATTEN.java:26)
	at java_programs.FLATTEN.flatten(FLATTEN.java:26)
	at java_programs.FLATTEN.flatten(FLATTEN.java:26)
	at java_programs.FLATTEN.flatten(FLATTEN.java:26)
	at java_programs.FLATTEN.flatten(FLATTEN.java:26)
	at java_programs.FLATTEN.flatten(FLATTEN.java:26)
	at java_programs.FLATTEN.flatten(FLATTEN.java:26)
	at java_programs.FLATTEN.flatten(FLATTEN.java:26)
	at java_programs.FLATTEN.flatten(FLATTEN.java:26)
	at java_programs.FLATTEN.flatten(FLATTEN.java:26)
	at java_programs.FLATTEN.flatten(FLATTEN.java:26)
	at java_programs.FLATTEN.flatten(FLATTEN.java:26)
	at java_programs.FLATTEN.flatten(FLATTEN.java:26)
	at java_programs.FLATTEN.flatten(FLATTEN.java:26)
	at java_programs.FLATTEN.flatten(FLATTEN.java:26)
	at java_programs.FLATTEN.flatten(FLATTEN.java:26)
	at java_programs.FLATTEN.flatten(FLATTEN.java:26)
	at java_programs.FLATTEN.flatten(FLATTEN.java:26)
	at java_programs.FLATTEN.flatten(FLATTEN.java:26)
	at java_programs.FLATTEN.flatten(FLATTEN.java:26)
	at java_programs.FLATTEN.flatten(FLATTEN.java:26)
	at java_programs.FLATTEN.flatten(FLATTEN.java:26)
	at java_programs.FLATTEN.flatten(FLATTEN.java:26)
	at java_programs.FLATTEN.flatten(FLATTEN.java:26)
	at java_programs.FLATTEN.flatten(FLATTEN.java:26)
	at java_programs.FLATTEN.flatten(FLATTEN.java:26)
	at java_programs.FLATTEN.flatten(FLATTEN.java:26)
	at java_programs.FLATTEN.flatten(FLATTEN.java:26)
	at java_programs.FLATTEN.flatten(FLATTEN.java:26)
	at java_programs.FLATTEN.flatten(FLATTEN.java:26)
	at java_programs.FLATTEN.flatten(FLATTEN.java:26)
	at java_programs.FLATTEN.flatten(FLATTEN.java:26)
	at java_programs.FLATTEN.flatten(FLATTEN.java:26)
	at java_programs.FLATTEN.flatten(FLATTEN.java:26)
	at java_programs.FLATTEN.flatten(FLATTEN.java:26)
	at java_programs.FLATTEN.flatten(FLATTEN.java:26)
	at java_programs.FLATTEN.flatten(FLATTEN.java:26)
	at java_programs.FLATTEN.flatten(FLATTEN.java:26)
	at java_programs.FLATTEN.flatten(FLATTEN.java:26)
	at java_programs.FLATTEN.flatten(FLATTEN.java:26)
	at java_programs.FLATTEN.flatten(FLATTEN.java:26)
	at java_programs.FLATTEN.flatten(FLATTEN.java:26)
	at java_programs.FLATTEN.flatten(FLATTEN.java:26)
	at java_programs.FLATTEN.flatten(FLATTEN.java:26)
	at java_programs.FLATTEN.flatten(FLATTEN.java:26)
	at java_programs.FLATTEN.flatten(FLATTEN.java:26)
	at java_programs.FLATTEN.flatten(FLATTEN.java:26)
	at java_programs.FLATTEN.flatten(FLATTEN.java:26)
	at java_programs.FLATTEN.flatten(FLATTEN.java:26)
	at java_programs.FLATTEN.flatten(FLATTEN.java:26)
	at java_programs.FLATTEN.flatten(FLATTEN.java:26)
	at java_programs.FLATTEN.flatten(FLATTEN.java:26)
	at java_programs.FLATTEN.flatten(FLATTEN.java:26)
	at java_programs.FLATTEN.flatten(FLATTEN.java:26)
	at java_programs.FLATTEN.flatten(FLATTEN.java:26)
	at java_programs.FLATTEN.flatten(FLATTEN.java:26)
	at java_programs.FLATTEN.flatten(FLATTEN.java:26)
	at java_programs.FLATTEN.flatten(FLATTEN.java:26)
	at java_programs.FLATTEN.flatten(FLATTEN.java:26)
	at java_programs.FLATTEN.flatten(FLATTEN.java:26)
	at java_programs.FLATTEN.flatten(FLATTEN.java:26)
	at java_programs.FLATTEN.flatten(FLATTEN.java:26)
	at java_programs.FLATTEN.flatten(FLATTEN.java:26)
	at java_programs.FLATTEN.flatten(FLATTEN.java:26)
	at java_programs.FLATTEN.flatten(FLATTEN.java:26)
	at java_programs.FLATTEN.flatten(FLATTEN.java:26)
	at java_programs.FLATTEN.flatten(FLATTEN.java:26)
	at java_programs.FLATTEN.flatten(FLATTEN.java:26)
	at java_programs.FLATTEN.flatten(FLATTEN.java:26)
	at java_programs.FLATTEN.flatten(FLATTEN.java:26)
	at java_programs.FLATTEN.flatten(FLATTEN.java:26)
	at java_programs.FLATTEN.flatten(FLATTEN.java:26)
	at java_programs.FLATTEN.flatten(FLATTEN.java:26)
	at java_programs.FLATTEN.flatten(FLATTEN.java:26)
	at java_programs.FLATTEN.flatten(FLATTEN.java:26)
	at java_programs.FLATTEN.flatten(FLATTEN.java:26)
	at java_programs.FLATTEN.flatten(FLATTEN.java:26)
	at java_programs.FLATTEN.flatten(FLATTEN.java:26)
	at java_programs.FLATTEN.flatten(FLATTEN.java:26)
	at java_programs.FLATTEN.flatten(FLATTEN.java:26)
	at java_programs.FLATTEN.flatten(FLATTEN.java:26)
	at java_programs.FLATTEN.flatten(FLATTEN.java:26)
	at java_programs.FLATTEN.flatten(FLATTEN.java:26)
	at java_programs.FLATTEN.flatten(FLATTEN.java:26)
	at java_programs.FLATTEN.flatten(FLATTEN.java:26)
	at java_programs.FLATTEN.flatten(FLATTEN.java:26)
	at java_programs.FLATTEN.flatten(FLATTEN.java:26)
	at java_programs.FLATTEN.flatten(FLATTEN.java:26)
	at java_programs.FLATTEN.flatten(FLATTEN.java:26)
	at java_programs.FLATTEN.flatten(FLATTEN.java:26)
	at java_programs.FLATTEN.flatten(FLATTEN.java:26)
	at java_programs.FLATTEN.flatten(FLATTEN.java:26)
	at java_programs.FLATTEN.flatten(FLATTEN.java:26)
	at java_programs.FLATTEN.flatten(FLATTEN.java:26)
	at java_programs.FLATTEN.flatten(FLATTEN.java:26)
	at java_programs.FLATTEN.flatten(FLATTEN.java:26)
	at java_programs.FLATTEN.flatten(FLATTEN.java:26)
	at java_programs.FLATTEN.flatten(FLATTEN.java:26)
	at java_programs.FLATTEN.flatten(FLATTEN.java:26)
	at java_programs.FLATTEN.flatten(FLATTEN.java:26)
	at java_programs.FLATTEN.flatten(FLATTEN.java:26)
	at java_programs.FLATTEN.flatten(FLATTEN.java:26)
	at java_programs.FLATTEN.flatten(FLATTEN.java:26)
	at java_programs.FLATTEN.flatten(FLATTEN.java:26)
	at java_programs.FLATTEN.flatten(FLATTEN.java:26)
	at java_programs.FLATTEN.flatten(FLATTEN.java:26)
	at java_programs.FLATTEN.flatten(FLATTEN.java:26)
	at java_programs.FLATTEN.flatten(FLATTEN.java:26)
	at java_programs.FLATTEN.flatten(FLATTEN.java:26)
	at java_programs.FLATTEN.flatten(FLATTEN.java:26)
	at java_programs.FLATTEN.flatten(FLATTEN.java:26)
	at java_programs.FLATTEN.flatten(FLATTEN.java:26)
	at java_programs.FLATTEN.flatten(FLATTEN.java:26)
	at java_programs.FLATTEN.flatten(FLATTEN.java:26)
	at java_programs.FLATTEN.flatten(FLATTEN.java:26)
	at java_programs.FLATTEN.flatten(FLATTEN.java:26)
	at java_programs.FLATTEN.flatten(FLATTEN.java:26)
	at java_programs.FLATTEN.flatten(FLATTEN.java:26)
	at java_programs.FLATTEN.flatten(FLATTEN.java:26)
	at java_programs.FLATTEN.flatten(FLATTEN.java:26)
	at java_programs.FLATTEN.flatten(FLATTEN.java:26)
	at java_programs.FLATTEN.flatten(FLATTEN.java:26)
	at java_programs.FLATTEN.flatten(FLATTEN.java:26)
	at java_programs.FLATTEN.flatten(FLATTEN.java:26)
	at java_programs.FLATTEN.flatten(FLATTEN.java:26)
	at java_programs.FLATTEN.flatten(FLATTEN.java:26)
	at java_programs.FLATTEN.flatten(FLATTEN.java:26)
	at java_programs.FLATTEN.flatten(FLATTEN.java:26)
	at java_programs.FLATTEN.flatten(FLATTEN.java:26)
	at java_programs.FLATTEN.flatten(FLATTEN.java:26)
	at java_programs.FLATTEN.flatten(FLATTEN.java:26)
	at java_programs.FLATTEN.flatten(FLATTEN.java:26)
	at java_programs.FLATTEN.flatten(FLATTEN.java:26)
	at java_programs.FLATTEN.flatten(FLATTEN.java:26)
	at java_programs.FLATTEN.flatten(FLATTEN.java:26)
	at java_programs.FLATTEN.flatten(FLATTEN.java:26)
	at java_programs.FLATTEN.flatten(FLATTEN.java:26)
	at java_programs.FLATTEN.flatten(FLATTEN.java:26)
	at java_programs.FLATTEN.flatten(FLATTEN.java:26)
	at java_programs.FLATTEN.flatten(FLATTEN.java:26)
	at java_programs.FLATTEN.flatten(FLATTEN.java:26)
	at java_programs.FLATTEN.flatten(FLATTEN.java:26)
	at java_programs.FLATTEN.flatten(FLATTEN.java:26)
	at java_programs.FLATTEN.flatten(FLATTEN.java:26)
	at java_programs.FLATTEN.flatten(FLATTEN.java:26)
	at java_programs.FLATTEN.flatten(FLATTEN.java:26)
	at java_programs.FLATTEN.flatten(FLATTEN.java:26)
	at java_programs.FLATTEN.flatten(FLATTEN.java:26)
	at java_programs.FLATTEN.flatten(FLATTEN.java:26)
	at java_programs.FLATTEN.flatten(FLATTEN.java:26)
	at java_programs.FLATTEN.flatten(FLATTEN.java:26)
	at java_programs.FLATTEN.flatten(FLATTEN.java:26)
	at java_programs.FLATTEN.flatten(FLATTEN.java:26)
	at java_programs.FLATTEN.flatten(FLATTEN.java:26)
	at java_programs.FLATTEN.flatten(FLATTEN.java:26)
	at java_programs.FLATTEN.flatten(FLATTEN.java:26)
	at java_programs.FLATTEN.flatten(FLATTEN.java:26)
	at java_programs.FLATTEN.flatten(FLATTEN.java:26)
	at java_programs.FLATTEN.flatten(FLATTEN.java:26)
	at java_programs.FLATTEN.flatten(FLATTEN.java:26)
	at java_programs.FLATTEN.flatten(FLATTEN.java:26)
	at java_programs.FLATTEN.flatten(FLATTEN.java:26)
	at java_programs.FLATTEN.flatten(FLATTEN.java:26)
	at java_programs.FLATTEN.flatten(FLATTEN.java:26)
	at java_programs.FLATTEN.flatten(FLATTEN.java:26)
	at java_programs.FLATTEN.flatten(FLATTEN.java:26)
	at java_programs.FLATTEN.flatten(FLATTEN.java:26)
	at java_programs.FLATTEN.flatten(FLATTEN.java:26)
	at java_programs.FLATTEN.flatten(FLATTEN.java:26)
	at java_programs.FLATTEN.flatten(FLATTEN.java:26)
	at java_programs.FLATTEN.flatten(FLATTEN.java:26)
	at java_programs.FLATTEN.flatten(FLATTEN.java:26)
	at java_programs.FLATTEN.flatten(FLATTEN.java:26)
	at java_programs.FLATTEN.flatten(FLATTEN.java:26)
	at java_programs.FLATTEN.flatten(FLATTEN.java:26)
	at java_programs.FLATTEN.flatten(FLATTEN.java:26)
	at java_programs.FLATTEN.flatten(FLATTEN.java:26)
	at java_programs.FLATTEN.flatten(FLATTEN.java:26)
	at java_programs.FLATTEN.flatten(FLATTEN.java:26)
	at java_programs.FLATTEN.flatten(FLATTEN.java:26)
	at java_programs.FLATTEN.flatten(FLATTEN.java:26)
	at java_programs.FLATTEN.flatten(FLATTEN.java:26)
	at java_programs.FLATTEN.flatten(FLATTEN.java:26)
	at java_programs.FLATTEN.flatten(FLATTEN.java:26)
	at java_programs.FLATTEN.flatten(FLATTEN.java:26)
	at java_programs.FLATTEN.flatten(FLATTEN.java:26)
	at java_programs.FLATTEN.flatten(FLATTEN.java:26)
	at java_programs.FLATTEN.flatten(FLATTEN.java:26)
	at java_programs.FLATTEN.flatten(FLATTEN.java:26)
	at java_programs.FLATTEN.flatten(FLATTEN.java:26)
	at java_programs.FLATTEN.flatten(FLATTEN.java:26)
	at java_programs.FLATTEN.flatten(FLATTEN.java:26)
	at java_programs.FLATTEN.flatten(FLATTEN.java:26)
	at java_programs.FLATTEN.flatten(FLATTEN.java:26)
	at java_programs.FLATTEN.flatten(FLATTEN.java:26)
	at java_programs.FLATTEN.flatten(FLATTEN.java:26)
	at java_programs.FLATTEN.flatten(FLATTEN.java:26)
	at java_programs.FLATTEN.flatten(FLATTEN.java:26)
	at java_programs.FLATTEN.flatten(FLATTEN.java:26)
	at java_programs.FLATTEN.flatten(FLATTEN.java:26)
	at java_programs.FLATTEN.flatten(FLATTEN.java:26)
	at java_programs.FLATTEN.flatten(FLATTEN.java:26)
	at java_programs.FLATTEN.flatten(FLATTEN.java:26)
	at java_programs.FLATTEN.flatten(FLATTEN.java:26)
	at java_programs.FLATTEN.flatten(FLATTEN.java:26)
	at java_programs.FLATTEN.flatten(FLATTEN.java:26)
	at java_programs.FLATTEN.flatten(FLATTEN.java:26)
	at java_programs.FLATTEN.flatten(FLATTEN.java:26)
	at java_programs.FLATTEN.flatten(FLATTEN.java:26)
	at java_programs.FLATTEN.flatten(FLATTEN.java:26)
	at java_programs.FLATTEN.flatten(FLATTEN.java:26)
	at java_programs.FLATTEN.flatten(FLATTEN.java:26)
	at java_programs.FLATTEN.flatten(FLATTEN.java:26)
	at java_programs.FLATTEN.flatten(FLATTEN.java:26)
	at java_programs.FLATTEN.flatten(FLATTEN.java:26)
	at java_programs.FLATTEN.flatten(FLATTEN.java:26)
	at java_programs.FLATTEN.flatten(FLATTEN.java:26)
	at java_programs.FLATTEN.flatten(FLATTEN.java:26)
	at java_programs.FLATTEN.flatten(FLATTEN.java:26)
	at java_programs.FLATTEN.flatten(FLATTEN.java:26)
	at java_programs.FLATTEN.flatten(FLATTEN.java:26)
	at java_programs.FLATTEN.flatten(FLATTEN.java:26)
	at java_programs.FLATTEN.flatten(FLATTEN.java:26)
	at java_programs.FLATTEN.flatten(FLATTEN.java:26)
	at java_programs.FLATTEN.flatten(FLATTEN.java:26)
	at java_programs.FLATTEN.flatten(FLATTEN.java:26)
	at java_programs.FLATTEN.flatten(FLATTEN.java:26)
	at java_programs.FLATTEN.flatten(FLATTEN.java:26)
	at java_programs.FLATTEN.flatten(FLATTEN.java:26)
	at java_programs.FLATTEN.flatten(FLATTEN.java:26)
	at java_programs.FLATTEN.flatten(FLATTEN.java:26)
	at java_programs.FLATTEN.flatten(FLATTEN.java:26)
	at java_programs.FLATTEN.flatten(FLATTEN.java:26)
	at java_programs.FLATTEN.flatten(FLATTEN.java:26)
	at java_programs.FLATTEN.flatten(FLATTEN.java:26)
	at java_programs.FLATTEN.flatten(FLATTEN.java:26)
	at java_programs.FLATTEN.flatten(FLATTEN.java:26)
	at java_programs.FLATTEN.flatten(FLATTEN.java:26)
	at java_programs.FLATTEN.flatten(FLATTEN.java:26)
	at java_programs.FLATTEN.flatten(FLATTEN.java:26)
	at java_programs.FLATTEN.flatten(FLATTEN.java:26)
	at java_programs.FLATTEN.flatten(FLATTEN.java:26)
	at java_programs.FLATTEN.flatten(FLATTEN.java:26)
	at java_programs.FLATTEN.flatten(FLATTEN.java:26)
	at java_programs.FLATTEN.flatten(FLATTEN.java:26)
	at java_programs.FLATTEN.flatten(FLATTEN.java:26)
	at java_programs.FLATTEN.flatten(FLATTEN.java:26)
	at java_programs.FLATTEN.flatten(FLATTEN.java:26)
	at java_programs.FLATTEN.flatten(FLATTEN.java:26)
	at java_programs.FLATTEN.flatten(FLATTEN.java:26)
	at java_programs.FLATTEN.flatten(FLATTEN.java:26)
	at java_programs.FLATTEN.flatten(FLATTEN.java:26)
	at java_programs.FLATTEN.flatten(FLATTEN.java:26)
	at java_programs.FLATTEN.flatten(FLATTEN.java:26)
	at java_programs.FLATTEN.flatten(FLATTEN.java:26)
	at java_programs.FLATTEN.flatten(FLATTEN.java:26)
	at java_programs.FLATTEN.flatten(FLATTEN.java:26)
	at java_programs.FLATTEN.flatten(FLATTEN.java:26)
	at java_programs.FLATTEN.flatten(FLATTEN.java:26)
	at java_programs.FLATTEN.flatten(FLATTEN.java:26)
	at java_programs.FLATTEN.flatten(FLATTEN.java:26)
	at java_programs.FLATTEN.flatten(FLATTEN.java:26)
	at java_programs.FLATTEN.flatten(FLATTEN.java:26)
	at java_programs.FLATTEN.flatten(FLATTEN.java:26)
	at java_programs.FLATTEN.flatten(FLATTEN.java:26)
	at java_programs.FLATTEN.flatten(FLATTEN.java:26)
	at java_programs.FLATTEN.flatten(FLATTEN.java:26)
	at java_programs.FLATTEN.flatten(FLATTEN.java:26)
	at java_programs.FLATTEN.flatten(FLATTEN.java:26)
	at java_programs.FLATTEN.flatten(FLATTEN.java:26)
	at java_programs.FLATTEN.flatten(FLATTEN.java:26)
	at java_programs.FLATTEN.flatten(FLATTEN.java:26)
	at java_programs.FLATTEN.flatten(FLATTEN.java:26)
	at java_programs.FLATTEN.flatten(FLATTEN.java:26)
	at java_programs.FLATTEN.flatten(FLATTEN.java:26)
	at java_programs.FLATTEN.flatten(FLATTEN.java:26)
	at java_programs.FLATTEN.flatten(FLATTEN.java:26)
	at java_programs.FLATTEN.flatten(FLATTEN.java:26)
	at java_programs.FLATTEN.flatten(FLATTEN.java:26)
	at java_programs.FLATTEN.flatten(FLATTEN.java:26)
	at java_programs.FLATTEN.flatten(FLATTEN.java:26)
	at java_programs.FLATTEN.flatten(FLATTEN.java:26)
	at java_programs.FLATTEN.flatten(FLATTEN.java:26)
	at java_programs.FLATTEN.flatten(FLATTEN.java:26)
	at java_programs.FLATTEN.flatten(FLATTEN.java:26)
	at java_programs.FLATTEN.flatten(FLATTEN.java:26)
	at java_programs.FLATTEN.flatten(FLATTEN.java:26)
	at java_programs.FLATTEN.flatten(FLATTEN.java:26)
	at java_programs.FLATTEN.flatten(FLATTEN.java:26)
	at java_programs.FLATTEN.flatten(FLATTEN.java:26)
	at java_programs.FLATTEN.flatten(FLATTEN.java:26)
	at java_programs.FLATTEN.flatten(FLATTEN.java:26)
	at java_programs.FLATTEN.flatten(FLATTEN.java:26)
	at java_programs.FLATTEN.flatten(FLATTEN.java:26)
	at java_programs.FLATTEN.flatten(FLATTEN.java:26)
	at java_programs.FLATTEN.flatten(FLATTEN.java:26)
	at java_programs.FLATTEN.flatten(FLATTEN.java:26)
	at java_programs.FLATTEN.flatten(FLATTEN.java:26)
	at java_programs.FLATTEN.flatten(FLATTEN.java:26)
	at java_programs.FLATTEN.flatten(FLATTEN.java:26)
	at java_programs.FLATTEN.flatten(FLATTEN.java:26)
	at java_programs.FLATTEN.flatten(FLATTEN.java:26)
	at java_programs.FLATTEN.flatten(FLATTEN.java:26)
	at java_programs.FLATTEN.flatten(FLATTEN.java:26)
	at java_programs.FLATTEN.flatten(FLATTEN.java:26)
	at java_programs.FLATTEN.flatten(FLATTEN.java:26)
	at java_programs.FLATTEN.flatten(FLATTEN.java:26)
	at java_programs.FLATTEN.flatten(FLATTEN.java:26)
	at java_programs.FLATTEN.flatten(FLATTEN.java:26)
	at java_programs.FLATTEN.flatten(FLATTEN.java:26)
	at java_programs.FLATTEN.flatten(FLATTEN.java:26)
	at java_programs.FLATTEN.flatten(FLATTEN.java:26)
	at java_programs.FLATTEN.flatten(FLATTEN.java:26)
	at java_programs.FLATTEN.flatten(FLATTEN.java:26)
	at java_programs.FLATTEN.flatten(FLATTEN.java:26)
	at java_programs.FLATTEN.flatten(FLATTEN.java:26)
	at java_programs.FLATTEN.flatten(FLATTEN.java:26)
	at java_programs.FLATTEN.flatten(FLATTEN.java:26)
	at java_programs.FLATTEN.flatten(FLATTEN.java:26)
	at java_programs.FLATTEN.flatten(FLATTEN.java:26)
	at java_programs.FLATTEN.flatten(FLATTEN.java:26)
	at java_programs.FLATTEN.flatten(FLATTEN.java:26)
	at java_programs.FLATTEN.flatten(FLATTEN.java:26)
	at java_programs.FLATTEN.flatten(FLATTEN.java:26)
	at java_programs.FLATTEN.flatten(FLATTEN.java:26)
	at java_programs.FLATTEN.flatten(FLATTEN.java:26)
	at java_programs.FLATTEN.flatten(FLATTEN.java:26)
	at java_programs.FLATTEN.flatten(FLATTEN.java:26)
	at java_programs.FLATTEN.flatten(FLATTEN.java:26)
	at java_programs.FLATTEN.flatten(FLATTEN.java:26)
	at java_programs.FLATTEN.flatten(FLATTEN.java:26)
	at java_programs.FLATTEN.flatten(FLATTEN.java:26)
	at java_programs.FLATTEN.flatten(FLATTEN.java:26)
	at java_programs.FLATTEN.flatten(FLATTEN.java:26)
	at java_programs.FLATTEN.flatten(FLATTEN.java:26)
	at java_programs.FLATTEN.flatten(FLATTEN.java:26)
	at java_programs.FLATTEN.flatten(FLATTEN.java:26)
	at java_programs.FLATTEN.flatten(FLATTEN.java:26)
	at java_programs.FLATTEN.flatten(FLATTEN.java:26)
	at java_programs.FLATTEN.flatten(FLATTEN.java:26)
	at java_programs.FLATTEN.flatten(FLATTEN.java:26)
	at java_programs.FLATTEN.flatten(FLATTEN.java:26)
	at java_programs.FLATTEN.flatten(FLATTEN.java:26)
	at java_programs.FLATTEN.flatten(FLATTEN.java:26)
	at java_programs.FLATTEN.flatten(FLATTEN.java:26)
	at java_programs.FLATTEN.flatten(FLATTEN.java:26)
	at java_programs.FLATTEN.flatten(FLATTEN.java:26)
	at java_programs.FLATTEN.flatten(FLATTEN.java:26)
	at java_programs.FLATTEN.flatten(FLATTEN.java:26)
	at java_programs.FLATTEN.flatten(FLATTEN.java:26)
	at java_programs.FLATTEN.flatten(FLATTEN.java:26)
	at java_programs.FLATTEN.flatten(FLATTEN.java:26)
	at java_programs.FLATTEN.flatten(FLATTEN.java:26)
	at java_programs.FLATTEN.flatten(FLATTEN.java:26)
	at java_programs.FLATTEN.flatten(FLATTEN.java:26)
	at java_programs.FLATTEN.flatten(FLATTEN.java:26)
	at java_programs.FLATTEN.flatten(FLATTEN.java:26)
	at java_programs.FLATTEN.flatten(FLATTEN.java:26)
	at java_programs.FLATTEN.flatten(FLATTEN.java:26)
	at java_programs.FLATTEN.flatten(FLATTEN.java:26)
	at java_programs.FLATTEN.flatten(FLATTEN.java:26)
	at java_programs.FLATTEN.flatten(FLATTEN.java:26)
	at java_programs.FLATTEN.flatten(FLATTEN.java:26)
	at java_programs.FLATTEN.flatten(FLATTEN.java:26)
	at java_programs.FLATTEN.flatten(FLATTEN.java:26)
	at java_programs.FLATTEN.flatten(FLATTEN.java:26)
	at java_programs.FLATTEN.flatten(FLATTEN.java:26)
	at java_programs.FLATTEN.flatten(FLATTEN.java:26)
	at java_programs.FLATTEN.flatten(FLATTEN.java:26)
	at java_programs.FLATTEN.flatten(FLATTEN.java:26)
	at java_programs.FLATTEN.flatten(FLATTEN.java:26)
	at java_programs.FLATTEN.flatten(FLATTEN.java:26)
	at java_programs.FLATTEN.flatten(FLATTEN.java:26)
	at java_programs.FLATTEN.flatten(FLATTEN.java:26)
	at java_programs.FLATTEN.flatten(FLATTEN.java:26)
	at java_programs.FLATTEN.flatten(FLATTEN.java:26)
	at java_programs.FLATTEN.flatten(FLATTEN.java:26)
	at java_programs.FLATTEN.flatten(FLATTEN.java:26)
	at java_programs.FLATTEN.flatten(FLATTEN.java:26)
	at java_programs.FLATTEN.flatten(FLATTEN.java:26)
	at java_programs.FLATTEN.flatten(FLATTEN.java:26)
	at java_programs.FLATTEN.flatten(FLATTEN.java:26)
	at java_programs.FLATTEN.flatten(FLATTEN.java:26)
	at java_programs.FLATTEN.flatten(FLATTEN.java:26)
	at java_programs.FLATTEN.flatten(FLATTEN.java:26)
	at java_programs.FLATTEN.flatten(FLATTEN.java:26)
	at java_programs.FLATTEN.flatten(FLATTEN.java:26)
	at java_programs.FLATTEN.flatten(FLATTEN.java:26)
	at java_programs.FLATTEN.flatten(FLATTEN.java:26)
	at java_programs.FLATTEN.flatten(FLATTEN.java:26)
	at java_programs.FLATTEN.flatten(FLATTEN.java:26)
	at java_programs.FLATTEN.flatten(FLATTEN.java:26)
	at java_programs.FLATTEN.flatten(FLATTEN.java:26)
	at java_programs.FLATTEN.flatten(FLATTEN.java:26)
	at java_programs.FLATTEN.flatten(FLATTEN.java:26)
	at java_programs.FLATTEN.flatten(FLATTEN.java:26)
	at java_programs.FLATTEN.flatten(FLATTEN.java:26)
	at java_programs.FLATTEN.flatten(FLATTEN.java:26)
	at java_programs.FLATTEN.flatten(FLATTEN.java:26)
	at java_programs.FLATTEN.flatten(FLATTEN.java:26)
	at java_programs.FLATTEN.flatten(FLATTEN.java:26)
	at java_programs.FLATTEN.flatten(FLATTEN.java:26)
	at java_programs.FLATTEN.flatten(FLATTEN.java:26)
	at java_programs.FLATTEN.flatten(FLATTEN.java:26)
	at java_programs.FLATTEN.flatten(FLATTEN.java:26)
	at java_programs.FLATTEN.flatten(FLATTEN.java:26)
	at java_programs.FLATTEN.flatten(FLATTEN.java:26)
	at java_programs.FLATTEN.flatten(FLATTEN.java:26)
	at java_programs.FLATTEN.flatten(FLATTEN.java:26)
	at java_programs.FLATTEN.flatten(FLATTEN.java:26)
	at java_programs.FLATTEN.flatten(FLATTEN.java:26)
	at java_programs.FLATTEN.flatten(FLATTEN.java:26)
	at java_programs.FLATTEN.flatten(FLATTEN.java:26)
	at java_programs.FLATTEN.flatten(FLATTEN.java:26)
	at java_programs.FLATTEN.flatten(FLATTEN.java:26)
	at java_programs.FLATTEN.flatten(FLATTEN.java:26)
	at java_programs.FLATTEN.flatten(FLATTEN.java:26)
	at java_programs.FLATTEN.flatten(FLATTEN.java:26)
	at java_programs.FLATTEN.flatten(FLATTEN.java:26)
	at java_programs.FLATTEN.flatten(FLATTEN.java:26)
	at java_programs.FLATTEN.flatten(FLATTEN.java:26)
	at java_programs.FLATTEN.flatten(FLATTEN.java:26)
	at java_programs.FLATTEN.flatten(FLATTEN.java:26)
	at java_programs.FLATTEN.flatten(FLATTEN.java:26)
	at java_programs.FLATTEN.flatten(FLATTEN.java:26)
	at java_programs.FLATTEN.flatten(FLATTEN.java:26)
	at java_programs.FLATTEN.flatten(FLATTEN.java:26)
	at java_programs.FLATTEN.flatten(FLATTEN.java:26)
	at java_programs.FLATTEN.flatten(FLATTEN.java:26)
	at java_programs.FLATTEN.flatten(FLATTEN.java:26)
	at java_programs.FLATTEN.flatten(FLATTEN.java:26)
	at java_programs.FLATTEN.flatten(FLATTEN.java:26)
	at java_programs.FLATTEN.flatten(FLATTEN.java:26)
	at java_programs.FLATTEN.flatten(FLATTEN.java:26)
	at java_programs.FLATTEN.flatten(FLATTEN.java:26)
	at java_programs.FLATTEN.flatten(FLATTEN.java:26)
	at java_programs.FLATTEN.flatten(FLATTEN.java:26)
	at java_programs.FLATTEN.flatten(FLATTEN.java:26)
	at java_programs.FLATTEN.flatten(FLATTEN.java:26)
	at java_programs.FLATTEN.flatten(FLATTEN.java:26)
	at java_programs.FLATTEN.flatten(FLATTEN.java:26)
	at java_programs.FLATTEN.flatten(FLATTEN.java:26)
	at java_programs.FLATTEN.flatten(FLATTEN.java:26)
	at java_programs.FLATTEN.flatten(FLATTEN.java:26)
	at java_programs.FLATTEN.flatten(FLATTEN.java:26)
	at java_programs.FLATTEN.flatten(FLATTEN.java:26)
	at java_programs.FLATTEN.flatten(FLATTEN.java:26)
	at java_programs.FLATTEN.flatten(FLATTEN.java:26)
	at java_programs.FLATTEN.flatten(FLATTEN.java:26)
	at java_programs.FLATTEN.flatten(FLATTEN.java:26)
	at java_programs.FLATTEN.flatten(FLATTEN.java:26)
	at java_programs.FLATTEN.flatten(FLATTEN.java:26)
	at java_programs.FLATTEN.flatten(FLATTEN.java:26)
	at java_programs.FLATTEN.flatten(FLATTEN.java:26)
	at java_programs.FLATTEN.flatten(FLATTEN.java:26)
	at java_programs.FLATTEN.flatten(FLATTEN.java:26)
	at java_programs.FLATTEN.flatten(FLATTEN.java:26)
	at java_programs.FLATTEN.flatten(FLATTEN.java:26)
	at java_programs.FLATTEN.flatten(FLATTEN.java:26)
	at java_programs.FLATTEN.flatten(FLATTEN.java:26)
	at java_programs.FLATTEN.flatten(FLATTEN.java:26)
	at java_programs.FLATTEN.flatten(FLATTEN.java:26)
	at java_programs.FLATTEN.flatten(FLATTEN.java:26)
	at java_programs.FLATTEN.flatten(FLATTEN.java:26)
	at java_programs.FLATTEN.flatten(FLATTEN.java:26)
	at java_programs.FLATTEN.flatten(FLATTEN.java:26)
	at java_programs.FLATTEN.flatten(FLATTEN.java:26)
	at java_programs.FLATTEN.flatten(FLATTEN.java:26)
	at java_programs.FLATTEN.flatten(FLATTEN.java:26)
	at java_programs.FLATTEN.flatten(FLATTEN.java:26)
	at java_programs.FLATTEN.flatten(FLATTEN.java:26)
	at java_programs.FLATTEN.flatten(FLATTEN.java:26)
	at java_programs.FLATTEN.flatten(FLATTEN.java:26)
	at java_programs.FLATTEN.flatten(FLATTEN.java:26)
	at java_programs.FLATTEN.flatten(FLATTEN.java:26)
	at java_programs.FLATTEN.flatten(FLATTEN.java:26)
	at java_programs.FLATTEN.flatten(FLATTEN.java:26)
	at java_programs.FLATTEN.flatten(FLATTEN.java:26)
	at java_programs.FLATTEN.flatten(FLATTEN.java:26)
	at java_programs.FLATTEN.flatten(FLATTEN.java:26)
	at java_programs.FLATTEN.flatten(FLATTEN.java:26)
	at java_programs.FLATTEN.flatten(FLATTEN.java:26)
	at java_programs.FLATTEN.flatten(FLATTEN.java:26)
	at java_programs.FLATTEN.flatten(FLATTEN.java:26)
	at java_programs.FLATTEN.flatten(FLATTEN.java:26)
	at java_programs.FLATTEN.flatten(FLATTEN.java:26)
	at java_programs.FLATTEN.flatten(FLATTEN.java:26)
	at java_programs.FLATTEN.flatten(FLATTEN.java:26)
	at java_programs.FLATTEN.flatten(FLATTEN.java:26)
	at java_programs.FLATTEN.flatten(FLATTEN.java:26)
	at java_programs.FLATTEN.flatten(FLATTEN.java:26)
	at java_programs.FLATTEN.flatten(FLATTEN.java:26)
	at java_programs.FLATTEN.flatten(FLATTEN.java:26)
	at java_programs.FLATTEN.flatten(FLATTEN.java:26)
	at java_programs.FLATTEN.flatten(FLATTEN.java:26)
	at java_programs.FLATTEN.flatten(FLATTEN.java:26)
	at java_programs.FLATTEN.flatten(FLATTEN.java:26)
	at java_programs.FLATTEN.flatten(FLATTEN.java:26)
	at java_programs.FLATTEN.flatten(FLATTEN.java:26)
	at java_programs.FLATTEN.flatten(FLATTEN.java:26)
	at java_programs.FLATTEN.flatten(FLATTEN.java:26)
	at java_programs.FLATTEN.flatten(FLATTEN.java:26)
	at java_programs.FLATTEN.flatten(FLATTEN.java:26)
	at java_programs.FLATTEN.flatten(FLATTEN.java:26)
	at java_programs.FLATTEN.flatten(FLATTEN.java:26)
	at java_programs.FLATTEN.flatten(FLATTEN.java:26)
	at java_programs.FLATTEN.flatten(FLATTEN.java:26)
	at java_programs.FLATTEN.flatten(FLATTEN.java:26)
	at java_programs.FLATTEN.flatten(FLATTEN.java:26)
	at java_programs.FLATTEN.flatten(FLATTEN.java:26)
	at java_programs.FLATTEN.flatten(FLATTEN.java:26)
	at java_programs.FLATTEN.flatten(FLATTEN.java:26)
	at java_programs.FLATTEN.flatten(FLATTEN.java:26)
	at java_programs.FLATTEN.flatten(FLATTEN.java:26)
	at java_programs.FLATTEN.flatten(FLATTEN.java:26)
	at java_programs.FLATTEN.flatten(FLATTEN.java:26)
	at java_programs.FLATTEN.flatten(FLATTEN.java:26)
	at java_programs.FLATTEN.flatten(FLATTEN.java:26)
	at java_programs.FLATTEN.flatten(FLATTEN.java:26)
	at java_programs.FLATTEN.flatten(FLATTEN.java:26)
	at java_programs.FLATTEN.flatten(FLATTEN.java:26)
	at java_programs.FLATTEN.flatten(FLATTEN.java:26)
	at java_programs.FLATTEN.flatten(FLATTEN.java:26)
	at java_programs.FLATTEN.flatten(FLATTEN.java:26)
	at java_programs.FLATTEN.flatten(FLATTEN.java:26)
	at java_programs.FLATTEN.flatten(FLATTEN.java:26)
	at java_programs.FLATTEN.flatten(FLATTEN.java:26)
	at java_programs.FLATTEN.flatten(FLATTEN.java:26)
	at java_programs.FLATTEN.flatten(FLATTEN.java:26)
	at java_programs.FLATTEN.flatten(FLATTEN.java:26)
	at java_programs.FLATTEN.flatten(FLATTEN.java:26)
	at java_programs.FLATTEN.flatten(FLATTEN.java:26)
	at java_programs.FLATTEN.flatten(FLATTEN.java:26)
	at java_programs.FLATTEN.flatten(FLATTEN.java:26)
	at java_programs.FLATTEN.flatten(FLATTEN.java:26)
	at java_programs.FLATTEN.flatten(FLATTEN.java:26)
	at java_programs.FLATTEN.flatten(FLATTEN.java:26)
	at java_programs.FLATTEN.flatten(FLATTEN.java:26)
	at java_programs.FLATTEN.flatten(FLATTEN.java:26)
	at java_programs.FLATTEN.flatten(FLATTEN.java:26)
	at java_programs.FLATTEN.flatten(FLATTEN.java:26)
	at java_programs.FLATTEN.flatten(FLATTEN.java:26)
	at java_programs.FLATTEN.flatten(FLATTEN.java:26)
	at java_programs.FLATTEN.flatten(FLATTEN.java:26)
	at java_programs.FLATTEN.flatten(FLATTEN.java:26)
	at java_programs.FLATTEN.flatten(FLATTEN.java:26)
	at java_programs.FLATTEN.flatten(FLATTEN.java:26)
	at java_programs.FLATTEN.flatten(FLATTEN.java:26)
	at java_programs.FLATTEN.flatten(FLATTEN.java:26)
	at java_programs.FLATTEN.flatten(FLATTEN.java:26)
	at java_programs.FLATTEN.flatten(FLATTEN.java:26)
	at java_programs.FLATTEN.flatten(FLATTEN.java:26)
	at java_programs.FLATTEN.flatten(FLATTEN.java:26)
	at java_programs.FLATTEN.flatten(FLATTEN.java:26)
	at java_programs.FLATTEN.flatten(FLATTEN.java:26)
	at java_programs.FLATTEN.flatten(FLATTEN.java:26)
	at java_programs.FLATTEN.flatten(FLATTEN.java:26)
	at java_programs.FLATTEN.flatten(FLATTEN.java:26)
	at java_programs.FLATTEN.flatten(FLATTEN.java:26)
	at java_programs.FLATTEN.flatten(FLATTEN.java:26)
	at java_programs.FLATTEN.flatten(FLATTEN.java:26)
	at java_programs.FLATTEN.flatten(FLATTEN.java:26)
	at java_programs.FLATTEN.flatten(FLATTEN.java:26)
	at java_programs.FLATTEN.flatten(FLATTEN.java:26)
	at java_programs.FLATTEN.flatten(FLATTEN.java:26)
	at java_programs.FLATTEN.flatten(FLATTEN.java:26)
	at java_programs.FLATTEN.flatten(FLATTEN.java:26)
	at java_programs.FLATTEN.flatten(FLATTEN.java:26)
	at java_programs.FLATTEN.flatten(FLATTEN.java:26)
	at java_programs.FLATTEN.flatten(FLATTEN.java:26)
	at java_programs.FLATTEN.flatten(FLATTEN.java:26)
	at java_programs.FLATTEN.flatten(FLATTEN.java:26)
	at java_programs.FLATTEN.flatten(FLATTEN.java:26)
	at java_programs.FLATTEN.flatten(FLATTEN.java:26)
	at java_programs.FLATTEN.flatten(FLATTEN.java:26)
	at java_programs.FLATTEN.flatten(FLATTEN.java:26)
	at java_programs.FLATTEN.flatten(FLATTEN.java:26)
	at java_programs.FLATTEN.flatten(FLATTEN.java:26)
	at java_programs.FLATTEN.flatten(FLATTEN.java:26)
	at java_programs.FLATTEN.flatten(FLATTEN.java:26)
	at java_programs.FLATTEN.flatten(FLATTEN.java:26)
	at java_programs.FLATTEN.flatten(FLATTEN.java:26)
	at java_programs.FLATTEN.flatten(FLATTEN.java:26)
	at java_programs.FLATTEN.flatten(FLATTEN.java:26)
	at java_programs.FLATTEN.flatten(FLATTEN.java:26)
	at java_programs.FLATTEN.flatten(FLATTEN.java:26)
	at java_programs.FLATTEN.flatten(FLATTEN.java:26)
	at java_programs.FLATTEN.flatten(FLATTEN.java:26)
	at java_programs.FLATTEN.flatten(FLATTEN.java:26)
	at java_programs.FLATTEN.flatten(FLATTEN.java:26)
	at java_programs.FLATTEN.flatten(FLATTEN.java:26)
	at java_programs.FLATTEN.flatten(FLATTEN.java:26)
	at java_programs.FLATTEN.flatten(FLATTEN.java:26)
	at java_programs.FLATTEN.flatten(FLATTEN.java:26)
	at java_programs.FLATTEN.flatten(FLATTEN.java:26)
	at java_programs.FLATTEN.flatten(FLATTEN.java:26)
	at java_programs.FLATTEN.flatten(FLATTEN.java:26)
	at java_programs.FLATTEN.flatten(FLATTEN.java:26)
	at java_programs.FLATTEN.flatten(FLATTEN.java:26)
	at java_programs.FLATTEN.flatten(FLATTEN.java:26)
	at java_programs.FLATTEN.flatten(FLATTEN.java:26)
	at java_programs.FLATTEN.flatten(FLATTEN.java:26)
	at java_programs.FLATTEN.flatten(FLATTEN.java:26)
	at java_programs.FLATTEN.flatten(FLATTEN.java:26)
	at java_programs.FLATTEN.flatten(FLATTEN.java:26)
	at java_programs.FLATTEN.flatten(FLATTEN.java:26)
	at java_programs.FLATTEN.flatten(FLATTEN.java:26)
	at java_programs.FLATTEN.flatten(FLATTEN.java:26)
	at java_programs.FLATTEN.flatten(FLATTEN.java:26)
	at java_programs.FLATTEN.flatten(FLATTEN.java:26)
	at java_programs.FLATTEN.flatten(FLATTEN.java:26)
	at java_programs.FLATTEN.flatten(FLATTEN.java:26)
	at java_programs.FLATTEN.flatten(FLATTEN.java:26)
	at java_programs.FLATTEN.flatten(FLATTEN.java:26)
	at java_programs.FLATTEN.flatten(FLATTEN.java:26)
	at java_programs.FLATTEN.flatten(FLATTEN.java:26)
	at java_programs.FLATTEN.flatten(FLATTEN.java:26)
	at java_programs.FLATTEN.flatten(FLATTEN.java:26)
	at java_programs.FLATTEN.flatten(FLATTEN.java:26)
	at java_programs.FLATTEN.flatten(FLATTEN.java:26)
	at java_programs.FLATTEN.flatten(FLATTEN.java:26)
	at java_programs.FLATTEN.flatten(FLATTEN.java:26)
	at java_programs.FLATTEN.flatten(FLATTEN.java:26)
	at java_programs.FLATTEN.flatten(FLATTEN.java:26)
	at java_programs.FLATTEN.flatten(FLATTEN.java:26)
	at java_programs.FLATTEN.flatten(FLATTEN.java:26)
	at java_programs.FLATTEN.flatten(FLATTEN.java:26)
	at java_programs.FLATTEN.flatten(FLATTEN.java:26)
	at java_programs.FLATTEN.flatten(FLATTEN.java:26)
	at java_programs.FLATTEN.flatten(FLATTEN.java:26)
	at java_programs.FLATTEN.flatten(FLATTEN.java:26)
	at java_programs.FLATTEN.flatten(FLATTEN.java:26)
	at java_programs.FLATTEN.flatten(FLATTEN.java:26)
	at java_programs.FLATTEN.flatten(FLATTEN.java:26)
	at java_programs.FLATTEN.flatten(FLATTEN.java:26)
	at java_programs.FLATTEN.flatten(FLATTEN.java:26)
	at java_programs.FLATTEN.flatten(FLATTEN.java:26)
	at java_programs.FLATTEN.flatten(FLATTEN.java:26)
	at java_programs.FLATTEN.flatten(FLATTEN.java:26)
	at java_programs.FLATTEN.flatten(FLATTEN.java:26)
	at java_programs.FLATTEN.flatten(FLATTEN.java:26)
	at java_programs.FLATTEN.flatten(FLATTEN.java:26)
	at java_programs.FLATTEN.flatten(FLATTEN.java:26)
	at java_programs.FLATTEN.flatten(FLATTEN.java:26)
	at java_programs.FLATTEN.flatten(FLATTEN.java:26)
	at java_programs.FLATTEN.flatten(FLATTEN.java:26)
	at java_programs.FLATTEN.flatten(FLATTEN.java:26)
	at java_programs.FLATTEN.flatten(FLATTEN.java:26)
	at java_programs.FLATTEN.flatten(FLATTEN.java:26)
	at java_programs.FLATTEN.flatten(FLATTEN.java:26)
	at java_programs.FLATTEN.flatten(FLATTEN.java:26)
	at java_programs.FLATTEN.flatten(FLATTEN.java:26)
	at java_programs.FLATTEN.flatten(FLATTEN.java:26)
	at java_programs.FLATTEN.flatten(FLATTEN.java:26)
	at java_programs.FLATTEN.flatten(FLATTEN.java:26)
	at java_programs.FLATTEN.flatten(FLATTEN.java:26)
	at java_programs.FLATTEN.flatten(FLATTEN.java:26)
	at java_programs.FLATTEN.flatten(FLATTEN.java:26)
	at java_programs.FLATTEN.flatten(FLATTEN.java:26)
	at java_programs.FLATTEN.flatten(FLATTEN.java:26)
	at java_programs.FLATTEN.flatten(FLATTEN.java:26)
	at java_programs.FLATTEN.flatten(FLATTEN.java:26)
	at java_programs.FLATTEN.flatten(FLATTEN.java:26)
	at java_programs.FLATTEN.flatten(FLATTEN.java:26)
	at java_programs.FLATTEN.flatten(FLATTEN.java:26)
	at java_programs.FLATTEN.flatten(FLATTEN.java:26)
	at java_programs.FLATTEN.flatten(FLATTEN.java:26)
	at java_programs.FLATTEN.flatten(FLATTEN.java:26)
	at java_programs.FLATTEN.flatten(FLATTEN.java:26)
	at java_programs.FLATTEN.flatten(FLATTEN.java:26)
	at java_programs.FLATTEN.flatten(FLATTEN.java:26)
	at java_programs.FLATTEN.flatten(FLATTEN.java:26)
	at java_programs.FLATTEN.flatten(FLATTEN.java:26)
	at java_programs.FLATTEN.flatten(FLATTEN.java:26)
	at java_programs.FLATTEN.flatten(FLATTEN.java:26)
	at java_programs.FLATTEN.flatten(FLATTEN.java:26)
	at java_programs.FLATTEN.flatten(FLATTEN.java:26)
	at java_programs.FLATTEN.flatten(FLATTEN.java:26)
	at java_programs.FLATTEN.flatten(FLATTEN.java:26)
	at java_programs.FLATTEN.flatten(FLATTEN.java:26)
	at java_programs.FLATTEN.flatten(FLATTEN.java:26)
	at java_programs.FLATTEN.flatten(FLATTEN.java:26)
	at java_programs.FLATTEN.flatten(FLATTEN.java:26)
	at java_programs.FLATTEN.flatten(FLATTEN.java:26)
	at java_programs.FLATTEN.flatten(FLATTEN.java:26)
	at java_programs.FLATTEN.flatten(FLATTEN.java:26)
	at java_programs.FLATTEN.flatten(FLATTEN.java:26)
	at java_programs.FLATTEN.flatten(FLATTEN.java:26)
	at java_programs.FLATTEN.flatten(FLATTEN.java:26)
	at java_programs.FLATTEN.flatten(FLATTEN.java:26)
	at java_programs.FLATTEN.flatten(FLATTEN.java:26)
	at java_programs.FLATTEN.flatten(FLATTEN.java:26)
	at java_programs.FLATTEN.flatten(FLATTEN.java:26)
	at java_programs.FLATTEN.flatten(FLATTEN.java:26)
	at java_programs.FLATTEN.flatten(FLATTEN.java:26)
	at java_programs.FLATTEN.flatten(FLATTEN.java:26)
	at java_programs.FLATTEN.flatten(FLATTEN.java:26)
	at java_programs.FLATTEN.flatten(FLATTEN.java:26)
	at java_programs.FLATTEN.flatten(FLATTEN.java:26)
	at java_programs.FLATTEN.flatten(FLATTEN.java:26)
	at java_programs.FLATTEN.flatten(FLATTEN.java:26)
	at java_programs.FLATTEN.flatten(FLATTEN.java:26)
	at java_programs.FLATTEN.flatten(FLATTEN.java:26)
	at java_programs.FLATTEN.flatten(FLATTEN.java:26)
	at java_programs.FLATTEN.flatten(FLATTEN.java:26)
	at java_programs.FLATTEN.flatten(FLATTEN.java:26)
	at java_programs.FLATTEN.flatten(FLATTEN.java:26)
	at java_programs.FLATTEN.flatten(FLATTEN.java:26)
	at java_programs.FLATTEN.flatten(FLATTEN.java:26)
	at java_programs.FLATTEN.flatten(FLATTEN.java:26)
	at java_programs.FLATTEN.flatten(FLATTEN.java:26)
	at java_programs.FLATTEN.flatten(FLATTEN.java:26)
	at java_programs.FLATTEN.flatten(FLATTEN.java:26)
	at java_programs.FLATTEN.flatten(FLATTEN.java:26)
	at java_programs.FLATTEN.flatten(FLATTEN.java:26)
	at java_programs.FLATTEN.flatten(FLATTEN.java:26)
	at java_programs.FLATTEN.flatten(FLATTEN.java:26)
	at java_programs.FLATTEN.flatten(FLATTEN.java:26)
	at java_programs.FLATTEN.flatten(FLATTEN.java:26)
	at java_programs.FLATTEN.flatten(FLATTEN.java:26)
	at java_programs.FLATTEN.flatten(FLATTEN.java:26)
	at java_programs.FLATTEN.flatten(FLATTEN.java:26)
	at java_programs.FLATTEN.flatten(FLATTEN.java:26)
	at java_programs.FLATTEN.flatten(FLATTEN.java:26)
	at java_programs.FLATTEN.flatten(FLATTEN.java:26)
	at java_programs.FLATTEN.flatten(FLATTEN.java:26)
	at java_programs.FLATTEN.flatten(FLATTEN.java:26)
	at java_programs.FLATTEN.flatten(FLATTEN.java:26)
	at java_programs.FLATTEN.flatten(FLATTEN.java:26)
	at java_programs.FLATTEN.flatten(FLATTEN.java:26)
	at java_programs.FLATTEN.flatten(FLATTEN.java:26)
	at java_programs.FLATTEN.flatten(FLATTEN.java:26)
	at java_programs.FLATTEN.flatten(FLATTEN.java:26)
	at java_programs.FLATTEN.flatten(FLATTEN.java:26)
	at java_programs.FLATTEN.flatten(FLATTEN.java:26)
	at java_programs.FLATTEN.flatten(FLATTEN.java:26)
	at java_programs.FLATTEN.flatten(FLATTEN.java:26)
	at java_programs.FLATTEN.flatten(FLATTEN.java:26)
	at java_programs.FLATTEN.flatten(FLATTEN.java:26)
	at java_programs.FLATTEN.flatten(FLATTEN.java:26)
	at java_programs.FLATTEN.flatten(FLATTEN.java:26)
	at java_programs.FLATTEN.flatten(FLATTEN.java:26)
	at java_programs.FLATTEN.flatten(FLATTEN.java:26)
	at java_programs.FLATTEN.flatten(FLATTEN.java:26)
	at java_programs.FLATTEN.flatten(FLATTEN.java:26)
	at java_programs.FLATTEN.flatten(FLATTEN.java:26)
	at java_programs.FLATTEN.flatten(FLATTEN.java:26)
	at java_programs.FLATTEN.flatten(FLATTEN.java:26)
	at java_programs.FLATTEN.flatten(FLATTEN.java:26)
	at java_programs.FLATTEN.flatten(FLATTEN.java:26)
	at java_programs.FLATTEN.flatten(FLATTEN.java:26)
	at java_programs.FLATTEN.flatten(FLATTEN.java:26)
	at java_programs.FLATTEN.flatten(FLATTEN.java:26)
	at java_programs.FLATTEN.flatten(FLATTEN.java:26)
</failure>
  </testcase>
  <testcase name="test_6" classname="java_testcases.junit.FLATTEN_TEST" time="0.104">
    <failure message="java.lang.StackOverflowError" type="java.lang.StackOverflowError">java.lang.StackOverflowError
	at java_programs.FLATTEN.flatten(FLATTEN.java:26)
	at java_programs.FLATTEN.flatten(FLATTEN.java:26)
	at java_programs.FLATTEN.flatten(FLATTEN.java:26)
	at java_programs.FLATTEN.flatten(FLATTEN.java:26)
	at java_programs.FLATTEN.flatten(FLATTEN.java:26)
	at java_programs.FLATTEN.flatten(FLATTEN.java:26)
	at java_programs.FLATTEN.flatten(FLATTEN.java:26)
	at java_programs.FLATTEN.flatten(FLATTEN.java:26)
	at java_programs.FLATTEN.flatten(FLATTEN.java:26)
	at java_programs.FLATTEN.flatten(FLATTEN.java:26)
	at java_programs.FLATTEN.flatten(FLATTEN.java:26)
	at java_programs.FLATTEN.flatten(FLATTEN.java:26)
	at java_programs.FLATTEN.flatten(FLATTEN.java:26)
	at java_programs.FLATTEN.flatten(FLATTEN.java:26)
	at java_programs.FLATTEN.flatten(FLATTEN.java:26)
	at java_programs.FLATTEN.flatten(FLATTEN.java:26)
	at java_programs.FLATTEN.flatten(FLATTEN.java:26)
	at java_programs.FLATTEN.flatten(FLATTEN.java:26)
	at java_programs.FLATTEN.flatten(FLATTEN.java:26)
	at java_programs.FLATTEN.flatten(FLATTEN.java:26)
	at java_programs.FLATTEN.flatten(FLATTEN.java:26)
	at java_programs.FLATTEN.flatten(FLATTEN.java:26)
	at java_programs.FLATTEN.flatten(FLATTEN.java:26)
	at java_programs.FLATTEN.flatten(FLATTEN.java:26)
	at java_programs.FLATTEN.flatten(FLATTEN.java:26)
	at java_programs.FLATTEN.flatten(FLATTEN.java:26)
	at java_programs.FLATTEN.flatten(FLATTEN.java:26)
	at java_programs.FLATTEN.flatten(FLATTEN.java:26)
	at java_programs.FLATTEN.flatten(FLATTEN.java:26)
	at java_programs.FLATTEN.flatten(FLATTEN.java:26)
	at java_programs.FLATTEN.flatten(FLATTEN.java:26)
	at java_programs.FLATTEN.flatten(FLATTEN.java:26)
	at java_programs.FLATTEN.flatten(FLATTEN.java:26)
	at java_programs.FLATTEN.flatten(FLATTEN.java:26)
	at java_programs.FLATTEN.flatten(FLATTEN.java:26)
	at java_programs.FLATTEN.flatten(FLATTEN.java:26)
	at java_programs.FLATTEN.flatten(FLATTEN.java:26)
	at java_programs.FLATTEN.flatten(FLATTEN.java:26)
	at java_programs.FLATTEN.flatten(FLATTEN.java:26)
	at java_programs.FLATTEN.flatten(FLATTEN.java:26)
	at java_programs.FLATTEN.flatten(FLATTEN.java:26)
	at java_programs.FLATTEN.flatten(FLATTEN.java:26)
	at java_programs.FLATTEN.flatten(FLATTEN.java:26)
	at java_programs.FLATTEN.flatten(FLATTEN.java:26)
	at java_programs.FLATTEN.flatten(FLATTEN.java:26)
	at java_programs.FLATTEN.flatten(FLATTEN.java:26)
	at java_programs.FLATTEN.flatten(FLATTEN.java:26)
	at java_programs.FLATTEN.flatten(FLATTEN.java:26)
	at java_programs.FLATTEN.flatten(FLATTEN.java:26)
	at java_programs.FLATTEN.flatten(FLATTEN.java:26)
	at java_programs.FLATTEN.flatten(FLATTEN.java:26)
	at java_programs.FLATTEN.flatten(FLATTEN.java:26)
	at java_programs.FLATTEN.flatten(FLATTEN.java:26)
	at java_programs.FLATTEN.flatten(FLATTEN.java:26)
	at java_programs.FLATTEN.flatten(FLATTEN.java:26)
	at java_programs.FLATTEN.flatten(FLATTEN.java:26)
	at java_programs.FLATTEN.flatten(FLATTEN.java:26)
	at java_programs.FLATTEN.flatten(FLATTEN.java:26)
	at java_programs.FLATTEN.flatten(FLATTEN.java:26)
	at java_programs.FLATTEN.flatten(FLATTEN.java:26)
	at java_programs.FLATTEN.flatten(FLATTEN.java:26)
	at java_programs.FLATTEN.flatten(FLATTEN.java:26)
	at java_programs.FLATTEN.flatten(FLATTEN.java:26)
	at java_programs.FLATTEN.flatten(FLATTEN.java:26)
	at java_programs.FLATTEN.flatten(FLATTEN.java:26)
	at java_programs.FLATTEN.flatten(FLATTEN.java:26)
	at java_programs.FLATTEN.flatten(FLATTEN.java:26)
	at java_programs.FLATTEN.flatten(FLATTEN.java:26)
	at java_programs.FLATTEN.flatten(FLATTEN.java:26)
	at java_programs.FLATTEN.flatten(FLATTEN.java:26)
	at java_programs.FLATTEN.flatten(FLATTEN.java:26)
	at java_programs.FLATTEN.flatten(FLATTEN.java:26)
	at java_programs.FLATTEN.flatten(FLATTEN.java:26)
	at java_programs.FLATTEN.flatten(FLATTEN.java:26)
	at java_programs.FLATTEN.flatten(FLATTEN.java:26)
	at java_programs.FLATTEN.flatten(FLATTEN.java:26)
	at java_programs.FLATTEN.flatten(FLATTEN.java:26)
	at java_programs.FLATTEN.flatten(FLATTEN.java:26)
	at java_programs.FLATTEN.flatten(FLATTEN.java:26)
	at java_programs.FLATTEN.flatten(FLATTEN.java:26)
	at java_programs.FLATTEN.flatten(FLATTEN.java:26)
	at java_programs.FLATTEN.flatten(FLATTEN.java:26)
	at java_programs.FLATTEN.flatten(FLATTEN.java:26)
	at java_programs.FLATTEN.flatten(FLATTEN.java:26)
	at java_programs.FLATTEN.flatten(FLATTEN.java:26)
	at java_programs.FLATTEN.flatten(FLATTEN.java:26)
	at java_programs.FLATTEN.flatten(FLATTEN.java:26)
	at java_programs.FLATTEN.flatten(FLATTEN.java:26)
	at java_programs.FLATTEN.flatten(FLATTEN.java:26)
	at java_programs.FLATTEN.flatten(FLATTEN.java:26)
	at java_programs.FLATTEN.flatten(FLATTEN.java:26)
	at java_programs.FLATTEN.flatten(FLATTEN.java:26)
	at java_programs.FLATTEN.flatten(FLATTEN.java:26)
	at java_programs.FLATTEN.flatten(FLATTEN.java:26)
	at java_programs.FLATTEN.flatten(FLATTEN.java:26)
	at java_programs.FLATTEN.flatten(FLATTEN.java:26)
	at java_programs.FLATTEN.flatten(FLATTEN.java:26)
	at java_programs.FLATTEN.flatten(FLATTEN.java:26)
	at java_programs.FLATTEN.flatten(FLATTEN.java:26)
	at java_programs.FLATTEN.flatten(FLATTEN.java:26)
	at java_programs.FLATTEN.flatten(FLATTEN.java:26)
	at java_programs.FLATTEN.flatten(FLATTEN.java:26)
	at java_programs.FLATTEN.flatten(FLATTEN.java:26)
	at java_programs.FLATTEN.flatten(FLATTEN.java:26)
	at java_programs.FLATTEN.flatten(FLATTEN.java:26)
	at java_programs.FLATTEN.flatten(FLATTEN.java:26)
	at java_programs.FLATTEN.flatten(FLATTEN.java:26)
	at java_programs.FLATTEN.flatten(FLATTEN.java:26)
	at java_programs.FLATTEN.flatten(FLATTEN.java:26)
	at java_programs.FLATTEN.flatten(FLATTEN.java:26)
	at java_programs.FLATTEN.flatten(FLATTEN.java:26)
	at java_programs.FLATTEN.flatten(FLATTEN.java:26)
	at java_programs.FLATTEN.flatten(FLATTEN.java:26)
	at java_programs.FLATTEN.flatten(FLATTEN.java:26)
	at java_programs.FLATTEN.flatten(FLATTEN.java:26)
	at java_programs.FLATTEN.flatten(FLATTEN.java:26)
	at java_programs.FLATTEN.flatten(FLATTEN.java:26)
	at java_programs.FLATTEN.flatten(FLATTEN.java:26)
	at java_programs.FLATTEN.flatten(FLATTEN.java:26)
	at java_programs.FLATTEN.flatten(FLATTEN.java:26)
	at java_programs.FLATTEN.flatten(FLATTEN.java:26)
	at java_programs.FLATTEN.flatten(FLATTEN.java:26)
	at java_programs.FLATTEN.flatten(FLATTEN.java:26)
	at java_programs.FLATTEN.flatten(FLATTEN.java:26)
	at java_programs.FLATTEN.flatten(FLATTEN.java:26)
	at java_programs.FLATTEN.flatten(FLATTEN.java:26)
	at java_programs.FLATTEN.flatten(FLATTEN.java:26)
	at java_programs.FLATTEN.flatten(FLATTEN.java:26)
	at java_programs.FLATTEN.flatten(FLATTEN.java:26)
	at java_programs.FLATTEN.flatten(FLATTEN.java:26)
	at java_programs.FLATTEN.flatten(FLATTEN.java:26)
	at java_programs.FLATTEN.flatten(FLATTEN.java:26)
	at java_programs.FLATTEN.flatten(FLATTEN.java:26)
	at java_programs.FLATTEN.flatten(FLATTEN.java:26)
	at java_programs.FLATTEN.flatten(FLATTEN.java:26)
	at java_programs.FLATTEN.flatten(FLATTEN.java:26)
	at java_programs.FLATTEN.flatten(FLATTEN.java:26)
	at java_programs.FLATTEN.flatten(FLATTEN.java:26)
	at java_programs.FLATTEN.flatten(FLATTEN.java:26)
	at java_programs.FLATTEN.flatten(FLATTEN.java:26)
	at java_programs.FLATTEN.flatten(FLATTEN.java:26)
	at java_programs.FLATTEN.flatten(FLATTEN.java:26)
	at java_programs.FLATTEN.flatten(FLATTEN.java:26)
	at java_programs.FLATTEN.flatten(FLATTEN.java:26)
	at java_programs.FLATTEN.flatten(FLATTEN.java:26)
	at java_programs.FLATTEN.flatten(FLATTEN.java:26)
	at java_programs.FLATTEN.flatten(FLATTEN.java:26)
	at java_programs.FLATTEN.flatten(FLATTEN.java:26)
	at java_programs.FLATTEN.flatten(FLATTEN.java:26)
	at java_programs.FLATTEN.flatten(FLATTEN.java:26)
	at java_programs.FLATTEN.flatten(FLATTEN.java:26)
	at java_programs.FLATTEN.flatten(FLATTEN.java:26)
	at java_programs.FLATTEN.flatten(FLATTEN.java:26)
	at java_programs.FLATTEN.flatten(FLATTEN.java:26)
	at java_programs.FLATTEN.flatten(FLATTEN.java:26)
	at java_programs.FLATTEN.flatten(FLATTEN.java:26)
	at java_programs.FLATTEN.flatten(FLATTEN.java:26)
	at java_programs.FLATTEN.flatten(FLATTEN.java:26)
	at java_programs.FLATTEN.flatten(FLATTEN.java:26)
	at java_programs.FLATTEN.flatten(FLATTEN.java:26)
	at java_programs.FLATTEN.flatten(FLATTEN.java:26)
	at java_programs.FLATTEN.flatten(FLATTEN.java:26)
	at java_programs.FLATTEN.flatten(FLATTEN.java:26)
	at java_programs.FLATTEN.flatten(FLATTEN.java:26)
	at java_programs.FLATTEN.flatten(FLATTEN.java:26)
	at java_programs.FLATTEN.flatten(FLATTEN.java:26)
	at java_programs.FLATTEN.flatten(FLATTEN.java:26)
	at java_programs.FLATTEN.flatten(FLATTEN.java:26)
	at java_programs.FLATTEN.flatten(FLATTEN.java:26)
	at java_programs.FLATTEN.flatten(FLATTEN.java:26)
	at java_programs.FLATTEN.flatten(FLATTEN.java:26)
	at java_programs.FLATTEN.flatten(FLATTEN.java:26)
	at java_programs.FLATTEN.flatten(FLATTEN.java:26)
	at java_programs.FLATTEN.flatten(FLATTEN.java:26)
	at java_programs.FLATTEN.flatten(FLATTEN.java:26)
	at java_programs.FLATTEN.flatten(FLATTEN.java:26)
	at java_programs.FLATTEN.flatten(FLATTEN.java:26)
	at java_programs.FLATTEN.flatten(FLATTEN.java:26)
	at java_programs.FLATTEN.flatten(FLATTEN.java:26)
	at java_programs.FLATTEN.flatten(FLATTEN.java:26)
	at java_programs.FLATTEN.flatten(FLATTEN.java:26)
	at java_programs.FLATTEN.flatten(FLATTEN.java:26)
	at java_programs.FLATTEN.flatten(FLATTEN.java:26)
	at java_programs.FLATTEN.flatten(FLATTEN.java:26)
	at java_programs.FLATTEN.flatten(FLATTEN.java:26)
	at java_programs.FLATTEN.flatten(FLATTEN.java:26)
	at java_programs.FLATTEN.flatten(FLATTEN.java:26)
	at java_programs.FLATTEN.flatten(FLATTEN.java:26)
	at java_programs.FLATTEN.flatten(FLATTEN.java:26)
	at java_programs.FLATTEN.flatten(FLATTEN.java:26)
	at java_programs.FLATTEN.flatten(FLATTEN.java:26)
	at java_programs.FLATTEN.flatten(FLATTEN.java:26)
	at java_programs.FLATTEN.flatten(FLATTEN.java:26)
	at java_programs.FLATTEN.flatten(FLATTEN.java:26)
	at java_programs.FLATTEN.flatten(FLATTEN.java:26)
	at java_programs.FLATTEN.flatten(FLATTEN.java:26)
	at java_programs.FLATTEN.flatten(FLATTEN.java:26)
	at java_programs.FLATTEN.flatten(FLATTEN.java:26)
	at java_programs.FLATTEN.flatten(FLATTEN.java:26)
	at java_programs.FLATTEN.flatten(FLATTEN.java:26)
	at java_programs.FLATTEN.flatten(FLATTEN.java:26)
	at java_programs.FLATTEN.flatten(FLATTEN.java:26)
	at java_programs.FLATTEN.flatten(FLATTEN.java:26)
	at java_programs.FLATTEN.flatten(FLATTEN.java:26)
	at java_programs.FLATTEN.flatten(FLATTEN.java:26)
	at java_programs.FLATTEN.flatten(FLATTEN.java:26)
	at java_programs.FLATTEN.flatten(FLATTEN.java:26)
	at java_programs.FLATTEN.flatten(FLATTEN.java:26)
	at java_programs.FLATTEN.flatten(FLATTEN.java:26)
	at java_programs.FLATTEN.flatten(FLATTEN.java:26)
	at java_programs.FLATTEN.flatten(FLATTEN.java:26)
	at java_programs.FLATTEN.flatten(FLATTEN.java:26)
	at java_programs.FLATTEN.flatten(FLATTEN.java:26)
	at java_programs.FLATTEN.flatten(FLATTEN.java:26)
	at java_programs.FLATTEN.flatten(FLATTEN.java:26)
	at java_programs.FLATTEN.flatten(FLATTEN.java:26)
	at java_programs.FLATTEN.flatten(FLATTEN.java:26)
	at java_programs.FLATTEN.flatten(FLATTEN.java:26)
	at java_programs.FLATTEN.flatten(FLATTEN.java:26)
	at java_programs.FLATTEN.flatten(FLATTEN.java:26)
	at java_programs.FLATTEN.flatten(FLATTEN.java:26)
	at java_programs.FLATTEN.flatten(FLATTEN.java:26)
	at java_programs.FLATTEN.flatten(FLATTEN.java:26)
	at java_programs.FLATTEN.flatten(FLATTEN.java:26)
	at java_programs.FLATTEN.flatten(FLATTEN.java:26)
	at java_programs.FLATTEN.flatten(FLATTEN.java:26)
	at java_programs.FLATTEN.flatten(FLATTEN.java:26)
	at java_programs.FLATTEN.flatten(FLATTEN.java:26)
	at java_programs.FLATTEN.flatten(FLATTEN.java:26)
	at java_programs.FLATTEN.flatten(FLATTEN.java:26)
	at java_programs.FLATTEN.flatten(FLATTEN.java:26)
	at java_programs.FLATTEN.flatten(FLATTEN.java:26)
	at java_programs.FLATTEN.flatten(FLATTEN.java:26)
	at java_programs.FLATTEN.flatten(FLATTEN.java:26)
	at java_programs.FLATTEN.flatten(FLATTEN.java:26)
	at java_programs.FLATTEN.flatten(FLATTEN.java:26)
	at java_programs.FLATTEN.flatten(FLATTEN.java:26)
	at java_programs.FLATTEN.flatten(FLATTEN.java:26)
	at java_programs.FLATTEN.flatten(FLATTEN.java:26)
	at java_programs.FLATTEN.flatten(FLATTEN.java:26)
	at java_programs.FLATTEN.flatten(FLATTEN.java:26)
	at java_programs.FLATTEN.flatten(FLATTEN.java:26)
	at java_programs.FLATTEN.flatten(FLATTEN.java:26)
	at java_programs.FLATTEN.flatten(FLATTEN.java:26)
	at java_programs.FLATTEN.flatten(FLATTEN.java:26)
	at java_programs.FLATTEN.flatten(FLATTEN.java:26)
	at java_programs.FLATTEN.flatten(FLATTEN.java:26)
	at java_programs.FLATTEN.flatten(FLATTEN.java:26)
	at java_programs.FLATTEN.flatten(FLATTEN.java:26)
	at java_programs.FLATTEN.flatten(FLATTEN.java:26)
	at java_programs.FLATTEN.flatten(FLATTEN.java:26)
	at java_programs.FLATTEN.flatten(FLATTEN.java:26)
	at java_programs.FLATTEN.flatten(FLATTEN.java:26)
	at java_programs.FLATTEN.flatten(FLATTEN.java:26)
	at java_programs.FLATTEN.flatten(FLATTEN.java:26)
	at java_programs.FLATTEN.flatten(FLATTEN.java:26)
	at java_programs.FLATTEN.flatten(FLATTEN.java:26)
	at java_programs.FLATTEN.flatten(FLATTEN.java:26)
	at java_programs.FLATTEN.flatten(FLATTEN.java:26)
	at java_programs.FLATTEN.flatten(FLATTEN.java:26)
	at java_programs.FLATTEN.flatten(FLATTEN.java:26)
	at java_programs.FLATTEN.flatten(FLATTEN.java:26)
	at java_programs.FLATTEN.flatten(FLATTEN.java:26)
	at java_programs.FLATTEN.flatten(FLATTEN.java:26)
	at java_programs.FLATTEN.flatten(FLATTEN.java:26)
	at java_programs.FLATTEN.flatten(FLATTEN.java:26)
	at java_programs.FLATTEN.flatten(FLATTEN.java:26)
	at java_programs.FLATTEN.flatten(FLATTEN.java:26)
	at java_programs.FLATTEN.flatten(FLATTEN.java:26)
	at java_programs.FLATTEN.flatten(FLATTEN.java:26)
	at java_programs.FLATTEN.flatten(FLATTEN.java:26)
	at java_programs.FLATTEN.flatten(FLATTEN.java:26)
	at java_programs.FLATTEN.flatten(FLATTEN.java:26)
	at java_programs.FLATTEN.flatten(FLATTEN.java:26)
	at java_programs.FLATTEN.flatten(FLATTEN.java:26)
	at java_programs.FLATTEN.flatten(FLATTEN.java:26)
	at java_programs.FLATTEN.flatten(FLATTEN.java:26)
	at java_programs.FLATTEN.flatten(FLATTEN.java:26)
	at java_programs.FLATTEN.flatten(FLATTEN.java:26)
	at java_programs.FLATTEN.flatten(FLATTEN.java:26)
	at java_programs.FLATTEN.flatten(FLATTEN.java:26)
	at java_programs.FLATTEN.flatten(FLATTEN.java:26)
	at java_programs.FLATTEN.flatten(FLATTEN.java:26)
	at java_programs.FLATTEN.flatten(FLATTEN.java:26)
	at java_programs.FLATTEN.flatten(FLATTEN.java:26)
	at java_programs.FLATTEN.flatten(FLATTEN.java:26)
	at java_programs.FLATTEN.flatten(FLATTEN.java:26)
	at java_programs.FLATTEN.flatten(FLATTEN.java:26)
	at java_programs.FLATTEN.flatten(FLATTEN.java:26)
	at java_programs.FLATTEN.flatten(FLATTEN.java:26)
	at java_programs.FLATTEN.flatten(FLATTEN.java:26)
	at java_programs.FLATTEN.flatten(FLATTEN.java:26)
	at java_programs.FLATTEN.flatten(FLATTEN.java:26)
	at java_programs.FLATTEN.flatten(FLATTEN.java:26)
	at java_programs.FLATTEN.flatten(FLATTEN.java:26)
	at java_programs.FLATTEN.flatten(FLATTEN.java:26)
	at java_programs.FLATTEN.flatten(FLATTEN.java:26)
	at java_programs.FLATTEN.flatten(FLATTEN.java:26)
	at java_programs.FLATTEN.flatten(FLATTEN.java:26)
	at java_programs.FLATTEN.flatten(FLATTEN.java:26)
	at java_programs.FLATTEN.flatten(FLATTEN.java:26)
	at java_programs.FLATTEN.flatten(FLATTEN.java:26)
	at java_programs.FLATTEN.flatten(FLATTEN.java:26)
	at java_programs.FLATTEN.flatten(FLATTEN.java:26)
	at java_programs.FLATTEN.flatten(FLATTEN.java:26)
	at java_programs.FLATTEN.flatten(FLATTEN.java:26)
	at java_programs.FLATTEN.flatten(FLATTEN.java:26)
	at java_programs.FLATTEN.flatten(FLATTEN.java:26)
	at java_programs.FLATTEN.flatten(FLATTEN.java:26)
	at java_programs.FLATTEN.flatten(FLATTEN.java:26)
	at java_programs.FLATTEN.flatten(FLATTEN.java:26)
	at java_programs.FLATTEN.flatten(FLATTEN.java:26)
	at java_programs.FLATTEN.flatten(FLATTEN.java:26)
	at java_programs.FLATTEN.flatten(FLATTEN.java:26)
	at java_programs.FLATTEN.flatten(FLATTEN.java:26)
	at java_programs.FLATTEN.flatten(FLATTEN.java:26)
	at java_programs.FLATTEN.flatten(FLATTEN.java:26)
	at java_programs.FLATTEN.flatten(FLATTEN.java:26)
	at java_programs.FLATTEN.flatten(FLATTEN.java:26)
	at java_programs.FLATTEN.flatten(FLATTEN.java:26)
	at java_programs.FLATTEN.flatten(FLATTEN.java:26)
	at java_programs.FLATTEN.flatten(FLATTEN.java:26)
	at java_programs.FLATTEN.flatten(FLATTEN.java:26)
	at java_programs.FLATTEN.flatten(FLATTEN.java:26)
	at java_programs.FLATTEN.flatten(FLATTEN.java:26)
	at java_programs.FLATTEN.flatten(FLATTEN.java:26)
	at java_programs.FLATTEN.flatten(FLATTEN.java:26)
	at java_programs.FLATTEN.flatten(FLATTEN.java:26)
	at java_programs.FLATTEN.flatten(FLATTEN.java:26)
	at java_programs.FLATTEN.flatten(FLATTEN.java:26)
	at java_programs.FLATTEN.flatten(FLATTEN.java:26)
	at java_programs.FLATTEN.flatten(FLATTEN.java:26)
	at java_programs.FLATTEN.flatten(FLATTEN.java:26)
	at java_programs.FLATTEN.flatten(FLATTEN.java:26)
	at java_programs.FLATTEN.flatten(FLATTEN.java:26)
	at java_programs.FLATTEN.flatten(FLATTEN.java:26)
	at java_programs.FLATTEN.flatten(FLATTEN.java:26)
	at java_programs.FLATTEN.flatten(FLATTEN.java:26)
	at java_programs.FLATTEN.flatten(FLATTEN.java:26)
	at java_programs.FLATTEN.flatten(FLATTEN.java:26)
	at java_programs.FLATTEN.flatten(FLATTEN.java:26)
	at java_programs.FLATTEN.flatten(FLATTEN.java:26)
	at java_programs.FLATTEN.flatten(FLATTEN.java:26)
	at java_programs.FLATTEN.flatten(FLATTEN.java:26)
	at java_programs.FLATTEN.flatten(FLATTEN.java:26)
	at java_programs.FLATTEN.flatten(FLATTEN.java:26)
	at java_programs.FLATTEN.flatten(FLATTEN.java:26)
	at java_programs.FLATTEN.flatten(FLATTEN.java:26)
	at java_programs.FLATTEN.flatten(FLATTEN.java:26)
	at java_programs.FLATTEN.flatten(FLATTEN.java:26)
	at java_programs.FLATTEN.flatten(FLATTEN.java:26)
	at java_programs.FLATTEN.flatten(FLATTEN.java:26)
	at java_programs.FLATTEN.flatten(FLATTEN.java:26)
	at java_programs.FLATTEN.flatten(FLATTEN.java:26)
	at java_programs.FLATTEN.flatten(FLATTEN.java:26)
	at java_programs.FLATTEN.flatten(FLATTEN.java:26)
	at java_programs.FLATTEN.flatten(FLATTEN.java:26)
	at java_programs.FLATTEN.flatten(FLATTEN.java:26)
	at java_programs.FLATTEN.flatten(FLATTEN.java:26)
	at java_programs.FLATTEN.flatten(FLATTEN.java:26)
	at java_programs.FLATTEN.flatten(FLATTEN.java:26)
	at java_programs.FLATTEN.flatten(FLATTEN.java:26)
	at java_programs.FLATTEN.flatten(FLATTEN.java:26)
	at java_programs.FLATTEN.flatten(FLATTEN.java:26)
	at java_programs.FLATTEN.flatten(FLATTEN.java:26)
	at java_programs.FLATTEN.flatten(FLATTEN.java:26)
	at java_programs.FLATTEN.flatten(FLATTEN.java:26)
	at java_programs.FLATTEN.flatten(FLATTEN.java:26)
	at java_programs.FLATTEN.flatten(FLATTEN.java:26)
	at java_programs.FLATTEN.flatten(FLATTEN.java:26)
	at java_programs.FLATTEN.flatten(FLATTEN.java:26)
	at java_programs.FLATTEN.flatten(FLATTEN.java:26)
	at java_programs.FLATTEN.flatten(FLATTEN.java:26)
	at java_programs.FLATTEN.flatten(FLATTEN.java:26)
	at java_programs.FLATTEN.flatten(FLATTEN.java:26)
	at java_programs.FLATTEN.flatten(FLATTEN.java:26)
	at java_programs.FLATTEN.flatten(FLATTEN.java:26)
	at java_programs.FLATTEN.flatten(FLATTEN.java:26)
	at java_programs.FLATTEN.flatten(FLATTEN.java:26)
	at java_programs.FLATTEN.flatten(FLATTEN.java:26)
	at java_programs.FLATTEN.flatten(FLATTEN.java:26)
	at java_programs.FLATTEN.flatten(FLATTEN.java:26)
	at java_programs.FLATTEN.flatten(FLATTEN.java:26)
	at java_programs.FLATTEN.flatten(FLATTEN.java:26)
	at java_programs.FLATTEN.flatten(FLATTEN.java:26)
	at java_programs.FLATTEN.flatten(FLATTEN.java:26)
	at java_programs.FLATTEN.flatten(FLATTEN.java:26)
	at java_programs.FLATTEN.flatten(FLATTEN.java:26)
	at java_programs.FLATTEN.flatten(FLATTEN.java:26)
	at java_programs.FLATTEN.flatten(FLATTEN.java:26)
	at java_programs.FLATTEN.flatten(FLATTEN.java:26)
	at java_programs.FLATTEN.flatten(FLATTEN.java:26)
	at java_programs.FLATTEN.flatten(FLATTEN.java:26)
	at java_programs.FLATTEN.flatten(FLATTEN.java:26)
	at java_programs.FLATTEN.flatten(FLATTEN.java:26)
	at java_programs.FLATTEN.flatten(FLATTEN.java:26)
	at java_programs.FLATTEN.flatten(FLATTEN.java:26)
	at java_programs.FLATTEN.flatten(FLATTEN.java:26)
	at java_programs.FLATTEN.flatten(FLATTEN.java:26)
	at java_programs.FLATTEN.flatten(FLATTEN.java:26)
	at java_programs.FLATTEN.flatten(FLATTEN.java:26)
	at java_programs.FLATTEN.flatten(FLATTEN.java:26)
	at java_programs.FLATTEN.flatten(FLATTEN.java:26)
	at java_programs.FLATTEN.flatten(FLATTEN.java:26)
	at java_programs.FLATTEN.flatten(FLATTEN.java:26)
	at java_programs.FLATTEN.flatten(FLATTEN.java:26)
	at java_programs.FLATTEN.flatten(FLATTEN.java:26)
	at java_programs.FLATTEN.flatten(FLATTEN.java:26)
	at java_programs.FLATTEN.flatten(FLATTEN.java:26)
	at java_programs.FLATTEN.flatten(FLATTEN.java:26)
	at java_programs.FLATTEN.flatten(FLATTEN.java:26)
	at java_programs.FLATTEN.flatten(FLATTEN.java:26)
	at java_programs.FLATTEN.flatten(FLATTEN.java:26)
	at java_programs.FLATTEN.flatten(FLATTEN.java:26)
	at java_programs.FLATTEN.flatten(FLATTEN.java:26)
	at java_programs.FLATTEN.flatten(FLATTEN.java:26)
	at java_programs.FLATTEN.flatten(FLATTEN.java:26)
	at java_programs.FLATTEN.flatten(FLATTEN.java:26)
	at java_programs.FLATTEN.flatten(FLATTEN.java:26)
	at java_programs.FLATTEN.flatten(FLATTEN.java:26)
	at java_programs.FLATTEN.flatten(FLATTEN.java:26)
	at java_programs.FLATTEN.flatten(FLATTEN.java:26)
	at java_programs.FLATTEN.flatten(FLATTEN.java:26)
	at java_programs.FLATTEN.flatten(FLATTEN.java:26)
	at java_programs.FLATTEN.flatten(FLATTEN.java:26)
	at java_programs.FLATTEN.flatten(FLATTEN.java:26)
	at java_programs.FLATTEN.flatten(FLATTEN.java:26)
	at java_programs.FLATTEN.flatten(FLATTEN.java:26)
	at java_programs.FLATTEN.flatten(FLATTEN.java:26)
	at java_programs.FLATTEN.flatten(FLATTEN.java:26)
	at java_programs.FLATTEN.flatten(FLATTEN.java:26)
	at java_programs.FLATTEN.flatten(FLATTEN.java:26)
	at java_programs.FLATTEN.flatten(FLATTEN.java:26)
	at java_programs.FLATTEN.flatten(FLATTEN.java:26)
	at java_programs.FLATTEN.flatten(FLATTEN.java:26)
	at java_programs.FLATTEN.flatten(FLATTEN.java:26)
	at java_programs.FLATTEN.flatten(FLATTEN.java:26)
	at java_programs.FLATTEN.flatten(FLATTEN.java:26)
	at java_programs.FLATTEN.flatten(FLATTEN.java:26)
	at java_programs.FLATTEN.flatten(FLATTEN.java:26)
	at java_programs.FLATTEN.flatten(FLATTEN.java:26)
	at java_programs.FLATTEN.flatten(FLATTEN.java:26)
	at java_programs.FLATTEN.flatten(FLATTEN.java:26)
	at java_programs.FLATTEN.flatten(FLATTEN.java:26)
	at java_programs.FLATTEN.flatten(FLATTEN.java:26)
	at java_programs.FLATTEN.flatten(FLATTEN.java:26)
	at java_programs.FLATTEN.flatten(FLATTEN.java:26)
	at java_programs.FLATTEN.flatten(FLATTEN.java:26)
	at java_programs.FLATTEN.flatten(FLATTEN.java:26)
	at java_programs.FLATTEN.flatten(FLATTEN.java:26)
	at java_programs.FLATTEN.flatten(FLATTEN.java:26)
	at java_programs.FLATTEN.flatten(FLATTEN.java:26)
	at java_programs.FLATTEN.flatten(FLATTEN.java:26)
	at java_programs.FLATTEN.flatten(FLATTEN.java:26)
	at java_programs.FLATTEN.flatten(FLATTEN.java:26)
	at java_programs.FLATTEN.flatten(FLATTEN.java:26)
	at java_programs.FLATTEN.flatten(FLATTEN.java:26)
	at java_programs.FLATTEN.flatten(FLATTEN.java:26)
	at java_programs.FLATTEN.flatten(FLATTEN.java:26)
	at java_programs.FLATTEN.flatten(FLATTEN.java:26)
	at java_programs.FLATTEN.flatten(FLATTEN.java:26)
	at java_programs.FLATTEN.flatten(FLATTEN.java:26)
	at java_programs.FLATTEN.flatten(FLATTEN.java:26)
	at java_programs.FLATTEN.flatten(FLATTEN.java:26)
	at java_programs.FLATTEN.flatten(FLATTEN.java:26)
	at java_programs.FLATTEN.flatten(FLATTEN.java:26)
	at java_programs.FLATTEN.flatten(FLATTEN.java:26)
	at java_programs.FLATTEN.flatten(FLATTEN.java:26)
	at java_programs.FLATTEN.flatten(FLATTEN.java:26)
	at java_programs.FLATTEN.flatten(FLATTEN.java:26)
	at java_programs.FLATTEN.flatten(FLATTEN.java:26)
	at java_programs.FLATTEN.flatten(FLATTEN.java:26)
	at java_programs.FLATTEN.flatten(FLATTEN.java:26)
	at java_programs.FLATTEN.flatten(FLATTEN.java:26)
	at java_programs.FLATTEN.flatten(FLATTEN.java:26)
	at java_programs.FLATTEN.flatten(FLATTEN.java:26)
	at java_programs.FLATTEN.flatten(FLATTEN.java:26)
	at java_programs.FLATTEN.flatten(FLATTEN.java:26)
	at java_programs.FLATTEN.flatten(FLATTEN.java:26)
	at java_programs.FLATTEN.flatten(FLATTEN.java:26)
	at java_programs.FLATTEN.flatten(FLATTEN.java:26)
	at java_programs.FLATTEN.flatten(FLATTEN.java:26)
	at java_programs.FLATTEN.flatten(FLATTEN.java:26)
	at java_programs.FLATTEN.flatten(FLATTEN.java:26)
	at java_programs.FLATTEN.flatten(FLATTEN.java:26)
	at java_programs.FLATTEN.flatten(FLATTEN.java:26)
	at java_programs.FLATTEN.flatten(FLATTEN.java:26)
	at java_programs.FLATTEN.flatten(FLATTEN.java:26)
	at java_programs.FLATTEN.flatten(FLATTEN.java:26)
	at java_programs.FLATTEN.flatten(FLATTEN.java:26)
	at java_programs.FLATTEN.flatten(FLATTEN.java:26)
	at java_programs.FLATTEN.flatten(FLATTEN.java:26)
	at java_programs.FLATTEN.flatten(FLATTEN.java:26)
	at java_programs.FLATTEN.flatten(FLATTEN.java:26)
	at java_programs.FLATTEN.flatten(FLATTEN.java:26)
	at java_programs.FLATTEN.flatten(FLATTEN.java:26)
	at java_programs.FLATTEN.flatten(FLATTEN.java:26)
	at java_programs.FLATTEN.flatten(FLATTEN.java:26)
	at java_programs.FLATTEN.flatten(FLATTEN.java:26)
	at java_programs.FLATTEN.flatten(FLATTEN.java:26)
	at java_programs.FLATTEN.flatten(FLATTEN.java:26)
	at java_programs.FLATTEN.flatten(FLATTEN.java:26)
	at java_programs.FLATTEN.flatten(FLATTEN.java:26)
	at java_programs.FLATTEN.flatten(FLATTEN.java:26)
	at java_programs.FLATTEN.flatten(FLATTEN.java:26)
	at java_programs.FLATTEN.flatten(FLATTEN.java:26)
	at java_programs.FLATTEN.flatten(FLATTEN.java:26)
	at java_programs.FLATTEN.flatten(FLATTEN.java:26)
	at java_programs.FLATTEN.flatten(FLATTEN.java:26)
	at java_programs.FLATTEN.flatten(FLATTEN.java:26)
	at java_programs.FLATTEN.flatten(FLATTEN.java:26)
	at java_programs.FLATTEN.flatten(FLATTEN.java:26)
	at java_programs.FLATTEN.flatten(FLATTEN.java:26)
	at java_programs.FLATTEN.flatten(FLATTEN.java:26)
	at java_programs.FLATTEN.flatten(FLATTEN.java:26)
	at java_programs.FLATTEN.flatten(FLATTEN.java:26)
	at java_programs.FLATTEN.flatten(FLATTEN.java:26)
	at java_programs.FLATTEN.flatten(FLATTEN.java:26)
	at java_programs.FLATTEN.flatten(FLATTEN.java:26)
	at java_programs.FLATTEN.flatten(FLATTEN.java:26)
	at java_programs.FLATTEN.flatten(FLATTEN.java:26)
	at java_programs.FLATTEN.flatten(FLATTEN.java:26)
	at java_programs.FLATTEN.flatten(FLATTEN.java:26)
	at java_programs.FLATTEN.flatten(FLATTEN.java:26)
	at java_programs.FLATTEN.flatten(FLATTEN.java:26)
	at java_programs.FLATTEN.flatten(FLATTEN.java:26)
	at java_programs.FLATTEN.flatten(FLATTEN.java:26)
	at java_programs.FLATTEN.flatten(FLATTEN.java:26)
	at java_programs.FLATTEN.flatten(FLATTEN.java:26)
	at java_programs.FLATTEN.flatten(FLATTEN.java:26)
	at java_programs.FLATTEN.flatten(FLATTEN.java:26)
	at java_programs.FLATTEN.flatten(FLATTEN.java:26)
	at java_programs.FLATTEN.flatten(FLATTEN.java:26)
	at java_programs.FLATTEN.flatten(FLATTEN.java:26)
	at java_programs.FLATTEN.flatten(FLATTEN.java:26)
	at java_programs.FLATTEN.flatten(FLATTEN.java:26)
	at java_programs.FLATTEN.flatten(FLATTEN.java:26)
	at java_programs.FLATTEN.flatten(FLATTEN.java:26)
	at java_programs.FLATTEN.flatten(FLATTEN.java:26)
	at java_programs.FLATTEN.flatten(FLATTEN.java:26)
	at java_programs.FLATTEN.flatten(FLATTEN.java:26)
	at java_programs.FLATTEN.flatten(FLATTEN.java:26)
	at java_programs.FLATTEN.flatten(FLATTEN.java:26)
	at java_programs.FLATTEN.flatten(FLATTEN.java:26)
	at java_programs.FLATTEN.flatten(FLATTEN.java:26)
	at java_programs.FLATTEN.flatten(FLATTEN.java:26)
	at java_programs.FLATTEN.flatten(FLATTEN.java:26)
	at java_programs.FLATTEN.flatten(FLATTEN.java:26)
	at java_programs.FLATTEN.flatten(FLATTEN.java:26)
	at java_programs.FLATTEN.flatten(FLATTEN.java:26)
	at java_programs.FLATTEN.flatten(FLATTEN.java:26)
	at java_programs.FLATTEN.flatten(FLATTEN.java:26)
	at java_programs.FLATTEN.flatten(FLATTEN.java:26)
	at java_programs.FLATTEN.flatten(FLATTEN.java:26)
	at java_programs.FLATTEN.flatten(FLATTEN.java:26)
	at java_programs.FLATTEN.flatten(FLATTEN.java:26)
	at java_programs.FLATTEN.flatten(FLATTEN.java:26)
	at java_programs.FLATTEN.flatten(FLATTEN.java:26)
	at java_programs.FLATTEN.flatten(FLATTEN.java:26)
	at java_programs.FLATTEN.flatten(FLATTEN.java:26)
	at java_programs.FLATTEN.flatten(FLATTEN.java:26)
	at java_programs.FLATTEN.flatten(FLATTEN.java:26)
	at java_programs.FLATTEN.flatten(FLATTEN.java:26)
	at java_programs.FLATTEN.flatten(FLATTEN.java:26)
	at java_programs.FLATTEN.flatten(FLATTEN.java:26)
	at java_programs.FLATTEN.flatten(FLATTEN.java:26)
	at java_programs.FLATTEN.flatten(FLATTEN.java:26)
	at java_programs.FLATTEN.flatten(FLATTEN.java:26)
	at java_programs.FLATTEN.flatten(FLATTEN.java:26)
	at java_programs.FLATTEN.flatten(FLATTEN.java:26)
	at java_programs.FLATTEN.flatten(FLATTEN.java:26)
	at java_programs.FLATTEN.flatten(FLATTEN.java:26)
	at java_programs.FLATTEN.flatten(FLATTEN.java:26)
	at java_programs.FLATTEN.flatten(FLATTEN.java:26)
	at java_programs.FLATTEN.flatten(FLATTEN.java:26)
	at java_programs.FLATTEN.flatten(FLATTEN.java:26)
	at java_programs.FLATTEN.flatten(FLATTEN.java:26)
	at java_programs.FLATTEN.flatten(FLATTEN.java:26)
	at java_programs.FLATTEN.flatten(FLATTEN.java:26)
	at java_programs.FLATTEN.flatten(FLATTEN.java:26)
	at java_programs.FLATTEN.flatten(FLATTEN.java:26)
	at java_programs.FLATTEN.flatten(FLATTEN.java:26)
	at java_programs.FLATTEN.flatten(FLATTEN.java:26)
	at java_programs.FLATTEN.flatten(FLATTEN.java:26)
	at java_programs.FLATTEN.flatten(FLATTEN.java:26)
	at java_programs.FLATTEN.flatten(FLATTEN.java:26)
	at java_programs.FLATTEN.flatten(FLATTEN.java:26)
	at java_programs.FLATTEN.flatten(FLATTEN.java:26)
	at java_programs.FLATTEN.flatten(FLATTEN.java:26)
	at java_programs.FLATTEN.flatten(FLATTEN.java:26)
	at java_programs.FLATTEN.flatten(FLATTEN.java:26)
	at java_programs.FLATTEN.flatten(FLATTEN.java:26)
	at java_programs.FLATTEN.flatten(FLATTEN.java:26)
	at java_programs.FLATTEN.flatten(FLATTEN.java:26)
	at java_programs.FLATTEN.flatten(FLATTEN.java:26)
	at java_programs.FLATTEN.flatten(FLATTEN.java:26)
	at java_programs.FLATTEN.flatten(FLATTEN.java:26)
	at java_programs.FLATTEN.flatten(FLATTEN.java:26)
	at java_programs.FLATTEN.flatten(FLATTEN.java:26)
	at java_programs.FLATTEN.flatten(FLATTEN.java:26)
	at java_programs.FLATTEN.flatten(FLATTEN.java:26)
	at java_programs.FLATTEN.flatten(FLATTEN.java:26)
	at java_programs.FLATTEN.flatten(FLATTEN.java:26)
	at java_programs.FLATTEN.flatten(FLATTEN.java:26)
	at java_programs.FLATTEN.flatten(FLATTEN.java:26)
	at java_programs.FLATTEN.flatten(FLATTEN.java:26)
	at java_programs.FLATTEN.flatten(FLATTEN.java:26)
	at java_programs.FLATTEN.flatten(FLATTEN.java:26)
	at java_programs.FLATTEN.flatten(FLATTEN.java:26)
	at java_programs.FLATTEN.flatten(FLATTEN.java:26)
	at java_programs.FLATTEN.flatten(FLATTEN.java:26)
	at java_programs.FLATTEN.flatten(FLATTEN.java:26)
	at java_programs.FLATTEN.flatten(FLATTEN.java:26)
	at java_programs.FLATTEN.flatten(FLATTEN.java:26)
	at java_programs.FLATTEN.flatten(FLATTEN.java:26)
	at java_programs.FLATTEN.flatten(FLATTEN.java:26)
	at java_programs.FLATTEN.flatten(FLATTEN.java:26)
	at java_programs.FLATTEN.flatten(FLATTEN.java:26)
	at java_programs.FLATTEN.flatten(FLATTEN.java:26)
	at java_programs.FLATTEN.flatten(FLATTEN.java:26)
	at java_programs.FLATTEN.flatten(FLATTEN.java:26)
	at java_programs.FLATTEN.flatten(FLATTEN.java:26)
	at java_programs.FLATTEN.flatten(FLATTEN.java:26)
	at java_programs.FLATTEN.flatten(FLATTEN.java:26)
	at java_programs.FLATTEN.flatten(FLATTEN.java:26)
	at java_programs.FLATTEN.flatten(FLATTEN.java:26)
	at java_programs.FLATTEN.flatten(FLATTEN.java:26)
	at java_programs.FLATTEN.flatten(FLATTEN.java:26)
	at java_programs.FLATTEN.flatten(FLATTEN.java:26)
	at java_programs.FLATTEN.flatten(FLATTEN.java:26)
	at java_programs.FLATTEN.flatten(FLATTEN.java:26)
	at java_programs.FLATTEN.flatten(FLATTEN.java:26)
	at java_programs.FLATTEN.flatten(FLATTEN.java:26)
	at java_programs.FLATTEN.flatten(FLATTEN.java:26)
	at java_programs.FLATTEN.flatten(FLATTEN.java:26)
	at java_programs.FLATTEN.flatten(FLATTEN.java:26)
	at java_programs.FLATTEN.flatten(FLATTEN.java:26)
	at java_programs.FLATTEN.flatten(FLATTEN.java:26)
	at java_programs.FLATTEN.flatten(FLATTEN.java:26)
	at java_programs.FLATTEN.flatten(FLATTEN.java:26)
	at java_programs.FLATTEN.flatten(FLATTEN.java:26)
	at java_programs.FLATTEN.flatten(FLATTEN.java:26)
	at java_programs.FLATTEN.flatten(FLATTEN.java:26)
	at java_programs.FLATTEN.flatten(FLATTEN.java:26)
	at java_programs.FLATTEN.flatten(FLATTEN.java:26)
	at java_programs.FLATTEN.flatten(FLATTEN.java:26)
	at java_programs.FLATTEN.flatten(FLATTEN.java:26)
	at java_programs.FLATTEN.flatten(FLATTEN.java:26)
	at java_programs.FLATTEN.flatten(FLATTEN.java:26)
	at java_programs.FLATTEN.flatten(FLATTEN.java:26)
	at java_programs.FLATTEN.flatten(FLATTEN.java:26)
	at java_programs.FLATTEN.flatten(FLATTEN.java:26)
	at java_programs.FLATTEN.flatten(FLATTEN.java:26)
	at java_programs.FLATTEN.flatten(FLATTEN.java:26)
	at java_programs.FLATTEN.flatten(FLATTEN.java:26)
	at java_programs.FLATTEN.flatten(FLATTEN.java:26)
	at java_programs.FLATTEN.flatten(FLATTEN.java:26)
	at java_programs.FLATTEN.flatten(FLATTEN.java:26)
	at java_programs.FLATTEN.flatten(FLATTEN.java:26)
	at java_programs.FLATTEN.flatten(FLATTEN.java:26)
	at java_programs.FLATTEN.flatten(FLATTEN.java:26)
	at java_programs.FLATTEN.flatten(FLATTEN.java:26)
	at java_programs.FLATTEN.flatten(FLATTEN.java:26)
	at java_programs.FLATTEN.flatten(FLATTEN.java:26)
	at java_programs.FLATTEN.flatten(FLATTEN.java:26)
	at java_programs.FLATTEN.flatten(FLATTEN.java:26)
	at java_programs.FLATTEN.flatten(FLATTEN.java:26)
	at java_programs.FLATTEN.flatten(FLATTEN.java:26)
	at java_programs.FLATTEN.flatten(FLATTEN.java:26)
	at java_programs.FLATTEN.flatten(FLATTEN.java:26)
	at java_programs.FLATTEN.flatten(FLATTEN.java:26)
	at java_programs.FLATTEN.flatten(FLATTEN.java:26)
	at java_programs.FLATTEN.flatten(FLATTEN.java:26)
	at java_programs.FLATTEN.flatten(FLATTEN.java:26)
	at java_programs.FLATTEN.flatten(FLATTEN.java:26)
	at java_programs.FLATTEN.flatten(FLATTEN.java:26)
	at java_programs.FLATTEN.flatten(FLATTEN.java:26)
	at java_programs.FLATTEN.flatten(FLATTEN.java:26)
	at java_programs.FLATTEN.flatten(FLATTEN.java:26)
	at java_programs.FLATTEN.flatten(FLATTEN.java:26)
	at java_programs.FLATTEN.flatten(FLATTEN.java:26)
	at java_programs.FLATTEN.flatten(FLATTEN.java:26)
	at java_programs.FLATTEN.flatten(FLATTEN.java:26)
	at java_programs.FLATTEN.flatten(FLATTEN.java:26)
	at java_programs.FLATTEN.flatten(FLATTEN.java:26)
	at java_programs.FLATTEN.flatten(FLATTEN.java:26)
	at java_programs.FLATTEN.flatten(FLATTEN.java:26)
	at java_programs.FLATTEN.flatten(FLATTEN.java:26)
	at java_programs.FLATTEN.flatten(FLATTEN.java:26)
	at java_programs.FLATTEN.flatten(FLATTEN.java:26)
	at java_programs.FLATTEN.flatten(FLATTEN.java:26)
	at java_programs.FLATTEN.flatten(FLATTEN.java:26)
	at java_programs.FLATTEN.flatten(FLATTEN.java:26)
	at java_programs.FLATTEN.flatten(FLATTEN.java:26)
	at java_programs.FLATTEN.flatten(FLATTEN.java:26)
	at java_programs.FLATTEN.flatten(FLATTEN.java:26)
	at java_programs.FLATTEN.flatten(FLATTEN.java:26)
	at java_programs.FLATTEN.flatten(FLATTEN.java:26)
	at java_programs.FLATTEN.flatten(FLATTEN.java:26)
	at java_programs.FLATTEN.flatten(FLATTEN.java:26)
	at java_programs.FLATTEN.flatten(FLATTEN.java:26)
	at java_programs.FLATTEN.flatten(FLATTEN.java:26)
	at java_programs.FLATTEN.flatten(FLATTEN.java:26)
	at java_programs.FLATTEN.flatten(FLATTEN.java:26)
	at java_programs.FLATTEN.flatten(FLATTEN.java:26)
	at java_programs.FLATTEN.flatten(FLATTEN.java:26)
	at java_programs.FLATTEN.flatten(FLATTEN.java:26)
	at java_programs.FLATTEN.flatten(FLATTEN.java:26)
	at java_programs.FLATTEN.flatten(FLATTEN.java:26)
	at java_programs.FLATTEN.flatten(FLATTEN.java:26)
	at java_programs.FLATTEN.flatten(FLATTEN.java:26)
	at java_programs.FLATTEN.flatten(FLATTEN.java:26)
	at java_programs.FLATTEN.flatten(FLATTEN.java:26)
	at java_programs.FLATTEN.flatten(FLATTEN.java:26)
	at java_programs.FLATTEN.flatten(FLATTEN.java:26)
	at java_programs.FLATTEN.flatten(FLATTEN.java:26)
	at java_programs.FLATTEN.flatten(FLATTEN.java:26)
	at java_programs.FLATTEN.flatten(FLATTEN.java:26)
	at java_programs.FLATTEN.flatten(FLATTEN.java:26)
	at java_programs.FLATTEN.flatten(FLATTEN.java:26)
	at java_programs.FLATTEN.flatten(FLATTEN.java:26)
	at java_programs.FLATTEN.flatten(FLATTEN.java:26)
	at java_programs.FLATTEN.flatten(FLATTEN.java:26)
	at java_programs.FLATTEN.flatten(FLATTEN.java:26)
	at java_programs.FLATTEN.flatten(FLATTEN.java:26)
	at java_programs.FLATTEN.flatten(FLATTEN.java:26)
	at java_programs.FLATTEN.flatten(FLATTEN.java:26)
	at java_programs.FLATTEN.flatten(FLATTEN.java:26)
	at java_programs.FLATTEN.flatten(FLATTEN.java:26)
	at java_programs.FLATTEN.flatten(FLATTEN.java:26)
	at java_programs.FLATTEN.flatten(FLATTEN.java:26)
	at java_programs.FLATTEN.flatten(FLATTEN.java:26)
	at java_programs.FLATTEN.flatten(FLATTEN.java:26)
	at java_programs.FLATTEN.flatten(FLATTEN.java:26)
	at java_programs.FLATTEN.flatten(FLATTEN.java:26)
	at java_programs.FLATTEN.flatten(FLATTEN.java:26)
	at java_programs.FLATTEN.flatten(FLATTEN.java:26)
	at java_programs.FLATTEN.flatten(FLATTEN.java:26)
	at java_programs.FLATTEN.flatten(FLATTEN.java:26)
	at java_programs.FLATTEN.flatten(FLATTEN.java:26)
	at java_programs.FLATTEN.flatten(FLATTEN.java:26)
	at java_programs.FLATTEN.flatten(FLATTEN.java:26)
	at java_programs.FLATTEN.flatten(FLATTEN.java:26)
	at java_programs.FLATTEN.flatten(FLATTEN.java:26)
	at java_programs.FLATTEN.flatten(FLATTEN.java:26)
	at java_programs.FLATTEN.flatten(FLATTEN.java:26)
	at java_programs.FLATTEN.flatten(FLATTEN.java:26)
	at java_programs.FLATTEN.flatten(FLATTEN.java:26)
	at java_programs.FLATTEN.flatten(FLATTEN.java:26)
	at java_programs.FLATTEN.flatten(FLATTEN.java:26)
	at java_programs.FLATTEN.flatten(FLATTEN.java:26)
	at java_programs.FLATTEN.flatten(FLATTEN.java:26)
	at java_programs.FLATTEN.flatten(FLATTEN.java:26)
	at java_programs.FLATTEN.flatten(FLATTEN.java:26)
	at java_programs.FLATTEN.flatten(FLATTEN.java:26)
	at java_programs.FLATTEN.flatten(FLATTEN.java:26)
	at java_programs.FLATTEN.flatten(FLATTEN.java:26)
	at java_programs.FLATTEN.flatten(FLATTEN.java:26)
	at java_programs.FLATTEN.flatten(FLATTEN.java:26)
	at java_programs.FLATTEN.flatten(FLATTEN.java:26)
	at java_programs.FLATTEN.flatten(FLATTEN.java:26)
	at java_programs.FLATTEN.flatten(FLATTEN.java:26)
	at java_programs.FLATTEN.flatten(FLATTEN.java:26)
	at java_programs.FLATTEN.flatten(FLATTEN.java:26)
	at java_programs.FLATTEN.flatten(FLATTEN.java:26)
	at java_programs.FLATTEN.flatten(FLATTEN.java:26)
	at java_programs.FLATTEN.flatten(FLATTEN.java:26)
	at java_programs.FLATTEN.flatten(FLATTEN.java:26)
	at java_programs.FLATTEN.flatten(FLATTEN.java:26)
	at java_programs.FLATTEN.flatten(FLATTEN.java:26)
	at java_programs.FLATTEN.flatten(FLATTEN.java:26)
	at java_programs.FLATTEN.flatten(FLATTEN.java:26)
	at java_programs.FLATTEN.flatten(FLATTEN.java:26)
	at java_programs.FLATTEN.flatten(FLATTEN.java:26)
	at java_programs.FLATTEN.flatten(FLATTEN.java:26)
	at java_programs.FLATTEN.flatten(FLATTEN.java:26)
	at java_programs.FLATTEN.flatten(FLATTEN.java:26)
	at java_programs.FLATTEN.flatten(FLATTEN.java:26)
	at java_programs.FLATTEN.flatten(FLATTEN.java:26)
	at java_programs.FLATTEN.flatten(FLATTEN.java:26)
	at java_programs.FLATTEN.flatten(FLATTEN.java:26)
	at java_programs.FLATTEN.flatten(FLATTEN.java:26)
	at java_programs.FLATTEN.flatten(FLATTEN.java:26)
	at java_programs.FLATTEN.flatten(FLATTEN.java:26)
	at java_programs.FLATTEN.flatten(FLATTEN.java:26)
	at java_programs.FLATTEN.flatten(FLATTEN.java:26)
	at java_programs.FLATTEN.flatten(FLATTEN.java:26)
	at java_programs.FLATTEN.flatten(FLATTEN.java:26)
	at java_programs.FLATTEN.flatten(FLATTEN.java:26)
	at java_programs.FLATTEN.flatten(FLATTEN.java:26)
	at java_programs.FLATTEN.flatten(FLATTEN.java:26)
	at java_programs.FLATTEN.flatten(FLATTEN.java:26)
	at java_programs.FLATTEN.flatten(FLATTEN.java:26)
	at java_programs.FLATTEN.flatten(FLATTEN.java:26)
	at java_programs.FLATTEN.flatten(FLATTEN.java:26)
	at java_programs.FLATTEN.flatten(FLATTEN.java:26)
	at java_programs.FLATTEN.flatten(FLATTEN.java:26)
	at java_programs.FLATTEN.flatten(FLATTEN.java:26)
	at java_programs.FLATTEN.flatten(FLATTEN.java:26)
	at java_programs.FLATTEN.flatten(FLATTEN.java:26)
	at java_programs.FLATTEN.flatten(FLATTEN.java:26)
	at java_programs.FLATTEN.flatten(FLATTEN.java:26)
	at java_programs.FLATTEN.flatten(FLATTEN.java:26)
	at java_programs.FLATTEN.flatten(FLATTEN.java:26)
	at java_programs.FLATTEN.flatten(FLATTEN.java:26)
	at java_programs.FLATTEN.flatten(FLATTEN.java:26)
	at java_programs.FLATTEN.flatten(FLATTEN.java:26)
	at java_programs.FLATTEN.flatten(FLATTEN.java:26)
	at java_programs.FLATTEN.flatten(FLATTEN.java:26)
	at java_programs.FLATTEN.flatten(FLATTEN.java:26)
	at java_programs.FLATTEN.flatten(FLATTEN.java:26)
	at java_programs.FLATTEN.flatten(FLATTEN.java:26)
	at java_programs.FLATTEN.flatten(FLATTEN.java:26)
	at java_programs.FLATTEN.flatten(FLATTEN.java:26)
	at java_programs.FLATTEN.flatten(FLATTEN.java:26)
	at java_programs.FLATTEN.flatten(FLATTEN.java:26)
	at java_programs.FLATTEN.flatten(FLATTEN.java:26)
	at java_programs.FLATTEN.flatten(FLATTEN.java:26)
	at java_programs.FLATTEN.flatten(FLATTEN.java:26)
	at java_programs.FLATTEN.flatten(FLATTEN.java:26)
	at java_programs.FLATTEN.flatten(FLATTEN.java:26)
	at java_programs.FLATTEN.flatten(FLATTEN.java:26)
	at java_programs.FLATTEN.flatten(FLATTEN.java:26)
	at java_programs.FLATTEN.flatten(FLATTEN.java:26)
	at java_programs.FLATTEN.flatten(FLATTEN.java:26)
	at java_programs.FLATTEN.flatten(FLATTEN.java:26)
	at java_programs.FLATTEN.flatten(FLATTEN.java:26)
	at java_programs.FLATTEN.flatten(FLATTEN.java:26)
	at java_programs.FLATTEN.flatten(FLATTEN.java:26)
	at java_programs.FLATTEN.flatten(FLATTEN.java:26)
	at java_programs.FLATTEN.flatten(FLATTEN.java:26)
	at java_programs.FLATTEN.flatten(FLATTEN.java:26)
	at java_programs.FLATTEN.flatten(FLATTEN.java:26)
	at java_programs.FLATTEN.flatten(FLATTEN.java:26)
	at java_programs.FLATTEN.flatten(FLATTEN.java:26)
	at java_programs.FLATTEN.flatten(FLATTEN.java:26)
	at java_programs.FLATTEN.flatten(FLATTEN.java:26)
	at java_programs.FLATTEN.flatten(FLATTEN.java:26)
	at java_programs.FLATTEN.flatten(FLATTEN.java:26)
	at java_programs.FLATTEN.flatten(FLATTEN.java:26)
	at java_programs.FLATTEN.flatten(FLATTEN.java:26)
	at java_programs.FLATTEN.flatten(FLATTEN.java:26)
	at java_programs.FLATTEN.flatten(FLATTEN.java:26)
	at java_programs.FLATTEN.flatten(FLATTEN.java:26)
	at java_programs.FLATTEN.flatten(FLATTEN.java:26)
	at java_programs.FLATTEN.flatten(FLATTEN.java:26)
	at java_programs.FLATTEN.flatten(FLATTEN.java:26)
	at java_programs.FLATTEN.flatten(FLATTEN.java:26)
	at java_programs.FLATTEN.flatten(FLATTEN.java:26)
	at java_programs.FLATTEN.flatten(FLATTEN.java:26)
	at java_programs.FLATTEN.flatten(FLATTEN.java:26)
	at java_programs.FLATTEN.flatten(FLATTEN.java:26)
	at java_programs.FLATTEN.flatten(FLATTEN.java:26)
	at java_programs.FLATTEN.flatten(FLATTEN.java:26)
	at java_programs.FLATTEN.flatten(FLATTEN.java:26)
	at java_programs.FLATTEN.flatten(FLATTEN.java:26)
	at java_programs.FLATTEN.flatten(FLATTEN.java:26)
	at java_programs.FLATTEN.flatten(FLATTEN.java:26)
	at java_programs.FLATTEN.flatten(FLATTEN.java:26)
	at java_programs.FLATTEN.flatten(FLATTEN.java:26)
	at java_programs.FLATTEN.flatten(FLATTEN.java:26)
	at java_programs.FLATTEN.flatten(FLATTEN.java:26)
	at java_programs.FLATTEN.flatten(FLATTEN.java:26)
	at java_programs.FLATTEN.flatten(FLATTEN.java:26)
	at java_programs.FLATTEN.flatten(FLATTEN.java:26)
	at java_programs.FLATTEN.flatten(FLATTEN.java:26)
	at java_programs.FLATTEN.flatten(FLATTEN.java:26)
	at java_programs.FLATTEN.flatten(FLATTEN.java:26)
	at java_programs.FLATTEN.flatten(FLATTEN.java:26)
	at java_programs.FLATTEN.flatten(FLATTEN.java:26)
	at java_programs.FLATTEN.flatten(FLATTEN.java:26)
	at java_programs.FLATTEN.flatten(FLATTEN.java:26)
	at java_programs.FLATTEN.flatten(FLATTEN.java:26)
	at java_programs.FLATTEN.flatten(FLATTEN.java:26)
	at java_programs.FLATTEN.flatten(FLATTEN.java:26)
	at java_programs.FLATTEN.flatten(FLATTEN.java:26)
	at java_programs.FLATTEN.flatten(FLATTEN.java:26)
	at java_programs.FLATTEN.flatten(FLATTEN.java:26)
	at java_programs.FLATTEN.flatten(FLATTEN.java:26)
	at java_programs.FLATTEN.flatten(FLATTEN.java:26)
	at java_programs.FLATTEN.flatten(FLATTEN.java:26)
	at java_programs.FLATTEN.flatten(FLATTEN.java:26)
	at java_programs.FLATTEN.flatten(FLATTEN.java:26)
	at java_programs.FLATTEN.flatten(FLATTEN.java:26)
	at java_programs.FLATTEN.flatten(FLATTEN.java:26)
	at java_programs.FLATTEN.flatten(FLATTEN.java:26)
	at java_programs.FLATTEN.flatten(FLATTEN.java:26)
	at java_programs.FLATTEN.flatten(FLATTEN.java:26)
	at java_programs.FLATTEN.flatten(FLATTEN.java:26)
	at java_programs.FLATTEN.flatten(FLATTEN.java:26)
	at java_programs.FLATTEN.flatten(FLATTEN.java:26)
	at java_programs.FLATTEN.flatten(FLATTEN.java:26)
	at java_programs.FLATTEN.flatten(FLATTEN.java:26)
	at java_programs.FLATTEN.flatten(FLATTEN.java:26)
	at java_programs.FLATTEN.flatten(FLATTEN.java:26)
	at java_programs.FLATTEN.flatten(FLATTEN.java:26)
	at java_programs.FLATTEN.flatten(FLATTEN.java:26)
	at java_programs.FLATTEN.flatten(FLATTEN.java:26)
	at java_programs.FLATTEN.flatten(FLATTEN.java:26)
	at java_programs.FLATTEN.flatten(FLATTEN.java:26)
	at java_programs.FLATTEN.flatten(FLATTEN.java:26)
	at java_programs.FLATTEN.flatten(FLATTEN.java:26)
	at java_programs.FLATTEN.flatten(FLATTEN.java:26)
	at java_programs.FLATTEN.flatten(FLATTEN.java:26)
	at java_programs.FLATTEN.flatten(FLATTEN.java:26)
	at java_programs.FLATTEN.flatten(FLATTEN.java:26)
	at java_programs.FLATTEN.flatten(FLATTEN.java:26)
	at java_programs.FLATTEN.flatten(FLATTEN.java:26)
	at java_programs.FLATTEN.flatten(FLATTEN.java:26)
	at java_programs.FLATTEN.flatten(FLATTEN.java:26)
	at java_programs.FLATTEN.flatten(FLATTEN.java:26)
	at java_programs.FLATTEN.flatten(FLATTEN.java:26)
	at java_programs.FLATTEN.flatten(FLATTEN.java:26)
	at java_programs.FLATTEN.flatten(FLATTEN.java:26)
	at java_programs.FLATTEN.flatten(FLATTEN.java:26)
	at java_programs.FLATTEN.flatten(FLATTEN.java:26)
	at java_programs.FLATTEN.flatten(FLATTEN.java:26)
	at java_programs.FLATTEN.flatten(FLATTEN.java:26)
	at java_programs.FLATTEN.flatten(FLATTEN.java:26)
	at java_programs.FLATTEN.flatten(FLATTEN.java:26)
	at java_programs.FLATTEN.flatten(FLATTEN.java:26)
	at java_programs.FLATTEN.flatten(FLATTEN.java:26)
	at java_programs.FLATTEN.flatten(FLATTEN.java:26)
	at java_programs.FLATTEN.flatten(FLATTEN.java:26)
	at java_programs.FLATTEN.flatten(FLATTEN.java:26)
	at java_programs.FLATTEN.flatten(FLATTEN.java:26)
	at java_programs.FLATTEN.flatten(FLATTEN.java:26)
	at java_programs.FLATTEN.flatten(FLATTEN.java:26)
	at java_programs.FLATTEN.flatten(FLATTEN.java:26)
	at java_programs.FLATTEN.flatten(FLATTEN.java:26)
	at java_programs.FLATTEN.flatten(FLATTEN.java:26)
	at java_programs.FLATTEN.flatten(FLATTEN.java:26)
	at java_programs.FLATTEN.flatten(FLATTEN.java:26)
	at java_programs.FLATTEN.flatten(FLATTEN.java:26)
	at java_programs.FLATTEN.flatten(FLATTEN.java:26)
	at java_programs.FLATTEN.flatten(FLATTEN.java:26)
	at java_programs.FLATTEN.flatten(FLATTEN.java:26)
	at java_programs.FLATTEN.flatten(FLATTEN.java:26)
	at java_programs.FLATTEN.flatten(FLATTEN.java:26)
	at java_programs.FLATTEN.flatten(FLATTEN.java:26)
	at java_programs.FLATTEN.flatten(FLATTEN.java:26)
	at java_programs.FLATTEN.flatten(FLATTEN.java:26)
	at java_programs.FLATTEN.flatten(FLATTEN.java:26)
	at java_programs.FLATTEN.flatten(FLATTEN.java:26)
	at java_programs.FLATTEN.flatten(FLATTEN.java:26)
	at java_programs.FLATTEN.flatten(FLATTEN.java:26)
	at java_programs.FLATTEN.flatten(FLATTEN.java:26)
	at java_programs.FLATTEN.flatten(FLATTEN.java:26)
	at java_programs.FLATTEN.flatten(FLATTEN.java:26)
	at java_programs.FLATTEN.flatten(FLATTEN.java:26)
	at java_programs.FLATTEN.flatten(FLATTEN.java:26)
	at java_programs.FLATTEN.flatten(FLATTEN.java:26)
	at java_programs.FLATTEN.flatten(FLATTEN.java:26)
	at java_programs.FLATTEN.flatten(FLATTEN.java:26)
	at java_programs.FLATTEN.flatten(FLATTEN.java:26)
	at java_programs.FLATTEN.flatten(FLATTEN.java:26)
	at java_programs.FLATTEN.flatten(FLATTEN.java:26)
	at java_programs.FLATTEN.flatten(FLATTEN.java:26)
	at java_programs.FLATTEN.flatten(FLATTEN.java:26)
	at java_programs.FLATTEN.flatten(FLATTEN.java:26)
	at java_programs.FLATTEN.flatten(FLATTEN.java:26)
	at java_programs.FLATTEN.flatten(FLATTEN.java:26)
	at java_programs.FLATTEN.flatten(FLATTEN.java:26)
	at java_programs.FLATTEN.flatten(FLATTEN.java:26)
	at java_programs.FLATTEN.flatten(FLATTEN.java:26)
	at java_programs.FLATTEN.flatten(FLATTEN.java:26)
	at java_programs.FLATTEN.flatten(FLATTEN.java:26)
	at java_programs.FLATTEN.flatten(FLATTEN.java:26)
	at java_programs.FLATTEN.flatten(FLATTEN.java:26)
	at java_programs.FLATTEN.flatten(FLATTEN.java:26)
	at java_programs.FLATTEN.flatten(FLATTEN.java:26)
	at java_programs.FLATTEN.flatten(FLATTEN.java:26)
	at java_programs.FLATTEN.flatten(FLATTEN.java:26)
	at java_programs.FLATTEN.flatten(FLATTEN.java:26)
	at java_programs.FLATTEN.flatten(FLATTEN.java:26)
	at java_programs.FLATTEN.flatten(FLATTEN.java:26)
	at java_programs.FLATTEN.flatten(FLATTEN.java:26)
	at java_programs.FLATTEN.flatten(FLATTEN.java:26)
	at java_programs.FLATTEN.flatten(FLATTEN.java:26)
	at java_programs.FLATTEN.flatten(FLATTEN.java:26)
	at java_programs.FLATTEN.flatten(FLATTEN.java:26)
	at java_programs.FLATTEN.flatten(FLATTEN.java:26)
	at java_programs.FLATTEN.flatten(FLATTEN.java:26)
	at java_programs.FLATTEN.flatten(FLATTEN.java:26)
	at java_programs.FLATTEN.flatten(FLATTEN.java:26)
	at java_programs.FLATTEN.flatten(FLATTEN.java:26)
	at java_programs.FLATTEN.flatten(FLATTEN.java:26)
	at java_programs.FLATTEN.flatten(FLATTEN.java:26)
	at java_programs.FLATTEN.flatten(FLATTEN.java:26)
	at java_programs.FLATTEN.flatten(FLATTEN.java:26)
	at java_programs.FLATTEN.flatten(FLATTEN.java:26)
	at java_programs.FLATTEN.flatten(FLATTEN.java:26)
	at java_programs.FLATTEN.flatten(FLATTEN.java:26)
	at java_programs.FLATTEN.flatten(FLATTEN.java:26)
	at java_programs.FLATTEN.flatten(FLATTEN.java:26)
	at java_programs.FLATTEN.flatten(FLATTEN.java:26)
	at java_programs.FLATTEN.flatten(FLATTEN.java:26)
	at java_programs.FLATTEN.flatten(FLATTEN.java:26)
	at java_programs.FLATTEN.flatten(FLATTEN.java:26)
	at java_programs.FLATTEN.flatten(FLATTEN.java:26)
	at java_programs.FLATTEN.flatten(FLATTEN.java:26)
	at java_programs.FLATTEN.flatten(FLATTEN.java:26)
	at java_programs.FLATTEN.flatten(FLATTEN.java:26)
	at java_programs.FLATTEN.flatten(FLATTEN.java:26)
	at java_programs.FLATTEN.flatten(FLATTEN.java:26)
	at java_programs.FLATTEN.flatten(FLATTEN.java:26)
	at java_programs.FLATTEN.flatten(FLATTEN.java:26)
	at java_programs.FLATTEN.flatten(FLATTEN.java:26)
	at java_programs.FLATTEN.flatten(FLATTEN.java:26)
	at java_programs.FLATTEN.flatten(FLATTEN.java:26)
	at java_programs.FLATTEN.flatten(FLATTEN.java:26)
	at java_programs.FLATTEN.flatten(FLATTEN.java:26)
	at java_programs.FLATTEN.flatten(FLATTEN.java:26)
	at java_programs.FLATTEN.flatten(FLATTEN.java:26)
	at java_programs.FLATTEN.flatten(FLATTEN.java:26)
	at java_programs.FLATTEN.flatten(FLATTEN.java:26)
	at java_programs.FLATTEN.flatten(FLATTEN.java:26)
	at java_programs.FLATTEN.flatten(FLATTEN.java:26)
	at java_programs.FLATTEN.flatten(FLATTEN.java:26)
	at java_programs.FLATTEN.flatten(FLATTEN.java:26)
	at java_programs.FLATTEN.flatten(FLATTEN.java:26)
	at java_programs.FLATTEN.flatten(FLATTEN.java:26)
	at java_programs.FLATTEN.flatten(FLATTEN.java:26)
	at java_programs.FLATTEN.flatten(FLATTEN.java:26)
</failure>
  </testcase>
  <system-out><![CDATA[]]></system-out>
  <system-err><![CDATA[]]></system-err>
</testsuite>
