<?xml version="1.0" encoding="UTF-8"?>
<testsuite name="java_testcases.junit.POSSIBLE_CHANGE_TEST" tests="9" skipped="0" failures="9" errors="0" timestamp="2024-04-03T09:45:15" hostname="LAPTOP-NVVL9JFQ" time="1.113">
  <properties/>
  <testcase name="test_0" classname="java_testcases.junit.POSSIBLE_CHANGE_TEST" time="0.279">
    <failure message="java.lang.ArrayIndexOutOfBoundsException: Index 0 out of bounds for length 0" type="java.lang.ArrayIndexOutOfBoundsException">java.lang.ArrayIndexOutOfBoundsException: Index 0 out of bounds for length 0
	at java_programs.POSSIBLE_CHANGE.possible_change(POSSIBLE_CHANGE.java:21)
	at java_programs.POSSIBLE_CHANGE.possible_change(POSSIBLE_CHANGE.java:23)
	at java_programs.POSSIBLE_CHANGE.possible_change(POSSIBLE_CHANGE.java:23)
	at java_programs.POSSIBLE_CHANGE.possible_change(POSSIBLE_CHANGE.java:23)
	at java_programs.POSSIBLE_CHANGE.possible_change(POSSIBLE_CHANGE.java:23)
	at java_programs.POSSIBLE_CHANGE.possible_change(POSSIBLE_CHANGE.java:23)
	at java_programs.POSSIBLE_CHANGE.possible_change(POSSIBLE_CHANGE.java:23)
	at java_programs.POSSIBLE_CHANGE.possible_change(POSSIBLE_CHANGE.java:23)
	at java_programs.POSSIBLE_CHANGE.possible_change(POSSIBLE_CHANGE.java:23)
	at java_programs.POSSIBLE_CHANGE.possible_change(POSSIBLE_CHANGE.java:23)
	at java_programs.POSSIBLE_CHANGE.possible_change(POSSIBLE_CHANGE.java:23)
	at java_programs.POSSIBLE_CHANGE.possible_change(POSSIBLE_CHANGE.java:23)
	at java_programs.POSSIBLE_CHANGE.possible_change(POSSIBLE_CHANGE.java:23)
	at java_programs.POSSIBLE_CHANGE.possible_change(POSSIBLE_CHANGE.java:23)
	at java_programs.POSSIBLE_CHANGE.possible_change(POSSIBLE_CHANGE.java:23)
	at java_testcases.junit.POSSIBLE_CHANGE_TEST.test_0(POSSIBLE_CHANGE_TEST.java:7)
	at java.base/jdk.internal.reflect.NativeMethodAccessorImpl.invoke0(Native Method)
	at java.base/jdk.internal.reflect.NativeMethodAccessorImpl.invoke(NativeMethodAccessorImpl.java:77)
	at java.base/jdk.internal.reflect.DelegatingMethodAccessorImpl.invoke(DelegatingMethodAccessorImpl.java:43)
	at java.base/java.lang.reflect.Method.invoke(Method.java:568)
	at org.junit.runners.model.FrameworkMethod$1.runReflectiveCall(FrameworkMethod.java:50)
	at org.junit.internal.runners.model.ReflectiveCallable.run(ReflectiveCallable.java:12)
	at org.junit.runners.model.FrameworkMethod.invokeExplosively(FrameworkMethod.java:47)
	at org.junit.internal.runners.statements.InvokeMethod.evaluate(InvokeMethod.java:17)
	at org.junit.internal.runners.statements.FailOnTimeout$CallableStatement.call(FailOnTimeout.java:298)
	at org.junit.internal.runners.statements.FailOnTimeout$CallableStatement.call(FailOnTimeout.java:292)
	at java.base/java.util.concurrent.FutureTask.run(FutureTask.java:264)
	at java.base/java.lang.Thread.run(Thread.java:833)
</failure>
  </testcase>
  <testcase name="test_1" classname="java_testcases.junit.POSSIBLE_CHANGE_TEST" time="0.064">
    <failure message="java.lang.ArrayIndexOutOfBoundsException: Index 0 out of bounds for length 0" type="java.lang.ArrayIndexOutOfBoundsException">java.lang.ArrayIndexOutOfBoundsException: Index 0 out of bounds for length 0
	at java_programs.POSSIBLE_CHANGE.possible_change(POSSIBLE_CHANGE.java:21)
	at java_programs.POSSIBLE_CHANGE.possible_change(POSSIBLE_CHANGE.java:23)
	at java_programs.POSSIBLE_CHANGE.possible_change(POSSIBLE_CHANGE.java:23)
	at java_programs.POSSIBLE_CHANGE.possible_change(POSSIBLE_CHANGE.java:23)
	at java_programs.POSSIBLE_CHANGE.possible_change(POSSIBLE_CHANGE.java:23)
	at java_programs.POSSIBLE_CHANGE.possible_change(POSSIBLE_CHANGE.java:23)
	at java_programs.POSSIBLE_CHANGE.possible_change(POSSIBLE_CHANGE.java:23)
	at java_programs.POSSIBLE_CHANGE.possible_change(POSSIBLE_CHANGE.java:23)
	at java_programs.POSSIBLE_CHANGE.possible_change(POSSIBLE_CHANGE.java:23)
	at java_programs.POSSIBLE_CHANGE.possible_change(POSSIBLE_CHANGE.java:23)
	at java_programs.POSSIBLE_CHANGE.possible_change(POSSIBLE_CHANGE.java:23)
	at java_programs.POSSIBLE_CHANGE.possible_change(POSSIBLE_CHANGE.java:23)
	at java_programs.POSSIBLE_CHANGE.possible_change(POSSIBLE_CHANGE.java:23)
	at java_programs.POSSIBLE_CHANGE.possible_change(POSSIBLE_CHANGE.java:23)
	at java_programs.POSSIBLE_CHANGE.possible_change(POSSIBLE_CHANGE.java:23)
	at java_programs.POSSIBLE_CHANGE.possible_change(POSSIBLE_CHANGE.java:23)
	at java_programs.POSSIBLE_CHANGE.possible_change(POSSIBLE_CHANGE.java:23)
	at java_programs.POSSIBLE_CHANGE.possible_change(POSSIBLE_CHANGE.java:23)
	at java_programs.POSSIBLE_CHANGE.possible_change(POSSIBLE_CHANGE.java:23)
	at java_programs.POSSIBLE_CHANGE.possible_change(POSSIBLE_CHANGE.java:23)
	at java_programs.POSSIBLE_CHANGE.possible_change(POSSIBLE_CHANGE.java:23)
	at java_programs.POSSIBLE_CHANGE.possible_change(POSSIBLE_CHANGE.java:23)
	at java_programs.POSSIBLE_CHANGE.possible_change(POSSIBLE_CHANGE.java:23)
	at java_programs.POSSIBLE_CHANGE.possible_change(POSSIBLE_CHANGE.java:23)
	at java_programs.POSSIBLE_CHANGE.possible_change(POSSIBLE_CHANGE.java:23)
	at java_programs.POSSIBLE_CHANGE.possible_change(POSSIBLE_CHANGE.java:23)
	at java_programs.POSSIBLE_CHANGE.possible_change(POSSIBLE_CHANGE.java:23)
	at java_programs.POSSIBLE_CHANGE.possible_change(POSSIBLE_CHANGE.java:23)
	at java_programs.POSSIBLE_CHANGE.possible_change(POSSIBLE_CHANGE.java:23)
	at java_programs.POSSIBLE_CHANGE.possible_change(POSSIBLE_CHANGE.java:23)
	at java_programs.POSSIBLE_CHANGE.possible_change(POSSIBLE_CHANGE.java:23)
	at java_programs.POSSIBLE_CHANGE.possible_change(POSSIBLE_CHANGE.java:23)
	at java_programs.POSSIBLE_CHANGE.possible_change(POSSIBLE_CHANGE.java:23)
	at java_programs.POSSIBLE_CHANGE.possible_change(POSSIBLE_CHANGE.java:23)
	at java_programs.POSSIBLE_CHANGE.possible_change(POSSIBLE_CHANGE.java:23)
	at java_programs.POSSIBLE_CHANGE.possible_change(POSSIBLE_CHANGE.java:23)
	at java_programs.POSSIBLE_CHANGE.possible_change(POSSIBLE_CHANGE.java:23)
	at java_programs.POSSIBLE_CHANGE.possible_change(POSSIBLE_CHANGE.java:23)
	at java_programs.POSSIBLE_CHANGE.possible_change(POSSIBLE_CHANGE.java:23)
	at java_programs.POSSIBLE_CHANGE.possible_change(POSSIBLE_CHANGE.java:23)
	at java_programs.POSSIBLE_CHANGE.possible_change(POSSIBLE_CHANGE.java:23)
	at java_programs.POSSIBLE_CHANGE.possible_change(POSSIBLE_CHANGE.java:23)
	at java_programs.POSSIBLE_CHANGE.possible_change(POSSIBLE_CHANGE.java:23)
	at java_programs.POSSIBLE_CHANGE.possible_change(POSSIBLE_CHANGE.java:23)
	at java_programs.POSSIBLE_CHANGE.possible_change(POSSIBLE_CHANGE.java:23)
	at java_programs.POSSIBLE_CHANGE.possible_change(POSSIBLE_CHANGE.java:23)
	at java_programs.POSSIBLE_CHANGE.possible_change(POSSIBLE_CHANGE.java:23)
	at java_programs.POSSIBLE_CHANGE.possible_change(POSSIBLE_CHANGE.java:23)
	at java_programs.POSSIBLE_CHANGE.possible_change(POSSIBLE_CHANGE.java:23)
	at java_programs.POSSIBLE_CHANGE.possible_change(POSSIBLE_CHANGE.java:23)
	at java_programs.POSSIBLE_CHANGE.possible_change(POSSIBLE_CHANGE.java:23)
	at java_programs.POSSIBLE_CHANGE.possible_change(POSSIBLE_CHANGE.java:23)
	at java_programs.POSSIBLE_CHANGE.possible_change(POSSIBLE_CHANGE.java:23)
	at java_programs.POSSIBLE_CHANGE.possible_change(POSSIBLE_CHANGE.java:23)
	at java_programs.POSSIBLE_CHANGE.possible_change(POSSIBLE_CHANGE.java:23)
	at java_programs.POSSIBLE_CHANGE.possible_change(POSSIBLE_CHANGE.java:23)
	at java_programs.POSSIBLE_CHANGE.possible_change(POSSIBLE_CHANGE.java:23)
	at java_programs.POSSIBLE_CHANGE.possible_change(POSSIBLE_CHANGE.java:23)
	at java_programs.POSSIBLE_CHANGE.possible_change(POSSIBLE_CHANGE.java:23)
	at java_programs.POSSIBLE_CHANGE.possible_change(POSSIBLE_CHANGE.java:23)
	at java_programs.POSSIBLE_CHANGE.possible_change(POSSIBLE_CHANGE.java:23)
	at java_programs.POSSIBLE_CHANGE.possible_change(POSSIBLE_CHANGE.java:23)
	at java_programs.POSSIBLE_CHANGE.possible_change(POSSIBLE_CHANGE.java:23)
	at java_programs.POSSIBLE_CHANGE.possible_change(POSSIBLE_CHANGE.java:23)
	at java_programs.POSSIBLE_CHANGE.possible_change(POSSIBLE_CHANGE.java:23)
	at java_programs.POSSIBLE_CHANGE.possible_change(POSSIBLE_CHANGE.java:23)
	at java_programs.POSSIBLE_CHANGE.possible_change(POSSIBLE_CHANGE.java:23)
	at java_programs.POSSIBLE_CHANGE.possible_change(POSSIBLE_CHANGE.java:23)
	at java_programs.POSSIBLE_CHANGE.possible_change(POSSIBLE_CHANGE.java:23)
	at java_programs.POSSIBLE_CHANGE.possible_change(POSSIBLE_CHANGE.java:23)
	at java_programs.POSSIBLE_CHANGE.possible_change(POSSIBLE_CHANGE.java:23)
	at java_programs.POSSIBLE_CHANGE.possible_change(POSSIBLE_CHANGE.java:23)
	at java_programs.POSSIBLE_CHANGE.possible_change(POSSIBLE_CHANGE.java:23)
	at java_programs.POSSIBLE_CHANGE.possible_change(POSSIBLE_CHANGE.java:23)
	at java_programs.POSSIBLE_CHANGE.possible_change(POSSIBLE_CHANGE.java:23)
	at java_programs.POSSIBLE_CHANGE.possible_change(POSSIBLE_CHANGE.java:23)
	at java_programs.POSSIBLE_CHANGE.possible_change(POSSIBLE_CHANGE.java:23)
	at java_programs.POSSIBLE_CHANGE.possible_change(POSSIBLE_CHANGE.java:23)
	at java_programs.POSSIBLE_CHANGE.possible_change(POSSIBLE_CHANGE.java:23)
	at java_testcases.junit.POSSIBLE_CHANGE_TEST.test_1(POSSIBLE_CHANGE_TEST.java:13)
	at java.base/jdk.internal.reflect.NativeMethodAccessorImpl.invoke0(Native Method)
	at java.base/jdk.internal.reflect.NativeMethodAccessorImpl.invoke(NativeMethodAccessorImpl.java:77)
	at java.base/jdk.internal.reflect.DelegatingMethodAccessorImpl.invoke(DelegatingMethodAccessorImpl.java:43)
	at java.base/java.lang.reflect.Method.invoke(Method.java:568)
	at org.junit.runners.model.FrameworkMethod$1.runReflectiveCall(FrameworkMethod.java:50)
	at org.junit.internal.runners.model.ReflectiveCallable.run(ReflectiveCallable.java:12)
	at org.junit.runners.model.FrameworkMethod.invokeExplosively(FrameworkMethod.java:47)
	at org.junit.internal.runners.statements.InvokeMethod.evaluate(InvokeMethod.java:17)
	at org.junit.internal.runners.statements.FailOnTimeout$CallableStatement.call(FailOnTimeout.java:298)
	at org.junit.internal.runners.statements.FailOnTimeout$CallableStatement.call(FailOnTimeout.java:292)
	at java.base/java.util.concurrent.FutureTask.run(FutureTask.java:264)
	at java.base/java.lang.Thread.run(Thread.java:833)
</failure>
  </testcase>
  <testcase name="test_2" classname="java_testcases.junit.POSSIBLE_CHANGE_TEST" time="0.163">
    <failure message="java.lang.ArrayIndexOutOfBoundsException: Index 0 out of bounds for length 0" type="java.lang.ArrayIndexOutOfBoundsException">java.lang.ArrayIndexOutOfBoundsException: Index 0 out of bounds for length 0
	at java_programs.POSSIBLE_CHANGE.possible_change(POSSIBLE_CHANGE.java:21)
	at java_programs.POSSIBLE_CHANGE.possible_change(POSSIBLE_CHANGE.java:23)
	at java_programs.POSSIBLE_CHANGE.possible_change(POSSIBLE_CHANGE.java:23)
	at java_programs.POSSIBLE_CHANGE.possible_change(POSSIBLE_CHANGE.java:23)
	at java_programs.POSSIBLE_CHANGE.possible_change(POSSIBLE_CHANGE.java:23)
	at java_programs.POSSIBLE_CHANGE.possible_change(POSSIBLE_CHANGE.java:23)
	at java_programs.POSSIBLE_CHANGE.possible_change(POSSIBLE_CHANGE.java:23)
	at java_programs.POSSIBLE_CHANGE.possible_change(POSSIBLE_CHANGE.java:23)
	at java_programs.POSSIBLE_CHANGE.possible_change(POSSIBLE_CHANGE.java:23)
	at java_programs.POSSIBLE_CHANGE.possible_change(POSSIBLE_CHANGE.java:23)
	at java_programs.POSSIBLE_CHANGE.possible_change(POSSIBLE_CHANGE.java:23)
	at java_programs.POSSIBLE_CHANGE.possible_change(POSSIBLE_CHANGE.java:23)
	at java_programs.POSSIBLE_CHANGE.possible_change(POSSIBLE_CHANGE.java:23)
	at java_programs.POSSIBLE_CHANGE.possible_change(POSSIBLE_CHANGE.java:23)
	at java_programs.POSSIBLE_CHANGE.possible_change(POSSIBLE_CHANGE.java:23)
	at java_programs.POSSIBLE_CHANGE.possible_change(POSSIBLE_CHANGE.java:23)
	at java_programs.POSSIBLE_CHANGE.possible_change(POSSIBLE_CHANGE.java:23)
	at java_programs.POSSIBLE_CHANGE.possible_change(POSSIBLE_CHANGE.java:23)
	at java_programs.POSSIBLE_CHANGE.possible_change(POSSIBLE_CHANGE.java:23)
	at java_programs.POSSIBLE_CHANGE.possible_change(POSSIBLE_CHANGE.java:23)
	at java_programs.POSSIBLE_CHANGE.possible_change(POSSIBLE_CHANGE.java:23)
	at java_programs.POSSIBLE_CHANGE.possible_change(POSSIBLE_CHANGE.java:23)
	at java_programs.POSSIBLE_CHANGE.possible_change(POSSIBLE_CHANGE.java:23)
	at java_programs.POSSIBLE_CHANGE.possible_change(POSSIBLE_CHANGE.java:23)
	at java_programs.POSSIBLE_CHANGE.possible_change(POSSIBLE_CHANGE.java:23)
	at java_programs.POSSIBLE_CHANGE.possible_change(POSSIBLE_CHANGE.java:23)
	at java_programs.POSSIBLE_CHANGE.possible_change(POSSIBLE_CHANGE.java:23)
	at java_programs.POSSIBLE_CHANGE.possible_change(POSSIBLE_CHANGE.java:23)
	at java_programs.POSSIBLE_CHANGE.possible_change(POSSIBLE_CHANGE.java:23)
	at java_programs.POSSIBLE_CHANGE.possible_change(POSSIBLE_CHANGE.java:23)
	at java_programs.POSSIBLE_CHANGE.possible_change(POSSIBLE_CHANGE.java:23)
	at java_programs.POSSIBLE_CHANGE.possible_change(POSSIBLE_CHANGE.java:23)
	at java_programs.POSSIBLE_CHANGE.possible_change(POSSIBLE_CHANGE.java:23)
	at java_programs.POSSIBLE_CHANGE.possible_change(POSSIBLE_CHANGE.java:23)
	at java_programs.POSSIBLE_CHANGE.possible_change(POSSIBLE_CHANGE.java:23)
	at java_programs.POSSIBLE_CHANGE.possible_change(POSSIBLE_CHANGE.java:23)
	at java_programs.POSSIBLE_CHANGE.possible_change(POSSIBLE_CHANGE.java:23)
	at java_programs.POSSIBLE_CHANGE.possible_change(POSSIBLE_CHANGE.java:23)
	at java_testcases.junit.POSSIBLE_CHANGE_TEST.test_2(POSSIBLE_CHANGE_TEST.java:19)
	at java.base/jdk.internal.reflect.NativeMethodAccessorImpl.invoke0(Native Method)
	at java.base/jdk.internal.reflect.NativeMethodAccessorImpl.invoke(NativeMethodAccessorImpl.java:77)
	at java.base/jdk.internal.reflect.DelegatingMethodAccessorImpl.invoke(DelegatingMethodAccessorImpl.java:43)
	at java.base/java.lang.reflect.Method.invoke(Method.java:568)
	at org.junit.runners.model.FrameworkMethod$1.runReflectiveCall(FrameworkMethod.java:50)
	at org.junit.internal.runners.model.ReflectiveCallable.run(ReflectiveCallable.java:12)
	at org.junit.runners.model.FrameworkMethod.invokeExplosively(FrameworkMethod.java:47)
	at org.junit.internal.runners.statements.InvokeMethod.evaluate(InvokeMethod.java:17)
	at org.junit.internal.runners.statements.FailOnTimeout$CallableStatement.call(FailOnTimeout.java:298)
	at org.junit.internal.runners.statements.FailOnTimeout$CallableStatement.call(FailOnTimeout.java:292)
	at java.base/java.util.concurrent.FutureTask.run(FutureTask.java:264)
	at java.base/java.lang.Thread.run(Thread.java:833)
</failure>
  </testcase>
  <testcase name="test_3" classname="java_testcases.junit.POSSIBLE_CHANGE_TEST" time="0.128">
    <failure message="java.lang.ArrayIndexOutOfBoundsException: Index 0 out of bounds for length 0" type="java.lang.ArrayIndexOutOfBoundsException">java.lang.ArrayIndexOutOfBoundsException: Index 0 out of bounds for length 0
	at java_programs.POSSIBLE_CHANGE.possible_change(POSSIBLE_CHANGE.java:21)
	at java_programs.POSSIBLE_CHANGE.possible_change(POSSIBLE_CHANGE.java:23)
	at java_programs.POSSIBLE_CHANGE.possible_change(POSSIBLE_CHANGE.java:23)
	at java_programs.POSSIBLE_CHANGE.possible_change(POSSIBLE_CHANGE.java:23)
	at java_programs.POSSIBLE_CHANGE.possible_change(POSSIBLE_CHANGE.java:23)
	at java_programs.POSSIBLE_CHANGE.possible_change(POSSIBLE_CHANGE.java:23)
	at java_programs.POSSIBLE_CHANGE.possible_change(POSSIBLE_CHANGE.java:23)
	at java_programs.POSSIBLE_CHANGE.possible_change(POSSIBLE_CHANGE.java:23)
	at java_programs.POSSIBLE_CHANGE.possible_change(POSSIBLE_CHANGE.java:23)
	at java_programs.POSSIBLE_CHANGE.possible_change(POSSIBLE_CHANGE.java:23)
	at java_programs.POSSIBLE_CHANGE.possible_change(POSSIBLE_CHANGE.java:23)
	at java_programs.POSSIBLE_CHANGE.possible_change(POSSIBLE_CHANGE.java:23)
	at java_programs.POSSIBLE_CHANGE.possible_change(POSSIBLE_CHANGE.java:23)
	at java_programs.POSSIBLE_CHANGE.possible_change(POSSIBLE_CHANGE.java:23)
	at java_programs.POSSIBLE_CHANGE.possible_change(POSSIBLE_CHANGE.java:23)
	at java_programs.POSSIBLE_CHANGE.possible_change(POSSIBLE_CHANGE.java:23)
	at java_programs.POSSIBLE_CHANGE.possible_change(POSSIBLE_CHANGE.java:23)
	at java_programs.POSSIBLE_CHANGE.possible_change(POSSIBLE_CHANGE.java:23)
	at java_programs.POSSIBLE_CHANGE.possible_change(POSSIBLE_CHANGE.java:23)
	at java_programs.POSSIBLE_CHANGE.possible_change(POSSIBLE_CHANGE.java:23)
	at java_programs.POSSIBLE_CHANGE.possible_change(POSSIBLE_CHANGE.java:23)
	at java_programs.POSSIBLE_CHANGE.possible_change(POSSIBLE_CHANGE.java:23)
	at java_programs.POSSIBLE_CHANGE.possible_change(POSSIBLE_CHANGE.java:23)
	at java_programs.POSSIBLE_CHANGE.possible_change(POSSIBLE_CHANGE.java:23)
	at java_programs.POSSIBLE_CHANGE.possible_change(POSSIBLE_CHANGE.java:23)
	at java_programs.POSSIBLE_CHANGE.possible_change(POSSIBLE_CHANGE.java:23)
	at java_programs.POSSIBLE_CHANGE.possible_change(POSSIBLE_CHANGE.java:23)
	at java_programs.POSSIBLE_CHANGE.possible_change(POSSIBLE_CHANGE.java:23)
	at java_programs.POSSIBLE_CHANGE.possible_change(POSSIBLE_CHANGE.java:23)
	at java_programs.POSSIBLE_CHANGE.possible_change(POSSIBLE_CHANGE.java:23)
	at java_programs.POSSIBLE_CHANGE.possible_change(POSSIBLE_CHANGE.java:23)
	at java_programs.POSSIBLE_CHANGE.possible_change(POSSIBLE_CHANGE.java:23)
	at java_programs.POSSIBLE_CHANGE.possible_change(POSSIBLE_CHANGE.java:23)
	at java_programs.POSSIBLE_CHANGE.possible_change(POSSIBLE_CHANGE.java:23)
	at java_programs.POSSIBLE_CHANGE.possible_change(POSSIBLE_CHANGE.java:23)
	at java_programs.POSSIBLE_CHANGE.possible_change(POSSIBLE_CHANGE.java:23)
	at java_programs.POSSIBLE_CHANGE.possible_change(POSSIBLE_CHANGE.java:23)
	at java_testcases.junit.POSSIBLE_CHANGE_TEST.test_3(POSSIBLE_CHANGE_TEST.java:25)
	at java.base/jdk.internal.reflect.NativeMethodAccessorImpl.invoke0(Native Method)
	at java.base/jdk.internal.reflect.NativeMethodAccessorImpl.invoke(NativeMethodAccessorImpl.java:77)
	at java.base/jdk.internal.reflect.DelegatingMethodAccessorImpl.invoke(DelegatingMethodAccessorImpl.java:43)
	at java.base/java.lang.reflect.Method.invoke(Method.java:568)
	at org.junit.runners.model.FrameworkMethod$1.runReflectiveCall(FrameworkMethod.java:50)
	at org.junit.internal.runners.model.ReflectiveCallable.run(ReflectiveCallable.java:12)
	at org.junit.runners.model.FrameworkMethod.invokeExplosively(FrameworkMethod.java:47)
	at org.junit.internal.runners.statements.InvokeMethod.evaluate(InvokeMethod.java:17)
	at org.junit.internal.runners.statements.FailOnTimeout$CallableStatement.call(FailOnTimeout.java:298)
	at org.junit.internal.runners.statements.FailOnTimeout$CallableStatement.call(FailOnTimeout.java:292)
	at java.base/java.util.concurrent.FutureTask.run(FutureTask.java:264)
	at java.base/java.lang.Thread.run(Thread.java:833)
</failure>
  </testcase>
  <testcase name="test_4" classname="java_testcases.junit.POSSIBLE_CHANGE_TEST" time="0.057">
    <failure message="java.lang.ArrayIndexOutOfBoundsException: Index 0 out of bounds for length 0" type="java.lang.ArrayIndexOutOfBoundsException">java.lang.ArrayIndexOutOfBoundsException: Index 0 out of bounds for length 0
	at java_programs.POSSIBLE_CHANGE.possible_change(POSSIBLE_CHANGE.java:21)
	at java_programs.POSSIBLE_CHANGE.possible_change(POSSIBLE_CHANGE.java:23)
	at java_programs.POSSIBLE_CHANGE.possible_change(POSSIBLE_CHANGE.java:23)
	at java_programs.POSSIBLE_CHANGE.possible_change(POSSIBLE_CHANGE.java:23)
	at java_programs.POSSIBLE_CHANGE.possible_change(POSSIBLE_CHANGE.java:23)
	at java_programs.POSSIBLE_CHANGE.possible_change(POSSIBLE_CHANGE.java:23)
	at java_programs.POSSIBLE_CHANGE.possible_change(POSSIBLE_CHANGE.java:23)
	at java_programs.POSSIBLE_CHANGE.possible_change(POSSIBLE_CHANGE.java:23)
	at java_programs.POSSIBLE_CHANGE.possible_change(POSSIBLE_CHANGE.java:23)
	at java_programs.POSSIBLE_CHANGE.possible_change(POSSIBLE_CHANGE.java:23)
	at java_programs.POSSIBLE_CHANGE.possible_change(POSSIBLE_CHANGE.java:23)
	at java_programs.POSSIBLE_CHANGE.possible_change(POSSIBLE_CHANGE.java:23)
	at java_programs.POSSIBLE_CHANGE.possible_change(POSSIBLE_CHANGE.java:23)
	at java_programs.POSSIBLE_CHANGE.possible_change(POSSIBLE_CHANGE.java:23)
	at java_programs.POSSIBLE_CHANGE.possible_change(POSSIBLE_CHANGE.java:23)
	at java_programs.POSSIBLE_CHANGE.possible_change(POSSIBLE_CHANGE.java:23)
	at java_programs.POSSIBLE_CHANGE.possible_change(POSSIBLE_CHANGE.java:23)
	at java_programs.POSSIBLE_CHANGE.possible_change(POSSIBLE_CHANGE.java:23)
	at java_programs.POSSIBLE_CHANGE.possible_change(POSSIBLE_CHANGE.java:23)
	at java_programs.POSSIBLE_CHANGE.possible_change(POSSIBLE_CHANGE.java:23)
	at java_programs.POSSIBLE_CHANGE.possible_change(POSSIBLE_CHANGE.java:23)
	at java_programs.POSSIBLE_CHANGE.possible_change(POSSIBLE_CHANGE.java:23)
	at java_programs.POSSIBLE_CHANGE.possible_change(POSSIBLE_CHANGE.java:23)
	at java_programs.POSSIBLE_CHANGE.possible_change(POSSIBLE_CHANGE.java:23)
	at java_programs.POSSIBLE_CHANGE.possible_change(POSSIBLE_CHANGE.java:23)
	at java_programs.POSSIBLE_CHANGE.possible_change(POSSIBLE_CHANGE.java:23)
	at java_programs.POSSIBLE_CHANGE.possible_change(POSSIBLE_CHANGE.java:23)
	at java_programs.POSSIBLE_CHANGE.possible_change(POSSIBLE_CHANGE.java:23)
	at java_programs.POSSIBLE_CHANGE.possible_change(POSSIBLE_CHANGE.java:23)
	at java_programs.POSSIBLE_CHANGE.possible_change(POSSIBLE_CHANGE.java:23)
	at java_programs.POSSIBLE_CHANGE.possible_change(POSSIBLE_CHANGE.java:23)
	at java_programs.POSSIBLE_CHANGE.possible_change(POSSIBLE_CHANGE.java:23)
	at java_programs.POSSIBLE_CHANGE.possible_change(POSSIBLE_CHANGE.java:23)
	at java_programs.POSSIBLE_CHANGE.possible_change(POSSIBLE_CHANGE.java:23)
	at java_programs.POSSIBLE_CHANGE.possible_change(POSSIBLE_CHANGE.java:23)
	at java_programs.POSSIBLE_CHANGE.possible_change(POSSIBLE_CHANGE.java:23)
	at java_programs.POSSIBLE_CHANGE.possible_change(POSSIBLE_CHANGE.java:23)
	at java_programs.POSSIBLE_CHANGE.possible_change(POSSIBLE_CHANGE.java:23)
	at java_programs.POSSIBLE_CHANGE.possible_change(POSSIBLE_CHANGE.java:23)
	at java_programs.POSSIBLE_CHANGE.possible_change(POSSIBLE_CHANGE.java:23)
	at java_programs.POSSIBLE_CHANGE.possible_change(POSSIBLE_CHANGE.java:23)
	at java_programs.POSSIBLE_CHANGE.possible_change(POSSIBLE_CHANGE.java:23)
	at java_programs.POSSIBLE_CHANGE.possible_change(POSSIBLE_CHANGE.java:23)
	at java_programs.POSSIBLE_CHANGE.possible_change(POSSIBLE_CHANGE.java:23)
	at java_programs.POSSIBLE_CHANGE.possible_change(POSSIBLE_CHANGE.java:23)
	at java_programs.POSSIBLE_CHANGE.possible_change(POSSIBLE_CHANGE.java:23)
	at java_programs.POSSIBLE_CHANGE.possible_change(POSSIBLE_CHANGE.java:23)
	at java_programs.POSSIBLE_CHANGE.possible_change(POSSIBLE_CHANGE.java:23)
	at java_programs.POSSIBLE_CHANGE.possible_change(POSSIBLE_CHANGE.java:23)
	at java_programs.POSSIBLE_CHANGE.possible_change(POSSIBLE_CHANGE.java:23)
	at java_programs.POSSIBLE_CHANGE.possible_change(POSSIBLE_CHANGE.java:23)
	at java_programs.POSSIBLE_CHANGE.possible_change(POSSIBLE_CHANGE.java:23)
	at java_programs.POSSIBLE_CHANGE.possible_change(POSSIBLE_CHANGE.java:23)
	at java_programs.POSSIBLE_CHANGE.possible_change(POSSIBLE_CHANGE.java:23)
	at java_programs.POSSIBLE_CHANGE.possible_change(POSSIBLE_CHANGE.java:23)
	at java_programs.POSSIBLE_CHANGE.possible_change(POSSIBLE_CHANGE.java:23)
	at java_programs.POSSIBLE_CHANGE.possible_change(POSSIBLE_CHANGE.java:23)
	at java_programs.POSSIBLE_CHANGE.possible_change(POSSIBLE_CHANGE.java:23)
	at java_programs.POSSIBLE_CHANGE.possible_change(POSSIBLE_CHANGE.java:23)
	at java_programs.POSSIBLE_CHANGE.possible_change(POSSIBLE_CHANGE.java:23)
	at java_programs.POSSIBLE_CHANGE.possible_change(POSSIBLE_CHANGE.java:23)
	at java_programs.POSSIBLE_CHANGE.possible_change(POSSIBLE_CHANGE.java:23)
	at java_programs.POSSIBLE_CHANGE.possible_change(POSSIBLE_CHANGE.java:23)
	at java_programs.POSSIBLE_CHANGE.possible_change(POSSIBLE_CHANGE.java:23)
	at java_programs.POSSIBLE_CHANGE.possible_change(POSSIBLE_CHANGE.java:23)
	at java_programs.POSSIBLE_CHANGE.possible_change(POSSIBLE_CHANGE.java:23)
	at java_programs.POSSIBLE_CHANGE.possible_change(POSSIBLE_CHANGE.java:23)
	at java_programs.POSSIBLE_CHANGE.possible_change(POSSIBLE_CHANGE.java:23)
	at java_programs.POSSIBLE_CHANGE.possible_change(POSSIBLE_CHANGE.java:23)
	at java_programs.POSSIBLE_CHANGE.possible_change(POSSIBLE_CHANGE.java:23)
	at java_programs.POSSIBLE_CHANGE.possible_change(POSSIBLE_CHANGE.java:23)
	at java_programs.POSSIBLE_CHANGE.possible_change(POSSIBLE_CHANGE.java:23)
	at java_programs.POSSIBLE_CHANGE.possible_change(POSSIBLE_CHANGE.java:23)
	at java_programs.POSSIBLE_CHANGE.possible_change(POSSIBLE_CHANGE.java:23)
	at java_programs.POSSIBLE_CHANGE.possible_change(POSSIBLE_CHANGE.java:23)
	at java_programs.POSSIBLE_CHANGE.possible_change(POSSIBLE_CHANGE.java:23)
	at java_programs.POSSIBLE_CHANGE.possible_change(POSSIBLE_CHANGE.java:23)
	at java_programs.POSSIBLE_CHANGE.possible_change(POSSIBLE_CHANGE.java:23)
	at java_programs.POSSIBLE_CHANGE.possible_change(POSSIBLE_CHANGE.java:23)
	at java_programs.POSSIBLE_CHANGE.possible_change(POSSIBLE_CHANGE.java:23)
	at java_programs.POSSIBLE_CHANGE.possible_change(POSSIBLE_CHANGE.java:23)
	at java_programs.POSSIBLE_CHANGE.possible_change(POSSIBLE_CHANGE.java:23)
	at java_programs.POSSIBLE_CHANGE.possible_change(POSSIBLE_CHANGE.java:23)
	at java_programs.POSSIBLE_CHANGE.possible_change(POSSIBLE_CHANGE.java:23)
	at java_programs.POSSIBLE_CHANGE.possible_change(POSSIBLE_CHANGE.java:23)
	at java_programs.POSSIBLE_CHANGE.possible_change(POSSIBLE_CHANGE.java:23)
	at java_programs.POSSIBLE_CHANGE.possible_change(POSSIBLE_CHANGE.java:23)
	at java_programs.POSSIBLE_CHANGE.possible_change(POSSIBLE_CHANGE.java:23)
	at java_programs.POSSIBLE_CHANGE.possible_change(POSSIBLE_CHANGE.java:23)
	at java_programs.POSSIBLE_CHANGE.possible_change(POSSIBLE_CHANGE.java:23)
	at java_programs.POSSIBLE_CHANGE.possible_change(POSSIBLE_CHANGE.java:23)
	at java_programs.POSSIBLE_CHANGE.possible_change(POSSIBLE_CHANGE.java:23)
	at java_programs.POSSIBLE_CHANGE.possible_change(POSSIBLE_CHANGE.java:23)
	at java_programs.POSSIBLE_CHANGE.possible_change(POSSIBLE_CHANGE.java:23)
	at java_programs.POSSIBLE_CHANGE.possible_change(POSSIBLE_CHANGE.java:23)
	at java_programs.POSSIBLE_CHANGE.possible_change(POSSIBLE_CHANGE.java:23)
	at java_programs.POSSIBLE_CHANGE.possible_change(POSSIBLE_CHANGE.java:23)
	at java_programs.POSSIBLE_CHANGE.possible_change(POSSIBLE_CHANGE.java:23)
	at java_programs.POSSIBLE_CHANGE.possible_change(POSSIBLE_CHANGE.java:23)
	at java_programs.POSSIBLE_CHANGE.possible_change(POSSIBLE_CHANGE.java:23)
	at java_programs.POSSIBLE_CHANGE.possible_change(POSSIBLE_CHANGE.java:23)
	at java_programs.POSSIBLE_CHANGE.possible_change(POSSIBLE_CHANGE.java:23)
	at java_programs.POSSIBLE_CHANGE.possible_change(POSSIBLE_CHANGE.java:23)
	at java_programs.POSSIBLE_CHANGE.possible_change(POSSIBLE_CHANGE.java:23)
	at java_programs.POSSIBLE_CHANGE.possible_change(POSSIBLE_CHANGE.java:23)
	at java_programs.POSSIBLE_CHANGE.possible_change(POSSIBLE_CHANGE.java:23)
	at java_programs.POSSIBLE_CHANGE.possible_change(POSSIBLE_CHANGE.java:23)
	at java_programs.POSSIBLE_CHANGE.possible_change(POSSIBLE_CHANGE.java:23)
	at java_programs.POSSIBLE_CHANGE.possible_change(POSSIBLE_CHANGE.java:23)
	at java_programs.POSSIBLE_CHANGE.possible_change(POSSIBLE_CHANGE.java:23)
	at java_programs.POSSIBLE_CHANGE.possible_change(POSSIBLE_CHANGE.java:23)
	at java_programs.POSSIBLE_CHANGE.possible_change(POSSIBLE_CHANGE.java:23)
	at java_programs.POSSIBLE_CHANGE.possible_change(POSSIBLE_CHANGE.java:23)
	at java_programs.POSSIBLE_CHANGE.possible_change(POSSIBLE_CHANGE.java:23)
	at java_programs.POSSIBLE_CHANGE.possible_change(POSSIBLE_CHANGE.java:23)
	at java_programs.POSSIBLE_CHANGE.possible_change(POSSIBLE_CHANGE.java:23)
	at java_programs.POSSIBLE_CHANGE.possible_change(POSSIBLE_CHANGE.java:23)
	at java_programs.POSSIBLE_CHANGE.possible_change(POSSIBLE_CHANGE.java:23)
	at java_programs.POSSIBLE_CHANGE.possible_change(POSSIBLE_CHANGE.java:23)
	at java_programs.POSSIBLE_CHANGE.possible_change(POSSIBLE_CHANGE.java:23)
	at java_programs.POSSIBLE_CHANGE.possible_change(POSSIBLE_CHANGE.java:23)
	at java_programs.POSSIBLE_CHANGE.possible_change(POSSIBLE_CHANGE.java:23)
	at java_programs.POSSIBLE_CHANGE.possible_change(POSSIBLE_CHANGE.java:23)
	at java_programs.POSSIBLE_CHANGE.possible_change(POSSIBLE_CHANGE.java:23)
	at java_programs.POSSIBLE_CHANGE.possible_change(POSSIBLE_CHANGE.java:23)
	at java_programs.POSSIBLE_CHANGE.possible_change(POSSIBLE_CHANGE.java:23)
	at java_programs.POSSIBLE_CHANGE.possible_change(POSSIBLE_CHANGE.java:23)
	at java_programs.POSSIBLE_CHANGE.possible_change(POSSIBLE_CHANGE.java:23)
	at java_programs.POSSIBLE_CHANGE.possible_change(POSSIBLE_CHANGE.java:23)
	at java_programs.POSSIBLE_CHANGE.possible_change(POSSIBLE_CHANGE.java:23)
	at java_programs.POSSIBLE_CHANGE.possible_change(POSSIBLE_CHANGE.java:23)
	at java_programs.POSSIBLE_CHANGE.possible_change(POSSIBLE_CHANGE.java:23)
	at java_programs.POSSIBLE_CHANGE.possible_change(POSSIBLE_CHANGE.java:23)
	at java_programs.POSSIBLE_CHANGE.possible_change(POSSIBLE_CHANGE.java:23)
	at java_programs.POSSIBLE_CHANGE.possible_change(POSSIBLE_CHANGE.java:23)
	at java_programs.POSSIBLE_CHANGE.possible_change(POSSIBLE_CHANGE.java:23)
	at java_programs.POSSIBLE_CHANGE.possible_change(POSSIBLE_CHANGE.java:23)
	at java_programs.POSSIBLE_CHANGE.possible_change(POSSIBLE_CHANGE.java:23)
	at java_programs.POSSIBLE_CHANGE.possible_change(POSSIBLE_CHANGE.java:23)
	at java_programs.POSSIBLE_CHANGE.possible_change(POSSIBLE_CHANGE.java:23)
	at java_programs.POSSIBLE_CHANGE.possible_change(POSSIBLE_CHANGE.java:23)
	at java_programs.POSSIBLE_CHANGE.possible_change(POSSIBLE_CHANGE.java:23)
	at java_programs.POSSIBLE_CHANGE.possible_change(POSSIBLE_CHANGE.java:23)
	at java_programs.POSSIBLE_CHANGE.possible_change(POSSIBLE_CHANGE.java:23)
	at java_testcases.junit.POSSIBLE_CHANGE_TEST.test_4(POSSIBLE_CHANGE_TEST.java:31)
	at java.base/jdk.internal.reflect.NativeMethodAccessorImpl.invoke0(Native Method)
	at java.base/jdk.internal.reflect.NativeMethodAccessorImpl.invoke(NativeMethodAccessorImpl.java:77)
	at java.base/jdk.internal.reflect.DelegatingMethodAccessorImpl.invoke(DelegatingMethodAccessorImpl.java:43)
	at java.base/java.lang.reflect.Method.invoke(Method.java:568)
	at org.junit.runners.model.FrameworkMethod$1.runReflectiveCall(FrameworkMethod.java:50)
	at org.junit.internal.runners.model.ReflectiveCallable.run(ReflectiveCallable.java:12)
	at org.junit.runners.model.FrameworkMethod.invokeExplosively(FrameworkMethod.java:47)
	at org.junit.internal.runners.statements.InvokeMethod.evaluate(InvokeMethod.java:17)
	at org.junit.internal.runners.statements.FailOnTimeout$CallableStatement.call(FailOnTimeout.java:298)
	at org.junit.internal.runners.statements.FailOnTimeout$CallableStatement.call(FailOnTimeout.java:292)
	at java.base/java.util.concurrent.FutureTask.run(FutureTask.java:264)
	at java.base/java.lang.Thread.run(Thread.java:833)
</failure>
  </testcase>
  <testcase name="test_5" classname="java_testcases.junit.POSSIBLE_CHANGE_TEST" time="0.081">
    <failure message="java.lang.ArrayIndexOutOfBoundsException: Index 0 out of bounds for length 0" type="java.lang.ArrayIndexOutOfBoundsException">java.lang.ArrayIndexOutOfBoundsException: Index 0 out of bounds for length 0
	at java_programs.POSSIBLE_CHANGE.possible_change(POSSIBLE_CHANGE.java:21)
	at java_programs.POSSIBLE_CHANGE.possible_change(POSSIBLE_CHANGE.java:23)
	at java_programs.POSSIBLE_CHANGE.possible_change(POSSIBLE_CHANGE.java:23)
	at java_programs.POSSIBLE_CHANGE.possible_change(POSSIBLE_CHANGE.java:23)
	at java_programs.POSSIBLE_CHANGE.possible_change(POSSIBLE_CHANGE.java:23)
	at java_programs.POSSIBLE_CHANGE.possible_change(POSSIBLE_CHANGE.java:23)
	at java_programs.POSSIBLE_CHANGE.possible_change(POSSIBLE_CHANGE.java:23)
	at java_programs.POSSIBLE_CHANGE.possible_change(POSSIBLE_CHANGE.java:23)
	at java_programs.POSSIBLE_CHANGE.possible_change(POSSIBLE_CHANGE.java:23)
	at java_programs.POSSIBLE_CHANGE.possible_change(POSSIBLE_CHANGE.java:23)
	at java_programs.POSSIBLE_CHANGE.possible_change(POSSIBLE_CHANGE.java:23)
	at java_programs.POSSIBLE_CHANGE.possible_change(POSSIBLE_CHANGE.java:23)
	at java_programs.POSSIBLE_CHANGE.possible_change(POSSIBLE_CHANGE.java:23)
	at java_programs.POSSIBLE_CHANGE.possible_change(POSSIBLE_CHANGE.java:23)
	at java_programs.POSSIBLE_CHANGE.possible_change(POSSIBLE_CHANGE.java:23)
	at java_programs.POSSIBLE_CHANGE.possible_change(POSSIBLE_CHANGE.java:23)
	at java_programs.POSSIBLE_CHANGE.possible_change(POSSIBLE_CHANGE.java:23)
	at java_programs.POSSIBLE_CHANGE.possible_change(POSSIBLE_CHANGE.java:23)
	at java_programs.POSSIBLE_CHANGE.possible_change(POSSIBLE_CHANGE.java:23)
	at java_programs.POSSIBLE_CHANGE.possible_change(POSSIBLE_CHANGE.java:23)
	at java_programs.POSSIBLE_CHANGE.possible_change(POSSIBLE_CHANGE.java:23)
	at java_programs.POSSIBLE_CHANGE.possible_change(POSSIBLE_CHANGE.java:23)
	at java_programs.POSSIBLE_CHANGE.possible_change(POSSIBLE_CHANGE.java:23)
	at java_programs.POSSIBLE_CHANGE.possible_change(POSSIBLE_CHANGE.java:23)
	at java_programs.POSSIBLE_CHANGE.possible_change(POSSIBLE_CHANGE.java:23)
	at java_programs.POSSIBLE_CHANGE.possible_change(POSSIBLE_CHANGE.java:23)
	at java_programs.POSSIBLE_CHANGE.possible_change(POSSIBLE_CHANGE.java:23)
	at java_programs.POSSIBLE_CHANGE.possible_change(POSSIBLE_CHANGE.java:23)
	at java_programs.POSSIBLE_CHANGE.possible_change(POSSIBLE_CHANGE.java:23)
	at java_programs.POSSIBLE_CHANGE.possible_change(POSSIBLE_CHANGE.java:23)
	at java_programs.POSSIBLE_CHANGE.possible_change(POSSIBLE_CHANGE.java:23)
	at java_programs.POSSIBLE_CHANGE.possible_change(POSSIBLE_CHANGE.java:23)
	at java_programs.POSSIBLE_CHANGE.possible_change(POSSIBLE_CHANGE.java:23)
	at java_programs.POSSIBLE_CHANGE.possible_change(POSSIBLE_CHANGE.java:23)
	at java_programs.POSSIBLE_CHANGE.possible_change(POSSIBLE_CHANGE.java:23)
	at java_programs.POSSIBLE_CHANGE.possible_change(POSSIBLE_CHANGE.java:23)
	at java_programs.POSSIBLE_CHANGE.possible_change(POSSIBLE_CHANGE.java:23)
	at java_programs.POSSIBLE_CHANGE.possible_change(POSSIBLE_CHANGE.java:23)
	at java_programs.POSSIBLE_CHANGE.possible_change(POSSIBLE_CHANGE.java:23)
	at java_programs.POSSIBLE_CHANGE.possible_change(POSSIBLE_CHANGE.java:23)
	at java_programs.POSSIBLE_CHANGE.possible_change(POSSIBLE_CHANGE.java:23)
	at java_programs.POSSIBLE_CHANGE.possible_change(POSSIBLE_CHANGE.java:23)
	at java_programs.POSSIBLE_CHANGE.possible_change(POSSIBLE_CHANGE.java:23)
	at java_programs.POSSIBLE_CHANGE.possible_change(POSSIBLE_CHANGE.java:23)
	at java_programs.POSSIBLE_CHANGE.possible_change(POSSIBLE_CHANGE.java:23)
	at java_programs.POSSIBLE_CHANGE.possible_change(POSSIBLE_CHANGE.java:23)
	at java_programs.POSSIBLE_CHANGE.possible_change(POSSIBLE_CHANGE.java:23)
	at java_programs.POSSIBLE_CHANGE.possible_change(POSSIBLE_CHANGE.java:23)
	at java_programs.POSSIBLE_CHANGE.possible_change(POSSIBLE_CHANGE.java:23)
	at java_programs.POSSIBLE_CHANGE.possible_change(POSSIBLE_CHANGE.java:23)
	at java_programs.POSSIBLE_CHANGE.possible_change(POSSIBLE_CHANGE.java:23)
	at java_programs.POSSIBLE_CHANGE.possible_change(POSSIBLE_CHANGE.java:23)
	at java_programs.POSSIBLE_CHANGE.possible_change(POSSIBLE_CHANGE.java:23)
	at java_programs.POSSIBLE_CHANGE.possible_change(POSSIBLE_CHANGE.java:23)
	at java_programs.POSSIBLE_CHANGE.possible_change(POSSIBLE_CHANGE.java:23)
	at java_programs.POSSIBLE_CHANGE.possible_change(POSSIBLE_CHANGE.java:23)
	at java_programs.POSSIBLE_CHANGE.possible_change(POSSIBLE_CHANGE.java:23)
	at java_programs.POSSIBLE_CHANGE.possible_change(POSSIBLE_CHANGE.java:23)
	at java_programs.POSSIBLE_CHANGE.possible_change(POSSIBLE_CHANGE.java:23)
	at java_programs.POSSIBLE_CHANGE.possible_change(POSSIBLE_CHANGE.java:23)
	at java_programs.POSSIBLE_CHANGE.possible_change(POSSIBLE_CHANGE.java:23)
	at java_programs.POSSIBLE_CHANGE.possible_change(POSSIBLE_CHANGE.java:23)
	at java_programs.POSSIBLE_CHANGE.possible_change(POSSIBLE_CHANGE.java:23)
	at java_programs.POSSIBLE_CHANGE.possible_change(POSSIBLE_CHANGE.java:23)
	at java_programs.POSSIBLE_CHANGE.possible_change(POSSIBLE_CHANGE.java:23)
	at java_programs.POSSIBLE_CHANGE.possible_change(POSSIBLE_CHANGE.java:23)
	at java_programs.POSSIBLE_CHANGE.possible_change(POSSIBLE_CHANGE.java:23)
	at java_programs.POSSIBLE_CHANGE.possible_change(POSSIBLE_CHANGE.java:23)
	at java_programs.POSSIBLE_CHANGE.possible_change(POSSIBLE_CHANGE.java:23)
	at java_programs.POSSIBLE_CHANGE.possible_change(POSSIBLE_CHANGE.java:23)
	at java_programs.POSSIBLE_CHANGE.possible_change(POSSIBLE_CHANGE.java:23)
	at java_programs.POSSIBLE_CHANGE.possible_change(POSSIBLE_CHANGE.java:23)
	at java_programs.POSSIBLE_CHANGE.possible_change(POSSIBLE_CHANGE.java:23)
	at java_programs.POSSIBLE_CHANGE.possible_change(POSSIBLE_CHANGE.java:23)
	at java_programs.POSSIBLE_CHANGE.possible_change(POSSIBLE_CHANGE.java:23)
	at java_programs.POSSIBLE_CHANGE.possible_change(POSSIBLE_CHANGE.java:23)
	at java_programs.POSSIBLE_CHANGE.possible_change(POSSIBLE_CHANGE.java:23)
	at java_programs.POSSIBLE_CHANGE.possible_change(POSSIBLE_CHANGE.java:23)
	at java_programs.POSSIBLE_CHANGE.possible_change(POSSIBLE_CHANGE.java:23)
	at java_programs.POSSIBLE_CHANGE.possible_change(POSSIBLE_CHANGE.java:23)
	at java_programs.POSSIBLE_CHANGE.possible_change(POSSIBLE_CHANGE.java:23)
	at java_programs.POSSIBLE_CHANGE.possible_change(POSSIBLE_CHANGE.java:23)
	at java_programs.POSSIBLE_CHANGE.possible_change(POSSIBLE_CHANGE.java:23)
	at java_programs.POSSIBLE_CHANGE.possible_change(POSSIBLE_CHANGE.java:23)
	at java_programs.POSSIBLE_CHANGE.possible_change(POSSIBLE_CHANGE.java:23)
	at java_programs.POSSIBLE_CHANGE.possible_change(POSSIBLE_CHANGE.java:23)
	at java_programs.POSSIBLE_CHANGE.possible_change(POSSIBLE_CHANGE.java:23)
	at java_programs.POSSIBLE_CHANGE.possible_change(POSSIBLE_CHANGE.java:23)
	at java_programs.POSSIBLE_CHANGE.possible_change(POSSIBLE_CHANGE.java:23)
	at java_programs.POSSIBLE_CHANGE.possible_change(POSSIBLE_CHANGE.java:23)
	at java_programs.POSSIBLE_CHANGE.possible_change(POSSIBLE_CHANGE.java:23)
	at java_programs.POSSIBLE_CHANGE.possible_change(POSSIBLE_CHANGE.java:23)
	at java_programs.POSSIBLE_CHANGE.possible_change(POSSIBLE_CHANGE.java:23)
	at java_programs.POSSIBLE_CHANGE.possible_change(POSSIBLE_CHANGE.java:23)
	at java_programs.POSSIBLE_CHANGE.possible_change(POSSIBLE_CHANGE.java:23)
	at java_programs.POSSIBLE_CHANGE.possible_change(POSSIBLE_CHANGE.java:23)
	at java_programs.POSSIBLE_CHANGE.possible_change(POSSIBLE_CHANGE.java:23)
	at java_programs.POSSIBLE_CHANGE.possible_change(POSSIBLE_CHANGE.java:23)
	at java_programs.POSSIBLE_CHANGE.possible_change(POSSIBLE_CHANGE.java:23)
	at java_programs.POSSIBLE_CHANGE.possible_change(POSSIBLE_CHANGE.java:23)
	at java_programs.POSSIBLE_CHANGE.possible_change(POSSIBLE_CHANGE.java:23)
	at java_programs.POSSIBLE_CHANGE.possible_change(POSSIBLE_CHANGE.java:23)
	at java_programs.POSSIBLE_CHANGE.possible_change(POSSIBLE_CHANGE.java:23)
	at java_programs.POSSIBLE_CHANGE.possible_change(POSSIBLE_CHANGE.java:23)
	at java_programs.POSSIBLE_CHANGE.possible_change(POSSIBLE_CHANGE.java:23)
	at java_programs.POSSIBLE_CHANGE.possible_change(POSSIBLE_CHANGE.java:23)
	at java_programs.POSSIBLE_CHANGE.possible_change(POSSIBLE_CHANGE.java:23)
	at java_programs.POSSIBLE_CHANGE.possible_change(POSSIBLE_CHANGE.java:23)
	at java_programs.POSSIBLE_CHANGE.possible_change(POSSIBLE_CHANGE.java:23)
	at java_programs.POSSIBLE_CHANGE.possible_change(POSSIBLE_CHANGE.java:23)
	at java_programs.POSSIBLE_CHANGE.possible_change(POSSIBLE_CHANGE.java:23)
	at java_programs.POSSIBLE_CHANGE.possible_change(POSSIBLE_CHANGE.java:23)
	at java_programs.POSSIBLE_CHANGE.possible_change(POSSIBLE_CHANGE.java:23)
	at java_programs.POSSIBLE_CHANGE.possible_change(POSSIBLE_CHANGE.java:23)
	at java_programs.POSSIBLE_CHANGE.possible_change(POSSIBLE_CHANGE.java:23)
	at java_programs.POSSIBLE_CHANGE.possible_change(POSSIBLE_CHANGE.java:23)
	at java_programs.POSSIBLE_CHANGE.possible_change(POSSIBLE_CHANGE.java:23)
	at java_programs.POSSIBLE_CHANGE.possible_change(POSSIBLE_CHANGE.java:23)
	at java_programs.POSSIBLE_CHANGE.possible_change(POSSIBLE_CHANGE.java:23)
	at java_programs.POSSIBLE_CHANGE.possible_change(POSSIBLE_CHANGE.java:23)
	at java_programs.POSSIBLE_CHANGE.possible_change(POSSIBLE_CHANGE.java:23)
	at java_programs.POSSIBLE_CHANGE.possible_change(POSSIBLE_CHANGE.java:23)
	at java_programs.POSSIBLE_CHANGE.possible_change(POSSIBLE_CHANGE.java:23)
	at java_programs.POSSIBLE_CHANGE.possible_change(POSSIBLE_CHANGE.java:23)
	at java_programs.POSSIBLE_CHANGE.possible_change(POSSIBLE_CHANGE.java:23)
	at java_programs.POSSIBLE_CHANGE.possible_change(POSSIBLE_CHANGE.java:23)
	at java_programs.POSSIBLE_CHANGE.possible_change(POSSIBLE_CHANGE.java:23)
	at java_programs.POSSIBLE_CHANGE.possible_change(POSSIBLE_CHANGE.java:23)
	at java_programs.POSSIBLE_CHANGE.possible_change(POSSIBLE_CHANGE.java:23)
	at java_programs.POSSIBLE_CHANGE.possible_change(POSSIBLE_CHANGE.java:23)
	at java_programs.POSSIBLE_CHANGE.possible_change(POSSIBLE_CHANGE.java:23)
	at java_programs.POSSIBLE_CHANGE.possible_change(POSSIBLE_CHANGE.java:23)
	at java_programs.POSSIBLE_CHANGE.possible_change(POSSIBLE_CHANGE.java:23)
	at java_programs.POSSIBLE_CHANGE.possible_change(POSSIBLE_CHANGE.java:23)
	at java_programs.POSSIBLE_CHANGE.possible_change(POSSIBLE_CHANGE.java:23)
	at java_programs.POSSIBLE_CHANGE.possible_change(POSSIBLE_CHANGE.java:23)
	at java_programs.POSSIBLE_CHANGE.possible_change(POSSIBLE_CHANGE.java:23)
	at java_programs.POSSIBLE_CHANGE.possible_change(POSSIBLE_CHANGE.java:23)
	at java_programs.POSSIBLE_CHANGE.possible_change(POSSIBLE_CHANGE.java:23)
	at java_programs.POSSIBLE_CHANGE.possible_change(POSSIBLE_CHANGE.java:23)
	at java_programs.POSSIBLE_CHANGE.possible_change(POSSIBLE_CHANGE.java:23)
	at java_programs.POSSIBLE_CHANGE.possible_change(POSSIBLE_CHANGE.java:23)
	at java_programs.POSSIBLE_CHANGE.possible_change(POSSIBLE_CHANGE.java:23)
	at java_programs.POSSIBLE_CHANGE.possible_change(POSSIBLE_CHANGE.java:23)
	at java_programs.POSSIBLE_CHANGE.possible_change(POSSIBLE_CHANGE.java:23)
	at java_testcases.junit.POSSIBLE_CHANGE_TEST.test_5(POSSIBLE_CHANGE_TEST.java:37)
	at java.base/jdk.internal.reflect.NativeMethodAccessorImpl.invoke0(Native Method)
	at java.base/jdk.internal.reflect.NativeMethodAccessorImpl.invoke(NativeMethodAccessorImpl.java:77)
	at java.base/jdk.internal.reflect.DelegatingMethodAccessorImpl.invoke(DelegatingMethodAccessorImpl.java:43)
	at java.base/java.lang.reflect.Method.invoke(Method.java:568)
	at org.junit.runners.model.FrameworkMethod$1.runReflectiveCall(FrameworkMethod.java:50)
	at org.junit.internal.runners.model.ReflectiveCallable.run(ReflectiveCallable.java:12)
	at org.junit.runners.model.FrameworkMethod.invokeExplosively(FrameworkMethod.java:47)
	at org.junit.internal.runners.statements.InvokeMethod.evaluate(InvokeMethod.java:17)
	at org.junit.internal.runners.statements.FailOnTimeout$CallableStatement.call(FailOnTimeout.java:298)
	at org.junit.internal.runners.statements.FailOnTimeout$CallableStatement.call(FailOnTimeout.java:292)
	at java.base/java.util.concurrent.FutureTask.run(FutureTask.java:264)
	at java.base/java.lang.Thread.run(Thread.java:833)
</failure>
  </testcase>
  <testcase name="test_6" classname="java_testcases.junit.POSSIBLE_CHANGE_TEST" time="0.139">
    <failure message="java.lang.ArrayIndexOutOfBoundsException: Index 0 out of bounds for length 0" type="java.lang.ArrayIndexOutOfBoundsException">java.lang.ArrayIndexOutOfBoundsException: Index 0 out of bounds for length 0
	at java_programs.POSSIBLE_CHANGE.possible_change(POSSIBLE_CHANGE.java:21)
	at java_programs.POSSIBLE_CHANGE.possible_change(POSSIBLE_CHANGE.java:23)
	at java_programs.POSSIBLE_CHANGE.possible_change(POSSIBLE_CHANGE.java:23)
	at java_programs.POSSIBLE_CHANGE.possible_change(POSSIBLE_CHANGE.java:23)
	at java_programs.POSSIBLE_CHANGE.possible_change(POSSIBLE_CHANGE.java:23)
	at java_programs.POSSIBLE_CHANGE.possible_change(POSSIBLE_CHANGE.java:23)
	at java_programs.POSSIBLE_CHANGE.possible_change(POSSIBLE_CHANGE.java:23)
	at java_programs.POSSIBLE_CHANGE.possible_change(POSSIBLE_CHANGE.java:23)
	at java_programs.POSSIBLE_CHANGE.possible_change(POSSIBLE_CHANGE.java:23)
	at java_programs.POSSIBLE_CHANGE.possible_change(POSSIBLE_CHANGE.java:23)
	at java_programs.POSSIBLE_CHANGE.possible_change(POSSIBLE_CHANGE.java:23)
	at java_programs.POSSIBLE_CHANGE.possible_change(POSSIBLE_CHANGE.java:23)
	at java_programs.POSSIBLE_CHANGE.possible_change(POSSIBLE_CHANGE.java:23)
	at java_programs.POSSIBLE_CHANGE.possible_change(POSSIBLE_CHANGE.java:23)
	at java_programs.POSSIBLE_CHANGE.possible_change(POSSIBLE_CHANGE.java:23)
	at java_programs.POSSIBLE_CHANGE.possible_change(POSSIBLE_CHANGE.java:23)
	at java_programs.POSSIBLE_CHANGE.possible_change(POSSIBLE_CHANGE.java:23)
	at java_programs.POSSIBLE_CHANGE.possible_change(POSSIBLE_CHANGE.java:23)
	at java_programs.POSSIBLE_CHANGE.possible_change(POSSIBLE_CHANGE.java:23)
	at java_programs.POSSIBLE_CHANGE.possible_change(POSSIBLE_CHANGE.java:23)
	at java_programs.POSSIBLE_CHANGE.possible_change(POSSIBLE_CHANGE.java:23)
	at java_programs.POSSIBLE_CHANGE.possible_change(POSSIBLE_CHANGE.java:23)
	at java_programs.POSSIBLE_CHANGE.possible_change(POSSIBLE_CHANGE.java:23)
	at java_programs.POSSIBLE_CHANGE.possible_change(POSSIBLE_CHANGE.java:23)
	at java_programs.POSSIBLE_CHANGE.possible_change(POSSIBLE_CHANGE.java:23)
	at java_programs.POSSIBLE_CHANGE.possible_change(POSSIBLE_CHANGE.java:23)
	at java_programs.POSSIBLE_CHANGE.possible_change(POSSIBLE_CHANGE.java:23)
	at java_programs.POSSIBLE_CHANGE.possible_change(POSSIBLE_CHANGE.java:23)
	at java_programs.POSSIBLE_CHANGE.possible_change(POSSIBLE_CHANGE.java:23)
	at java_programs.POSSIBLE_CHANGE.possible_change(POSSIBLE_CHANGE.java:23)
	at java_programs.POSSIBLE_CHANGE.possible_change(POSSIBLE_CHANGE.java:23)
	at java_programs.POSSIBLE_CHANGE.possible_change(POSSIBLE_CHANGE.java:23)
	at java_programs.POSSIBLE_CHANGE.possible_change(POSSIBLE_CHANGE.java:23)
	at java_programs.POSSIBLE_CHANGE.possible_change(POSSIBLE_CHANGE.java:23)
	at java_programs.POSSIBLE_CHANGE.possible_change(POSSIBLE_CHANGE.java:23)
	at java_programs.POSSIBLE_CHANGE.possible_change(POSSIBLE_CHANGE.java:23)
	at java_programs.POSSIBLE_CHANGE.possible_change(POSSIBLE_CHANGE.java:23)
	at java_programs.POSSIBLE_CHANGE.possible_change(POSSIBLE_CHANGE.java:23)
	at java_programs.POSSIBLE_CHANGE.possible_change(POSSIBLE_CHANGE.java:23)
	at java_programs.POSSIBLE_CHANGE.possible_change(POSSIBLE_CHANGE.java:23)
	at java_programs.POSSIBLE_CHANGE.possible_change(POSSIBLE_CHANGE.java:23)
	at java_programs.POSSIBLE_CHANGE.possible_change(POSSIBLE_CHANGE.java:23)
	at java_programs.POSSIBLE_CHANGE.possible_change(POSSIBLE_CHANGE.java:23)
	at java_programs.POSSIBLE_CHANGE.possible_change(POSSIBLE_CHANGE.java:23)
	at java_programs.POSSIBLE_CHANGE.possible_change(POSSIBLE_CHANGE.java:23)
	at java_programs.POSSIBLE_CHANGE.possible_change(POSSIBLE_CHANGE.java:23)
	at java_programs.POSSIBLE_CHANGE.possible_change(POSSIBLE_CHANGE.java:23)
	at java_programs.POSSIBLE_CHANGE.possible_change(POSSIBLE_CHANGE.java:23)
	at java_programs.POSSIBLE_CHANGE.possible_change(POSSIBLE_CHANGE.java:23)
	at java_programs.POSSIBLE_CHANGE.possible_change(POSSIBLE_CHANGE.java:23)
	at java_programs.POSSIBLE_CHANGE.possible_change(POSSIBLE_CHANGE.java:23)
	at java_programs.POSSIBLE_CHANGE.possible_change(POSSIBLE_CHANGE.java:23)
	at java_programs.POSSIBLE_CHANGE.possible_change(POSSIBLE_CHANGE.java:23)
	at java_programs.POSSIBLE_CHANGE.possible_change(POSSIBLE_CHANGE.java:23)
	at java_programs.POSSIBLE_CHANGE.possible_change(POSSIBLE_CHANGE.java:23)
	at java_programs.POSSIBLE_CHANGE.possible_change(POSSIBLE_CHANGE.java:23)
	at java_programs.POSSIBLE_CHANGE.possible_change(POSSIBLE_CHANGE.java:23)
	at java_programs.POSSIBLE_CHANGE.possible_change(POSSIBLE_CHANGE.java:23)
	at java_programs.POSSIBLE_CHANGE.possible_change(POSSIBLE_CHANGE.java:23)
	at java_programs.POSSIBLE_CHANGE.possible_change(POSSIBLE_CHANGE.java:23)
	at java_programs.POSSIBLE_CHANGE.possible_change(POSSIBLE_CHANGE.java:23)
	at java_programs.POSSIBLE_CHANGE.possible_change(POSSIBLE_CHANGE.java:23)
	at java_programs.POSSIBLE_CHANGE.possible_change(POSSIBLE_CHANGE.java:23)
	at java_programs.POSSIBLE_CHANGE.possible_change(POSSIBLE_CHANGE.java:23)
	at java_programs.POSSIBLE_CHANGE.possible_change(POSSIBLE_CHANGE.java:23)
	at java_programs.POSSIBLE_CHANGE.possible_change(POSSIBLE_CHANGE.java:23)
	at java_programs.POSSIBLE_CHANGE.possible_change(POSSIBLE_CHANGE.java:23)
	at java_programs.POSSIBLE_CHANGE.possible_change(POSSIBLE_CHANGE.java:23)
	at java_programs.POSSIBLE_CHANGE.possible_change(POSSIBLE_CHANGE.java:23)
	at java_programs.POSSIBLE_CHANGE.possible_change(POSSIBLE_CHANGE.java:23)
	at java_programs.POSSIBLE_CHANGE.possible_change(POSSIBLE_CHANGE.java:23)
	at java_programs.POSSIBLE_CHANGE.possible_change(POSSIBLE_CHANGE.java:23)
	at java_programs.POSSIBLE_CHANGE.possible_change(POSSIBLE_CHANGE.java:23)
	at java_programs.POSSIBLE_CHANGE.possible_change(POSSIBLE_CHANGE.java:23)
	at java_programs.POSSIBLE_CHANGE.possible_change(POSSIBLE_CHANGE.java:23)
	at java_programs.POSSIBLE_CHANGE.possible_change(POSSIBLE_CHANGE.java:23)
	at java_programs.POSSIBLE_CHANGE.possible_change(POSSIBLE_CHANGE.java:23)
	at java_programs.POSSIBLE_CHANGE.possible_change(POSSIBLE_CHANGE.java:23)
	at java_programs.POSSIBLE_CHANGE.possible_change(POSSIBLE_CHANGE.java:23)
	at java_programs.POSSIBLE_CHANGE.possible_change(POSSIBLE_CHANGE.java:23)
	at java_programs.POSSIBLE_CHANGE.possible_change(POSSIBLE_CHANGE.java:23)
	at java_programs.POSSIBLE_CHANGE.possible_change(POSSIBLE_CHANGE.java:23)
	at java_programs.POSSIBLE_CHANGE.possible_change(POSSIBLE_CHANGE.java:23)
	at java_programs.POSSIBLE_CHANGE.possible_change(POSSIBLE_CHANGE.java:23)
	at java_programs.POSSIBLE_CHANGE.possible_change(POSSIBLE_CHANGE.java:23)
	at java_programs.POSSIBLE_CHANGE.possible_change(POSSIBLE_CHANGE.java:23)
	at java_programs.POSSIBLE_CHANGE.possible_change(POSSIBLE_CHANGE.java:23)
	at java_programs.POSSIBLE_CHANGE.possible_change(POSSIBLE_CHANGE.java:23)
	at java_programs.POSSIBLE_CHANGE.possible_change(POSSIBLE_CHANGE.java:23)
	at java_programs.POSSIBLE_CHANGE.possible_change(POSSIBLE_CHANGE.java:23)
	at java_programs.POSSIBLE_CHANGE.possible_change(POSSIBLE_CHANGE.java:23)
	at java_programs.POSSIBLE_CHANGE.possible_change(POSSIBLE_CHANGE.java:23)
	at java_programs.POSSIBLE_CHANGE.possible_change(POSSIBLE_CHANGE.java:23)
	at java_programs.POSSIBLE_CHANGE.possible_change(POSSIBLE_CHANGE.java:23)
	at java_programs.POSSIBLE_CHANGE.possible_change(POSSIBLE_CHANGE.java:23)
	at java_programs.POSSIBLE_CHANGE.possible_change(POSSIBLE_CHANGE.java:23)
	at java_programs.POSSIBLE_CHANGE.possible_change(POSSIBLE_CHANGE.java:23)
	at java_programs.POSSIBLE_CHANGE.possible_change(POSSIBLE_CHANGE.java:23)
	at java_programs.POSSIBLE_CHANGE.possible_change(POSSIBLE_CHANGE.java:23)
	at java_programs.POSSIBLE_CHANGE.possible_change(POSSIBLE_CHANGE.java:23)
	at java_programs.POSSIBLE_CHANGE.possible_change(POSSIBLE_CHANGE.java:23)
	at java_programs.POSSIBLE_CHANGE.possible_change(POSSIBLE_CHANGE.java:23)
	at java_programs.POSSIBLE_CHANGE.possible_change(POSSIBLE_CHANGE.java:23)
	at java_programs.POSSIBLE_CHANGE.possible_change(POSSIBLE_CHANGE.java:23)
	at java_programs.POSSIBLE_CHANGE.possible_change(POSSIBLE_CHANGE.java:23)
	at java_programs.POSSIBLE_CHANGE.possible_change(POSSIBLE_CHANGE.java:23)
	at java_programs.POSSIBLE_CHANGE.possible_change(POSSIBLE_CHANGE.java:23)
	at java_programs.POSSIBLE_CHANGE.possible_change(POSSIBLE_CHANGE.java:23)
	at java_programs.POSSIBLE_CHANGE.possible_change(POSSIBLE_CHANGE.java:23)
	at java_programs.POSSIBLE_CHANGE.possible_change(POSSIBLE_CHANGE.java:23)
	at java_programs.POSSIBLE_CHANGE.possible_change(POSSIBLE_CHANGE.java:23)
	at java_programs.POSSIBLE_CHANGE.possible_change(POSSIBLE_CHANGE.java:23)
	at java_programs.POSSIBLE_CHANGE.possible_change(POSSIBLE_CHANGE.java:23)
	at java_programs.POSSIBLE_CHANGE.possible_change(POSSIBLE_CHANGE.java:23)
	at java_programs.POSSIBLE_CHANGE.possible_change(POSSIBLE_CHANGE.java:23)
	at java_programs.POSSIBLE_CHANGE.possible_change(POSSIBLE_CHANGE.java:23)
	at java_programs.POSSIBLE_CHANGE.possible_change(POSSIBLE_CHANGE.java:23)
	at java_programs.POSSIBLE_CHANGE.possible_change(POSSIBLE_CHANGE.java:23)
	at java_programs.POSSIBLE_CHANGE.possible_change(POSSIBLE_CHANGE.java:23)
	at java_programs.POSSIBLE_CHANGE.possible_change(POSSIBLE_CHANGE.java:23)
	at java_programs.POSSIBLE_CHANGE.possible_change(POSSIBLE_CHANGE.java:23)
	at java_programs.POSSIBLE_CHANGE.possible_change(POSSIBLE_CHANGE.java:23)
	at java_programs.POSSIBLE_CHANGE.possible_change(POSSIBLE_CHANGE.java:23)
	at java_programs.POSSIBLE_CHANGE.possible_change(POSSIBLE_CHANGE.java:23)
	at java_programs.POSSIBLE_CHANGE.possible_change(POSSIBLE_CHANGE.java:23)
	at java_programs.POSSIBLE_CHANGE.possible_change(POSSIBLE_CHANGE.java:23)
	at java_programs.POSSIBLE_CHANGE.possible_change(POSSIBLE_CHANGE.java:23)
	at java_programs.POSSIBLE_CHANGE.possible_change(POSSIBLE_CHANGE.java:23)
	at java_programs.POSSIBLE_CHANGE.possible_change(POSSIBLE_CHANGE.java:23)
	at java_programs.POSSIBLE_CHANGE.possible_change(POSSIBLE_CHANGE.java:23)
	at java_programs.POSSIBLE_CHANGE.possible_change(POSSIBLE_CHANGE.java:23)
	at java_programs.POSSIBLE_CHANGE.possible_change(POSSIBLE_CHANGE.java:23)
	at java_programs.POSSIBLE_CHANGE.possible_change(POSSIBLE_CHANGE.java:23)
	at java_programs.POSSIBLE_CHANGE.possible_change(POSSIBLE_CHANGE.java:23)
	at java_programs.POSSIBLE_CHANGE.possible_change(POSSIBLE_CHANGE.java:23)
	at java_programs.POSSIBLE_CHANGE.possible_change(POSSIBLE_CHANGE.java:23)
	at java_programs.POSSIBLE_CHANGE.possible_change(POSSIBLE_CHANGE.java:23)
	at java_programs.POSSIBLE_CHANGE.possible_change(POSSIBLE_CHANGE.java:23)
	at java_programs.POSSIBLE_CHANGE.possible_change(POSSIBLE_CHANGE.java:23)
	at java_programs.POSSIBLE_CHANGE.possible_change(POSSIBLE_CHANGE.java:23)
	at java_programs.POSSIBLE_CHANGE.possible_change(POSSIBLE_CHANGE.java:23)
	at java_programs.POSSIBLE_CHANGE.possible_change(POSSIBLE_CHANGE.java:23)
	at java_programs.POSSIBLE_CHANGE.possible_change(POSSIBLE_CHANGE.java:23)
	at java_programs.POSSIBLE_CHANGE.possible_change(POSSIBLE_CHANGE.java:23)
	at java_programs.POSSIBLE_CHANGE.possible_change(POSSIBLE_CHANGE.java:23)
	at java_programs.POSSIBLE_CHANGE.possible_change(POSSIBLE_CHANGE.java:23)
	at java_testcases.junit.POSSIBLE_CHANGE_TEST.test_6(POSSIBLE_CHANGE_TEST.java:43)
	at java.base/jdk.internal.reflect.NativeMethodAccessorImpl.invoke0(Native Method)
	at java.base/jdk.internal.reflect.NativeMethodAccessorImpl.invoke(NativeMethodAccessorImpl.java:77)
	at java.base/jdk.internal.reflect.DelegatingMethodAccessorImpl.invoke(DelegatingMethodAccessorImpl.java:43)
	at java.base/java.lang.reflect.Method.invoke(Method.java:568)
	at org.junit.runners.model.FrameworkMethod$1.runReflectiveCall(FrameworkMethod.java:50)
	at org.junit.internal.runners.model.ReflectiveCallable.run(ReflectiveCallable.java:12)
	at org.junit.runners.model.FrameworkMethod.invokeExplosively(FrameworkMethod.java:47)
	at org.junit.internal.runners.statements.InvokeMethod.evaluate(InvokeMethod.java:17)
	at org.junit.internal.runners.statements.FailOnTimeout$CallableStatement.call(FailOnTimeout.java:298)
	at org.junit.internal.runners.statements.FailOnTimeout$CallableStatement.call(FailOnTimeout.java:292)
	at java.base/java.util.concurrent.FutureTask.run(FutureTask.java:264)
	at java.base/java.lang.Thread.run(Thread.java:833)
</failure>
  </testcase>
  <testcase name="test_7" classname="java_testcases.junit.POSSIBLE_CHANGE_TEST" time="0.146">
    <failure message="java.lang.ArrayIndexOutOfBoundsException: Index 0 out of bounds for length 0" type="java.lang.ArrayIndexOutOfBoundsException">java.lang.ArrayIndexOutOfBoundsException: Index 0 out of bounds for length 0
	at java_programs.POSSIBLE_CHANGE.possible_change(POSSIBLE_CHANGE.java:21)
	at java_programs.POSSIBLE_CHANGE.possible_change(POSSIBLE_CHANGE.java:23)
	at java_programs.POSSIBLE_CHANGE.possible_change(POSSIBLE_CHANGE.java:23)
	at java_programs.POSSIBLE_CHANGE.possible_change(POSSIBLE_CHANGE.java:23)
	at java_programs.POSSIBLE_CHANGE.possible_change(POSSIBLE_CHANGE.java:23)
	at java_programs.POSSIBLE_CHANGE.possible_change(POSSIBLE_CHANGE.java:23)
	at java_programs.POSSIBLE_CHANGE.possible_change(POSSIBLE_CHANGE.java:23)
	at java_programs.POSSIBLE_CHANGE.possible_change(POSSIBLE_CHANGE.java:23)
	at java_programs.POSSIBLE_CHANGE.possible_change(POSSIBLE_CHANGE.java:23)
	at java_programs.POSSIBLE_CHANGE.possible_change(POSSIBLE_CHANGE.java:23)
	at java_programs.POSSIBLE_CHANGE.possible_change(POSSIBLE_CHANGE.java:23)
	at java_programs.POSSIBLE_CHANGE.possible_change(POSSIBLE_CHANGE.java:23)
	at java_programs.POSSIBLE_CHANGE.possible_change(POSSIBLE_CHANGE.java:23)
	at java_programs.POSSIBLE_CHANGE.possible_change(POSSIBLE_CHANGE.java:23)
	at java_programs.POSSIBLE_CHANGE.possible_change(POSSIBLE_CHANGE.java:23)
	at java_programs.POSSIBLE_CHANGE.possible_change(POSSIBLE_CHANGE.java:23)
	at java_programs.POSSIBLE_CHANGE.possible_change(POSSIBLE_CHANGE.java:23)
	at java_programs.POSSIBLE_CHANGE.possible_change(POSSIBLE_CHANGE.java:23)
	at java_programs.POSSIBLE_CHANGE.possible_change(POSSIBLE_CHANGE.java:23)
	at java_programs.POSSIBLE_CHANGE.possible_change(POSSIBLE_CHANGE.java:23)
	at java_programs.POSSIBLE_CHANGE.possible_change(POSSIBLE_CHANGE.java:23)
	at java_programs.POSSIBLE_CHANGE.possible_change(POSSIBLE_CHANGE.java:23)
	at java_programs.POSSIBLE_CHANGE.possible_change(POSSIBLE_CHANGE.java:23)
	at java_programs.POSSIBLE_CHANGE.possible_change(POSSIBLE_CHANGE.java:23)
	at java_programs.POSSIBLE_CHANGE.possible_change(POSSIBLE_CHANGE.java:23)
	at java_programs.POSSIBLE_CHANGE.possible_change(POSSIBLE_CHANGE.java:23)
	at java_programs.POSSIBLE_CHANGE.possible_change(POSSIBLE_CHANGE.java:23)
	at java_programs.POSSIBLE_CHANGE.possible_change(POSSIBLE_CHANGE.java:23)
	at java_programs.POSSIBLE_CHANGE.possible_change(POSSIBLE_CHANGE.java:23)
	at java_programs.POSSIBLE_CHANGE.possible_change(POSSIBLE_CHANGE.java:23)
	at java_programs.POSSIBLE_CHANGE.possible_change(POSSIBLE_CHANGE.java:23)
	at java_programs.POSSIBLE_CHANGE.possible_change(POSSIBLE_CHANGE.java:23)
	at java_programs.POSSIBLE_CHANGE.possible_change(POSSIBLE_CHANGE.java:23)
	at java_programs.POSSIBLE_CHANGE.possible_change(POSSIBLE_CHANGE.java:23)
	at java_programs.POSSIBLE_CHANGE.possible_change(POSSIBLE_CHANGE.java:23)
	at java_programs.POSSIBLE_CHANGE.possible_change(POSSIBLE_CHANGE.java:23)
	at java_programs.POSSIBLE_CHANGE.possible_change(POSSIBLE_CHANGE.java:23)
	at java_programs.POSSIBLE_CHANGE.possible_change(POSSIBLE_CHANGE.java:23)
	at java_programs.POSSIBLE_CHANGE.possible_change(POSSIBLE_CHANGE.java:23)
	at java_programs.POSSIBLE_CHANGE.possible_change(POSSIBLE_CHANGE.java:23)
	at java_programs.POSSIBLE_CHANGE.possible_change(POSSIBLE_CHANGE.java:23)
	at java_programs.POSSIBLE_CHANGE.possible_change(POSSIBLE_CHANGE.java:23)
	at java_programs.POSSIBLE_CHANGE.possible_change(POSSIBLE_CHANGE.java:23)
	at java_programs.POSSIBLE_CHANGE.possible_change(POSSIBLE_CHANGE.java:23)
	at java_programs.POSSIBLE_CHANGE.possible_change(POSSIBLE_CHANGE.java:23)
	at java_programs.POSSIBLE_CHANGE.possible_change(POSSIBLE_CHANGE.java:23)
	at java_programs.POSSIBLE_CHANGE.possible_change(POSSIBLE_CHANGE.java:23)
	at java_programs.POSSIBLE_CHANGE.possible_change(POSSIBLE_CHANGE.java:23)
	at java_programs.POSSIBLE_CHANGE.possible_change(POSSIBLE_CHANGE.java:23)
	at java_programs.POSSIBLE_CHANGE.possible_change(POSSIBLE_CHANGE.java:23)
	at java_programs.POSSIBLE_CHANGE.possible_change(POSSIBLE_CHANGE.java:23)
	at java_programs.POSSIBLE_CHANGE.possible_change(POSSIBLE_CHANGE.java:23)
	at java_programs.POSSIBLE_CHANGE.possible_change(POSSIBLE_CHANGE.java:23)
	at java_programs.POSSIBLE_CHANGE.possible_change(POSSIBLE_CHANGE.java:23)
	at java_programs.POSSIBLE_CHANGE.possible_change(POSSIBLE_CHANGE.java:23)
	at java_programs.POSSIBLE_CHANGE.possible_change(POSSIBLE_CHANGE.java:23)
	at java_programs.POSSIBLE_CHANGE.possible_change(POSSIBLE_CHANGE.java:23)
	at java_programs.POSSIBLE_CHANGE.possible_change(POSSIBLE_CHANGE.java:23)
	at java_programs.POSSIBLE_CHANGE.possible_change(POSSIBLE_CHANGE.java:23)
	at java_programs.POSSIBLE_CHANGE.possible_change(POSSIBLE_CHANGE.java:23)
	at java_programs.POSSIBLE_CHANGE.possible_change(POSSIBLE_CHANGE.java:23)
	at java_programs.POSSIBLE_CHANGE.possible_change(POSSIBLE_CHANGE.java:23)
	at java_programs.POSSIBLE_CHANGE.possible_change(POSSIBLE_CHANGE.java:23)
	at java_programs.POSSIBLE_CHANGE.possible_change(POSSIBLE_CHANGE.java:23)
	at java_programs.POSSIBLE_CHANGE.possible_change(POSSIBLE_CHANGE.java:23)
	at java_programs.POSSIBLE_CHANGE.possible_change(POSSIBLE_CHANGE.java:23)
	at java_programs.POSSIBLE_CHANGE.possible_change(POSSIBLE_CHANGE.java:23)
	at java_programs.POSSIBLE_CHANGE.possible_change(POSSIBLE_CHANGE.java:23)
	at java_programs.POSSIBLE_CHANGE.possible_change(POSSIBLE_CHANGE.java:23)
	at java_programs.POSSIBLE_CHANGE.possible_change(POSSIBLE_CHANGE.java:23)
	at java_programs.POSSIBLE_CHANGE.possible_change(POSSIBLE_CHANGE.java:23)
	at java_programs.POSSIBLE_CHANGE.possible_change(POSSIBLE_CHANGE.java:23)
	at java_programs.POSSIBLE_CHANGE.possible_change(POSSIBLE_CHANGE.java:23)
	at java_programs.POSSIBLE_CHANGE.possible_change(POSSIBLE_CHANGE.java:23)
	at java_programs.POSSIBLE_CHANGE.possible_change(POSSIBLE_CHANGE.java:23)
	at java_programs.POSSIBLE_CHANGE.possible_change(POSSIBLE_CHANGE.java:23)
	at java_programs.POSSIBLE_CHANGE.possible_change(POSSIBLE_CHANGE.java:23)
	at java_programs.POSSIBLE_CHANGE.possible_change(POSSIBLE_CHANGE.java:23)
	at java_programs.POSSIBLE_CHANGE.possible_change(POSSIBLE_CHANGE.java:23)
	at java_programs.POSSIBLE_CHANGE.possible_change(POSSIBLE_CHANGE.java:23)
	at java_programs.POSSIBLE_CHANGE.possible_change(POSSIBLE_CHANGE.java:23)
	at java_programs.POSSIBLE_CHANGE.possible_change(POSSIBLE_CHANGE.java:23)
	at java_programs.POSSIBLE_CHANGE.possible_change(POSSIBLE_CHANGE.java:23)
	at java_programs.POSSIBLE_CHANGE.possible_change(POSSIBLE_CHANGE.java:23)
	at java_programs.POSSIBLE_CHANGE.possible_change(POSSIBLE_CHANGE.java:23)
	at java_programs.POSSIBLE_CHANGE.possible_change(POSSIBLE_CHANGE.java:23)
	at java_programs.POSSIBLE_CHANGE.possible_change(POSSIBLE_CHANGE.java:23)
	at java_programs.POSSIBLE_CHANGE.possible_change(POSSIBLE_CHANGE.java:23)
	at java_programs.POSSIBLE_CHANGE.possible_change(POSSIBLE_CHANGE.java:23)
	at java_programs.POSSIBLE_CHANGE.possible_change(POSSIBLE_CHANGE.java:23)
	at java_programs.POSSIBLE_CHANGE.possible_change(POSSIBLE_CHANGE.java:23)
	at java_programs.POSSIBLE_CHANGE.possible_change(POSSIBLE_CHANGE.java:23)
	at java_programs.POSSIBLE_CHANGE.possible_change(POSSIBLE_CHANGE.java:23)
	at java_programs.POSSIBLE_CHANGE.possible_change(POSSIBLE_CHANGE.java:23)
	at java_programs.POSSIBLE_CHANGE.possible_change(POSSIBLE_CHANGE.java:23)
	at java_programs.POSSIBLE_CHANGE.possible_change(POSSIBLE_CHANGE.java:23)
	at java_programs.POSSIBLE_CHANGE.possible_change(POSSIBLE_CHANGE.java:23)
	at java_programs.POSSIBLE_CHANGE.possible_change(POSSIBLE_CHANGE.java:23)
	at java_programs.POSSIBLE_CHANGE.possible_change(POSSIBLE_CHANGE.java:23)
	at java_programs.POSSIBLE_CHANGE.possible_change(POSSIBLE_CHANGE.java:23)
	at java_programs.POSSIBLE_CHANGE.possible_change(POSSIBLE_CHANGE.java:23)
	at java_programs.POSSIBLE_CHANGE.possible_change(POSSIBLE_CHANGE.java:23)
	at java_programs.POSSIBLE_CHANGE.possible_change(POSSIBLE_CHANGE.java:23)
	at java_programs.POSSIBLE_CHANGE.possible_change(POSSIBLE_CHANGE.java:23)
	at java_programs.POSSIBLE_CHANGE.possible_change(POSSIBLE_CHANGE.java:23)
	at java_programs.POSSIBLE_CHANGE.possible_change(POSSIBLE_CHANGE.java:23)
	at java_programs.POSSIBLE_CHANGE.possible_change(POSSIBLE_CHANGE.java:23)
	at java_programs.POSSIBLE_CHANGE.possible_change(POSSIBLE_CHANGE.java:23)
	at java_programs.POSSIBLE_CHANGE.possible_change(POSSIBLE_CHANGE.java:23)
	at java_programs.POSSIBLE_CHANGE.possible_change(POSSIBLE_CHANGE.java:23)
	at java_programs.POSSIBLE_CHANGE.possible_change(POSSIBLE_CHANGE.java:23)
	at java_programs.POSSIBLE_CHANGE.possible_change(POSSIBLE_CHANGE.java:23)
	at java_programs.POSSIBLE_CHANGE.possible_change(POSSIBLE_CHANGE.java:23)
	at java_programs.POSSIBLE_CHANGE.possible_change(POSSIBLE_CHANGE.java:23)
	at java_programs.POSSIBLE_CHANGE.possible_change(POSSIBLE_CHANGE.java:23)
	at java_programs.POSSIBLE_CHANGE.possible_change(POSSIBLE_CHANGE.java:23)
	at java_programs.POSSIBLE_CHANGE.possible_change(POSSIBLE_CHANGE.java:23)
	at java_programs.POSSIBLE_CHANGE.possible_change(POSSIBLE_CHANGE.java:23)
	at java_programs.POSSIBLE_CHANGE.possible_change(POSSIBLE_CHANGE.java:23)
	at java_programs.POSSIBLE_CHANGE.possible_change(POSSIBLE_CHANGE.java:23)
	at java_programs.POSSIBLE_CHANGE.possible_change(POSSIBLE_CHANGE.java:23)
	at java_programs.POSSIBLE_CHANGE.possible_change(POSSIBLE_CHANGE.java:23)
	at java_programs.POSSIBLE_CHANGE.possible_change(POSSIBLE_CHANGE.java:23)
	at java_programs.POSSIBLE_CHANGE.possible_change(POSSIBLE_CHANGE.java:23)
	at java_programs.POSSIBLE_CHANGE.possible_change(POSSIBLE_CHANGE.java:23)
	at java_programs.POSSIBLE_CHANGE.possible_change(POSSIBLE_CHANGE.java:23)
	at java_programs.POSSIBLE_CHANGE.possible_change(POSSIBLE_CHANGE.java:23)
	at java_programs.POSSIBLE_CHANGE.possible_change(POSSIBLE_CHANGE.java:23)
	at java_programs.POSSIBLE_CHANGE.possible_change(POSSIBLE_CHANGE.java:23)
	at java_programs.POSSIBLE_CHANGE.possible_change(POSSIBLE_CHANGE.java:23)
	at java_programs.POSSIBLE_CHANGE.possible_change(POSSIBLE_CHANGE.java:23)
	at java_programs.POSSIBLE_CHANGE.possible_change(POSSIBLE_CHANGE.java:23)
	at java_programs.POSSIBLE_CHANGE.possible_change(POSSIBLE_CHANGE.java:23)
	at java_programs.POSSIBLE_CHANGE.possible_change(POSSIBLE_CHANGE.java:23)
	at java_programs.POSSIBLE_CHANGE.possible_change(POSSIBLE_CHANGE.java:23)
	at java_programs.POSSIBLE_CHANGE.possible_change(POSSIBLE_CHANGE.java:23)
	at java_programs.POSSIBLE_CHANGE.possible_change(POSSIBLE_CHANGE.java:23)
	at java_programs.POSSIBLE_CHANGE.possible_change(POSSIBLE_CHANGE.java:23)
	at java_programs.POSSIBLE_CHANGE.possible_change(POSSIBLE_CHANGE.java:23)
	at java_programs.POSSIBLE_CHANGE.possible_change(POSSIBLE_CHANGE.java:23)
	at java_programs.POSSIBLE_CHANGE.possible_change(POSSIBLE_CHANGE.java:23)
	at java_programs.POSSIBLE_CHANGE.possible_change(POSSIBLE_CHANGE.java:23)
	at java_programs.POSSIBLE_CHANGE.possible_change(POSSIBLE_CHANGE.java:23)
	at java_programs.POSSIBLE_CHANGE.possible_change(POSSIBLE_CHANGE.java:23)
	at java_programs.POSSIBLE_CHANGE.possible_change(POSSIBLE_CHANGE.java:23)
	at java_testcases.junit.POSSIBLE_CHANGE_TEST.test_7(POSSIBLE_CHANGE_TEST.java:49)
	at java.base/jdk.internal.reflect.NativeMethodAccessorImpl.invoke0(Native Method)
	at java.base/jdk.internal.reflect.NativeMethodAccessorImpl.invoke(NativeMethodAccessorImpl.java:77)
	at java.base/jdk.internal.reflect.DelegatingMethodAccessorImpl.invoke(DelegatingMethodAccessorImpl.java:43)
	at java.base/java.lang.reflect.Method.invoke(Method.java:568)
	at org.junit.runners.model.FrameworkMethod$1.runReflectiveCall(FrameworkMethod.java:50)
	at org.junit.internal.runners.model.ReflectiveCallable.run(ReflectiveCallable.java:12)
	at org.junit.runners.model.FrameworkMethod.invokeExplosively(FrameworkMethod.java:47)
	at org.junit.internal.runners.statements.InvokeMethod.evaluate(InvokeMethod.java:17)
	at org.junit.internal.runners.statements.FailOnTimeout$CallableStatement.call(FailOnTimeout.java:298)
	at org.junit.internal.runners.statements.FailOnTimeout$CallableStatement.call(FailOnTimeout.java:292)
	at java.base/java.util.concurrent.FutureTask.run(FutureTask.java:264)
	at java.base/java.lang.Thread.run(Thread.java:833)
</failure>
  </testcase>
  <testcase name="test_8" classname="java_testcases.junit.POSSIBLE_CHANGE_TEST" time="0.054">
    <failure message="java.lang.ArrayIndexOutOfBoundsException: Index 0 out of bounds for length 0" type="java.lang.ArrayIndexOutOfBoundsException">java.lang.ArrayIndexOutOfBoundsException: Index 0 out of bounds for length 0
	at java_programs.POSSIBLE_CHANGE.possible_change(POSSIBLE_CHANGE.java:21)
	at java_programs.POSSIBLE_CHANGE.possible_change(POSSIBLE_CHANGE.java:23)
	at java_programs.POSSIBLE_CHANGE.possible_change(POSSIBLE_CHANGE.java:23)
	at java_programs.POSSIBLE_CHANGE.possible_change(POSSIBLE_CHANGE.java:23)
	at java_programs.POSSIBLE_CHANGE.possible_change(POSSIBLE_CHANGE.java:23)
	at java_programs.POSSIBLE_CHANGE.possible_change(POSSIBLE_CHANGE.java:23)
	at java_programs.POSSIBLE_CHANGE.possible_change(POSSIBLE_CHANGE.java:23)
	at java_programs.POSSIBLE_CHANGE.possible_change(POSSIBLE_CHANGE.java:23)
	at java_programs.POSSIBLE_CHANGE.possible_change(POSSIBLE_CHANGE.java:23)
	at java_programs.POSSIBLE_CHANGE.possible_change(POSSIBLE_CHANGE.java:23)
	at java_programs.POSSIBLE_CHANGE.possible_change(POSSIBLE_CHANGE.java:23)
	at java_programs.POSSIBLE_CHANGE.possible_change(POSSIBLE_CHANGE.java:23)
	at java_programs.POSSIBLE_CHANGE.possible_change(POSSIBLE_CHANGE.java:23)
	at java_programs.POSSIBLE_CHANGE.possible_change(POSSIBLE_CHANGE.java:23)
	at java_programs.POSSIBLE_CHANGE.possible_change(POSSIBLE_CHANGE.java:23)
	at java_programs.POSSIBLE_CHANGE.possible_change(POSSIBLE_CHANGE.java:23)
	at java_programs.POSSIBLE_CHANGE.possible_change(POSSIBLE_CHANGE.java:23)
	at java_programs.POSSIBLE_CHANGE.possible_change(POSSIBLE_CHANGE.java:23)
	at java_programs.POSSIBLE_CHANGE.possible_change(POSSIBLE_CHANGE.java:23)
	at java_programs.POSSIBLE_CHANGE.possible_change(POSSIBLE_CHANGE.java:23)
	at java_programs.POSSIBLE_CHANGE.possible_change(POSSIBLE_CHANGE.java:23)
	at java_programs.POSSIBLE_CHANGE.possible_change(POSSIBLE_CHANGE.java:23)
	at java_programs.POSSIBLE_CHANGE.possible_change(POSSIBLE_CHANGE.java:23)
	at java_programs.POSSIBLE_CHANGE.possible_change(POSSIBLE_CHANGE.java:23)
	at java_programs.POSSIBLE_CHANGE.possible_change(POSSIBLE_CHANGE.java:23)
	at java_programs.POSSIBLE_CHANGE.possible_change(POSSIBLE_CHANGE.java:23)
	at java_programs.POSSIBLE_CHANGE.possible_change(POSSIBLE_CHANGE.java:23)
	at java_programs.POSSIBLE_CHANGE.possible_change(POSSIBLE_CHANGE.java:23)
	at java_programs.POSSIBLE_CHANGE.possible_change(POSSIBLE_CHANGE.java:23)
	at java_programs.POSSIBLE_CHANGE.possible_change(POSSIBLE_CHANGE.java:23)
	at java_programs.POSSIBLE_CHANGE.possible_change(POSSIBLE_CHANGE.java:23)
	at java_programs.POSSIBLE_CHANGE.possible_change(POSSIBLE_CHANGE.java:23)
	at java_programs.POSSIBLE_CHANGE.possible_change(POSSIBLE_CHANGE.java:23)
	at java_programs.POSSIBLE_CHANGE.possible_change(POSSIBLE_CHANGE.java:23)
	at java_programs.POSSIBLE_CHANGE.possible_change(POSSIBLE_CHANGE.java:23)
	at java_programs.POSSIBLE_CHANGE.possible_change(POSSIBLE_CHANGE.java:23)
	at java_programs.POSSIBLE_CHANGE.possible_change(POSSIBLE_CHANGE.java:23)
	at java_programs.POSSIBLE_CHANGE.possible_change(POSSIBLE_CHANGE.java:23)
	at java_programs.POSSIBLE_CHANGE.possible_change(POSSIBLE_CHANGE.java:23)
	at java_programs.POSSIBLE_CHANGE.possible_change(POSSIBLE_CHANGE.java:23)
	at java_programs.POSSIBLE_CHANGE.possible_change(POSSIBLE_CHANGE.java:23)
	at java_programs.POSSIBLE_CHANGE.possible_change(POSSIBLE_CHANGE.java:23)
	at java_programs.POSSIBLE_CHANGE.possible_change(POSSIBLE_CHANGE.java:23)
	at java_programs.POSSIBLE_CHANGE.possible_change(POSSIBLE_CHANGE.java:23)
	at java_programs.POSSIBLE_CHANGE.possible_change(POSSIBLE_CHANGE.java:23)
	at java_programs.POSSIBLE_CHANGE.possible_change(POSSIBLE_CHANGE.java:23)
	at java_programs.POSSIBLE_CHANGE.possible_change(POSSIBLE_CHANGE.java:23)
	at java_programs.POSSIBLE_CHANGE.possible_change(POSSIBLE_CHANGE.java:23)
	at java_programs.POSSIBLE_CHANGE.possible_change(POSSIBLE_CHANGE.java:23)
	at java_programs.POSSIBLE_CHANGE.possible_change(POSSIBLE_CHANGE.java:23)
	at java_programs.POSSIBLE_CHANGE.possible_change(POSSIBLE_CHANGE.java:23)
	at java_testcases.junit.POSSIBLE_CHANGE_TEST.test_8(POSSIBLE_CHANGE_TEST.java:55)
	at java.base/jdk.internal.reflect.NativeMethodAccessorImpl.invoke0(Native Method)
	at java.base/jdk.internal.reflect.NativeMethodAccessorImpl.invoke(NativeMethodAccessorImpl.java:77)
	at java.base/jdk.internal.reflect.DelegatingMethodAccessorImpl.invoke(DelegatingMethodAccessorImpl.java:43)
	at java.base/java.lang.reflect.Method.invoke(Method.java:568)
	at org.junit.runners.model.FrameworkMethod$1.runReflectiveCall(FrameworkMethod.java:50)
	at org.junit.internal.runners.model.ReflectiveCallable.run(ReflectiveCallable.java:12)
	at org.junit.runners.model.FrameworkMethod.invokeExplosively(FrameworkMethod.java:47)
	at org.junit.internal.runners.statements.InvokeMethod.evaluate(InvokeMethod.java:17)
	at org.junit.internal.runners.statements.FailOnTimeout$CallableStatement.call(FailOnTimeout.java:298)
	at org.junit.internal.runners.statements.FailOnTimeout$CallableStatement.call(FailOnTimeout.java:292)
	at java.base/java.util.concurrent.FutureTask.run(FutureTask.java:264)
	at java.base/java.lang.Thread.run(Thread.java:833)
</failure>
  </testcase>
  <system-out><![CDATA[]]></system-out>
  <system-err><![CDATA[]]></system-err>
</testsuite>
