<?xml version="1.0" encoding="UTF-8"?>
<testsuite name="java_testcases.junit.IS_VALID_PARENTHESIZATION_TEST" tests="3" skipped="0" failures="1" errors="0" timestamp="2024-04-03T09:45:01" hostname="LAPTOP-NVVL9JFQ" time="0.367">
  <properties/>
  <testcase name="test_0" classname="java_testcases.junit.IS_VALID_PARENTHESIZATION_TEST" time="0.049"/>
  <testcase name="test_1" classname="java_testcases.junit.IS_VALID_PARENTHESIZATION_TEST" time="0.154"/>
  <testcase name="test_2" classname="java_testcases.junit.IS_VALID_PARENTHESIZATION_TEST" time="0.164">
    <failure message="org.junit.ComparisonFailure: expected:&lt;[fals]e&gt; but was:&lt;[tru]e&gt;" type="org.junit.ComparisonFailure">org.junit.ComparisonFailure: expected:&lt;[fals]e&gt; but was:&lt;[tru]e&gt;
	at org.junit.Assert.assertEquals(Assert.java:115)
	at org.junit.Assert.assertEquals(Assert.java:144)
	at java_testcases.junit.IS_VALID_PARENTHESIZATION_TEST.test_2(IS_VALID_PARENTHESIZATION_TEST.java:23)
	at java.base/jdk.internal.reflect.NativeMethodAccessorImpl.invoke0(Native Method)
	at java.base/jdk.internal.reflect.NativeMethodAccessorImpl.invoke(NativeMethodAccessorImpl.java:77)
	at java.base/jdk.internal.reflect.DelegatingMethodAccessorImpl.invoke(DelegatingMethodAccessorImpl.java:43)
	at java.base/java.lang.reflect.Method.invoke(Method.java:568)
	at org.junit.runners.model.FrameworkMethod$1.runReflectiveCall(FrameworkMethod.java:50)
	at org.junit.internal.runners.model.ReflectiveCallable.run(ReflectiveCallable.java:12)
	at org.junit.runners.model.FrameworkMethod.invokeExplosively(FrameworkMethod.java:47)
	at org.junit.internal.runners.statements.InvokeMethod.evaluate(InvokeMethod.java:17)
	at org.junit.internal.runners.statements.FailOnTimeout$CallableStatement.call(FailOnTimeout.java:298)
	at org.junit.internal.runners.statements.FailOnTimeout$CallableStatement.call(FailOnTimeout.java:292)
	at java.base/java.util.concurrent.FutureTask.run(FutureTask.java:264)
	at java.base/java.lang.Thread.run(Thread.java:833)
</failure>
  </testcase>
  <system-out><![CDATA[]]></system-out>
  <system-err><![CDATA[]]></system-err>
</testsuite>
