<?xml version="1.0" encoding="UTF-8"?>
<testsuite name="java_testcases.junit.MERGESORT_TEST" tests="13" skipped="0" failures="13" errors="0" timestamp="2024-04-03T09:45:10" hostname="LAPTOP-NVVL9JFQ" time="1.369">
  <properties/>
  <testcase name="test_10" classname="java_testcases.junit.MERGESORT_TEST" time="0.143">
    <failure message="java.lang.StackOverflowError" type="java.lang.StackOverflowError">java.lang.StackOverflowError
	at java.base/java.util.Arrays.copyOfRange(Arrays.java:3742)
	at java.base/java.util.ArrayList$SubList.toArray(ArrayList.java:1228)
	at java.base/java.util.ArrayList.addAll(ArrayList.java:670)
	at java_programs.MERGESORT.mergesort(MERGESORT.java:43)
	at java_programs.MERGESORT.mergesort(MERGESORT.java:47)
	at java_programs.MERGESORT.mergesort(MERGESORT.java:47)
	at java_programs.MERGESORT.mergesort(MERGESORT.java:47)
	at java_programs.MERGESORT.mergesort(MERGESORT.java:47)
	at java_programs.MERGESORT.mergesort(MERGESORT.java:47)
	at java_programs.MERGESORT.mergesort(MERGESORT.java:47)
	at java_programs.MERGESORT.mergesort(MERGESORT.java:47)
	at java_programs.MERGESORT.mergesort(MERGESORT.java:47)
	at java_programs.MERGESORT.mergesort(MERGESORT.java:47)
	at java_programs.MERGESORT.mergesort(MERGESORT.java:47)
	at java_programs.MERGESORT.mergesort(MERGESORT.java:47)
	at java_programs.MERGESORT.mergesort(MERGESORT.java:47)
	at java_programs.MERGESORT.mergesort(MERGESORT.java:47)
	at java_programs.MERGESORT.mergesort(MERGESORT.java:47)
	at java_programs.MERGESORT.mergesort(MERGESORT.java:47)
	at java_programs.MERGESORT.mergesort(MERGESORT.java:47)
	at java_programs.MERGESORT.mergesort(MERGESORT.java:47)
	at java_programs.MERGESORT.mergesort(MERGESORT.java:47)
	at java_programs.MERGESORT.mergesort(MERGESORT.java:47)
	at java_programs.MERGESORT.mergesort(MERGESORT.java:47)
	at java_programs.MERGESORT.mergesort(MERGESORT.java:47)
	at java_programs.MERGESORT.mergesort(MERGESORT.java:47)
	at java_programs.MERGESORT.mergesort(MERGESORT.java:47)
	at java_programs.MERGESORT.mergesort(MERGESORT.java:47)
	at java_programs.MERGESORT.mergesort(MERGESORT.java:47)
	at java_programs.MERGESORT.mergesort(MERGESORT.java:47)
	at java_programs.MERGESORT.mergesort(MERGESORT.java:47)
	at java_programs.MERGESORT.mergesort(MERGESORT.java:47)
	at java_programs.MERGESORT.mergesort(MERGESORT.java:47)
	at java_programs.MERGESORT.mergesort(MERGESORT.java:47)
	at java_programs.MERGESORT.mergesort(MERGESORT.java:47)
	at java_programs.MERGESORT.mergesort(MERGESORT.java:47)
	at java_programs.MERGESORT.mergesort(MERGESORT.java:47)
	at java_programs.MERGESORT.mergesort(MERGESORT.java:47)
	at java_programs.MERGESORT.mergesort(MERGESORT.java:47)
	at java_programs.MERGESORT.mergesort(MERGESORT.java:47)
	at java_programs.MERGESORT.mergesort(MERGESORT.java:47)
	at java_programs.MERGESORT.mergesort(MERGESORT.java:47)
	at java_programs.MERGESORT.mergesort(MERGESORT.java:47)
	at java_programs.MERGESORT.mergesort(MERGESORT.java:47)
	at java_programs.MERGESORT.mergesort(MERGESORT.java:47)
	at java_programs.MERGESORT.mergesort(MERGESORT.java:47)
	at java_programs.MERGESORT.mergesort(MERGESORT.java:47)
	at java_programs.MERGESORT.mergesort(MERGESORT.java:47)
	at java_programs.MERGESORT.mergesort(MERGESORT.java:47)
	at java_programs.MERGESORT.mergesort(MERGESORT.java:47)
	at java_programs.MERGESORT.mergesort(MERGESORT.java:47)
	at java_programs.MERGESORT.mergesort(MERGESORT.java:47)
	at java_programs.MERGESORT.mergesort(MERGESORT.java:47)
	at java_programs.MERGESORT.mergesort(MERGESORT.java:47)
	at java_programs.MERGESORT.mergesort(MERGESORT.java:47)
	at java_programs.MERGESORT.mergesort(MERGESORT.java:47)
	at java_programs.MERGESORT.mergesort(MERGESORT.java:47)
	at java_programs.MERGESORT.mergesort(MERGESORT.java:47)
	at java_programs.MERGESORT.mergesort(MERGESORT.java:47)
	at java_programs.MERGESORT.mergesort(MERGESORT.java:47)
	at java_programs.MERGESORT.mergesort(MERGESORT.java:47)
	at java_programs.MERGESORT.mergesort(MERGESORT.java:47)
	at java_programs.MERGESORT.mergesort(MERGESORT.java:47)
	at java_programs.MERGESORT.mergesort(MERGESORT.java:47)
	at java_programs.MERGESORT.mergesort(MERGESORT.java:47)
	at java_programs.MERGESORT.mergesort(MERGESORT.java:47)
	at java_programs.MERGESORT.mergesort(MERGESORT.java:47)
	at java_programs.MERGESORT.mergesort(MERGESORT.java:47)
	at java_programs.MERGESORT.mergesort(MERGESORT.java:47)
	at java_programs.MERGESORT.mergesort(MERGESORT.java:47)
	at java_programs.MERGESORT.mergesort(MERGESORT.java:47)
	at java_programs.MERGESORT.mergesort(MERGESORT.java:47)
	at java_programs.MERGESORT.mergesort(MERGESORT.java:47)
	at java_programs.MERGESORT.mergesort(MERGESORT.java:47)
	at java_programs.MERGESORT.mergesort(MERGESORT.java:47)
	at java_programs.MERGESORT.mergesort(MERGESORT.java:47)
	at java_programs.MERGESORT.mergesort(MERGESORT.java:47)
	at java_programs.MERGESORT.mergesort(MERGESORT.java:47)
	at java_programs.MERGESORT.mergesort(MERGESORT.java:47)
	at java_programs.MERGESORT.mergesort(MERGESORT.java:47)
	at java_programs.MERGESORT.mergesort(MERGESORT.java:47)
	at java_programs.MERGESORT.mergesort(MERGESORT.java:47)
	at java_programs.MERGESORT.mergesort(MERGESORT.java:47)
	at java_programs.MERGESORT.mergesort(MERGESORT.java:47)
	at java_programs.MERGESORT.mergesort(MERGESORT.java:47)
	at java_programs.MERGESORT.mergesort(MERGESORT.java:47)
	at java_programs.MERGESORT.mergesort(MERGESORT.java:47)
	at java_programs.MERGESORT.mergesort(MERGESORT.java:47)
	at java_programs.MERGESORT.mergesort(MERGESORT.java:47)
	at java_programs.MERGESORT.mergesort(MERGESORT.java:47)
	at java_programs.MERGESORT.mergesort(MERGESORT.java:47)
	at java_programs.MERGESORT.mergesort(MERGESORT.java:47)
	at java_programs.MERGESORT.mergesort(MERGESORT.java:47)
	at java_programs.MERGESORT.mergesort(MERGESORT.java:47)
	at java_programs.MERGESORT.mergesort(MERGESORT.java:47)
	at java_programs.MERGESORT.mergesort(MERGESORT.java:47)
	at java_programs.MERGESORT.mergesort(MERGESORT.java:47)
	at java_programs.MERGESORT.mergesort(MERGESORT.java:47)
	at java_programs.MERGESORT.mergesort(MERGESORT.java:47)
	at java_programs.MERGESORT.mergesort(MERGESORT.java:47)
	at java_programs.MERGESORT.mergesort(MERGESORT.java:47)
	at java_programs.MERGESORT.mergesort(MERGESORT.java:47)
	at java_programs.MERGESORT.mergesort(MERGESORT.java:47)
	at java_programs.MERGESORT.mergesort(MERGESORT.java:47)
	at java_programs.MERGESORT.mergesort(MERGESORT.java:47)
	at java_programs.MERGESORT.mergesort(MERGESORT.java:47)
	at java_programs.MERGESORT.mergesort(MERGESORT.java:47)
	at java_programs.MERGESORT.mergesort(MERGESORT.java:47)
	at java_programs.MERGESORT.mergesort(MERGESORT.java:47)
	at java_programs.MERGESORT.mergesort(MERGESORT.java:47)
	at java_programs.MERGESORT.mergesort(MERGESORT.java:47)
	at java_programs.MERGESORT.mergesort(MERGESORT.java:47)
	at java_programs.MERGESORT.mergesort(MERGESORT.java:47)
	at java_programs.MERGESORT.mergesort(MERGESORT.java:47)
	at java_programs.MERGESORT.mergesort(MERGESORT.java:47)
	at java_programs.MERGESORT.mergesort(MERGESORT.java:47)
	at java_programs.MERGESORT.mergesort(MERGESORT.java:47)
	at java_programs.MERGESORT.mergesort(MERGESORT.java:47)
	at java_programs.MERGESORT.mergesort(MERGESORT.java:47)
	at java_programs.MERGESORT.mergesort(MERGESORT.java:47)
	at java_programs.MERGESORT.mergesort(MERGESORT.java:47)
	at java_programs.MERGESORT.mergesort(MERGESORT.java:47)
	at java_programs.MERGESORT.mergesort(MERGESORT.java:47)
	at java_programs.MERGESORT.mergesort(MERGESORT.java:47)
	at java_programs.MERGESORT.mergesort(MERGESORT.java:47)
	at java_programs.MERGESORT.mergesort(MERGESORT.java:47)
	at java_programs.MERGESORT.mergesort(MERGESORT.java:47)
	at java_programs.MERGESORT.mergesort(MERGESORT.java:47)
	at java_programs.MERGESORT.mergesort(MERGESORT.java:47)
	at java_programs.MERGESORT.mergesort(MERGESORT.java:47)
	at java_programs.MERGESORT.mergesort(MERGESORT.java:47)
	at java_programs.MERGESORT.mergesort(MERGESORT.java:47)
	at java_programs.MERGESORT.mergesort(MERGESORT.java:47)
	at java_programs.MERGESORT.mergesort(MERGESORT.java:47)
	at java_programs.MERGESORT.mergesort(MERGESORT.java:47)
	at java_programs.MERGESORT.mergesort(MERGESORT.java:47)
	at java_programs.MERGESORT.mergesort(MERGESORT.java:47)
	at java_programs.MERGESORT.mergesort(MERGESORT.java:47)
	at java_programs.MERGESORT.mergesort(MERGESORT.java:47)
	at java_programs.MERGESORT.mergesort(MERGESORT.java:47)
	at java_programs.MERGESORT.mergesort(MERGESORT.java:47)
	at java_programs.MERGESORT.mergesort(MERGESORT.java:47)
	at java_programs.MERGESORT.mergesort(MERGESORT.java:47)
	at java_programs.MERGESORT.mergesort(MERGESORT.java:47)
	at java_programs.MERGESORT.mergesort(MERGESORT.java:47)
	at java_programs.MERGESORT.mergesort(MERGESORT.java:47)
	at java_programs.MERGESORT.mergesort(MERGESORT.java:47)
	at java_programs.MERGESORT.mergesort(MERGESORT.java:47)
	at java_programs.MERGESORT.mergesort(MERGESORT.java:47)
	at java_programs.MERGESORT.mergesort(MERGESORT.java:47)
	at java_programs.MERGESORT.mergesort(MERGESORT.java:47)
	at java_programs.MERGESORT.mergesort(MERGESORT.java:47)
	at java_programs.MERGESORT.mergesort(MERGESORT.java:47)
	at java_programs.MERGESORT.mergesort(MERGESORT.java:47)
	at java_programs.MERGESORT.mergesort(MERGESORT.java:47)
	at java_programs.MERGESORT.mergesort(MERGESORT.java:47)
	at java_programs.MERGESORT.mergesort(MERGESORT.java:47)
	at java_programs.MERGESORT.mergesort(MERGESORT.java:47)
	at java_programs.MERGESORT.mergesort(MERGESORT.java:47)
	at java_programs.MERGESORT.mergesort(MERGESORT.java:47)
	at java_programs.MERGESORT.mergesort(MERGESORT.java:47)
	at java_programs.MERGESORT.mergesort(MERGESORT.java:47)
	at java_programs.MERGESORT.mergesort(MERGESORT.java:47)
	at java_programs.MERGESORT.mergesort(MERGESORT.java:47)
	at java_programs.MERGESORT.mergesort(MERGESORT.java:47)
	at java_programs.MERGESORT.mergesort(MERGESORT.java:47)
	at java_programs.MERGESORT.mergesort(MERGESORT.java:47)
	at java_programs.MERGESORT.mergesort(MERGESORT.java:47)
	at java_programs.MERGESORT.mergesort(MERGESORT.java:47)
	at java_programs.MERGESORT.mergesort(MERGESORT.java:47)
	at java_programs.MERGESORT.mergesort(MERGESORT.java:47)
	at java_programs.MERGESORT.mergesort(MERGESORT.java:47)
	at java_programs.MERGESORT.mergesort(MERGESORT.java:47)
	at java_programs.MERGESORT.mergesort(MERGESORT.java:47)
	at java_programs.MERGESORT.mergesort(MERGESORT.java:47)
	at java_programs.MERGESORT.mergesort(MERGESORT.java:47)
	at java_programs.MERGESORT.mergesort(MERGESORT.java:47)
	at java_programs.MERGESORT.mergesort(MERGESORT.java:47)
	at java_programs.MERGESORT.mergesort(MERGESORT.java:47)
	at java_programs.MERGESORT.mergesort(MERGESORT.java:47)
	at java_programs.MERGESORT.mergesort(MERGESORT.java:47)
	at java_programs.MERGESORT.mergesort(MERGESORT.java:47)
	at java_programs.MERGESORT.mergesort(MERGESORT.java:47)
	at java_programs.MERGESORT.mergesort(MERGESORT.java:47)
	at java_programs.MERGESORT.mergesort(MERGESORT.java:47)
	at java_programs.MERGESORT.mergesort(MERGESORT.java:47)
	at java_programs.MERGESORT.mergesort(MERGESORT.java:47)
	at java_programs.MERGESORT.mergesort(MERGESORT.java:47)
	at java_programs.MERGESORT.mergesort(MERGESORT.java:47)
	at java_programs.MERGESORT.mergesort(MERGESORT.java:47)
	at java_programs.MERGESORT.mergesort(MERGESORT.java:47)
	at java_programs.MERGESORT.mergesort(MERGESORT.java:47)
	at java_programs.MERGESORT.mergesort(MERGESORT.java:47)
	at java_programs.MERGESORT.mergesort(MERGESORT.java:47)
	at java_programs.MERGESORT.mergesort(MERGESORT.java:47)
	at java_programs.MERGESORT.mergesort(MERGESORT.java:47)
	at java_programs.MERGESORT.mergesort(MERGESORT.java:47)
	at java_programs.MERGESORT.mergesort(MERGESORT.java:47)
	at java_programs.MERGESORT.mergesort(MERGESORT.java:47)
	at java_programs.MERGESORT.mergesort(MERGESORT.java:47)
	at java_programs.MERGESORT.mergesort(MERGESORT.java:47)
	at java_programs.MERGESORT.mergesort(MERGESORT.java:47)
	at java_programs.MERGESORT.mergesort(MERGESORT.java:47)
	at java_programs.MERGESORT.mergesort(MERGESORT.java:47)
	at java_programs.MERGESORT.mergesort(MERGESORT.java:47)
	at java_programs.MERGESORT.mergesort(MERGESORT.java:47)
	at java_programs.MERGESORT.mergesort(MERGESORT.java:47)
	at java_programs.MERGESORT.mergesort(MERGESORT.java:47)
	at java_programs.MERGESORT.mergesort(MERGESORT.java:47)
	at java_programs.MERGESORT.mergesort(MERGESORT.java:47)
	at java_programs.MERGESORT.mergesort(MERGESORT.java:47)
	at java_programs.MERGESORT.mergesort(MERGESORT.java:47)
	at java_programs.MERGESORT.mergesort(MERGESORT.java:47)
	at java_programs.MERGESORT.mergesort(MERGESORT.java:47)
	at java_programs.MERGESORT.mergesort(MERGESORT.java:47)
	at java_programs.MERGESORT.mergesort(MERGESORT.java:47)
	at java_programs.MERGESORT.mergesort(MERGESORT.java:47)
	at java_programs.MERGESORT.mergesort(MERGESORT.java:47)
	at java_programs.MERGESORT.mergesort(MERGESORT.java:47)
	at java_programs.MERGESORT.mergesort(MERGESORT.java:47)
	at java_programs.MERGESORT.mergesort(MERGESORT.java:47)
	at java_programs.MERGESORT.mergesort(MERGESORT.java:47)
	at java_programs.MERGESORT.mergesort(MERGESORT.java:47)
	at java_programs.MERGESORT.mergesort(MERGESORT.java:47)
	at java_programs.MERGESORT.mergesort(MERGESORT.java:47)
	at java_programs.MERGESORT.mergesort(MERGESORT.java:47)
	at java_programs.MERGESORT.mergesort(MERGESORT.java:47)
	at java_programs.MERGESORT.mergesort(MERGESORT.java:47)
	at java_programs.MERGESORT.mergesort(MERGESORT.java:47)
	at java_programs.MERGESORT.mergesort(MERGESORT.java:47)
	at java_programs.MERGESORT.mergesort(MERGESORT.java:47)
	at java_programs.MERGESORT.mergesort(MERGESORT.java:47)
	at java_programs.MERGESORT.mergesort(MERGESORT.java:47)
	at java_programs.MERGESORT.mergesort(MERGESORT.java:47)
	at java_programs.MERGESORT.mergesort(MERGESORT.java:47)
	at java_programs.MERGESORT.mergesort(MERGESORT.java:47)
	at java_programs.MERGESORT.mergesort(MERGESORT.java:47)
	at java_programs.MERGESORT.mergesort(MERGESORT.java:47)
	at java_programs.MERGESORT.mergesort(MERGESORT.java:47)
	at java_programs.MERGESORT.mergesort(MERGESORT.java:47)
	at java_programs.MERGESORT.mergesort(MERGESORT.java:47)
	at java_programs.MERGESORT.mergesort(MERGESORT.java:47)
	at java_programs.MERGESORT.mergesort(MERGESORT.java:47)
	at java_programs.MERGESORT.mergesort(MERGESORT.java:47)
	at java_programs.MERGESORT.mergesort(MERGESORT.java:47)
	at java_programs.MERGESORT.mergesort(MERGESORT.java:47)
	at java_programs.MERGESORT.mergesort(MERGESORT.java:47)
	at java_programs.MERGESORT.mergesort(MERGESORT.java:47)
	at java_programs.MERGESORT.mergesort(MERGESORT.java:47)
	at java_programs.MERGESORT.mergesort(MERGESORT.java:47)
	at java_programs.MERGESORT.mergesort(MERGESORT.java:47)
	at java_programs.MERGESORT.mergesort(MERGESORT.java:47)
	at java_programs.MERGESORT.mergesort(MERGESORT.java:47)
	at java_programs.MERGESORT.mergesort(MERGESORT.java:47)
	at java_programs.MERGESORT.mergesort(MERGESORT.java:47)
	at java_programs.MERGESORT.mergesort(MERGESORT.java:47)
	at java_programs.MERGESORT.mergesort(MERGESORT.java:47)
	at java_programs.MERGESORT.mergesort(MERGESORT.java:47)
	at java_programs.MERGESORT.mergesort(MERGESORT.java:47)
	at java_programs.MERGESORT.mergesort(MERGESORT.java:47)
	at java_programs.MERGESORT.mergesort(MERGESORT.java:47)
	at java_programs.MERGESORT.mergesort(MERGESORT.java:47)
	at java_programs.MERGESORT.mergesort(MERGESORT.java:47)
	at java_programs.MERGESORT.mergesort(MERGESORT.java:47)
	at java_programs.MERGESORT.mergesort(MERGESORT.java:47)
	at java_programs.MERGESORT.mergesort(MERGESORT.java:47)
	at java_programs.MERGESORT.mergesort(MERGESORT.java:47)
	at java_programs.MERGESORT.mergesort(MERGESORT.java:47)
	at java_programs.MERGESORT.mergesort(MERGESORT.java:47)
	at java_programs.MERGESORT.mergesort(MERGESORT.java:47)
	at java_programs.MERGESORT.mergesort(MERGESORT.java:47)
	at java_programs.MERGESORT.mergesort(MERGESORT.java:47)
	at java_programs.MERGESORT.mergesort(MERGESORT.java:47)
	at java_programs.MERGESORT.mergesort(MERGESORT.java:47)
	at java_programs.MERGESORT.mergesort(MERGESORT.java:47)
	at java_programs.MERGESORT.mergesort(MERGESORT.java:47)
	at java_programs.MERGESORT.mergesort(MERGESORT.java:47)
	at java_programs.MERGESORT.mergesort(MERGESORT.java:47)
	at java_programs.MERGESORT.mergesort(MERGESORT.java:47)
	at java_programs.MERGESORT.mergesort(MERGESORT.java:47)
	at java_programs.MERGESORT.mergesort(MERGESORT.java:47)
	at java_programs.MERGESORT.mergesort(MERGESORT.java:47)
	at java_programs.MERGESORT.mergesort(MERGESORT.java:47)
	at java_programs.MERGESORT.mergesort(MERGESORT.java:47)
	at java_programs.MERGESORT.mergesort(MERGESORT.java:47)
	at java_programs.MERGESORT.mergesort(MERGESORT.java:47)
	at java_programs.MERGESORT.mergesort(MERGESORT.java:47)
	at java_programs.MERGESORT.mergesort(MERGESORT.java:47)
	at java_programs.MERGESORT.mergesort(MERGESORT.java:47)
	at java_programs.MERGESORT.mergesort(MERGESORT.java:47)
	at java_programs.MERGESORT.mergesort(MERGESORT.java:47)
	at java_programs.MERGESORT.mergesort(MERGESORT.java:47)
	at java_programs.MERGESORT.mergesort(MERGESORT.java:47)
	at java_programs.MERGESORT.mergesort(MERGESORT.java:47)
	at java_programs.MERGESORT.mergesort(MERGESORT.java:47)
	at java_programs.MERGESORT.mergesort(MERGESORT.java:47)
	at java_programs.MERGESORT.mergesort(MERGESORT.java:47)
	at java_programs.MERGESORT.mergesort(MERGESORT.java:47)
	at java_programs.MERGESORT.mergesort(MERGESORT.java:47)
	at java_programs.MERGESORT.mergesort(MERGESORT.java:47)
	at java_programs.MERGESORT.mergesort(MERGESORT.java:47)
	at java_programs.MERGESORT.mergesort(MERGESORT.java:47)
	at java_programs.MERGESORT.mergesort(MERGESORT.java:47)
	at java_programs.MERGESORT.mergesort(MERGESORT.java:47)
	at java_programs.MERGESORT.mergesort(MERGESORT.java:47)
	at java_programs.MERGESORT.mergesort(MERGESORT.java:47)
	at java_programs.MERGESORT.mergesort(MERGESORT.java:47)
	at java_programs.MERGESORT.mergesort(MERGESORT.java:47)
	at java_programs.MERGESORT.mergesort(MERGESORT.java:47)
	at java_programs.MERGESORT.mergesort(MERGESORT.java:47)
	at java_programs.MERGESORT.mergesort(MERGESORT.java:47)
	at java_programs.MERGESORT.mergesort(MERGESORT.java:47)
	at java_programs.MERGESORT.mergesort(MERGESORT.java:47)
	at java_programs.MERGESORT.mergesort(MERGESORT.java:47)
	at java_programs.MERGESORT.mergesort(MERGESORT.java:47)
	at java_programs.MERGESORT.mergesort(MERGESORT.java:47)
	at java_programs.MERGESORT.mergesort(MERGESORT.java:47)
	at java_programs.MERGESORT.mergesort(MERGESORT.java:47)
	at java_programs.MERGESORT.mergesort(MERGESORT.java:47)
	at java_programs.MERGESORT.mergesort(MERGESORT.java:47)
	at java_programs.MERGESORT.mergesort(MERGESORT.java:47)
	at java_programs.MERGESORT.mergesort(MERGESORT.java:47)
	at java_programs.MERGESORT.mergesort(MERGESORT.java:47)
	at java_programs.MERGESORT.mergesort(MERGESORT.java:47)
	at java_programs.MERGESORT.mergesort(MERGESORT.java:47)
	at java_programs.MERGESORT.mergesort(MERGESORT.java:47)
	at java_programs.MERGESORT.mergesort(MERGESORT.java:47)
	at java_programs.MERGESORT.mergesort(MERGESORT.java:47)
	at java_programs.MERGESORT.mergesort(MERGESORT.java:47)
	at java_programs.MERGESORT.mergesort(MERGESORT.java:47)
	at java_programs.MERGESORT.mergesort(MERGESORT.java:47)
	at java_programs.MERGESORT.mergesort(MERGESORT.java:47)
	at java_programs.MERGESORT.mergesort(MERGESORT.java:47)
	at java_programs.MERGESORT.mergesort(MERGESORT.java:47)
	at java_programs.MERGESORT.mergesort(MERGESORT.java:47)
	at java_programs.MERGESORT.mergesort(MERGESORT.java:47)
	at java_programs.MERGESORT.mergesort(MERGESORT.java:47)
	at java_programs.MERGESORT.mergesort(MERGESORT.java:47)
	at java_programs.MERGESORT.mergesort(MERGESORT.java:47)
	at java_programs.MERGESORT.mergesort(MERGESORT.java:47)
	at java_programs.MERGESORT.mergesort(MERGESORT.java:47)
	at java_programs.MERGESORT.mergesort(MERGESORT.java:47)
	at java_programs.MERGESORT.mergesort(MERGESORT.java:47)
	at java_programs.MERGESORT.mergesort(MERGESORT.java:47)
	at java_programs.MERGESORT.mergesort(MERGESORT.java:47)
	at java_programs.MERGESORT.mergesort(MERGESORT.java:47)
	at java_programs.MERGESORT.mergesort(MERGESORT.java:47)
	at java_programs.MERGESORT.mergesort(MERGESORT.java:47)
	at java_programs.MERGESORT.mergesort(MERGESORT.java:47)
	at java_programs.MERGESORT.mergesort(MERGESORT.java:47)
	at java_programs.MERGESORT.mergesort(MERGESORT.java:47)
	at java_programs.MERGESORT.mergesort(MERGESORT.java:47)
	at java_programs.MERGESORT.mergesort(MERGESORT.java:47)
	at java_programs.MERGESORT.mergesort(MERGESORT.java:47)
	at java_programs.MERGESORT.mergesort(MERGESORT.java:47)
	at java_programs.MERGESORT.mergesort(MERGESORT.java:47)
	at java_programs.MERGESORT.mergesort(MERGESORT.java:47)
	at java_programs.MERGESORT.mergesort(MERGESORT.java:47)
	at java_programs.MERGESORT.mergesort(MERGESORT.java:47)
	at java_programs.MERGESORT.mergesort(MERGESORT.java:47)
	at java_programs.MERGESORT.mergesort(MERGESORT.java:47)
	at java_programs.MERGESORT.mergesort(MERGESORT.java:47)
	at java_programs.MERGESORT.mergesort(MERGESORT.java:47)
	at java_programs.MERGESORT.mergesort(MERGESORT.java:47)
	at java_programs.MERGESORT.mergesort(MERGESORT.java:47)
	at java_programs.MERGESORT.mergesort(MERGESORT.java:47)
	at java_programs.MERGESORT.mergesort(MERGESORT.java:47)
	at java_programs.MERGESORT.mergesort(MERGESORT.java:47)
	at java_programs.MERGESORT.mergesort(MERGESORT.java:47)
	at java_programs.MERGESORT.mergesort(MERGESORT.java:47)
	at java_programs.MERGESORT.mergesort(MERGESORT.java:47)
	at java_programs.MERGESORT.mergesort(MERGESORT.java:47)
	at java_programs.MERGESORT.mergesort(MERGESORT.java:47)
	at java_programs.MERGESORT.mergesort(MERGESORT.java:47)
	at java_programs.MERGESORT.mergesort(MERGESORT.java:47)
	at java_programs.MERGESORT.mergesort(MERGESORT.java:47)
	at java_programs.MERGESORT.mergesort(MERGESORT.java:47)
	at java_programs.MERGESORT.mergesort(MERGESORT.java:47)
	at java_programs.MERGESORT.mergesort(MERGESORT.java:47)
	at java_programs.MERGESORT.mergesort(MERGESORT.java:47)
	at java_programs.MERGESORT.mergesort(MERGESORT.java:47)
	at java_programs.MERGESORT.mergesort(MERGESORT.java:47)
	at java_programs.MERGESORT.mergesort(MERGESORT.java:47)
	at java_programs.MERGESORT.mergesort(MERGESORT.java:47)
	at java_programs.MERGESORT.mergesort(MERGESORT.java:47)
	at java_programs.MERGESORT.mergesort(MERGESORT.java:47)
	at java_programs.MERGESORT.mergesort(MERGESORT.java:47)
	at java_programs.MERGESORT.mergesort(MERGESORT.java:47)
	at java_programs.MERGESORT.mergesort(MERGESORT.java:47)
	at java_programs.MERGESORT.mergesort(MERGESORT.java:47)
	at java_programs.MERGESORT.mergesort(MERGESORT.java:47)
	at java_programs.MERGESORT.mergesort(MERGESORT.java:47)
	at java_programs.MERGESORT.mergesort(MERGESORT.java:47)
	at java_programs.MERGESORT.mergesort(MERGESORT.java:47)
	at java_programs.MERGESORT.mergesort(MERGESORT.java:47)
	at java_programs.MERGESORT.mergesort(MERGESORT.java:47)
	at java_programs.MERGESORT.mergesort(MERGESORT.java:47)
	at java_programs.MERGESORT.mergesort(MERGESORT.java:47)
	at java_programs.MERGESORT.mergesort(MERGESORT.java:47)
	at java_programs.MERGESORT.mergesort(MERGESORT.java:47)
	at java_programs.MERGESORT.mergesort(MERGESORT.java:47)
	at java_programs.MERGESORT.mergesort(MERGESORT.java:47)
	at java_programs.MERGESORT.mergesort(MERGESORT.java:47)
	at java_programs.MERGESORT.mergesort(MERGESORT.java:47)
	at java_programs.MERGESORT.mergesort(MERGESORT.java:47)
	at java_programs.MERGESORT.mergesort(MERGESORT.java:47)
	at java_programs.MERGESORT.mergesort(MERGESORT.java:47)
	at java_programs.MERGESORT.mergesort(MERGESORT.java:47)
	at java_programs.MERGESORT.mergesort(MERGESORT.java:47)
	at java_programs.MERGESORT.mergesort(MERGESORT.java:47)
	at java_programs.MERGESORT.mergesort(MERGESORT.java:47)
	at java_programs.MERGESORT.mergesort(MERGESORT.java:47)
	at java_programs.MERGESORT.mergesort(MERGESORT.java:47)
	at java_programs.MERGESORT.mergesort(MERGESORT.java:47)
	at java_programs.MERGESORT.mergesort(MERGESORT.java:47)
	at java_programs.MERGESORT.mergesort(MERGESORT.java:47)
	at java_programs.MERGESORT.mergesort(MERGESORT.java:47)
	at java_programs.MERGESORT.mergesort(MERGESORT.java:47)
	at java_programs.MERGESORT.mergesort(MERGESORT.java:47)
	at java_programs.MERGESORT.mergesort(MERGESORT.java:47)
	at java_programs.MERGESORT.mergesort(MERGESORT.java:47)
	at java_programs.MERGESORT.mergesort(MERGESORT.java:47)
	at java_programs.MERGESORT.mergesort(MERGESORT.java:47)
	at java_programs.MERGESORT.mergesort(MERGESORT.java:47)
	at java_programs.MERGESORT.mergesort(MERGESORT.java:47)
	at java_programs.MERGESORT.mergesort(MERGESORT.java:47)
	at java_programs.MERGESORT.mergesort(MERGESORT.java:47)
	at java_programs.MERGESORT.mergesort(MERGESORT.java:47)
	at java_programs.MERGESORT.mergesort(MERGESORT.java:47)
	at java_programs.MERGESORT.mergesort(MERGESORT.java:47)
	at java_programs.MERGESORT.mergesort(MERGESORT.java:47)
	at java_programs.MERGESORT.mergesort(MERGESORT.java:47)
	at java_programs.MERGESORT.mergesort(MERGESORT.java:47)
	at java_programs.MERGESORT.mergesort(MERGESORT.java:47)
	at java_programs.MERGESORT.mergesort(MERGESORT.java:47)
	at java_programs.MERGESORT.mergesort(MERGESORT.java:47)
	at java_programs.MERGESORT.mergesort(MERGESORT.java:47)
	at java_programs.MERGESORT.mergesort(MERGESORT.java:47)
	at java_programs.MERGESORT.mergesort(MERGESORT.java:47)
	at java_programs.MERGESORT.mergesort(MERGESORT.java:47)
	at java_programs.MERGESORT.mergesort(MERGESORT.java:47)
	at java_programs.MERGESORT.mergesort(MERGESORT.java:47)
	at java_programs.MERGESORT.mergesort(MERGESORT.java:47)
	at java_programs.MERGESORT.mergesort(MERGESORT.java:47)
	at java_programs.MERGESORT.mergesort(MERGESORT.java:47)
	at java_programs.MERGESORT.mergesort(MERGESORT.java:47)
	at java_programs.MERGESORT.mergesort(MERGESORT.java:47)
	at java_programs.MERGESORT.mergesort(MERGESORT.java:47)
	at java_programs.MERGESORT.mergesort(MERGESORT.java:47)
	at java_programs.MERGESORT.mergesort(MERGESORT.java:47)
	at java_programs.MERGESORT.mergesort(MERGESORT.java:47)
	at java_programs.MERGESORT.mergesort(MERGESORT.java:47)
	at java_programs.MERGESORT.mergesort(MERGESORT.java:47)
	at java_programs.MERGESORT.mergesort(MERGESORT.java:47)
	at java_programs.MERGESORT.mergesort(MERGESORT.java:47)
	at java_programs.MERGESORT.mergesort(MERGESORT.java:47)
	at java_programs.MERGESORT.mergesort(MERGESORT.java:47)
	at java_programs.MERGESORT.mergesort(MERGESORT.java:47)
	at java_programs.MERGESORT.mergesort(MERGESORT.java:47)
	at java_programs.MERGESORT.mergesort(MERGESORT.java:47)
	at java_programs.MERGESORT.mergesort(MERGESORT.java:47)
	at java_programs.MERGESORT.mergesort(MERGESORT.java:47)
	at java_programs.MERGESORT.mergesort(MERGESORT.java:47)
	at java_programs.MERGESORT.mergesort(MERGESORT.java:47)
	at java_programs.MERGESORT.mergesort(MERGESORT.java:47)
	at java_programs.MERGESORT.mergesort(MERGESORT.java:47)
	at java_programs.MERGESORT.mergesort(MERGESORT.java:47)
	at java_programs.MERGESORT.mergesort(MERGESORT.java:47)
	at java_programs.MERGESORT.mergesort(MERGESORT.java:47)
	at java_programs.MERGESORT.mergesort(MERGESORT.java:47)
	at java_programs.MERGESORT.mergesort(MERGESORT.java:47)
	at java_programs.MERGESORT.mergesort(MERGESORT.java:47)
	at java_programs.MERGESORT.mergesort(MERGESORT.java:47)
	at java_programs.MERGESORT.mergesort(MERGESORT.java:47)
	at java_programs.MERGESORT.mergesort(MERGESORT.java:47)
	at java_programs.MERGESORT.mergesort(MERGESORT.java:47)
	at java_programs.MERGESORT.mergesort(MERGESORT.java:47)
	at java_programs.MERGESORT.mergesort(MERGESORT.java:47)
	at java_programs.MERGESORT.mergesort(MERGESORT.java:47)
	at java_programs.MERGESORT.mergesort(MERGESORT.java:47)
	at java_programs.MERGESORT.mergesort(MERGESORT.java:47)
	at java_programs.MERGESORT.mergesort(MERGESORT.java:47)
	at java_programs.MERGESORT.mergesort(MERGESORT.java:47)
	at java_programs.MERGESORT.mergesort(MERGESORT.java:47)
	at java_programs.MERGESORT.mergesort(MERGESORT.java:47)
	at java_programs.MERGESORT.mergesort(MERGESORT.java:47)
	at java_programs.MERGESORT.mergesort(MERGESORT.java:47)
	at java_programs.MERGESORT.mergesort(MERGESORT.java:47)
	at java_programs.MERGESORT.mergesort(MERGESORT.java:47)
	at java_programs.MERGESORT.mergesort(MERGESORT.java:47)
	at java_programs.MERGESORT.mergesort(MERGESORT.java:47)
	at java_programs.MERGESORT.mergesort(MERGESORT.java:47)
	at java_programs.MERGESORT.mergesort(MERGESORT.java:47)
	at java_programs.MERGESORT.mergesort(MERGESORT.java:47)
	at java_programs.MERGESORT.mergesort(MERGESORT.java:47)
	at java_programs.MERGESORT.mergesort(MERGESORT.java:47)
	at java_programs.MERGESORT.mergesort(MERGESORT.java:47)
	at java_programs.MERGESORT.mergesort(MERGESORT.java:47)
	at java_programs.MERGESORT.mergesort(MERGESORT.java:47)
	at java_programs.MERGESORT.mergesort(MERGESORT.java:47)
	at java_programs.MERGESORT.mergesort(MERGESORT.java:47)
	at java_programs.MERGESORT.mergesort(MERGESORT.java:47)
	at java_programs.MERGESORT.mergesort(MERGESORT.java:47)
	at java_programs.MERGESORT.mergesort(MERGESORT.java:47)
	at java_programs.MERGESORT.mergesort(MERGESORT.java:47)
	at java_programs.MERGESORT.mergesort(MERGESORT.java:47)
	at java_programs.MERGESORT.mergesort(MERGESORT.java:47)
	at java_programs.MERGESORT.mergesort(MERGESORT.java:47)
	at java_programs.MERGESORT.mergesort(MERGESORT.java:47)
	at java_programs.MERGESORT.mergesort(MERGESORT.java:47)
	at java_programs.MERGESORT.mergesort(MERGESORT.java:47)
	at java_programs.MERGESORT.mergesort(MERGESORT.java:47)
	at java_programs.MERGESORT.mergesort(MERGESORT.java:47)
	at java_programs.MERGESORT.mergesort(MERGESORT.java:47)
	at java_programs.MERGESORT.mergesort(MERGESORT.java:47)
	at java_programs.MERGESORT.mergesort(MERGESORT.java:47)
	at java_programs.MERGESORT.mergesort(MERGESORT.java:47)
	at java_programs.MERGESORT.mergesort(MERGESORT.java:47)
	at java_programs.MERGESORT.mergesort(MERGESORT.java:47)
	at java_programs.MERGESORT.mergesort(MERGESORT.java:47)
	at java_programs.MERGESORT.mergesort(MERGESORT.java:47)
	at java_programs.MERGESORT.mergesort(MERGESORT.java:47)
	at java_programs.MERGESORT.mergesort(MERGESORT.java:47)
	at java_programs.MERGESORT.mergesort(MERGESORT.java:47)
	at java_programs.MERGESORT.mergesort(MERGESORT.java:47)
	at java_programs.MERGESORT.mergesort(MERGESORT.java:47)
	at java_programs.MERGESORT.mergesort(MERGESORT.java:47)
	at java_programs.MERGESORT.mergesort(MERGESORT.java:47)
	at java_programs.MERGESORT.mergesort(MERGESORT.java:47)
	at java_programs.MERGESORT.mergesort(MERGESORT.java:47)
	at java_programs.MERGESORT.mergesort(MERGESORT.java:47)
	at java_programs.MERGESORT.mergesort(MERGESORT.java:47)
	at java_programs.MERGESORT.mergesort(MERGESORT.java:47)
	at java_programs.MERGESORT.mergesort(MERGESORT.java:47)
	at java_programs.MERGESORT.mergesort(MERGESORT.java:47)
	at java_programs.MERGESORT.mergesort(MERGESORT.java:47)
	at java_programs.MERGESORT.mergesort(MERGESORT.java:47)
	at java_programs.MERGESORT.mergesort(MERGESORT.java:47)
	at java_programs.MERGESORT.mergesort(MERGESORT.java:47)
	at java_programs.MERGESORT.mergesort(MERGESORT.java:47)
	at java_programs.MERGESORT.mergesort(MERGESORT.java:47)
	at java_programs.MERGESORT.mergesort(MERGESORT.java:47)
	at java_programs.MERGESORT.mergesort(MERGESORT.java:47)
	at java_programs.MERGESORT.mergesort(MERGESORT.java:47)
	at java_programs.MERGESORT.mergesort(MERGESORT.java:47)
	at java_programs.MERGESORT.mergesort(MERGESORT.java:47)
	at java_programs.MERGESORT.mergesort(MERGESORT.java:47)
	at java_programs.MERGESORT.mergesort(MERGESORT.java:47)
	at java_programs.MERGESORT.mergesort(MERGESORT.java:47)
	at java_programs.MERGESORT.mergesort(MERGESORT.java:47)
	at java_programs.MERGESORT.mergesort(MERGESORT.java:47)
	at java_programs.MERGESORT.mergesort(MERGESORT.java:47)
	at java_programs.MERGESORT.mergesort(MERGESORT.java:47)
	at java_programs.MERGESORT.mergesort(MERGESORT.java:47)
	at java_programs.MERGESORT.mergesort(MERGESORT.java:47)
	at java_programs.MERGESORT.mergesort(MERGESORT.java:47)
	at java_programs.MERGESORT.mergesort(MERGESORT.java:47)
	at java_programs.MERGESORT.mergesort(MERGESORT.java:47)
	at java_programs.MERGESORT.mergesort(MERGESORT.java:47)
	at java_programs.MERGESORT.mergesort(MERGESORT.java:47)
	at java_programs.MERGESORT.mergesort(MERGESORT.java:47)
	at java_programs.MERGESORT.mergesort(MERGESORT.java:47)
	at java_programs.MERGESORT.mergesort(MERGESORT.java:47)
	at java_programs.MERGESORT.mergesort(MERGESORT.java:47)
	at java_programs.MERGESORT.mergesort(MERGESORT.java:47)
	at java_programs.MERGESORT.mergesort(MERGESORT.java:47)
	at java_programs.MERGESORT.mergesort(MERGESORT.java:47)
	at java_programs.MERGESORT.mergesort(MERGESORT.java:47)
	at java_programs.MERGESORT.mergesort(MERGESORT.java:47)
	at java_programs.MERGESORT.mergesort(MERGESORT.java:47)
	at java_programs.MERGESORT.mergesort(MERGESORT.java:47)
	at java_programs.MERGESORT.mergesort(MERGESORT.java:47)
	at java_programs.MERGESORT.mergesort(MERGESORT.java:47)
	at java_programs.MERGESORT.mergesort(MERGESORT.java:47)
	at java_programs.MERGESORT.mergesort(MERGESORT.java:47)
	at java_programs.MERGESORT.mergesort(MERGESORT.java:47)
	at java_programs.MERGESORT.mergesort(MERGESORT.java:47)
	at java_programs.MERGESORT.mergesort(MERGESORT.java:47)
	at java_programs.MERGESORT.mergesort(MERGESORT.java:47)
	at java_programs.MERGESORT.mergesort(MERGESORT.java:47)
	at java_programs.MERGESORT.mergesort(MERGESORT.java:47)
	at java_programs.MERGESORT.mergesort(MERGESORT.java:47)
	at java_programs.MERGESORT.mergesort(MERGESORT.java:47)
	at java_programs.MERGESORT.mergesort(MERGESORT.java:47)
	at java_programs.MERGESORT.mergesort(MERGESORT.java:47)
	at java_programs.MERGESORT.mergesort(MERGESORT.java:47)
	at java_programs.MERGESORT.mergesort(MERGESORT.java:47)
	at java_programs.MERGESORT.mergesort(MERGESORT.java:47)
	at java_programs.MERGESORT.mergesort(MERGESORT.java:47)
	at java_programs.MERGESORT.mergesort(MERGESORT.java:47)
	at java_programs.MERGESORT.mergesort(MERGESORT.java:47)
	at java_programs.MERGESORT.mergesort(MERGESORT.java:47)
	at java_programs.MERGESORT.mergesort(MERGESORT.java:47)
	at java_programs.MERGESORT.mergesort(MERGESORT.java:47)
	at java_programs.MERGESORT.mergesort(MERGESORT.java:47)
	at java_programs.MERGESORT.mergesort(MERGESORT.java:47)
	at java_programs.MERGESORT.mergesort(MERGESORT.java:47)
	at java_programs.MERGESORT.mergesort(MERGESORT.java:47)
	at java_programs.MERGESORT.mergesort(MERGESORT.java:47)
	at java_programs.MERGESORT.mergesort(MERGESORT.java:47)
	at java_programs.MERGESORT.mergesort(MERGESORT.java:47)
	at java_programs.MERGESORT.mergesort(MERGESORT.java:47)
	at java_programs.MERGESORT.mergesort(MERGESORT.java:47)
	at java_programs.MERGESORT.mergesort(MERGESORT.java:47)
	at java_programs.MERGESORT.mergesort(MERGESORT.java:47)
	at java_programs.MERGESORT.mergesort(MERGESORT.java:47)
	at java_programs.MERGESORT.mergesort(MERGESORT.java:47)
	at java_programs.MERGESORT.mergesort(MERGESORT.java:47)
	at java_programs.MERGESORT.mergesort(MERGESORT.java:47)
	at java_programs.MERGESORT.mergesort(MERGESORT.java:47)
	at java_programs.MERGESORT.mergesort(MERGESORT.java:47)
	at java_programs.MERGESORT.mergesort(MERGESORT.java:47)
	at java_programs.MERGESORT.mergesort(MERGESORT.java:47)
	at java_programs.MERGESORT.mergesort(MERGESORT.java:47)
	at java_programs.MERGESORT.mergesort(MERGESORT.java:47)
	at java_programs.MERGESORT.mergesort(MERGESORT.java:47)
	at java_programs.MERGESORT.mergesort(MERGESORT.java:47)
	at java_programs.MERGESORT.mergesort(MERGESORT.java:47)
	at java_programs.MERGESORT.mergesort(MERGESORT.java:47)
	at java_programs.MERGESORT.mergesort(MERGESORT.java:47)
	at java_programs.MERGESORT.mergesort(MERGESORT.java:47)
	at java_programs.MERGESORT.mergesort(MERGESORT.java:47)
	at java_programs.MERGESORT.mergesort(MERGESORT.java:47)
	at java_programs.MERGESORT.mergesort(MERGESORT.java:47)
	at java_programs.MERGESORT.mergesort(MERGESORT.java:47)
	at java_programs.MERGESORT.mergesort(MERGESORT.java:47)
	at java_programs.MERGESORT.mergesort(MERGESORT.java:47)
	at java_programs.MERGESORT.mergesort(MERGESORT.java:47)
	at java_programs.MERGESORT.mergesort(MERGESORT.java:47)
	at java_programs.MERGESORT.mergesort(MERGESORT.java:47)
	at java_programs.MERGESORT.mergesort(MERGESORT.java:47)
	at java_programs.MERGESORT.mergesort(MERGESORT.java:47)
	at java_programs.MERGESORT.mergesort(MERGESORT.java:47)
	at java_programs.MERGESORT.mergesort(MERGESORT.java:47)
	at java_programs.MERGESORT.mergesort(MERGESORT.java:47)
	at java_programs.MERGESORT.mergesort(MERGESORT.java:47)
	at java_programs.MERGESORT.mergesort(MERGESORT.java:47)
	at java_programs.MERGESORT.mergesort(MERGESORT.java:47)
	at java_programs.MERGESORT.mergesort(MERGESORT.java:47)
	at java_programs.MERGESORT.mergesort(MERGESORT.java:47)
	at java_programs.MERGESORT.mergesort(MERGESORT.java:47)
	at java_programs.MERGESORT.mergesort(MERGESORT.java:47)
	at java_programs.MERGESORT.mergesort(MERGESORT.java:47)
	at java_programs.MERGESORT.mergesort(MERGESORT.java:47)
	at java_programs.MERGESORT.mergesort(MERGESORT.java:47)
	at java_programs.MERGESORT.mergesort(MERGESORT.java:47)
	at java_programs.MERGESORT.mergesort(MERGESORT.java:47)
	at java_programs.MERGESORT.mergesort(MERGESORT.java:47)
	at java_programs.MERGESORT.mergesort(MERGESORT.java:47)
	at java_programs.MERGESORT.mergesort(MERGESORT.java:47)
	at java_programs.MERGESORT.mergesort(MERGESORT.java:47)
	at java_programs.MERGESORT.mergesort(MERGESORT.java:47)
	at java_programs.MERGESORT.mergesort(MERGESORT.java:47)
	at java_programs.MERGESORT.mergesort(MERGESORT.java:47)
	at java_programs.MERGESORT.mergesort(MERGESORT.java:47)
	at java_programs.MERGESORT.mergesort(MERGESORT.java:47)
	at java_programs.MERGESORT.mergesort(MERGESORT.java:47)
	at java_programs.MERGESORT.mergesort(MERGESORT.java:47)
	at java_programs.MERGESORT.mergesort(MERGESORT.java:47)
	at java_programs.MERGESORT.mergesort(MERGESORT.java:47)
	at java_programs.MERGESORT.mergesort(MERGESORT.java:47)
	at java_programs.MERGESORT.mergesort(MERGESORT.java:47)
	at java_programs.MERGESORT.mergesort(MERGESORT.java:47)
	at java_programs.MERGESORT.mergesort(MERGESORT.java:47)
	at java_programs.MERGESORT.mergesort(MERGESORT.java:47)
	at java_programs.MERGESORT.mergesort(MERGESORT.java:47)
	at java_programs.MERGESORT.mergesort(MERGESORT.java:47)
	at java_programs.MERGESORT.mergesort(MERGESORT.java:47)
	at java_programs.MERGESORT.mergesort(MERGESORT.java:47)
	at java_programs.MERGESORT.mergesort(MERGESORT.java:47)
	at java_programs.MERGESORT.mergesort(MERGESORT.java:47)
	at java_programs.MERGESORT.mergesort(MERGESORT.java:47)
	at java_programs.MERGESORT.mergesort(MERGESORT.java:47)
	at java_programs.MERGESORT.mergesort(MERGESORT.java:47)
	at java_programs.MERGESORT.mergesort(MERGESORT.java:47)
	at java_programs.MERGESORT.mergesort(MERGESORT.java:47)
	at java_programs.MERGESORT.mergesort(MERGESORT.java:47)
	at java_programs.MERGESORT.mergesort(MERGESORT.java:47)
	at java_programs.MERGESORT.mergesort(MERGESORT.java:47)
	at java_programs.MERGESORT.mergesort(MERGESORT.java:47)
	at java_programs.MERGESORT.mergesort(MERGESORT.java:47)
	at java_programs.MERGESORT.mergesort(MERGESORT.java:47)
	at java_programs.MERGESORT.mergesort(MERGESORT.java:47)
	at java_programs.MERGESORT.mergesort(MERGESORT.java:47)
	at java_programs.MERGESORT.mergesort(MERGESORT.java:47)
	at java_programs.MERGESORT.mergesort(MERGESORT.java:47)
	at java_programs.MERGESORT.mergesort(MERGESORT.java:47)
	at java_programs.MERGESORT.mergesort(MERGESORT.java:47)
	at java_programs.MERGESORT.mergesort(MERGESORT.java:47)
	at java_programs.MERGESORT.mergesort(MERGESORT.java:47)
	at java_programs.MERGESORT.mergesort(MERGESORT.java:47)
	at java_programs.MERGESORT.mergesort(MERGESORT.java:47)
	at java_programs.MERGESORT.mergesort(MERGESORT.java:47)
	at java_programs.MERGESORT.mergesort(MERGESORT.java:47)
	at java_programs.MERGESORT.mergesort(MERGESORT.java:47)
	at java_programs.MERGESORT.mergesort(MERGESORT.java:47)
	at java_programs.MERGESORT.mergesort(MERGESORT.java:47)
	at java_programs.MERGESORT.mergesort(MERGESORT.java:47)
	at java_programs.MERGESORT.mergesort(MERGESORT.java:47)
	at java_programs.MERGESORT.mergesort(MERGESORT.java:47)
	at java_programs.MERGESORT.mergesort(MERGESORT.java:47)
	at java_programs.MERGESORT.mergesort(MERGESORT.java:47)
	at java_programs.MERGESORT.mergesort(MERGESORT.java:47)
	at java_programs.MERGESORT.mergesort(MERGESORT.java:47)
	at java_programs.MERGESORT.mergesort(MERGESORT.java:47)
	at java_programs.MERGESORT.mergesort(MERGESORT.java:47)
	at java_programs.MERGESORT.mergesort(MERGESORT.java:47)
	at java_programs.MERGESORT.mergesort(MERGESORT.java:47)
	at java_programs.MERGESORT.mergesort(MERGESORT.java:47)
	at java_programs.MERGESORT.mergesort(MERGESORT.java:47)
	at java_programs.MERGESORT.mergesort(MERGESORT.java:47)
	at java_programs.MERGESORT.mergesort(MERGESORT.java:47)
	at java_programs.MERGESORT.mergesort(MERGESORT.java:47)
	at java_programs.MERGESORT.mergesort(MERGESORT.java:47)
	at java_programs.MERGESORT.mergesort(MERGESORT.java:47)
	at java_programs.MERGESORT.mergesort(MERGESORT.java:47)
	at java_programs.MERGESORT.mergesort(MERGESORT.java:47)
	at java_programs.MERGESORT.mergesort(MERGESORT.java:47)
	at java_programs.MERGESORT.mergesort(MERGESORT.java:47)
	at java_programs.MERGESORT.mergesort(MERGESORT.java:47)
	at java_programs.MERGESORT.mergesort(MERGESORT.java:47)
	at java_programs.MERGESORT.mergesort(MERGESORT.java:47)
	at java_programs.MERGESORT.mergesort(MERGESORT.java:47)
	at java_programs.MERGESORT.mergesort(MERGESORT.java:47)
	at java_programs.MERGESORT.mergesort(MERGESORT.java:47)
	at java_programs.MERGESORT.mergesort(MERGESORT.java:47)
	at java_programs.MERGESORT.mergesort(MERGESORT.java:47)
	at java_programs.MERGESORT.mergesort(MERGESORT.java:47)
	at java_programs.MERGESORT.mergesort(MERGESORT.java:47)
	at java_programs.MERGESORT.mergesort(MERGESORT.java:47)
	at java_programs.MERGESORT.mergesort(MERGESORT.java:47)
	at java_programs.MERGESORT.mergesort(MERGESORT.java:47)
	at java_programs.MERGESORT.mergesort(MERGESORT.java:47)
	at java_programs.MERGESORT.mergesort(MERGESORT.java:47)
	at java_programs.MERGESORT.mergesort(MERGESORT.java:47)
	at java_programs.MERGESORT.mergesort(MERGESORT.java:47)
	at java_programs.MERGESORT.mergesort(MERGESORT.java:47)
	at java_programs.MERGESORT.mergesort(MERGESORT.java:47)
	at java_programs.MERGESORT.mergesort(MERGESORT.java:47)
	at java_programs.MERGESORT.mergesort(MERGESORT.java:47)
	at java_programs.MERGESORT.mergesort(MERGESORT.java:47)
	at java_programs.MERGESORT.mergesort(MERGESORT.java:47)
	at java_programs.MERGESORT.mergesort(MERGESORT.java:47)
	at java_programs.MERGESORT.mergesort(MERGESORT.java:47)
	at java_programs.MERGESORT.mergesort(MERGESORT.java:47)
	at java_programs.MERGESORT.mergesort(MERGESORT.java:47)
	at java_programs.MERGESORT.mergesort(MERGESORT.java:47)
	at java_programs.MERGESORT.mergesort(MERGESORT.java:47)
	at java_programs.MERGESORT.mergesort(MERGESORT.java:47)
	at java_programs.MERGESORT.mergesort(MERGESORT.java:47)
	at java_programs.MERGESORT.mergesort(MERGESORT.java:47)
	at java_programs.MERGESORT.mergesort(MERGESORT.java:47)
	at java_programs.MERGESORT.mergesort(MERGESORT.java:47)
	at java_programs.MERGESORT.mergesort(MERGESORT.java:47)
	at java_programs.MERGESORT.mergesort(MERGESORT.java:47)
	at java_programs.MERGESORT.mergesort(MERGESORT.java:47)
	at java_programs.MERGESORT.mergesort(MERGESORT.java:47)
	at java_programs.MERGESORT.mergesort(MERGESORT.java:47)
	at java_programs.MERGESORT.mergesort(MERGESORT.java:47)
	at java_programs.MERGESORT.mergesort(MERGESORT.java:47)
	at java_programs.MERGESORT.mergesort(MERGESORT.java:47)
	at java_programs.MERGESORT.mergesort(MERGESORT.java:47)
	at java_programs.MERGESORT.mergesort(MERGESORT.java:47)
	at java_programs.MERGESORT.mergesort(MERGESORT.java:47)
	at java_programs.MERGESORT.mergesort(MERGESORT.java:47)
	at java_programs.MERGESORT.mergesort(MERGESORT.java:47)
	at java_programs.MERGESORT.mergesort(MERGESORT.java:47)
	at java_programs.MERGESORT.mergesort(MERGESORT.java:47)
	at java_programs.MERGESORT.mergesort(MERGESORT.java:47)
	at java_programs.MERGESORT.mergesort(MERGESORT.java:47)
	at java_programs.MERGESORT.mergesort(MERGESORT.java:47)
	at java_programs.MERGESORT.mergesort(MERGESORT.java:47)
	at java_programs.MERGESORT.mergesort(MERGESORT.java:47)
	at java_programs.MERGESORT.mergesort(MERGESORT.java:47)
	at java_programs.MERGESORT.mergesort(MERGESORT.java:47)
	at java_programs.MERGESORT.mergesort(MERGESORT.java:47)
	at java_programs.MERGESORT.mergesort(MERGESORT.java:47)
	at java_programs.MERGESORT.mergesort(MERGESORT.java:47)
	at java_programs.MERGESORT.mergesort(MERGESORT.java:47)
	at java_programs.MERGESORT.mergesort(MERGESORT.java:47)
	at java_programs.MERGESORT.mergesort(MERGESORT.java:47)
	at java_programs.MERGESORT.mergesort(MERGESORT.java:47)
	at java_programs.MERGESORT.mergesort(MERGESORT.java:47)
	at java_programs.MERGESORT.mergesort(MERGESORT.java:47)
	at java_programs.MERGESORT.mergesort(MERGESORT.java:47)
	at java_programs.MERGESORT.mergesort(MERGESORT.java:47)
	at java_programs.MERGESORT.mergesort(MERGESORT.java:47)
	at java_programs.MERGESORT.mergesort(MERGESORT.java:47)
	at java_programs.MERGESORT.mergesort(MERGESORT.java:47)
	at java_programs.MERGESORT.mergesort(MERGESORT.java:47)
	at java_programs.MERGESORT.mergesort(MERGESORT.java:47)
	at java_programs.MERGESORT.mergesort(MERGESORT.java:47)
	at java_programs.MERGESORT.mergesort(MERGESORT.java:47)
	at java_programs.MERGESORT.mergesort(MERGESORT.java:47)
	at java_programs.MERGESORT.mergesort(MERGESORT.java:47)
	at java_programs.MERGESORT.mergesort(MERGESORT.java:47)
	at java_programs.MERGESORT.mergesort(MERGESORT.java:47)
	at java_programs.MERGESORT.mergesort(MERGESORT.java:47)
	at java_programs.MERGESORT.mergesort(MERGESORT.java:47)
	at java_programs.MERGESORT.mergesort(MERGESORT.java:47)
	at java_programs.MERGESORT.mergesort(MERGESORT.java:47)
	at java_programs.MERGESORT.mergesort(MERGESORT.java:47)
	at java_programs.MERGESORT.mergesort(MERGESORT.java:47)
	at java_programs.MERGESORT.mergesort(MERGESORT.java:47)
	at java_programs.MERGESORT.mergesort(MERGESORT.java:47)
	at java_programs.MERGESORT.mergesort(MERGESORT.java:47)
	at java_programs.MERGESORT.mergesort(MERGESORT.java:47)
	at java_programs.MERGESORT.mergesort(MERGESORT.java:47)
	at java_programs.MERGESORT.mergesort(MERGESORT.java:47)
	at java_programs.MERGESORT.mergesort(MERGESORT.java:47)
	at java_programs.MERGESORT.mergesort(MERGESORT.java:47)
	at java_programs.MERGESORT.mergesort(MERGESORT.java:47)
	at java_programs.MERGESORT.mergesort(MERGESORT.java:47)
	at java_programs.MERGESORT.mergesort(MERGESORT.java:47)
	at java_programs.MERGESORT.mergesort(MERGESORT.java:47)
	at java_programs.MERGESORT.mergesort(MERGESORT.java:47)
	at java_programs.MERGESORT.mergesort(MERGESORT.java:47)
	at java_programs.MERGESORT.mergesort(MERGESORT.java:47)
	at java_programs.MERGESORT.mergesort(MERGESORT.java:47)
	at java_programs.MERGESORT.mergesort(MERGESORT.java:47)
	at java_programs.MERGESORT.mergesort(MERGESORT.java:47)
	at java_programs.MERGESORT.mergesort(MERGESORT.java:47)
	at java_programs.MERGESORT.mergesort(MERGESORT.java:47)
	at java_programs.MERGESORT.mergesort(MERGESORT.java:47)
	at java_programs.MERGESORT.mergesort(MERGESORT.java:47)
	at java_programs.MERGESORT.mergesort(MERGESORT.java:47)
	at java_programs.MERGESORT.mergesort(MERGESORT.java:47)
	at java_programs.MERGESORT.mergesort(MERGESORT.java:47)
	at java_programs.MERGESORT.mergesort(MERGESORT.java:47)
	at java_programs.MERGESORT.mergesort(MERGESORT.java:47)
	at java_programs.MERGESORT.mergesort(MERGESORT.java:47)
	at java_programs.MERGESORT.mergesort(MERGESORT.java:47)
	at java_programs.MERGESORT.mergesort(MERGESORT.java:47)
	at java_programs.MERGESORT.mergesort(MERGESORT.java:47)
	at java_programs.MERGESORT.mergesort(MERGESORT.java:47)
	at java_programs.MERGESORT.mergesort(MERGESORT.java:47)
	at java_programs.MERGESORT.mergesort(MERGESORT.java:47)
	at java_programs.MERGESORT.mergesort(MERGESORT.java:47)
	at java_programs.MERGESORT.mergesort(MERGESORT.java:47)
	at java_programs.MERGESORT.mergesort(MERGESORT.java:47)
	at java_programs.MERGESORT.mergesort(MERGESORT.java:47)
	at java_programs.MERGESORT.mergesort(MERGESORT.java:47)
	at java_programs.MERGESORT.mergesort(MERGESORT.java:47)
	at java_programs.MERGESORT.mergesort(MERGESORT.java:47)
	at java_programs.MERGESORT.mergesort(MERGESORT.java:47)
	at java_programs.MERGESORT.mergesort(MERGESORT.java:47)
	at java_programs.MERGESORT.mergesort(MERGESORT.java:47)
	at java_programs.MERGESORT.mergesort(MERGESORT.java:47)
	at java_programs.MERGESORT.mergesort(MERGESORT.java:47)
	at java_programs.MERGESORT.mergesort(MERGESORT.java:47)
	at java_programs.MERGESORT.mergesort(MERGESORT.java:47)
	at java_programs.MERGESORT.mergesort(MERGESORT.java:47)
	at java_programs.MERGESORT.mergesort(MERGESORT.java:47)
	at java_programs.MERGESORT.mergesort(MERGESORT.java:47)
	at java_programs.MERGESORT.mergesort(MERGESORT.java:47)
	at java_programs.MERGESORT.mergesort(MERGESORT.java:47)
	at java_programs.MERGESORT.mergesort(MERGESORT.java:47)
	at java_programs.MERGESORT.mergesort(MERGESORT.java:47)
	at java_programs.MERGESORT.mergesort(MERGESORT.java:47)
	at java_programs.MERGESORT.mergesort(MERGESORT.java:47)
	at java_programs.MERGESORT.mergesort(MERGESORT.java:47)
	at java_programs.MERGESORT.mergesort(MERGESORT.java:47)
	at java_programs.MERGESORT.mergesort(MERGESORT.java:47)
	at java_programs.MERGESORT.mergesort(MERGESORT.java:47)
	at java_programs.MERGESORT.mergesort(MERGESORT.java:47)
	at java_programs.MERGESORT.mergesort(MERGESORT.java:47)
	at java_programs.MERGESORT.mergesort(MERGESORT.java:47)
	at java_programs.MERGESORT.mergesort(MERGESORT.java:47)
	at java_programs.MERGESORT.mergesort(MERGESORT.java:47)
	at java_programs.MERGESORT.mergesort(MERGESORT.java:47)
	at java_programs.MERGESORT.mergesort(MERGESORT.java:47)
	at java_programs.MERGESORT.mergesort(MERGESORT.java:47)
	at java_programs.MERGESORT.mergesort(MERGESORT.java:47)
	at java_programs.MERGESORT.mergesort(MERGESORT.java:47)
	at java_programs.MERGESORT.mergesort(MERGESORT.java:47)
	at java_programs.MERGESORT.mergesort(MERGESORT.java:47)
	at java_programs.MERGESORT.mergesort(MERGESORT.java:47)
	at java_programs.MERGESORT.mergesort(MERGESORT.java:47)
	at java_programs.MERGESORT.mergesort(MERGESORT.java:47)
	at java_programs.MERGESORT.mergesort(MERGESORT.java:47)
	at java_programs.MERGESORT.mergesort(MERGESORT.java:47)
	at java_programs.MERGESORT.mergesort(MERGESORT.java:47)
	at java_programs.MERGESORT.mergesort(MERGESORT.java:47)
	at java_programs.MERGESORT.mergesort(MERGESORT.java:47)
	at java_programs.MERGESORT.mergesort(MERGESORT.java:47)
	at java_programs.MERGESORT.mergesort(MERGESORT.java:47)
	at java_programs.MERGESORT.mergesort(MERGESORT.java:47)
	at java_programs.MERGESORT.mergesort(MERGESORT.java:47)
	at java_programs.MERGESORT.mergesort(MERGESORT.java:47)
	at java_programs.MERGESORT.mergesort(MERGESORT.java:47)
	at java_programs.MERGESORT.mergesort(MERGESORT.java:47)
	at java_programs.MERGESORT.mergesort(MERGESORT.java:47)
	at java_programs.MERGESORT.mergesort(MERGESORT.java:47)
	at java_programs.MERGESORT.mergesort(MERGESORT.java:47)
	at java_programs.MERGESORT.mergesort(MERGESORT.java:47)
	at java_programs.MERGESORT.mergesort(MERGESORT.java:47)
	at java_programs.MERGESORT.mergesort(MERGESORT.java:47)
	at java_programs.MERGESORT.mergesort(MERGESORT.java:47)
	at java_programs.MERGESORT.mergesort(MERGESORT.java:47)
	at java_programs.MERGESORT.mergesort(MERGESORT.java:47)
	at java_programs.MERGESORT.mergesort(MERGESORT.java:47)
	at java_programs.MERGESORT.mergesort(MERGESORT.java:47)
	at java_programs.MERGESORT.mergesort(MERGESORT.java:47)
	at java_programs.MERGESORT.mergesort(MERGESORT.java:47)
	at java_programs.MERGESORT.mergesort(MERGESORT.java:47)
	at java_programs.MERGESORT.mergesort(MERGESORT.java:47)
	at java_programs.MERGESORT.mergesort(MERGESORT.java:47)
	at java_programs.MERGESORT.mergesort(MERGESORT.java:47)
	at java_programs.MERGESORT.mergesort(MERGESORT.java:47)
	at java_programs.MERGESORT.mergesort(MERGESORT.java:47)
	at java_programs.MERGESORT.mergesort(MERGESORT.java:47)
	at java_programs.MERGESORT.mergesort(MERGESORT.java:47)
	at java_programs.MERGESORT.mergesort(MERGESORT.java:47)
	at java_programs.MERGESORT.mergesort(MERGESORT.java:47)
	at java_programs.MERGESORT.mergesort(MERGESORT.java:47)
	at java_programs.MERGESORT.mergesort(MERGESORT.java:47)
	at java_programs.MERGESORT.mergesort(MERGESORT.java:47)
	at java_programs.MERGESORT.mergesort(MERGESORT.java:47)
	at java_programs.MERGESORT.mergesort(MERGESORT.java:47)
	at java_programs.MERGESORT.mergesort(MERGESORT.java:47)
	at java_programs.MERGESORT.mergesort(MERGESORT.java:47)
	at java_programs.MERGESORT.mergesort(MERGESORT.java:47)
	at java_programs.MERGESORT.mergesort(MERGESORT.java:47)
	at java_programs.MERGESORT.mergesort(MERGESORT.java:47)
	at java_programs.MERGESORT.mergesort(MERGESORT.java:47)
	at java_programs.MERGESORT.mergesort(MERGESORT.java:47)
	at java_programs.MERGESORT.mergesort(MERGESORT.java:47)
	at java_programs.MERGESORT.mergesort(MERGESORT.java:47)
	at java_programs.MERGESORT.mergesort(MERGESORT.java:47)
	at java_programs.MERGESORT.mergesort(MERGESORT.java:47)
	at java_programs.MERGESORT.mergesort(MERGESORT.java:47)
	at java_programs.MERGESORT.mergesort(MERGESORT.java:47)
	at java_programs.MERGESORT.mergesort(MERGESORT.java:47)
	at java_programs.MERGESORT.mergesort(MERGESORT.java:47)
	at java_programs.MERGESORT.mergesort(MERGESORT.java:47)
	at java_programs.MERGESORT.mergesort(MERGESORT.java:47)
	at java_programs.MERGESORT.mergesort(MERGESORT.java:47)
	at java_programs.MERGESORT.mergesort(MERGESORT.java:47)
	at java_programs.MERGESORT.mergesort(MERGESORT.java:47)
	at java_programs.MERGESORT.mergesort(MERGESORT.java:47)
	at java_programs.MERGESORT.mergesort(MERGESORT.java:47)
	at java_programs.MERGESORT.mergesort(MERGESORT.java:47)
	at java_programs.MERGESORT.mergesort(MERGESORT.java:47)
	at java_programs.MERGESORT.mergesort(MERGESORT.java:47)
	at java_programs.MERGESORT.mergesort(MERGESORT.java:47)
	at java_programs.MERGESORT.mergesort(MERGESORT.java:47)
	at java_programs.MERGESORT.mergesort(MERGESORT.java:47)
	at java_programs.MERGESORT.mergesort(MERGESORT.java:47)
	at java_programs.MERGESORT.mergesort(MERGESORT.java:47)
	at java_programs.MERGESORT.mergesort(MERGESORT.java:47)
	at java_programs.MERGESORT.mergesort(MERGESORT.java:47)
	at java_programs.MERGESORT.mergesort(MERGESORT.java:47)
	at java_programs.MERGESORT.mergesort(MERGESORT.java:47)
	at java_programs.MERGESORT.mergesort(MERGESORT.java:47)
	at java_programs.MERGESORT.mergesort(MERGESORT.java:47)
	at java_programs.MERGESORT.mergesort(MERGESORT.java:47)
	at java_programs.MERGESORT.mergesort(MERGESORT.java:47)
	at java_programs.MERGESORT.mergesort(MERGESORT.java:47)
	at java_programs.MERGESORT.mergesort(MERGESORT.java:47)
	at java_programs.MERGESORT.mergesort(MERGESORT.java:47)
	at java_programs.MERGESORT.mergesort(MERGESORT.java:47)
	at java_programs.MERGESORT.mergesort(MERGESORT.java:47)
	at java_programs.MERGESORT.mergesort(MERGESORT.java:47)
	at java_programs.MERGESORT.mergesort(MERGESORT.java:47)
	at java_programs.MERGESORT.mergesort(MERGESORT.java:47)
	at java_programs.MERGESORT.mergesort(MERGESORT.java:47)
	at java_programs.MERGESORT.mergesort(MERGESORT.java:47)
	at java_programs.MERGESORT.mergesort(MERGESORT.java:47)
	at java_programs.MERGESORT.mergesort(MERGESORT.java:47)
	at java_programs.MERGESORT.mergesort(MERGESORT.java:47)
	at java_programs.MERGESORT.mergesort(MERGESORT.java:47)
	at java_programs.MERGESORT.mergesort(MERGESORT.java:47)
	at java_programs.MERGESORT.mergesort(MERGESORT.java:47)
	at java_programs.MERGESORT.mergesort(MERGESORT.java:47)
	at java_programs.MERGESORT.mergesort(MERGESORT.java:47)
	at java_programs.MERGESORT.mergesort(MERGESORT.java:47)
	at java_programs.MERGESORT.mergesort(MERGESORT.java:47)
	at java_programs.MERGESORT.mergesort(MERGESORT.java:47)
	at java_programs.MERGESORT.mergesort(MERGESORT.java:47)
	at java_programs.MERGESORT.mergesort(MERGESORT.java:47)
	at java_programs.MERGESORT.mergesort(MERGESORT.java:47)
	at java_programs.MERGESORT.mergesort(MERGESORT.java:47)
	at java_programs.MERGESORT.mergesort(MERGESORT.java:47)
	at java_programs.MERGESORT.mergesort(MERGESORT.java:47)
	at java_programs.MERGESORT.mergesort(MERGESORT.java:47)
	at java_programs.MERGESORT.mergesort(MERGESORT.java:47)
	at java_programs.MERGESORT.mergesort(MERGESORT.java:47)
	at java_programs.MERGESORT.mergesort(MERGESORT.java:47)
	at java_programs.MERGESORT.mergesort(MERGESORT.java:47)
	at java_programs.MERGESORT.mergesort(MERGESORT.java:47)
	at java_programs.MERGESORT.mergesort(MERGESORT.java:47)
	at java_programs.MERGESORT.mergesort(MERGESORT.java:47)
	at java_programs.MERGESORT.mergesort(MERGESORT.java:47)
	at java_programs.MERGESORT.mergesort(MERGESORT.java:47)
	at java_programs.MERGESORT.mergesort(MERGESORT.java:47)
	at java_programs.MERGESORT.mergesort(MERGESORT.java:47)
	at java_programs.MERGESORT.mergesort(MERGESORT.java:47)
	at java_programs.MERGESORT.mergesort(MERGESORT.java:47)
	at java_programs.MERGESORT.mergesort(MERGESORT.java:47)
	at java_programs.MERGESORT.mergesort(MERGESORT.java:47)
	at java_programs.MERGESORT.mergesort(MERGESORT.java:47)
	at java_programs.MERGESORT.mergesort(MERGESORT.java:47)
	at java_programs.MERGESORT.mergesort(MERGESORT.java:47)
	at java_programs.MERGESORT.mergesort(MERGESORT.java:47)
	at java_programs.MERGESORT.mergesort(MERGESORT.java:47)
	at java_programs.MERGESORT.mergesort(MERGESORT.java:47)
	at java_programs.MERGESORT.mergesort(MERGESORT.java:47)
	at java_programs.MERGESORT.mergesort(MERGESORT.java:47)
	at java_programs.MERGESORT.mergesort(MERGESORT.java:47)
	at java_programs.MERGESORT.mergesort(MERGESORT.java:47)
	at java_programs.MERGESORT.mergesort(MERGESORT.java:47)
	at java_programs.MERGESORT.mergesort(MERGESORT.java:47)
	at java_programs.MERGESORT.mergesort(MERGESORT.java:47)
	at java_programs.MERGESORT.mergesort(MERGESORT.java:47)
	at java_programs.MERGESORT.mergesort(MERGESORT.java:47)
	at java_programs.MERGESORT.mergesort(MERGESORT.java:47)
	at java_programs.MERGESORT.mergesort(MERGESORT.java:47)
	at java_programs.MERGESORT.mergesort(MERGESORT.java:47)
	at java_programs.MERGESORT.mergesort(MERGESORT.java:47)
	at java_programs.MERGESORT.mergesort(MERGESORT.java:47)
	at java_programs.MERGESORT.mergesort(MERGESORT.java:47)
	at java_programs.MERGESORT.mergesort(MERGESORT.java:47)
	at java_programs.MERGESORT.mergesort(MERGESORT.java:47)
	at java_programs.MERGESORT.mergesort(MERGESORT.java:47)
</failure>
  </testcase>
  <testcase name="test_11" classname="java_testcases.junit.MERGESORT_TEST" time="0.107">
    <failure message="java.lang.StackOverflowError" type="java.lang.StackOverflowError">java.lang.StackOverflowError
	at java.base/java.util.ArrayList.addAll(ArrayList.java:670)
	at java_programs.MERGESORT.mergesort(MERGESORT.java:43)
	at java_programs.MERGESORT.mergesort(MERGESORT.java:47)
	at java_programs.MERGESORT.mergesort(MERGESORT.java:47)
	at java_programs.MERGESORT.mergesort(MERGESORT.java:47)
	at java_programs.MERGESORT.mergesort(MERGESORT.java:47)
	at java_programs.MERGESORT.mergesort(MERGESORT.java:47)
	at java_programs.MERGESORT.mergesort(MERGESORT.java:47)
	at java_programs.MERGESORT.mergesort(MERGESORT.java:47)
	at java_programs.MERGESORT.mergesort(MERGESORT.java:47)
	at java_programs.MERGESORT.mergesort(MERGESORT.java:47)
	at java_programs.MERGESORT.mergesort(MERGESORT.java:47)
	at java_programs.MERGESORT.mergesort(MERGESORT.java:47)
	at java_programs.MERGESORT.mergesort(MERGESORT.java:47)
	at java_programs.MERGESORT.mergesort(MERGESORT.java:47)
	at java_programs.MERGESORT.mergesort(MERGESORT.java:47)
	at java_programs.MERGESORT.mergesort(MERGESORT.java:47)
	at java_programs.MERGESORT.mergesort(MERGESORT.java:47)
	at java_programs.MERGESORT.mergesort(MERGESORT.java:47)
	at java_programs.MERGESORT.mergesort(MERGESORT.java:47)
	at java_programs.MERGESORT.mergesort(MERGESORT.java:47)
	at java_programs.MERGESORT.mergesort(MERGESORT.java:47)
	at java_programs.MERGESORT.mergesort(MERGESORT.java:47)
	at java_programs.MERGESORT.mergesort(MERGESORT.java:47)
	at java_programs.MERGESORT.mergesort(MERGESORT.java:47)
	at java_programs.MERGESORT.mergesort(MERGESORT.java:47)
	at java_programs.MERGESORT.mergesort(MERGESORT.java:47)
	at java_programs.MERGESORT.mergesort(MERGESORT.java:47)
	at java_programs.MERGESORT.mergesort(MERGESORT.java:47)
	at java_programs.MERGESORT.mergesort(MERGESORT.java:47)
	at java_programs.MERGESORT.mergesort(MERGESORT.java:47)
	at java_programs.MERGESORT.mergesort(MERGESORT.java:47)
	at java_programs.MERGESORT.mergesort(MERGESORT.java:47)
	at java_programs.MERGESORT.mergesort(MERGESORT.java:47)
	at java_programs.MERGESORT.mergesort(MERGESORT.java:47)
	at java_programs.MERGESORT.mergesort(MERGESORT.java:47)
	at java_programs.MERGESORT.mergesort(MERGESORT.java:47)
	at java_programs.MERGESORT.mergesort(MERGESORT.java:47)
	at java_programs.MERGESORT.mergesort(MERGESORT.java:47)
	at java_programs.MERGESORT.mergesort(MERGESORT.java:47)
	at java_programs.MERGESORT.mergesort(MERGESORT.java:47)
	at java_programs.MERGESORT.mergesort(MERGESORT.java:47)
	at java_programs.MERGESORT.mergesort(MERGESORT.java:47)
	at java_programs.MERGESORT.mergesort(MERGESORT.java:47)
	at java_programs.MERGESORT.mergesort(MERGESORT.java:47)
	at java_programs.MERGESORT.mergesort(MERGESORT.java:47)
	at java_programs.MERGESORT.mergesort(MERGESORT.java:47)
	at java_programs.MERGESORT.mergesort(MERGESORT.java:47)
	at java_programs.MERGESORT.mergesort(MERGESORT.java:47)
	at java_programs.MERGESORT.mergesort(MERGESORT.java:47)
	at java_programs.MERGESORT.mergesort(MERGESORT.java:47)
	at java_programs.MERGESORT.mergesort(MERGESORT.java:47)
	at java_programs.MERGESORT.mergesort(MERGESORT.java:47)
	at java_programs.MERGESORT.mergesort(MERGESORT.java:47)
	at java_programs.MERGESORT.mergesort(MERGESORT.java:47)
	at java_programs.MERGESORT.mergesort(MERGESORT.java:47)
	at java_programs.MERGESORT.mergesort(MERGESORT.java:47)
	at java_programs.MERGESORT.mergesort(MERGESORT.java:47)
	at java_programs.MERGESORT.mergesort(MERGESORT.java:47)
	at java_programs.MERGESORT.mergesort(MERGESORT.java:47)
	at java_programs.MERGESORT.mergesort(MERGESORT.java:47)
	at java_programs.MERGESORT.mergesort(MERGESORT.java:47)
	at java_programs.MERGESORT.mergesort(MERGESORT.java:47)
	at java_programs.MERGESORT.mergesort(MERGESORT.java:47)
	at java_programs.MERGESORT.mergesort(MERGESORT.java:47)
	at java_programs.MERGESORT.mergesort(MERGESORT.java:47)
	at java_programs.MERGESORT.mergesort(MERGESORT.java:47)
	at java_programs.MERGESORT.mergesort(MERGESORT.java:47)
	at java_programs.MERGESORT.mergesort(MERGESORT.java:47)
	at java_programs.MERGESORT.mergesort(MERGESORT.java:47)
	at java_programs.MERGESORT.mergesort(MERGESORT.java:47)
	at java_programs.MERGESORT.mergesort(MERGESORT.java:47)
	at java_programs.MERGESORT.mergesort(MERGESORT.java:47)
	at java_programs.MERGESORT.mergesort(MERGESORT.java:47)
	at java_programs.MERGESORT.mergesort(MERGESORT.java:47)
	at java_programs.MERGESORT.mergesort(MERGESORT.java:47)
	at java_programs.MERGESORT.mergesort(MERGESORT.java:47)
	at java_programs.MERGESORT.mergesort(MERGESORT.java:47)
	at java_programs.MERGESORT.mergesort(MERGESORT.java:47)
	at java_programs.MERGESORT.mergesort(MERGESORT.java:47)
	at java_programs.MERGESORT.mergesort(MERGESORT.java:47)
	at java_programs.MERGESORT.mergesort(MERGESORT.java:47)
	at java_programs.MERGESORT.mergesort(MERGESORT.java:47)
	at java_programs.MERGESORT.mergesort(MERGESORT.java:47)
	at java_programs.MERGESORT.mergesort(MERGESORT.java:47)
	at java_programs.MERGESORT.mergesort(MERGESORT.java:47)
	at java_programs.MERGESORT.mergesort(MERGESORT.java:47)
	at java_programs.MERGESORT.mergesort(MERGESORT.java:47)
	at java_programs.MERGESORT.mergesort(MERGESORT.java:47)
	at java_programs.MERGESORT.mergesort(MERGESORT.java:47)
	at java_programs.MERGESORT.mergesort(MERGESORT.java:47)
	at java_programs.MERGESORT.mergesort(MERGESORT.java:47)
	at java_programs.MERGESORT.mergesort(MERGESORT.java:47)
	at java_programs.MERGESORT.mergesort(MERGESORT.java:47)
	at java_programs.MERGESORT.mergesort(MERGESORT.java:47)
	at java_programs.MERGESORT.mergesort(MERGESORT.java:47)
	at java_programs.MERGESORT.mergesort(MERGESORT.java:47)
	at java_programs.MERGESORT.mergesort(MERGESORT.java:47)
	at java_programs.MERGESORT.mergesort(MERGESORT.java:47)
	at java_programs.MERGESORT.mergesort(MERGESORT.java:47)
	at java_programs.MERGESORT.mergesort(MERGESORT.java:47)
	at java_programs.MERGESORT.mergesort(MERGESORT.java:47)
	at java_programs.MERGESORT.mergesort(MERGESORT.java:47)
	at java_programs.MERGESORT.mergesort(MERGESORT.java:47)
	at java_programs.MERGESORT.mergesort(MERGESORT.java:47)
	at java_programs.MERGESORT.mergesort(MERGESORT.java:47)
	at java_programs.MERGESORT.mergesort(MERGESORT.java:47)
	at java_programs.MERGESORT.mergesort(MERGESORT.java:47)
	at java_programs.MERGESORT.mergesort(MERGESORT.java:47)
	at java_programs.MERGESORT.mergesort(MERGESORT.java:47)
	at java_programs.MERGESORT.mergesort(MERGESORT.java:47)
	at java_programs.MERGESORT.mergesort(MERGESORT.java:47)
	at java_programs.MERGESORT.mergesort(MERGESORT.java:47)
	at java_programs.MERGESORT.mergesort(MERGESORT.java:47)
	at java_programs.MERGESORT.mergesort(MERGESORT.java:47)
	at java_programs.MERGESORT.mergesort(MERGESORT.java:47)
	at java_programs.MERGESORT.mergesort(MERGESORT.java:47)
	at java_programs.MERGESORT.mergesort(MERGESORT.java:47)
	at java_programs.MERGESORT.mergesort(MERGESORT.java:47)
	at java_programs.MERGESORT.mergesort(MERGESORT.java:47)
	at java_programs.MERGESORT.mergesort(MERGESORT.java:47)
	at java_programs.MERGESORT.mergesort(MERGESORT.java:47)
	at java_programs.MERGESORT.mergesort(MERGESORT.java:47)
	at java_programs.MERGESORT.mergesort(MERGESORT.java:47)
	at java_programs.MERGESORT.mergesort(MERGESORT.java:47)
	at java_programs.MERGESORT.mergesort(MERGESORT.java:47)
	at java_programs.MERGESORT.mergesort(MERGESORT.java:47)
	at java_programs.MERGESORT.mergesort(MERGESORT.java:47)
	at java_programs.MERGESORT.mergesort(MERGESORT.java:47)
	at java_programs.MERGESORT.mergesort(MERGESORT.java:47)
	at java_programs.MERGESORT.mergesort(MERGESORT.java:47)
	at java_programs.MERGESORT.mergesort(MERGESORT.java:47)
	at java_programs.MERGESORT.mergesort(MERGESORT.java:47)
	at java_programs.MERGESORT.mergesort(MERGESORT.java:47)
	at java_programs.MERGESORT.mergesort(MERGESORT.java:47)
	at java_programs.MERGESORT.mergesort(MERGESORT.java:47)
	at java_programs.MERGESORT.mergesort(MERGESORT.java:47)
	at java_programs.MERGESORT.mergesort(MERGESORT.java:47)
	at java_programs.MERGESORT.mergesort(MERGESORT.java:47)
	at java_programs.MERGESORT.mergesort(MERGESORT.java:47)
	at java_programs.MERGESORT.mergesort(MERGESORT.java:47)
	at java_programs.MERGESORT.mergesort(MERGESORT.java:47)
	at java_programs.MERGESORT.mergesort(MERGESORT.java:47)
	at java_programs.MERGESORT.mergesort(MERGESORT.java:47)
	at java_programs.MERGESORT.mergesort(MERGESORT.java:47)
	at java_programs.MERGESORT.mergesort(MERGESORT.java:47)
	at java_programs.MERGESORT.mergesort(MERGESORT.java:47)
	at java_programs.MERGESORT.mergesort(MERGESORT.java:47)
	at java_programs.MERGESORT.mergesort(MERGESORT.java:47)
	at java_programs.MERGESORT.mergesort(MERGESORT.java:47)
	at java_programs.MERGESORT.mergesort(MERGESORT.java:47)
	at java_programs.MERGESORT.mergesort(MERGESORT.java:47)
	at java_programs.MERGESORT.mergesort(MERGESORT.java:47)
	at java_programs.MERGESORT.mergesort(MERGESORT.java:47)
	at java_programs.MERGESORT.mergesort(MERGESORT.java:47)
	at java_programs.MERGESORT.mergesort(MERGESORT.java:47)
	at java_programs.MERGESORT.mergesort(MERGESORT.java:47)
	at java_programs.MERGESORT.mergesort(MERGESORT.java:47)
	at java_programs.MERGESORT.mergesort(MERGESORT.java:47)
	at java_programs.MERGESORT.mergesort(MERGESORT.java:47)
	at java_programs.MERGESORT.mergesort(MERGESORT.java:47)
	at java_programs.MERGESORT.mergesort(MERGESORT.java:47)
	at java_programs.MERGESORT.mergesort(MERGESORT.java:47)
	at java_programs.MERGESORT.mergesort(MERGESORT.java:47)
	at java_programs.MERGESORT.mergesort(MERGESORT.java:47)
	at java_programs.MERGESORT.mergesort(MERGESORT.java:47)
	at java_programs.MERGESORT.mergesort(MERGESORT.java:47)
	at java_programs.MERGESORT.mergesort(MERGESORT.java:47)
	at java_programs.MERGESORT.mergesort(MERGESORT.java:47)
	at java_programs.MERGESORT.mergesort(MERGESORT.java:47)
	at java_programs.MERGESORT.mergesort(MERGESORT.java:47)
	at java_programs.MERGESORT.mergesort(MERGESORT.java:47)
	at java_programs.MERGESORT.mergesort(MERGESORT.java:47)
	at java_programs.MERGESORT.mergesort(MERGESORT.java:47)
	at java_programs.MERGESORT.mergesort(MERGESORT.java:47)
	at java_programs.MERGESORT.mergesort(MERGESORT.java:47)
	at java_programs.MERGESORT.mergesort(MERGESORT.java:47)
	at java_programs.MERGESORT.mergesort(MERGESORT.java:47)
	at java_programs.MERGESORT.mergesort(MERGESORT.java:47)
	at java_programs.MERGESORT.mergesort(MERGESORT.java:47)
	at java_programs.MERGESORT.mergesort(MERGESORT.java:47)
	at java_programs.MERGESORT.mergesort(MERGESORT.java:47)
	at java_programs.MERGESORT.mergesort(MERGESORT.java:47)
	at java_programs.MERGESORT.mergesort(MERGESORT.java:47)
	at java_programs.MERGESORT.mergesort(MERGESORT.java:47)
	at java_programs.MERGESORT.mergesort(MERGESORT.java:47)
	at java_programs.MERGESORT.mergesort(MERGESORT.java:47)
	at java_programs.MERGESORT.mergesort(MERGESORT.java:47)
	at java_programs.MERGESORT.mergesort(MERGESORT.java:47)
	at java_programs.MERGESORT.mergesort(MERGESORT.java:47)
	at java_programs.MERGESORT.mergesort(MERGESORT.java:47)
	at java_programs.MERGESORT.mergesort(MERGESORT.java:47)
	at java_programs.MERGESORT.mergesort(MERGESORT.java:47)
	at java_programs.MERGESORT.mergesort(MERGESORT.java:47)
	at java_programs.MERGESORT.mergesort(MERGESORT.java:47)
	at java_programs.MERGESORT.mergesort(MERGESORT.java:47)
	at java_programs.MERGESORT.mergesort(MERGESORT.java:47)
	at java_programs.MERGESORT.mergesort(MERGESORT.java:47)
	at java_programs.MERGESORT.mergesort(MERGESORT.java:47)
	at java_programs.MERGESORT.mergesort(MERGESORT.java:47)
	at java_programs.MERGESORT.mergesort(MERGESORT.java:47)
	at java_programs.MERGESORT.mergesort(MERGESORT.java:47)
	at java_programs.MERGESORT.mergesort(MERGESORT.java:47)
	at java_programs.MERGESORT.mergesort(MERGESORT.java:47)
	at java_programs.MERGESORT.mergesort(MERGESORT.java:47)
	at java_programs.MERGESORT.mergesort(MERGESORT.java:47)
	at java_programs.MERGESORT.mergesort(MERGESORT.java:47)
	at java_programs.MERGESORT.mergesort(MERGESORT.java:47)
	at java_programs.MERGESORT.mergesort(MERGESORT.java:47)
	at java_programs.MERGESORT.mergesort(MERGESORT.java:47)
	at java_programs.MERGESORT.mergesort(MERGESORT.java:47)
	at java_programs.MERGESORT.mergesort(MERGESORT.java:47)
	at java_programs.MERGESORT.mergesort(MERGESORT.java:47)
	at java_programs.MERGESORT.mergesort(MERGESORT.java:47)
	at java_programs.MERGESORT.mergesort(MERGESORT.java:47)
	at java_programs.MERGESORT.mergesort(MERGESORT.java:47)
	at java_programs.MERGESORT.mergesort(MERGESORT.java:47)
	at java_programs.MERGESORT.mergesort(MERGESORT.java:47)
	at java_programs.MERGESORT.mergesort(MERGESORT.java:47)
	at java_programs.MERGESORT.mergesort(MERGESORT.java:47)
	at java_programs.MERGESORT.mergesort(MERGESORT.java:47)
	at java_programs.MERGESORT.mergesort(MERGESORT.java:47)
	at java_programs.MERGESORT.mergesort(MERGESORT.java:47)
	at java_programs.MERGESORT.mergesort(MERGESORT.java:47)
	at java_programs.MERGESORT.mergesort(MERGESORT.java:47)
	at java_programs.MERGESORT.mergesort(MERGESORT.java:47)
	at java_programs.MERGESORT.mergesort(MERGESORT.java:47)
	at java_programs.MERGESORT.mergesort(MERGESORT.java:47)
	at java_programs.MERGESORT.mergesort(MERGESORT.java:47)
	at java_programs.MERGESORT.mergesort(MERGESORT.java:47)
	at java_programs.MERGESORT.mergesort(MERGESORT.java:47)
	at java_programs.MERGESORT.mergesort(MERGESORT.java:47)
	at java_programs.MERGESORT.mergesort(MERGESORT.java:47)
	at java_programs.MERGESORT.mergesort(MERGESORT.java:47)
	at java_programs.MERGESORT.mergesort(MERGESORT.java:47)
	at java_programs.MERGESORT.mergesort(MERGESORT.java:47)
	at java_programs.MERGESORT.mergesort(MERGESORT.java:47)
	at java_programs.MERGESORT.mergesort(MERGESORT.java:47)
	at java_programs.MERGESORT.mergesort(MERGESORT.java:47)
	at java_programs.MERGESORT.mergesort(MERGESORT.java:47)
	at java_programs.MERGESORT.mergesort(MERGESORT.java:47)
	at java_programs.MERGESORT.mergesort(MERGESORT.java:47)
	at java_programs.MERGESORT.mergesort(MERGESORT.java:47)
	at java_programs.MERGESORT.mergesort(MERGESORT.java:47)
	at java_programs.MERGESORT.mergesort(MERGESORT.java:47)
	at java_programs.MERGESORT.mergesort(MERGESORT.java:47)
	at java_programs.MERGESORT.mergesort(MERGESORT.java:47)
	at java_programs.MERGESORT.mergesort(MERGESORT.java:47)
	at java_programs.MERGESORT.mergesort(MERGESORT.java:47)
	at java_programs.MERGESORT.mergesort(MERGESORT.java:47)
	at java_programs.MERGESORT.mergesort(MERGESORT.java:47)
	at java_programs.MERGESORT.mergesort(MERGESORT.java:47)
	at java_programs.MERGESORT.mergesort(MERGESORT.java:47)
	at java_programs.MERGESORT.mergesort(MERGESORT.java:47)
	at java_programs.MERGESORT.mergesort(MERGESORT.java:47)
	at java_programs.MERGESORT.mergesort(MERGESORT.java:47)
	at java_programs.MERGESORT.mergesort(MERGESORT.java:47)
	at java_programs.MERGESORT.mergesort(MERGESORT.java:47)
	at java_programs.MERGESORT.mergesort(MERGESORT.java:47)
	at java_programs.MERGESORT.mergesort(MERGESORT.java:47)
	at java_programs.MERGESORT.mergesort(MERGESORT.java:47)
	at java_programs.MERGESORT.mergesort(MERGESORT.java:47)
	at java_programs.MERGESORT.mergesort(MERGESORT.java:47)
	at java_programs.MERGESORT.mergesort(MERGESORT.java:47)
	at java_programs.MERGESORT.mergesort(MERGESORT.java:47)
	at java_programs.MERGESORT.mergesort(MERGESORT.java:47)
	at java_programs.MERGESORT.mergesort(MERGESORT.java:47)
	at java_programs.MERGESORT.mergesort(MERGESORT.java:47)
	at java_programs.MERGESORT.mergesort(MERGESORT.java:47)
	at java_programs.MERGESORT.mergesort(MERGESORT.java:47)
	at java_programs.MERGESORT.mergesort(MERGESORT.java:47)
	at java_programs.MERGESORT.mergesort(MERGESORT.java:47)
	at java_programs.MERGESORT.mergesort(MERGESORT.java:47)
	at java_programs.MERGESORT.mergesort(MERGESORT.java:47)
	at java_programs.MERGESORT.mergesort(MERGESORT.java:47)
	at java_programs.MERGESORT.mergesort(MERGESORT.java:47)
	at java_programs.MERGESORT.mergesort(MERGESORT.java:47)
	at java_programs.MERGESORT.mergesort(MERGESORT.java:47)
	at java_programs.MERGESORT.mergesort(MERGESORT.java:47)
	at java_programs.MERGESORT.mergesort(MERGESORT.java:47)
	at java_programs.MERGESORT.mergesort(MERGESORT.java:47)
	at java_programs.MERGESORT.mergesort(MERGESORT.java:47)
	at java_programs.MERGESORT.mergesort(MERGESORT.java:47)
	at java_programs.MERGESORT.mergesort(MERGESORT.java:47)
	at java_programs.MERGESORT.mergesort(MERGESORT.java:47)
	at java_programs.MERGESORT.mergesort(MERGESORT.java:47)
	at java_programs.MERGESORT.mergesort(MERGESORT.java:47)
	at java_programs.MERGESORT.mergesort(MERGESORT.java:47)
	at java_programs.MERGESORT.mergesort(MERGESORT.java:47)
	at java_programs.MERGESORT.mergesort(MERGESORT.java:47)
	at java_programs.MERGESORT.mergesort(MERGESORT.java:47)
	at java_programs.MERGESORT.mergesort(MERGESORT.java:47)
	at java_programs.MERGESORT.mergesort(MERGESORT.java:47)
	at java_programs.MERGESORT.mergesort(MERGESORT.java:47)
	at java_programs.MERGESORT.mergesort(MERGESORT.java:47)
	at java_programs.MERGESORT.mergesort(MERGESORT.java:47)
	at java_programs.MERGESORT.mergesort(MERGESORT.java:47)
	at java_programs.MERGESORT.mergesort(MERGESORT.java:47)
	at java_programs.MERGESORT.mergesort(MERGESORT.java:47)
	at java_programs.MERGESORT.mergesort(MERGESORT.java:47)
	at java_programs.MERGESORT.mergesort(MERGESORT.java:47)
	at java_programs.MERGESORT.mergesort(MERGESORT.java:47)
	at java_programs.MERGESORT.mergesort(MERGESORT.java:47)
	at java_programs.MERGESORT.mergesort(MERGESORT.java:47)
	at java_programs.MERGESORT.mergesort(MERGESORT.java:47)
	at java_programs.MERGESORT.mergesort(MERGESORT.java:47)
	at java_programs.MERGESORT.mergesort(MERGESORT.java:47)
	at java_programs.MERGESORT.mergesort(MERGESORT.java:47)
	at java_programs.MERGESORT.mergesort(MERGESORT.java:47)
	at java_programs.MERGESORT.mergesort(MERGESORT.java:47)
	at java_programs.MERGESORT.mergesort(MERGESORT.java:47)
	at java_programs.MERGESORT.mergesort(MERGESORT.java:47)
	at java_programs.MERGESORT.mergesort(MERGESORT.java:47)
	at java_programs.MERGESORT.mergesort(MERGESORT.java:47)
	at java_programs.MERGESORT.mergesort(MERGESORT.java:47)
	at java_programs.MERGESORT.mergesort(MERGESORT.java:47)
	at java_programs.MERGESORT.mergesort(MERGESORT.java:47)
	at java_programs.MERGESORT.mergesort(MERGESORT.java:47)
	at java_programs.MERGESORT.mergesort(MERGESORT.java:47)
	at java_programs.MERGESORT.mergesort(MERGESORT.java:47)
	at java_programs.MERGESORT.mergesort(MERGESORT.java:47)
	at java_programs.MERGESORT.mergesort(MERGESORT.java:47)
	at java_programs.MERGESORT.mergesort(MERGESORT.java:47)
	at java_programs.MERGESORT.mergesort(MERGESORT.java:47)
	at java_programs.MERGESORT.mergesort(MERGESORT.java:47)
	at java_programs.MERGESORT.mergesort(MERGESORT.java:47)
	at java_programs.MERGESORT.mergesort(MERGESORT.java:47)
	at java_programs.MERGESORT.mergesort(MERGESORT.java:47)
	at java_programs.MERGESORT.mergesort(MERGESORT.java:47)
	at java_programs.MERGESORT.mergesort(MERGESORT.java:47)
	at java_programs.MERGESORT.mergesort(MERGESORT.java:47)
	at java_programs.MERGESORT.mergesort(MERGESORT.java:47)
	at java_programs.MERGESORT.mergesort(MERGESORT.java:47)
	at java_programs.MERGESORT.mergesort(MERGESORT.java:47)
	at java_programs.MERGESORT.mergesort(MERGESORT.java:47)
	at java_programs.MERGESORT.mergesort(MERGESORT.java:47)
	at java_programs.MERGESORT.mergesort(MERGESORT.java:47)
	at java_programs.MERGESORT.mergesort(MERGESORT.java:47)
	at java_programs.MERGESORT.mergesort(MERGESORT.java:47)
	at java_programs.MERGESORT.mergesort(MERGESORT.java:47)
	at java_programs.MERGESORT.mergesort(MERGESORT.java:47)
	at java_programs.MERGESORT.mergesort(MERGESORT.java:47)
	at java_programs.MERGESORT.mergesort(MERGESORT.java:47)
	at java_programs.MERGESORT.mergesort(MERGESORT.java:47)
	at java_programs.MERGESORT.mergesort(MERGESORT.java:47)
	at java_programs.MERGESORT.mergesort(MERGESORT.java:47)
	at java_programs.MERGESORT.mergesort(MERGESORT.java:47)
	at java_programs.MERGESORT.mergesort(MERGESORT.java:47)
	at java_programs.MERGESORT.mergesort(MERGESORT.java:47)
	at java_programs.MERGESORT.mergesort(MERGESORT.java:47)
	at java_programs.MERGESORT.mergesort(MERGESORT.java:47)
	at java_programs.MERGESORT.mergesort(MERGESORT.java:47)
	at java_programs.MERGESORT.mergesort(MERGESORT.java:47)
	at java_programs.MERGESORT.mergesort(MERGESORT.java:47)
	at java_programs.MERGESORT.mergesort(MERGESORT.java:47)
	at java_programs.MERGESORT.mergesort(MERGESORT.java:47)
	at java_programs.MERGESORT.mergesort(MERGESORT.java:47)
	at java_programs.MERGESORT.mergesort(MERGESORT.java:47)
	at java_programs.MERGESORT.mergesort(MERGESORT.java:47)
	at java_programs.MERGESORT.mergesort(MERGESORT.java:47)
	at java_programs.MERGESORT.mergesort(MERGESORT.java:47)
	at java_programs.MERGESORT.mergesort(MERGESORT.java:47)
	at java_programs.MERGESORT.mergesort(MERGESORT.java:47)
	at java_programs.MERGESORT.mergesort(MERGESORT.java:47)
	at java_programs.MERGESORT.mergesort(MERGESORT.java:47)
	at java_programs.MERGESORT.mergesort(MERGESORT.java:47)
	at java_programs.MERGESORT.mergesort(MERGESORT.java:47)
	at java_programs.MERGESORT.mergesort(MERGESORT.java:47)
	at java_programs.MERGESORT.mergesort(MERGESORT.java:47)
	at java_programs.MERGESORT.mergesort(MERGESORT.java:47)
	at java_programs.MERGESORT.mergesort(MERGESORT.java:47)
	at java_programs.MERGESORT.mergesort(MERGESORT.java:47)
	at java_programs.MERGESORT.mergesort(MERGESORT.java:47)
	at java_programs.MERGESORT.mergesort(MERGESORT.java:47)
	at java_programs.MERGESORT.mergesort(MERGESORT.java:47)
	at java_programs.MERGESORT.mergesort(MERGESORT.java:47)
	at java_programs.MERGESORT.mergesort(MERGESORT.java:47)
	at java_programs.MERGESORT.mergesort(MERGESORT.java:47)
	at java_programs.MERGESORT.mergesort(MERGESORT.java:47)
	at java_programs.MERGESORT.mergesort(MERGESORT.java:47)
	at java_programs.MERGESORT.mergesort(MERGESORT.java:47)
	at java_programs.MERGESORT.mergesort(MERGESORT.java:47)
	at java_programs.MERGESORT.mergesort(MERGESORT.java:47)
	at java_programs.MERGESORT.mergesort(MERGESORT.java:47)
	at java_programs.MERGESORT.mergesort(MERGESORT.java:47)
	at java_programs.MERGESORT.mergesort(MERGESORT.java:47)
	at java_programs.MERGESORT.mergesort(MERGESORT.java:47)
	at java_programs.MERGESORT.mergesort(MERGESORT.java:47)
	at java_programs.MERGESORT.mergesort(MERGESORT.java:47)
	at java_programs.MERGESORT.mergesort(MERGESORT.java:47)
	at java_programs.MERGESORT.mergesort(MERGESORT.java:47)
	at java_programs.MERGESORT.mergesort(MERGESORT.java:47)
	at java_programs.MERGESORT.mergesort(MERGESORT.java:47)
	at java_programs.MERGESORT.mergesort(MERGESORT.java:47)
	at java_programs.MERGESORT.mergesort(MERGESORT.java:47)
	at java_programs.MERGESORT.mergesort(MERGESORT.java:47)
	at java_programs.MERGESORT.mergesort(MERGESORT.java:47)
	at java_programs.MERGESORT.mergesort(MERGESORT.java:47)
	at java_programs.MERGESORT.mergesort(MERGESORT.java:47)
	at java_programs.MERGESORT.mergesort(MERGESORT.java:47)
	at java_programs.MERGESORT.mergesort(MERGESORT.java:47)
	at java_programs.MERGESORT.mergesort(MERGESORT.java:47)
	at java_programs.MERGESORT.mergesort(MERGESORT.java:47)
	at java_programs.MERGESORT.mergesort(MERGESORT.java:47)
	at java_programs.MERGESORT.mergesort(MERGESORT.java:47)
	at java_programs.MERGESORT.mergesort(MERGESORT.java:47)
	at java_programs.MERGESORT.mergesort(MERGESORT.java:47)
	at java_programs.MERGESORT.mergesort(MERGESORT.java:47)
	at java_programs.MERGESORT.mergesort(MERGESORT.java:47)
	at java_programs.MERGESORT.mergesort(MERGESORT.java:47)
	at java_programs.MERGESORT.mergesort(MERGESORT.java:47)
	at java_programs.MERGESORT.mergesort(MERGESORT.java:47)
	at java_programs.MERGESORT.mergesort(MERGESORT.java:47)
	at java_programs.MERGESORT.mergesort(MERGESORT.java:47)
	at java_programs.MERGESORT.mergesort(MERGESORT.java:47)
	at java_programs.MERGESORT.mergesort(MERGESORT.java:47)
	at java_programs.MERGESORT.mergesort(MERGESORT.java:47)
	at java_programs.MERGESORT.mergesort(MERGESORT.java:47)
	at java_programs.MERGESORT.mergesort(MERGESORT.java:47)
	at java_programs.MERGESORT.mergesort(MERGESORT.java:47)
	at java_programs.MERGESORT.mergesort(MERGESORT.java:47)
	at java_programs.MERGESORT.mergesort(MERGESORT.java:47)
	at java_programs.MERGESORT.mergesort(MERGESORT.java:47)
	at java_programs.MERGESORT.mergesort(MERGESORT.java:47)
	at java_programs.MERGESORT.mergesort(MERGESORT.java:47)
	at java_programs.MERGESORT.mergesort(MERGESORT.java:47)
	at java_programs.MERGESORT.mergesort(MERGESORT.java:47)
	at java_programs.MERGESORT.mergesort(MERGESORT.java:47)
	at java_programs.MERGESORT.mergesort(MERGESORT.java:47)
	at java_programs.MERGESORT.mergesort(MERGESORT.java:47)
	at java_programs.MERGESORT.mergesort(MERGESORT.java:47)
	at java_programs.MERGESORT.mergesort(MERGESORT.java:47)
	at java_programs.MERGESORT.mergesort(MERGESORT.java:47)
	at java_programs.MERGESORT.mergesort(MERGESORT.java:47)
	at java_programs.MERGESORT.mergesort(MERGESORT.java:47)
	at java_programs.MERGESORT.mergesort(MERGESORT.java:47)
	at java_programs.MERGESORT.mergesort(MERGESORT.java:47)
	at java_programs.MERGESORT.mergesort(MERGESORT.java:47)
	at java_programs.MERGESORT.mergesort(MERGESORT.java:47)
	at java_programs.MERGESORT.mergesort(MERGESORT.java:47)
	at java_programs.MERGESORT.mergesort(MERGESORT.java:47)
	at java_programs.MERGESORT.mergesort(MERGESORT.java:47)
	at java_programs.MERGESORT.mergesort(MERGESORT.java:47)
	at java_programs.MERGESORT.mergesort(MERGESORT.java:47)
	at java_programs.MERGESORT.mergesort(MERGESORT.java:47)
	at java_programs.MERGESORT.mergesort(MERGESORT.java:47)
	at java_programs.MERGESORT.mergesort(MERGESORT.java:47)
	at java_programs.MERGESORT.mergesort(MERGESORT.java:47)
	at java_programs.MERGESORT.mergesort(MERGESORT.java:47)
	at java_programs.MERGESORT.mergesort(MERGESORT.java:47)
	at java_programs.MERGESORT.mergesort(MERGESORT.java:47)
	at java_programs.MERGESORT.mergesort(MERGESORT.java:47)
	at java_programs.MERGESORT.mergesort(MERGESORT.java:47)
	at java_programs.MERGESORT.mergesort(MERGESORT.java:47)
	at java_programs.MERGESORT.mergesort(MERGESORT.java:47)
	at java_programs.MERGESORT.mergesort(MERGESORT.java:47)
	at java_programs.MERGESORT.mergesort(MERGESORT.java:47)
	at java_programs.MERGESORT.mergesort(MERGESORT.java:47)
	at java_programs.MERGESORT.mergesort(MERGESORT.java:47)
	at java_programs.MERGESORT.mergesort(MERGESORT.java:47)
	at java_programs.MERGESORT.mergesort(MERGESORT.java:47)
	at java_programs.MERGESORT.mergesort(MERGESORT.java:47)
	at java_programs.MERGESORT.mergesort(MERGESORT.java:47)
	at java_programs.MERGESORT.mergesort(MERGESORT.java:47)
	at java_programs.MERGESORT.mergesort(MERGESORT.java:47)
	at java_programs.MERGESORT.mergesort(MERGESORT.java:47)
	at java_programs.MERGESORT.mergesort(MERGESORT.java:47)
	at java_programs.MERGESORT.mergesort(MERGESORT.java:47)
	at java_programs.MERGESORT.mergesort(MERGESORT.java:47)
	at java_programs.MERGESORT.mergesort(MERGESORT.java:47)
	at java_programs.MERGESORT.mergesort(MERGESORT.java:47)
	at java_programs.MERGESORT.mergesort(MERGESORT.java:47)
	at java_programs.MERGESORT.mergesort(MERGESORT.java:47)
	at java_programs.MERGESORT.mergesort(MERGESORT.java:47)
	at java_programs.MERGESORT.mergesort(MERGESORT.java:47)
	at java_programs.MERGESORT.mergesort(MERGESORT.java:47)
	at java_programs.MERGESORT.mergesort(MERGESORT.java:47)
	at java_programs.MERGESORT.mergesort(MERGESORT.java:47)
	at java_programs.MERGESORT.mergesort(MERGESORT.java:47)
	at java_programs.MERGESORT.mergesort(MERGESORT.java:47)
	at java_programs.MERGESORT.mergesort(MERGESORT.java:47)
	at java_programs.MERGESORT.mergesort(MERGESORT.java:47)
	at java_programs.MERGESORT.mergesort(MERGESORT.java:47)
	at java_programs.MERGESORT.mergesort(MERGESORT.java:47)
	at java_programs.MERGESORT.mergesort(MERGESORT.java:47)
	at java_programs.MERGESORT.mergesort(MERGESORT.java:47)
	at java_programs.MERGESORT.mergesort(MERGESORT.java:47)
	at java_programs.MERGESORT.mergesort(MERGESORT.java:47)
	at java_programs.MERGESORT.mergesort(MERGESORT.java:47)
	at java_programs.MERGESORT.mergesort(MERGESORT.java:47)
	at java_programs.MERGESORT.mergesort(MERGESORT.java:47)
	at java_programs.MERGESORT.mergesort(MERGESORT.java:47)
	at java_programs.MERGESORT.mergesort(MERGESORT.java:47)
	at java_programs.MERGESORT.mergesort(MERGESORT.java:47)
	at java_programs.MERGESORT.mergesort(MERGESORT.java:47)
	at java_programs.MERGESORT.mergesort(MERGESORT.java:47)
	at java_programs.MERGESORT.mergesort(MERGESORT.java:47)
	at java_programs.MERGESORT.mergesort(MERGESORT.java:47)
	at java_programs.MERGESORT.mergesort(MERGESORT.java:47)
	at java_programs.MERGESORT.mergesort(MERGESORT.java:47)
	at java_programs.MERGESORT.mergesort(MERGESORT.java:47)
	at java_programs.MERGESORT.mergesort(MERGESORT.java:47)
	at java_programs.MERGESORT.mergesort(MERGESORT.java:47)
	at java_programs.MERGESORT.mergesort(MERGESORT.java:47)
	at java_programs.MERGESORT.mergesort(MERGESORT.java:47)
	at java_programs.MERGESORT.mergesort(MERGESORT.java:47)
	at java_programs.MERGESORT.mergesort(MERGESORT.java:47)
	at java_programs.MERGESORT.mergesort(MERGESORT.java:47)
	at java_programs.MERGESORT.mergesort(MERGESORT.java:47)
	at java_programs.MERGESORT.mergesort(MERGESORT.java:47)
	at java_programs.MERGESORT.mergesort(MERGESORT.java:47)
	at java_programs.MERGESORT.mergesort(MERGESORT.java:47)
	at java_programs.MERGESORT.mergesort(MERGESORT.java:47)
	at java_programs.MERGESORT.mergesort(MERGESORT.java:47)
	at java_programs.MERGESORT.mergesort(MERGESORT.java:47)
	at java_programs.MERGESORT.mergesort(MERGESORT.java:47)
	at java_programs.MERGESORT.mergesort(MERGESORT.java:47)
	at java_programs.MERGESORT.mergesort(MERGESORT.java:47)
	at java_programs.MERGESORT.mergesort(MERGESORT.java:47)
	at java_programs.MERGESORT.mergesort(MERGESORT.java:47)
	at java_programs.MERGESORT.mergesort(MERGESORT.java:47)
	at java_programs.MERGESORT.mergesort(MERGESORT.java:47)
	at java_programs.MERGESORT.mergesort(MERGESORT.java:47)
	at java_programs.MERGESORT.mergesort(MERGESORT.java:47)
	at java_programs.MERGESORT.mergesort(MERGESORT.java:47)
	at java_programs.MERGESORT.mergesort(MERGESORT.java:47)
	at java_programs.MERGESORT.mergesort(MERGESORT.java:47)
	at java_programs.MERGESORT.mergesort(MERGESORT.java:47)
	at java_programs.MERGESORT.mergesort(MERGESORT.java:47)
	at java_programs.MERGESORT.mergesort(MERGESORT.java:47)
	at java_programs.MERGESORT.mergesort(MERGESORT.java:47)
	at java_programs.MERGESORT.mergesort(MERGESORT.java:47)
	at java_programs.MERGESORT.mergesort(MERGESORT.java:47)
	at java_programs.MERGESORT.mergesort(MERGESORT.java:47)
	at java_programs.MERGESORT.mergesort(MERGESORT.java:47)
	at java_programs.MERGESORT.mergesort(MERGESORT.java:47)
	at java_programs.MERGESORT.mergesort(MERGESORT.java:47)
	at java_programs.MERGESORT.mergesort(MERGESORT.java:47)
	at java_programs.MERGESORT.mergesort(MERGESORT.java:47)
	at java_programs.MERGESORT.mergesort(MERGESORT.java:47)
	at java_programs.MERGESORT.mergesort(MERGESORT.java:47)
	at java_programs.MERGESORT.mergesort(MERGESORT.java:47)
	at java_programs.MERGESORT.mergesort(MERGESORT.java:47)
	at java_programs.MERGESORT.mergesort(MERGESORT.java:47)
	at java_programs.MERGESORT.mergesort(MERGESORT.java:47)
	at java_programs.MERGESORT.mergesort(MERGESORT.java:47)
	at java_programs.MERGESORT.mergesort(MERGESORT.java:47)
	at java_programs.MERGESORT.mergesort(MERGESORT.java:47)
	at java_programs.MERGESORT.mergesort(MERGESORT.java:47)
	at java_programs.MERGESORT.mergesort(MERGESORT.java:47)
	at java_programs.MERGESORT.mergesort(MERGESORT.java:47)
	at java_programs.MERGESORT.mergesort(MERGESORT.java:47)
	at java_programs.MERGESORT.mergesort(MERGESORT.java:47)
	at java_programs.MERGESORT.mergesort(MERGESORT.java:47)
	at java_programs.MERGESORT.mergesort(MERGESORT.java:47)
	at java_programs.MERGESORT.mergesort(MERGESORT.java:47)
	at java_programs.MERGESORT.mergesort(MERGESORT.java:47)
	at java_programs.MERGESORT.mergesort(MERGESORT.java:47)
	at java_programs.MERGESORT.mergesort(MERGESORT.java:47)
	at java_programs.MERGESORT.mergesort(MERGESORT.java:47)
	at java_programs.MERGESORT.mergesort(MERGESORT.java:47)
	at java_programs.MERGESORT.mergesort(MERGESORT.java:47)
	at java_programs.MERGESORT.mergesort(MERGESORT.java:47)
	at java_programs.MERGESORT.mergesort(MERGESORT.java:47)
	at java_programs.MERGESORT.mergesort(MERGESORT.java:47)
	at java_programs.MERGESORT.mergesort(MERGESORT.java:47)
	at java_programs.MERGESORT.mergesort(MERGESORT.java:47)
	at java_programs.MERGESORT.mergesort(MERGESORT.java:47)
	at java_programs.MERGESORT.mergesort(MERGESORT.java:47)
	at java_programs.MERGESORT.mergesort(MERGESORT.java:47)
	at java_programs.MERGESORT.mergesort(MERGESORT.java:47)
	at java_programs.MERGESORT.mergesort(MERGESORT.java:47)
	at java_programs.MERGESORT.mergesort(MERGESORT.java:47)
	at java_programs.MERGESORT.mergesort(MERGESORT.java:47)
	at java_programs.MERGESORT.mergesort(MERGESORT.java:47)
	at java_programs.MERGESORT.mergesort(MERGESORT.java:47)
	at java_programs.MERGESORT.mergesort(MERGESORT.java:47)
	at java_programs.MERGESORT.mergesort(MERGESORT.java:47)
	at java_programs.MERGESORT.mergesort(MERGESORT.java:47)
	at java_programs.MERGESORT.mergesort(MERGESORT.java:47)
	at java_programs.MERGESORT.mergesort(MERGESORT.java:47)
	at java_programs.MERGESORT.mergesort(MERGESORT.java:47)
	at java_programs.MERGESORT.mergesort(MERGESORT.java:47)
	at java_programs.MERGESORT.mergesort(MERGESORT.java:47)
	at java_programs.MERGESORT.mergesort(MERGESORT.java:47)
	at java_programs.MERGESORT.mergesort(MERGESORT.java:47)
	at java_programs.MERGESORT.mergesort(MERGESORT.java:47)
	at java_programs.MERGESORT.mergesort(MERGESORT.java:47)
	at java_programs.MERGESORT.mergesort(MERGESORT.java:47)
	at java_programs.MERGESORT.mergesort(MERGESORT.java:47)
	at java_programs.MERGESORT.mergesort(MERGESORT.java:47)
	at java_programs.MERGESORT.mergesort(MERGESORT.java:47)
	at java_programs.MERGESORT.mergesort(MERGESORT.java:47)
	at java_programs.MERGESORT.mergesort(MERGESORT.java:47)
	at java_programs.MERGESORT.mergesort(MERGESORT.java:47)
	at java_programs.MERGESORT.mergesort(MERGESORT.java:47)
	at java_programs.MERGESORT.mergesort(MERGESORT.java:47)
	at java_programs.MERGESORT.mergesort(MERGESORT.java:47)
	at java_programs.MERGESORT.mergesort(MERGESORT.java:47)
	at java_programs.MERGESORT.mergesort(MERGESORT.java:47)
	at java_programs.MERGESORT.mergesort(MERGESORT.java:47)
	at java_programs.MERGESORT.mergesort(MERGESORT.java:47)
	at java_programs.MERGESORT.mergesort(MERGESORT.java:47)
	at java_programs.MERGESORT.mergesort(MERGESORT.java:47)
	at java_programs.MERGESORT.mergesort(MERGESORT.java:47)
	at java_programs.MERGESORT.mergesort(MERGESORT.java:47)
	at java_programs.MERGESORT.mergesort(MERGESORT.java:47)
	at java_programs.MERGESORT.mergesort(MERGESORT.java:47)
	at java_programs.MERGESORT.mergesort(MERGESORT.java:47)
	at java_programs.MERGESORT.mergesort(MERGESORT.java:47)
	at java_programs.MERGESORT.mergesort(MERGESORT.java:47)
	at java_programs.MERGESORT.mergesort(MERGESORT.java:47)
	at java_programs.MERGESORT.mergesort(MERGESORT.java:47)
	at java_programs.MERGESORT.mergesort(MERGESORT.java:47)
	at java_programs.MERGESORT.mergesort(MERGESORT.java:47)
	at java_programs.MERGESORT.mergesort(MERGESORT.java:47)
	at java_programs.MERGESORT.mergesort(MERGESORT.java:47)
	at java_programs.MERGESORT.mergesort(MERGESORT.java:47)
	at java_programs.MERGESORT.mergesort(MERGESORT.java:47)
	at java_programs.MERGESORT.mergesort(MERGESORT.java:47)
	at java_programs.MERGESORT.mergesort(MERGESORT.java:47)
	at java_programs.MERGESORT.mergesort(MERGESORT.java:47)
	at java_programs.MERGESORT.mergesort(MERGESORT.java:47)
	at java_programs.MERGESORT.mergesort(MERGESORT.java:47)
	at java_programs.MERGESORT.mergesort(MERGESORT.java:47)
	at java_programs.MERGESORT.mergesort(MERGESORT.java:47)
	at java_programs.MERGESORT.mergesort(MERGESORT.java:47)
	at java_programs.MERGESORT.mergesort(MERGESORT.java:47)
	at java_programs.MERGESORT.mergesort(MERGESORT.java:47)
	at java_programs.MERGESORT.mergesort(MERGESORT.java:47)
	at java_programs.MERGESORT.mergesort(MERGESORT.java:47)
	at java_programs.MERGESORT.mergesort(MERGESORT.java:47)
	at java_programs.MERGESORT.mergesort(MERGESORT.java:47)
	at java_programs.MERGESORT.mergesort(MERGESORT.java:47)
	at java_programs.MERGESORT.mergesort(MERGESORT.java:47)
	at java_programs.MERGESORT.mergesort(MERGESORT.java:47)
	at java_programs.MERGESORT.mergesort(MERGESORT.java:47)
	at java_programs.MERGESORT.mergesort(MERGESORT.java:47)
	at java_programs.MERGESORT.mergesort(MERGESORT.java:47)
	at java_programs.MERGESORT.mergesort(MERGESORT.java:47)
	at java_programs.MERGESORT.mergesort(MERGESORT.java:47)
	at java_programs.MERGESORT.mergesort(MERGESORT.java:47)
	at java_programs.MERGESORT.mergesort(MERGESORT.java:47)
	at java_programs.MERGESORT.mergesort(MERGESORT.java:47)
	at java_programs.MERGESORT.mergesort(MERGESORT.java:47)
	at java_programs.MERGESORT.mergesort(MERGESORT.java:47)
	at java_programs.MERGESORT.mergesort(MERGESORT.java:47)
	at java_programs.MERGESORT.mergesort(MERGESORT.java:47)
	at java_programs.MERGESORT.mergesort(MERGESORT.java:47)
	at java_programs.MERGESORT.mergesort(MERGESORT.java:47)
	at java_programs.MERGESORT.mergesort(MERGESORT.java:47)
	at java_programs.MERGESORT.mergesort(MERGESORT.java:47)
	at java_programs.MERGESORT.mergesort(MERGESORT.java:47)
	at java_programs.MERGESORT.mergesort(MERGESORT.java:47)
	at java_programs.MERGESORT.mergesort(MERGESORT.java:47)
	at java_programs.MERGESORT.mergesort(MERGESORT.java:47)
	at java_programs.MERGESORT.mergesort(MERGESORT.java:47)
	at java_programs.MERGESORT.mergesort(MERGESORT.java:47)
	at java_programs.MERGESORT.mergesort(MERGESORT.java:47)
	at java_programs.MERGESORT.mergesort(MERGESORT.java:47)
	at java_programs.MERGESORT.mergesort(MERGESORT.java:47)
	at java_programs.MERGESORT.mergesort(MERGESORT.java:47)
	at java_programs.MERGESORT.mergesort(MERGESORT.java:47)
	at java_programs.MERGESORT.mergesort(MERGESORT.java:47)
	at java_programs.MERGESORT.mergesort(MERGESORT.java:47)
	at java_programs.MERGESORT.mergesort(MERGESORT.java:47)
	at java_programs.MERGESORT.mergesort(MERGESORT.java:47)
	at java_programs.MERGESORT.mergesort(MERGESORT.java:47)
	at java_programs.MERGESORT.mergesort(MERGESORT.java:47)
	at java_programs.MERGESORT.mergesort(MERGESORT.java:47)
	at java_programs.MERGESORT.mergesort(MERGESORT.java:47)
	at java_programs.MERGESORT.mergesort(MERGESORT.java:47)
	at java_programs.MERGESORT.mergesort(MERGESORT.java:47)
	at java_programs.MERGESORT.mergesort(MERGESORT.java:47)
	at java_programs.MERGESORT.mergesort(MERGESORT.java:47)
	at java_programs.MERGESORT.mergesort(MERGESORT.java:47)
	at java_programs.MERGESORT.mergesort(MERGESORT.java:47)
	at java_programs.MERGESORT.mergesort(MERGESORT.java:47)
	at java_programs.MERGESORT.mergesort(MERGESORT.java:47)
	at java_programs.MERGESORT.mergesort(MERGESORT.java:47)
	at java_programs.MERGESORT.mergesort(MERGESORT.java:47)
	at java_programs.MERGESORT.mergesort(MERGESORT.java:47)
	at java_programs.MERGESORT.mergesort(MERGESORT.java:47)
	at java_programs.MERGESORT.mergesort(MERGESORT.java:47)
	at java_programs.MERGESORT.mergesort(MERGESORT.java:47)
	at java_programs.MERGESORT.mergesort(MERGESORT.java:47)
	at java_programs.MERGESORT.mergesort(MERGESORT.java:47)
	at java_programs.MERGESORT.mergesort(MERGESORT.java:47)
	at java_programs.MERGESORT.mergesort(MERGESORT.java:47)
	at java_programs.MERGESORT.mergesort(MERGESORT.java:47)
	at java_programs.MERGESORT.mergesort(MERGESORT.java:47)
	at java_programs.MERGESORT.mergesort(MERGESORT.java:47)
	at java_programs.MERGESORT.mergesort(MERGESORT.java:47)
	at java_programs.MERGESORT.mergesort(MERGESORT.java:47)
	at java_programs.MERGESORT.mergesort(MERGESORT.java:47)
	at java_programs.MERGESORT.mergesort(MERGESORT.java:47)
	at java_programs.MERGESORT.mergesort(MERGESORT.java:47)
	at java_programs.MERGESORT.mergesort(MERGESORT.java:47)
	at java_programs.MERGESORT.mergesort(MERGESORT.java:47)
	at java_programs.MERGESORT.mergesort(MERGESORT.java:47)
	at java_programs.MERGESORT.mergesort(MERGESORT.java:47)
	at java_programs.MERGESORT.mergesort(MERGESORT.java:47)
	at java_programs.MERGESORT.mergesort(MERGESORT.java:47)
	at java_programs.MERGESORT.mergesort(MERGESORT.java:47)
	at java_programs.MERGESORT.mergesort(MERGESORT.java:47)
	at java_programs.MERGESORT.mergesort(MERGESORT.java:47)
	at java_programs.MERGESORT.mergesort(MERGESORT.java:47)
	at java_programs.MERGESORT.mergesort(MERGESORT.java:47)
	at java_programs.MERGESORT.mergesort(MERGESORT.java:47)
	at java_programs.MERGESORT.mergesort(MERGESORT.java:47)
	at java_programs.MERGESORT.mergesort(MERGESORT.java:47)
	at java_programs.MERGESORT.mergesort(MERGESORT.java:47)
	at java_programs.MERGESORT.mergesort(MERGESORT.java:47)
	at java_programs.MERGESORT.mergesort(MERGESORT.java:47)
	at java_programs.MERGESORT.mergesort(MERGESORT.java:47)
	at java_programs.MERGESORT.mergesort(MERGESORT.java:47)
	at java_programs.MERGESORT.mergesort(MERGESORT.java:47)
	at java_programs.MERGESORT.mergesort(MERGESORT.java:47)
	at java_programs.MERGESORT.mergesort(MERGESORT.java:47)
	at java_programs.MERGESORT.mergesort(MERGESORT.java:47)
	at java_programs.MERGESORT.mergesort(MERGESORT.java:47)
	at java_programs.MERGESORT.mergesort(MERGESORT.java:47)
	at java_programs.MERGESORT.mergesort(MERGESORT.java:47)
	at java_programs.MERGESORT.mergesort(MERGESORT.java:47)
	at java_programs.MERGESORT.mergesort(MERGESORT.java:47)
	at java_programs.MERGESORT.mergesort(MERGESORT.java:47)
	at java_programs.MERGESORT.mergesort(MERGESORT.java:47)
	at java_programs.MERGESORT.mergesort(MERGESORT.java:47)
	at java_programs.MERGESORT.mergesort(MERGESORT.java:47)
	at java_programs.MERGESORT.mergesort(MERGESORT.java:47)
	at java_programs.MERGESORT.mergesort(MERGESORT.java:47)
	at java_programs.MERGESORT.mergesort(MERGESORT.java:47)
	at java_programs.MERGESORT.mergesort(MERGESORT.java:47)
	at java_programs.MERGESORT.mergesort(MERGESORT.java:47)
	at java_programs.MERGESORT.mergesort(MERGESORT.java:47)
	at java_programs.MERGESORT.mergesort(MERGESORT.java:47)
	at java_programs.MERGESORT.mergesort(MERGESORT.java:47)
	at java_programs.MERGESORT.mergesort(MERGESORT.java:47)
	at java_programs.MERGESORT.mergesort(MERGESORT.java:47)
	at java_programs.MERGESORT.mergesort(MERGESORT.java:47)
	at java_programs.MERGESORT.mergesort(MERGESORT.java:47)
	at java_programs.MERGESORT.mergesort(MERGESORT.java:47)
	at java_programs.MERGESORT.mergesort(MERGESORT.java:47)
	at java_programs.MERGESORT.mergesort(MERGESORT.java:47)
	at java_programs.MERGESORT.mergesort(MERGESORT.java:47)
	at java_programs.MERGESORT.mergesort(MERGESORT.java:47)
	at java_programs.MERGESORT.mergesort(MERGESORT.java:47)
	at java_programs.MERGESORT.mergesort(MERGESORT.java:47)
	at java_programs.MERGESORT.mergesort(MERGESORT.java:47)
	at java_programs.MERGESORT.mergesort(MERGESORT.java:47)
	at java_programs.MERGESORT.mergesort(MERGESORT.java:47)
	at java_programs.MERGESORT.mergesort(MERGESORT.java:47)
	at java_programs.MERGESORT.mergesort(MERGESORT.java:47)
	at java_programs.MERGESORT.mergesort(MERGESORT.java:47)
	at java_programs.MERGESORT.mergesort(MERGESORT.java:47)
	at java_programs.MERGESORT.mergesort(MERGESORT.java:47)
	at java_programs.MERGESORT.mergesort(MERGESORT.java:47)
	at java_programs.MERGESORT.mergesort(MERGESORT.java:47)
	at java_programs.MERGESORT.mergesort(MERGESORT.java:47)
	at java_programs.MERGESORT.mergesort(MERGESORT.java:47)
	at java_programs.MERGESORT.mergesort(MERGESORT.java:47)
	at java_programs.MERGESORT.mergesort(MERGESORT.java:47)
	at java_programs.MERGESORT.mergesort(MERGESORT.java:47)
	at java_programs.MERGESORT.mergesort(MERGESORT.java:47)
	at java_programs.MERGESORT.mergesort(MERGESORT.java:47)
	at java_programs.MERGESORT.mergesort(MERGESORT.java:47)
	at java_programs.MERGESORT.mergesort(MERGESORT.java:47)
	at java_programs.MERGESORT.mergesort(MERGESORT.java:47)
	at java_programs.MERGESORT.mergesort(MERGESORT.java:47)
	at java_programs.MERGESORT.mergesort(MERGESORT.java:47)
	at java_programs.MERGESORT.mergesort(MERGESORT.java:47)
	at java_programs.MERGESORT.mergesort(MERGESORT.java:47)
	at java_programs.MERGESORT.mergesort(MERGESORT.java:47)
	at java_programs.MERGESORT.mergesort(MERGESORT.java:47)
	at java_programs.MERGESORT.mergesort(MERGESORT.java:47)
	at java_programs.MERGESORT.mergesort(MERGESORT.java:47)
	at java_programs.MERGESORT.mergesort(MERGESORT.java:47)
	at java_programs.MERGESORT.mergesort(MERGESORT.java:47)
	at java_programs.MERGESORT.mergesort(MERGESORT.java:47)
	at java_programs.MERGESORT.mergesort(MERGESORT.java:47)
	at java_programs.MERGESORT.mergesort(MERGESORT.java:47)
	at java_programs.MERGESORT.mergesort(MERGESORT.java:47)
	at java_programs.MERGESORT.mergesort(MERGESORT.java:47)
	at java_programs.MERGESORT.mergesort(MERGESORT.java:47)
	at java_programs.MERGESORT.mergesort(MERGESORT.java:47)
	at java_programs.MERGESORT.mergesort(MERGESORT.java:47)
	at java_programs.MERGESORT.mergesort(MERGESORT.java:47)
	at java_programs.MERGESORT.mergesort(MERGESORT.java:47)
	at java_programs.MERGESORT.mergesort(MERGESORT.java:47)
	at java_programs.MERGESORT.mergesort(MERGESORT.java:47)
	at java_programs.MERGESORT.mergesort(MERGESORT.java:47)
	at java_programs.MERGESORT.mergesort(MERGESORT.java:47)
	at java_programs.MERGESORT.mergesort(MERGESORT.java:47)
	at java_programs.MERGESORT.mergesort(MERGESORT.java:47)
	at java_programs.MERGESORT.mergesort(MERGESORT.java:47)
	at java_programs.MERGESORT.mergesort(MERGESORT.java:47)
	at java_programs.MERGESORT.mergesort(MERGESORT.java:47)
	at java_programs.MERGESORT.mergesort(MERGESORT.java:47)
	at java_programs.MERGESORT.mergesort(MERGESORT.java:47)
	at java_programs.MERGESORT.mergesort(MERGESORT.java:47)
	at java_programs.MERGESORT.mergesort(MERGESORT.java:47)
	at java_programs.MERGESORT.mergesort(MERGESORT.java:47)
	at java_programs.MERGESORT.mergesort(MERGESORT.java:47)
	at java_programs.MERGESORT.mergesort(MERGESORT.java:47)
	at java_programs.MERGESORT.mergesort(MERGESORT.java:47)
	at java_programs.MERGESORT.mergesort(MERGESORT.java:47)
	at java_programs.MERGESORT.mergesort(MERGESORT.java:47)
	at java_programs.MERGESORT.mergesort(MERGESORT.java:47)
	at java_programs.MERGESORT.mergesort(MERGESORT.java:47)
	at java_programs.MERGESORT.mergesort(MERGESORT.java:47)
	at java_programs.MERGESORT.mergesort(MERGESORT.java:47)
	at java_programs.MERGESORT.mergesort(MERGESORT.java:47)
	at java_programs.MERGESORT.mergesort(MERGESORT.java:47)
	at java_programs.MERGESORT.mergesort(MERGESORT.java:47)
	at java_programs.MERGESORT.mergesort(MERGESORT.java:47)
	at java_programs.MERGESORT.mergesort(MERGESORT.java:47)
	at java_programs.MERGESORT.mergesort(MERGESORT.java:47)
	at java_programs.MERGESORT.mergesort(MERGESORT.java:47)
	at java_programs.MERGESORT.mergesort(MERGESORT.java:47)
	at java_programs.MERGESORT.mergesort(MERGESORT.java:47)
	at java_programs.MERGESORT.mergesort(MERGESORT.java:47)
	at java_programs.MERGESORT.mergesort(MERGESORT.java:47)
	at java_programs.MERGESORT.mergesort(MERGESORT.java:47)
	at java_programs.MERGESORT.mergesort(MERGESORT.java:47)
	at java_programs.MERGESORT.mergesort(MERGESORT.java:47)
	at java_programs.MERGESORT.mergesort(MERGESORT.java:47)
	at java_programs.MERGESORT.mergesort(MERGESORT.java:47)
	at java_programs.MERGESORT.mergesort(MERGESORT.java:47)
	at java_programs.MERGESORT.mergesort(MERGESORT.java:47)
	at java_programs.MERGESORT.mergesort(MERGESORT.java:47)
	at java_programs.MERGESORT.mergesort(MERGESORT.java:47)
	at java_programs.MERGESORT.mergesort(MERGESORT.java:47)
	at java_programs.MERGESORT.mergesort(MERGESORT.java:47)
	at java_programs.MERGESORT.mergesort(MERGESORT.java:47)
	at java_programs.MERGESORT.mergesort(MERGESORT.java:47)
	at java_programs.MERGESORT.mergesort(MERGESORT.java:47)
	at java_programs.MERGESORT.mergesort(MERGESORT.java:47)
	at java_programs.MERGESORT.mergesort(MERGESORT.java:47)
	at java_programs.MERGESORT.mergesort(MERGESORT.java:47)
	at java_programs.MERGESORT.mergesort(MERGESORT.java:47)
	at java_programs.MERGESORT.mergesort(MERGESORT.java:47)
	at java_programs.MERGESORT.mergesort(MERGESORT.java:47)
	at java_programs.MERGESORT.mergesort(MERGESORT.java:47)
	at java_programs.MERGESORT.mergesort(MERGESORT.java:47)
	at java_programs.MERGESORT.mergesort(MERGESORT.java:47)
	at java_programs.MERGESORT.mergesort(MERGESORT.java:47)
	at java_programs.MERGESORT.mergesort(MERGESORT.java:47)
	at java_programs.MERGESORT.mergesort(MERGESORT.java:47)
	at java_programs.MERGESORT.mergesort(MERGESORT.java:47)
	at java_programs.MERGESORT.mergesort(MERGESORT.java:47)
	at java_programs.MERGESORT.mergesort(MERGESORT.java:47)
	at java_programs.MERGESORT.mergesort(MERGESORT.java:47)
	at java_programs.MERGESORT.mergesort(MERGESORT.java:47)
	at java_programs.MERGESORT.mergesort(MERGESORT.java:47)
	at java_programs.MERGESORT.mergesort(MERGESORT.java:47)
	at java_programs.MERGESORT.mergesort(MERGESORT.java:47)
	at java_programs.MERGESORT.mergesort(MERGESORT.java:47)
	at java_programs.MERGESORT.mergesort(MERGESORT.java:47)
	at java_programs.MERGESORT.mergesort(MERGESORT.java:47)
	at java_programs.MERGESORT.mergesort(MERGESORT.java:47)
	at java_programs.MERGESORT.mergesort(MERGESORT.java:47)
	at java_programs.MERGESORT.mergesort(MERGESORT.java:47)
	at java_programs.MERGESORT.mergesort(MERGESORT.java:47)
	at java_programs.MERGESORT.mergesort(MERGESORT.java:47)
	at java_programs.MERGESORT.mergesort(MERGESORT.java:47)
	at java_programs.MERGESORT.mergesort(MERGESORT.java:47)
	at java_programs.MERGESORT.mergesort(MERGESORT.java:47)
	at java_programs.MERGESORT.mergesort(MERGESORT.java:47)
	at java_programs.MERGESORT.mergesort(MERGESORT.java:47)
	at java_programs.MERGESORT.mergesort(MERGESORT.java:47)
	at java_programs.MERGESORT.mergesort(MERGESORT.java:47)
	at java_programs.MERGESORT.mergesort(MERGESORT.java:47)
	at java_programs.MERGESORT.mergesort(MERGESORT.java:47)
	at java_programs.MERGESORT.mergesort(MERGESORT.java:47)
	at java_programs.MERGESORT.mergesort(MERGESORT.java:47)
	at java_programs.MERGESORT.mergesort(MERGESORT.java:47)
	at java_programs.MERGESORT.mergesort(MERGESORT.java:47)
	at java_programs.MERGESORT.mergesort(MERGESORT.java:47)
	at java_programs.MERGESORT.mergesort(MERGESORT.java:47)
	at java_programs.MERGESORT.mergesort(MERGESORT.java:47)
	at java_programs.MERGESORT.mergesort(MERGESORT.java:47)
	at java_programs.MERGESORT.mergesort(MERGESORT.java:47)
	at java_programs.MERGESORT.mergesort(MERGESORT.java:47)
	at java_programs.MERGESORT.mergesort(MERGESORT.java:47)
	at java_programs.MERGESORT.mergesort(MERGESORT.java:47)
	at java_programs.MERGESORT.mergesort(MERGESORT.java:47)
	at java_programs.MERGESORT.mergesort(MERGESORT.java:47)
	at java_programs.MERGESORT.mergesort(MERGESORT.java:47)
	at java_programs.MERGESORT.mergesort(MERGESORT.java:47)
	at java_programs.MERGESORT.mergesort(MERGESORT.java:47)
	at java_programs.MERGESORT.mergesort(MERGESORT.java:47)
	at java_programs.MERGESORT.mergesort(MERGESORT.java:47)
	at java_programs.MERGESORT.mergesort(MERGESORT.java:47)
	at java_programs.MERGESORT.mergesort(MERGESORT.java:47)
	at java_programs.MERGESORT.mergesort(MERGESORT.java:47)
	at java_programs.MERGESORT.mergesort(MERGESORT.java:47)
	at java_programs.MERGESORT.mergesort(MERGESORT.java:47)
	at java_programs.MERGESORT.mergesort(MERGESORT.java:47)
	at java_programs.MERGESORT.mergesort(MERGESORT.java:47)
	at java_programs.MERGESORT.mergesort(MERGESORT.java:47)
	at java_programs.MERGESORT.mergesort(MERGESORT.java:47)
	at java_programs.MERGESORT.mergesort(MERGESORT.java:47)
	at java_programs.MERGESORT.mergesort(MERGESORT.java:47)
	at java_programs.MERGESORT.mergesort(MERGESORT.java:47)
	at java_programs.MERGESORT.mergesort(MERGESORT.java:47)
	at java_programs.MERGESORT.mergesort(MERGESORT.java:47)
	at java_programs.MERGESORT.mergesort(MERGESORT.java:47)
	at java_programs.MERGESORT.mergesort(MERGESORT.java:47)
	at java_programs.MERGESORT.mergesort(MERGESORT.java:47)
	at java_programs.MERGESORT.mergesort(MERGESORT.java:47)
	at java_programs.MERGESORT.mergesort(MERGESORT.java:47)
	at java_programs.MERGESORT.mergesort(MERGESORT.java:47)
	at java_programs.MERGESORT.mergesort(MERGESORT.java:47)
	at java_programs.MERGESORT.mergesort(MERGESORT.java:47)
	at java_programs.MERGESORT.mergesort(MERGESORT.java:47)
	at java_programs.MERGESORT.mergesort(MERGESORT.java:47)
	at java_programs.MERGESORT.mergesort(MERGESORT.java:47)
	at java_programs.MERGESORT.mergesort(MERGESORT.java:47)
	at java_programs.MERGESORT.mergesort(MERGESORT.java:47)
	at java_programs.MERGESORT.mergesort(MERGESORT.java:47)
	at java_programs.MERGESORT.mergesort(MERGESORT.java:47)
	at java_programs.MERGESORT.mergesort(MERGESORT.java:47)
	at java_programs.MERGESORT.mergesort(MERGESORT.java:47)
	at java_programs.MERGESORT.mergesort(MERGESORT.java:47)
	at java_programs.MERGESORT.mergesort(MERGESORT.java:47)
	at java_programs.MERGESORT.mergesort(MERGESORT.java:47)
	at java_programs.MERGESORT.mergesort(MERGESORT.java:47)
	at java_programs.MERGESORT.mergesort(MERGESORT.java:47)
	at java_programs.MERGESORT.mergesort(MERGESORT.java:47)
	at java_programs.MERGESORT.mergesort(MERGESORT.java:47)
	at java_programs.MERGESORT.mergesort(MERGESORT.java:47)
	at java_programs.MERGESORT.mergesort(MERGESORT.java:47)
	at java_programs.MERGESORT.mergesort(MERGESORT.java:47)
	at java_programs.MERGESORT.mergesort(MERGESORT.java:47)
	at java_programs.MERGESORT.mergesort(MERGESORT.java:47)
	at java_programs.MERGESORT.mergesort(MERGESORT.java:47)
	at java_programs.MERGESORT.mergesort(MERGESORT.java:47)
	at java_programs.MERGESORT.mergesort(MERGESORT.java:47)
	at java_programs.MERGESORT.mergesort(MERGESORT.java:47)
	at java_programs.MERGESORT.mergesort(MERGESORT.java:47)
	at java_programs.MERGESORT.mergesort(MERGESORT.java:47)
	at java_programs.MERGESORT.mergesort(MERGESORT.java:47)
	at java_programs.MERGESORT.mergesort(MERGESORT.java:47)
	at java_programs.MERGESORT.mergesort(MERGESORT.java:47)
	at java_programs.MERGESORT.mergesort(MERGESORT.java:47)
	at java_programs.MERGESORT.mergesort(MERGESORT.java:47)
	at java_programs.MERGESORT.mergesort(MERGESORT.java:47)
	at java_programs.MERGESORT.mergesort(MERGESORT.java:47)
	at java_programs.MERGESORT.mergesort(MERGESORT.java:47)
	at java_programs.MERGESORT.mergesort(MERGESORT.java:47)
	at java_programs.MERGESORT.mergesort(MERGESORT.java:47)
	at java_programs.MERGESORT.mergesort(MERGESORT.java:47)
	at java_programs.MERGESORT.mergesort(MERGESORT.java:47)
	at java_programs.MERGESORT.mergesort(MERGESORT.java:47)
	at java_programs.MERGESORT.mergesort(MERGESORT.java:47)
	at java_programs.MERGESORT.mergesort(MERGESORT.java:47)
	at java_programs.MERGESORT.mergesort(MERGESORT.java:47)
	at java_programs.MERGESORT.mergesort(MERGESORT.java:47)
	at java_programs.MERGESORT.mergesort(MERGESORT.java:47)
	at java_programs.MERGESORT.mergesort(MERGESORT.java:47)
	at java_programs.MERGESORT.mergesort(MERGESORT.java:47)
	at java_programs.MERGESORT.mergesort(MERGESORT.java:47)
	at java_programs.MERGESORT.mergesort(MERGESORT.java:47)
	at java_programs.MERGESORT.mergesort(MERGESORT.java:47)
	at java_programs.MERGESORT.mergesort(MERGESORT.java:47)
	at java_programs.MERGESORT.mergesort(MERGESORT.java:47)
	at java_programs.MERGESORT.mergesort(MERGESORT.java:47)
	at java_programs.MERGESORT.mergesort(MERGESORT.java:47)
	at java_programs.MERGESORT.mergesort(MERGESORT.java:47)
	at java_programs.MERGESORT.mergesort(MERGESORT.java:47)
	at java_programs.MERGESORT.mergesort(MERGESORT.java:47)
	at java_programs.MERGESORT.mergesort(MERGESORT.java:47)
	at java_programs.MERGESORT.mergesort(MERGESORT.java:47)
	at java_programs.MERGESORT.mergesort(MERGESORT.java:47)
	at java_programs.MERGESORT.mergesort(MERGESORT.java:47)
	at java_programs.MERGESORT.mergesort(MERGESORT.java:47)
	at java_programs.MERGESORT.mergesort(MERGESORT.java:47)
	at java_programs.MERGESORT.mergesort(MERGESORT.java:47)
	at java_programs.MERGESORT.mergesort(MERGESORT.java:47)
	at java_programs.MERGESORT.mergesort(MERGESORT.java:47)
	at java_programs.MERGESORT.mergesort(MERGESORT.java:47)
	at java_programs.MERGESORT.mergesort(MERGESORT.java:47)
	at java_programs.MERGESORT.mergesort(MERGESORT.java:47)
	at java_programs.MERGESORT.mergesort(MERGESORT.java:47)
	at java_programs.MERGESORT.mergesort(MERGESORT.java:47)
	at java_programs.MERGESORT.mergesort(MERGESORT.java:47)
	at java_programs.MERGESORT.mergesort(MERGESORT.java:47)
	at java_programs.MERGESORT.mergesort(MERGESORT.java:47)
	at java_programs.MERGESORT.mergesort(MERGESORT.java:47)
	at java_programs.MERGESORT.mergesort(MERGESORT.java:47)
	at java_programs.MERGESORT.mergesort(MERGESORT.java:47)
	at java_programs.MERGESORT.mergesort(MERGESORT.java:47)
	at java_programs.MERGESORT.mergesort(MERGESORT.java:47)
	at java_programs.MERGESORT.mergesort(MERGESORT.java:47)
	at java_programs.MERGESORT.mergesort(MERGESORT.java:47)
	at java_programs.MERGESORT.mergesort(MERGESORT.java:47)
	at java_programs.MERGESORT.mergesort(MERGESORT.java:47)
	at java_programs.MERGESORT.mergesort(MERGESORT.java:47)
	at java_programs.MERGESORT.mergesort(MERGESORT.java:47)
	at java_programs.MERGESORT.mergesort(MERGESORT.java:47)
	at java_programs.MERGESORT.mergesort(MERGESORT.java:47)
	at java_programs.MERGESORT.mergesort(MERGESORT.java:47)
	at java_programs.MERGESORT.mergesort(MERGESORT.java:47)
	at java_programs.MERGESORT.mergesort(MERGESORT.java:47)
	at java_programs.MERGESORT.mergesort(MERGESORT.java:47)
	at java_programs.MERGESORT.mergesort(MERGESORT.java:47)
	at java_programs.MERGESORT.mergesort(MERGESORT.java:47)
	at java_programs.MERGESORT.mergesort(MERGESORT.java:47)
	at java_programs.MERGESORT.mergesort(MERGESORT.java:47)
	at java_programs.MERGESORT.mergesort(MERGESORT.java:47)
	at java_programs.MERGESORT.mergesort(MERGESORT.java:47)
	at java_programs.MERGESORT.mergesort(MERGESORT.java:47)
	at java_programs.MERGESORT.mergesort(MERGESORT.java:47)
	at java_programs.MERGESORT.mergesort(MERGESORT.java:47)
	at java_programs.MERGESORT.mergesort(MERGESORT.java:47)
	at java_programs.MERGESORT.mergesort(MERGESORT.java:47)
	at java_programs.MERGESORT.mergesort(MERGESORT.java:47)
	at java_programs.MERGESORT.mergesort(MERGESORT.java:47)
	at java_programs.MERGESORT.mergesort(MERGESORT.java:47)
	at java_programs.MERGESORT.mergesort(MERGESORT.java:47)
	at java_programs.MERGESORT.mergesort(MERGESORT.java:47)
	at java_programs.MERGESORT.mergesort(MERGESORT.java:47)
	at java_programs.MERGESORT.mergesort(MERGESORT.java:47)
	at java_programs.MERGESORT.mergesort(MERGESORT.java:47)
</failure>
  </testcase>
  <testcase name="test_12" classname="java_testcases.junit.MERGESORT_TEST" time="0.106">
    <failure message="java.lang.StackOverflowError" type="java.lang.StackOverflowError">java.lang.StackOverflowError
	at java.base/java.util.ArrayList.addAll(ArrayList.java:670)
	at java_programs.MERGESORT.mergesort(MERGESORT.java:43)
	at java_programs.MERGESORT.mergesort(MERGESORT.java:47)
	at java_programs.MERGESORT.mergesort(MERGESORT.java:47)
	at java_programs.MERGESORT.mergesort(MERGESORT.java:47)
	at java_programs.MERGESORT.mergesort(MERGESORT.java:47)
	at java_programs.MERGESORT.mergesort(MERGESORT.java:47)
	at java_programs.MERGESORT.mergesort(MERGESORT.java:47)
	at java_programs.MERGESORT.mergesort(MERGESORT.java:47)
	at java_programs.MERGESORT.mergesort(MERGESORT.java:47)
	at java_programs.MERGESORT.mergesort(MERGESORT.java:47)
	at java_programs.MERGESORT.mergesort(MERGESORT.java:47)
	at java_programs.MERGESORT.mergesort(MERGESORT.java:47)
	at java_programs.MERGESORT.mergesort(MERGESORT.java:47)
	at java_programs.MERGESORT.mergesort(MERGESORT.java:47)
	at java_programs.MERGESORT.mergesort(MERGESORT.java:47)
	at java_programs.MERGESORT.mergesort(MERGESORT.java:47)
	at java_programs.MERGESORT.mergesort(MERGESORT.java:47)
	at java_programs.MERGESORT.mergesort(MERGESORT.java:47)
	at java_programs.MERGESORT.mergesort(MERGESORT.java:47)
	at java_programs.MERGESORT.mergesort(MERGESORT.java:47)
	at java_programs.MERGESORT.mergesort(MERGESORT.java:47)
	at java_programs.MERGESORT.mergesort(MERGESORT.java:47)
	at java_programs.MERGESORT.mergesort(MERGESORT.java:47)
	at java_programs.MERGESORT.mergesort(MERGESORT.java:47)
	at java_programs.MERGESORT.mergesort(MERGESORT.java:47)
	at java_programs.MERGESORT.mergesort(MERGESORT.java:47)
	at java_programs.MERGESORT.mergesort(MERGESORT.java:47)
	at java_programs.MERGESORT.mergesort(MERGESORT.java:47)
	at java_programs.MERGESORT.mergesort(MERGESORT.java:47)
	at java_programs.MERGESORT.mergesort(MERGESORT.java:47)
	at java_programs.MERGESORT.mergesort(MERGESORT.java:47)
	at java_programs.MERGESORT.mergesort(MERGESORT.java:47)
	at java_programs.MERGESORT.mergesort(MERGESORT.java:47)
	at java_programs.MERGESORT.mergesort(MERGESORT.java:47)
	at java_programs.MERGESORT.mergesort(MERGESORT.java:47)
	at java_programs.MERGESORT.mergesort(MERGESORT.java:47)
	at java_programs.MERGESORT.mergesort(MERGESORT.java:47)
	at java_programs.MERGESORT.mergesort(MERGESORT.java:47)
	at java_programs.MERGESORT.mergesort(MERGESORT.java:47)
	at java_programs.MERGESORT.mergesort(MERGESORT.java:47)
	at java_programs.MERGESORT.mergesort(MERGESORT.java:47)
	at java_programs.MERGESORT.mergesort(MERGESORT.java:47)
	at java_programs.MERGESORT.mergesort(MERGESORT.java:47)
	at java_programs.MERGESORT.mergesort(MERGESORT.java:47)
	at java_programs.MERGESORT.mergesort(MERGESORT.java:47)
	at java_programs.MERGESORT.mergesort(MERGESORT.java:47)
	at java_programs.MERGESORT.mergesort(MERGESORT.java:47)
	at java_programs.MERGESORT.mergesort(MERGESORT.java:47)
	at java_programs.MERGESORT.mergesort(MERGESORT.java:47)
	at java_programs.MERGESORT.mergesort(MERGESORT.java:47)
	at java_programs.MERGESORT.mergesort(MERGESORT.java:47)
	at java_programs.MERGESORT.mergesort(MERGESORT.java:47)
	at java_programs.MERGESORT.mergesort(MERGESORT.java:47)
	at java_programs.MERGESORT.mergesort(MERGESORT.java:47)
	at java_programs.MERGESORT.mergesort(MERGESORT.java:47)
	at java_programs.MERGESORT.mergesort(MERGESORT.java:47)
	at java_programs.MERGESORT.mergesort(MERGESORT.java:47)
	at java_programs.MERGESORT.mergesort(MERGESORT.java:47)
	at java_programs.MERGESORT.mergesort(MERGESORT.java:47)
	at java_programs.MERGESORT.mergesort(MERGESORT.java:47)
	at java_programs.MERGESORT.mergesort(MERGESORT.java:47)
	at java_programs.MERGESORT.mergesort(MERGESORT.java:47)
	at java_programs.MERGESORT.mergesort(MERGESORT.java:47)
	at java_programs.MERGESORT.mergesort(MERGESORT.java:47)
	at java_programs.MERGESORT.mergesort(MERGESORT.java:47)
	at java_programs.MERGESORT.mergesort(MERGESORT.java:47)
	at java_programs.MERGESORT.mergesort(MERGESORT.java:47)
	at java_programs.MERGESORT.mergesort(MERGESORT.java:47)
	at java_programs.MERGESORT.mergesort(MERGESORT.java:47)
	at java_programs.MERGESORT.mergesort(MERGESORT.java:47)
	at java_programs.MERGESORT.mergesort(MERGESORT.java:47)
	at java_programs.MERGESORT.mergesort(MERGESORT.java:47)
	at java_programs.MERGESORT.mergesort(MERGESORT.java:47)
	at java_programs.MERGESORT.mergesort(MERGESORT.java:47)
	at java_programs.MERGESORT.mergesort(MERGESORT.java:47)
	at java_programs.MERGESORT.mergesort(MERGESORT.java:47)
	at java_programs.MERGESORT.mergesort(MERGESORT.java:47)
	at java_programs.MERGESORT.mergesort(MERGESORT.java:47)
	at java_programs.MERGESORT.mergesort(MERGESORT.java:47)
	at java_programs.MERGESORT.mergesort(MERGESORT.java:47)
	at java_programs.MERGESORT.mergesort(MERGESORT.java:47)
	at java_programs.MERGESORT.mergesort(MERGESORT.java:47)
	at java_programs.MERGESORT.mergesort(MERGESORT.java:47)
	at java_programs.MERGESORT.mergesort(MERGESORT.java:47)
	at java_programs.MERGESORT.mergesort(MERGESORT.java:47)
	at java_programs.MERGESORT.mergesort(MERGESORT.java:47)
	at java_programs.MERGESORT.mergesort(MERGESORT.java:47)
	at java_programs.MERGESORT.mergesort(MERGESORT.java:47)
	at java_programs.MERGESORT.mergesort(MERGESORT.java:47)
	at java_programs.MERGESORT.mergesort(MERGESORT.java:47)
	at java_programs.MERGESORT.mergesort(MERGESORT.java:47)
	at java_programs.MERGESORT.mergesort(MERGESORT.java:47)
	at java_programs.MERGESORT.mergesort(MERGESORT.java:47)
	at java_programs.MERGESORT.mergesort(MERGESORT.java:47)
	at java_programs.MERGESORT.mergesort(MERGESORT.java:47)
	at java_programs.MERGESORT.mergesort(MERGESORT.java:47)
	at java_programs.MERGESORT.mergesort(MERGESORT.java:47)
	at java_programs.MERGESORT.mergesort(MERGESORT.java:47)
	at java_programs.MERGESORT.mergesort(MERGESORT.java:47)
	at java_programs.MERGESORT.mergesort(MERGESORT.java:47)
	at java_programs.MERGESORT.mergesort(MERGESORT.java:47)
	at java_programs.MERGESORT.mergesort(MERGESORT.java:47)
	at java_programs.MERGESORT.mergesort(MERGESORT.java:47)
	at java_programs.MERGESORT.mergesort(MERGESORT.java:47)
	at java_programs.MERGESORT.mergesort(MERGESORT.java:47)
	at java_programs.MERGESORT.mergesort(MERGESORT.java:47)
	at java_programs.MERGESORT.mergesort(MERGESORT.java:47)
	at java_programs.MERGESORT.mergesort(MERGESORT.java:47)
	at java_programs.MERGESORT.mergesort(MERGESORT.java:47)
	at java_programs.MERGESORT.mergesort(MERGESORT.java:47)
	at java_programs.MERGESORT.mergesort(MERGESORT.java:47)
	at java_programs.MERGESORT.mergesort(MERGESORT.java:47)
	at java_programs.MERGESORT.mergesort(MERGESORT.java:47)
	at java_programs.MERGESORT.mergesort(MERGESORT.java:47)
	at java_programs.MERGESORT.mergesort(MERGESORT.java:47)
	at java_programs.MERGESORT.mergesort(MERGESORT.java:47)
	at java_programs.MERGESORT.mergesort(MERGESORT.java:47)
	at java_programs.MERGESORT.mergesort(MERGESORT.java:47)
	at java_programs.MERGESORT.mergesort(MERGESORT.java:47)
	at java_programs.MERGESORT.mergesort(MERGESORT.java:47)
	at java_programs.MERGESORT.mergesort(MERGESORT.java:47)
	at java_programs.MERGESORT.mergesort(MERGESORT.java:47)
	at java_programs.MERGESORT.mergesort(MERGESORT.java:47)
	at java_programs.MERGESORT.mergesort(MERGESORT.java:47)
	at java_programs.MERGESORT.mergesort(MERGESORT.java:47)
	at java_programs.MERGESORT.mergesort(MERGESORT.java:47)
	at java_programs.MERGESORT.mergesort(MERGESORT.java:47)
	at java_programs.MERGESORT.mergesort(MERGESORT.java:47)
	at java_programs.MERGESORT.mergesort(MERGESORT.java:47)
	at java_programs.MERGESORT.mergesort(MERGESORT.java:47)
	at java_programs.MERGESORT.mergesort(MERGESORT.java:47)
	at java_programs.MERGESORT.mergesort(MERGESORT.java:47)
	at java_programs.MERGESORT.mergesort(MERGESORT.java:47)
	at java_programs.MERGESORT.mergesort(MERGESORT.java:47)
	at java_programs.MERGESORT.mergesort(MERGESORT.java:47)
	at java_programs.MERGESORT.mergesort(MERGESORT.java:47)
	at java_programs.MERGESORT.mergesort(MERGESORT.java:47)
	at java_programs.MERGESORT.mergesort(MERGESORT.java:47)
	at java_programs.MERGESORT.mergesort(MERGESORT.java:47)
	at java_programs.MERGESORT.mergesort(MERGESORT.java:47)
	at java_programs.MERGESORT.mergesort(MERGESORT.java:47)
	at java_programs.MERGESORT.mergesort(MERGESORT.java:47)
	at java_programs.MERGESORT.mergesort(MERGESORT.java:47)
	at java_programs.MERGESORT.mergesort(MERGESORT.java:47)
	at java_programs.MERGESORT.mergesort(MERGESORT.java:47)
	at java_programs.MERGESORT.mergesort(MERGESORT.java:47)
	at java_programs.MERGESORT.mergesort(MERGESORT.java:47)
	at java_programs.MERGESORT.mergesort(MERGESORT.java:47)
	at java_programs.MERGESORT.mergesort(MERGESORT.java:47)
	at java_programs.MERGESORT.mergesort(MERGESORT.java:47)
	at java_programs.MERGESORT.mergesort(MERGESORT.java:47)
	at java_programs.MERGESORT.mergesort(MERGESORT.java:47)
	at java_programs.MERGESORT.mergesort(MERGESORT.java:47)
	at java_programs.MERGESORT.mergesort(MERGESORT.java:47)
	at java_programs.MERGESORT.mergesort(MERGESORT.java:47)
	at java_programs.MERGESORT.mergesort(MERGESORT.java:47)
	at java_programs.MERGESORT.mergesort(MERGESORT.java:47)
	at java_programs.MERGESORT.mergesort(MERGESORT.java:47)
	at java_programs.MERGESORT.mergesort(MERGESORT.java:47)
	at java_programs.MERGESORT.mergesort(MERGESORT.java:47)
	at java_programs.MERGESORT.mergesort(MERGESORT.java:47)
	at java_programs.MERGESORT.mergesort(MERGESORT.java:47)
	at java_programs.MERGESORT.mergesort(MERGESORT.java:47)
	at java_programs.MERGESORT.mergesort(MERGESORT.java:47)
	at java_programs.MERGESORT.mergesort(MERGESORT.java:47)
	at java_programs.MERGESORT.mergesort(MERGESORT.java:47)
	at java_programs.MERGESORT.mergesort(MERGESORT.java:47)
	at java_programs.MERGESORT.mergesort(MERGESORT.java:47)
	at java_programs.MERGESORT.mergesort(MERGESORT.java:47)
	at java_programs.MERGESORT.mergesort(MERGESORT.java:47)
	at java_programs.MERGESORT.mergesort(MERGESORT.java:47)
	at java_programs.MERGESORT.mergesort(MERGESORT.java:47)
	at java_programs.MERGESORT.mergesort(MERGESORT.java:47)
	at java_programs.MERGESORT.mergesort(MERGESORT.java:47)
	at java_programs.MERGESORT.mergesort(MERGESORT.java:47)
	at java_programs.MERGESORT.mergesort(MERGESORT.java:47)
	at java_programs.MERGESORT.mergesort(MERGESORT.java:47)
	at java_programs.MERGESORT.mergesort(MERGESORT.java:47)
	at java_programs.MERGESORT.mergesort(MERGESORT.java:47)
	at java_programs.MERGESORT.mergesort(MERGESORT.java:47)
	at java_programs.MERGESORT.mergesort(MERGESORT.java:47)
	at java_programs.MERGESORT.mergesort(MERGESORT.java:47)
	at java_programs.MERGESORT.mergesort(MERGESORT.java:47)
	at java_programs.MERGESORT.mergesort(MERGESORT.java:47)
	at java_programs.MERGESORT.mergesort(MERGESORT.java:47)
	at java_programs.MERGESORT.mergesort(MERGESORT.java:47)
	at java_programs.MERGESORT.mergesort(MERGESORT.java:47)
	at java_programs.MERGESORT.mergesort(MERGESORT.java:47)
	at java_programs.MERGESORT.mergesort(MERGESORT.java:47)
	at java_programs.MERGESORT.mergesort(MERGESORT.java:47)
	at java_programs.MERGESORT.mergesort(MERGESORT.java:47)
	at java_programs.MERGESORT.mergesort(MERGESORT.java:47)
	at java_programs.MERGESORT.mergesort(MERGESORT.java:47)
	at java_programs.MERGESORT.mergesort(MERGESORT.java:47)
	at java_programs.MERGESORT.mergesort(MERGESORT.java:47)
	at java_programs.MERGESORT.mergesort(MERGESORT.java:47)
	at java_programs.MERGESORT.mergesort(MERGESORT.java:47)
	at java_programs.MERGESORT.mergesort(MERGESORT.java:47)
	at java_programs.MERGESORT.mergesort(MERGESORT.java:47)
	at java_programs.MERGESORT.mergesort(MERGESORT.java:47)
	at java_programs.MERGESORT.mergesort(MERGESORT.java:47)
	at java_programs.MERGESORT.mergesort(MERGESORT.java:47)
	at java_programs.MERGESORT.mergesort(MERGESORT.java:47)
	at java_programs.MERGESORT.mergesort(MERGESORT.java:47)
	at java_programs.MERGESORT.mergesort(MERGESORT.java:47)
	at java_programs.MERGESORT.mergesort(MERGESORT.java:47)
	at java_programs.MERGESORT.mergesort(MERGESORT.java:47)
	at java_programs.MERGESORT.mergesort(MERGESORT.java:47)
	at java_programs.MERGESORT.mergesort(MERGESORT.java:47)
	at java_programs.MERGESORT.mergesort(MERGESORT.java:47)
	at java_programs.MERGESORT.mergesort(MERGESORT.java:47)
	at java_programs.MERGESORT.mergesort(MERGESORT.java:47)
	at java_programs.MERGESORT.mergesort(MERGESORT.java:47)
	at java_programs.MERGESORT.mergesort(MERGESORT.java:47)
	at java_programs.MERGESORT.mergesort(MERGESORT.java:47)
	at java_programs.MERGESORT.mergesort(MERGESORT.java:47)
	at java_programs.MERGESORT.mergesort(MERGESORT.java:47)
	at java_programs.MERGESORT.mergesort(MERGESORT.java:47)
	at java_programs.MERGESORT.mergesort(MERGESORT.java:47)
	at java_programs.MERGESORT.mergesort(MERGESORT.java:47)
	at java_programs.MERGESORT.mergesort(MERGESORT.java:47)
	at java_programs.MERGESORT.mergesort(MERGESORT.java:47)
	at java_programs.MERGESORT.mergesort(MERGESORT.java:47)
	at java_programs.MERGESORT.mergesort(MERGESORT.java:47)
	at java_programs.MERGESORT.mergesort(MERGESORT.java:47)
	at java_programs.MERGESORT.mergesort(MERGESORT.java:47)
	at java_programs.MERGESORT.mergesort(MERGESORT.java:47)
	at java_programs.MERGESORT.mergesort(MERGESORT.java:47)
	at java_programs.MERGESORT.mergesort(MERGESORT.java:47)
	at java_programs.MERGESORT.mergesort(MERGESORT.java:47)
	at java_programs.MERGESORT.mergesort(MERGESORT.java:47)
	at java_programs.MERGESORT.mergesort(MERGESORT.java:47)
	at java_programs.MERGESORT.mergesort(MERGESORT.java:47)
	at java_programs.MERGESORT.mergesort(MERGESORT.java:47)
	at java_programs.MERGESORT.mergesort(MERGESORT.java:47)
	at java_programs.MERGESORT.mergesort(MERGESORT.java:47)
	at java_programs.MERGESORT.mergesort(MERGESORT.java:47)
	at java_programs.MERGESORT.mergesort(MERGESORT.java:47)
	at java_programs.MERGESORT.mergesort(MERGESORT.java:47)
	at java_programs.MERGESORT.mergesort(MERGESORT.java:47)
	at java_programs.MERGESORT.mergesort(MERGESORT.java:47)
	at java_programs.MERGESORT.mergesort(MERGESORT.java:47)
	at java_programs.MERGESORT.mergesort(MERGESORT.java:47)
	at java_programs.MERGESORT.mergesort(MERGESORT.java:47)
	at java_programs.MERGESORT.mergesort(MERGESORT.java:47)
	at java_programs.MERGESORT.mergesort(MERGESORT.java:47)
	at java_programs.MERGESORT.mergesort(MERGESORT.java:47)
	at java_programs.MERGESORT.mergesort(MERGESORT.java:47)
	at java_programs.MERGESORT.mergesort(MERGESORT.java:47)
	at java_programs.MERGESORT.mergesort(MERGESORT.java:47)
	at java_programs.MERGESORT.mergesort(MERGESORT.java:47)
	at java_programs.MERGESORT.mergesort(MERGESORT.java:47)
	at java_programs.MERGESORT.mergesort(MERGESORT.java:47)
	at java_programs.MERGESORT.mergesort(MERGESORT.java:47)
	at java_programs.MERGESORT.mergesort(MERGESORT.java:47)
	at java_programs.MERGESORT.mergesort(MERGESORT.java:47)
	at java_programs.MERGESORT.mergesort(MERGESORT.java:47)
	at java_programs.MERGESORT.mergesort(MERGESORT.java:47)
	at java_programs.MERGESORT.mergesort(MERGESORT.java:47)
	at java_programs.MERGESORT.mergesort(MERGESORT.java:47)
	at java_programs.MERGESORT.mergesort(MERGESORT.java:47)
	at java_programs.MERGESORT.mergesort(MERGESORT.java:47)
	at java_programs.MERGESORT.mergesort(MERGESORT.java:47)
	at java_programs.MERGESORT.mergesort(MERGESORT.java:47)
	at java_programs.MERGESORT.mergesort(MERGESORT.java:47)
	at java_programs.MERGESORT.mergesort(MERGESORT.java:47)
	at java_programs.MERGESORT.mergesort(MERGESORT.java:47)
	at java_programs.MERGESORT.mergesort(MERGESORT.java:47)
	at java_programs.MERGESORT.mergesort(MERGESORT.java:47)
	at java_programs.MERGESORT.mergesort(MERGESORT.java:47)
	at java_programs.MERGESORT.mergesort(MERGESORT.java:47)
	at java_programs.MERGESORT.mergesort(MERGESORT.java:47)
	at java_programs.MERGESORT.mergesort(MERGESORT.java:47)
	at java_programs.MERGESORT.mergesort(MERGESORT.java:47)
	at java_programs.MERGESORT.mergesort(MERGESORT.java:47)
	at java_programs.MERGESORT.mergesort(MERGESORT.java:47)
	at java_programs.MERGESORT.mergesort(MERGESORT.java:47)
	at java_programs.MERGESORT.mergesort(MERGESORT.java:47)
	at java_programs.MERGESORT.mergesort(MERGESORT.java:47)
	at java_programs.MERGESORT.mergesort(MERGESORT.java:47)
	at java_programs.MERGESORT.mergesort(MERGESORT.java:47)
	at java_programs.MERGESORT.mergesort(MERGESORT.java:47)
	at java_programs.MERGESORT.mergesort(MERGESORT.java:47)
	at java_programs.MERGESORT.mergesort(MERGESORT.java:47)
	at java_programs.MERGESORT.mergesort(MERGESORT.java:47)
	at java_programs.MERGESORT.mergesort(MERGESORT.java:47)
	at java_programs.MERGESORT.mergesort(MERGESORT.java:47)
	at java_programs.MERGESORT.mergesort(MERGESORT.java:47)
	at java_programs.MERGESORT.mergesort(MERGESORT.java:47)
	at java_programs.MERGESORT.mergesort(MERGESORT.java:47)
	at java_programs.MERGESORT.mergesort(MERGESORT.java:47)
	at java_programs.MERGESORT.mergesort(MERGESORT.java:47)
	at java_programs.MERGESORT.mergesort(MERGESORT.java:47)
	at java_programs.MERGESORT.mergesort(MERGESORT.java:47)
	at java_programs.MERGESORT.mergesort(MERGESORT.java:47)
	at java_programs.MERGESORT.mergesort(MERGESORT.java:47)
	at java_programs.MERGESORT.mergesort(MERGESORT.java:47)
	at java_programs.MERGESORT.mergesort(MERGESORT.java:47)
	at java_programs.MERGESORT.mergesort(MERGESORT.java:47)
	at java_programs.MERGESORT.mergesort(MERGESORT.java:47)
	at java_programs.MERGESORT.mergesort(MERGESORT.java:47)
	at java_programs.MERGESORT.mergesort(MERGESORT.java:47)
	at java_programs.MERGESORT.mergesort(MERGESORT.java:47)
	at java_programs.MERGESORT.mergesort(MERGESORT.java:47)
	at java_programs.MERGESORT.mergesort(MERGESORT.java:47)
	at java_programs.MERGESORT.mergesort(MERGESORT.java:47)
	at java_programs.MERGESORT.mergesort(MERGESORT.java:47)
	at java_programs.MERGESORT.mergesort(MERGESORT.java:47)
	at java_programs.MERGESORT.mergesort(MERGESORT.java:47)
	at java_programs.MERGESORT.mergesort(MERGESORT.java:47)
	at java_programs.MERGESORT.mergesort(MERGESORT.java:47)
	at java_programs.MERGESORT.mergesort(MERGESORT.java:47)
	at java_programs.MERGESORT.mergesort(MERGESORT.java:47)
	at java_programs.MERGESORT.mergesort(MERGESORT.java:47)
	at java_programs.MERGESORT.mergesort(MERGESORT.java:47)
	at java_programs.MERGESORT.mergesort(MERGESORT.java:47)
	at java_programs.MERGESORT.mergesort(MERGESORT.java:47)
	at java_programs.MERGESORT.mergesort(MERGESORT.java:47)
	at java_programs.MERGESORT.mergesort(MERGESORT.java:47)
	at java_programs.MERGESORT.mergesort(MERGESORT.java:47)
	at java_programs.MERGESORT.mergesort(MERGESORT.java:47)
	at java_programs.MERGESORT.mergesort(MERGESORT.java:47)
	at java_programs.MERGESORT.mergesort(MERGESORT.java:47)
	at java_programs.MERGESORT.mergesort(MERGESORT.java:47)
	at java_programs.MERGESORT.mergesort(MERGESORT.java:47)
	at java_programs.MERGESORT.mergesort(MERGESORT.java:47)
	at java_programs.MERGESORT.mergesort(MERGESORT.java:47)
	at java_programs.MERGESORT.mergesort(MERGESORT.java:47)
	at java_programs.MERGESORT.mergesort(MERGESORT.java:47)
	at java_programs.MERGESORT.mergesort(MERGESORT.java:47)
	at java_programs.MERGESORT.mergesort(MERGESORT.java:47)
	at java_programs.MERGESORT.mergesort(MERGESORT.java:47)
	at java_programs.MERGESORT.mergesort(MERGESORT.java:47)
	at java_programs.MERGESORT.mergesort(MERGESORT.java:47)
	at java_programs.MERGESORT.mergesort(MERGESORT.java:47)
	at java_programs.MERGESORT.mergesort(MERGESORT.java:47)
	at java_programs.MERGESORT.mergesort(MERGESORT.java:47)
	at java_programs.MERGESORT.mergesort(MERGESORT.java:47)
	at java_programs.MERGESORT.mergesort(MERGESORT.java:47)
	at java_programs.MERGESORT.mergesort(MERGESORT.java:47)
	at java_programs.MERGESORT.mergesort(MERGESORT.java:47)
	at java_programs.MERGESORT.mergesort(MERGESORT.java:47)
	at java_programs.MERGESORT.mergesort(MERGESORT.java:47)
	at java_programs.MERGESORT.mergesort(MERGESORT.java:47)
	at java_programs.MERGESORT.mergesort(MERGESORT.java:47)
	at java_programs.MERGESORT.mergesort(MERGESORT.java:47)
	at java_programs.MERGESORT.mergesort(MERGESORT.java:47)
	at java_programs.MERGESORT.mergesort(MERGESORT.java:47)
	at java_programs.MERGESORT.mergesort(MERGESORT.java:47)
	at java_programs.MERGESORT.mergesort(MERGESORT.java:47)
	at java_programs.MERGESORT.mergesort(MERGESORT.java:47)
	at java_programs.MERGESORT.mergesort(MERGESORT.java:47)
	at java_programs.MERGESORT.mergesort(MERGESORT.java:47)
	at java_programs.MERGESORT.mergesort(MERGESORT.java:47)
	at java_programs.MERGESORT.mergesort(MERGESORT.java:47)
	at java_programs.MERGESORT.mergesort(MERGESORT.java:47)
	at java_programs.MERGESORT.mergesort(MERGESORT.java:47)
	at java_programs.MERGESORT.mergesort(MERGESORT.java:47)
	at java_programs.MERGESORT.mergesort(MERGESORT.java:47)
	at java_programs.MERGESORT.mergesort(MERGESORT.java:47)
	at java_programs.MERGESORT.mergesort(MERGESORT.java:47)
	at java_programs.MERGESORT.mergesort(MERGESORT.java:47)
	at java_programs.MERGESORT.mergesort(MERGESORT.java:47)
	at java_programs.MERGESORT.mergesort(MERGESORT.java:47)
	at java_programs.MERGESORT.mergesort(MERGESORT.java:47)
	at java_programs.MERGESORT.mergesort(MERGESORT.java:47)
	at java_programs.MERGESORT.mergesort(MERGESORT.java:47)
	at java_programs.MERGESORT.mergesort(MERGESORT.java:47)
	at java_programs.MERGESORT.mergesort(MERGESORT.java:47)
	at java_programs.MERGESORT.mergesort(MERGESORT.java:47)
	at java_programs.MERGESORT.mergesort(MERGESORT.java:47)
	at java_programs.MERGESORT.mergesort(MERGESORT.java:47)
	at java_programs.MERGESORT.mergesort(MERGESORT.java:47)
	at java_programs.MERGESORT.mergesort(MERGESORT.java:47)
	at java_programs.MERGESORT.mergesort(MERGESORT.java:47)
	at java_programs.MERGESORT.mergesort(MERGESORT.java:47)
	at java_programs.MERGESORT.mergesort(MERGESORT.java:47)
	at java_programs.MERGESORT.mergesort(MERGESORT.java:47)
	at java_programs.MERGESORT.mergesort(MERGESORT.java:47)
	at java_programs.MERGESORT.mergesort(MERGESORT.java:47)
	at java_programs.MERGESORT.mergesort(MERGESORT.java:47)
	at java_programs.MERGESORT.mergesort(MERGESORT.java:47)
	at java_programs.MERGESORT.mergesort(MERGESORT.java:47)
	at java_programs.MERGESORT.mergesort(MERGESORT.java:47)
	at java_programs.MERGESORT.mergesort(MERGESORT.java:47)
	at java_programs.MERGESORT.mergesort(MERGESORT.java:47)
	at java_programs.MERGESORT.mergesort(MERGESORT.java:47)
	at java_programs.MERGESORT.mergesort(MERGESORT.java:47)
	at java_programs.MERGESORT.mergesort(MERGESORT.java:47)
	at java_programs.MERGESORT.mergesort(MERGESORT.java:47)
	at java_programs.MERGESORT.mergesort(MERGESORT.java:47)
	at java_programs.MERGESORT.mergesort(MERGESORT.java:47)
	at java_programs.MERGESORT.mergesort(MERGESORT.java:47)
	at java_programs.MERGESORT.mergesort(MERGESORT.java:47)
	at java_programs.MERGESORT.mergesort(MERGESORT.java:47)
	at java_programs.MERGESORT.mergesort(MERGESORT.java:47)
	at java_programs.MERGESORT.mergesort(MERGESORT.java:47)
	at java_programs.MERGESORT.mergesort(MERGESORT.java:47)
	at java_programs.MERGESORT.mergesort(MERGESORT.java:47)
	at java_programs.MERGESORT.mergesort(MERGESORT.java:47)
	at java_programs.MERGESORT.mergesort(MERGESORT.java:47)
	at java_programs.MERGESORT.mergesort(MERGESORT.java:47)
	at java_programs.MERGESORT.mergesort(MERGESORT.java:47)
	at java_programs.MERGESORT.mergesort(MERGESORT.java:47)
	at java_programs.MERGESORT.mergesort(MERGESORT.java:47)
	at java_programs.MERGESORT.mergesort(MERGESORT.java:47)
	at java_programs.MERGESORT.mergesort(MERGESORT.java:47)
	at java_programs.MERGESORT.mergesort(MERGESORT.java:47)
	at java_programs.MERGESORT.mergesort(MERGESORT.java:47)
	at java_programs.MERGESORT.mergesort(MERGESORT.java:47)
	at java_programs.MERGESORT.mergesort(MERGESORT.java:47)
	at java_programs.MERGESORT.mergesort(MERGESORT.java:47)
	at java_programs.MERGESORT.mergesort(MERGESORT.java:47)
	at java_programs.MERGESORT.mergesort(MERGESORT.java:47)
	at java_programs.MERGESORT.mergesort(MERGESORT.java:47)
	at java_programs.MERGESORT.mergesort(MERGESORT.java:47)
	at java_programs.MERGESORT.mergesort(MERGESORT.java:47)
	at java_programs.MERGESORT.mergesort(MERGESORT.java:47)
	at java_programs.MERGESORT.mergesort(MERGESORT.java:47)
	at java_programs.MERGESORT.mergesort(MERGESORT.java:47)
	at java_programs.MERGESORT.mergesort(MERGESORT.java:47)
	at java_programs.MERGESORT.mergesort(MERGESORT.java:47)
	at java_programs.MERGESORT.mergesort(MERGESORT.java:47)
	at java_programs.MERGESORT.mergesort(MERGESORT.java:47)
	at java_programs.MERGESORT.mergesort(MERGESORT.java:47)
	at java_programs.MERGESORT.mergesort(MERGESORT.java:47)
	at java_programs.MERGESORT.mergesort(MERGESORT.java:47)
	at java_programs.MERGESORT.mergesort(MERGESORT.java:47)
	at java_programs.MERGESORT.mergesort(MERGESORT.java:47)
	at java_programs.MERGESORT.mergesort(MERGESORT.java:47)
	at java_programs.MERGESORT.mergesort(MERGESORT.java:47)
	at java_programs.MERGESORT.mergesort(MERGESORT.java:47)
	at java_programs.MERGESORT.mergesort(MERGESORT.java:47)
	at java_programs.MERGESORT.mergesort(MERGESORT.java:47)
	at java_programs.MERGESORT.mergesort(MERGESORT.java:47)
	at java_programs.MERGESORT.mergesort(MERGESORT.java:47)
	at java_programs.MERGESORT.mergesort(MERGESORT.java:47)
	at java_programs.MERGESORT.mergesort(MERGESORT.java:47)
	at java_programs.MERGESORT.mergesort(MERGESORT.java:47)
	at java_programs.MERGESORT.mergesort(MERGESORT.java:47)
	at java_programs.MERGESORT.mergesort(MERGESORT.java:47)
	at java_programs.MERGESORT.mergesort(MERGESORT.java:47)
	at java_programs.MERGESORT.mergesort(MERGESORT.java:47)
	at java_programs.MERGESORT.mergesort(MERGESORT.java:47)
	at java_programs.MERGESORT.mergesort(MERGESORT.java:47)
	at java_programs.MERGESORT.mergesort(MERGESORT.java:47)
	at java_programs.MERGESORT.mergesort(MERGESORT.java:47)
	at java_programs.MERGESORT.mergesort(MERGESORT.java:47)
	at java_programs.MERGESORT.mergesort(MERGESORT.java:47)
	at java_programs.MERGESORT.mergesort(MERGESORT.java:47)
	at java_programs.MERGESORT.mergesort(MERGESORT.java:47)
	at java_programs.MERGESORT.mergesort(MERGESORT.java:47)
	at java_programs.MERGESORT.mergesort(MERGESORT.java:47)
	at java_programs.MERGESORT.mergesort(MERGESORT.java:47)
	at java_programs.MERGESORT.mergesort(MERGESORT.java:47)
	at java_programs.MERGESORT.mergesort(MERGESORT.java:47)
	at java_programs.MERGESORT.mergesort(MERGESORT.java:47)
	at java_programs.MERGESORT.mergesort(MERGESORT.java:47)
	at java_programs.MERGESORT.mergesort(MERGESORT.java:47)
	at java_programs.MERGESORT.mergesort(MERGESORT.java:47)
	at java_programs.MERGESORT.mergesort(MERGESORT.java:47)
	at java_programs.MERGESORT.mergesort(MERGESORT.java:47)
	at java_programs.MERGESORT.mergesort(MERGESORT.java:47)
	at java_programs.MERGESORT.mergesort(MERGESORT.java:47)
	at java_programs.MERGESORT.mergesort(MERGESORT.java:47)
	at java_programs.MERGESORT.mergesort(MERGESORT.java:47)
	at java_programs.MERGESORT.mergesort(MERGESORT.java:47)
	at java_programs.MERGESORT.mergesort(MERGESORT.java:47)
	at java_programs.MERGESORT.mergesort(MERGESORT.java:47)
	at java_programs.MERGESORT.mergesort(MERGESORT.java:47)
	at java_programs.MERGESORT.mergesort(MERGESORT.java:47)
	at java_programs.MERGESORT.mergesort(MERGESORT.java:47)
	at java_programs.MERGESORT.mergesort(MERGESORT.java:47)
	at java_programs.MERGESORT.mergesort(MERGESORT.java:47)
	at java_programs.MERGESORT.mergesort(MERGESORT.java:47)
	at java_programs.MERGESORT.mergesort(MERGESORT.java:47)
	at java_programs.MERGESORT.mergesort(MERGESORT.java:47)
	at java_programs.MERGESORT.mergesort(MERGESORT.java:47)
	at java_programs.MERGESORT.mergesort(MERGESORT.java:47)
	at java_programs.MERGESORT.mergesort(MERGESORT.java:47)
	at java_programs.MERGESORT.mergesort(MERGESORT.java:47)
	at java_programs.MERGESORT.mergesort(MERGESORT.java:47)
	at java_programs.MERGESORT.mergesort(MERGESORT.java:47)
	at java_programs.MERGESORT.mergesort(MERGESORT.java:47)
	at java_programs.MERGESORT.mergesort(MERGESORT.java:47)
	at java_programs.MERGESORT.mergesort(MERGESORT.java:47)
	at java_programs.MERGESORT.mergesort(MERGESORT.java:47)
	at java_programs.MERGESORT.mergesort(MERGESORT.java:47)
	at java_programs.MERGESORT.mergesort(MERGESORT.java:47)
	at java_programs.MERGESORT.mergesort(MERGESORT.java:47)
	at java_programs.MERGESORT.mergesort(MERGESORT.java:47)
	at java_programs.MERGESORT.mergesort(MERGESORT.java:47)
	at java_programs.MERGESORT.mergesort(MERGESORT.java:47)
	at java_programs.MERGESORT.mergesort(MERGESORT.java:47)
	at java_programs.MERGESORT.mergesort(MERGESORT.java:47)
	at java_programs.MERGESORT.mergesort(MERGESORT.java:47)
	at java_programs.MERGESORT.mergesort(MERGESORT.java:47)
	at java_programs.MERGESORT.mergesort(MERGESORT.java:47)
	at java_programs.MERGESORT.mergesort(MERGESORT.java:47)
	at java_programs.MERGESORT.mergesort(MERGESORT.java:47)
	at java_programs.MERGESORT.mergesort(MERGESORT.java:47)
	at java_programs.MERGESORT.mergesort(MERGESORT.java:47)
	at java_programs.MERGESORT.mergesort(MERGESORT.java:47)
	at java_programs.MERGESORT.mergesort(MERGESORT.java:47)
	at java_programs.MERGESORT.mergesort(MERGESORT.java:47)
	at java_programs.MERGESORT.mergesort(MERGESORT.java:47)
	at java_programs.MERGESORT.mergesort(MERGESORT.java:47)
	at java_programs.MERGESORT.mergesort(MERGESORT.java:47)
	at java_programs.MERGESORT.mergesort(MERGESORT.java:47)
	at java_programs.MERGESORT.mergesort(MERGESORT.java:47)
	at java_programs.MERGESORT.mergesort(MERGESORT.java:47)
	at java_programs.MERGESORT.mergesort(MERGESORT.java:47)
	at java_programs.MERGESORT.mergesort(MERGESORT.java:47)
	at java_programs.MERGESORT.mergesort(MERGESORT.java:47)
	at java_programs.MERGESORT.mergesort(MERGESORT.java:47)
	at java_programs.MERGESORT.mergesort(MERGESORT.java:47)
	at java_programs.MERGESORT.mergesort(MERGESORT.java:47)
	at java_programs.MERGESORT.mergesort(MERGESORT.java:47)
	at java_programs.MERGESORT.mergesort(MERGESORT.java:47)
	at java_programs.MERGESORT.mergesort(MERGESORT.java:47)
	at java_programs.MERGESORT.mergesort(MERGESORT.java:47)
	at java_programs.MERGESORT.mergesort(MERGESORT.java:47)
	at java_programs.MERGESORT.mergesort(MERGESORT.java:47)
	at java_programs.MERGESORT.mergesort(MERGESORT.java:47)
	at java_programs.MERGESORT.mergesort(MERGESORT.java:47)
	at java_programs.MERGESORT.mergesort(MERGESORT.java:47)
	at java_programs.MERGESORT.mergesort(MERGESORT.java:47)
	at java_programs.MERGESORT.mergesort(MERGESORT.java:47)
	at java_programs.MERGESORT.mergesort(MERGESORT.java:47)
	at java_programs.MERGESORT.mergesort(MERGESORT.java:47)
	at java_programs.MERGESORT.mergesort(MERGESORT.java:47)
	at java_programs.MERGESORT.mergesort(MERGESORT.java:47)
	at java_programs.MERGESORT.mergesort(MERGESORT.java:47)
	at java_programs.MERGESORT.mergesort(MERGESORT.java:47)
	at java_programs.MERGESORT.mergesort(MERGESORT.java:47)
	at java_programs.MERGESORT.mergesort(MERGESORT.java:47)
	at java_programs.MERGESORT.mergesort(MERGESORT.java:47)
	at java_programs.MERGESORT.mergesort(MERGESORT.java:47)
	at java_programs.MERGESORT.mergesort(MERGESORT.java:47)
	at java_programs.MERGESORT.mergesort(MERGESORT.java:47)
	at java_programs.MERGESORT.mergesort(MERGESORT.java:47)
	at java_programs.MERGESORT.mergesort(MERGESORT.java:47)
	at java_programs.MERGESORT.mergesort(MERGESORT.java:47)
	at java_programs.MERGESORT.mergesort(MERGESORT.java:47)
	at java_programs.MERGESORT.mergesort(MERGESORT.java:47)
	at java_programs.MERGESORT.mergesort(MERGESORT.java:47)
	at java_programs.MERGESORT.mergesort(MERGESORT.java:47)
	at java_programs.MERGESORT.mergesort(MERGESORT.java:47)
	at java_programs.MERGESORT.mergesort(MERGESORT.java:47)
	at java_programs.MERGESORT.mergesort(MERGESORT.java:47)
	at java_programs.MERGESORT.mergesort(MERGESORT.java:47)
	at java_programs.MERGESORT.mergesort(MERGESORT.java:47)
	at java_programs.MERGESORT.mergesort(MERGESORT.java:47)
	at java_programs.MERGESORT.mergesort(MERGESORT.java:47)
	at java_programs.MERGESORT.mergesort(MERGESORT.java:47)
	at java_programs.MERGESORT.mergesort(MERGESORT.java:47)
	at java_programs.MERGESORT.mergesort(MERGESORT.java:47)
	at java_programs.MERGESORT.mergesort(MERGESORT.java:47)
	at java_programs.MERGESORT.mergesort(MERGESORT.java:47)
	at java_programs.MERGESORT.mergesort(MERGESORT.java:47)
	at java_programs.MERGESORT.mergesort(MERGESORT.java:47)
	at java_programs.MERGESORT.mergesort(MERGESORT.java:47)
	at java_programs.MERGESORT.mergesort(MERGESORT.java:47)
	at java_programs.MERGESORT.mergesort(MERGESORT.java:47)
	at java_programs.MERGESORT.mergesort(MERGESORT.java:47)
	at java_programs.MERGESORT.mergesort(MERGESORT.java:47)
	at java_programs.MERGESORT.mergesort(MERGESORT.java:47)
	at java_programs.MERGESORT.mergesort(MERGESORT.java:47)
	at java_programs.MERGESORT.mergesort(MERGESORT.java:47)
	at java_programs.MERGESORT.mergesort(MERGESORT.java:47)
	at java_programs.MERGESORT.mergesort(MERGESORT.java:47)
	at java_programs.MERGESORT.mergesort(MERGESORT.java:47)
	at java_programs.MERGESORT.mergesort(MERGESORT.java:47)
	at java_programs.MERGESORT.mergesort(MERGESORT.java:47)
	at java_programs.MERGESORT.mergesort(MERGESORT.java:47)
	at java_programs.MERGESORT.mergesort(MERGESORT.java:47)
	at java_programs.MERGESORT.mergesort(MERGESORT.java:47)
	at java_programs.MERGESORT.mergesort(MERGESORT.java:47)
	at java_programs.MERGESORT.mergesort(MERGESORT.java:47)
	at java_programs.MERGESORT.mergesort(MERGESORT.java:47)
	at java_programs.MERGESORT.mergesort(MERGESORT.java:47)
	at java_programs.MERGESORT.mergesort(MERGESORT.java:47)
	at java_programs.MERGESORT.mergesort(MERGESORT.java:47)
	at java_programs.MERGESORT.mergesort(MERGESORT.java:47)
	at java_programs.MERGESORT.mergesort(MERGESORT.java:47)
	at java_programs.MERGESORT.mergesort(MERGESORT.java:47)
	at java_programs.MERGESORT.mergesort(MERGESORT.java:47)
	at java_programs.MERGESORT.mergesort(MERGESORT.java:47)
	at java_programs.MERGESORT.mergesort(MERGESORT.java:47)
	at java_programs.MERGESORT.mergesort(MERGESORT.java:47)
	at java_programs.MERGESORT.mergesort(MERGESORT.java:47)
	at java_programs.MERGESORT.mergesort(MERGESORT.java:47)
	at java_programs.MERGESORT.mergesort(MERGESORT.java:47)
	at java_programs.MERGESORT.mergesort(MERGESORT.java:47)
	at java_programs.MERGESORT.mergesort(MERGESORT.java:47)
	at java_programs.MERGESORT.mergesort(MERGESORT.java:47)
	at java_programs.MERGESORT.mergesort(MERGESORT.java:47)
	at java_programs.MERGESORT.mergesort(MERGESORT.java:47)
	at java_programs.MERGESORT.mergesort(MERGESORT.java:47)
	at java_programs.MERGESORT.mergesort(MERGESORT.java:47)
	at java_programs.MERGESORT.mergesort(MERGESORT.java:47)
	at java_programs.MERGESORT.mergesort(MERGESORT.java:47)
	at java_programs.MERGESORT.mergesort(MERGESORT.java:47)
	at java_programs.MERGESORT.mergesort(MERGESORT.java:47)
	at java_programs.MERGESORT.mergesort(MERGESORT.java:47)
	at java_programs.MERGESORT.mergesort(MERGESORT.java:47)
	at java_programs.MERGESORT.mergesort(MERGESORT.java:47)
	at java_programs.MERGESORT.mergesort(MERGESORT.java:47)
	at java_programs.MERGESORT.mergesort(MERGESORT.java:47)
	at java_programs.MERGESORT.mergesort(MERGESORT.java:47)
	at java_programs.MERGESORT.mergesort(MERGESORT.java:47)
	at java_programs.MERGESORT.mergesort(MERGESORT.java:47)
	at java_programs.MERGESORT.mergesort(MERGESORT.java:47)
	at java_programs.MERGESORT.mergesort(MERGESORT.java:47)
	at java_programs.MERGESORT.mergesort(MERGESORT.java:47)
	at java_programs.MERGESORT.mergesort(MERGESORT.java:47)
	at java_programs.MERGESORT.mergesort(MERGESORT.java:47)
	at java_programs.MERGESORT.mergesort(MERGESORT.java:47)
	at java_programs.MERGESORT.mergesort(MERGESORT.java:47)
	at java_programs.MERGESORT.mergesort(MERGESORT.java:47)
	at java_programs.MERGESORT.mergesort(MERGESORT.java:47)
	at java_programs.MERGESORT.mergesort(MERGESORT.java:47)
	at java_programs.MERGESORT.mergesort(MERGESORT.java:47)
	at java_programs.MERGESORT.mergesort(MERGESORT.java:47)
	at java_programs.MERGESORT.mergesort(MERGESORT.java:47)
	at java_programs.MERGESORT.mergesort(MERGESORT.java:47)
	at java_programs.MERGESORT.mergesort(MERGESORT.java:47)
	at java_programs.MERGESORT.mergesort(MERGESORT.java:47)
	at java_programs.MERGESORT.mergesort(MERGESORT.java:47)
	at java_programs.MERGESORT.mergesort(MERGESORT.java:47)
	at java_programs.MERGESORT.mergesort(MERGESORT.java:47)
	at java_programs.MERGESORT.mergesort(MERGESORT.java:47)
	at java_programs.MERGESORT.mergesort(MERGESORT.java:47)
	at java_programs.MERGESORT.mergesort(MERGESORT.java:47)
	at java_programs.MERGESORT.mergesort(MERGESORT.java:47)
	at java_programs.MERGESORT.mergesort(MERGESORT.java:47)
	at java_programs.MERGESORT.mergesort(MERGESORT.java:47)
	at java_programs.MERGESORT.mergesort(MERGESORT.java:47)
	at java_programs.MERGESORT.mergesort(MERGESORT.java:47)
	at java_programs.MERGESORT.mergesort(MERGESORT.java:47)
	at java_programs.MERGESORT.mergesort(MERGESORT.java:47)
	at java_programs.MERGESORT.mergesort(MERGESORT.java:47)
	at java_programs.MERGESORT.mergesort(MERGESORT.java:47)
	at java_programs.MERGESORT.mergesort(MERGESORT.java:47)
	at java_programs.MERGESORT.mergesort(MERGESORT.java:47)
	at java_programs.MERGESORT.mergesort(MERGESORT.java:47)
	at java_programs.MERGESORT.mergesort(MERGESORT.java:47)
	at java_programs.MERGESORT.mergesort(MERGESORT.java:47)
	at java_programs.MERGESORT.mergesort(MERGESORT.java:47)
	at java_programs.MERGESORT.mergesort(MERGESORT.java:47)
	at java_programs.MERGESORT.mergesort(MERGESORT.java:47)
	at java_programs.MERGESORT.mergesort(MERGESORT.java:47)
	at java_programs.MERGESORT.mergesort(MERGESORT.java:47)
	at java_programs.MERGESORT.mergesort(MERGESORT.java:47)
	at java_programs.MERGESORT.mergesort(MERGESORT.java:47)
	at java_programs.MERGESORT.mergesort(MERGESORT.java:47)
	at java_programs.MERGESORT.mergesort(MERGESORT.java:47)
	at java_programs.MERGESORT.mergesort(MERGESORT.java:47)
	at java_programs.MERGESORT.mergesort(MERGESORT.java:47)
	at java_programs.MERGESORT.mergesort(MERGESORT.java:47)
	at java_programs.MERGESORT.mergesort(MERGESORT.java:47)
	at java_programs.MERGESORT.mergesort(MERGESORT.java:47)
	at java_programs.MERGESORT.mergesort(MERGESORT.java:47)
	at java_programs.MERGESORT.mergesort(MERGESORT.java:47)
	at java_programs.MERGESORT.mergesort(MERGESORT.java:47)
	at java_programs.MERGESORT.mergesort(MERGESORT.java:47)
	at java_programs.MERGESORT.mergesort(MERGESORT.java:47)
	at java_programs.MERGESORT.mergesort(MERGESORT.java:47)
	at java_programs.MERGESORT.mergesort(MERGESORT.java:47)
	at java_programs.MERGESORT.mergesort(MERGESORT.java:47)
	at java_programs.MERGESORT.mergesort(MERGESORT.java:47)
	at java_programs.MERGESORT.mergesort(MERGESORT.java:47)
	at java_programs.MERGESORT.mergesort(MERGESORT.java:47)
	at java_programs.MERGESORT.mergesort(MERGESORT.java:47)
	at java_programs.MERGESORT.mergesort(MERGESORT.java:47)
	at java_programs.MERGESORT.mergesort(MERGESORT.java:47)
	at java_programs.MERGESORT.mergesort(MERGESORT.java:47)
	at java_programs.MERGESORT.mergesort(MERGESORT.java:47)
	at java_programs.MERGESORT.mergesort(MERGESORT.java:47)
	at java_programs.MERGESORT.mergesort(MERGESORT.java:47)
	at java_programs.MERGESORT.mergesort(MERGESORT.java:47)
	at java_programs.MERGESORT.mergesort(MERGESORT.java:47)
	at java_programs.MERGESORT.mergesort(MERGESORT.java:47)
	at java_programs.MERGESORT.mergesort(MERGESORT.java:47)
	at java_programs.MERGESORT.mergesort(MERGESORT.java:47)
	at java_programs.MERGESORT.mergesort(MERGESORT.java:47)
	at java_programs.MERGESORT.mergesort(MERGESORT.java:47)
	at java_programs.MERGESORT.mergesort(MERGESORT.java:47)
	at java_programs.MERGESORT.mergesort(MERGESORT.java:47)
	at java_programs.MERGESORT.mergesort(MERGESORT.java:47)
	at java_programs.MERGESORT.mergesort(MERGESORT.java:47)
	at java_programs.MERGESORT.mergesort(MERGESORT.java:47)
	at java_programs.MERGESORT.mergesort(MERGESORT.java:47)
	at java_programs.MERGESORT.mergesort(MERGESORT.java:47)
	at java_programs.MERGESORT.mergesort(MERGESORT.java:47)
	at java_programs.MERGESORT.mergesort(MERGESORT.java:47)
	at java_programs.MERGESORT.mergesort(MERGESORT.java:47)
	at java_programs.MERGESORT.mergesort(MERGESORT.java:47)
	at java_programs.MERGESORT.mergesort(MERGESORT.java:47)
	at java_programs.MERGESORT.mergesort(MERGESORT.java:47)
	at java_programs.MERGESORT.mergesort(MERGESORT.java:47)
	at java_programs.MERGESORT.mergesort(MERGESORT.java:47)
	at java_programs.MERGESORT.mergesort(MERGESORT.java:47)
	at java_programs.MERGESORT.mergesort(MERGESORT.java:47)
	at java_programs.MERGESORT.mergesort(MERGESORT.java:47)
	at java_programs.MERGESORT.mergesort(MERGESORT.java:47)
	at java_programs.MERGESORT.mergesort(MERGESORT.java:47)
	at java_programs.MERGESORT.mergesort(MERGESORT.java:47)
	at java_programs.MERGESORT.mergesort(MERGESORT.java:47)
	at java_programs.MERGESORT.mergesort(MERGESORT.java:47)
	at java_programs.MERGESORT.mergesort(MERGESORT.java:47)
	at java_programs.MERGESORT.mergesort(MERGESORT.java:47)
	at java_programs.MERGESORT.mergesort(MERGESORT.java:47)
	at java_programs.MERGESORT.mergesort(MERGESORT.java:47)
	at java_programs.MERGESORT.mergesort(MERGESORT.java:47)
	at java_programs.MERGESORT.mergesort(MERGESORT.java:47)
	at java_programs.MERGESORT.mergesort(MERGESORT.java:47)
	at java_programs.MERGESORT.mergesort(MERGESORT.java:47)
	at java_programs.MERGESORT.mergesort(MERGESORT.java:47)
	at java_programs.MERGESORT.mergesort(MERGESORT.java:47)
	at java_programs.MERGESORT.mergesort(MERGESORT.java:47)
	at java_programs.MERGESORT.mergesort(MERGESORT.java:47)
	at java_programs.MERGESORT.mergesort(MERGESORT.java:47)
	at java_programs.MERGESORT.mergesort(MERGESORT.java:47)
	at java_programs.MERGESORT.mergesort(MERGESORT.java:47)
	at java_programs.MERGESORT.mergesort(MERGESORT.java:47)
	at java_programs.MERGESORT.mergesort(MERGESORT.java:47)
	at java_programs.MERGESORT.mergesort(MERGESORT.java:47)
	at java_programs.MERGESORT.mergesort(MERGESORT.java:47)
	at java_programs.MERGESORT.mergesort(MERGESORT.java:47)
	at java_programs.MERGESORT.mergesort(MERGESORT.java:47)
	at java_programs.MERGESORT.mergesort(MERGESORT.java:47)
	at java_programs.MERGESORT.mergesort(MERGESORT.java:47)
	at java_programs.MERGESORT.mergesort(MERGESORT.java:47)
	at java_programs.MERGESORT.mergesort(MERGESORT.java:47)
	at java_programs.MERGESORT.mergesort(MERGESORT.java:47)
	at java_programs.MERGESORT.mergesort(MERGESORT.java:47)
	at java_programs.MERGESORT.mergesort(MERGESORT.java:47)
	at java_programs.MERGESORT.mergesort(MERGESORT.java:47)
	at java_programs.MERGESORT.mergesort(MERGESORT.java:47)
	at java_programs.MERGESORT.mergesort(MERGESORT.java:47)
	at java_programs.MERGESORT.mergesort(MERGESORT.java:47)
	at java_programs.MERGESORT.mergesort(MERGESORT.java:47)
	at java_programs.MERGESORT.mergesort(MERGESORT.java:47)
	at java_programs.MERGESORT.mergesort(MERGESORT.java:47)
	at java_programs.MERGESORT.mergesort(MERGESORT.java:47)
	at java_programs.MERGESORT.mergesort(MERGESORT.java:47)
	at java_programs.MERGESORT.mergesort(MERGESORT.java:47)
	at java_programs.MERGESORT.mergesort(MERGESORT.java:47)
	at java_programs.MERGESORT.mergesort(MERGESORT.java:47)
	at java_programs.MERGESORT.mergesort(MERGESORT.java:47)
	at java_programs.MERGESORT.mergesort(MERGESORT.java:47)
	at java_programs.MERGESORT.mergesort(MERGESORT.java:47)
	at java_programs.MERGESORT.mergesort(MERGESORT.java:47)
	at java_programs.MERGESORT.mergesort(MERGESORT.java:47)
	at java_programs.MERGESORT.mergesort(MERGESORT.java:47)
	at java_programs.MERGESORT.mergesort(MERGESORT.java:47)
	at java_programs.MERGESORT.mergesort(MERGESORT.java:47)
	at java_programs.MERGESORT.mergesort(MERGESORT.java:47)
	at java_programs.MERGESORT.mergesort(MERGESORT.java:47)
	at java_programs.MERGESORT.mergesort(MERGESORT.java:47)
	at java_programs.MERGESORT.mergesort(MERGESORT.java:47)
	at java_programs.MERGESORT.mergesort(MERGESORT.java:47)
	at java_programs.MERGESORT.mergesort(MERGESORT.java:47)
	at java_programs.MERGESORT.mergesort(MERGESORT.java:47)
	at java_programs.MERGESORT.mergesort(MERGESORT.java:47)
	at java_programs.MERGESORT.mergesort(MERGESORT.java:47)
	at java_programs.MERGESORT.mergesort(MERGESORT.java:47)
	at java_programs.MERGESORT.mergesort(MERGESORT.java:47)
	at java_programs.MERGESORT.mergesort(MERGESORT.java:47)
	at java_programs.MERGESORT.mergesort(MERGESORT.java:47)
	at java_programs.MERGESORT.mergesort(MERGESORT.java:47)
	at java_programs.MERGESORT.mergesort(MERGESORT.java:47)
	at java_programs.MERGESORT.mergesort(MERGESORT.java:47)
	at java_programs.MERGESORT.mergesort(MERGESORT.java:47)
	at java_programs.MERGESORT.mergesort(MERGESORT.java:47)
	at java_programs.MERGESORT.mergesort(MERGESORT.java:47)
	at java_programs.MERGESORT.mergesort(MERGESORT.java:47)
	at java_programs.MERGESORT.mergesort(MERGESORT.java:47)
	at java_programs.MERGESORT.mergesort(MERGESORT.java:47)
	at java_programs.MERGESORT.mergesort(MERGESORT.java:47)
	at java_programs.MERGESORT.mergesort(MERGESORT.java:47)
	at java_programs.MERGESORT.mergesort(MERGESORT.java:47)
	at java_programs.MERGESORT.mergesort(MERGESORT.java:47)
	at java_programs.MERGESORT.mergesort(MERGESORT.java:47)
	at java_programs.MERGESORT.mergesort(MERGESORT.java:47)
	at java_programs.MERGESORT.mergesort(MERGESORT.java:47)
	at java_programs.MERGESORT.mergesort(MERGESORT.java:47)
	at java_programs.MERGESORT.mergesort(MERGESORT.java:47)
	at java_programs.MERGESORT.mergesort(MERGESORT.java:47)
	at java_programs.MERGESORT.mergesort(MERGESORT.java:47)
	at java_programs.MERGESORT.mergesort(MERGESORT.java:47)
	at java_programs.MERGESORT.mergesort(MERGESORT.java:47)
	at java_programs.MERGESORT.mergesort(MERGESORT.java:47)
	at java_programs.MERGESORT.mergesort(MERGESORT.java:47)
	at java_programs.MERGESORT.mergesort(MERGESORT.java:47)
	at java_programs.MERGESORT.mergesort(MERGESORT.java:47)
	at java_programs.MERGESORT.mergesort(MERGESORT.java:47)
	at java_programs.MERGESORT.mergesort(MERGESORT.java:47)
	at java_programs.MERGESORT.mergesort(MERGESORT.java:47)
	at java_programs.MERGESORT.mergesort(MERGESORT.java:47)
	at java_programs.MERGESORT.mergesort(MERGESORT.java:47)
	at java_programs.MERGESORT.mergesort(MERGESORT.java:47)
	at java_programs.MERGESORT.mergesort(MERGESORT.java:47)
	at java_programs.MERGESORT.mergesort(MERGESORT.java:47)
	at java_programs.MERGESORT.mergesort(MERGESORT.java:47)
	at java_programs.MERGESORT.mergesort(MERGESORT.java:47)
	at java_programs.MERGESORT.mergesort(MERGESORT.java:47)
	at java_programs.MERGESORT.mergesort(MERGESORT.java:47)
	at java_programs.MERGESORT.mergesort(MERGESORT.java:47)
	at java_programs.MERGESORT.mergesort(MERGESORT.java:47)
	at java_programs.MERGESORT.mergesort(MERGESORT.java:47)
	at java_programs.MERGESORT.mergesort(MERGESORT.java:47)
	at java_programs.MERGESORT.mergesort(MERGESORT.java:47)
	at java_programs.MERGESORT.mergesort(MERGESORT.java:47)
	at java_programs.MERGESORT.mergesort(MERGESORT.java:47)
	at java_programs.MERGESORT.mergesort(MERGESORT.java:47)
	at java_programs.MERGESORT.mergesort(MERGESORT.java:47)
	at java_programs.MERGESORT.mergesort(MERGESORT.java:47)
	at java_programs.MERGESORT.mergesort(MERGESORT.java:47)
	at java_programs.MERGESORT.mergesort(MERGESORT.java:47)
	at java_programs.MERGESORT.mergesort(MERGESORT.java:47)
	at java_programs.MERGESORT.mergesort(MERGESORT.java:47)
	at java_programs.MERGESORT.mergesort(MERGESORT.java:47)
	at java_programs.MERGESORT.mergesort(MERGESORT.java:47)
	at java_programs.MERGESORT.mergesort(MERGESORT.java:47)
	at java_programs.MERGESORT.mergesort(MERGESORT.java:47)
	at java_programs.MERGESORT.mergesort(MERGESORT.java:47)
	at java_programs.MERGESORT.mergesort(MERGESORT.java:47)
	at java_programs.MERGESORT.mergesort(MERGESORT.java:47)
	at java_programs.MERGESORT.mergesort(MERGESORT.java:47)
	at java_programs.MERGESORT.mergesort(MERGESORT.java:47)
	at java_programs.MERGESORT.mergesort(MERGESORT.java:47)
	at java_programs.MERGESORT.mergesort(MERGESORT.java:47)
	at java_programs.MERGESORT.mergesort(MERGESORT.java:47)
	at java_programs.MERGESORT.mergesort(MERGESORT.java:47)
	at java_programs.MERGESORT.mergesort(MERGESORT.java:47)
	at java_programs.MERGESORT.mergesort(MERGESORT.java:47)
	at java_programs.MERGESORT.mergesort(MERGESORT.java:47)
	at java_programs.MERGESORT.mergesort(MERGESORT.java:47)
	at java_programs.MERGESORT.mergesort(MERGESORT.java:47)
	at java_programs.MERGESORT.mergesort(MERGESORT.java:47)
	at java_programs.MERGESORT.mergesort(MERGESORT.java:47)
	at java_programs.MERGESORT.mergesort(MERGESORT.java:47)
	at java_programs.MERGESORT.mergesort(MERGESORT.java:47)
	at java_programs.MERGESORT.mergesort(MERGESORT.java:47)
	at java_programs.MERGESORT.mergesort(MERGESORT.java:47)
	at java_programs.MERGESORT.mergesort(MERGESORT.java:47)
	at java_programs.MERGESORT.mergesort(MERGESORT.java:47)
	at java_programs.MERGESORT.mergesort(MERGESORT.java:47)
	at java_programs.MERGESORT.mergesort(MERGESORT.java:47)
	at java_programs.MERGESORT.mergesort(MERGESORT.java:47)
	at java_programs.MERGESORT.mergesort(MERGESORT.java:47)
	at java_programs.MERGESORT.mergesort(MERGESORT.java:47)
	at java_programs.MERGESORT.mergesort(MERGESORT.java:47)
	at java_programs.MERGESORT.mergesort(MERGESORT.java:47)
	at java_programs.MERGESORT.mergesort(MERGESORT.java:47)
	at java_programs.MERGESORT.mergesort(MERGESORT.java:47)
	at java_programs.MERGESORT.mergesort(MERGESORT.java:47)
	at java_programs.MERGESORT.mergesort(MERGESORT.java:47)
	at java_programs.MERGESORT.mergesort(MERGESORT.java:47)
	at java_programs.MERGESORT.mergesort(MERGESORT.java:47)
	at java_programs.MERGESORT.mergesort(MERGESORT.java:47)
	at java_programs.MERGESORT.mergesort(MERGESORT.java:47)
	at java_programs.MERGESORT.mergesort(MERGESORT.java:47)
	at java_programs.MERGESORT.mergesort(MERGESORT.java:47)
	at java_programs.MERGESORT.mergesort(MERGESORT.java:47)
	at java_programs.MERGESORT.mergesort(MERGESORT.java:47)
	at java_programs.MERGESORT.mergesort(MERGESORT.java:47)
	at java_programs.MERGESORT.mergesort(MERGESORT.java:47)
	at java_programs.MERGESORT.mergesort(MERGESORT.java:47)
	at java_programs.MERGESORT.mergesort(MERGESORT.java:47)
	at java_programs.MERGESORT.mergesort(MERGESORT.java:47)
	at java_programs.MERGESORT.mergesort(MERGESORT.java:47)
	at java_programs.MERGESORT.mergesort(MERGESORT.java:47)
	at java_programs.MERGESORT.mergesort(MERGESORT.java:47)
	at java_programs.MERGESORT.mergesort(MERGESORT.java:47)
	at java_programs.MERGESORT.mergesort(MERGESORT.java:47)
	at java_programs.MERGESORT.mergesort(MERGESORT.java:47)
	at java_programs.MERGESORT.mergesort(MERGESORT.java:47)
	at java_programs.MERGESORT.mergesort(MERGESORT.java:47)
	at java_programs.MERGESORT.mergesort(MERGESORT.java:47)
	at java_programs.MERGESORT.mergesort(MERGESORT.java:47)
	at java_programs.MERGESORT.mergesort(MERGESORT.java:47)
	at java_programs.MERGESORT.mergesort(MERGESORT.java:47)
	at java_programs.MERGESORT.mergesort(MERGESORT.java:47)
	at java_programs.MERGESORT.mergesort(MERGESORT.java:47)
	at java_programs.MERGESORT.mergesort(MERGESORT.java:47)
	at java_programs.MERGESORT.mergesort(MERGESORT.java:47)
	at java_programs.MERGESORT.mergesort(MERGESORT.java:47)
	at java_programs.MERGESORT.mergesort(MERGESORT.java:47)
	at java_programs.MERGESORT.mergesort(MERGESORT.java:47)
	at java_programs.MERGESORT.mergesort(MERGESORT.java:47)
	at java_programs.MERGESORT.mergesort(MERGESORT.java:47)
	at java_programs.MERGESORT.mergesort(MERGESORT.java:47)
	at java_programs.MERGESORT.mergesort(MERGESORT.java:47)
	at java_programs.MERGESORT.mergesort(MERGESORT.java:47)
	at java_programs.MERGESORT.mergesort(MERGESORT.java:47)
	at java_programs.MERGESORT.mergesort(MERGESORT.java:47)
	at java_programs.MERGESORT.mergesort(MERGESORT.java:47)
	at java_programs.MERGESORT.mergesort(MERGESORT.java:47)
	at java_programs.MERGESORT.mergesort(MERGESORT.java:47)
	at java_programs.MERGESORT.mergesort(MERGESORT.java:47)
	at java_programs.MERGESORT.mergesort(MERGESORT.java:47)
	at java_programs.MERGESORT.mergesort(MERGESORT.java:47)
	at java_programs.MERGESORT.mergesort(MERGESORT.java:47)
	at java_programs.MERGESORT.mergesort(MERGESORT.java:47)
	at java_programs.MERGESORT.mergesort(MERGESORT.java:47)
	at java_programs.MERGESORT.mergesort(MERGESORT.java:47)
	at java_programs.MERGESORT.mergesort(MERGESORT.java:47)
	at java_programs.MERGESORT.mergesort(MERGESORT.java:47)
	at java_programs.MERGESORT.mergesort(MERGESORT.java:47)
	at java_programs.MERGESORT.mergesort(MERGESORT.java:47)
	at java_programs.MERGESORT.mergesort(MERGESORT.java:47)
	at java_programs.MERGESORT.mergesort(MERGESORT.java:47)
	at java_programs.MERGESORT.mergesort(MERGESORT.java:47)
	at java_programs.MERGESORT.mergesort(MERGESORT.java:47)
	at java_programs.MERGESORT.mergesort(MERGESORT.java:47)
	at java_programs.MERGESORT.mergesort(MERGESORT.java:47)
	at java_programs.MERGESORT.mergesort(MERGESORT.java:47)
	at java_programs.MERGESORT.mergesort(MERGESORT.java:47)
	at java_programs.MERGESORT.mergesort(MERGESORT.java:47)
	at java_programs.MERGESORT.mergesort(MERGESORT.java:47)
	at java_programs.MERGESORT.mergesort(MERGESORT.java:47)
	at java_programs.MERGESORT.mergesort(MERGESORT.java:47)
	at java_programs.MERGESORT.mergesort(MERGESORT.java:47)
	at java_programs.MERGESORT.mergesort(MERGESORT.java:47)
	at java_programs.MERGESORT.mergesort(MERGESORT.java:47)
	at java_programs.MERGESORT.mergesort(MERGESORT.java:47)
	at java_programs.MERGESORT.mergesort(MERGESORT.java:47)
	at java_programs.MERGESORT.mergesort(MERGESORT.java:47)
	at java_programs.MERGESORT.mergesort(MERGESORT.java:47)
	at java_programs.MERGESORT.mergesort(MERGESORT.java:47)
	at java_programs.MERGESORT.mergesort(MERGESORT.java:47)
	at java_programs.MERGESORT.mergesort(MERGESORT.java:47)
	at java_programs.MERGESORT.mergesort(MERGESORT.java:47)
	at java_programs.MERGESORT.mergesort(MERGESORT.java:47)
	at java_programs.MERGESORT.mergesort(MERGESORT.java:47)
	at java_programs.MERGESORT.mergesort(MERGESORT.java:47)
	at java_programs.MERGESORT.mergesort(MERGESORT.java:47)
	at java_programs.MERGESORT.mergesort(MERGESORT.java:47)
	at java_programs.MERGESORT.mergesort(MERGESORT.java:47)
	at java_programs.MERGESORT.mergesort(MERGESORT.java:47)
	at java_programs.MERGESORT.mergesort(MERGESORT.java:47)
	at java_programs.MERGESORT.mergesort(MERGESORT.java:47)
	at java_programs.MERGESORT.mergesort(MERGESORT.java:47)
	at java_programs.MERGESORT.mergesort(MERGESORT.java:47)
	at java_programs.MERGESORT.mergesort(MERGESORT.java:47)
	at java_programs.MERGESORT.mergesort(MERGESORT.java:47)
	at java_programs.MERGESORT.mergesort(MERGESORT.java:47)
	at java_programs.MERGESORT.mergesort(MERGESORT.java:47)
	at java_programs.MERGESORT.mergesort(MERGESORT.java:47)
	at java_programs.MERGESORT.mergesort(MERGESORT.java:47)
	at java_programs.MERGESORT.mergesort(MERGESORT.java:47)
	at java_programs.MERGESORT.mergesort(MERGESORT.java:47)
	at java_programs.MERGESORT.mergesort(MERGESORT.java:47)
	at java_programs.MERGESORT.mergesort(MERGESORT.java:47)
	at java_programs.MERGESORT.mergesort(MERGESORT.java:47)
	at java_programs.MERGESORT.mergesort(MERGESORT.java:47)
	at java_programs.MERGESORT.mergesort(MERGESORT.java:47)
	at java_programs.MERGESORT.mergesort(MERGESORT.java:47)
	at java_programs.MERGESORT.mergesort(MERGESORT.java:47)
	at java_programs.MERGESORT.mergesort(MERGESORT.java:47)
	at java_programs.MERGESORT.mergesort(MERGESORT.java:47)
	at java_programs.MERGESORT.mergesort(MERGESORT.java:47)
	at java_programs.MERGESORT.mergesort(MERGESORT.java:47)
	at java_programs.MERGESORT.mergesort(MERGESORT.java:47)
	at java_programs.MERGESORT.mergesort(MERGESORT.java:47)
	at java_programs.MERGESORT.mergesort(MERGESORT.java:47)
	at java_programs.MERGESORT.mergesort(MERGESORT.java:47)
	at java_programs.MERGESORT.mergesort(MERGESORT.java:47)
	at java_programs.MERGESORT.mergesort(MERGESORT.java:47)
	at java_programs.MERGESORT.mergesort(MERGESORT.java:47)
	at java_programs.MERGESORT.mergesort(MERGESORT.java:47)
	at java_programs.MERGESORT.mergesort(MERGESORT.java:47)
	at java_programs.MERGESORT.mergesort(MERGESORT.java:47)
	at java_programs.MERGESORT.mergesort(MERGESORT.java:47)
	at java_programs.MERGESORT.mergesort(MERGESORT.java:47)
	at java_programs.MERGESORT.mergesort(MERGESORT.java:47)
	at java_programs.MERGESORT.mergesort(MERGESORT.java:47)
	at java_programs.MERGESORT.mergesort(MERGESORT.java:47)
	at java_programs.MERGESORT.mergesort(MERGESORT.java:47)
	at java_programs.MERGESORT.mergesort(MERGESORT.java:47)
	at java_programs.MERGESORT.mergesort(MERGESORT.java:47)
	at java_programs.MERGESORT.mergesort(MERGESORT.java:47)
	at java_programs.MERGESORT.mergesort(MERGESORT.java:47)
	at java_programs.MERGESORT.mergesort(MERGESORT.java:47)
	at java_programs.MERGESORT.mergesort(MERGESORT.java:47)
	at java_programs.MERGESORT.mergesort(MERGESORT.java:47)
	at java_programs.MERGESORT.mergesort(MERGESORT.java:47)
	at java_programs.MERGESORT.mergesort(MERGESORT.java:47)
	at java_programs.MERGESORT.mergesort(MERGESORT.java:47)
	at java_programs.MERGESORT.mergesort(MERGESORT.java:47)
	at java_programs.MERGESORT.mergesort(MERGESORT.java:47)
	at java_programs.MERGESORT.mergesort(MERGESORT.java:47)
	at java_programs.MERGESORT.mergesort(MERGESORT.java:47)
	at java_programs.MERGESORT.mergesort(MERGESORT.java:47)
	at java_programs.MERGESORT.mergesort(MERGESORT.java:47)
	at java_programs.MERGESORT.mergesort(MERGESORT.java:47)
	at java_programs.MERGESORT.mergesort(MERGESORT.java:47)
	at java_programs.MERGESORT.mergesort(MERGESORT.java:47)
	at java_programs.MERGESORT.mergesort(MERGESORT.java:47)
	at java_programs.MERGESORT.mergesort(MERGESORT.java:47)
	at java_programs.MERGESORT.mergesort(MERGESORT.java:47)
	at java_programs.MERGESORT.mergesort(MERGESORT.java:47)
	at java_programs.MERGESORT.mergesort(MERGESORT.java:47)
	at java_programs.MERGESORT.mergesort(MERGESORT.java:47)
	at java_programs.MERGESORT.mergesort(MERGESORT.java:47)
	at java_programs.MERGESORT.mergesort(MERGESORT.java:47)
	at java_programs.MERGESORT.mergesort(MERGESORT.java:47)
	at java_programs.MERGESORT.mergesort(MERGESORT.java:47)
	at java_programs.MERGESORT.mergesort(MERGESORT.java:47)
	at java_programs.MERGESORT.mergesort(MERGESORT.java:47)
	at java_programs.MERGESORT.mergesort(MERGESORT.java:47)
	at java_programs.MERGESORT.mergesort(MERGESORT.java:47)
	at java_programs.MERGESORT.mergesort(MERGESORT.java:47)
	at java_programs.MERGESORT.mergesort(MERGESORT.java:47)
	at java_programs.MERGESORT.mergesort(MERGESORT.java:47)
	at java_programs.MERGESORT.mergesort(MERGESORT.java:47)
	at java_programs.MERGESORT.mergesort(MERGESORT.java:47)
	at java_programs.MERGESORT.mergesort(MERGESORT.java:47)
	at java_programs.MERGESORT.mergesort(MERGESORT.java:47)
	at java_programs.MERGESORT.mergesort(MERGESORT.java:47)
</failure>
  </testcase>
  <testcase name="test_0" classname="java_testcases.junit.MERGESORT_TEST" time="0.096">
    <failure message="java.lang.StackOverflowError" type="java.lang.StackOverflowError">java.lang.StackOverflowError
	at java.base/java.util.ArrayList.addAll(ArrayList.java:670)
	at java_programs.MERGESORT.mergesort(MERGESORT.java:43)
	at java_programs.MERGESORT.mergesort(MERGESORT.java:47)
	at java_programs.MERGESORT.mergesort(MERGESORT.java:47)
	at java_programs.MERGESORT.mergesort(MERGESORT.java:47)
	at java_programs.MERGESORT.mergesort(MERGESORT.java:47)
	at java_programs.MERGESORT.mergesort(MERGESORT.java:47)
	at java_programs.MERGESORT.mergesort(MERGESORT.java:47)
	at java_programs.MERGESORT.mergesort(MERGESORT.java:47)
	at java_programs.MERGESORT.mergesort(MERGESORT.java:47)
	at java_programs.MERGESORT.mergesort(MERGESORT.java:47)
	at java_programs.MERGESORT.mergesort(MERGESORT.java:47)
	at java_programs.MERGESORT.mergesort(MERGESORT.java:47)
	at java_programs.MERGESORT.mergesort(MERGESORT.java:47)
	at java_programs.MERGESORT.mergesort(MERGESORT.java:47)
	at java_programs.MERGESORT.mergesort(MERGESORT.java:47)
	at java_programs.MERGESORT.mergesort(MERGESORT.java:47)
	at java_programs.MERGESORT.mergesort(MERGESORT.java:47)
	at java_programs.MERGESORT.mergesort(MERGESORT.java:47)
	at java_programs.MERGESORT.mergesort(MERGESORT.java:47)
	at java_programs.MERGESORT.mergesort(MERGESORT.java:47)
	at java_programs.MERGESORT.mergesort(MERGESORT.java:47)
	at java_programs.MERGESORT.mergesort(MERGESORT.java:47)
	at java_programs.MERGESORT.mergesort(MERGESORT.java:47)
	at java_programs.MERGESORT.mergesort(MERGESORT.java:47)
	at java_programs.MERGESORT.mergesort(MERGESORT.java:47)
	at java_programs.MERGESORT.mergesort(MERGESORT.java:47)
	at java_programs.MERGESORT.mergesort(MERGESORT.java:47)
	at java_programs.MERGESORT.mergesort(MERGESORT.java:47)
	at java_programs.MERGESORT.mergesort(MERGESORT.java:47)
	at java_programs.MERGESORT.mergesort(MERGESORT.java:47)
	at java_programs.MERGESORT.mergesort(MERGESORT.java:47)
	at java_programs.MERGESORT.mergesort(MERGESORT.java:47)
	at java_programs.MERGESORT.mergesort(MERGESORT.java:47)
	at java_programs.MERGESORT.mergesort(MERGESORT.java:47)
	at java_programs.MERGESORT.mergesort(MERGESORT.java:47)
	at java_programs.MERGESORT.mergesort(MERGESORT.java:47)
	at java_programs.MERGESORT.mergesort(MERGESORT.java:47)
	at java_programs.MERGESORT.mergesort(MERGESORT.java:47)
	at java_programs.MERGESORT.mergesort(MERGESORT.java:47)
	at java_programs.MERGESORT.mergesort(MERGESORT.java:47)
	at java_programs.MERGESORT.mergesort(MERGESORT.java:47)
	at java_programs.MERGESORT.mergesort(MERGESORT.java:47)
	at java_programs.MERGESORT.mergesort(MERGESORT.java:47)
	at java_programs.MERGESORT.mergesort(MERGESORT.java:47)
	at java_programs.MERGESORT.mergesort(MERGESORT.java:47)
	at java_programs.MERGESORT.mergesort(MERGESORT.java:47)
	at java_programs.MERGESORT.mergesort(MERGESORT.java:47)
	at java_programs.MERGESORT.mergesort(MERGESORT.java:47)
	at java_programs.MERGESORT.mergesort(MERGESORT.java:47)
	at java_programs.MERGESORT.mergesort(MERGESORT.java:47)
	at java_programs.MERGESORT.mergesort(MERGESORT.java:47)
	at java_programs.MERGESORT.mergesort(MERGESORT.java:47)
	at java_programs.MERGESORT.mergesort(MERGESORT.java:47)
	at java_programs.MERGESORT.mergesort(MERGESORT.java:47)
	at java_programs.MERGESORT.mergesort(MERGESORT.java:47)
	at java_programs.MERGESORT.mergesort(MERGESORT.java:47)
	at java_programs.MERGESORT.mergesort(MERGESORT.java:47)
	at java_programs.MERGESORT.mergesort(MERGESORT.java:47)
	at java_programs.MERGESORT.mergesort(MERGESORT.java:47)
	at java_programs.MERGESORT.mergesort(MERGESORT.java:47)
	at java_programs.MERGESORT.mergesort(MERGESORT.java:47)
	at java_programs.MERGESORT.mergesort(MERGESORT.java:47)
	at java_programs.MERGESORT.mergesort(MERGESORT.java:47)
	at java_programs.MERGESORT.mergesort(MERGESORT.java:47)
	at java_programs.MERGESORT.mergesort(MERGESORT.java:47)
	at java_programs.MERGESORT.mergesort(MERGESORT.java:47)
	at java_programs.MERGESORT.mergesort(MERGESORT.java:47)
	at java_programs.MERGESORT.mergesort(MERGESORT.java:47)
	at java_programs.MERGESORT.mergesort(MERGESORT.java:47)
	at java_programs.MERGESORT.mergesort(MERGESORT.java:47)
	at java_programs.MERGESORT.mergesort(MERGESORT.java:47)
	at java_programs.MERGESORT.mergesort(MERGESORT.java:47)
	at java_programs.MERGESORT.mergesort(MERGESORT.java:47)
	at java_programs.MERGESORT.mergesort(MERGESORT.java:47)
	at java_programs.MERGESORT.mergesort(MERGESORT.java:47)
	at java_programs.MERGESORT.mergesort(MERGESORT.java:47)
	at java_programs.MERGESORT.mergesort(MERGESORT.java:47)
	at java_programs.MERGESORT.mergesort(MERGESORT.java:47)
	at java_programs.MERGESORT.mergesort(MERGESORT.java:47)
	at java_programs.MERGESORT.mergesort(MERGESORT.java:47)
	at java_programs.MERGESORT.mergesort(MERGESORT.java:47)
	at java_programs.MERGESORT.mergesort(MERGESORT.java:47)
	at java_programs.MERGESORT.mergesort(MERGESORT.java:47)
	at java_programs.MERGESORT.mergesort(MERGESORT.java:47)
	at java_programs.MERGESORT.mergesort(MERGESORT.java:47)
	at java_programs.MERGESORT.mergesort(MERGESORT.java:47)
	at java_programs.MERGESORT.mergesort(MERGESORT.java:47)
	at java_programs.MERGESORT.mergesort(MERGESORT.java:47)
	at java_programs.MERGESORT.mergesort(MERGESORT.java:47)
	at java_programs.MERGESORT.mergesort(MERGESORT.java:47)
	at java_programs.MERGESORT.mergesort(MERGESORT.java:47)
	at java_programs.MERGESORT.mergesort(MERGESORT.java:47)
	at java_programs.MERGESORT.mergesort(MERGESORT.java:47)
	at java_programs.MERGESORT.mergesort(MERGESORT.java:47)
	at java_programs.MERGESORT.mergesort(MERGESORT.java:47)
	at java_programs.MERGESORT.mergesort(MERGESORT.java:47)
	at java_programs.MERGESORT.mergesort(MERGESORT.java:47)
	at java_programs.MERGESORT.mergesort(MERGESORT.java:47)
	at java_programs.MERGESORT.mergesort(MERGESORT.java:47)
	at java_programs.MERGESORT.mergesort(MERGESORT.java:47)
	at java_programs.MERGESORT.mergesort(MERGESORT.java:47)
	at java_programs.MERGESORT.mergesort(MERGESORT.java:47)
	at java_programs.MERGESORT.mergesort(MERGESORT.java:47)
	at java_programs.MERGESORT.mergesort(MERGESORT.java:47)
	at java_programs.MERGESORT.mergesort(MERGESORT.java:47)
	at java_programs.MERGESORT.mergesort(MERGESORT.java:47)
	at java_programs.MERGESORT.mergesort(MERGESORT.java:47)
	at java_programs.MERGESORT.mergesort(MERGESORT.java:47)
	at java_programs.MERGESORT.mergesort(MERGESORT.java:47)
	at java_programs.MERGESORT.mergesort(MERGESORT.java:47)
	at java_programs.MERGESORT.mergesort(MERGESORT.java:47)
	at java_programs.MERGESORT.mergesort(MERGESORT.java:47)
	at java_programs.MERGESORT.mergesort(MERGESORT.java:47)
	at java_programs.MERGESORT.mergesort(MERGESORT.java:47)
	at java_programs.MERGESORT.mergesort(MERGESORT.java:47)
	at java_programs.MERGESORT.mergesort(MERGESORT.java:47)
	at java_programs.MERGESORT.mergesort(MERGESORT.java:47)
	at java_programs.MERGESORT.mergesort(MERGESORT.java:47)
	at java_programs.MERGESORT.mergesort(MERGESORT.java:47)
	at java_programs.MERGESORT.mergesort(MERGESORT.java:47)
	at java_programs.MERGESORT.mergesort(MERGESORT.java:47)
	at java_programs.MERGESORT.mergesort(MERGESORT.java:47)
	at java_programs.MERGESORT.mergesort(MERGESORT.java:47)
	at java_programs.MERGESORT.mergesort(MERGESORT.java:47)
	at java_programs.MERGESORT.mergesort(MERGESORT.java:47)
	at java_programs.MERGESORT.mergesort(MERGESORT.java:47)
	at java_programs.MERGESORT.mergesort(MERGESORT.java:47)
	at java_programs.MERGESORT.mergesort(MERGESORT.java:47)
	at java_programs.MERGESORT.mergesort(MERGESORT.java:47)
	at java_programs.MERGESORT.mergesort(MERGESORT.java:47)
	at java_programs.MERGESORT.mergesort(MERGESORT.java:47)
	at java_programs.MERGESORT.mergesort(MERGESORT.java:47)
	at java_programs.MERGESORT.mergesort(MERGESORT.java:47)
	at java_programs.MERGESORT.mergesort(MERGESORT.java:47)
	at java_programs.MERGESORT.mergesort(MERGESORT.java:47)
	at java_programs.MERGESORT.mergesort(MERGESORT.java:47)
	at java_programs.MERGESORT.mergesort(MERGESORT.java:47)
	at java_programs.MERGESORT.mergesort(MERGESORT.java:47)
	at java_programs.MERGESORT.mergesort(MERGESORT.java:47)
	at java_programs.MERGESORT.mergesort(MERGESORT.java:47)
	at java_programs.MERGESORT.mergesort(MERGESORT.java:47)
	at java_programs.MERGESORT.mergesort(MERGESORT.java:47)
	at java_programs.MERGESORT.mergesort(MERGESORT.java:47)
	at java_programs.MERGESORT.mergesort(MERGESORT.java:47)
	at java_programs.MERGESORT.mergesort(MERGESORT.java:47)
	at java_programs.MERGESORT.mergesort(MERGESORT.java:47)
	at java_programs.MERGESORT.mergesort(MERGESORT.java:47)
	at java_programs.MERGESORT.mergesort(MERGESORT.java:47)
	at java_programs.MERGESORT.mergesort(MERGESORT.java:47)
	at java_programs.MERGESORT.mergesort(MERGESORT.java:47)
	at java_programs.MERGESORT.mergesort(MERGESORT.java:47)
	at java_programs.MERGESORT.mergesort(MERGESORT.java:47)
	at java_programs.MERGESORT.mergesort(MERGESORT.java:47)
	at java_programs.MERGESORT.mergesort(MERGESORT.java:47)
	at java_programs.MERGESORT.mergesort(MERGESORT.java:47)
	at java_programs.MERGESORT.mergesort(MERGESORT.java:47)
	at java_programs.MERGESORT.mergesort(MERGESORT.java:47)
	at java_programs.MERGESORT.mergesort(MERGESORT.java:47)
	at java_programs.MERGESORT.mergesort(MERGESORT.java:47)
	at java_programs.MERGESORT.mergesort(MERGESORT.java:47)
	at java_programs.MERGESORT.mergesort(MERGESORT.java:47)
	at java_programs.MERGESORT.mergesort(MERGESORT.java:47)
	at java_programs.MERGESORT.mergesort(MERGESORT.java:47)
	at java_programs.MERGESORT.mergesort(MERGESORT.java:47)
	at java_programs.MERGESORT.mergesort(MERGESORT.java:47)
	at java_programs.MERGESORT.mergesort(MERGESORT.java:47)
	at java_programs.MERGESORT.mergesort(MERGESORT.java:47)
	at java_programs.MERGESORT.mergesort(MERGESORT.java:47)
	at java_programs.MERGESORT.mergesort(MERGESORT.java:47)
	at java_programs.MERGESORT.mergesort(MERGESORT.java:47)
	at java_programs.MERGESORT.mergesort(MERGESORT.java:47)
	at java_programs.MERGESORT.mergesort(MERGESORT.java:47)
	at java_programs.MERGESORT.mergesort(MERGESORT.java:47)
	at java_programs.MERGESORT.mergesort(MERGESORT.java:47)
	at java_programs.MERGESORT.mergesort(MERGESORT.java:47)
	at java_programs.MERGESORT.mergesort(MERGESORT.java:47)
	at java_programs.MERGESORT.mergesort(MERGESORT.java:47)
	at java_programs.MERGESORT.mergesort(MERGESORT.java:47)
	at java_programs.MERGESORT.mergesort(MERGESORT.java:47)
	at java_programs.MERGESORT.mergesort(MERGESORT.java:47)
	at java_programs.MERGESORT.mergesort(MERGESORT.java:47)
	at java_programs.MERGESORT.mergesort(MERGESORT.java:47)
	at java_programs.MERGESORT.mergesort(MERGESORT.java:47)
	at java_programs.MERGESORT.mergesort(MERGESORT.java:47)
	at java_programs.MERGESORT.mergesort(MERGESORT.java:47)
	at java_programs.MERGESORT.mergesort(MERGESORT.java:47)
	at java_programs.MERGESORT.mergesort(MERGESORT.java:47)
	at java_programs.MERGESORT.mergesort(MERGESORT.java:47)
	at java_programs.MERGESORT.mergesort(MERGESORT.java:47)
	at java_programs.MERGESORT.mergesort(MERGESORT.java:47)
	at java_programs.MERGESORT.mergesort(MERGESORT.java:47)
	at java_programs.MERGESORT.mergesort(MERGESORT.java:47)
	at java_programs.MERGESORT.mergesort(MERGESORT.java:47)
	at java_programs.MERGESORT.mergesort(MERGESORT.java:47)
	at java_programs.MERGESORT.mergesort(MERGESORT.java:47)
	at java_programs.MERGESORT.mergesort(MERGESORT.java:47)
	at java_programs.MERGESORT.mergesort(MERGESORT.java:47)
	at java_programs.MERGESORT.mergesort(MERGESORT.java:47)
	at java_programs.MERGESORT.mergesort(MERGESORT.java:47)
	at java_programs.MERGESORT.mergesort(MERGESORT.java:47)
	at java_programs.MERGESORT.mergesort(MERGESORT.java:47)
	at java_programs.MERGESORT.mergesort(MERGESORT.java:47)
	at java_programs.MERGESORT.mergesort(MERGESORT.java:47)
	at java_programs.MERGESORT.mergesort(MERGESORT.java:47)
	at java_programs.MERGESORT.mergesort(MERGESORT.java:47)
	at java_programs.MERGESORT.mergesort(MERGESORT.java:47)
	at java_programs.MERGESORT.mergesort(MERGESORT.java:47)
	at java_programs.MERGESORT.mergesort(MERGESORT.java:47)
	at java_programs.MERGESORT.mergesort(MERGESORT.java:47)
	at java_programs.MERGESORT.mergesort(MERGESORT.java:47)
	at java_programs.MERGESORT.mergesort(MERGESORT.java:47)
	at java_programs.MERGESORT.mergesort(MERGESORT.java:47)
	at java_programs.MERGESORT.mergesort(MERGESORT.java:47)
	at java_programs.MERGESORT.mergesort(MERGESORT.java:47)
	at java_programs.MERGESORT.mergesort(MERGESORT.java:47)
	at java_programs.MERGESORT.mergesort(MERGESORT.java:47)
	at java_programs.MERGESORT.mergesort(MERGESORT.java:47)
	at java_programs.MERGESORT.mergesort(MERGESORT.java:47)
	at java_programs.MERGESORT.mergesort(MERGESORT.java:47)
	at java_programs.MERGESORT.mergesort(MERGESORT.java:47)
	at java_programs.MERGESORT.mergesort(MERGESORT.java:47)
	at java_programs.MERGESORT.mergesort(MERGESORT.java:47)
	at java_programs.MERGESORT.mergesort(MERGESORT.java:47)
	at java_programs.MERGESORT.mergesort(MERGESORT.java:47)
	at java_programs.MERGESORT.mergesort(MERGESORT.java:47)
	at java_programs.MERGESORT.mergesort(MERGESORT.java:47)
	at java_programs.MERGESORT.mergesort(MERGESORT.java:47)
	at java_programs.MERGESORT.mergesort(MERGESORT.java:47)
	at java_programs.MERGESORT.mergesort(MERGESORT.java:47)
	at java_programs.MERGESORT.mergesort(MERGESORT.java:47)
	at java_programs.MERGESORT.mergesort(MERGESORT.java:47)
	at java_programs.MERGESORT.mergesort(MERGESORT.java:47)
	at java_programs.MERGESORT.mergesort(MERGESORT.java:47)
	at java_programs.MERGESORT.mergesort(MERGESORT.java:47)
	at java_programs.MERGESORT.mergesort(MERGESORT.java:47)
	at java_programs.MERGESORT.mergesort(MERGESORT.java:47)
	at java_programs.MERGESORT.mergesort(MERGESORT.java:47)
	at java_programs.MERGESORT.mergesort(MERGESORT.java:47)
	at java_programs.MERGESORT.mergesort(MERGESORT.java:47)
	at java_programs.MERGESORT.mergesort(MERGESORT.java:47)
	at java_programs.MERGESORT.mergesort(MERGESORT.java:47)
	at java_programs.MERGESORT.mergesort(MERGESORT.java:47)
	at java_programs.MERGESORT.mergesort(MERGESORT.java:47)
	at java_programs.MERGESORT.mergesort(MERGESORT.java:47)
	at java_programs.MERGESORT.mergesort(MERGESORT.java:47)
	at java_programs.MERGESORT.mergesort(MERGESORT.java:47)
	at java_programs.MERGESORT.mergesort(MERGESORT.java:47)
	at java_programs.MERGESORT.mergesort(MERGESORT.java:47)
	at java_programs.MERGESORT.mergesort(MERGESORT.java:47)
	at java_programs.MERGESORT.mergesort(MERGESORT.java:47)
	at java_programs.MERGESORT.mergesort(MERGESORT.java:47)
	at java_programs.MERGESORT.mergesort(MERGESORT.java:47)
	at java_programs.MERGESORT.mergesort(MERGESORT.java:47)
	at java_programs.MERGESORT.mergesort(MERGESORT.java:47)
	at java_programs.MERGESORT.mergesort(MERGESORT.java:47)
	at java_programs.MERGESORT.mergesort(MERGESORT.java:47)
	at java_programs.MERGESORT.mergesort(MERGESORT.java:47)
	at java_programs.MERGESORT.mergesort(MERGESORT.java:47)
	at java_programs.MERGESORT.mergesort(MERGESORT.java:47)
	at java_programs.MERGESORT.mergesort(MERGESORT.java:47)
	at java_programs.MERGESORT.mergesort(MERGESORT.java:47)
	at java_programs.MERGESORT.mergesort(MERGESORT.java:47)
	at java_programs.MERGESORT.mergesort(MERGESORT.java:47)
	at java_programs.MERGESORT.mergesort(MERGESORT.java:47)
	at java_programs.MERGESORT.mergesort(MERGESORT.java:47)
	at java_programs.MERGESORT.mergesort(MERGESORT.java:47)
	at java_programs.MERGESORT.mergesort(MERGESORT.java:47)
	at java_programs.MERGESORT.mergesort(MERGESORT.java:47)
	at java_programs.MERGESORT.mergesort(MERGESORT.java:47)
	at java_programs.MERGESORT.mergesort(MERGESORT.java:47)
	at java_programs.MERGESORT.mergesort(MERGESORT.java:47)
	at java_programs.MERGESORT.mergesort(MERGESORT.java:47)
	at java_programs.MERGESORT.mergesort(MERGESORT.java:47)
	at java_programs.MERGESORT.mergesort(MERGESORT.java:47)
	at java_programs.MERGESORT.mergesort(MERGESORT.java:47)
	at java_programs.MERGESORT.mergesort(MERGESORT.java:47)
	at java_programs.MERGESORT.mergesort(MERGESORT.java:47)
	at java_programs.MERGESORT.mergesort(MERGESORT.java:47)
	at java_programs.MERGESORT.mergesort(MERGESORT.java:47)
	at java_programs.MERGESORT.mergesort(MERGESORT.java:47)
	at java_programs.MERGESORT.mergesort(MERGESORT.java:47)
	at java_programs.MERGESORT.mergesort(MERGESORT.java:47)
	at java_programs.MERGESORT.mergesort(MERGESORT.java:47)
	at java_programs.MERGESORT.mergesort(MERGESORT.java:47)
	at java_programs.MERGESORT.mergesort(MERGESORT.java:47)
	at java_programs.MERGESORT.mergesort(MERGESORT.java:47)
	at java_programs.MERGESORT.mergesort(MERGESORT.java:47)
	at java_programs.MERGESORT.mergesort(MERGESORT.java:47)
	at java_programs.MERGESORT.mergesort(MERGESORT.java:47)
	at java_programs.MERGESORT.mergesort(MERGESORT.java:47)
	at java_programs.MERGESORT.mergesort(MERGESORT.java:47)
	at java_programs.MERGESORT.mergesort(MERGESORT.java:47)
	at java_programs.MERGESORT.mergesort(MERGESORT.java:47)
	at java_programs.MERGESORT.mergesort(MERGESORT.java:47)
	at java_programs.MERGESORT.mergesort(MERGESORT.java:47)
	at java_programs.MERGESORT.mergesort(MERGESORT.java:47)
	at java_programs.MERGESORT.mergesort(MERGESORT.java:47)
	at java_programs.MERGESORT.mergesort(MERGESORT.java:47)
	at java_programs.MERGESORT.mergesort(MERGESORT.java:47)
	at java_programs.MERGESORT.mergesort(MERGESORT.java:47)
	at java_programs.MERGESORT.mergesort(MERGESORT.java:47)
	at java_programs.MERGESORT.mergesort(MERGESORT.java:47)
	at java_programs.MERGESORT.mergesort(MERGESORT.java:47)
	at java_programs.MERGESORT.mergesort(MERGESORT.java:47)
	at java_programs.MERGESORT.mergesort(MERGESORT.java:47)
	at java_programs.MERGESORT.mergesort(MERGESORT.java:47)
	at java_programs.MERGESORT.mergesort(MERGESORT.java:47)
	at java_programs.MERGESORT.mergesort(MERGESORT.java:47)
	at java_programs.MERGESORT.mergesort(MERGESORT.java:47)
	at java_programs.MERGESORT.mergesort(MERGESORT.java:47)
	at java_programs.MERGESORT.mergesort(MERGESORT.java:47)
	at java_programs.MERGESORT.mergesort(MERGESORT.java:47)
	at java_programs.MERGESORT.mergesort(MERGESORT.java:47)
	at java_programs.MERGESORT.mergesort(MERGESORT.java:47)
	at java_programs.MERGESORT.mergesort(MERGESORT.java:47)
	at java_programs.MERGESORT.mergesort(MERGESORT.java:47)
	at java_programs.MERGESORT.mergesort(MERGESORT.java:47)
	at java_programs.MERGESORT.mergesort(MERGESORT.java:47)
	at java_programs.MERGESORT.mergesort(MERGESORT.java:47)
	at java_programs.MERGESORT.mergesort(MERGESORT.java:47)
	at java_programs.MERGESORT.mergesort(MERGESORT.java:47)
	at java_programs.MERGESORT.mergesort(MERGESORT.java:47)
	at java_programs.MERGESORT.mergesort(MERGESORT.java:47)
	at java_programs.MERGESORT.mergesort(MERGESORT.java:47)
	at java_programs.MERGESORT.mergesort(MERGESORT.java:47)
	at java_programs.MERGESORT.mergesort(MERGESORT.java:47)
	at java_programs.MERGESORT.mergesort(MERGESORT.java:47)
	at java_programs.MERGESORT.mergesort(MERGESORT.java:47)
	at java_programs.MERGESORT.mergesort(MERGESORT.java:47)
	at java_programs.MERGESORT.mergesort(MERGESORT.java:47)
	at java_programs.MERGESORT.mergesort(MERGESORT.java:47)
	at java_programs.MERGESORT.mergesort(MERGESORT.java:47)
	at java_programs.MERGESORT.mergesort(MERGESORT.java:47)
	at java_programs.MERGESORT.mergesort(MERGESORT.java:47)
	at java_programs.MERGESORT.mergesort(MERGESORT.java:47)
	at java_programs.MERGESORT.mergesort(MERGESORT.java:47)
	at java_programs.MERGESORT.mergesort(MERGESORT.java:47)
	at java_programs.MERGESORT.mergesort(MERGESORT.java:47)
	at java_programs.MERGESORT.mergesort(MERGESORT.java:47)
	at java_programs.MERGESORT.mergesort(MERGESORT.java:47)
	at java_programs.MERGESORT.mergesort(MERGESORT.java:47)
	at java_programs.MERGESORT.mergesort(MERGESORT.java:47)
	at java_programs.MERGESORT.mergesort(MERGESORT.java:47)
	at java_programs.MERGESORT.mergesort(MERGESORT.java:47)
	at java_programs.MERGESORT.mergesort(MERGESORT.java:47)
	at java_programs.MERGESORT.mergesort(MERGESORT.java:47)
	at java_programs.MERGESORT.mergesort(MERGESORT.java:47)
	at java_programs.MERGESORT.mergesort(MERGESORT.java:47)
	at java_programs.MERGESORT.mergesort(MERGESORT.java:47)
	at java_programs.MERGESORT.mergesort(MERGESORT.java:47)
	at java_programs.MERGESORT.mergesort(MERGESORT.java:47)
	at java_programs.MERGESORT.mergesort(MERGESORT.java:47)
	at java_programs.MERGESORT.mergesort(MERGESORT.java:47)
	at java_programs.MERGESORT.mergesort(MERGESORT.java:47)
	at java_programs.MERGESORT.mergesort(MERGESORT.java:47)
	at java_programs.MERGESORT.mergesort(MERGESORT.java:47)
	at java_programs.MERGESORT.mergesort(MERGESORT.java:47)
	at java_programs.MERGESORT.mergesort(MERGESORT.java:47)
	at java_programs.MERGESORT.mergesort(MERGESORT.java:47)
	at java_programs.MERGESORT.mergesort(MERGESORT.java:47)
	at java_programs.MERGESORT.mergesort(MERGESORT.java:47)
	at java_programs.MERGESORT.mergesort(MERGESORT.java:47)
	at java_programs.MERGESORT.mergesort(MERGESORT.java:47)
	at java_programs.MERGESORT.mergesort(MERGESORT.java:47)
	at java_programs.MERGESORT.mergesort(MERGESORT.java:47)
	at java_programs.MERGESORT.mergesort(MERGESORT.java:47)
	at java_programs.MERGESORT.mergesort(MERGESORT.java:47)
	at java_programs.MERGESORT.mergesort(MERGESORT.java:47)
	at java_programs.MERGESORT.mergesort(MERGESORT.java:47)
	at java_programs.MERGESORT.mergesort(MERGESORT.java:47)
	at java_programs.MERGESORT.mergesort(MERGESORT.java:47)
	at java_programs.MERGESORT.mergesort(MERGESORT.java:47)
	at java_programs.MERGESORT.mergesort(MERGESORT.java:47)
	at java_programs.MERGESORT.mergesort(MERGESORT.java:47)
	at java_programs.MERGESORT.mergesort(MERGESORT.java:47)
	at java_programs.MERGESORT.mergesort(MERGESORT.java:47)
	at java_programs.MERGESORT.mergesort(MERGESORT.java:47)
	at java_programs.MERGESORT.mergesort(MERGESORT.java:47)
	at java_programs.MERGESORT.mergesort(MERGESORT.java:47)
	at java_programs.MERGESORT.mergesort(MERGESORT.java:47)
	at java_programs.MERGESORT.mergesort(MERGESORT.java:47)
	at java_programs.MERGESORT.mergesort(MERGESORT.java:47)
	at java_programs.MERGESORT.mergesort(MERGESORT.java:47)
	at java_programs.MERGESORT.mergesort(MERGESORT.java:47)
	at java_programs.MERGESORT.mergesort(MERGESORT.java:47)
	at java_programs.MERGESORT.mergesort(MERGESORT.java:47)
	at java_programs.MERGESORT.mergesort(MERGESORT.java:47)
	at java_programs.MERGESORT.mergesort(MERGESORT.java:47)
	at java_programs.MERGESORT.mergesort(MERGESORT.java:47)
	at java_programs.MERGESORT.mergesort(MERGESORT.java:47)
	at java_programs.MERGESORT.mergesort(MERGESORT.java:47)
	at java_programs.MERGESORT.mergesort(MERGESORT.java:47)
	at java_programs.MERGESORT.mergesort(MERGESORT.java:47)
	at java_programs.MERGESORT.mergesort(MERGESORT.java:47)
	at java_programs.MERGESORT.mergesort(MERGESORT.java:47)
	at java_programs.MERGESORT.mergesort(MERGESORT.java:47)
	at java_programs.MERGESORT.mergesort(MERGESORT.java:47)
	at java_programs.MERGESORT.mergesort(MERGESORT.java:47)
	at java_programs.MERGESORT.mergesort(MERGESORT.java:47)
	at java_programs.MERGESORT.mergesort(MERGESORT.java:47)
	at java_programs.MERGESORT.mergesort(MERGESORT.java:47)
	at java_programs.MERGESORT.mergesort(MERGESORT.java:47)
	at java_programs.MERGESORT.mergesort(MERGESORT.java:47)
	at java_programs.MERGESORT.mergesort(MERGESORT.java:47)
	at java_programs.MERGESORT.mergesort(MERGESORT.java:47)
	at java_programs.MERGESORT.mergesort(MERGESORT.java:47)
	at java_programs.MERGESORT.mergesort(MERGESORT.java:47)
	at java_programs.MERGESORT.mergesort(MERGESORT.java:47)
	at java_programs.MERGESORT.mergesort(MERGESORT.java:47)
	at java_programs.MERGESORT.mergesort(MERGESORT.java:47)
	at java_programs.MERGESORT.mergesort(MERGESORT.java:47)
	at java_programs.MERGESORT.mergesort(MERGESORT.java:47)
	at java_programs.MERGESORT.mergesort(MERGESORT.java:47)
	at java_programs.MERGESORT.mergesort(MERGESORT.java:47)
	at java_programs.MERGESORT.mergesort(MERGESORT.java:47)
	at java_programs.MERGESORT.mergesort(MERGESORT.java:47)
	at java_programs.MERGESORT.mergesort(MERGESORT.java:47)
	at java_programs.MERGESORT.mergesort(MERGESORT.java:47)
	at java_programs.MERGESORT.mergesort(MERGESORT.java:47)
	at java_programs.MERGESORT.mergesort(MERGESORT.java:47)
	at java_programs.MERGESORT.mergesort(MERGESORT.java:47)
	at java_programs.MERGESORT.mergesort(MERGESORT.java:47)
	at java_programs.MERGESORT.mergesort(MERGESORT.java:47)
	at java_programs.MERGESORT.mergesort(MERGESORT.java:47)
	at java_programs.MERGESORT.mergesort(MERGESORT.java:47)
	at java_programs.MERGESORT.mergesort(MERGESORT.java:47)
	at java_programs.MERGESORT.mergesort(MERGESORT.java:47)
	at java_programs.MERGESORT.mergesort(MERGESORT.java:47)
	at java_programs.MERGESORT.mergesort(MERGESORT.java:47)
	at java_programs.MERGESORT.mergesort(MERGESORT.java:47)
	at java_programs.MERGESORT.mergesort(MERGESORT.java:47)
	at java_programs.MERGESORT.mergesort(MERGESORT.java:47)
	at java_programs.MERGESORT.mergesort(MERGESORT.java:47)
	at java_programs.MERGESORT.mergesort(MERGESORT.java:47)
	at java_programs.MERGESORT.mergesort(MERGESORT.java:47)
	at java_programs.MERGESORT.mergesort(MERGESORT.java:47)
	at java_programs.MERGESORT.mergesort(MERGESORT.java:47)
	at java_programs.MERGESORT.mergesort(MERGESORT.java:47)
	at java_programs.MERGESORT.mergesort(MERGESORT.java:47)
	at java_programs.MERGESORT.mergesort(MERGESORT.java:47)
	at java_programs.MERGESORT.mergesort(MERGESORT.java:47)
	at java_programs.MERGESORT.mergesort(MERGESORT.java:47)
	at java_programs.MERGESORT.mergesort(MERGESORT.java:47)
	at java_programs.MERGESORT.mergesort(MERGESORT.java:47)
	at java_programs.MERGESORT.mergesort(MERGESORT.java:47)
	at java_programs.MERGESORT.mergesort(MERGESORT.java:47)
	at java_programs.MERGESORT.mergesort(MERGESORT.java:47)
	at java_programs.MERGESORT.mergesort(MERGESORT.java:47)
	at java_programs.MERGESORT.mergesort(MERGESORT.java:47)
	at java_programs.MERGESORT.mergesort(MERGESORT.java:47)
	at java_programs.MERGESORT.mergesort(MERGESORT.java:47)
	at java_programs.MERGESORT.mergesort(MERGESORT.java:47)
	at java_programs.MERGESORT.mergesort(MERGESORT.java:47)
	at java_programs.MERGESORT.mergesort(MERGESORT.java:47)
	at java_programs.MERGESORT.mergesort(MERGESORT.java:47)
	at java_programs.MERGESORT.mergesort(MERGESORT.java:47)
	at java_programs.MERGESORT.mergesort(MERGESORT.java:47)
	at java_programs.MERGESORT.mergesort(MERGESORT.java:47)
	at java_programs.MERGESORT.mergesort(MERGESORT.java:47)
	at java_programs.MERGESORT.mergesort(MERGESORT.java:47)
	at java_programs.MERGESORT.mergesort(MERGESORT.java:47)
	at java_programs.MERGESORT.mergesort(MERGESORT.java:47)
	at java_programs.MERGESORT.mergesort(MERGESORT.java:47)
	at java_programs.MERGESORT.mergesort(MERGESORT.java:47)
	at java_programs.MERGESORT.mergesort(MERGESORT.java:47)
	at java_programs.MERGESORT.mergesort(MERGESORT.java:47)
	at java_programs.MERGESORT.mergesort(MERGESORT.java:47)
	at java_programs.MERGESORT.mergesort(MERGESORT.java:47)
	at java_programs.MERGESORT.mergesort(MERGESORT.java:47)
	at java_programs.MERGESORT.mergesort(MERGESORT.java:47)
	at java_programs.MERGESORT.mergesort(MERGESORT.java:47)
	at java_programs.MERGESORT.mergesort(MERGESORT.java:47)
	at java_programs.MERGESORT.mergesort(MERGESORT.java:47)
	at java_programs.MERGESORT.mergesort(MERGESORT.java:47)
	at java_programs.MERGESORT.mergesort(MERGESORT.java:47)
	at java_programs.MERGESORT.mergesort(MERGESORT.java:47)
	at java_programs.MERGESORT.mergesort(MERGESORT.java:47)
	at java_programs.MERGESORT.mergesort(MERGESORT.java:47)
	at java_programs.MERGESORT.mergesort(MERGESORT.java:47)
	at java_programs.MERGESORT.mergesort(MERGESORT.java:47)
	at java_programs.MERGESORT.mergesort(MERGESORT.java:47)
	at java_programs.MERGESORT.mergesort(MERGESORT.java:47)
	at java_programs.MERGESORT.mergesort(MERGESORT.java:47)
	at java_programs.MERGESORT.mergesort(MERGESORT.java:47)
	at java_programs.MERGESORT.mergesort(MERGESORT.java:47)
	at java_programs.MERGESORT.mergesort(MERGESORT.java:47)
	at java_programs.MERGESORT.mergesort(MERGESORT.java:47)
	at java_programs.MERGESORT.mergesort(MERGESORT.java:47)
	at java_programs.MERGESORT.mergesort(MERGESORT.java:47)
	at java_programs.MERGESORT.mergesort(MERGESORT.java:47)
	at java_programs.MERGESORT.mergesort(MERGESORT.java:47)
	at java_programs.MERGESORT.mergesort(MERGESORT.java:47)
	at java_programs.MERGESORT.mergesort(MERGESORT.java:47)
	at java_programs.MERGESORT.mergesort(MERGESORT.java:47)
	at java_programs.MERGESORT.mergesort(MERGESORT.java:47)
	at java_programs.MERGESORT.mergesort(MERGESORT.java:47)
	at java_programs.MERGESORT.mergesort(MERGESORT.java:47)
	at java_programs.MERGESORT.mergesort(MERGESORT.java:47)
	at java_programs.MERGESORT.mergesort(MERGESORT.java:47)
	at java_programs.MERGESORT.mergesort(MERGESORT.java:47)
	at java_programs.MERGESORT.mergesort(MERGESORT.java:47)
	at java_programs.MERGESORT.mergesort(MERGESORT.java:47)
	at java_programs.MERGESORT.mergesort(MERGESORT.java:47)
	at java_programs.MERGESORT.mergesort(MERGESORT.java:47)
	at java_programs.MERGESORT.mergesort(MERGESORT.java:47)
	at java_programs.MERGESORT.mergesort(MERGESORT.java:47)
	at java_programs.MERGESORT.mergesort(MERGESORT.java:47)
	at java_programs.MERGESORT.mergesort(MERGESORT.java:47)
	at java_programs.MERGESORT.mergesort(MERGESORT.java:47)
	at java_programs.MERGESORT.mergesort(MERGESORT.java:47)
	at java_programs.MERGESORT.mergesort(MERGESORT.java:47)
	at java_programs.MERGESORT.mergesort(MERGESORT.java:47)
	at java_programs.MERGESORT.mergesort(MERGESORT.java:47)
	at java_programs.MERGESORT.mergesort(MERGESORT.java:47)
	at java_programs.MERGESORT.mergesort(MERGESORT.java:47)
	at java_programs.MERGESORT.mergesort(MERGESORT.java:47)
	at java_programs.MERGESORT.mergesort(MERGESORT.java:47)
	at java_programs.MERGESORT.mergesort(MERGESORT.java:47)
	at java_programs.MERGESORT.mergesort(MERGESORT.java:47)
	at java_programs.MERGESORT.mergesort(MERGESORT.java:47)
	at java_programs.MERGESORT.mergesort(MERGESORT.java:47)
	at java_programs.MERGESORT.mergesort(MERGESORT.java:47)
	at java_programs.MERGESORT.mergesort(MERGESORT.java:47)
	at java_programs.MERGESORT.mergesort(MERGESORT.java:47)
	at java_programs.MERGESORT.mergesort(MERGESORT.java:47)
	at java_programs.MERGESORT.mergesort(MERGESORT.java:47)
	at java_programs.MERGESORT.mergesort(MERGESORT.java:47)
	at java_programs.MERGESORT.mergesort(MERGESORT.java:47)
	at java_programs.MERGESORT.mergesort(MERGESORT.java:47)
	at java_programs.MERGESORT.mergesort(MERGESORT.java:47)
	at java_programs.MERGESORT.mergesort(MERGESORT.java:47)
	at java_programs.MERGESORT.mergesort(MERGESORT.java:47)
	at java_programs.MERGESORT.mergesort(MERGESORT.java:47)
	at java_programs.MERGESORT.mergesort(MERGESORT.java:47)
	at java_programs.MERGESORT.mergesort(MERGESORT.java:47)
	at java_programs.MERGESORT.mergesort(MERGESORT.java:47)
	at java_programs.MERGESORT.mergesort(MERGESORT.java:47)
	at java_programs.MERGESORT.mergesort(MERGESORT.java:47)
	at java_programs.MERGESORT.mergesort(MERGESORT.java:47)
	at java_programs.MERGESORT.mergesort(MERGESORT.java:47)
	at java_programs.MERGESORT.mergesort(MERGESORT.java:47)
	at java_programs.MERGESORT.mergesort(MERGESORT.java:47)
	at java_programs.MERGESORT.mergesort(MERGESORT.java:47)
	at java_programs.MERGESORT.mergesort(MERGESORT.java:47)
	at java_programs.MERGESORT.mergesort(MERGESORT.java:47)
	at java_programs.MERGESORT.mergesort(MERGESORT.java:47)
	at java_programs.MERGESORT.mergesort(MERGESORT.java:47)
	at java_programs.MERGESORT.mergesort(MERGESORT.java:47)
	at java_programs.MERGESORT.mergesort(MERGESORT.java:47)
	at java_programs.MERGESORT.mergesort(MERGESORT.java:47)
	at java_programs.MERGESORT.mergesort(MERGESORT.java:47)
	at java_programs.MERGESORT.mergesort(MERGESORT.java:47)
	at java_programs.MERGESORT.mergesort(MERGESORT.java:47)
	at java_programs.MERGESORT.mergesort(MERGESORT.java:47)
	at java_programs.MERGESORT.mergesort(MERGESORT.java:47)
	at java_programs.MERGESORT.mergesort(MERGESORT.java:47)
	at java_programs.MERGESORT.mergesort(MERGESORT.java:47)
	at java_programs.MERGESORT.mergesort(MERGESORT.java:47)
	at java_programs.MERGESORT.mergesort(MERGESORT.java:47)
	at java_programs.MERGESORT.mergesort(MERGESORT.java:47)
	at java_programs.MERGESORT.mergesort(MERGESORT.java:47)
	at java_programs.MERGESORT.mergesort(MERGESORT.java:47)
	at java_programs.MERGESORT.mergesort(MERGESORT.java:47)
	at java_programs.MERGESORT.mergesort(MERGESORT.java:47)
	at java_programs.MERGESORT.mergesort(MERGESORT.java:47)
	at java_programs.MERGESORT.mergesort(MERGESORT.java:47)
	at java_programs.MERGESORT.mergesort(MERGESORT.java:47)
	at java_programs.MERGESORT.mergesort(MERGESORT.java:47)
	at java_programs.MERGESORT.mergesort(MERGESORT.java:47)
	at java_programs.MERGESORT.mergesort(MERGESORT.java:47)
	at java_programs.MERGESORT.mergesort(MERGESORT.java:47)
	at java_programs.MERGESORT.mergesort(MERGESORT.java:47)
	at java_programs.MERGESORT.mergesort(MERGESORT.java:47)
	at java_programs.MERGESORT.mergesort(MERGESORT.java:47)
	at java_programs.MERGESORT.mergesort(MERGESORT.java:47)
	at java_programs.MERGESORT.mergesort(MERGESORT.java:47)
	at java_programs.MERGESORT.mergesort(MERGESORT.java:47)
	at java_programs.MERGESORT.mergesort(MERGESORT.java:47)
	at java_programs.MERGESORT.mergesort(MERGESORT.java:47)
	at java_programs.MERGESORT.mergesort(MERGESORT.java:47)
	at java_programs.MERGESORT.mergesort(MERGESORT.java:47)
	at java_programs.MERGESORT.mergesort(MERGESORT.java:47)
	at java_programs.MERGESORT.mergesort(MERGESORT.java:47)
	at java_programs.MERGESORT.mergesort(MERGESORT.java:47)
	at java_programs.MERGESORT.mergesort(MERGESORT.java:47)
	at java_programs.MERGESORT.mergesort(MERGESORT.java:47)
	at java_programs.MERGESORT.mergesort(MERGESORT.java:47)
	at java_programs.MERGESORT.mergesort(MERGESORT.java:47)
	at java_programs.MERGESORT.mergesort(MERGESORT.java:47)
	at java_programs.MERGESORT.mergesort(MERGESORT.java:47)
	at java_programs.MERGESORT.mergesort(MERGESORT.java:47)
	at java_programs.MERGESORT.mergesort(MERGESORT.java:47)
	at java_programs.MERGESORT.mergesort(MERGESORT.java:47)
	at java_programs.MERGESORT.mergesort(MERGESORT.java:47)
	at java_programs.MERGESORT.mergesort(MERGESORT.java:47)
	at java_programs.MERGESORT.mergesort(MERGESORT.java:47)
	at java_programs.MERGESORT.mergesort(MERGESORT.java:47)
	at java_programs.MERGESORT.mergesort(MERGESORT.java:47)
	at java_programs.MERGESORT.mergesort(MERGESORT.java:47)
	at java_programs.MERGESORT.mergesort(MERGESORT.java:47)
	at java_programs.MERGESORT.mergesort(MERGESORT.java:47)
	at java_programs.MERGESORT.mergesort(MERGESORT.java:47)
	at java_programs.MERGESORT.mergesort(MERGESORT.java:47)
	at java_programs.MERGESORT.mergesort(MERGESORT.java:47)
	at java_programs.MERGESORT.mergesort(MERGESORT.java:47)
	at java_programs.MERGESORT.mergesort(MERGESORT.java:47)
	at java_programs.MERGESORT.mergesort(MERGESORT.java:47)
	at java_programs.MERGESORT.mergesort(MERGESORT.java:47)
	at java_programs.MERGESORT.mergesort(MERGESORT.java:47)
	at java_programs.MERGESORT.mergesort(MERGESORT.java:47)
	at java_programs.MERGESORT.mergesort(MERGESORT.java:47)
	at java_programs.MERGESORT.mergesort(MERGESORT.java:47)
	at java_programs.MERGESORT.mergesort(MERGESORT.java:47)
	at java_programs.MERGESORT.mergesort(MERGESORT.java:47)
	at java_programs.MERGESORT.mergesort(MERGESORT.java:47)
	at java_programs.MERGESORT.mergesort(MERGESORT.java:47)
	at java_programs.MERGESORT.mergesort(MERGESORT.java:47)
	at java_programs.MERGESORT.mergesort(MERGESORT.java:47)
	at java_programs.MERGESORT.mergesort(MERGESORT.java:47)
	at java_programs.MERGESORT.mergesort(MERGESORT.java:47)
	at java_programs.MERGESORT.mergesort(MERGESORT.java:47)
	at java_programs.MERGESORT.mergesort(MERGESORT.java:47)
	at java_programs.MERGESORT.mergesort(MERGESORT.java:47)
	at java_programs.MERGESORT.mergesort(MERGESORT.java:47)
	at java_programs.MERGESORT.mergesort(MERGESORT.java:47)
	at java_programs.MERGESORT.mergesort(MERGESORT.java:47)
	at java_programs.MERGESORT.mergesort(MERGESORT.java:47)
	at java_programs.MERGESORT.mergesort(MERGESORT.java:47)
	at java_programs.MERGESORT.mergesort(MERGESORT.java:47)
	at java_programs.MERGESORT.mergesort(MERGESORT.java:47)
	at java_programs.MERGESORT.mergesort(MERGESORT.java:47)
	at java_programs.MERGESORT.mergesort(MERGESORT.java:47)
	at java_programs.MERGESORT.mergesort(MERGESORT.java:47)
	at java_programs.MERGESORT.mergesort(MERGESORT.java:47)
	at java_programs.MERGESORT.mergesort(MERGESORT.java:47)
	at java_programs.MERGESORT.mergesort(MERGESORT.java:47)
	at java_programs.MERGESORT.mergesort(MERGESORT.java:47)
	at java_programs.MERGESORT.mergesort(MERGESORT.java:47)
	at java_programs.MERGESORT.mergesort(MERGESORT.java:47)
	at java_programs.MERGESORT.mergesort(MERGESORT.java:47)
	at java_programs.MERGESORT.mergesort(MERGESORT.java:47)
	at java_programs.MERGESORT.mergesort(MERGESORT.java:47)
	at java_programs.MERGESORT.mergesort(MERGESORT.java:47)
	at java_programs.MERGESORT.mergesort(MERGESORT.java:47)
	at java_programs.MERGESORT.mergesort(MERGESORT.java:47)
	at java_programs.MERGESORT.mergesort(MERGESORT.java:47)
	at java_programs.MERGESORT.mergesort(MERGESORT.java:47)
	at java_programs.MERGESORT.mergesort(MERGESORT.java:47)
	at java_programs.MERGESORT.mergesort(MERGESORT.java:47)
	at java_programs.MERGESORT.mergesort(MERGESORT.java:47)
	at java_programs.MERGESORT.mergesort(MERGESORT.java:47)
	at java_programs.MERGESORT.mergesort(MERGESORT.java:47)
	at java_programs.MERGESORT.mergesort(MERGESORT.java:47)
	at java_programs.MERGESORT.mergesort(MERGESORT.java:47)
	at java_programs.MERGESORT.mergesort(MERGESORT.java:47)
	at java_programs.MERGESORT.mergesort(MERGESORT.java:47)
	at java_programs.MERGESORT.mergesort(MERGESORT.java:47)
	at java_programs.MERGESORT.mergesort(MERGESORT.java:47)
	at java_programs.MERGESORT.mergesort(MERGESORT.java:47)
	at java_programs.MERGESORT.mergesort(MERGESORT.java:47)
	at java_programs.MERGESORT.mergesort(MERGESORT.java:47)
	at java_programs.MERGESORT.mergesort(MERGESORT.java:47)
	at java_programs.MERGESORT.mergesort(MERGESORT.java:47)
	at java_programs.MERGESORT.mergesort(MERGESORT.java:47)
	at java_programs.MERGESORT.mergesort(MERGESORT.java:47)
	at java_programs.MERGESORT.mergesort(MERGESORT.java:47)
	at java_programs.MERGESORT.mergesort(MERGESORT.java:47)
	at java_programs.MERGESORT.mergesort(MERGESORT.java:47)
	at java_programs.MERGESORT.mergesort(MERGESORT.java:47)
	at java_programs.MERGESORT.mergesort(MERGESORT.java:47)
	at java_programs.MERGESORT.mergesort(MERGESORT.java:47)
	at java_programs.MERGESORT.mergesort(MERGESORT.java:47)
	at java_programs.MERGESORT.mergesort(MERGESORT.java:47)
	at java_programs.MERGESORT.mergesort(MERGESORT.java:47)
	at java_programs.MERGESORT.mergesort(MERGESORT.java:47)
	at java_programs.MERGESORT.mergesort(MERGESORT.java:47)
	at java_programs.MERGESORT.mergesort(MERGESORT.java:47)
	at java_programs.MERGESORT.mergesort(MERGESORT.java:47)
	at java_programs.MERGESORT.mergesort(MERGESORT.java:47)
	at java_programs.MERGESORT.mergesort(MERGESORT.java:47)
	at java_programs.MERGESORT.mergesort(MERGESORT.java:47)
	at java_programs.MERGESORT.mergesort(MERGESORT.java:47)
	at java_programs.MERGESORT.mergesort(MERGESORT.java:47)
	at java_programs.MERGESORT.mergesort(MERGESORT.java:47)
	at java_programs.MERGESORT.mergesort(MERGESORT.java:47)
	at java_programs.MERGESORT.mergesort(MERGESORT.java:47)
	at java_programs.MERGESORT.mergesort(MERGESORT.java:47)
	at java_programs.MERGESORT.mergesort(MERGESORT.java:47)
	at java_programs.MERGESORT.mergesort(MERGESORT.java:47)
	at java_programs.MERGESORT.mergesort(MERGESORT.java:47)
	at java_programs.MERGESORT.mergesort(MERGESORT.java:47)
	at java_programs.MERGESORT.mergesort(MERGESORT.java:47)
	at java_programs.MERGESORT.mergesort(MERGESORT.java:47)
	at java_programs.MERGESORT.mergesort(MERGESORT.java:47)
	at java_programs.MERGESORT.mergesort(MERGESORT.java:47)
	at java_programs.MERGESORT.mergesort(MERGESORT.java:47)
	at java_programs.MERGESORT.mergesort(MERGESORT.java:47)
	at java_programs.MERGESORT.mergesort(MERGESORT.java:47)
	at java_programs.MERGESORT.mergesort(MERGESORT.java:47)
	at java_programs.MERGESORT.mergesort(MERGESORT.java:47)
	at java_programs.MERGESORT.mergesort(MERGESORT.java:47)
	at java_programs.MERGESORT.mergesort(MERGESORT.java:47)
	at java_programs.MERGESORT.mergesort(MERGESORT.java:47)
	at java_programs.MERGESORT.mergesort(MERGESORT.java:47)
	at java_programs.MERGESORT.mergesort(MERGESORT.java:47)
	at java_programs.MERGESORT.mergesort(MERGESORT.java:47)
	at java_programs.MERGESORT.mergesort(MERGESORT.java:47)
	at java_programs.MERGESORT.mergesort(MERGESORT.java:47)
	at java_programs.MERGESORT.mergesort(MERGESORT.java:47)
	at java_programs.MERGESORT.mergesort(MERGESORT.java:47)
	at java_programs.MERGESORT.mergesort(MERGESORT.java:47)
	at java_programs.MERGESORT.mergesort(MERGESORT.java:47)
	at java_programs.MERGESORT.mergesort(MERGESORT.java:47)
	at java_programs.MERGESORT.mergesort(MERGESORT.java:47)
	at java_programs.MERGESORT.mergesort(MERGESORT.java:47)
	at java_programs.MERGESORT.mergesort(MERGESORT.java:47)
	at java_programs.MERGESORT.mergesort(MERGESORT.java:47)
	at java_programs.MERGESORT.mergesort(MERGESORT.java:47)
	at java_programs.MERGESORT.mergesort(MERGESORT.java:47)
	at java_programs.MERGESORT.mergesort(MERGESORT.java:47)
	at java_programs.MERGESORT.mergesort(MERGESORT.java:47)
	at java_programs.MERGESORT.mergesort(MERGESORT.java:47)
	at java_programs.MERGESORT.mergesort(MERGESORT.java:47)
	at java_programs.MERGESORT.mergesort(MERGESORT.java:47)
	at java_programs.MERGESORT.mergesort(MERGESORT.java:47)
	at java_programs.MERGESORT.mergesort(MERGESORT.java:47)
	at java_programs.MERGESORT.mergesort(MERGESORT.java:47)
	at java_programs.MERGESORT.mergesort(MERGESORT.java:47)
	at java_programs.MERGESORT.mergesort(MERGESORT.java:47)
	at java_programs.MERGESORT.mergesort(MERGESORT.java:47)
	at java_programs.MERGESORT.mergesort(MERGESORT.java:47)
	at java_programs.MERGESORT.mergesort(MERGESORT.java:47)
	at java_programs.MERGESORT.mergesort(MERGESORT.java:47)
	at java_programs.MERGESORT.mergesort(MERGESORT.java:47)
	at java_programs.MERGESORT.mergesort(MERGESORT.java:47)
	at java_programs.MERGESORT.mergesort(MERGESORT.java:47)
	at java_programs.MERGESORT.mergesort(MERGESORT.java:47)
	at java_programs.MERGESORT.mergesort(MERGESORT.java:47)
	at java_programs.MERGESORT.mergesort(MERGESORT.java:47)
	at java_programs.MERGESORT.mergesort(MERGESORT.java:47)
	at java_programs.MERGESORT.mergesort(MERGESORT.java:47)
	at java_programs.MERGESORT.mergesort(MERGESORT.java:47)
	at java_programs.MERGESORT.mergesort(MERGESORT.java:47)
	at java_programs.MERGESORT.mergesort(MERGESORT.java:47)
	at java_programs.MERGESORT.mergesort(MERGESORT.java:47)
	at java_programs.MERGESORT.mergesort(MERGESORT.java:47)
	at java_programs.MERGESORT.mergesort(MERGESORT.java:47)
	at java_programs.MERGESORT.mergesort(MERGESORT.java:47)
	at java_programs.MERGESORT.mergesort(MERGESORT.java:47)
	at java_programs.MERGESORT.mergesort(MERGESORT.java:47)
	at java_programs.MERGESORT.mergesort(MERGESORT.java:47)
	at java_programs.MERGESORT.mergesort(MERGESORT.java:47)
	at java_programs.MERGESORT.mergesort(MERGESORT.java:47)
	at java_programs.MERGESORT.mergesort(MERGESORT.java:47)
	at java_programs.MERGESORT.mergesort(MERGESORT.java:47)
	at java_programs.MERGESORT.mergesort(MERGESORT.java:47)
	at java_programs.MERGESORT.mergesort(MERGESORT.java:47)
	at java_programs.MERGESORT.mergesort(MERGESORT.java:47)
	at java_programs.MERGESORT.mergesort(MERGESORT.java:47)
	at java_programs.MERGESORT.mergesort(MERGESORT.java:47)
	at java_programs.MERGESORT.mergesort(MERGESORT.java:47)
	at java_programs.MERGESORT.mergesort(MERGESORT.java:47)
	at java_programs.MERGESORT.mergesort(MERGESORT.java:47)
	at java_programs.MERGESORT.mergesort(MERGESORT.java:47)
	at java_programs.MERGESORT.mergesort(MERGESORT.java:47)
	at java_programs.MERGESORT.mergesort(MERGESORT.java:47)
	at java_programs.MERGESORT.mergesort(MERGESORT.java:47)
	at java_programs.MERGESORT.mergesort(MERGESORT.java:47)
	at java_programs.MERGESORT.mergesort(MERGESORT.java:47)
	at java_programs.MERGESORT.mergesort(MERGESORT.java:47)
	at java_programs.MERGESORT.mergesort(MERGESORT.java:47)
	at java_programs.MERGESORT.mergesort(MERGESORT.java:47)
	at java_programs.MERGESORT.mergesort(MERGESORT.java:47)
	at java_programs.MERGESORT.mergesort(MERGESORT.java:47)
	at java_programs.MERGESORT.mergesort(MERGESORT.java:47)
	at java_programs.MERGESORT.mergesort(MERGESORT.java:47)
	at java_programs.MERGESORT.mergesort(MERGESORT.java:47)
	at java_programs.MERGESORT.mergesort(MERGESORT.java:47)
	at java_programs.MERGESORT.mergesort(MERGESORT.java:47)
	at java_programs.MERGESORT.mergesort(MERGESORT.java:47)
	at java_programs.MERGESORT.mergesort(MERGESORT.java:47)
	at java_programs.MERGESORT.mergesort(MERGESORT.java:47)
	at java_programs.MERGESORT.mergesort(MERGESORT.java:47)
	at java_programs.MERGESORT.mergesort(MERGESORT.java:47)
	at java_programs.MERGESORT.mergesort(MERGESORT.java:47)
	at java_programs.MERGESORT.mergesort(MERGESORT.java:47)
	at java_programs.MERGESORT.mergesort(MERGESORT.java:47)
	at java_programs.MERGESORT.mergesort(MERGESORT.java:47)
	at java_programs.MERGESORT.mergesort(MERGESORT.java:47)
	at java_programs.MERGESORT.mergesort(MERGESORT.java:47)
	at java_programs.MERGESORT.mergesort(MERGESORT.java:47)
	at java_programs.MERGESORT.mergesort(MERGESORT.java:47)
	at java_programs.MERGESORT.mergesort(MERGESORT.java:47)
	at java_programs.MERGESORT.mergesort(MERGESORT.java:47)
	at java_programs.MERGESORT.mergesort(MERGESORT.java:47)
	at java_programs.MERGESORT.mergesort(MERGESORT.java:47)
	at java_programs.MERGESORT.mergesort(MERGESORT.java:47)
	at java_programs.MERGESORT.mergesort(MERGESORT.java:47)
	at java_programs.MERGESORT.mergesort(MERGESORT.java:47)
	at java_programs.MERGESORT.mergesort(MERGESORT.java:47)
	at java_programs.MERGESORT.mergesort(MERGESORT.java:47)
	at java_programs.MERGESORT.mergesort(MERGESORT.java:47)
	at java_programs.MERGESORT.mergesort(MERGESORT.java:47)
	at java_programs.MERGESORT.mergesort(MERGESORT.java:47)
	at java_programs.MERGESORT.mergesort(MERGESORT.java:47)
	at java_programs.MERGESORT.mergesort(MERGESORT.java:47)
	at java_programs.MERGESORT.mergesort(MERGESORT.java:47)
	at java_programs.MERGESORT.mergesort(MERGESORT.java:47)
	at java_programs.MERGESORT.mergesort(MERGESORT.java:47)
	at java_programs.MERGESORT.mergesort(MERGESORT.java:47)
	at java_programs.MERGESORT.mergesort(MERGESORT.java:47)
	at java_programs.MERGESORT.mergesort(MERGESORT.java:47)
	at java_programs.MERGESORT.mergesort(MERGESORT.java:47)
	at java_programs.MERGESORT.mergesort(MERGESORT.java:47)
	at java_programs.MERGESORT.mergesort(MERGESORT.java:47)
	at java_programs.MERGESORT.mergesort(MERGESORT.java:47)
	at java_programs.MERGESORT.mergesort(MERGESORT.java:47)
	at java_programs.MERGESORT.mergesort(MERGESORT.java:47)
	at java_programs.MERGESORT.mergesort(MERGESORT.java:47)
	at java_programs.MERGESORT.mergesort(MERGESORT.java:47)
	at java_programs.MERGESORT.mergesort(MERGESORT.java:47)
	at java_programs.MERGESORT.mergesort(MERGESORT.java:47)
	at java_programs.MERGESORT.mergesort(MERGESORT.java:47)
	at java_programs.MERGESORT.mergesort(MERGESORT.java:47)
	at java_programs.MERGESORT.mergesort(MERGESORT.java:47)
	at java_programs.MERGESORT.mergesort(MERGESORT.java:47)
	at java_programs.MERGESORT.mergesort(MERGESORT.java:47)
	at java_programs.MERGESORT.mergesort(MERGESORT.java:47)
	at java_programs.MERGESORT.mergesort(MERGESORT.java:47)
	at java_programs.MERGESORT.mergesort(MERGESORT.java:47)
	at java_programs.MERGESORT.mergesort(MERGESORT.java:47)
	at java_programs.MERGESORT.mergesort(MERGESORT.java:47)
	at java_programs.MERGESORT.mergesort(MERGESORT.java:47)
	at java_programs.MERGESORT.mergesort(MERGESORT.java:47)
	at java_programs.MERGESORT.mergesort(MERGESORT.java:47)
	at java_programs.MERGESORT.mergesort(MERGESORT.java:47)
	at java_programs.MERGESORT.mergesort(MERGESORT.java:47)
	at java_programs.MERGESORT.mergesort(MERGESORT.java:47)
	at java_programs.MERGESORT.mergesort(MERGESORT.java:47)
	at java_programs.MERGESORT.mergesort(MERGESORT.java:47)
	at java_programs.MERGESORT.mergesort(MERGESORT.java:47)
	at java_programs.MERGESORT.mergesort(MERGESORT.java:47)
	at java_programs.MERGESORT.mergesort(MERGESORT.java:47)
	at java_programs.MERGESORT.mergesort(MERGESORT.java:47)
	at java_programs.MERGESORT.mergesort(MERGESORT.java:47)
	at java_programs.MERGESORT.mergesort(MERGESORT.java:47)
	at java_programs.MERGESORT.mergesort(MERGESORT.java:47)
	at java_programs.MERGESORT.mergesort(MERGESORT.java:47)
	at java_programs.MERGESORT.mergesort(MERGESORT.java:47)
	at java_programs.MERGESORT.mergesort(MERGESORT.java:47)
	at java_programs.MERGESORT.mergesort(MERGESORT.java:47)
	at java_programs.MERGESORT.mergesort(MERGESORT.java:47)
	at java_programs.MERGESORT.mergesort(MERGESORT.java:47)
	at java_programs.MERGESORT.mergesort(MERGESORT.java:47)
	at java_programs.MERGESORT.mergesort(MERGESORT.java:47)
	at java_programs.MERGESORT.mergesort(MERGESORT.java:47)
	at java_programs.MERGESORT.mergesort(MERGESORT.java:47)
	at java_programs.MERGESORT.mergesort(MERGESORT.java:47)
	at java_programs.MERGESORT.mergesort(MERGESORT.java:47)
	at java_programs.MERGESORT.mergesort(MERGESORT.java:47)
	at java_programs.MERGESORT.mergesort(MERGESORT.java:47)
	at java_programs.MERGESORT.mergesort(MERGESORT.java:47)
	at java_programs.MERGESORT.mergesort(MERGESORT.java:47)
	at java_programs.MERGESORT.mergesort(MERGESORT.java:47)
	at java_programs.MERGESORT.mergesort(MERGESORT.java:47)
	at java_programs.MERGESORT.mergesort(MERGESORT.java:47)
	at java_programs.MERGESORT.mergesort(MERGESORT.java:47)
	at java_programs.MERGESORT.mergesort(MERGESORT.java:47)
	at java_programs.MERGESORT.mergesort(MERGESORT.java:47)
	at java_programs.MERGESORT.mergesort(MERGESORT.java:47)
	at java_programs.MERGESORT.mergesort(MERGESORT.java:47)
	at java_programs.MERGESORT.mergesort(MERGESORT.java:47)
	at java_programs.MERGESORT.mergesort(MERGESORT.java:47)
	at java_programs.MERGESORT.mergesort(MERGESORT.java:47)
	at java_programs.MERGESORT.mergesort(MERGESORT.java:47)
	at java_programs.MERGESORT.mergesort(MERGESORT.java:47)
	at java_programs.MERGESORT.mergesort(MERGESORT.java:47)
	at java_programs.MERGESORT.mergesort(MERGESORT.java:47)
	at java_programs.MERGESORT.mergesort(MERGESORT.java:47)
	at java_programs.MERGESORT.mergesort(MERGESORT.java:47)
	at java_programs.MERGESORT.mergesort(MERGESORT.java:47)
	at java_programs.MERGESORT.mergesort(MERGESORT.java:47)
	at java_programs.MERGESORT.mergesort(MERGESORT.java:47)
	at java_programs.MERGESORT.mergesort(MERGESORT.java:47)
	at java_programs.MERGESORT.mergesort(MERGESORT.java:47)
	at java_programs.MERGESORT.mergesort(MERGESORT.java:47)
	at java_programs.MERGESORT.mergesort(MERGESORT.java:47)
	at java_programs.MERGESORT.mergesort(MERGESORT.java:47)
	at java_programs.MERGESORT.mergesort(MERGESORT.java:47)
	at java_programs.MERGESORT.mergesort(MERGESORT.java:47)
	at java_programs.MERGESORT.mergesort(MERGESORT.java:47)
	at java_programs.MERGESORT.mergesort(MERGESORT.java:47)
	at java_programs.MERGESORT.mergesort(MERGESORT.java:47)
	at java_programs.MERGESORT.mergesort(MERGESORT.java:47)
	at java_programs.MERGESORT.mergesort(MERGESORT.java:47)
	at java_programs.MERGESORT.mergesort(MERGESORT.java:47)
	at java_programs.MERGESORT.mergesort(MERGESORT.java:47)
	at java_programs.MERGESORT.mergesort(MERGESORT.java:47)
	at java_programs.MERGESORT.mergesort(MERGESORT.java:47)
	at java_programs.MERGESORT.mergesort(MERGESORT.java:47)
	at java_programs.MERGESORT.mergesort(MERGESORT.java:47)
	at java_programs.MERGESORT.mergesort(MERGESORT.java:47)
	at java_programs.MERGESORT.mergesort(MERGESORT.java:47)
	at java_programs.MERGESORT.mergesort(MERGESORT.java:47)
	at java_programs.MERGESORT.mergesort(MERGESORT.java:47)
	at java_programs.MERGESORT.mergesort(MERGESORT.java:47)
	at java_programs.MERGESORT.mergesort(MERGESORT.java:47)
	at java_programs.MERGESORT.mergesort(MERGESORT.java:47)
	at java_programs.MERGESORT.mergesort(MERGESORT.java:47)
	at java_programs.MERGESORT.mergesort(MERGESORT.java:47)
	at java_programs.MERGESORT.mergesort(MERGESORT.java:47)
	at java_programs.MERGESORT.mergesort(MERGESORT.java:47)
	at java_programs.MERGESORT.mergesort(MERGESORT.java:47)
	at java_programs.MERGESORT.mergesort(MERGESORT.java:47)
	at java_programs.MERGESORT.mergesort(MERGESORT.java:47)
	at java_programs.MERGESORT.mergesort(MERGESORT.java:47)
	at java_programs.MERGESORT.mergesort(MERGESORT.java:47)
	at java_programs.MERGESORT.mergesort(MERGESORT.java:47)
	at java_programs.MERGESORT.mergesort(MERGESORT.java:47)
	at java_programs.MERGESORT.mergesort(MERGESORT.java:47)
	at java_programs.MERGESORT.mergesort(MERGESORT.java:47)
	at java_programs.MERGESORT.mergesort(MERGESORT.java:47)
	at java_programs.MERGESORT.mergesort(MERGESORT.java:47)
	at java_programs.MERGESORT.mergesort(MERGESORT.java:47)
	at java_programs.MERGESORT.mergesort(MERGESORT.java:47)
	at java_programs.MERGESORT.mergesort(MERGESORT.java:47)
	at java_programs.MERGESORT.mergesort(MERGESORT.java:47)
	at java_programs.MERGESORT.mergesort(MERGESORT.java:47)
	at java_programs.MERGESORT.mergesort(MERGESORT.java:47)
	at java_programs.MERGESORT.mergesort(MERGESORT.java:47)
	at java_programs.MERGESORT.mergesort(MERGESORT.java:47)
	at java_programs.MERGESORT.mergesort(MERGESORT.java:47)
	at java_programs.MERGESORT.mergesort(MERGESORT.java:47)
	at java_programs.MERGESORT.mergesort(MERGESORT.java:47)
	at java_programs.MERGESORT.mergesort(MERGESORT.java:47)
	at java_programs.MERGESORT.mergesort(MERGESORT.java:47)
	at java_programs.MERGESORT.mergesort(MERGESORT.java:47)
	at java_programs.MERGESORT.mergesort(MERGESORT.java:47)
	at java_programs.MERGESORT.mergesort(MERGESORT.java:47)
	at java_programs.MERGESORT.mergesort(MERGESORT.java:47)
	at java_programs.MERGESORT.mergesort(MERGESORT.java:47)
	at java_programs.MERGESORT.mergesort(MERGESORT.java:47)
	at java_programs.MERGESORT.mergesort(MERGESORT.java:47)
	at java_programs.MERGESORT.mergesort(MERGESORT.java:47)
	at java_programs.MERGESORT.mergesort(MERGESORT.java:47)
	at java_programs.MERGESORT.mergesort(MERGESORT.java:47)
	at java_programs.MERGESORT.mergesort(MERGESORT.java:47)
	at java_programs.MERGESORT.mergesort(MERGESORT.java:47)
	at java_programs.MERGESORT.mergesort(MERGESORT.java:47)
	at java_programs.MERGESORT.mergesort(MERGESORT.java:47)
	at java_programs.MERGESORT.mergesort(MERGESORT.java:47)
	at java_programs.MERGESORT.mergesort(MERGESORT.java:47)
	at java_programs.MERGESORT.mergesort(MERGESORT.java:47)
	at java_programs.MERGESORT.mergesort(MERGESORT.java:47)
	at java_programs.MERGESORT.mergesort(MERGESORT.java:47)
	at java_programs.MERGESORT.mergesort(MERGESORT.java:47)
	at java_programs.MERGESORT.mergesort(MERGESORT.java:47)
	at java_programs.MERGESORT.mergesort(MERGESORT.java:47)
	at java_programs.MERGESORT.mergesort(MERGESORT.java:47)
	at java_programs.MERGESORT.mergesort(MERGESORT.java:47)
	at java_programs.MERGESORT.mergesort(MERGESORT.java:47)
	at java_programs.MERGESORT.mergesort(MERGESORT.java:47)
	at java_programs.MERGESORT.mergesort(MERGESORT.java:47)
	at java_programs.MERGESORT.mergesort(MERGESORT.java:47)
	at java_programs.MERGESORT.mergesort(MERGESORT.java:47)
	at java_programs.MERGESORT.mergesort(MERGESORT.java:47)
	at java_programs.MERGESORT.mergesort(MERGESORT.java:47)
	at java_programs.MERGESORT.mergesort(MERGESORT.java:47)
	at java_programs.MERGESORT.mergesort(MERGESORT.java:47)
	at java_programs.MERGESORT.mergesort(MERGESORT.java:47)
	at java_programs.MERGESORT.mergesort(MERGESORT.java:47)
	at java_programs.MERGESORT.mergesort(MERGESORT.java:47)
	at java_programs.MERGESORT.mergesort(MERGESORT.java:47)
	at java_programs.MERGESORT.mergesort(MERGESORT.java:47)
	at java_programs.MERGESORT.mergesort(MERGESORT.java:47)
	at java_programs.MERGESORT.mergesort(MERGESORT.java:47)
	at java_programs.MERGESORT.mergesort(MERGESORT.java:47)
	at java_programs.MERGESORT.mergesort(MERGESORT.java:47)
	at java_programs.MERGESORT.mergesort(MERGESORT.java:47)
	at java_programs.MERGESORT.mergesort(MERGESORT.java:47)
	at java_programs.MERGESORT.mergesort(MERGESORT.java:47)
	at java_programs.MERGESORT.mergesort(MERGESORT.java:47)
	at java_programs.MERGESORT.mergesort(MERGESORT.java:47)
	at java_programs.MERGESORT.mergesort(MERGESORT.java:47)
	at java_programs.MERGESORT.mergesort(MERGESORT.java:47)
	at java_programs.MERGESORT.mergesort(MERGESORT.java:47)
	at java_programs.MERGESORT.mergesort(MERGESORT.java:47)
	at java_programs.MERGESORT.mergesort(MERGESORT.java:47)
	at java_programs.MERGESORT.mergesort(MERGESORT.java:47)
	at java_programs.MERGESORT.mergesort(MERGESORT.java:47)
	at java_programs.MERGESORT.mergesort(MERGESORT.java:47)
	at java_programs.MERGESORT.mergesort(MERGESORT.java:47)
	at java_programs.MERGESORT.mergesort(MERGESORT.java:47)
	at java_programs.MERGESORT.mergesort(MERGESORT.java:47)
	at java_programs.MERGESORT.mergesort(MERGESORT.java:47)
	at java_programs.MERGESORT.mergesort(MERGESORT.java:47)
	at java_programs.MERGESORT.mergesort(MERGESORT.java:47)
	at java_programs.MERGESORT.mergesort(MERGESORT.java:47)
	at java_programs.MERGESORT.mergesort(MERGESORT.java:47)
	at java_programs.MERGESORT.mergesort(MERGESORT.java:47)
	at java_programs.MERGESORT.mergesort(MERGESORT.java:47)
	at java_programs.MERGESORT.mergesort(MERGESORT.java:47)
	at java_programs.MERGESORT.mergesort(MERGESORT.java:47)
	at java_programs.MERGESORT.mergesort(MERGESORT.java:47)
	at java_programs.MERGESORT.mergesort(MERGESORT.java:47)
	at java_programs.MERGESORT.mergesort(MERGESORT.java:47)
	at java_programs.MERGESORT.mergesort(MERGESORT.java:47)
	at java_programs.MERGESORT.mergesort(MERGESORT.java:47)
	at java_programs.MERGESORT.mergesort(MERGESORT.java:47)
	at java_programs.MERGESORT.mergesort(MERGESORT.java:47)
	at java_programs.MERGESORT.mergesort(MERGESORT.java:47)
	at java_programs.MERGESORT.mergesort(MERGESORT.java:47)
	at java_programs.MERGESORT.mergesort(MERGESORT.java:47)
	at java_programs.MERGESORT.mergesort(MERGESORT.java:47)
	at java_programs.MERGESORT.mergesort(MERGESORT.java:47)
	at java_programs.MERGESORT.mergesort(MERGESORT.java:47)
	at java_programs.MERGESORT.mergesort(MERGESORT.java:47)
	at java_programs.MERGESORT.mergesort(MERGESORT.java:47)
	at java_programs.MERGESORT.mergesort(MERGESORT.java:47)
	at java_programs.MERGESORT.mergesort(MERGESORT.java:47)
	at java_programs.MERGESORT.mergesort(MERGESORT.java:47)
	at java_programs.MERGESORT.mergesort(MERGESORT.java:47)
	at java_programs.MERGESORT.mergesort(MERGESORT.java:47)
</failure>
  </testcase>
  <testcase name="test_1" classname="java_testcases.junit.MERGESORT_TEST" time="0.13">
    <failure message="java.lang.StackOverflowError" type="java.lang.StackOverflowError">java.lang.StackOverflowError
	at java.base/java.util.ArrayList.addAll(ArrayList.java:670)
	at java_programs.MERGESORT.mergesort(MERGESORT.java:43)
	at java_programs.MERGESORT.mergesort(MERGESORT.java:47)
	at java_programs.MERGESORT.mergesort(MERGESORT.java:47)
	at java_programs.MERGESORT.mergesort(MERGESORT.java:47)
	at java_programs.MERGESORT.mergesort(MERGESORT.java:47)
	at java_programs.MERGESORT.mergesort(MERGESORT.java:47)
	at java_programs.MERGESORT.mergesort(MERGESORT.java:47)
	at java_programs.MERGESORT.mergesort(MERGESORT.java:47)
	at java_programs.MERGESORT.mergesort(MERGESORT.java:47)
	at java_programs.MERGESORT.mergesort(MERGESORT.java:47)
	at java_programs.MERGESORT.mergesort(MERGESORT.java:47)
	at java_programs.MERGESORT.mergesort(MERGESORT.java:47)
	at java_programs.MERGESORT.mergesort(MERGESORT.java:47)
	at java_programs.MERGESORT.mergesort(MERGESORT.java:47)
	at java_programs.MERGESORT.mergesort(MERGESORT.java:47)
	at java_programs.MERGESORT.mergesort(MERGESORT.java:47)
	at java_programs.MERGESORT.mergesort(MERGESORT.java:47)
	at java_programs.MERGESORT.mergesort(MERGESORT.java:47)
	at java_programs.MERGESORT.mergesort(MERGESORT.java:47)
	at java_programs.MERGESORT.mergesort(MERGESORT.java:47)
	at java_programs.MERGESORT.mergesort(MERGESORT.java:47)
	at java_programs.MERGESORT.mergesort(MERGESORT.java:47)
	at java_programs.MERGESORT.mergesort(MERGESORT.java:47)
	at java_programs.MERGESORT.mergesort(MERGESORT.java:47)
	at java_programs.MERGESORT.mergesort(MERGESORT.java:47)
	at java_programs.MERGESORT.mergesort(MERGESORT.java:47)
	at java_programs.MERGESORT.mergesort(MERGESORT.java:47)
	at java_programs.MERGESORT.mergesort(MERGESORT.java:47)
	at java_programs.MERGESORT.mergesort(MERGESORT.java:47)
	at java_programs.MERGESORT.mergesort(MERGESORT.java:47)
	at java_programs.MERGESORT.mergesort(MERGESORT.java:47)
	at java_programs.MERGESORT.mergesort(MERGESORT.java:47)
	at java_programs.MERGESORT.mergesort(MERGESORT.java:47)
	at java_programs.MERGESORT.mergesort(MERGESORT.java:47)
	at java_programs.MERGESORT.mergesort(MERGESORT.java:47)
	at java_programs.MERGESORT.mergesort(MERGESORT.java:47)
	at java_programs.MERGESORT.mergesort(MERGESORT.java:47)
	at java_programs.MERGESORT.mergesort(MERGESORT.java:47)
	at java_programs.MERGESORT.mergesort(MERGESORT.java:47)
	at java_programs.MERGESORT.mergesort(MERGESORT.java:47)
	at java_programs.MERGESORT.mergesort(MERGESORT.java:47)
	at java_programs.MERGESORT.mergesort(MERGESORT.java:47)
	at java_programs.MERGESORT.mergesort(MERGESORT.java:47)
	at java_programs.MERGESORT.mergesort(MERGESORT.java:47)
	at java_programs.MERGESORT.mergesort(MERGESORT.java:47)
	at java_programs.MERGESORT.mergesort(MERGESORT.java:47)
	at java_programs.MERGESORT.mergesort(MERGESORT.java:47)
	at java_programs.MERGESORT.mergesort(MERGESORT.java:47)
	at java_programs.MERGESORT.mergesort(MERGESORT.java:47)
	at java_programs.MERGESORT.mergesort(MERGESORT.java:47)
	at java_programs.MERGESORT.mergesort(MERGESORT.java:47)
	at java_programs.MERGESORT.mergesort(MERGESORT.java:47)
	at java_programs.MERGESORT.mergesort(MERGESORT.java:47)
	at java_programs.MERGESORT.mergesort(MERGESORT.java:47)
	at java_programs.MERGESORT.mergesort(MERGESORT.java:47)
	at java_programs.MERGESORT.mergesort(MERGESORT.java:47)
	at java_programs.MERGESORT.mergesort(MERGESORT.java:47)
	at java_programs.MERGESORT.mergesort(MERGESORT.java:47)
	at java_programs.MERGESORT.mergesort(MERGESORT.java:47)
	at java_programs.MERGESORT.mergesort(MERGESORT.java:47)
	at java_programs.MERGESORT.mergesort(MERGESORT.java:47)
	at java_programs.MERGESORT.mergesort(MERGESORT.java:47)
	at java_programs.MERGESORT.mergesort(MERGESORT.java:47)
	at java_programs.MERGESORT.mergesort(MERGESORT.java:47)
	at java_programs.MERGESORT.mergesort(MERGESORT.java:47)
	at java_programs.MERGESORT.mergesort(MERGESORT.java:47)
	at java_programs.MERGESORT.mergesort(MERGESORT.java:47)
	at java_programs.MERGESORT.mergesort(MERGESORT.java:47)
	at java_programs.MERGESORT.mergesort(MERGESORT.java:47)
	at java_programs.MERGESORT.mergesort(MERGESORT.java:47)
	at java_programs.MERGESORT.mergesort(MERGESORT.java:47)
	at java_programs.MERGESORT.mergesort(MERGESORT.java:47)
	at java_programs.MERGESORT.mergesort(MERGESORT.java:47)
	at java_programs.MERGESORT.mergesort(MERGESORT.java:47)
	at java_programs.MERGESORT.mergesort(MERGESORT.java:47)
	at java_programs.MERGESORT.mergesort(MERGESORT.java:47)
	at java_programs.MERGESORT.mergesort(MERGESORT.java:47)
	at java_programs.MERGESORT.mergesort(MERGESORT.java:47)
	at java_programs.MERGESORT.mergesort(MERGESORT.java:47)
	at java_programs.MERGESORT.mergesort(MERGESORT.java:47)
	at java_programs.MERGESORT.mergesort(MERGESORT.java:47)
	at java_programs.MERGESORT.mergesort(MERGESORT.java:47)
	at java_programs.MERGESORT.mergesort(MERGESORT.java:47)
	at java_programs.MERGESORT.mergesort(MERGESORT.java:47)
	at java_programs.MERGESORT.mergesort(MERGESORT.java:47)
	at java_programs.MERGESORT.mergesort(MERGESORT.java:47)
	at java_programs.MERGESORT.mergesort(MERGESORT.java:47)
	at java_programs.MERGESORT.mergesort(MERGESORT.java:47)
	at java_programs.MERGESORT.mergesort(MERGESORT.java:47)
	at java_programs.MERGESORT.mergesort(MERGESORT.java:47)
	at java_programs.MERGESORT.mergesort(MERGESORT.java:47)
	at java_programs.MERGESORT.mergesort(MERGESORT.java:47)
	at java_programs.MERGESORT.mergesort(MERGESORT.java:47)
	at java_programs.MERGESORT.mergesort(MERGESORT.java:47)
	at java_programs.MERGESORT.mergesort(MERGESORT.java:47)
	at java_programs.MERGESORT.mergesort(MERGESORT.java:47)
	at java_programs.MERGESORT.mergesort(MERGESORT.java:47)
	at java_programs.MERGESORT.mergesort(MERGESORT.java:47)
	at java_programs.MERGESORT.mergesort(MERGESORT.java:47)
	at java_programs.MERGESORT.mergesort(MERGESORT.java:47)
	at java_programs.MERGESORT.mergesort(MERGESORT.java:47)
	at java_programs.MERGESORT.mergesort(MERGESORT.java:47)
	at java_programs.MERGESORT.mergesort(MERGESORT.java:47)
	at java_programs.MERGESORT.mergesort(MERGESORT.java:47)
	at java_programs.MERGESORT.mergesort(MERGESORT.java:47)
	at java_programs.MERGESORT.mergesort(MERGESORT.java:47)
	at java_programs.MERGESORT.mergesort(MERGESORT.java:47)
	at java_programs.MERGESORT.mergesort(MERGESORT.java:47)
	at java_programs.MERGESORT.mergesort(MERGESORT.java:47)
	at java_programs.MERGESORT.mergesort(MERGESORT.java:47)
	at java_programs.MERGESORT.mergesort(MERGESORT.java:47)
	at java_programs.MERGESORT.mergesort(MERGESORT.java:47)
	at java_programs.MERGESORT.mergesort(MERGESORT.java:47)
	at java_programs.MERGESORT.mergesort(MERGESORT.java:47)
	at java_programs.MERGESORT.mergesort(MERGESORT.java:47)
	at java_programs.MERGESORT.mergesort(MERGESORT.java:47)
	at java_programs.MERGESORT.mergesort(MERGESORT.java:47)
	at java_programs.MERGESORT.mergesort(MERGESORT.java:47)
	at java_programs.MERGESORT.mergesort(MERGESORT.java:47)
	at java_programs.MERGESORT.mergesort(MERGESORT.java:47)
	at java_programs.MERGESORT.mergesort(MERGESORT.java:47)
	at java_programs.MERGESORT.mergesort(MERGESORT.java:47)
	at java_programs.MERGESORT.mergesort(MERGESORT.java:47)
	at java_programs.MERGESORT.mergesort(MERGESORT.java:47)
	at java_programs.MERGESORT.mergesort(MERGESORT.java:47)
	at java_programs.MERGESORT.mergesort(MERGESORT.java:47)
	at java_programs.MERGESORT.mergesort(MERGESORT.java:47)
	at java_programs.MERGESORT.mergesort(MERGESORT.java:47)
	at java_programs.MERGESORT.mergesort(MERGESORT.java:47)
	at java_programs.MERGESORT.mergesort(MERGESORT.java:47)
	at java_programs.MERGESORT.mergesort(MERGESORT.java:47)
	at java_programs.MERGESORT.mergesort(MERGESORT.java:47)
	at java_programs.MERGESORT.mergesort(MERGESORT.java:47)
	at java_programs.MERGESORT.mergesort(MERGESORT.java:47)
	at java_programs.MERGESORT.mergesort(MERGESORT.java:47)
	at java_programs.MERGESORT.mergesort(MERGESORT.java:47)
	at java_programs.MERGESORT.mergesort(MERGESORT.java:47)
	at java_programs.MERGESORT.mergesort(MERGESORT.java:47)
	at java_programs.MERGESORT.mergesort(MERGESORT.java:47)
	at java_programs.MERGESORT.mergesort(MERGESORT.java:47)
	at java_programs.MERGESORT.mergesort(MERGESORT.java:47)
	at java_programs.MERGESORT.mergesort(MERGESORT.java:47)
	at java_programs.MERGESORT.mergesort(MERGESORT.java:47)
	at java_programs.MERGESORT.mergesort(MERGESORT.java:47)
	at java_programs.MERGESORT.mergesort(MERGESORT.java:47)
	at java_programs.MERGESORT.mergesort(MERGESORT.java:47)
	at java_programs.MERGESORT.mergesort(MERGESORT.java:47)
	at java_programs.MERGESORT.mergesort(MERGESORT.java:47)
	at java_programs.MERGESORT.mergesort(MERGESORT.java:47)
	at java_programs.MERGESORT.mergesort(MERGESORT.java:47)
	at java_programs.MERGESORT.mergesort(MERGESORT.java:47)
	at java_programs.MERGESORT.mergesort(MERGESORT.java:47)
	at java_programs.MERGESORT.mergesort(MERGESORT.java:47)
	at java_programs.MERGESORT.mergesort(MERGESORT.java:47)
	at java_programs.MERGESORT.mergesort(MERGESORT.java:47)
	at java_programs.MERGESORT.mergesort(MERGESORT.java:47)
	at java_programs.MERGESORT.mergesort(MERGESORT.java:47)
	at java_programs.MERGESORT.mergesort(MERGESORT.java:47)
	at java_programs.MERGESORT.mergesort(MERGESORT.java:47)
	at java_programs.MERGESORT.mergesort(MERGESORT.java:47)
	at java_programs.MERGESORT.mergesort(MERGESORT.java:47)
	at java_programs.MERGESORT.mergesort(MERGESORT.java:47)
	at java_programs.MERGESORT.mergesort(MERGESORT.java:47)
	at java_programs.MERGESORT.mergesort(MERGESORT.java:47)
	at java_programs.MERGESORT.mergesort(MERGESORT.java:47)
	at java_programs.MERGESORT.mergesort(MERGESORT.java:47)
	at java_programs.MERGESORT.mergesort(MERGESORT.java:47)
	at java_programs.MERGESORT.mergesort(MERGESORT.java:47)
	at java_programs.MERGESORT.mergesort(MERGESORT.java:47)
	at java_programs.MERGESORT.mergesort(MERGESORT.java:47)
	at java_programs.MERGESORT.mergesort(MERGESORT.java:47)
	at java_programs.MERGESORT.mergesort(MERGESORT.java:47)
	at java_programs.MERGESORT.mergesort(MERGESORT.java:47)
	at java_programs.MERGESORT.mergesort(MERGESORT.java:47)
	at java_programs.MERGESORT.mergesort(MERGESORT.java:47)
	at java_programs.MERGESORT.mergesort(MERGESORT.java:47)
	at java_programs.MERGESORT.mergesort(MERGESORT.java:47)
	at java_programs.MERGESORT.mergesort(MERGESORT.java:47)
	at java_programs.MERGESORT.mergesort(MERGESORT.java:47)
	at java_programs.MERGESORT.mergesort(MERGESORT.java:47)
	at java_programs.MERGESORT.mergesort(MERGESORT.java:47)
	at java_programs.MERGESORT.mergesort(MERGESORT.java:47)
	at java_programs.MERGESORT.mergesort(MERGESORT.java:47)
	at java_programs.MERGESORT.mergesort(MERGESORT.java:47)
	at java_programs.MERGESORT.mergesort(MERGESORT.java:47)
	at java_programs.MERGESORT.mergesort(MERGESORT.java:47)
	at java_programs.MERGESORT.mergesort(MERGESORT.java:47)
	at java_programs.MERGESORT.mergesort(MERGESORT.java:47)
	at java_programs.MERGESORT.mergesort(MERGESORT.java:47)
	at java_programs.MERGESORT.mergesort(MERGESORT.java:47)
	at java_programs.MERGESORT.mergesort(MERGESORT.java:47)
	at java_programs.MERGESORT.mergesort(MERGESORT.java:47)
	at java_programs.MERGESORT.mergesort(MERGESORT.java:47)
	at java_programs.MERGESORT.mergesort(MERGESORT.java:47)
	at java_programs.MERGESORT.mergesort(MERGESORT.java:47)
	at java_programs.MERGESORT.mergesort(MERGESORT.java:47)
	at java_programs.MERGESORT.mergesort(MERGESORT.java:47)
	at java_programs.MERGESORT.mergesort(MERGESORT.java:47)
	at java_programs.MERGESORT.mergesort(MERGESORT.java:47)
	at java_programs.MERGESORT.mergesort(MERGESORT.java:47)
	at java_programs.MERGESORT.mergesort(MERGESORT.java:47)
	at java_programs.MERGESORT.mergesort(MERGESORT.java:47)
	at java_programs.MERGESORT.mergesort(MERGESORT.java:47)
	at java_programs.MERGESORT.mergesort(MERGESORT.java:47)
	at java_programs.MERGESORT.mergesort(MERGESORT.java:47)
	at java_programs.MERGESORT.mergesort(MERGESORT.java:47)
	at java_programs.MERGESORT.mergesort(MERGESORT.java:47)
	at java_programs.MERGESORT.mergesort(MERGESORT.java:47)
	at java_programs.MERGESORT.mergesort(MERGESORT.java:47)
	at java_programs.MERGESORT.mergesort(MERGESORT.java:47)
	at java_programs.MERGESORT.mergesort(MERGESORT.java:47)
	at java_programs.MERGESORT.mergesort(MERGESORT.java:47)
	at java_programs.MERGESORT.mergesort(MERGESORT.java:47)
	at java_programs.MERGESORT.mergesort(MERGESORT.java:47)
	at java_programs.MERGESORT.mergesort(MERGESORT.java:47)
	at java_programs.MERGESORT.mergesort(MERGESORT.java:47)
	at java_programs.MERGESORT.mergesort(MERGESORT.java:47)
	at java_programs.MERGESORT.mergesort(MERGESORT.java:47)
	at java_programs.MERGESORT.mergesort(MERGESORT.java:47)
	at java_programs.MERGESORT.mergesort(MERGESORT.java:47)
	at java_programs.MERGESORT.mergesort(MERGESORT.java:47)
	at java_programs.MERGESORT.mergesort(MERGESORT.java:47)
	at java_programs.MERGESORT.mergesort(MERGESORT.java:47)
	at java_programs.MERGESORT.mergesort(MERGESORT.java:47)
	at java_programs.MERGESORT.mergesort(MERGESORT.java:47)
	at java_programs.MERGESORT.mergesort(MERGESORT.java:47)
	at java_programs.MERGESORT.mergesort(MERGESORT.java:47)
	at java_programs.MERGESORT.mergesort(MERGESORT.java:47)
	at java_programs.MERGESORT.mergesort(MERGESORT.java:47)
	at java_programs.MERGESORT.mergesort(MERGESORT.java:47)
	at java_programs.MERGESORT.mergesort(MERGESORT.java:47)
	at java_programs.MERGESORT.mergesort(MERGESORT.java:47)
	at java_programs.MERGESORT.mergesort(MERGESORT.java:47)
	at java_programs.MERGESORT.mergesort(MERGESORT.java:47)
	at java_programs.MERGESORT.mergesort(MERGESORT.java:47)
	at java_programs.MERGESORT.mergesort(MERGESORT.java:47)
	at java_programs.MERGESORT.mergesort(MERGESORT.java:47)
	at java_programs.MERGESORT.mergesort(MERGESORT.java:47)
	at java_programs.MERGESORT.mergesort(MERGESORT.java:47)
	at java_programs.MERGESORT.mergesort(MERGESORT.java:47)
	at java_programs.MERGESORT.mergesort(MERGESORT.java:47)
	at java_programs.MERGESORT.mergesort(MERGESORT.java:47)
	at java_programs.MERGESORT.mergesort(MERGESORT.java:47)
	at java_programs.MERGESORT.mergesort(MERGESORT.java:47)
	at java_programs.MERGESORT.mergesort(MERGESORT.java:47)
	at java_programs.MERGESORT.mergesort(MERGESORT.java:47)
	at java_programs.MERGESORT.mergesort(MERGESORT.java:47)
	at java_programs.MERGESORT.mergesort(MERGESORT.java:47)
	at java_programs.MERGESORT.mergesort(MERGESORT.java:47)
	at java_programs.MERGESORT.mergesort(MERGESORT.java:47)
	at java_programs.MERGESORT.mergesort(MERGESORT.java:47)
	at java_programs.MERGESORT.mergesort(MERGESORT.java:47)
	at java_programs.MERGESORT.mergesort(MERGESORT.java:47)
	at java_programs.MERGESORT.mergesort(MERGESORT.java:47)
	at java_programs.MERGESORT.mergesort(MERGESORT.java:47)
	at java_programs.MERGESORT.mergesort(MERGESORT.java:47)
	at java_programs.MERGESORT.mergesort(MERGESORT.java:47)
	at java_programs.MERGESORT.mergesort(MERGESORT.java:47)
	at java_programs.MERGESORT.mergesort(MERGESORT.java:47)
	at java_programs.MERGESORT.mergesort(MERGESORT.java:47)
	at java_programs.MERGESORT.mergesort(MERGESORT.java:47)
	at java_programs.MERGESORT.mergesort(MERGESORT.java:47)
	at java_programs.MERGESORT.mergesort(MERGESORT.java:47)
	at java_programs.MERGESORT.mergesort(MERGESORT.java:47)
	at java_programs.MERGESORT.mergesort(MERGESORT.java:47)
	at java_programs.MERGESORT.mergesort(MERGESORT.java:47)
	at java_programs.MERGESORT.mergesort(MERGESORT.java:47)
	at java_programs.MERGESORT.mergesort(MERGESORT.java:47)
	at java_programs.MERGESORT.mergesort(MERGESORT.java:47)
	at java_programs.MERGESORT.mergesort(MERGESORT.java:47)
	at java_programs.MERGESORT.mergesort(MERGESORT.java:47)
	at java_programs.MERGESORT.mergesort(MERGESORT.java:47)
	at java_programs.MERGESORT.mergesort(MERGESORT.java:47)
	at java_programs.MERGESORT.mergesort(MERGESORT.java:47)
	at java_programs.MERGESORT.mergesort(MERGESORT.java:47)
	at java_programs.MERGESORT.mergesort(MERGESORT.java:47)
	at java_programs.MERGESORT.mergesort(MERGESORT.java:47)
	at java_programs.MERGESORT.mergesort(MERGESORT.java:47)
	at java_programs.MERGESORT.mergesort(MERGESORT.java:47)
	at java_programs.MERGESORT.mergesort(MERGESORT.java:47)
	at java_programs.MERGESORT.mergesort(MERGESORT.java:47)
	at java_programs.MERGESORT.mergesort(MERGESORT.java:47)
	at java_programs.MERGESORT.mergesort(MERGESORT.java:47)
	at java_programs.MERGESORT.mergesort(MERGESORT.java:47)
	at java_programs.MERGESORT.mergesort(MERGESORT.java:47)
	at java_programs.MERGESORT.mergesort(MERGESORT.java:47)
	at java_programs.MERGESORT.mergesort(MERGESORT.java:47)
	at java_programs.MERGESORT.mergesort(MERGESORT.java:47)
	at java_programs.MERGESORT.mergesort(MERGESORT.java:47)
	at java_programs.MERGESORT.mergesort(MERGESORT.java:47)
	at java_programs.MERGESORT.mergesort(MERGESORT.java:47)
	at java_programs.MERGESORT.mergesort(MERGESORT.java:47)
	at java_programs.MERGESORT.mergesort(MERGESORT.java:47)
	at java_programs.MERGESORT.mergesort(MERGESORT.java:47)
	at java_programs.MERGESORT.mergesort(MERGESORT.java:47)
	at java_programs.MERGESORT.mergesort(MERGESORT.java:47)
	at java_programs.MERGESORT.mergesort(MERGESORT.java:47)
	at java_programs.MERGESORT.mergesort(MERGESORT.java:47)
	at java_programs.MERGESORT.mergesort(MERGESORT.java:47)
	at java_programs.MERGESORT.mergesort(MERGESORT.java:47)
	at java_programs.MERGESORT.mergesort(MERGESORT.java:47)
	at java_programs.MERGESORT.mergesort(MERGESORT.java:47)
	at java_programs.MERGESORT.mergesort(MERGESORT.java:47)
	at java_programs.MERGESORT.mergesort(MERGESORT.java:47)
	at java_programs.MERGESORT.mergesort(MERGESORT.java:47)
	at java_programs.MERGESORT.mergesort(MERGESORT.java:47)
	at java_programs.MERGESORT.mergesort(MERGESORT.java:47)
	at java_programs.MERGESORT.mergesort(MERGESORT.java:47)
	at java_programs.MERGESORT.mergesort(MERGESORT.java:47)
	at java_programs.MERGESORT.mergesort(MERGESORT.java:47)
	at java_programs.MERGESORT.mergesort(MERGESORT.java:47)
	at java_programs.MERGESORT.mergesort(MERGESORT.java:47)
	at java_programs.MERGESORT.mergesort(MERGESORT.java:47)
	at java_programs.MERGESORT.mergesort(MERGESORT.java:47)
	at java_programs.MERGESORT.mergesort(MERGESORT.java:47)
	at java_programs.MERGESORT.mergesort(MERGESORT.java:47)
	at java_programs.MERGESORT.mergesort(MERGESORT.java:47)
	at java_programs.MERGESORT.mergesort(MERGESORT.java:47)
	at java_programs.MERGESORT.mergesort(MERGESORT.java:47)
	at java_programs.MERGESORT.mergesort(MERGESORT.java:47)
	at java_programs.MERGESORT.mergesort(MERGESORT.java:47)
	at java_programs.MERGESORT.mergesort(MERGESORT.java:47)
	at java_programs.MERGESORT.mergesort(MERGESORT.java:47)
	at java_programs.MERGESORT.mergesort(MERGESORT.java:47)
	at java_programs.MERGESORT.mergesort(MERGESORT.java:47)
	at java_programs.MERGESORT.mergesort(MERGESORT.java:47)
	at java_programs.MERGESORT.mergesort(MERGESORT.java:47)
	at java_programs.MERGESORT.mergesort(MERGESORT.java:47)
	at java_programs.MERGESORT.mergesort(MERGESORT.java:47)
	at java_programs.MERGESORT.mergesort(MERGESORT.java:47)
	at java_programs.MERGESORT.mergesort(MERGESORT.java:47)
	at java_programs.MERGESORT.mergesort(MERGESORT.java:47)
	at java_programs.MERGESORT.mergesort(MERGESORT.java:47)
	at java_programs.MERGESORT.mergesort(MERGESORT.java:47)
	at java_programs.MERGESORT.mergesort(MERGESORT.java:47)
	at java_programs.MERGESORT.mergesort(MERGESORT.java:47)
	at java_programs.MERGESORT.mergesort(MERGESORT.java:47)
	at java_programs.MERGESORT.mergesort(MERGESORT.java:47)
	at java_programs.MERGESORT.mergesort(MERGESORT.java:47)
	at java_programs.MERGESORT.mergesort(MERGESORT.java:47)
	at java_programs.MERGESORT.mergesort(MERGESORT.java:47)
	at java_programs.MERGESORT.mergesort(MERGESORT.java:47)
	at java_programs.MERGESORT.mergesort(MERGESORT.java:47)
	at java_programs.MERGESORT.mergesort(MERGESORT.java:47)
	at java_programs.MERGESORT.mergesort(MERGESORT.java:47)
	at java_programs.MERGESORT.mergesort(MERGESORT.java:47)
	at java_programs.MERGESORT.mergesort(MERGESORT.java:47)
	at java_programs.MERGESORT.mergesort(MERGESORT.java:47)
	at java_programs.MERGESORT.mergesort(MERGESORT.java:47)
	at java_programs.MERGESORT.mergesort(MERGESORT.java:47)
	at java_programs.MERGESORT.mergesort(MERGESORT.java:47)
	at java_programs.MERGESORT.mergesort(MERGESORT.java:47)
	at java_programs.MERGESORT.mergesort(MERGESORT.java:47)
	at java_programs.MERGESORT.mergesort(MERGESORT.java:47)
	at java_programs.MERGESORT.mergesort(MERGESORT.java:47)
	at java_programs.MERGESORT.mergesort(MERGESORT.java:47)
	at java_programs.MERGESORT.mergesort(MERGESORT.java:47)
	at java_programs.MERGESORT.mergesort(MERGESORT.java:47)
	at java_programs.MERGESORT.mergesort(MERGESORT.java:47)
	at java_programs.MERGESORT.mergesort(MERGESORT.java:47)
	at java_programs.MERGESORT.mergesort(MERGESORT.java:47)
	at java_programs.MERGESORT.mergesort(MERGESORT.java:47)
	at java_programs.MERGESORT.mergesort(MERGESORT.java:47)
	at java_programs.MERGESORT.mergesort(MERGESORT.java:47)
	at java_programs.MERGESORT.mergesort(MERGESORT.java:47)
	at java_programs.MERGESORT.mergesort(MERGESORT.java:47)
	at java_programs.MERGESORT.mergesort(MERGESORT.java:47)
	at java_programs.MERGESORT.mergesort(MERGESORT.java:47)
	at java_programs.MERGESORT.mergesort(MERGESORT.java:47)
	at java_programs.MERGESORT.mergesort(MERGESORT.java:47)
	at java_programs.MERGESORT.mergesort(MERGESORT.java:47)
	at java_programs.MERGESORT.mergesort(MERGESORT.java:47)
	at java_programs.MERGESORT.mergesort(MERGESORT.java:47)
	at java_programs.MERGESORT.mergesort(MERGESORT.java:47)
	at java_programs.MERGESORT.mergesort(MERGESORT.java:47)
	at java_programs.MERGESORT.mergesort(MERGESORT.java:47)
	at java_programs.MERGESORT.mergesort(MERGESORT.java:47)
	at java_programs.MERGESORT.mergesort(MERGESORT.java:47)
	at java_programs.MERGESORT.mergesort(MERGESORT.java:47)
	at java_programs.MERGESORT.mergesort(MERGESORT.java:47)
	at java_programs.MERGESORT.mergesort(MERGESORT.java:47)
	at java_programs.MERGESORT.mergesort(MERGESORT.java:47)
	at java_programs.MERGESORT.mergesort(MERGESORT.java:47)
	at java_programs.MERGESORT.mergesort(MERGESORT.java:47)
	at java_programs.MERGESORT.mergesort(MERGESORT.java:47)
	at java_programs.MERGESORT.mergesort(MERGESORT.java:47)
	at java_programs.MERGESORT.mergesort(MERGESORT.java:47)
	at java_programs.MERGESORT.mergesort(MERGESORT.java:47)
	at java_programs.MERGESORT.mergesort(MERGESORT.java:47)
	at java_programs.MERGESORT.mergesort(MERGESORT.java:47)
	at java_programs.MERGESORT.mergesort(MERGESORT.java:47)
	at java_programs.MERGESORT.mergesort(MERGESORT.java:47)
	at java_programs.MERGESORT.mergesort(MERGESORT.java:47)
	at java_programs.MERGESORT.mergesort(MERGESORT.java:47)
	at java_programs.MERGESORT.mergesort(MERGESORT.java:47)
	at java_programs.MERGESORT.mergesort(MERGESORT.java:47)
	at java_programs.MERGESORT.mergesort(MERGESORT.java:47)
	at java_programs.MERGESORT.mergesort(MERGESORT.java:47)
	at java_programs.MERGESORT.mergesort(MERGESORT.java:47)
	at java_programs.MERGESORT.mergesort(MERGESORT.java:47)
	at java_programs.MERGESORT.mergesort(MERGESORT.java:47)
	at java_programs.MERGESORT.mergesort(MERGESORT.java:47)
	at java_programs.MERGESORT.mergesort(MERGESORT.java:47)
	at java_programs.MERGESORT.mergesort(MERGESORT.java:47)
	at java_programs.MERGESORT.mergesort(MERGESORT.java:47)
	at java_programs.MERGESORT.mergesort(MERGESORT.java:47)
	at java_programs.MERGESORT.mergesort(MERGESORT.java:47)
	at java_programs.MERGESORT.mergesort(MERGESORT.java:47)
	at java_programs.MERGESORT.mergesort(MERGESORT.java:47)
	at java_programs.MERGESORT.mergesort(MERGESORT.java:47)
	at java_programs.MERGESORT.mergesort(MERGESORT.java:47)
	at java_programs.MERGESORT.mergesort(MERGESORT.java:47)
	at java_programs.MERGESORT.mergesort(MERGESORT.java:47)
	at java_programs.MERGESORT.mergesort(MERGESORT.java:47)
	at java_programs.MERGESORT.mergesort(MERGESORT.java:47)
	at java_programs.MERGESORT.mergesort(MERGESORT.java:47)
	at java_programs.MERGESORT.mergesort(MERGESORT.java:47)
	at java_programs.MERGESORT.mergesort(MERGESORT.java:47)
	at java_programs.MERGESORT.mergesort(MERGESORT.java:47)
	at java_programs.MERGESORT.mergesort(MERGESORT.java:47)
	at java_programs.MERGESORT.mergesort(MERGESORT.java:47)
	at java_programs.MERGESORT.mergesort(MERGESORT.java:47)
	at java_programs.MERGESORT.mergesort(MERGESORT.java:47)
	at java_programs.MERGESORT.mergesort(MERGESORT.java:47)
	at java_programs.MERGESORT.mergesort(MERGESORT.java:47)
	at java_programs.MERGESORT.mergesort(MERGESORT.java:47)
	at java_programs.MERGESORT.mergesort(MERGESORT.java:47)
	at java_programs.MERGESORT.mergesort(MERGESORT.java:47)
	at java_programs.MERGESORT.mergesort(MERGESORT.java:47)
	at java_programs.MERGESORT.mergesort(MERGESORT.java:47)
	at java_programs.MERGESORT.mergesort(MERGESORT.java:47)
	at java_programs.MERGESORT.mergesort(MERGESORT.java:47)
	at java_programs.MERGESORT.mergesort(MERGESORT.java:47)
	at java_programs.MERGESORT.mergesort(MERGESORT.java:47)
	at java_programs.MERGESORT.mergesort(MERGESORT.java:47)
	at java_programs.MERGESORT.mergesort(MERGESORT.java:47)
	at java_programs.MERGESORT.mergesort(MERGESORT.java:47)
	at java_programs.MERGESORT.mergesort(MERGESORT.java:47)
	at java_programs.MERGESORT.mergesort(MERGESORT.java:47)
	at java_programs.MERGESORT.mergesort(MERGESORT.java:47)
	at java_programs.MERGESORT.mergesort(MERGESORT.java:47)
	at java_programs.MERGESORT.mergesort(MERGESORT.java:47)
	at java_programs.MERGESORT.mergesort(MERGESORT.java:47)
	at java_programs.MERGESORT.mergesort(MERGESORT.java:47)
	at java_programs.MERGESORT.mergesort(MERGESORT.java:47)
	at java_programs.MERGESORT.mergesort(MERGESORT.java:47)
	at java_programs.MERGESORT.mergesort(MERGESORT.java:47)
	at java_programs.MERGESORT.mergesort(MERGESORT.java:47)
	at java_programs.MERGESORT.mergesort(MERGESORT.java:47)
	at java_programs.MERGESORT.mergesort(MERGESORT.java:47)
	at java_programs.MERGESORT.mergesort(MERGESORT.java:47)
	at java_programs.MERGESORT.mergesort(MERGESORT.java:47)
	at java_programs.MERGESORT.mergesort(MERGESORT.java:47)
	at java_programs.MERGESORT.mergesort(MERGESORT.java:47)
	at java_programs.MERGESORT.mergesort(MERGESORT.java:47)
	at java_programs.MERGESORT.mergesort(MERGESORT.java:47)
	at java_programs.MERGESORT.mergesort(MERGESORT.java:47)
	at java_programs.MERGESORT.mergesort(MERGESORT.java:47)
	at java_programs.MERGESORT.mergesort(MERGESORT.java:47)
	at java_programs.MERGESORT.mergesort(MERGESORT.java:47)
	at java_programs.MERGESORT.mergesort(MERGESORT.java:47)
	at java_programs.MERGESORT.mergesort(MERGESORT.java:47)
	at java_programs.MERGESORT.mergesort(MERGESORT.java:47)
	at java_programs.MERGESORT.mergesort(MERGESORT.java:47)
	at java_programs.MERGESORT.mergesort(MERGESORT.java:47)
	at java_programs.MERGESORT.mergesort(MERGESORT.java:47)
	at java_programs.MERGESORT.mergesort(MERGESORT.java:47)
	at java_programs.MERGESORT.mergesort(MERGESORT.java:47)
	at java_programs.MERGESORT.mergesort(MERGESORT.java:47)
	at java_programs.MERGESORT.mergesort(MERGESORT.java:47)
	at java_programs.MERGESORT.mergesort(MERGESORT.java:47)
	at java_programs.MERGESORT.mergesort(MERGESORT.java:47)
	at java_programs.MERGESORT.mergesort(MERGESORT.java:47)
	at java_programs.MERGESORT.mergesort(MERGESORT.java:47)
	at java_programs.MERGESORT.mergesort(MERGESORT.java:47)
	at java_programs.MERGESORT.mergesort(MERGESORT.java:47)
	at java_programs.MERGESORT.mergesort(MERGESORT.java:47)
	at java_programs.MERGESORT.mergesort(MERGESORT.java:47)
	at java_programs.MERGESORT.mergesort(MERGESORT.java:47)
	at java_programs.MERGESORT.mergesort(MERGESORT.java:47)
	at java_programs.MERGESORT.mergesort(MERGESORT.java:47)
	at java_programs.MERGESORT.mergesort(MERGESORT.java:47)
	at java_programs.MERGESORT.mergesort(MERGESORT.java:47)
	at java_programs.MERGESORT.mergesort(MERGESORT.java:47)
	at java_programs.MERGESORT.mergesort(MERGESORT.java:47)
	at java_programs.MERGESORT.mergesort(MERGESORT.java:47)
	at java_programs.MERGESORT.mergesort(MERGESORT.java:47)
	at java_programs.MERGESORT.mergesort(MERGESORT.java:47)
	at java_programs.MERGESORT.mergesort(MERGESORT.java:47)
	at java_programs.MERGESORT.mergesort(MERGESORT.java:47)
	at java_programs.MERGESORT.mergesort(MERGESORT.java:47)
	at java_programs.MERGESORT.mergesort(MERGESORT.java:47)
	at java_programs.MERGESORT.mergesort(MERGESORT.java:47)
	at java_programs.MERGESORT.mergesort(MERGESORT.java:47)
	at java_programs.MERGESORT.mergesort(MERGESORT.java:47)
	at java_programs.MERGESORT.mergesort(MERGESORT.java:47)
	at java_programs.MERGESORT.mergesort(MERGESORT.java:47)
	at java_programs.MERGESORT.mergesort(MERGESORT.java:47)
	at java_programs.MERGESORT.mergesort(MERGESORT.java:47)
	at java_programs.MERGESORT.mergesort(MERGESORT.java:47)
	at java_programs.MERGESORT.mergesort(MERGESORT.java:47)
	at java_programs.MERGESORT.mergesort(MERGESORT.java:47)
	at java_programs.MERGESORT.mergesort(MERGESORT.java:47)
	at java_programs.MERGESORT.mergesort(MERGESORT.java:47)
	at java_programs.MERGESORT.mergesort(MERGESORT.java:47)
	at java_programs.MERGESORT.mergesort(MERGESORT.java:47)
	at java_programs.MERGESORT.mergesort(MERGESORT.java:47)
	at java_programs.MERGESORT.mergesort(MERGESORT.java:47)
	at java_programs.MERGESORT.mergesort(MERGESORT.java:47)
	at java_programs.MERGESORT.mergesort(MERGESORT.java:47)
	at java_programs.MERGESORT.mergesort(MERGESORT.java:47)
	at java_programs.MERGESORT.mergesort(MERGESORT.java:47)
	at java_programs.MERGESORT.mergesort(MERGESORT.java:47)
	at java_programs.MERGESORT.mergesort(MERGESORT.java:47)
	at java_programs.MERGESORT.mergesort(MERGESORT.java:47)
	at java_programs.MERGESORT.mergesort(MERGESORT.java:47)
	at java_programs.MERGESORT.mergesort(MERGESORT.java:47)
	at java_programs.MERGESORT.mergesort(MERGESORT.java:47)
	at java_programs.MERGESORT.mergesort(MERGESORT.java:47)
	at java_programs.MERGESORT.mergesort(MERGESORT.java:47)
	at java_programs.MERGESORT.mergesort(MERGESORT.java:47)
	at java_programs.MERGESORT.mergesort(MERGESORT.java:47)
	at java_programs.MERGESORT.mergesort(MERGESORT.java:47)
	at java_programs.MERGESORT.mergesort(MERGESORT.java:47)
	at java_programs.MERGESORT.mergesort(MERGESORT.java:47)
	at java_programs.MERGESORT.mergesort(MERGESORT.java:47)
	at java_programs.MERGESORT.mergesort(MERGESORT.java:47)
	at java_programs.MERGESORT.mergesort(MERGESORT.java:47)
	at java_programs.MERGESORT.mergesort(MERGESORT.java:47)
	at java_programs.MERGESORT.mergesort(MERGESORT.java:47)
	at java_programs.MERGESORT.mergesort(MERGESORT.java:47)
	at java_programs.MERGESORT.mergesort(MERGESORT.java:47)
	at java_programs.MERGESORT.mergesort(MERGESORT.java:47)
	at java_programs.MERGESORT.mergesort(MERGESORT.java:47)
	at java_programs.MERGESORT.mergesort(MERGESORT.java:47)
	at java_programs.MERGESORT.mergesort(MERGESORT.java:47)
	at java_programs.MERGESORT.mergesort(MERGESORT.java:47)
	at java_programs.MERGESORT.mergesort(MERGESORT.java:47)
	at java_programs.MERGESORT.mergesort(MERGESORT.java:47)
	at java_programs.MERGESORT.mergesort(MERGESORT.java:47)
	at java_programs.MERGESORT.mergesort(MERGESORT.java:47)
	at java_programs.MERGESORT.mergesort(MERGESORT.java:47)
	at java_programs.MERGESORT.mergesort(MERGESORT.java:47)
	at java_programs.MERGESORT.mergesort(MERGESORT.java:47)
	at java_programs.MERGESORT.mergesort(MERGESORT.java:47)
	at java_programs.MERGESORT.mergesort(MERGESORT.java:47)
	at java_programs.MERGESORT.mergesort(MERGESORT.java:47)
	at java_programs.MERGESORT.mergesort(MERGESORT.java:47)
	at java_programs.MERGESORT.mergesort(MERGESORT.java:47)
	at java_programs.MERGESORT.mergesort(MERGESORT.java:47)
	at java_programs.MERGESORT.mergesort(MERGESORT.java:47)
	at java_programs.MERGESORT.mergesort(MERGESORT.java:47)
	at java_programs.MERGESORT.mergesort(MERGESORT.java:47)
	at java_programs.MERGESORT.mergesort(MERGESORT.java:47)
	at java_programs.MERGESORT.mergesort(MERGESORT.java:47)
	at java_programs.MERGESORT.mergesort(MERGESORT.java:47)
	at java_programs.MERGESORT.mergesort(MERGESORT.java:47)
	at java_programs.MERGESORT.mergesort(MERGESORT.java:47)
	at java_programs.MERGESORT.mergesort(MERGESORT.java:47)
	at java_programs.MERGESORT.mergesort(MERGESORT.java:47)
	at java_programs.MERGESORT.mergesort(MERGESORT.java:47)
	at java_programs.MERGESORT.mergesort(MERGESORT.java:47)
	at java_programs.MERGESORT.mergesort(MERGESORT.java:47)
	at java_programs.MERGESORT.mergesort(MERGESORT.java:47)
	at java_programs.MERGESORT.mergesort(MERGESORT.java:47)
	at java_programs.MERGESORT.mergesort(MERGESORT.java:47)
	at java_programs.MERGESORT.mergesort(MERGESORT.java:47)
	at java_programs.MERGESORT.mergesort(MERGESORT.java:47)
	at java_programs.MERGESORT.mergesort(MERGESORT.java:47)
	at java_programs.MERGESORT.mergesort(MERGESORT.java:47)
	at java_programs.MERGESORT.mergesort(MERGESORT.java:47)
	at java_programs.MERGESORT.mergesort(MERGESORT.java:47)
	at java_programs.MERGESORT.mergesort(MERGESORT.java:47)
	at java_programs.MERGESORT.mergesort(MERGESORT.java:47)
	at java_programs.MERGESORT.mergesort(MERGESORT.java:47)
	at java_programs.MERGESORT.mergesort(MERGESORT.java:47)
	at java_programs.MERGESORT.mergesort(MERGESORT.java:47)
	at java_programs.MERGESORT.mergesort(MERGESORT.java:47)
	at java_programs.MERGESORT.mergesort(MERGESORT.java:47)
	at java_programs.MERGESORT.mergesort(MERGESORT.java:47)
	at java_programs.MERGESORT.mergesort(MERGESORT.java:47)
	at java_programs.MERGESORT.mergesort(MERGESORT.java:47)
	at java_programs.MERGESORT.mergesort(MERGESORT.java:47)
	at java_programs.MERGESORT.mergesort(MERGESORT.java:47)
	at java_programs.MERGESORT.mergesort(MERGESORT.java:47)
	at java_programs.MERGESORT.mergesort(MERGESORT.java:47)
	at java_programs.MERGESORT.mergesort(MERGESORT.java:47)
	at java_programs.MERGESORT.mergesort(MERGESORT.java:47)
	at java_programs.MERGESORT.mergesort(MERGESORT.java:47)
	at java_programs.MERGESORT.mergesort(MERGESORT.java:47)
	at java_programs.MERGESORT.mergesort(MERGESORT.java:47)
	at java_programs.MERGESORT.mergesort(MERGESORT.java:47)
	at java_programs.MERGESORT.mergesort(MERGESORT.java:47)
	at java_programs.MERGESORT.mergesort(MERGESORT.java:47)
	at java_programs.MERGESORT.mergesort(MERGESORT.java:47)
	at java_programs.MERGESORT.mergesort(MERGESORT.java:47)
	at java_programs.MERGESORT.mergesort(MERGESORT.java:47)
	at java_programs.MERGESORT.mergesort(MERGESORT.java:47)
	at java_programs.MERGESORT.mergesort(MERGESORT.java:47)
	at java_programs.MERGESORT.mergesort(MERGESORT.java:47)
	at java_programs.MERGESORT.mergesort(MERGESORT.java:47)
	at java_programs.MERGESORT.mergesort(MERGESORT.java:47)
	at java_programs.MERGESORT.mergesort(MERGESORT.java:47)
	at java_programs.MERGESORT.mergesort(MERGESORT.java:47)
	at java_programs.MERGESORT.mergesort(MERGESORT.java:47)
	at java_programs.MERGESORT.mergesort(MERGESORT.java:47)
	at java_programs.MERGESORT.mergesort(MERGESORT.java:47)
	at java_programs.MERGESORT.mergesort(MERGESORT.java:47)
	at java_programs.MERGESORT.mergesort(MERGESORT.java:47)
	at java_programs.MERGESORT.mergesort(MERGESORT.java:47)
	at java_programs.MERGESORT.mergesort(MERGESORT.java:47)
	at java_programs.MERGESORT.mergesort(MERGESORT.java:47)
	at java_programs.MERGESORT.mergesort(MERGESORT.java:47)
	at java_programs.MERGESORT.mergesort(MERGESORT.java:47)
	at java_programs.MERGESORT.mergesort(MERGESORT.java:47)
	at java_programs.MERGESORT.mergesort(MERGESORT.java:47)
	at java_programs.MERGESORT.mergesort(MERGESORT.java:47)
	at java_programs.MERGESORT.mergesort(MERGESORT.java:47)
	at java_programs.MERGESORT.mergesort(MERGESORT.java:47)
	at java_programs.MERGESORT.mergesort(MERGESORT.java:47)
	at java_programs.MERGESORT.mergesort(MERGESORT.java:47)
	at java_programs.MERGESORT.mergesort(MERGESORT.java:47)
	at java_programs.MERGESORT.mergesort(MERGESORT.java:47)
	at java_programs.MERGESORT.mergesort(MERGESORT.java:47)
	at java_programs.MERGESORT.mergesort(MERGESORT.java:47)
	at java_programs.MERGESORT.mergesort(MERGESORT.java:47)
	at java_programs.MERGESORT.mergesort(MERGESORT.java:47)
	at java_programs.MERGESORT.mergesort(MERGESORT.java:47)
	at java_programs.MERGESORT.mergesort(MERGESORT.java:47)
	at java_programs.MERGESORT.mergesort(MERGESORT.java:47)
	at java_programs.MERGESORT.mergesort(MERGESORT.java:47)
	at java_programs.MERGESORT.mergesort(MERGESORT.java:47)
	at java_programs.MERGESORT.mergesort(MERGESORT.java:47)
	at java_programs.MERGESORT.mergesort(MERGESORT.java:47)
	at java_programs.MERGESORT.mergesort(MERGESORT.java:47)
	at java_programs.MERGESORT.mergesort(MERGESORT.java:47)
	at java_programs.MERGESORT.mergesort(MERGESORT.java:47)
	at java_programs.MERGESORT.mergesort(MERGESORT.java:47)
	at java_programs.MERGESORT.mergesort(MERGESORT.java:47)
	at java_programs.MERGESORT.mergesort(MERGESORT.java:47)
	at java_programs.MERGESORT.mergesort(MERGESORT.java:47)
	at java_programs.MERGESORT.mergesort(MERGESORT.java:47)
	at java_programs.MERGESORT.mergesort(MERGESORT.java:47)
	at java_programs.MERGESORT.mergesort(MERGESORT.java:47)
	at java_programs.MERGESORT.mergesort(MERGESORT.java:47)
	at java_programs.MERGESORT.mergesort(MERGESORT.java:47)
	at java_programs.MERGESORT.mergesort(MERGESORT.java:47)
	at java_programs.MERGESORT.mergesort(MERGESORT.java:47)
	at java_programs.MERGESORT.mergesort(MERGESORT.java:47)
	at java_programs.MERGESORT.mergesort(MERGESORT.java:47)
	at java_programs.MERGESORT.mergesort(MERGESORT.java:47)
	at java_programs.MERGESORT.mergesort(MERGESORT.java:47)
	at java_programs.MERGESORT.mergesort(MERGESORT.java:47)
	at java_programs.MERGESORT.mergesort(MERGESORT.java:47)
	at java_programs.MERGESORT.mergesort(MERGESORT.java:47)
	at java_programs.MERGESORT.mergesort(MERGESORT.java:47)
	at java_programs.MERGESORT.mergesort(MERGESORT.java:47)
	at java_programs.MERGESORT.mergesort(MERGESORT.java:47)
	at java_programs.MERGESORT.mergesort(MERGESORT.java:47)
	at java_programs.MERGESORT.mergesort(MERGESORT.java:47)
	at java_programs.MERGESORT.mergesort(MERGESORT.java:47)
	at java_programs.MERGESORT.mergesort(MERGESORT.java:47)
	at java_programs.MERGESORT.mergesort(MERGESORT.java:47)
	at java_programs.MERGESORT.mergesort(MERGESORT.java:47)
	at java_programs.MERGESORT.mergesort(MERGESORT.java:47)
	at java_programs.MERGESORT.mergesort(MERGESORT.java:47)
	at java_programs.MERGESORT.mergesort(MERGESORT.java:47)
	at java_programs.MERGESORT.mergesort(MERGESORT.java:47)
	at java_programs.MERGESORT.mergesort(MERGESORT.java:47)
	at java_programs.MERGESORT.mergesort(MERGESORT.java:47)
	at java_programs.MERGESORT.mergesort(MERGESORT.java:47)
	at java_programs.MERGESORT.mergesort(MERGESORT.java:47)
	at java_programs.MERGESORT.mergesort(MERGESORT.java:47)
	at java_programs.MERGESORT.mergesort(MERGESORT.java:47)
	at java_programs.MERGESORT.mergesort(MERGESORT.java:47)
	at java_programs.MERGESORT.mergesort(MERGESORT.java:47)
	at java_programs.MERGESORT.mergesort(MERGESORT.java:47)
	at java_programs.MERGESORT.mergesort(MERGESORT.java:47)
	at java_programs.MERGESORT.mergesort(MERGESORT.java:47)
	at java_programs.MERGESORT.mergesort(MERGESORT.java:47)
	at java_programs.MERGESORT.mergesort(MERGESORT.java:47)
	at java_programs.MERGESORT.mergesort(MERGESORT.java:47)
	at java_programs.MERGESORT.mergesort(MERGESORT.java:47)
	at java_programs.MERGESORT.mergesort(MERGESORT.java:47)
	at java_programs.MERGESORT.mergesort(MERGESORT.java:47)
	at java_programs.MERGESORT.mergesort(MERGESORT.java:47)
	at java_programs.MERGESORT.mergesort(MERGESORT.java:47)
	at java_programs.MERGESORT.mergesort(MERGESORT.java:47)
	at java_programs.MERGESORT.mergesort(MERGESORT.java:47)
	at java_programs.MERGESORT.mergesort(MERGESORT.java:47)
	at java_programs.MERGESORT.mergesort(MERGESORT.java:47)
	at java_programs.MERGESORT.mergesort(MERGESORT.java:47)
	at java_programs.MERGESORT.mergesort(MERGESORT.java:47)
	at java_programs.MERGESORT.mergesort(MERGESORT.java:47)
	at java_programs.MERGESORT.mergesort(MERGESORT.java:47)
	at java_programs.MERGESORT.mergesort(MERGESORT.java:47)
	at java_programs.MERGESORT.mergesort(MERGESORT.java:47)
	at java_programs.MERGESORT.mergesort(MERGESORT.java:47)
	at java_programs.MERGESORT.mergesort(MERGESORT.java:47)
	at java_programs.MERGESORT.mergesort(MERGESORT.java:47)
	at java_programs.MERGESORT.mergesort(MERGESORT.java:47)
	at java_programs.MERGESORT.mergesort(MERGESORT.java:47)
	at java_programs.MERGESORT.mergesort(MERGESORT.java:47)
	at java_programs.MERGESORT.mergesort(MERGESORT.java:47)
	at java_programs.MERGESORT.mergesort(MERGESORT.java:47)
	at java_programs.MERGESORT.mergesort(MERGESORT.java:47)
	at java_programs.MERGESORT.mergesort(MERGESORT.java:47)
	at java_programs.MERGESORT.mergesort(MERGESORT.java:47)
	at java_programs.MERGESORT.mergesort(MERGESORT.java:47)
	at java_programs.MERGESORT.mergesort(MERGESORT.java:47)
	at java_programs.MERGESORT.mergesort(MERGESORT.java:47)
	at java_programs.MERGESORT.mergesort(MERGESORT.java:47)
	at java_programs.MERGESORT.mergesort(MERGESORT.java:47)
	at java_programs.MERGESORT.mergesort(MERGESORT.java:47)
	at java_programs.MERGESORT.mergesort(MERGESORT.java:47)
	at java_programs.MERGESORT.mergesort(MERGESORT.java:47)
	at java_programs.MERGESORT.mergesort(MERGESORT.java:47)
	at java_programs.MERGESORT.mergesort(MERGESORT.java:47)
	at java_programs.MERGESORT.mergesort(MERGESORT.java:47)
	at java_programs.MERGESORT.mergesort(MERGESORT.java:47)
	at java_programs.MERGESORT.mergesort(MERGESORT.java:47)
	at java_programs.MERGESORT.mergesort(MERGESORT.java:47)
	at java_programs.MERGESORT.mergesort(MERGESORT.java:47)
	at java_programs.MERGESORT.mergesort(MERGESORT.java:47)
	at java_programs.MERGESORT.mergesort(MERGESORT.java:47)
	at java_programs.MERGESORT.mergesort(MERGESORT.java:47)
	at java_programs.MERGESORT.mergesort(MERGESORT.java:47)
	at java_programs.MERGESORT.mergesort(MERGESORT.java:47)
	at java_programs.MERGESORT.mergesort(MERGESORT.java:47)
	at java_programs.MERGESORT.mergesort(MERGESORT.java:47)
	at java_programs.MERGESORT.mergesort(MERGESORT.java:47)
	at java_programs.MERGESORT.mergesort(MERGESORT.java:47)
	at java_programs.MERGESORT.mergesort(MERGESORT.java:47)
	at java_programs.MERGESORT.mergesort(MERGESORT.java:47)
	at java_programs.MERGESORT.mergesort(MERGESORT.java:47)
	at java_programs.MERGESORT.mergesort(MERGESORT.java:47)
	at java_programs.MERGESORT.mergesort(MERGESORT.java:47)
	at java_programs.MERGESORT.mergesort(MERGESORT.java:47)
	at java_programs.MERGESORT.mergesort(MERGESORT.java:47)
	at java_programs.MERGESORT.mergesort(MERGESORT.java:47)
	at java_programs.MERGESORT.mergesort(MERGESORT.java:47)
	at java_programs.MERGESORT.mergesort(MERGESORT.java:47)
	at java_programs.MERGESORT.mergesort(MERGESORT.java:47)
	at java_programs.MERGESORT.mergesort(MERGESORT.java:47)
	at java_programs.MERGESORT.mergesort(MERGESORT.java:47)
	at java_programs.MERGESORT.mergesort(MERGESORT.java:47)
	at java_programs.MERGESORT.mergesort(MERGESORT.java:47)
	at java_programs.MERGESORT.mergesort(MERGESORT.java:47)
	at java_programs.MERGESORT.mergesort(MERGESORT.java:47)
	at java_programs.MERGESORT.mergesort(MERGESORT.java:47)
	at java_programs.MERGESORT.mergesort(MERGESORT.java:47)
	at java_programs.MERGESORT.mergesort(MERGESORT.java:47)
	at java_programs.MERGESORT.mergesort(MERGESORT.java:47)
	at java_programs.MERGESORT.mergesort(MERGESORT.java:47)
	at java_programs.MERGESORT.mergesort(MERGESORT.java:47)
	at java_programs.MERGESORT.mergesort(MERGESORT.java:47)
	at java_programs.MERGESORT.mergesort(MERGESORT.java:47)
	at java_programs.MERGESORT.mergesort(MERGESORT.java:47)
	at java_programs.MERGESORT.mergesort(MERGESORT.java:47)
	at java_programs.MERGESORT.mergesort(MERGESORT.java:47)
	at java_programs.MERGESORT.mergesort(MERGESORT.java:47)
	at java_programs.MERGESORT.mergesort(MERGESORT.java:47)
	at java_programs.MERGESORT.mergesort(MERGESORT.java:47)
	at java_programs.MERGESORT.mergesort(MERGESORT.java:47)
	at java_programs.MERGESORT.mergesort(MERGESORT.java:47)
	at java_programs.MERGESORT.mergesort(MERGESORT.java:47)
	at java_programs.MERGESORT.mergesort(MERGESORT.java:47)
	at java_programs.MERGESORT.mergesort(MERGESORT.java:47)
	at java_programs.MERGESORT.mergesort(MERGESORT.java:47)
	at java_programs.MERGESORT.mergesort(MERGESORT.java:47)
	at java_programs.MERGESORT.mergesort(MERGESORT.java:47)
	at java_programs.MERGESORT.mergesort(MERGESORT.java:47)
	at java_programs.MERGESORT.mergesort(MERGESORT.java:47)
	at java_programs.MERGESORT.mergesort(MERGESORT.java:47)
	at java_programs.MERGESORT.mergesort(MERGESORT.java:47)
	at java_programs.MERGESORT.mergesort(MERGESORT.java:47)
	at java_programs.MERGESORT.mergesort(MERGESORT.java:47)
	at java_programs.MERGESORT.mergesort(MERGESORT.java:47)
	at java_programs.MERGESORT.mergesort(MERGESORT.java:47)
	at java_programs.MERGESORT.mergesort(MERGESORT.java:47)
	at java_programs.MERGESORT.mergesort(MERGESORT.java:47)
	at java_programs.MERGESORT.mergesort(MERGESORT.java:47)
	at java_programs.MERGESORT.mergesort(MERGESORT.java:47)
	at java_programs.MERGESORT.mergesort(MERGESORT.java:47)
	at java_programs.MERGESORT.mergesort(MERGESORT.java:47)
	at java_programs.MERGESORT.mergesort(MERGESORT.java:47)
	at java_programs.MERGESORT.mergesort(MERGESORT.java:47)
	at java_programs.MERGESORT.mergesort(MERGESORT.java:47)
	at java_programs.MERGESORT.mergesort(MERGESORT.java:47)
	at java_programs.MERGESORT.mergesort(MERGESORT.java:47)
	at java_programs.MERGESORT.mergesort(MERGESORT.java:47)
	at java_programs.MERGESORT.mergesort(MERGESORT.java:47)
	at java_programs.MERGESORT.mergesort(MERGESORT.java:47)
	at java_programs.MERGESORT.mergesort(MERGESORT.java:47)
	at java_programs.MERGESORT.mergesort(MERGESORT.java:47)
	at java_programs.MERGESORT.mergesort(MERGESORT.java:47)
	at java_programs.MERGESORT.mergesort(MERGESORT.java:47)
	at java_programs.MERGESORT.mergesort(MERGESORT.java:47)
	at java_programs.MERGESORT.mergesort(MERGESORT.java:47)
	at java_programs.MERGESORT.mergesort(MERGESORT.java:47)
	at java_programs.MERGESORT.mergesort(MERGESORT.java:47)
	at java_programs.MERGESORT.mergesort(MERGESORT.java:47)
	at java_programs.MERGESORT.mergesort(MERGESORT.java:47)
	at java_programs.MERGESORT.mergesort(MERGESORT.java:47)
	at java_programs.MERGESORT.mergesort(MERGESORT.java:47)
	at java_programs.MERGESORT.mergesort(MERGESORT.java:47)
	at java_programs.MERGESORT.mergesort(MERGESORT.java:47)
	at java_programs.MERGESORT.mergesort(MERGESORT.java:47)
	at java_programs.MERGESORT.mergesort(MERGESORT.java:47)
	at java_programs.MERGESORT.mergesort(MERGESORT.java:47)
	at java_programs.MERGESORT.mergesort(MERGESORT.java:47)
	at java_programs.MERGESORT.mergesort(MERGESORT.java:47)
	at java_programs.MERGESORT.mergesort(MERGESORT.java:47)
	at java_programs.MERGESORT.mergesort(MERGESORT.java:47)
	at java_programs.MERGESORT.mergesort(MERGESORT.java:47)
	at java_programs.MERGESORT.mergesort(MERGESORT.java:47)
	at java_programs.MERGESORT.mergesort(MERGESORT.java:47)
	at java_programs.MERGESORT.mergesort(MERGESORT.java:47)
	at java_programs.MERGESORT.mergesort(MERGESORT.java:47)
	at java_programs.MERGESORT.mergesort(MERGESORT.java:47)
	at java_programs.MERGESORT.mergesort(MERGESORT.java:47)
	at java_programs.MERGESORT.mergesort(MERGESORT.java:47)
	at java_programs.MERGESORT.mergesort(MERGESORT.java:47)
	at java_programs.MERGESORT.mergesort(MERGESORT.java:47)
	at java_programs.MERGESORT.mergesort(MERGESORT.java:47)
	at java_programs.MERGESORT.mergesort(MERGESORT.java:47)
	at java_programs.MERGESORT.mergesort(MERGESORT.java:47)
	at java_programs.MERGESORT.mergesort(MERGESORT.java:47)
	at java_programs.MERGESORT.mergesort(MERGESORT.java:47)
	at java_programs.MERGESORT.mergesort(MERGESORT.java:47)
	at java_programs.MERGESORT.mergesort(MERGESORT.java:47)
	at java_programs.MERGESORT.mergesort(MERGESORT.java:47)
	at java_programs.MERGESORT.mergesort(MERGESORT.java:47)
	at java_programs.MERGESORT.mergesort(MERGESORT.java:47)
	at java_programs.MERGESORT.mergesort(MERGESORT.java:47)
	at java_programs.MERGESORT.mergesort(MERGESORT.java:47)
	at java_programs.MERGESORT.mergesort(MERGESORT.java:47)
	at java_programs.MERGESORT.mergesort(MERGESORT.java:47)
	at java_programs.MERGESORT.mergesort(MERGESORT.java:47)
	at java_programs.MERGESORT.mergesort(MERGESORT.java:47)
	at java_programs.MERGESORT.mergesort(MERGESORT.java:47)
	at java_programs.MERGESORT.mergesort(MERGESORT.java:47)
	at java_programs.MERGESORT.mergesort(MERGESORT.java:47)
	at java_programs.MERGESORT.mergesort(MERGESORT.java:47)
	at java_programs.MERGESORT.mergesort(MERGESORT.java:47)
	at java_programs.MERGESORT.mergesort(MERGESORT.java:47)
	at java_programs.MERGESORT.mergesort(MERGESORT.java:47)
	at java_programs.MERGESORT.mergesort(MERGESORT.java:47)
	at java_programs.MERGESORT.mergesort(MERGESORT.java:47)
	at java_programs.MERGESORT.mergesort(MERGESORT.java:47)
	at java_programs.MERGESORT.mergesort(MERGESORT.java:47)
	at java_programs.MERGESORT.mergesort(MERGESORT.java:47)
	at java_programs.MERGESORT.mergesort(MERGESORT.java:47)
	at java_programs.MERGESORT.mergesort(MERGESORT.java:47)
	at java_programs.MERGESORT.mergesort(MERGESORT.java:47)
	at java_programs.MERGESORT.mergesort(MERGESORT.java:47)
	at java_programs.MERGESORT.mergesort(MERGESORT.java:47)
	at java_programs.MERGESORT.mergesort(MERGESORT.java:47)
	at java_programs.MERGESORT.mergesort(MERGESORT.java:47)
	at java_programs.MERGESORT.mergesort(MERGESORT.java:47)
	at java_programs.MERGESORT.mergesort(MERGESORT.java:47)
	at java_programs.MERGESORT.mergesort(MERGESORT.java:47)
	at java_programs.MERGESORT.mergesort(MERGESORT.java:47)
	at java_programs.MERGESORT.mergesort(MERGESORT.java:47)
	at java_programs.MERGESORT.mergesort(MERGESORT.java:47)
	at java_programs.MERGESORT.mergesort(MERGESORT.java:47)
	at java_programs.MERGESORT.mergesort(MERGESORT.java:47)
	at java_programs.MERGESORT.mergesort(MERGESORT.java:47)
	at java_programs.MERGESORT.mergesort(MERGESORT.java:47)
	at java_programs.MERGESORT.mergesort(MERGESORT.java:47)
	at java_programs.MERGESORT.mergesort(MERGESORT.java:47)
	at java_programs.MERGESORT.mergesort(MERGESORT.java:47)
	at java_programs.MERGESORT.mergesort(MERGESORT.java:47)
	at java_programs.MERGESORT.mergesort(MERGESORT.java:47)
	at java_programs.MERGESORT.mergesort(MERGESORT.java:47)
	at java_programs.MERGESORT.mergesort(MERGESORT.java:47)
	at java_programs.MERGESORT.mergesort(MERGESORT.java:47)
	at java_programs.MERGESORT.mergesort(MERGESORT.java:47)
	at java_programs.MERGESORT.mergesort(MERGESORT.java:47)
	at java_programs.MERGESORT.mergesort(MERGESORT.java:47)
	at java_programs.MERGESORT.mergesort(MERGESORT.java:47)
	at java_programs.MERGESORT.mergesort(MERGESORT.java:47)
	at java_programs.MERGESORT.mergesort(MERGESORT.java:47)
	at java_programs.MERGESORT.mergesort(MERGESORT.java:47)
	at java_programs.MERGESORT.mergesort(MERGESORT.java:47)
	at java_programs.MERGESORT.mergesort(MERGESORT.java:47)
	at java_programs.MERGESORT.mergesort(MERGESORT.java:47)
	at java_programs.MERGESORT.mergesort(MERGESORT.java:47)
	at java_programs.MERGESORT.mergesort(MERGESORT.java:47)
	at java_programs.MERGESORT.mergesort(MERGESORT.java:47)
	at java_programs.MERGESORT.mergesort(MERGESORT.java:47)
	at java_programs.MERGESORT.mergesort(MERGESORT.java:47)
	at java_programs.MERGESORT.mergesort(MERGESORT.java:47)
	at java_programs.MERGESORT.mergesort(MERGESORT.java:47)
	at java_programs.MERGESORT.mergesort(MERGESORT.java:47)
	at java_programs.MERGESORT.mergesort(MERGESORT.java:47)
	at java_programs.MERGESORT.mergesort(MERGESORT.java:47)
	at java_programs.MERGESORT.mergesort(MERGESORT.java:47)
	at java_programs.MERGESORT.mergesort(MERGESORT.java:47)
	at java_programs.MERGESORT.mergesort(MERGESORT.java:47)
	at java_programs.MERGESORT.mergesort(MERGESORT.java:47)
	at java_programs.MERGESORT.mergesort(MERGESORT.java:47)
	at java_programs.MERGESORT.mergesort(MERGESORT.java:47)
	at java_programs.MERGESORT.mergesort(MERGESORT.java:47)
	at java_programs.MERGESORT.mergesort(MERGESORT.java:47)
	at java_programs.MERGESORT.mergesort(MERGESORT.java:47)
	at java_programs.MERGESORT.mergesort(MERGESORT.java:47)
	at java_programs.MERGESORT.mergesort(MERGESORT.java:47)
	at java_programs.MERGESORT.mergesort(MERGESORT.java:47)
	at java_programs.MERGESORT.mergesort(MERGESORT.java:47)
	at java_programs.MERGESORT.mergesort(MERGESORT.java:47)
	at java_programs.MERGESORT.mergesort(MERGESORT.java:47)
	at java_programs.MERGESORT.mergesort(MERGESORT.java:47)
	at java_programs.MERGESORT.mergesort(MERGESORT.java:47)
	at java_programs.MERGESORT.mergesort(MERGESORT.java:47)
	at java_programs.MERGESORT.mergesort(MERGESORT.java:47)
	at java_programs.MERGESORT.mergesort(MERGESORT.java:47)
	at java_programs.MERGESORT.mergesort(MERGESORT.java:47)
	at java_programs.MERGESORT.mergesort(MERGESORT.java:47)
	at java_programs.MERGESORT.mergesort(MERGESORT.java:47)
	at java_programs.MERGESORT.mergesort(MERGESORT.java:47)
	at java_programs.MERGESORT.mergesort(MERGESORT.java:47)
	at java_programs.MERGESORT.mergesort(MERGESORT.java:47)
	at java_programs.MERGESORT.mergesort(MERGESORT.java:47)
	at java_programs.MERGESORT.mergesort(MERGESORT.java:47)
	at java_programs.MERGESORT.mergesort(MERGESORT.java:47)
	at java_programs.MERGESORT.mergesort(MERGESORT.java:47)
	at java_programs.MERGESORT.mergesort(MERGESORT.java:47)
	at java_programs.MERGESORT.mergesort(MERGESORT.java:47)
	at java_programs.MERGESORT.mergesort(MERGESORT.java:47)
	at java_programs.MERGESORT.mergesort(MERGESORT.java:47)
	at java_programs.MERGESORT.mergesort(MERGESORT.java:47)
	at java_programs.MERGESORT.mergesort(MERGESORT.java:47)
	at java_programs.MERGESORT.mergesort(MERGESORT.java:47)
	at java_programs.MERGESORT.mergesort(MERGESORT.java:47)
	at java_programs.MERGESORT.mergesort(MERGESORT.java:47)
	at java_programs.MERGESORT.mergesort(MERGESORT.java:47)
	at java_programs.MERGESORT.mergesort(MERGESORT.java:47)
	at java_programs.MERGESORT.mergesort(MERGESORT.java:47)
	at java_programs.MERGESORT.mergesort(MERGESORT.java:47)
	at java_programs.MERGESORT.mergesort(MERGESORT.java:47)
	at java_programs.MERGESORT.mergesort(MERGESORT.java:47)
	at java_programs.MERGESORT.mergesort(MERGESORT.java:47)
	at java_programs.MERGESORT.mergesort(MERGESORT.java:47)
	at java_programs.MERGESORT.mergesort(MERGESORT.java:47)
	at java_programs.MERGESORT.mergesort(MERGESORT.java:47)
	at java_programs.MERGESORT.mergesort(MERGESORT.java:47)
	at java_programs.MERGESORT.mergesort(MERGESORT.java:47)
	at java_programs.MERGESORT.mergesort(MERGESORT.java:47)
	at java_programs.MERGESORT.mergesort(MERGESORT.java:47)
	at java_programs.MERGESORT.mergesort(MERGESORT.java:47)
	at java_programs.MERGESORT.mergesort(MERGESORT.java:47)
	at java_programs.MERGESORT.mergesort(MERGESORT.java:47)
	at java_programs.MERGESORT.mergesort(MERGESORT.java:47)
	at java_programs.MERGESORT.mergesort(MERGESORT.java:47)
	at java_programs.MERGESORT.mergesort(MERGESORT.java:47)
	at java_programs.MERGESORT.mergesort(MERGESORT.java:47)
	at java_programs.MERGESORT.mergesort(MERGESORT.java:47)
	at java_programs.MERGESORT.mergesort(MERGESORT.java:47)
	at java_programs.MERGESORT.mergesort(MERGESORT.java:47)
	at java_programs.MERGESORT.mergesort(MERGESORT.java:47)
	at java_programs.MERGESORT.mergesort(MERGESORT.java:47)
	at java_programs.MERGESORT.mergesort(MERGESORT.java:47)
	at java_programs.MERGESORT.mergesort(MERGESORT.java:47)
	at java_programs.MERGESORT.mergesort(MERGESORT.java:47)
	at java_programs.MERGESORT.mergesort(MERGESORT.java:47)
	at java_programs.MERGESORT.mergesort(MERGESORT.java:47)
	at java_programs.MERGESORT.mergesort(MERGESORT.java:47)
	at java_programs.MERGESORT.mergesort(MERGESORT.java:47)
	at java_programs.MERGESORT.mergesort(MERGESORT.java:47)
	at java_programs.MERGESORT.mergesort(MERGESORT.java:47)
	at java_programs.MERGESORT.mergesort(MERGESORT.java:47)
	at java_programs.MERGESORT.mergesort(MERGESORT.java:47)
	at java_programs.MERGESORT.mergesort(MERGESORT.java:47)
	at java_programs.MERGESORT.mergesort(MERGESORT.java:47)
	at java_programs.MERGESORT.mergesort(MERGESORT.java:47)
	at java_programs.MERGESORT.mergesort(MERGESORT.java:47)
	at java_programs.MERGESORT.mergesort(MERGESORT.java:47)
	at java_programs.MERGESORT.mergesort(MERGESORT.java:47)
	at java_programs.MERGESORT.mergesort(MERGESORT.java:47)
	at java_programs.MERGESORT.mergesort(MERGESORT.java:47)
	at java_programs.MERGESORT.mergesort(MERGESORT.java:47)
	at java_programs.MERGESORT.mergesort(MERGESORT.java:47)
	at java_programs.MERGESORT.mergesort(MERGESORT.java:47)
	at java_programs.MERGESORT.mergesort(MERGESORT.java:47)
	at java_programs.MERGESORT.mergesort(MERGESORT.java:47)
	at java_programs.MERGESORT.mergesort(MERGESORT.java:47)
	at java_programs.MERGESORT.mergesort(MERGESORT.java:47)
	at java_programs.MERGESORT.mergesort(MERGESORT.java:47)
	at java_programs.MERGESORT.mergesort(MERGESORT.java:47)
	at java_programs.MERGESORT.mergesort(MERGESORT.java:47)
	at java_programs.MERGESORT.mergesort(MERGESORT.java:47)
	at java_programs.MERGESORT.mergesort(MERGESORT.java:47)
	at java_programs.MERGESORT.mergesort(MERGESORT.java:47)
	at java_programs.MERGESORT.mergesort(MERGESORT.java:47)
	at java_programs.MERGESORT.mergesort(MERGESORT.java:47)
	at java_programs.MERGESORT.mergesort(MERGESORT.java:47)
	at java_programs.MERGESORT.mergesort(MERGESORT.java:47)
	at java_programs.MERGESORT.mergesort(MERGESORT.java:47)
	at java_programs.MERGESORT.mergesort(MERGESORT.java:47)
	at java_programs.MERGESORT.mergesort(MERGESORT.java:47)
	at java_programs.MERGESORT.mergesort(MERGESORT.java:47)
	at java_programs.MERGESORT.mergesort(MERGESORT.java:47)
	at java_programs.MERGESORT.mergesort(MERGESORT.java:47)
	at java_programs.MERGESORT.mergesort(MERGESORT.java:47)
	at java_programs.MERGESORT.mergesort(MERGESORT.java:47)
	at java_programs.MERGESORT.mergesort(MERGESORT.java:47)
	at java_programs.MERGESORT.mergesort(MERGESORT.java:47)
	at java_programs.MERGESORT.mergesort(MERGESORT.java:47)
	at java_programs.MERGESORT.mergesort(MERGESORT.java:47)
	at java_programs.MERGESORT.mergesort(MERGESORT.java:47)
	at java_programs.MERGESORT.mergesort(MERGESORT.java:47)
	at java_programs.MERGESORT.mergesort(MERGESORT.java:47)
	at java_programs.MERGESORT.mergesort(MERGESORT.java:47)
	at java_programs.MERGESORT.mergesort(MERGESORT.java:47)
	at java_programs.MERGESORT.mergesort(MERGESORT.java:47)
	at java_programs.MERGESORT.mergesort(MERGESORT.java:47)
	at java_programs.MERGESORT.mergesort(MERGESORT.java:47)
	at java_programs.MERGESORT.mergesort(MERGESORT.java:47)
	at java_programs.MERGESORT.mergesort(MERGESORT.java:47)
	at java_programs.MERGESORT.mergesort(MERGESORT.java:47)
	at java_programs.MERGESORT.mergesort(MERGESORT.java:47)
	at java_programs.MERGESORT.mergesort(MERGESORT.java:47)
</failure>
  </testcase>
  <testcase name="test_2" classname="java_testcases.junit.MERGESORT_TEST" time="0.122">
    <failure message="java.lang.StackOverflowError" type="java.lang.StackOverflowError">java.lang.StackOverflowError
	at java.base/java.util.ArrayList.addAll(ArrayList.java:670)
	at java_programs.MERGESORT.mergesort(MERGESORT.java:43)
	at java_programs.MERGESORT.mergesort(MERGESORT.java:47)
	at java_programs.MERGESORT.mergesort(MERGESORT.java:47)
	at java_programs.MERGESORT.mergesort(MERGESORT.java:47)
	at java_programs.MERGESORT.mergesort(MERGESORT.java:47)
	at java_programs.MERGESORT.mergesort(MERGESORT.java:47)
	at java_programs.MERGESORT.mergesort(MERGESORT.java:47)
	at java_programs.MERGESORT.mergesort(MERGESORT.java:47)
	at java_programs.MERGESORT.mergesort(MERGESORT.java:47)
	at java_programs.MERGESORT.mergesort(MERGESORT.java:47)
	at java_programs.MERGESORT.mergesort(MERGESORT.java:47)
	at java_programs.MERGESORT.mergesort(MERGESORT.java:47)
	at java_programs.MERGESORT.mergesort(MERGESORT.java:47)
	at java_programs.MERGESORT.mergesort(MERGESORT.java:47)
	at java_programs.MERGESORT.mergesort(MERGESORT.java:47)
	at java_programs.MERGESORT.mergesort(MERGESORT.java:47)
	at java_programs.MERGESORT.mergesort(MERGESORT.java:47)
	at java_programs.MERGESORT.mergesort(MERGESORT.java:47)
	at java_programs.MERGESORT.mergesort(MERGESORT.java:47)
	at java_programs.MERGESORT.mergesort(MERGESORT.java:47)
	at java_programs.MERGESORT.mergesort(MERGESORT.java:47)
	at java_programs.MERGESORT.mergesort(MERGESORT.java:47)
	at java_programs.MERGESORT.mergesort(MERGESORT.java:47)
	at java_programs.MERGESORT.mergesort(MERGESORT.java:47)
	at java_programs.MERGESORT.mergesort(MERGESORT.java:47)
	at java_programs.MERGESORT.mergesort(MERGESORT.java:47)
	at java_programs.MERGESORT.mergesort(MERGESORT.java:47)
	at java_programs.MERGESORT.mergesort(MERGESORT.java:47)
	at java_programs.MERGESORT.mergesort(MERGESORT.java:47)
	at java_programs.MERGESORT.mergesort(MERGESORT.java:47)
	at java_programs.MERGESORT.mergesort(MERGESORT.java:47)
	at java_programs.MERGESORT.mergesort(MERGESORT.java:47)
	at java_programs.MERGESORT.mergesort(MERGESORT.java:47)
	at java_programs.MERGESORT.mergesort(MERGESORT.java:47)
	at java_programs.MERGESORT.mergesort(MERGESORT.java:47)
	at java_programs.MERGESORT.mergesort(MERGESORT.java:47)
	at java_programs.MERGESORT.mergesort(MERGESORT.java:47)
	at java_programs.MERGESORT.mergesort(MERGESORT.java:47)
	at java_programs.MERGESORT.mergesort(MERGESORT.java:47)
	at java_programs.MERGESORT.mergesort(MERGESORT.java:47)
	at java_programs.MERGESORT.mergesort(MERGESORT.java:47)
	at java_programs.MERGESORT.mergesort(MERGESORT.java:47)
	at java_programs.MERGESORT.mergesort(MERGESORT.java:47)
	at java_programs.MERGESORT.mergesort(MERGESORT.java:47)
	at java_programs.MERGESORT.mergesort(MERGESORT.java:47)
	at java_programs.MERGESORT.mergesort(MERGESORT.java:47)
	at java_programs.MERGESORT.mergesort(MERGESORT.java:47)
	at java_programs.MERGESORT.mergesort(MERGESORT.java:47)
	at java_programs.MERGESORT.mergesort(MERGESORT.java:47)
	at java_programs.MERGESORT.mergesort(MERGESORT.java:47)
	at java_programs.MERGESORT.mergesort(MERGESORT.java:47)
	at java_programs.MERGESORT.mergesort(MERGESORT.java:47)
	at java_programs.MERGESORT.mergesort(MERGESORT.java:47)
	at java_programs.MERGESORT.mergesort(MERGESORT.java:47)
	at java_programs.MERGESORT.mergesort(MERGESORT.java:47)
	at java_programs.MERGESORT.mergesort(MERGESORT.java:47)
	at java_programs.MERGESORT.mergesort(MERGESORT.java:47)
	at java_programs.MERGESORT.mergesort(MERGESORT.java:47)
	at java_programs.MERGESORT.mergesort(MERGESORT.java:47)
	at java_programs.MERGESORT.mergesort(MERGESORT.java:47)
	at java_programs.MERGESORT.mergesort(MERGESORT.java:47)
	at java_programs.MERGESORT.mergesort(MERGESORT.java:47)
	at java_programs.MERGESORT.mergesort(MERGESORT.java:47)
	at java_programs.MERGESORT.mergesort(MERGESORT.java:47)
	at java_programs.MERGESORT.mergesort(MERGESORT.java:47)
	at java_programs.MERGESORT.mergesort(MERGESORT.java:47)
	at java_programs.MERGESORT.mergesort(MERGESORT.java:47)
	at java_programs.MERGESORT.mergesort(MERGESORT.java:47)
	at java_programs.MERGESORT.mergesort(MERGESORT.java:47)
	at java_programs.MERGESORT.mergesort(MERGESORT.java:47)
	at java_programs.MERGESORT.mergesort(MERGESORT.java:47)
	at java_programs.MERGESORT.mergesort(MERGESORT.java:47)
	at java_programs.MERGESORT.mergesort(MERGESORT.java:47)
	at java_programs.MERGESORT.mergesort(MERGESORT.java:47)
	at java_programs.MERGESORT.mergesort(MERGESORT.java:47)
	at java_programs.MERGESORT.mergesort(MERGESORT.java:47)
	at java_programs.MERGESORT.mergesort(MERGESORT.java:47)
	at java_programs.MERGESORT.mergesort(MERGESORT.java:47)
	at java_programs.MERGESORT.mergesort(MERGESORT.java:47)
	at java_programs.MERGESORT.mergesort(MERGESORT.java:47)
	at java_programs.MERGESORT.mergesort(MERGESORT.java:47)
	at java_programs.MERGESORT.mergesort(MERGESORT.java:47)
	at java_programs.MERGESORT.mergesort(MERGESORT.java:47)
	at java_programs.MERGESORT.mergesort(MERGESORT.java:47)
	at java_programs.MERGESORT.mergesort(MERGESORT.java:47)
	at java_programs.MERGESORT.mergesort(MERGESORT.java:47)
	at java_programs.MERGESORT.mergesort(MERGESORT.java:47)
	at java_programs.MERGESORT.mergesort(MERGESORT.java:47)
	at java_programs.MERGESORT.mergesort(MERGESORT.java:47)
	at java_programs.MERGESORT.mergesort(MERGESORT.java:47)
	at java_programs.MERGESORT.mergesort(MERGESORT.java:47)
	at java_programs.MERGESORT.mergesort(MERGESORT.java:47)
	at java_programs.MERGESORT.mergesort(MERGESORT.java:47)
	at java_programs.MERGESORT.mergesort(MERGESORT.java:47)
	at java_programs.MERGESORT.mergesort(MERGESORT.java:47)
	at java_programs.MERGESORT.mergesort(MERGESORT.java:47)
	at java_programs.MERGESORT.mergesort(MERGESORT.java:47)
	at java_programs.MERGESORT.mergesort(MERGESORT.java:47)
	at java_programs.MERGESORT.mergesort(MERGESORT.java:47)
	at java_programs.MERGESORT.mergesort(MERGESORT.java:47)
	at java_programs.MERGESORT.mergesort(MERGESORT.java:47)
	at java_programs.MERGESORT.mergesort(MERGESORT.java:47)
	at java_programs.MERGESORT.mergesort(MERGESORT.java:47)
	at java_programs.MERGESORT.mergesort(MERGESORT.java:47)
	at java_programs.MERGESORT.mergesort(MERGESORT.java:47)
	at java_programs.MERGESORT.mergesort(MERGESORT.java:47)
	at java_programs.MERGESORT.mergesort(MERGESORT.java:47)
	at java_programs.MERGESORT.mergesort(MERGESORT.java:47)
	at java_programs.MERGESORT.mergesort(MERGESORT.java:47)
	at java_programs.MERGESORT.mergesort(MERGESORT.java:47)
	at java_programs.MERGESORT.mergesort(MERGESORT.java:47)
	at java_programs.MERGESORT.mergesort(MERGESORT.java:47)
	at java_programs.MERGESORT.mergesort(MERGESORT.java:47)
	at java_programs.MERGESORT.mergesort(MERGESORT.java:47)
	at java_programs.MERGESORT.mergesort(MERGESORT.java:47)
	at java_programs.MERGESORT.mergesort(MERGESORT.java:47)
	at java_programs.MERGESORT.mergesort(MERGESORT.java:47)
	at java_programs.MERGESORT.mergesort(MERGESORT.java:47)
	at java_programs.MERGESORT.mergesort(MERGESORT.java:47)
	at java_programs.MERGESORT.mergesort(MERGESORT.java:47)
	at java_programs.MERGESORT.mergesort(MERGESORT.java:47)
	at java_programs.MERGESORT.mergesort(MERGESORT.java:47)
	at java_programs.MERGESORT.mergesort(MERGESORT.java:47)
	at java_programs.MERGESORT.mergesort(MERGESORT.java:47)
	at java_programs.MERGESORT.mergesort(MERGESORT.java:47)
	at java_programs.MERGESORT.mergesort(MERGESORT.java:47)
	at java_programs.MERGESORT.mergesort(MERGESORT.java:47)
	at java_programs.MERGESORT.mergesort(MERGESORT.java:47)
	at java_programs.MERGESORT.mergesort(MERGESORT.java:47)
	at java_programs.MERGESORT.mergesort(MERGESORT.java:47)
	at java_programs.MERGESORT.mergesort(MERGESORT.java:47)
	at java_programs.MERGESORT.mergesort(MERGESORT.java:47)
	at java_programs.MERGESORT.mergesort(MERGESORT.java:47)
	at java_programs.MERGESORT.mergesort(MERGESORT.java:47)
	at java_programs.MERGESORT.mergesort(MERGESORT.java:47)
	at java_programs.MERGESORT.mergesort(MERGESORT.java:47)
	at java_programs.MERGESORT.mergesort(MERGESORT.java:47)
	at java_programs.MERGESORT.mergesort(MERGESORT.java:47)
	at java_programs.MERGESORT.mergesort(MERGESORT.java:47)
	at java_programs.MERGESORT.mergesort(MERGESORT.java:47)
	at java_programs.MERGESORT.mergesort(MERGESORT.java:47)
	at java_programs.MERGESORT.mergesort(MERGESORT.java:47)
	at java_programs.MERGESORT.mergesort(MERGESORT.java:47)
	at java_programs.MERGESORT.mergesort(MERGESORT.java:47)
	at java_programs.MERGESORT.mergesort(MERGESORT.java:47)
	at java_programs.MERGESORT.mergesort(MERGESORT.java:47)
	at java_programs.MERGESORT.mergesort(MERGESORT.java:47)
	at java_programs.MERGESORT.mergesort(MERGESORT.java:47)
	at java_programs.MERGESORT.mergesort(MERGESORT.java:47)
	at java_programs.MERGESORT.mergesort(MERGESORT.java:47)
	at java_programs.MERGESORT.mergesort(MERGESORT.java:47)
	at java_programs.MERGESORT.mergesort(MERGESORT.java:47)
	at java_programs.MERGESORT.mergesort(MERGESORT.java:47)
	at java_programs.MERGESORT.mergesort(MERGESORT.java:47)
	at java_programs.MERGESORT.mergesort(MERGESORT.java:47)
	at java_programs.MERGESORT.mergesort(MERGESORT.java:47)
	at java_programs.MERGESORT.mergesort(MERGESORT.java:47)
	at java_programs.MERGESORT.mergesort(MERGESORT.java:47)
	at java_programs.MERGESORT.mergesort(MERGESORT.java:47)
	at java_programs.MERGESORT.mergesort(MERGESORT.java:47)
	at java_programs.MERGESORT.mergesort(MERGESORT.java:47)
	at java_programs.MERGESORT.mergesort(MERGESORT.java:47)
	at java_programs.MERGESORT.mergesort(MERGESORT.java:47)
	at java_programs.MERGESORT.mergesort(MERGESORT.java:47)
	at java_programs.MERGESORT.mergesort(MERGESORT.java:47)
	at java_programs.MERGESORT.mergesort(MERGESORT.java:47)
	at java_programs.MERGESORT.mergesort(MERGESORT.java:47)
	at java_programs.MERGESORT.mergesort(MERGESORT.java:47)
	at java_programs.MERGESORT.mergesort(MERGESORT.java:47)
	at java_programs.MERGESORT.mergesort(MERGESORT.java:47)
	at java_programs.MERGESORT.mergesort(MERGESORT.java:47)
	at java_programs.MERGESORT.mergesort(MERGESORT.java:47)
	at java_programs.MERGESORT.mergesort(MERGESORT.java:47)
	at java_programs.MERGESORT.mergesort(MERGESORT.java:47)
	at java_programs.MERGESORT.mergesort(MERGESORT.java:47)
	at java_programs.MERGESORT.mergesort(MERGESORT.java:47)
	at java_programs.MERGESORT.mergesort(MERGESORT.java:47)
	at java_programs.MERGESORT.mergesort(MERGESORT.java:47)
	at java_programs.MERGESORT.mergesort(MERGESORT.java:47)
	at java_programs.MERGESORT.mergesort(MERGESORT.java:47)
	at java_programs.MERGESORT.mergesort(MERGESORT.java:47)
	at java_programs.MERGESORT.mergesort(MERGESORT.java:47)
	at java_programs.MERGESORT.mergesort(MERGESORT.java:47)
	at java_programs.MERGESORT.mergesort(MERGESORT.java:47)
	at java_programs.MERGESORT.mergesort(MERGESORT.java:47)
	at java_programs.MERGESORT.mergesort(MERGESORT.java:47)
	at java_programs.MERGESORT.mergesort(MERGESORT.java:47)
	at java_programs.MERGESORT.mergesort(MERGESORT.java:47)
	at java_programs.MERGESORT.mergesort(MERGESORT.java:47)
	at java_programs.MERGESORT.mergesort(MERGESORT.java:47)
	at java_programs.MERGESORT.mergesort(MERGESORT.java:47)
	at java_programs.MERGESORT.mergesort(MERGESORT.java:47)
	at java_programs.MERGESORT.mergesort(MERGESORT.java:47)
	at java_programs.MERGESORT.mergesort(MERGESORT.java:47)
	at java_programs.MERGESORT.mergesort(MERGESORT.java:47)
	at java_programs.MERGESORT.mergesort(MERGESORT.java:47)
	at java_programs.MERGESORT.mergesort(MERGESORT.java:47)
	at java_programs.MERGESORT.mergesort(MERGESORT.java:47)
	at java_programs.MERGESORT.mergesort(MERGESORT.java:47)
	at java_programs.MERGESORT.mergesort(MERGESORT.java:47)
	at java_programs.MERGESORT.mergesort(MERGESORT.java:47)
	at java_programs.MERGESORT.mergesort(MERGESORT.java:47)
	at java_programs.MERGESORT.mergesort(MERGESORT.java:47)
	at java_programs.MERGESORT.mergesort(MERGESORT.java:47)
	at java_programs.MERGESORT.mergesort(MERGESORT.java:47)
	at java_programs.MERGESORT.mergesort(MERGESORT.java:47)
	at java_programs.MERGESORT.mergesort(MERGESORT.java:47)
	at java_programs.MERGESORT.mergesort(MERGESORT.java:47)
	at java_programs.MERGESORT.mergesort(MERGESORT.java:47)
	at java_programs.MERGESORT.mergesort(MERGESORT.java:47)
	at java_programs.MERGESORT.mergesort(MERGESORT.java:47)
	at java_programs.MERGESORT.mergesort(MERGESORT.java:47)
	at java_programs.MERGESORT.mergesort(MERGESORT.java:47)
	at java_programs.MERGESORT.mergesort(MERGESORT.java:47)
	at java_programs.MERGESORT.mergesort(MERGESORT.java:47)
	at java_programs.MERGESORT.mergesort(MERGESORT.java:47)
	at java_programs.MERGESORT.mergesort(MERGESORT.java:47)
	at java_programs.MERGESORT.mergesort(MERGESORT.java:47)
	at java_programs.MERGESORT.mergesort(MERGESORT.java:47)
	at java_programs.MERGESORT.mergesort(MERGESORT.java:47)
	at java_programs.MERGESORT.mergesort(MERGESORT.java:47)
	at java_programs.MERGESORT.mergesort(MERGESORT.java:47)
	at java_programs.MERGESORT.mergesort(MERGESORT.java:47)
	at java_programs.MERGESORT.mergesort(MERGESORT.java:47)
	at java_programs.MERGESORT.mergesort(MERGESORT.java:47)
	at java_programs.MERGESORT.mergesort(MERGESORT.java:47)
	at java_programs.MERGESORT.mergesort(MERGESORT.java:47)
	at java_programs.MERGESORT.mergesort(MERGESORT.java:47)
	at java_programs.MERGESORT.mergesort(MERGESORT.java:47)
	at java_programs.MERGESORT.mergesort(MERGESORT.java:47)
	at java_programs.MERGESORT.mergesort(MERGESORT.java:47)
	at java_programs.MERGESORT.mergesort(MERGESORT.java:47)
	at java_programs.MERGESORT.mergesort(MERGESORT.java:47)
	at java_programs.MERGESORT.mergesort(MERGESORT.java:47)
	at java_programs.MERGESORT.mergesort(MERGESORT.java:47)
	at java_programs.MERGESORT.mergesort(MERGESORT.java:47)
	at java_programs.MERGESORT.mergesort(MERGESORT.java:47)
	at java_programs.MERGESORT.mergesort(MERGESORT.java:47)
	at java_programs.MERGESORT.mergesort(MERGESORT.java:47)
	at java_programs.MERGESORT.mergesort(MERGESORT.java:47)
	at java_programs.MERGESORT.mergesort(MERGESORT.java:47)
	at java_programs.MERGESORT.mergesort(MERGESORT.java:47)
	at java_programs.MERGESORT.mergesort(MERGESORT.java:47)
	at java_programs.MERGESORT.mergesort(MERGESORT.java:47)
	at java_programs.MERGESORT.mergesort(MERGESORT.java:47)
	at java_programs.MERGESORT.mergesort(MERGESORT.java:47)
	at java_programs.MERGESORT.mergesort(MERGESORT.java:47)
	at java_programs.MERGESORT.mergesort(MERGESORT.java:47)
	at java_programs.MERGESORT.mergesort(MERGESORT.java:47)
	at java_programs.MERGESORT.mergesort(MERGESORT.java:47)
	at java_programs.MERGESORT.mergesort(MERGESORT.java:47)
	at java_programs.MERGESORT.mergesort(MERGESORT.java:47)
	at java_programs.MERGESORT.mergesort(MERGESORT.java:47)
	at java_programs.MERGESORT.mergesort(MERGESORT.java:47)
	at java_programs.MERGESORT.mergesort(MERGESORT.java:47)
	at java_programs.MERGESORT.mergesort(MERGESORT.java:47)
	at java_programs.MERGESORT.mergesort(MERGESORT.java:47)
	at java_programs.MERGESORT.mergesort(MERGESORT.java:47)
	at java_programs.MERGESORT.mergesort(MERGESORT.java:47)
	at java_programs.MERGESORT.mergesort(MERGESORT.java:47)
	at java_programs.MERGESORT.mergesort(MERGESORT.java:47)
	at java_programs.MERGESORT.mergesort(MERGESORT.java:47)
	at java_programs.MERGESORT.mergesort(MERGESORT.java:47)
	at java_programs.MERGESORT.mergesort(MERGESORT.java:47)
	at java_programs.MERGESORT.mergesort(MERGESORT.java:47)
	at java_programs.MERGESORT.mergesort(MERGESORT.java:47)
	at java_programs.MERGESORT.mergesort(MERGESORT.java:47)
	at java_programs.MERGESORT.mergesort(MERGESORT.java:47)
	at java_programs.MERGESORT.mergesort(MERGESORT.java:47)
	at java_programs.MERGESORT.mergesort(MERGESORT.java:47)
	at java_programs.MERGESORT.mergesort(MERGESORT.java:47)
	at java_programs.MERGESORT.mergesort(MERGESORT.java:47)
	at java_programs.MERGESORT.mergesort(MERGESORT.java:47)
	at java_programs.MERGESORT.mergesort(MERGESORT.java:47)
	at java_programs.MERGESORT.mergesort(MERGESORT.java:47)
	at java_programs.MERGESORT.mergesort(MERGESORT.java:47)
	at java_programs.MERGESORT.mergesort(MERGESORT.java:47)
	at java_programs.MERGESORT.mergesort(MERGESORT.java:47)
	at java_programs.MERGESORT.mergesort(MERGESORT.java:47)
	at java_programs.MERGESORT.mergesort(MERGESORT.java:47)
	at java_programs.MERGESORT.mergesort(MERGESORT.java:47)
	at java_programs.MERGESORT.mergesort(MERGESORT.java:47)
	at java_programs.MERGESORT.mergesort(MERGESORT.java:47)
	at java_programs.MERGESORT.mergesort(MERGESORT.java:47)
	at java_programs.MERGESORT.mergesort(MERGESORT.java:47)
	at java_programs.MERGESORT.mergesort(MERGESORT.java:47)
	at java_programs.MERGESORT.mergesort(MERGESORT.java:47)
	at java_programs.MERGESORT.mergesort(MERGESORT.java:47)
	at java_programs.MERGESORT.mergesort(MERGESORT.java:47)
	at java_programs.MERGESORT.mergesort(MERGESORT.java:47)
	at java_programs.MERGESORT.mergesort(MERGESORT.java:47)
	at java_programs.MERGESORT.mergesort(MERGESORT.java:47)
	at java_programs.MERGESORT.mergesort(MERGESORT.java:47)
	at java_programs.MERGESORT.mergesort(MERGESORT.java:47)
	at java_programs.MERGESORT.mergesort(MERGESORT.java:47)
	at java_programs.MERGESORT.mergesort(MERGESORT.java:47)
	at java_programs.MERGESORT.mergesort(MERGESORT.java:47)
	at java_programs.MERGESORT.mergesort(MERGESORT.java:47)
	at java_programs.MERGESORT.mergesort(MERGESORT.java:47)
	at java_programs.MERGESORT.mergesort(MERGESORT.java:47)
	at java_programs.MERGESORT.mergesort(MERGESORT.java:47)
	at java_programs.MERGESORT.mergesort(MERGESORT.java:47)
	at java_programs.MERGESORT.mergesort(MERGESORT.java:47)
	at java_programs.MERGESORT.mergesort(MERGESORT.java:47)
	at java_programs.MERGESORT.mergesort(MERGESORT.java:47)
	at java_programs.MERGESORT.mergesort(MERGESORT.java:47)
	at java_programs.MERGESORT.mergesort(MERGESORT.java:47)
	at java_programs.MERGESORT.mergesort(MERGESORT.java:47)
	at java_programs.MERGESORT.mergesort(MERGESORT.java:47)
	at java_programs.MERGESORT.mergesort(MERGESORT.java:47)
	at java_programs.MERGESORT.mergesort(MERGESORT.java:47)
	at java_programs.MERGESORT.mergesort(MERGESORT.java:47)
	at java_programs.MERGESORT.mergesort(MERGESORT.java:47)
	at java_programs.MERGESORT.mergesort(MERGESORT.java:47)
	at java_programs.MERGESORT.mergesort(MERGESORT.java:47)
	at java_programs.MERGESORT.mergesort(MERGESORT.java:47)
	at java_programs.MERGESORT.mergesort(MERGESORT.java:47)
	at java_programs.MERGESORT.mergesort(MERGESORT.java:47)
	at java_programs.MERGESORT.mergesort(MERGESORT.java:47)
	at java_programs.MERGESORT.mergesort(MERGESORT.java:47)
	at java_programs.MERGESORT.mergesort(MERGESORT.java:47)
	at java_programs.MERGESORT.mergesort(MERGESORT.java:47)
	at java_programs.MERGESORT.mergesort(MERGESORT.java:47)
	at java_programs.MERGESORT.mergesort(MERGESORT.java:47)
	at java_programs.MERGESORT.mergesort(MERGESORT.java:47)
	at java_programs.MERGESORT.mergesort(MERGESORT.java:47)
	at java_programs.MERGESORT.mergesort(MERGESORT.java:47)
	at java_programs.MERGESORT.mergesort(MERGESORT.java:47)
	at java_programs.MERGESORT.mergesort(MERGESORT.java:47)
	at java_programs.MERGESORT.mergesort(MERGESORT.java:47)
	at java_programs.MERGESORT.mergesort(MERGESORT.java:47)
	at java_programs.MERGESORT.mergesort(MERGESORT.java:47)
	at java_programs.MERGESORT.mergesort(MERGESORT.java:47)
	at java_programs.MERGESORT.mergesort(MERGESORT.java:47)
	at java_programs.MERGESORT.mergesort(MERGESORT.java:47)
	at java_programs.MERGESORT.mergesort(MERGESORT.java:47)
	at java_programs.MERGESORT.mergesort(MERGESORT.java:47)
	at java_programs.MERGESORT.mergesort(MERGESORT.java:47)
	at java_programs.MERGESORT.mergesort(MERGESORT.java:47)
	at java_programs.MERGESORT.mergesort(MERGESORT.java:47)
	at java_programs.MERGESORT.mergesort(MERGESORT.java:47)
	at java_programs.MERGESORT.mergesort(MERGESORT.java:47)
	at java_programs.MERGESORT.mergesort(MERGESORT.java:47)
	at java_programs.MERGESORT.mergesort(MERGESORT.java:47)
	at java_programs.MERGESORT.mergesort(MERGESORT.java:47)
	at java_programs.MERGESORT.mergesort(MERGESORT.java:47)
	at java_programs.MERGESORT.mergesort(MERGESORT.java:47)
	at java_programs.MERGESORT.mergesort(MERGESORT.java:47)
	at java_programs.MERGESORT.mergesort(MERGESORT.java:47)
	at java_programs.MERGESORT.mergesort(MERGESORT.java:47)
	at java_programs.MERGESORT.mergesort(MERGESORT.java:47)
	at java_programs.MERGESORT.mergesort(MERGESORT.java:47)
	at java_programs.MERGESORT.mergesort(MERGESORT.java:47)
	at java_programs.MERGESORT.mergesort(MERGESORT.java:47)
	at java_programs.MERGESORT.mergesort(MERGESORT.java:47)
	at java_programs.MERGESORT.mergesort(MERGESORT.java:47)
	at java_programs.MERGESORT.mergesort(MERGESORT.java:47)
	at java_programs.MERGESORT.mergesort(MERGESORT.java:47)
	at java_programs.MERGESORT.mergesort(MERGESORT.java:47)
	at java_programs.MERGESORT.mergesort(MERGESORT.java:47)
	at java_programs.MERGESORT.mergesort(MERGESORT.java:47)
	at java_programs.MERGESORT.mergesort(MERGESORT.java:47)
	at java_programs.MERGESORT.mergesort(MERGESORT.java:47)
	at java_programs.MERGESORT.mergesort(MERGESORT.java:47)
	at java_programs.MERGESORT.mergesort(MERGESORT.java:47)
	at java_programs.MERGESORT.mergesort(MERGESORT.java:47)
	at java_programs.MERGESORT.mergesort(MERGESORT.java:47)
	at java_programs.MERGESORT.mergesort(MERGESORT.java:47)
	at java_programs.MERGESORT.mergesort(MERGESORT.java:47)
	at java_programs.MERGESORT.mergesort(MERGESORT.java:47)
	at java_programs.MERGESORT.mergesort(MERGESORT.java:47)
	at java_programs.MERGESORT.mergesort(MERGESORT.java:47)
	at java_programs.MERGESORT.mergesort(MERGESORT.java:47)
	at java_programs.MERGESORT.mergesort(MERGESORT.java:47)
	at java_programs.MERGESORT.mergesort(MERGESORT.java:47)
	at java_programs.MERGESORT.mergesort(MERGESORT.java:47)
	at java_programs.MERGESORT.mergesort(MERGESORT.java:47)
	at java_programs.MERGESORT.mergesort(MERGESORT.java:47)
	at java_programs.MERGESORT.mergesort(MERGESORT.java:47)
	at java_programs.MERGESORT.mergesort(MERGESORT.java:47)
	at java_programs.MERGESORT.mergesort(MERGESORT.java:47)
	at java_programs.MERGESORT.mergesort(MERGESORT.java:47)
	at java_programs.MERGESORT.mergesort(MERGESORT.java:47)
	at java_programs.MERGESORT.mergesort(MERGESORT.java:47)
	at java_programs.MERGESORT.mergesort(MERGESORT.java:47)
	at java_programs.MERGESORT.mergesort(MERGESORT.java:47)
	at java_programs.MERGESORT.mergesort(MERGESORT.java:47)
	at java_programs.MERGESORT.mergesort(MERGESORT.java:47)
	at java_programs.MERGESORT.mergesort(MERGESORT.java:47)
	at java_programs.MERGESORT.mergesort(MERGESORT.java:47)
	at java_programs.MERGESORT.mergesort(MERGESORT.java:47)
	at java_programs.MERGESORT.mergesort(MERGESORT.java:47)
	at java_programs.MERGESORT.mergesort(MERGESORT.java:47)
	at java_programs.MERGESORT.mergesort(MERGESORT.java:47)
	at java_programs.MERGESORT.mergesort(MERGESORT.java:47)
	at java_programs.MERGESORT.mergesort(MERGESORT.java:47)
	at java_programs.MERGESORT.mergesort(MERGESORT.java:47)
	at java_programs.MERGESORT.mergesort(MERGESORT.java:47)
	at java_programs.MERGESORT.mergesort(MERGESORT.java:47)
	at java_programs.MERGESORT.mergesort(MERGESORT.java:47)
	at java_programs.MERGESORT.mergesort(MERGESORT.java:47)
	at java_programs.MERGESORT.mergesort(MERGESORT.java:47)
	at java_programs.MERGESORT.mergesort(MERGESORT.java:47)
	at java_programs.MERGESORT.mergesort(MERGESORT.java:47)
	at java_programs.MERGESORT.mergesort(MERGESORT.java:47)
	at java_programs.MERGESORT.mergesort(MERGESORT.java:47)
	at java_programs.MERGESORT.mergesort(MERGESORT.java:47)
	at java_programs.MERGESORT.mergesort(MERGESORT.java:47)
	at java_programs.MERGESORT.mergesort(MERGESORT.java:47)
	at java_programs.MERGESORT.mergesort(MERGESORT.java:47)
	at java_programs.MERGESORT.mergesort(MERGESORT.java:47)
	at java_programs.MERGESORT.mergesort(MERGESORT.java:47)
	at java_programs.MERGESORT.mergesort(MERGESORT.java:47)
	at java_programs.MERGESORT.mergesort(MERGESORT.java:47)
	at java_programs.MERGESORT.mergesort(MERGESORT.java:47)
	at java_programs.MERGESORT.mergesort(MERGESORT.java:47)
	at java_programs.MERGESORT.mergesort(MERGESORT.java:47)
	at java_programs.MERGESORT.mergesort(MERGESORT.java:47)
	at java_programs.MERGESORT.mergesort(MERGESORT.java:47)
	at java_programs.MERGESORT.mergesort(MERGESORT.java:47)
	at java_programs.MERGESORT.mergesort(MERGESORT.java:47)
	at java_programs.MERGESORT.mergesort(MERGESORT.java:47)
	at java_programs.MERGESORT.mergesort(MERGESORT.java:47)
	at java_programs.MERGESORT.mergesort(MERGESORT.java:47)
	at java_programs.MERGESORT.mergesort(MERGESORT.java:47)
	at java_programs.MERGESORT.mergesort(MERGESORT.java:47)
	at java_programs.MERGESORT.mergesort(MERGESORT.java:47)
	at java_programs.MERGESORT.mergesort(MERGESORT.java:47)
	at java_programs.MERGESORT.mergesort(MERGESORT.java:47)
	at java_programs.MERGESORT.mergesort(MERGESORT.java:47)
	at java_programs.MERGESORT.mergesort(MERGESORT.java:47)
	at java_programs.MERGESORT.mergesort(MERGESORT.java:47)
	at java_programs.MERGESORT.mergesort(MERGESORT.java:47)
	at java_programs.MERGESORT.mergesort(MERGESORT.java:47)
	at java_programs.MERGESORT.mergesort(MERGESORT.java:47)
	at java_programs.MERGESORT.mergesort(MERGESORT.java:47)
	at java_programs.MERGESORT.mergesort(MERGESORT.java:47)
	at java_programs.MERGESORT.mergesort(MERGESORT.java:47)
	at java_programs.MERGESORT.mergesort(MERGESORT.java:47)
	at java_programs.MERGESORT.mergesort(MERGESORT.java:47)
	at java_programs.MERGESORT.mergesort(MERGESORT.java:47)
	at java_programs.MERGESORT.mergesort(MERGESORT.java:47)
	at java_programs.MERGESORT.mergesort(MERGESORT.java:47)
	at java_programs.MERGESORT.mergesort(MERGESORT.java:47)
	at java_programs.MERGESORT.mergesort(MERGESORT.java:47)
	at java_programs.MERGESORT.mergesort(MERGESORT.java:47)
	at java_programs.MERGESORT.mergesort(MERGESORT.java:47)
	at java_programs.MERGESORT.mergesort(MERGESORT.java:47)
	at java_programs.MERGESORT.mergesort(MERGESORT.java:47)
	at java_programs.MERGESORT.mergesort(MERGESORT.java:47)
	at java_programs.MERGESORT.mergesort(MERGESORT.java:47)
	at java_programs.MERGESORT.mergesort(MERGESORT.java:47)
	at java_programs.MERGESORT.mergesort(MERGESORT.java:47)
	at java_programs.MERGESORT.mergesort(MERGESORT.java:47)
	at java_programs.MERGESORT.mergesort(MERGESORT.java:47)
	at java_programs.MERGESORT.mergesort(MERGESORT.java:47)
	at java_programs.MERGESORT.mergesort(MERGESORT.java:47)
	at java_programs.MERGESORT.mergesort(MERGESORT.java:47)
	at java_programs.MERGESORT.mergesort(MERGESORT.java:47)
	at java_programs.MERGESORT.mergesort(MERGESORT.java:47)
	at java_programs.MERGESORT.mergesort(MERGESORT.java:47)
	at java_programs.MERGESORT.mergesort(MERGESORT.java:47)
	at java_programs.MERGESORT.mergesort(MERGESORT.java:47)
	at java_programs.MERGESORT.mergesort(MERGESORT.java:47)
	at java_programs.MERGESORT.mergesort(MERGESORT.java:47)
	at java_programs.MERGESORT.mergesort(MERGESORT.java:47)
	at java_programs.MERGESORT.mergesort(MERGESORT.java:47)
	at java_programs.MERGESORT.mergesort(MERGESORT.java:47)
	at java_programs.MERGESORT.mergesort(MERGESORT.java:47)
	at java_programs.MERGESORT.mergesort(MERGESORT.java:47)
	at java_programs.MERGESORT.mergesort(MERGESORT.java:47)
	at java_programs.MERGESORT.mergesort(MERGESORT.java:47)
	at java_programs.MERGESORT.mergesort(MERGESORT.java:47)
	at java_programs.MERGESORT.mergesort(MERGESORT.java:47)
	at java_programs.MERGESORT.mergesort(MERGESORT.java:47)
	at java_programs.MERGESORT.mergesort(MERGESORT.java:47)
	at java_programs.MERGESORT.mergesort(MERGESORT.java:47)
	at java_programs.MERGESORT.mergesort(MERGESORT.java:47)
	at java_programs.MERGESORT.mergesort(MERGESORT.java:47)
	at java_programs.MERGESORT.mergesort(MERGESORT.java:47)
	at java_programs.MERGESORT.mergesort(MERGESORT.java:47)
	at java_programs.MERGESORT.mergesort(MERGESORT.java:47)
	at java_programs.MERGESORT.mergesort(MERGESORT.java:47)
	at java_programs.MERGESORT.mergesort(MERGESORT.java:47)
	at java_programs.MERGESORT.mergesort(MERGESORT.java:47)
	at java_programs.MERGESORT.mergesort(MERGESORT.java:47)
	at java_programs.MERGESORT.mergesort(MERGESORT.java:47)
	at java_programs.MERGESORT.mergesort(MERGESORT.java:47)
	at java_programs.MERGESORT.mergesort(MERGESORT.java:47)
	at java_programs.MERGESORT.mergesort(MERGESORT.java:47)
	at java_programs.MERGESORT.mergesort(MERGESORT.java:47)
	at java_programs.MERGESORT.mergesort(MERGESORT.java:47)
	at java_programs.MERGESORT.mergesort(MERGESORT.java:47)
	at java_programs.MERGESORT.mergesort(MERGESORT.java:47)
	at java_programs.MERGESORT.mergesort(MERGESORT.java:47)
	at java_programs.MERGESORT.mergesort(MERGESORT.java:47)
	at java_programs.MERGESORT.mergesort(MERGESORT.java:47)
	at java_programs.MERGESORT.mergesort(MERGESORT.java:47)
	at java_programs.MERGESORT.mergesort(MERGESORT.java:47)
	at java_programs.MERGESORT.mergesort(MERGESORT.java:47)
	at java_programs.MERGESORT.mergesort(MERGESORT.java:47)
	at java_programs.MERGESORT.mergesort(MERGESORT.java:47)
	at java_programs.MERGESORT.mergesort(MERGESORT.java:47)
	at java_programs.MERGESORT.mergesort(MERGESORT.java:47)
	at java_programs.MERGESORT.mergesort(MERGESORT.java:47)
	at java_programs.MERGESORT.mergesort(MERGESORT.java:47)
	at java_programs.MERGESORT.mergesort(MERGESORT.java:47)
	at java_programs.MERGESORT.mergesort(MERGESORT.java:47)
	at java_programs.MERGESORT.mergesort(MERGESORT.java:47)
	at java_programs.MERGESORT.mergesort(MERGESORT.java:47)
	at java_programs.MERGESORT.mergesort(MERGESORT.java:47)
	at java_programs.MERGESORT.mergesort(MERGESORT.java:47)
	at java_programs.MERGESORT.mergesort(MERGESORT.java:47)
	at java_programs.MERGESORT.mergesort(MERGESORT.java:47)
	at java_programs.MERGESORT.mergesort(MERGESORT.java:47)
	at java_programs.MERGESORT.mergesort(MERGESORT.java:47)
	at java_programs.MERGESORT.mergesort(MERGESORT.java:47)
	at java_programs.MERGESORT.mergesort(MERGESORT.java:47)
	at java_programs.MERGESORT.mergesort(MERGESORT.java:47)
	at java_programs.MERGESORT.mergesort(MERGESORT.java:47)
	at java_programs.MERGESORT.mergesort(MERGESORT.java:47)
	at java_programs.MERGESORT.mergesort(MERGESORT.java:47)
	at java_programs.MERGESORT.mergesort(MERGESORT.java:47)
	at java_programs.MERGESORT.mergesort(MERGESORT.java:47)
	at java_programs.MERGESORT.mergesort(MERGESORT.java:47)
	at java_programs.MERGESORT.mergesort(MERGESORT.java:47)
	at java_programs.MERGESORT.mergesort(MERGESORT.java:47)
	at java_programs.MERGESORT.mergesort(MERGESORT.java:47)
	at java_programs.MERGESORT.mergesort(MERGESORT.java:47)
	at java_programs.MERGESORT.mergesort(MERGESORT.java:47)
	at java_programs.MERGESORT.mergesort(MERGESORT.java:47)
	at java_programs.MERGESORT.mergesort(MERGESORT.java:47)
	at java_programs.MERGESORT.mergesort(MERGESORT.java:47)
	at java_programs.MERGESORT.mergesort(MERGESORT.java:47)
	at java_programs.MERGESORT.mergesort(MERGESORT.java:47)
	at java_programs.MERGESORT.mergesort(MERGESORT.java:47)
	at java_programs.MERGESORT.mergesort(MERGESORT.java:47)
	at java_programs.MERGESORT.mergesort(MERGESORT.java:47)
	at java_programs.MERGESORT.mergesort(MERGESORT.java:47)
	at java_programs.MERGESORT.mergesort(MERGESORT.java:47)
	at java_programs.MERGESORT.mergesort(MERGESORT.java:47)
	at java_programs.MERGESORT.mergesort(MERGESORT.java:47)
	at java_programs.MERGESORT.mergesort(MERGESORT.java:47)
	at java_programs.MERGESORT.mergesort(MERGESORT.java:47)
	at java_programs.MERGESORT.mergesort(MERGESORT.java:47)
	at java_programs.MERGESORT.mergesort(MERGESORT.java:47)
	at java_programs.MERGESORT.mergesort(MERGESORT.java:47)
	at java_programs.MERGESORT.mergesort(MERGESORT.java:47)
	at java_programs.MERGESORT.mergesort(MERGESORT.java:47)
	at java_programs.MERGESORT.mergesort(MERGESORT.java:47)
	at java_programs.MERGESORT.mergesort(MERGESORT.java:47)
	at java_programs.MERGESORT.mergesort(MERGESORT.java:47)
	at java_programs.MERGESORT.mergesort(MERGESORT.java:47)
	at java_programs.MERGESORT.mergesort(MERGESORT.java:47)
	at java_programs.MERGESORT.mergesort(MERGESORT.java:47)
	at java_programs.MERGESORT.mergesort(MERGESORT.java:47)
	at java_programs.MERGESORT.mergesort(MERGESORT.java:47)
	at java_programs.MERGESORT.mergesort(MERGESORT.java:47)
	at java_programs.MERGESORT.mergesort(MERGESORT.java:47)
	at java_programs.MERGESORT.mergesort(MERGESORT.java:47)
	at java_programs.MERGESORT.mergesort(MERGESORT.java:47)
	at java_programs.MERGESORT.mergesort(MERGESORT.java:47)
	at java_programs.MERGESORT.mergesort(MERGESORT.java:47)
	at java_programs.MERGESORT.mergesort(MERGESORT.java:47)
	at java_programs.MERGESORT.mergesort(MERGESORT.java:47)
	at java_programs.MERGESORT.mergesort(MERGESORT.java:47)
	at java_programs.MERGESORT.mergesort(MERGESORT.java:47)
	at java_programs.MERGESORT.mergesort(MERGESORT.java:47)
	at java_programs.MERGESORT.mergesort(MERGESORT.java:47)
	at java_programs.MERGESORT.mergesort(MERGESORT.java:47)
	at java_programs.MERGESORT.mergesort(MERGESORT.java:47)
	at java_programs.MERGESORT.mergesort(MERGESORT.java:47)
	at java_programs.MERGESORT.mergesort(MERGESORT.java:47)
	at java_programs.MERGESORT.mergesort(MERGESORT.java:47)
	at java_programs.MERGESORT.mergesort(MERGESORT.java:47)
	at java_programs.MERGESORT.mergesort(MERGESORT.java:47)
	at java_programs.MERGESORT.mergesort(MERGESORT.java:47)
	at java_programs.MERGESORT.mergesort(MERGESORT.java:47)
	at java_programs.MERGESORT.mergesort(MERGESORT.java:47)
	at java_programs.MERGESORT.mergesort(MERGESORT.java:47)
	at java_programs.MERGESORT.mergesort(MERGESORT.java:47)
	at java_programs.MERGESORT.mergesort(MERGESORT.java:47)
	at java_programs.MERGESORT.mergesort(MERGESORT.java:47)
	at java_programs.MERGESORT.mergesort(MERGESORT.java:47)
	at java_programs.MERGESORT.mergesort(MERGESORT.java:47)
	at java_programs.MERGESORT.mergesort(MERGESORT.java:47)
	at java_programs.MERGESORT.mergesort(MERGESORT.java:47)
	at java_programs.MERGESORT.mergesort(MERGESORT.java:47)
	at java_programs.MERGESORT.mergesort(MERGESORT.java:47)
	at java_programs.MERGESORT.mergesort(MERGESORT.java:47)
	at java_programs.MERGESORT.mergesort(MERGESORT.java:47)
	at java_programs.MERGESORT.mergesort(MERGESORT.java:47)
	at java_programs.MERGESORT.mergesort(MERGESORT.java:47)
	at java_programs.MERGESORT.mergesort(MERGESORT.java:47)
	at java_programs.MERGESORT.mergesort(MERGESORT.java:47)
	at java_programs.MERGESORT.mergesort(MERGESORT.java:47)
	at java_programs.MERGESORT.mergesort(MERGESORT.java:47)
	at java_programs.MERGESORT.mergesort(MERGESORT.java:47)
	at java_programs.MERGESORT.mergesort(MERGESORT.java:47)
	at java_programs.MERGESORT.mergesort(MERGESORT.java:47)
	at java_programs.MERGESORT.mergesort(MERGESORT.java:47)
	at java_programs.MERGESORT.mergesort(MERGESORT.java:47)
	at java_programs.MERGESORT.mergesort(MERGESORT.java:47)
	at java_programs.MERGESORT.mergesort(MERGESORT.java:47)
	at java_programs.MERGESORT.mergesort(MERGESORT.java:47)
	at java_programs.MERGESORT.mergesort(MERGESORT.java:47)
	at java_programs.MERGESORT.mergesort(MERGESORT.java:47)
	at java_programs.MERGESORT.mergesort(MERGESORT.java:47)
	at java_programs.MERGESORT.mergesort(MERGESORT.java:47)
	at java_programs.MERGESORT.mergesort(MERGESORT.java:47)
	at java_programs.MERGESORT.mergesort(MERGESORT.java:47)
	at java_programs.MERGESORT.mergesort(MERGESORT.java:47)
	at java_programs.MERGESORT.mergesort(MERGESORT.java:47)
	at java_programs.MERGESORT.mergesort(MERGESORT.java:47)
	at java_programs.MERGESORT.mergesort(MERGESORT.java:47)
	at java_programs.MERGESORT.mergesort(MERGESORT.java:47)
	at java_programs.MERGESORT.mergesort(MERGESORT.java:47)
	at java_programs.MERGESORT.mergesort(MERGESORT.java:47)
	at java_programs.MERGESORT.mergesort(MERGESORT.java:47)
	at java_programs.MERGESORT.mergesort(MERGESORT.java:47)
	at java_programs.MERGESORT.mergesort(MERGESORT.java:47)
	at java_programs.MERGESORT.mergesort(MERGESORT.java:47)
	at java_programs.MERGESORT.mergesort(MERGESORT.java:47)
	at java_programs.MERGESORT.mergesort(MERGESORT.java:47)
	at java_programs.MERGESORT.mergesort(MERGESORT.java:47)
	at java_programs.MERGESORT.mergesort(MERGESORT.java:47)
	at java_programs.MERGESORT.mergesort(MERGESORT.java:47)
	at java_programs.MERGESORT.mergesort(MERGESORT.java:47)
	at java_programs.MERGESORT.mergesort(MERGESORT.java:47)
	at java_programs.MERGESORT.mergesort(MERGESORT.java:47)
	at java_programs.MERGESORT.mergesort(MERGESORT.java:47)
	at java_programs.MERGESORT.mergesort(MERGESORT.java:47)
	at java_programs.MERGESORT.mergesort(MERGESORT.java:47)
	at java_programs.MERGESORT.mergesort(MERGESORT.java:47)
	at java_programs.MERGESORT.mergesort(MERGESORT.java:47)
	at java_programs.MERGESORT.mergesort(MERGESORT.java:47)
	at java_programs.MERGESORT.mergesort(MERGESORT.java:47)
	at java_programs.MERGESORT.mergesort(MERGESORT.java:47)
	at java_programs.MERGESORT.mergesort(MERGESORT.java:47)
	at java_programs.MERGESORT.mergesort(MERGESORT.java:47)
	at java_programs.MERGESORT.mergesort(MERGESORT.java:47)
	at java_programs.MERGESORT.mergesort(MERGESORT.java:47)
	at java_programs.MERGESORT.mergesort(MERGESORT.java:47)
	at java_programs.MERGESORT.mergesort(MERGESORT.java:47)
	at java_programs.MERGESORT.mergesort(MERGESORT.java:47)
	at java_programs.MERGESORT.mergesort(MERGESORT.java:47)
	at java_programs.MERGESORT.mergesort(MERGESORT.java:47)
	at java_programs.MERGESORT.mergesort(MERGESORT.java:47)
	at java_programs.MERGESORT.mergesort(MERGESORT.java:47)
	at java_programs.MERGESORT.mergesort(MERGESORT.java:47)
	at java_programs.MERGESORT.mergesort(MERGESORT.java:47)
	at java_programs.MERGESORT.mergesort(MERGESORT.java:47)
	at java_programs.MERGESORT.mergesort(MERGESORT.java:47)
	at java_programs.MERGESORT.mergesort(MERGESORT.java:47)
	at java_programs.MERGESORT.mergesort(MERGESORT.java:47)
	at java_programs.MERGESORT.mergesort(MERGESORT.java:47)
	at java_programs.MERGESORT.mergesort(MERGESORT.java:47)
	at java_programs.MERGESORT.mergesort(MERGESORT.java:47)
	at java_programs.MERGESORT.mergesort(MERGESORT.java:47)
	at java_programs.MERGESORT.mergesort(MERGESORT.java:47)
	at java_programs.MERGESORT.mergesort(MERGESORT.java:47)
	at java_programs.MERGESORT.mergesort(MERGESORT.java:47)
	at java_programs.MERGESORT.mergesort(MERGESORT.java:47)
	at java_programs.MERGESORT.mergesort(MERGESORT.java:47)
	at java_programs.MERGESORT.mergesort(MERGESORT.java:47)
	at java_programs.MERGESORT.mergesort(MERGESORT.java:47)
	at java_programs.MERGESORT.mergesort(MERGESORT.java:47)
	at java_programs.MERGESORT.mergesort(MERGESORT.java:47)
	at java_programs.MERGESORT.mergesort(MERGESORT.java:47)
	at java_programs.MERGESORT.mergesort(MERGESORT.java:47)
	at java_programs.MERGESORT.mergesort(MERGESORT.java:47)
	at java_programs.MERGESORT.mergesort(MERGESORT.java:47)
	at java_programs.MERGESORT.mergesort(MERGESORT.java:47)
	at java_programs.MERGESORT.mergesort(MERGESORT.java:47)
	at java_programs.MERGESORT.mergesort(MERGESORT.java:47)
	at java_programs.MERGESORT.mergesort(MERGESORT.java:47)
	at java_programs.MERGESORT.mergesort(MERGESORT.java:47)
	at java_programs.MERGESORT.mergesort(MERGESORT.java:47)
	at java_programs.MERGESORT.mergesort(MERGESORT.java:47)
	at java_programs.MERGESORT.mergesort(MERGESORT.java:47)
	at java_programs.MERGESORT.mergesort(MERGESORT.java:47)
	at java_programs.MERGESORT.mergesort(MERGESORT.java:47)
	at java_programs.MERGESORT.mergesort(MERGESORT.java:47)
	at java_programs.MERGESORT.mergesort(MERGESORT.java:47)
	at java_programs.MERGESORT.mergesort(MERGESORT.java:47)
	at java_programs.MERGESORT.mergesort(MERGESORT.java:47)
	at java_programs.MERGESORT.mergesort(MERGESORT.java:47)
	at java_programs.MERGESORT.mergesort(MERGESORT.java:47)
	at java_programs.MERGESORT.mergesort(MERGESORT.java:47)
	at java_programs.MERGESORT.mergesort(MERGESORT.java:47)
	at java_programs.MERGESORT.mergesort(MERGESORT.java:47)
	at java_programs.MERGESORT.mergesort(MERGESORT.java:47)
	at java_programs.MERGESORT.mergesort(MERGESORT.java:47)
	at java_programs.MERGESORT.mergesort(MERGESORT.java:47)
	at java_programs.MERGESORT.mergesort(MERGESORT.java:47)
	at java_programs.MERGESORT.mergesort(MERGESORT.java:47)
	at java_programs.MERGESORT.mergesort(MERGESORT.java:47)
	at java_programs.MERGESORT.mergesort(MERGESORT.java:47)
	at java_programs.MERGESORT.mergesort(MERGESORT.java:47)
	at java_programs.MERGESORT.mergesort(MERGESORT.java:47)
	at java_programs.MERGESORT.mergesort(MERGESORT.java:47)
	at java_programs.MERGESORT.mergesort(MERGESORT.java:47)
	at java_programs.MERGESORT.mergesort(MERGESORT.java:47)
	at java_programs.MERGESORT.mergesort(MERGESORT.java:47)
	at java_programs.MERGESORT.mergesort(MERGESORT.java:47)
	at java_programs.MERGESORT.mergesort(MERGESORT.java:47)
	at java_programs.MERGESORT.mergesort(MERGESORT.java:47)
	at java_programs.MERGESORT.mergesort(MERGESORT.java:47)
	at java_programs.MERGESORT.mergesort(MERGESORT.java:47)
	at java_programs.MERGESORT.mergesort(MERGESORT.java:47)
	at java_programs.MERGESORT.mergesort(MERGESORT.java:47)
	at java_programs.MERGESORT.mergesort(MERGESORT.java:47)
	at java_programs.MERGESORT.mergesort(MERGESORT.java:47)
	at java_programs.MERGESORT.mergesort(MERGESORT.java:47)
	at java_programs.MERGESORT.mergesort(MERGESORT.java:47)
	at java_programs.MERGESORT.mergesort(MERGESORT.java:47)
	at java_programs.MERGESORT.mergesort(MERGESORT.java:47)
	at java_programs.MERGESORT.mergesort(MERGESORT.java:47)
	at java_programs.MERGESORT.mergesort(MERGESORT.java:47)
	at java_programs.MERGESORT.mergesort(MERGESORT.java:47)
	at java_programs.MERGESORT.mergesort(MERGESORT.java:47)
	at java_programs.MERGESORT.mergesort(MERGESORT.java:47)
	at java_programs.MERGESORT.mergesort(MERGESORT.java:47)
	at java_programs.MERGESORT.mergesort(MERGESORT.java:47)
	at java_programs.MERGESORT.mergesort(MERGESORT.java:47)
	at java_programs.MERGESORT.mergesort(MERGESORT.java:47)
	at java_programs.MERGESORT.mergesort(MERGESORT.java:47)
	at java_programs.MERGESORT.mergesort(MERGESORT.java:47)
	at java_programs.MERGESORT.mergesort(MERGESORT.java:47)
	at java_programs.MERGESORT.mergesort(MERGESORT.java:47)
	at java_programs.MERGESORT.mergesort(MERGESORT.java:47)
	at java_programs.MERGESORT.mergesort(MERGESORT.java:47)
	at java_programs.MERGESORT.mergesort(MERGESORT.java:47)
	at java_programs.MERGESORT.mergesort(MERGESORT.java:47)
	at java_programs.MERGESORT.mergesort(MERGESORT.java:47)
	at java_programs.MERGESORT.mergesort(MERGESORT.java:47)
	at java_programs.MERGESORT.mergesort(MERGESORT.java:47)
	at java_programs.MERGESORT.mergesort(MERGESORT.java:47)
	at java_programs.MERGESORT.mergesort(MERGESORT.java:47)
	at java_programs.MERGESORT.mergesort(MERGESORT.java:47)
	at java_programs.MERGESORT.mergesort(MERGESORT.java:47)
	at java_programs.MERGESORT.mergesort(MERGESORT.java:47)
	at java_programs.MERGESORT.mergesort(MERGESORT.java:47)
	at java_programs.MERGESORT.mergesort(MERGESORT.java:47)
	at java_programs.MERGESORT.mergesort(MERGESORT.java:47)
	at java_programs.MERGESORT.mergesort(MERGESORT.java:47)
	at java_programs.MERGESORT.mergesort(MERGESORT.java:47)
	at java_programs.MERGESORT.mergesort(MERGESORT.java:47)
	at java_programs.MERGESORT.mergesort(MERGESORT.java:47)
	at java_programs.MERGESORT.mergesort(MERGESORT.java:47)
	at java_programs.MERGESORT.mergesort(MERGESORT.java:47)
	at java_programs.MERGESORT.mergesort(MERGESORT.java:47)
	at java_programs.MERGESORT.mergesort(MERGESORT.java:47)
	at java_programs.MERGESORT.mergesort(MERGESORT.java:47)
	at java_programs.MERGESORT.mergesort(MERGESORT.java:47)
	at java_programs.MERGESORT.mergesort(MERGESORT.java:47)
	at java_programs.MERGESORT.mergesort(MERGESORT.java:47)
	at java_programs.MERGESORT.mergesort(MERGESORT.java:47)
	at java_programs.MERGESORT.mergesort(MERGESORT.java:47)
	at java_programs.MERGESORT.mergesort(MERGESORT.java:47)
	at java_programs.MERGESORT.mergesort(MERGESORT.java:47)
	at java_programs.MERGESORT.mergesort(MERGESORT.java:47)
	at java_programs.MERGESORT.mergesort(MERGESORT.java:47)
	at java_programs.MERGESORT.mergesort(MERGESORT.java:47)
	at java_programs.MERGESORT.mergesort(MERGESORT.java:47)
	at java_programs.MERGESORT.mergesort(MERGESORT.java:47)
	at java_programs.MERGESORT.mergesort(MERGESORT.java:47)
	at java_programs.MERGESORT.mergesort(MERGESORT.java:47)
	at java_programs.MERGESORT.mergesort(MERGESORT.java:47)
	at java_programs.MERGESORT.mergesort(MERGESORT.java:47)
	at java_programs.MERGESORT.mergesort(MERGESORT.java:47)
	at java_programs.MERGESORT.mergesort(MERGESORT.java:47)
	at java_programs.MERGESORT.mergesort(MERGESORT.java:47)
	at java_programs.MERGESORT.mergesort(MERGESORT.java:47)
	at java_programs.MERGESORT.mergesort(MERGESORT.java:47)
	at java_programs.MERGESORT.mergesort(MERGESORT.java:47)
	at java_programs.MERGESORT.mergesort(MERGESORT.java:47)
	at java_programs.MERGESORT.mergesort(MERGESORT.java:47)
	at java_programs.MERGESORT.mergesort(MERGESORT.java:47)
	at java_programs.MERGESORT.mergesort(MERGESORT.java:47)
	at java_programs.MERGESORT.mergesort(MERGESORT.java:47)
	at java_programs.MERGESORT.mergesort(MERGESORT.java:47)
	at java_programs.MERGESORT.mergesort(MERGESORT.java:47)
	at java_programs.MERGESORT.mergesort(MERGESORT.java:47)
	at java_programs.MERGESORT.mergesort(MERGESORT.java:47)
	at java_programs.MERGESORT.mergesort(MERGESORT.java:47)
	at java_programs.MERGESORT.mergesort(MERGESORT.java:47)
	at java_programs.MERGESORT.mergesort(MERGESORT.java:47)
	at java_programs.MERGESORT.mergesort(MERGESORT.java:47)
	at java_programs.MERGESORT.mergesort(MERGESORT.java:47)
	at java_programs.MERGESORT.mergesort(MERGESORT.java:47)
	at java_programs.MERGESORT.mergesort(MERGESORT.java:47)
	at java_programs.MERGESORT.mergesort(MERGESORT.java:47)
	at java_programs.MERGESORT.mergesort(MERGESORT.java:47)
	at java_programs.MERGESORT.mergesort(MERGESORT.java:47)
	at java_programs.MERGESORT.mergesort(MERGESORT.java:47)
	at java_programs.MERGESORT.mergesort(MERGESORT.java:47)
	at java_programs.MERGESORT.mergesort(MERGESORT.java:47)
	at java_programs.MERGESORT.mergesort(MERGESORT.java:47)
	at java_programs.MERGESORT.mergesort(MERGESORT.java:47)
	at java_programs.MERGESORT.mergesort(MERGESORT.java:47)
	at java_programs.MERGESORT.mergesort(MERGESORT.java:47)
	at java_programs.MERGESORT.mergesort(MERGESORT.java:47)
	at java_programs.MERGESORT.mergesort(MERGESORT.java:47)
	at java_programs.MERGESORT.mergesort(MERGESORT.java:47)
	at java_programs.MERGESORT.mergesort(MERGESORT.java:47)
	at java_programs.MERGESORT.mergesort(MERGESORT.java:47)
	at java_programs.MERGESORT.mergesort(MERGESORT.java:47)
	at java_programs.MERGESORT.mergesort(MERGESORT.java:47)
	at java_programs.MERGESORT.mergesort(MERGESORT.java:47)
	at java_programs.MERGESORT.mergesort(MERGESORT.java:47)
	at java_programs.MERGESORT.mergesort(MERGESORT.java:47)
	at java_programs.MERGESORT.mergesort(MERGESORT.java:47)
	at java_programs.MERGESORT.mergesort(MERGESORT.java:47)
	at java_programs.MERGESORT.mergesort(MERGESORT.java:47)
	at java_programs.MERGESORT.mergesort(MERGESORT.java:47)
	at java_programs.MERGESORT.mergesort(MERGESORT.java:47)
	at java_programs.MERGESORT.mergesort(MERGESORT.java:47)
	at java_programs.MERGESORT.mergesort(MERGESORT.java:47)
	at java_programs.MERGESORT.mergesort(MERGESORT.java:47)
	at java_programs.MERGESORT.mergesort(MERGESORT.java:47)
	at java_programs.MERGESORT.mergesort(MERGESORT.java:47)
	at java_programs.MERGESORT.mergesort(MERGESORT.java:47)
	at java_programs.MERGESORT.mergesort(MERGESORT.java:47)
	at java_programs.MERGESORT.mergesort(MERGESORT.java:47)
	at java_programs.MERGESORT.mergesort(MERGESORT.java:47)
	at java_programs.MERGESORT.mergesort(MERGESORT.java:47)
	at java_programs.MERGESORT.mergesort(MERGESORT.java:47)
	at java_programs.MERGESORT.mergesort(MERGESORT.java:47)
	at java_programs.MERGESORT.mergesort(MERGESORT.java:47)
	at java_programs.MERGESORT.mergesort(MERGESORT.java:47)
	at java_programs.MERGESORT.mergesort(MERGESORT.java:47)
	at java_programs.MERGESORT.mergesort(MERGESORT.java:47)
	at java_programs.MERGESORT.mergesort(MERGESORT.java:47)
	at java_programs.MERGESORT.mergesort(MERGESORT.java:47)
	at java_programs.MERGESORT.mergesort(MERGESORT.java:47)
	at java_programs.MERGESORT.mergesort(MERGESORT.java:47)
	at java_programs.MERGESORT.mergesort(MERGESORT.java:47)
	at java_programs.MERGESORT.mergesort(MERGESORT.java:47)
	at java_programs.MERGESORT.mergesort(MERGESORT.java:47)
	at java_programs.MERGESORT.mergesort(MERGESORT.java:47)
	at java_programs.MERGESORT.mergesort(MERGESORT.java:47)
	at java_programs.MERGESORT.mergesort(MERGESORT.java:47)
	at java_programs.MERGESORT.mergesort(MERGESORT.java:47)
	at java_programs.MERGESORT.mergesort(MERGESORT.java:47)
	at java_programs.MERGESORT.mergesort(MERGESORT.java:47)
	at java_programs.MERGESORT.mergesort(MERGESORT.java:47)
	at java_programs.MERGESORT.mergesort(MERGESORT.java:47)
	at java_programs.MERGESORT.mergesort(MERGESORT.java:47)
	at java_programs.MERGESORT.mergesort(MERGESORT.java:47)
	at java_programs.MERGESORT.mergesort(MERGESORT.java:47)
	at java_programs.MERGESORT.mergesort(MERGESORT.java:47)
	at java_programs.MERGESORT.mergesort(MERGESORT.java:47)
	at java_programs.MERGESORT.mergesort(MERGESORT.java:47)
	at java_programs.MERGESORT.mergesort(MERGESORT.java:47)
	at java_programs.MERGESORT.mergesort(MERGESORT.java:47)
	at java_programs.MERGESORT.mergesort(MERGESORT.java:47)
	at java_programs.MERGESORT.mergesort(MERGESORT.java:47)
	at java_programs.MERGESORT.mergesort(MERGESORT.java:47)
	at java_programs.MERGESORT.mergesort(MERGESORT.java:47)
	at java_programs.MERGESORT.mergesort(MERGESORT.java:47)
	at java_programs.MERGESORT.mergesort(MERGESORT.java:47)
	at java_programs.MERGESORT.mergesort(MERGESORT.java:47)
	at java_programs.MERGESORT.mergesort(MERGESORT.java:47)
	at java_programs.MERGESORT.mergesort(MERGESORT.java:47)
	at java_programs.MERGESORT.mergesort(MERGESORT.java:47)
	at java_programs.MERGESORT.mergesort(MERGESORT.java:47)
	at java_programs.MERGESORT.mergesort(MERGESORT.java:47)
	at java_programs.MERGESORT.mergesort(MERGESORT.java:47)
	at java_programs.MERGESORT.mergesort(MERGESORT.java:47)
	at java_programs.MERGESORT.mergesort(MERGESORT.java:47)
	at java_programs.MERGESORT.mergesort(MERGESORT.java:47)
	at java_programs.MERGESORT.mergesort(MERGESORT.java:47)
	at java_programs.MERGESORT.mergesort(MERGESORT.java:47)
	at java_programs.MERGESORT.mergesort(MERGESORT.java:47)
	at java_programs.MERGESORT.mergesort(MERGESORT.java:47)
	at java_programs.MERGESORT.mergesort(MERGESORT.java:47)
	at java_programs.MERGESORT.mergesort(MERGESORT.java:47)
	at java_programs.MERGESORT.mergesort(MERGESORT.java:47)
	at java_programs.MERGESORT.mergesort(MERGESORT.java:47)
	at java_programs.MERGESORT.mergesort(MERGESORT.java:47)
	at java_programs.MERGESORT.mergesort(MERGESORT.java:47)
	at java_programs.MERGESORT.mergesort(MERGESORT.java:47)
	at java_programs.MERGESORT.mergesort(MERGESORT.java:47)
	at java_programs.MERGESORT.mergesort(MERGESORT.java:47)
	at java_programs.MERGESORT.mergesort(MERGESORT.java:47)
	at java_programs.MERGESORT.mergesort(MERGESORT.java:47)
	at java_programs.MERGESORT.mergesort(MERGESORT.java:47)
	at java_programs.MERGESORT.mergesort(MERGESORT.java:47)
	at java_programs.MERGESORT.mergesort(MERGESORT.java:47)
	at java_programs.MERGESORT.mergesort(MERGESORT.java:47)
	at java_programs.MERGESORT.mergesort(MERGESORT.java:47)
	at java_programs.MERGESORT.mergesort(MERGESORT.java:47)
	at java_programs.MERGESORT.mergesort(MERGESORT.java:47)
	at java_programs.MERGESORT.mergesort(MERGESORT.java:47)
	at java_programs.MERGESORT.mergesort(MERGESORT.java:47)
	at java_programs.MERGESORT.mergesort(MERGESORT.java:47)
	at java_programs.MERGESORT.mergesort(MERGESORT.java:47)
	at java_programs.MERGESORT.mergesort(MERGESORT.java:47)
	at java_programs.MERGESORT.mergesort(MERGESORT.java:47)
	at java_programs.MERGESORT.mergesort(MERGESORT.java:47)
	at java_programs.MERGESORT.mergesort(MERGESORT.java:47)
	at java_programs.MERGESORT.mergesort(MERGESORT.java:47)
	at java_programs.MERGESORT.mergesort(MERGESORT.java:47)
	at java_programs.MERGESORT.mergesort(MERGESORT.java:47)
	at java_programs.MERGESORT.mergesort(MERGESORT.java:47)
	at java_programs.MERGESORT.mergesort(MERGESORT.java:47)
	at java_programs.MERGESORT.mergesort(MERGESORT.java:47)
	at java_programs.MERGESORT.mergesort(MERGESORT.java:47)
	at java_programs.MERGESORT.mergesort(MERGESORT.java:47)
	at java_programs.MERGESORT.mergesort(MERGESORT.java:47)
	at java_programs.MERGESORT.mergesort(MERGESORT.java:47)
	at java_programs.MERGESORT.mergesort(MERGESORT.java:47)
	at java_programs.MERGESORT.mergesort(MERGESORT.java:47)
	at java_programs.MERGESORT.mergesort(MERGESORT.java:47)
	at java_programs.MERGESORT.mergesort(MERGESORT.java:47)
	at java_programs.MERGESORT.mergesort(MERGESORT.java:47)
	at java_programs.MERGESORT.mergesort(MERGESORT.java:47)
	at java_programs.MERGESORT.mergesort(MERGESORT.java:47)
	at java_programs.MERGESORT.mergesort(MERGESORT.java:47)
	at java_programs.MERGESORT.mergesort(MERGESORT.java:47)
	at java_programs.MERGESORT.mergesort(MERGESORT.java:47)
	at java_programs.MERGESORT.mergesort(MERGESORT.java:47)
	at java_programs.MERGESORT.mergesort(MERGESORT.java:47)
	at java_programs.MERGESORT.mergesort(MERGESORT.java:47)
	at java_programs.MERGESORT.mergesort(MERGESORT.java:47)
	at java_programs.MERGESORT.mergesort(MERGESORT.java:47)
	at java_programs.MERGESORT.mergesort(MERGESORT.java:47)
	at java_programs.MERGESORT.mergesort(MERGESORT.java:47)
	at java_programs.MERGESORT.mergesort(MERGESORT.java:47)
	at java_programs.MERGESORT.mergesort(MERGESORT.java:47)
	at java_programs.MERGESORT.mergesort(MERGESORT.java:47)
	at java_programs.MERGESORT.mergesort(MERGESORT.java:47)
	at java_programs.MERGESORT.mergesort(MERGESORT.java:47)
	at java_programs.MERGESORT.mergesort(MERGESORT.java:47)
	at java_programs.MERGESORT.mergesort(MERGESORT.java:47)
	at java_programs.MERGESORT.mergesort(MERGESORT.java:47)
	at java_programs.MERGESORT.mergesort(MERGESORT.java:47)
	at java_programs.MERGESORT.mergesort(MERGESORT.java:47)
	at java_programs.MERGESORT.mergesort(MERGESORT.java:47)
	at java_programs.MERGESORT.mergesort(MERGESORT.java:47)
	at java_programs.MERGESORT.mergesort(MERGESORT.java:47)
	at java_programs.MERGESORT.mergesort(MERGESORT.java:47)
	at java_programs.MERGESORT.mergesort(MERGESORT.java:47)
	at java_programs.MERGESORT.mergesort(MERGESORT.java:47)
	at java_programs.MERGESORT.mergesort(MERGESORT.java:47)
	at java_programs.MERGESORT.mergesort(MERGESORT.java:47)
	at java_programs.MERGESORT.mergesort(MERGESORT.java:47)
	at java_programs.MERGESORT.mergesort(MERGESORT.java:47)
	at java_programs.MERGESORT.mergesort(MERGESORT.java:47)
	at java_programs.MERGESORT.mergesort(MERGESORT.java:47)
	at java_programs.MERGESORT.mergesort(MERGESORT.java:47)
	at java_programs.MERGESORT.mergesort(MERGESORT.java:47)
	at java_programs.MERGESORT.mergesort(MERGESORT.java:47)
	at java_programs.MERGESORT.mergesort(MERGESORT.java:47)
	at java_programs.MERGESORT.mergesort(MERGESORT.java:47)
	at java_programs.MERGESORT.mergesort(MERGESORT.java:47)
	at java_programs.MERGESORT.mergesort(MERGESORT.java:47)
	at java_programs.MERGESORT.mergesort(MERGESORT.java:47)
	at java_programs.MERGESORT.mergesort(MERGESORT.java:47)
	at java_programs.MERGESORT.mergesort(MERGESORT.java:47)
	at java_programs.MERGESORT.mergesort(MERGESORT.java:47)
	at java_programs.MERGESORT.mergesort(MERGESORT.java:47)
	at java_programs.MERGESORT.mergesort(MERGESORT.java:47)
	at java_programs.MERGESORT.mergesort(MERGESORT.java:47)
	at java_programs.MERGESORT.mergesort(MERGESORT.java:47)
	at java_programs.MERGESORT.mergesort(MERGESORT.java:47)
	at java_programs.MERGESORT.mergesort(MERGESORT.java:47)
	at java_programs.MERGESORT.mergesort(MERGESORT.java:47)
	at java_programs.MERGESORT.mergesort(MERGESORT.java:47)
	at java_programs.MERGESORT.mergesort(MERGESORT.java:47)
	at java_programs.MERGESORT.mergesort(MERGESORT.java:47)
	at java_programs.MERGESORT.mergesort(MERGESORT.java:47)
	at java_programs.MERGESORT.mergesort(MERGESORT.java:47)
	at java_programs.MERGESORT.mergesort(MERGESORT.java:47)
	at java_programs.MERGESORT.mergesort(MERGESORT.java:47)
	at java_programs.MERGESORT.mergesort(MERGESORT.java:47)
	at java_programs.MERGESORT.mergesort(MERGESORT.java:47)
	at java_programs.MERGESORT.mergesort(MERGESORT.java:47)
	at java_programs.MERGESORT.mergesort(MERGESORT.java:47)
	at java_programs.MERGESORT.mergesort(MERGESORT.java:47)
	at java_programs.MERGESORT.mergesort(MERGESORT.java:47)
	at java_programs.MERGESORT.mergesort(MERGESORT.java:47)
	at java_programs.MERGESORT.mergesort(MERGESORT.java:47)
	at java_programs.MERGESORT.mergesort(MERGESORT.java:47)
	at java_programs.MERGESORT.mergesort(MERGESORT.java:47)
	at java_programs.MERGESORT.mergesort(MERGESORT.java:47)
	at java_programs.MERGESORT.mergesort(MERGESORT.java:47)
	at java_programs.MERGESORT.mergesort(MERGESORT.java:47)
	at java_programs.MERGESORT.mergesort(MERGESORT.java:47)
	at java_programs.MERGESORT.mergesort(MERGESORT.java:47)
	at java_programs.MERGESORT.mergesort(MERGESORT.java:47)
	at java_programs.MERGESORT.mergesort(MERGESORT.java:47)
	at java_programs.MERGESORT.mergesort(MERGESORT.java:47)
	at java_programs.MERGESORT.mergesort(MERGESORT.java:47)
	at java_programs.MERGESORT.mergesort(MERGESORT.java:47)
	at java_programs.MERGESORT.mergesort(MERGESORT.java:47)
	at java_programs.MERGESORT.mergesort(MERGESORT.java:47)
	at java_programs.MERGESORT.mergesort(MERGESORT.java:47)
	at java_programs.MERGESORT.mergesort(MERGESORT.java:47)
	at java_programs.MERGESORT.mergesort(MERGESORT.java:47)
	at java_programs.MERGESORT.mergesort(MERGESORT.java:47)
	at java_programs.MERGESORT.mergesort(MERGESORT.java:47)
	at java_programs.MERGESORT.mergesort(MERGESORT.java:47)
	at java_programs.MERGESORT.mergesort(MERGESORT.java:47)
	at java_programs.MERGESORT.mergesort(MERGESORT.java:47)
	at java_programs.MERGESORT.mergesort(MERGESORT.java:47)
	at java_programs.MERGESORT.mergesort(MERGESORT.java:47)
	at java_programs.MERGESORT.mergesort(MERGESORT.java:47)
	at java_programs.MERGESORT.mergesort(MERGESORT.java:47)
	at java_programs.MERGESORT.mergesort(MERGESORT.java:47)
	at java_programs.MERGESORT.mergesort(MERGESORT.java:47)
	at java_programs.MERGESORT.mergesort(MERGESORT.java:47)
	at java_programs.MERGESORT.mergesort(MERGESORT.java:47)
	at java_programs.MERGESORT.mergesort(MERGESORT.java:47)
	at java_programs.MERGESORT.mergesort(MERGESORT.java:47)
	at java_programs.MERGESORT.mergesort(MERGESORT.java:47)
	at java_programs.MERGESORT.mergesort(MERGESORT.java:47)
	at java_programs.MERGESORT.mergesort(MERGESORT.java:47)
	at java_programs.MERGESORT.mergesort(MERGESORT.java:47)
	at java_programs.MERGESORT.mergesort(MERGESORT.java:47)
	at java_programs.MERGESORT.mergesort(MERGESORT.java:47)
	at java_programs.MERGESORT.mergesort(MERGESORT.java:47)
</failure>
  </testcase>
  <testcase name="test_3" classname="java_testcases.junit.MERGESORT_TEST" time="0.092">
    <failure message="java.lang.StackOverflowError" type="java.lang.StackOverflowError">java.lang.StackOverflowError
	at java.base/java.util.ArrayList.addAll(ArrayList.java:670)
	at java_programs.MERGESORT.mergesort(MERGESORT.java:43)
	at java_programs.MERGESORT.mergesort(MERGESORT.java:47)
	at java_programs.MERGESORT.mergesort(MERGESORT.java:47)
	at java_programs.MERGESORT.mergesort(MERGESORT.java:47)
	at java_programs.MERGESORT.mergesort(MERGESORT.java:47)
	at java_programs.MERGESORT.mergesort(MERGESORT.java:47)
	at java_programs.MERGESORT.mergesort(MERGESORT.java:47)
	at java_programs.MERGESORT.mergesort(MERGESORT.java:47)
	at java_programs.MERGESORT.mergesort(MERGESORT.java:47)
	at java_programs.MERGESORT.mergesort(MERGESORT.java:47)
	at java_programs.MERGESORT.mergesort(MERGESORT.java:47)
	at java_programs.MERGESORT.mergesort(MERGESORT.java:47)
	at java_programs.MERGESORT.mergesort(MERGESORT.java:47)
	at java_programs.MERGESORT.mergesort(MERGESORT.java:47)
	at java_programs.MERGESORT.mergesort(MERGESORT.java:47)
	at java_programs.MERGESORT.mergesort(MERGESORT.java:47)
	at java_programs.MERGESORT.mergesort(MERGESORT.java:47)
	at java_programs.MERGESORT.mergesort(MERGESORT.java:47)
	at java_programs.MERGESORT.mergesort(MERGESORT.java:47)
	at java_programs.MERGESORT.mergesort(MERGESORT.java:47)
	at java_programs.MERGESORT.mergesort(MERGESORT.java:47)
	at java_programs.MERGESORT.mergesort(MERGESORT.java:47)
	at java_programs.MERGESORT.mergesort(MERGESORT.java:47)
	at java_programs.MERGESORT.mergesort(MERGESORT.java:47)
	at java_programs.MERGESORT.mergesort(MERGESORT.java:47)
	at java_programs.MERGESORT.mergesort(MERGESORT.java:47)
	at java_programs.MERGESORT.mergesort(MERGESORT.java:47)
	at java_programs.MERGESORT.mergesort(MERGESORT.java:47)
	at java_programs.MERGESORT.mergesort(MERGESORT.java:47)
	at java_programs.MERGESORT.mergesort(MERGESORT.java:47)
	at java_programs.MERGESORT.mergesort(MERGESORT.java:47)
	at java_programs.MERGESORT.mergesort(MERGESORT.java:47)
	at java_programs.MERGESORT.mergesort(MERGESORT.java:47)
	at java_programs.MERGESORT.mergesort(MERGESORT.java:47)
	at java_programs.MERGESORT.mergesort(MERGESORT.java:47)
	at java_programs.MERGESORT.mergesort(MERGESORT.java:47)
	at java_programs.MERGESORT.mergesort(MERGESORT.java:47)
	at java_programs.MERGESORT.mergesort(MERGESORT.java:47)
	at java_programs.MERGESORT.mergesort(MERGESORT.java:47)
	at java_programs.MERGESORT.mergesort(MERGESORT.java:47)
	at java_programs.MERGESORT.mergesort(MERGESORT.java:47)
	at java_programs.MERGESORT.mergesort(MERGESORT.java:47)
	at java_programs.MERGESORT.mergesort(MERGESORT.java:47)
	at java_programs.MERGESORT.mergesort(MERGESORT.java:47)
	at java_programs.MERGESORT.mergesort(MERGESORT.java:47)
	at java_programs.MERGESORT.mergesort(MERGESORT.java:47)
	at java_programs.MERGESORT.mergesort(MERGESORT.java:47)
	at java_programs.MERGESORT.mergesort(MERGESORT.java:47)
	at java_programs.MERGESORT.mergesort(MERGESORT.java:47)
	at java_programs.MERGESORT.mergesort(MERGESORT.java:47)
	at java_programs.MERGESORT.mergesort(MERGESORT.java:47)
	at java_programs.MERGESORT.mergesort(MERGESORT.java:47)
	at java_programs.MERGESORT.mergesort(MERGESORT.java:47)
	at java_programs.MERGESORT.mergesort(MERGESORT.java:47)
	at java_programs.MERGESORT.mergesort(MERGESORT.java:47)
	at java_programs.MERGESORT.mergesort(MERGESORT.java:47)
	at java_programs.MERGESORT.mergesort(MERGESORT.java:47)
	at java_programs.MERGESORT.mergesort(MERGESORT.java:47)
	at java_programs.MERGESORT.mergesort(MERGESORT.java:47)
	at java_programs.MERGESORT.mergesort(MERGESORT.java:47)
	at java_programs.MERGESORT.mergesort(MERGESORT.java:47)
	at java_programs.MERGESORT.mergesort(MERGESORT.java:47)
	at java_programs.MERGESORT.mergesort(MERGESORT.java:47)
	at java_programs.MERGESORT.mergesort(MERGESORT.java:47)
	at java_programs.MERGESORT.mergesort(MERGESORT.java:47)
	at java_programs.MERGESORT.mergesort(MERGESORT.java:47)
	at java_programs.MERGESORT.mergesort(MERGESORT.java:47)
	at java_programs.MERGESORT.mergesort(MERGESORT.java:47)
	at java_programs.MERGESORT.mergesort(MERGESORT.java:47)
	at java_programs.MERGESORT.mergesort(MERGESORT.java:47)
	at java_programs.MERGESORT.mergesort(MERGESORT.java:47)
	at java_programs.MERGESORT.mergesort(MERGESORT.java:47)
	at java_programs.MERGESORT.mergesort(MERGESORT.java:47)
	at java_programs.MERGESORT.mergesort(MERGESORT.java:47)
	at java_programs.MERGESORT.mergesort(MERGESORT.java:47)
	at java_programs.MERGESORT.mergesort(MERGESORT.java:47)
	at java_programs.MERGESORT.mergesort(MERGESORT.java:47)
	at java_programs.MERGESORT.mergesort(MERGESORT.java:47)
	at java_programs.MERGESORT.mergesort(MERGESORT.java:47)
	at java_programs.MERGESORT.mergesort(MERGESORT.java:47)
	at java_programs.MERGESORT.mergesort(MERGESORT.java:47)
	at java_programs.MERGESORT.mergesort(MERGESORT.java:47)
	at java_programs.MERGESORT.mergesort(MERGESORT.java:47)
	at java_programs.MERGESORT.mergesort(MERGESORT.java:47)
	at java_programs.MERGESORT.mergesort(MERGESORT.java:47)
	at java_programs.MERGESORT.mergesort(MERGESORT.java:47)
	at java_programs.MERGESORT.mergesort(MERGESORT.java:47)
	at java_programs.MERGESORT.mergesort(MERGESORT.java:47)
	at java_programs.MERGESORT.mergesort(MERGESORT.java:47)
	at java_programs.MERGESORT.mergesort(MERGESORT.java:47)
	at java_programs.MERGESORT.mergesort(MERGESORT.java:47)
	at java_programs.MERGESORT.mergesort(MERGESORT.java:47)
	at java_programs.MERGESORT.mergesort(MERGESORT.java:47)
	at java_programs.MERGESORT.mergesort(MERGESORT.java:47)
	at java_programs.MERGESORT.mergesort(MERGESORT.java:47)
	at java_programs.MERGESORT.mergesort(MERGESORT.java:47)
	at java_programs.MERGESORT.mergesort(MERGESORT.java:47)
	at java_programs.MERGESORT.mergesort(MERGESORT.java:47)
	at java_programs.MERGESORT.mergesort(MERGESORT.java:47)
	at java_programs.MERGESORT.mergesort(MERGESORT.java:47)
	at java_programs.MERGESORT.mergesort(MERGESORT.java:47)
	at java_programs.MERGESORT.mergesort(MERGESORT.java:47)
	at java_programs.MERGESORT.mergesort(MERGESORT.java:47)
	at java_programs.MERGESORT.mergesort(MERGESORT.java:47)
	at java_programs.MERGESORT.mergesort(MERGESORT.java:47)
	at java_programs.MERGESORT.mergesort(MERGESORT.java:47)
	at java_programs.MERGESORT.mergesort(MERGESORT.java:47)
	at java_programs.MERGESORT.mergesort(MERGESORT.java:47)
	at java_programs.MERGESORT.mergesort(MERGESORT.java:47)
	at java_programs.MERGESORT.mergesort(MERGESORT.java:47)
	at java_programs.MERGESORT.mergesort(MERGESORT.java:47)
	at java_programs.MERGESORT.mergesort(MERGESORT.java:47)
	at java_programs.MERGESORT.mergesort(MERGESORT.java:47)
	at java_programs.MERGESORT.mergesort(MERGESORT.java:47)
	at java_programs.MERGESORT.mergesort(MERGESORT.java:47)
	at java_programs.MERGESORT.mergesort(MERGESORT.java:47)
	at java_programs.MERGESORT.mergesort(MERGESORT.java:47)
	at java_programs.MERGESORT.mergesort(MERGESORT.java:47)
	at java_programs.MERGESORT.mergesort(MERGESORT.java:47)
	at java_programs.MERGESORT.mergesort(MERGESORT.java:47)
	at java_programs.MERGESORT.mergesort(MERGESORT.java:47)
	at java_programs.MERGESORT.mergesort(MERGESORT.java:47)
	at java_programs.MERGESORT.mergesort(MERGESORT.java:47)
	at java_programs.MERGESORT.mergesort(MERGESORT.java:47)
	at java_programs.MERGESORT.mergesort(MERGESORT.java:47)
	at java_programs.MERGESORT.mergesort(MERGESORT.java:47)
	at java_programs.MERGESORT.mergesort(MERGESORT.java:47)
	at java_programs.MERGESORT.mergesort(MERGESORT.java:47)
	at java_programs.MERGESORT.mergesort(MERGESORT.java:47)
	at java_programs.MERGESORT.mergesort(MERGESORT.java:47)
	at java_programs.MERGESORT.mergesort(MERGESORT.java:47)
	at java_programs.MERGESORT.mergesort(MERGESORT.java:47)
	at java_programs.MERGESORT.mergesort(MERGESORT.java:47)
	at java_programs.MERGESORT.mergesort(MERGESORT.java:47)
	at java_programs.MERGESORT.mergesort(MERGESORT.java:47)
	at java_programs.MERGESORT.mergesort(MERGESORT.java:47)
	at java_programs.MERGESORT.mergesort(MERGESORT.java:47)
	at java_programs.MERGESORT.mergesort(MERGESORT.java:47)
	at java_programs.MERGESORT.mergesort(MERGESORT.java:47)
	at java_programs.MERGESORT.mergesort(MERGESORT.java:47)
	at java_programs.MERGESORT.mergesort(MERGESORT.java:47)
	at java_programs.MERGESORT.mergesort(MERGESORT.java:47)
	at java_programs.MERGESORT.mergesort(MERGESORT.java:47)
	at java_programs.MERGESORT.mergesort(MERGESORT.java:47)
	at java_programs.MERGESORT.mergesort(MERGESORT.java:47)
	at java_programs.MERGESORT.mergesort(MERGESORT.java:47)
	at java_programs.MERGESORT.mergesort(MERGESORT.java:47)
	at java_programs.MERGESORT.mergesort(MERGESORT.java:47)
	at java_programs.MERGESORT.mergesort(MERGESORT.java:47)
	at java_programs.MERGESORT.mergesort(MERGESORT.java:47)
	at java_programs.MERGESORT.mergesort(MERGESORT.java:47)
	at java_programs.MERGESORT.mergesort(MERGESORT.java:47)
	at java_programs.MERGESORT.mergesort(MERGESORT.java:47)
	at java_programs.MERGESORT.mergesort(MERGESORT.java:47)
	at java_programs.MERGESORT.mergesort(MERGESORT.java:47)
	at java_programs.MERGESORT.mergesort(MERGESORT.java:47)
	at java_programs.MERGESORT.mergesort(MERGESORT.java:47)
	at java_programs.MERGESORT.mergesort(MERGESORT.java:47)
	at java_programs.MERGESORT.mergesort(MERGESORT.java:47)
	at java_programs.MERGESORT.mergesort(MERGESORT.java:47)
	at java_programs.MERGESORT.mergesort(MERGESORT.java:47)
	at java_programs.MERGESORT.mergesort(MERGESORT.java:47)
	at java_programs.MERGESORT.mergesort(MERGESORT.java:47)
	at java_programs.MERGESORT.mergesort(MERGESORT.java:47)
	at java_programs.MERGESORT.mergesort(MERGESORT.java:47)
	at java_programs.MERGESORT.mergesort(MERGESORT.java:47)
	at java_programs.MERGESORT.mergesort(MERGESORT.java:47)
	at java_programs.MERGESORT.mergesort(MERGESORT.java:47)
	at java_programs.MERGESORT.mergesort(MERGESORT.java:47)
	at java_programs.MERGESORT.mergesort(MERGESORT.java:47)
	at java_programs.MERGESORT.mergesort(MERGESORT.java:47)
	at java_programs.MERGESORT.mergesort(MERGESORT.java:47)
	at java_programs.MERGESORT.mergesort(MERGESORT.java:47)
	at java_programs.MERGESORT.mergesort(MERGESORT.java:47)
	at java_programs.MERGESORT.mergesort(MERGESORT.java:47)
	at java_programs.MERGESORT.mergesort(MERGESORT.java:47)
	at java_programs.MERGESORT.mergesort(MERGESORT.java:47)
	at java_programs.MERGESORT.mergesort(MERGESORT.java:47)
	at java_programs.MERGESORT.mergesort(MERGESORT.java:47)
	at java_programs.MERGESORT.mergesort(MERGESORT.java:47)
	at java_programs.MERGESORT.mergesort(MERGESORT.java:47)
	at java_programs.MERGESORT.mergesort(MERGESORT.java:47)
	at java_programs.MERGESORT.mergesort(MERGESORT.java:47)
	at java_programs.MERGESORT.mergesort(MERGESORT.java:47)
	at java_programs.MERGESORT.mergesort(MERGESORT.java:47)
	at java_programs.MERGESORT.mergesort(MERGESORT.java:47)
	at java_programs.MERGESORT.mergesort(MERGESORT.java:47)
	at java_programs.MERGESORT.mergesort(MERGESORT.java:47)
	at java_programs.MERGESORT.mergesort(MERGESORT.java:47)
	at java_programs.MERGESORT.mergesort(MERGESORT.java:47)
	at java_programs.MERGESORT.mergesort(MERGESORT.java:47)
	at java_programs.MERGESORT.mergesort(MERGESORT.java:47)
	at java_programs.MERGESORT.mergesort(MERGESORT.java:47)
	at java_programs.MERGESORT.mergesort(MERGESORT.java:47)
	at java_programs.MERGESORT.mergesort(MERGESORT.java:47)
	at java_programs.MERGESORT.mergesort(MERGESORT.java:47)
	at java_programs.MERGESORT.mergesort(MERGESORT.java:47)
	at java_programs.MERGESORT.mergesort(MERGESORT.java:47)
	at java_programs.MERGESORT.mergesort(MERGESORT.java:47)
	at java_programs.MERGESORT.mergesort(MERGESORT.java:47)
	at java_programs.MERGESORT.mergesort(MERGESORT.java:47)
	at java_programs.MERGESORT.mergesort(MERGESORT.java:47)
	at java_programs.MERGESORT.mergesort(MERGESORT.java:47)
	at java_programs.MERGESORT.mergesort(MERGESORT.java:47)
	at java_programs.MERGESORT.mergesort(MERGESORT.java:47)
	at java_programs.MERGESORT.mergesort(MERGESORT.java:47)
	at java_programs.MERGESORT.mergesort(MERGESORT.java:47)
	at java_programs.MERGESORT.mergesort(MERGESORT.java:47)
	at java_programs.MERGESORT.mergesort(MERGESORT.java:47)
	at java_programs.MERGESORT.mergesort(MERGESORT.java:47)
	at java_programs.MERGESORT.mergesort(MERGESORT.java:47)
	at java_programs.MERGESORT.mergesort(MERGESORT.java:47)
	at java_programs.MERGESORT.mergesort(MERGESORT.java:47)
	at java_programs.MERGESORT.mergesort(MERGESORT.java:47)
	at java_programs.MERGESORT.mergesort(MERGESORT.java:47)
	at java_programs.MERGESORT.mergesort(MERGESORT.java:47)
	at java_programs.MERGESORT.mergesort(MERGESORT.java:47)
	at java_programs.MERGESORT.mergesort(MERGESORT.java:47)
	at java_programs.MERGESORT.mergesort(MERGESORT.java:47)
	at java_programs.MERGESORT.mergesort(MERGESORT.java:47)
	at java_programs.MERGESORT.mergesort(MERGESORT.java:47)
	at java_programs.MERGESORT.mergesort(MERGESORT.java:47)
	at java_programs.MERGESORT.mergesort(MERGESORT.java:47)
	at java_programs.MERGESORT.mergesort(MERGESORT.java:47)
	at java_programs.MERGESORT.mergesort(MERGESORT.java:47)
	at java_programs.MERGESORT.mergesort(MERGESORT.java:47)
	at java_programs.MERGESORT.mergesort(MERGESORT.java:47)
	at java_programs.MERGESORT.mergesort(MERGESORT.java:47)
	at java_programs.MERGESORT.mergesort(MERGESORT.java:47)
	at java_programs.MERGESORT.mergesort(MERGESORT.java:47)
	at java_programs.MERGESORT.mergesort(MERGESORT.java:47)
	at java_programs.MERGESORT.mergesort(MERGESORT.java:47)
	at java_programs.MERGESORT.mergesort(MERGESORT.java:47)
	at java_programs.MERGESORT.mergesort(MERGESORT.java:47)
	at java_programs.MERGESORT.mergesort(MERGESORT.java:47)
	at java_programs.MERGESORT.mergesort(MERGESORT.java:47)
	at java_programs.MERGESORT.mergesort(MERGESORT.java:47)
	at java_programs.MERGESORT.mergesort(MERGESORT.java:47)
	at java_programs.MERGESORT.mergesort(MERGESORT.java:47)
	at java_programs.MERGESORT.mergesort(MERGESORT.java:47)
	at java_programs.MERGESORT.mergesort(MERGESORT.java:47)
	at java_programs.MERGESORT.mergesort(MERGESORT.java:47)
	at java_programs.MERGESORT.mergesort(MERGESORT.java:47)
	at java_programs.MERGESORT.mergesort(MERGESORT.java:47)
	at java_programs.MERGESORT.mergesort(MERGESORT.java:47)
	at java_programs.MERGESORT.mergesort(MERGESORT.java:47)
	at java_programs.MERGESORT.mergesort(MERGESORT.java:47)
	at java_programs.MERGESORT.mergesort(MERGESORT.java:47)
	at java_programs.MERGESORT.mergesort(MERGESORT.java:47)
	at java_programs.MERGESORT.mergesort(MERGESORT.java:47)
	at java_programs.MERGESORT.mergesort(MERGESORT.java:47)
	at java_programs.MERGESORT.mergesort(MERGESORT.java:47)
	at java_programs.MERGESORT.mergesort(MERGESORT.java:47)
	at java_programs.MERGESORT.mergesort(MERGESORT.java:47)
	at java_programs.MERGESORT.mergesort(MERGESORT.java:47)
	at java_programs.MERGESORT.mergesort(MERGESORT.java:47)
	at java_programs.MERGESORT.mergesort(MERGESORT.java:47)
	at java_programs.MERGESORT.mergesort(MERGESORT.java:47)
	at java_programs.MERGESORT.mergesort(MERGESORT.java:47)
	at java_programs.MERGESORT.mergesort(MERGESORT.java:47)
	at java_programs.MERGESORT.mergesort(MERGESORT.java:47)
	at java_programs.MERGESORT.mergesort(MERGESORT.java:47)
	at java_programs.MERGESORT.mergesort(MERGESORT.java:47)
	at java_programs.MERGESORT.mergesort(MERGESORT.java:47)
	at java_programs.MERGESORT.mergesort(MERGESORT.java:47)
	at java_programs.MERGESORT.mergesort(MERGESORT.java:47)
	at java_programs.MERGESORT.mergesort(MERGESORT.java:47)
	at java_programs.MERGESORT.mergesort(MERGESORT.java:47)
	at java_programs.MERGESORT.mergesort(MERGESORT.java:47)
	at java_programs.MERGESORT.mergesort(MERGESORT.java:47)
	at java_programs.MERGESORT.mergesort(MERGESORT.java:47)
	at java_programs.MERGESORT.mergesort(MERGESORT.java:47)
	at java_programs.MERGESORT.mergesort(MERGESORT.java:47)
	at java_programs.MERGESORT.mergesort(MERGESORT.java:47)
	at java_programs.MERGESORT.mergesort(MERGESORT.java:47)
	at java_programs.MERGESORT.mergesort(MERGESORT.java:47)
	at java_programs.MERGESORT.mergesort(MERGESORT.java:47)
	at java_programs.MERGESORT.mergesort(MERGESORT.java:47)
	at java_programs.MERGESORT.mergesort(MERGESORT.java:47)
	at java_programs.MERGESORT.mergesort(MERGESORT.java:47)
	at java_programs.MERGESORT.mergesort(MERGESORT.java:47)
	at java_programs.MERGESORT.mergesort(MERGESORT.java:47)
	at java_programs.MERGESORT.mergesort(MERGESORT.java:47)
	at java_programs.MERGESORT.mergesort(MERGESORT.java:47)
	at java_programs.MERGESORT.mergesort(MERGESORT.java:47)
	at java_programs.MERGESORT.mergesort(MERGESORT.java:47)
	at java_programs.MERGESORT.mergesort(MERGESORT.java:47)
	at java_programs.MERGESORT.mergesort(MERGESORT.java:47)
	at java_programs.MERGESORT.mergesort(MERGESORT.java:47)
	at java_programs.MERGESORT.mergesort(MERGESORT.java:47)
	at java_programs.MERGESORT.mergesort(MERGESORT.java:47)
	at java_programs.MERGESORT.mergesort(MERGESORT.java:47)
	at java_programs.MERGESORT.mergesort(MERGESORT.java:47)
	at java_programs.MERGESORT.mergesort(MERGESORT.java:47)
	at java_programs.MERGESORT.mergesort(MERGESORT.java:47)
	at java_programs.MERGESORT.mergesort(MERGESORT.java:47)
	at java_programs.MERGESORT.mergesort(MERGESORT.java:47)
	at java_programs.MERGESORT.mergesort(MERGESORT.java:47)
	at java_programs.MERGESORT.mergesort(MERGESORT.java:47)
	at java_programs.MERGESORT.mergesort(MERGESORT.java:47)
	at java_programs.MERGESORT.mergesort(MERGESORT.java:47)
	at java_programs.MERGESORT.mergesort(MERGESORT.java:47)
	at java_programs.MERGESORT.mergesort(MERGESORT.java:47)
	at java_programs.MERGESORT.mergesort(MERGESORT.java:47)
	at java_programs.MERGESORT.mergesort(MERGESORT.java:47)
	at java_programs.MERGESORT.mergesort(MERGESORT.java:47)
	at java_programs.MERGESORT.mergesort(MERGESORT.java:47)
	at java_programs.MERGESORT.mergesort(MERGESORT.java:47)
	at java_programs.MERGESORT.mergesort(MERGESORT.java:47)
	at java_programs.MERGESORT.mergesort(MERGESORT.java:47)
	at java_programs.MERGESORT.mergesort(MERGESORT.java:47)
	at java_programs.MERGESORT.mergesort(MERGESORT.java:47)
	at java_programs.MERGESORT.mergesort(MERGESORT.java:47)
	at java_programs.MERGESORT.mergesort(MERGESORT.java:47)
	at java_programs.MERGESORT.mergesort(MERGESORT.java:47)
	at java_programs.MERGESORT.mergesort(MERGESORT.java:47)
	at java_programs.MERGESORT.mergesort(MERGESORT.java:47)
	at java_programs.MERGESORT.mergesort(MERGESORT.java:47)
	at java_programs.MERGESORT.mergesort(MERGESORT.java:47)
	at java_programs.MERGESORT.mergesort(MERGESORT.java:47)
	at java_programs.MERGESORT.mergesort(MERGESORT.java:47)
	at java_programs.MERGESORT.mergesort(MERGESORT.java:47)
	at java_programs.MERGESORT.mergesort(MERGESORT.java:47)
	at java_programs.MERGESORT.mergesort(MERGESORT.java:47)
	at java_programs.MERGESORT.mergesort(MERGESORT.java:47)
	at java_programs.MERGESORT.mergesort(MERGESORT.java:47)
	at java_programs.MERGESORT.mergesort(MERGESORT.java:47)
	at java_programs.MERGESORT.mergesort(MERGESORT.java:47)
	at java_programs.MERGESORT.mergesort(MERGESORT.java:47)
	at java_programs.MERGESORT.mergesort(MERGESORT.java:47)
	at java_programs.MERGESORT.mergesort(MERGESORT.java:47)
	at java_programs.MERGESORT.mergesort(MERGESORT.java:47)
	at java_programs.MERGESORT.mergesort(MERGESORT.java:47)
	at java_programs.MERGESORT.mergesort(MERGESORT.java:47)
	at java_programs.MERGESORT.mergesort(MERGESORT.java:47)
	at java_programs.MERGESORT.mergesort(MERGESORT.java:47)
	at java_programs.MERGESORT.mergesort(MERGESORT.java:47)
	at java_programs.MERGESORT.mergesort(MERGESORT.java:47)
	at java_programs.MERGESORT.mergesort(MERGESORT.java:47)
	at java_programs.MERGESORT.mergesort(MERGESORT.java:47)
	at java_programs.MERGESORT.mergesort(MERGESORT.java:47)
	at java_programs.MERGESORT.mergesort(MERGESORT.java:47)
	at java_programs.MERGESORT.mergesort(MERGESORT.java:47)
	at java_programs.MERGESORT.mergesort(MERGESORT.java:47)
	at java_programs.MERGESORT.mergesort(MERGESORT.java:47)
	at java_programs.MERGESORT.mergesort(MERGESORT.java:47)
	at java_programs.MERGESORT.mergesort(MERGESORT.java:47)
	at java_programs.MERGESORT.mergesort(MERGESORT.java:47)
	at java_programs.MERGESORT.mergesort(MERGESORT.java:47)
	at java_programs.MERGESORT.mergesort(MERGESORT.java:47)
	at java_programs.MERGESORT.mergesort(MERGESORT.java:47)
	at java_programs.MERGESORT.mergesort(MERGESORT.java:47)
	at java_programs.MERGESORT.mergesort(MERGESORT.java:47)
	at java_programs.MERGESORT.mergesort(MERGESORT.java:47)
	at java_programs.MERGESORT.mergesort(MERGESORT.java:47)
	at java_programs.MERGESORT.mergesort(MERGESORT.java:47)
	at java_programs.MERGESORT.mergesort(MERGESORT.java:47)
	at java_programs.MERGESORT.mergesort(MERGESORT.java:47)
	at java_programs.MERGESORT.mergesort(MERGESORT.java:47)
	at java_programs.MERGESORT.mergesort(MERGESORT.java:47)
	at java_programs.MERGESORT.mergesort(MERGESORT.java:47)
	at java_programs.MERGESORT.mergesort(MERGESORT.java:47)
	at java_programs.MERGESORT.mergesort(MERGESORT.java:47)
	at java_programs.MERGESORT.mergesort(MERGESORT.java:47)
	at java_programs.MERGESORT.mergesort(MERGESORT.java:47)
	at java_programs.MERGESORT.mergesort(MERGESORT.java:47)
	at java_programs.MERGESORT.mergesort(MERGESORT.java:47)
	at java_programs.MERGESORT.mergesort(MERGESORT.java:47)
	at java_programs.MERGESORT.mergesort(MERGESORT.java:47)
	at java_programs.MERGESORT.mergesort(MERGESORT.java:47)
	at java_programs.MERGESORT.mergesort(MERGESORT.java:47)
	at java_programs.MERGESORT.mergesort(MERGESORT.java:47)
	at java_programs.MERGESORT.mergesort(MERGESORT.java:47)
	at java_programs.MERGESORT.mergesort(MERGESORT.java:47)
	at java_programs.MERGESORT.mergesort(MERGESORT.java:47)
	at java_programs.MERGESORT.mergesort(MERGESORT.java:47)
	at java_programs.MERGESORT.mergesort(MERGESORT.java:47)
	at java_programs.MERGESORT.mergesort(MERGESORT.java:47)
	at java_programs.MERGESORT.mergesort(MERGESORT.java:47)
	at java_programs.MERGESORT.mergesort(MERGESORT.java:47)
	at java_programs.MERGESORT.mergesort(MERGESORT.java:47)
	at java_programs.MERGESORT.mergesort(MERGESORT.java:47)
	at java_programs.MERGESORT.mergesort(MERGESORT.java:47)
	at java_programs.MERGESORT.mergesort(MERGESORT.java:47)
	at java_programs.MERGESORT.mergesort(MERGESORT.java:47)
	at java_programs.MERGESORT.mergesort(MERGESORT.java:47)
	at java_programs.MERGESORT.mergesort(MERGESORT.java:47)
	at java_programs.MERGESORT.mergesort(MERGESORT.java:47)
	at java_programs.MERGESORT.mergesort(MERGESORT.java:47)
	at java_programs.MERGESORT.mergesort(MERGESORT.java:47)
	at java_programs.MERGESORT.mergesort(MERGESORT.java:47)
	at java_programs.MERGESORT.mergesort(MERGESORT.java:47)
	at java_programs.MERGESORT.mergesort(MERGESORT.java:47)
	at java_programs.MERGESORT.mergesort(MERGESORT.java:47)
	at java_programs.MERGESORT.mergesort(MERGESORT.java:47)
	at java_programs.MERGESORT.mergesort(MERGESORT.java:47)
	at java_programs.MERGESORT.mergesort(MERGESORT.java:47)
	at java_programs.MERGESORT.mergesort(MERGESORT.java:47)
	at java_programs.MERGESORT.mergesort(MERGESORT.java:47)
	at java_programs.MERGESORT.mergesort(MERGESORT.java:47)
	at java_programs.MERGESORT.mergesort(MERGESORT.java:47)
	at java_programs.MERGESORT.mergesort(MERGESORT.java:47)
	at java_programs.MERGESORT.mergesort(MERGESORT.java:47)
	at java_programs.MERGESORT.mergesort(MERGESORT.java:47)
	at java_programs.MERGESORT.mergesort(MERGESORT.java:47)
	at java_programs.MERGESORT.mergesort(MERGESORT.java:47)
	at java_programs.MERGESORT.mergesort(MERGESORT.java:47)
	at java_programs.MERGESORT.mergesort(MERGESORT.java:47)
	at java_programs.MERGESORT.mergesort(MERGESORT.java:47)
	at java_programs.MERGESORT.mergesort(MERGESORT.java:47)
	at java_programs.MERGESORT.mergesort(MERGESORT.java:47)
	at java_programs.MERGESORT.mergesort(MERGESORT.java:47)
	at java_programs.MERGESORT.mergesort(MERGESORT.java:47)
	at java_programs.MERGESORT.mergesort(MERGESORT.java:47)
	at java_programs.MERGESORT.mergesort(MERGESORT.java:47)
	at java_programs.MERGESORT.mergesort(MERGESORT.java:47)
	at java_programs.MERGESORT.mergesort(MERGESORT.java:47)
	at java_programs.MERGESORT.mergesort(MERGESORT.java:47)
	at java_programs.MERGESORT.mergesort(MERGESORT.java:47)
	at java_programs.MERGESORT.mergesort(MERGESORT.java:47)
	at java_programs.MERGESORT.mergesort(MERGESORT.java:47)
	at java_programs.MERGESORT.mergesort(MERGESORT.java:47)
	at java_programs.MERGESORT.mergesort(MERGESORT.java:47)
	at java_programs.MERGESORT.mergesort(MERGESORT.java:47)
	at java_programs.MERGESORT.mergesort(MERGESORT.java:47)
	at java_programs.MERGESORT.mergesort(MERGESORT.java:47)
	at java_programs.MERGESORT.mergesort(MERGESORT.java:47)
	at java_programs.MERGESORT.mergesort(MERGESORT.java:47)
	at java_programs.MERGESORT.mergesort(MERGESORT.java:47)
	at java_programs.MERGESORT.mergesort(MERGESORT.java:47)
	at java_programs.MERGESORT.mergesort(MERGESORT.java:47)
	at java_programs.MERGESORT.mergesort(MERGESORT.java:47)
	at java_programs.MERGESORT.mergesort(MERGESORT.java:47)
	at java_programs.MERGESORT.mergesort(MERGESORT.java:47)
	at java_programs.MERGESORT.mergesort(MERGESORT.java:47)
	at java_programs.MERGESORT.mergesort(MERGESORT.java:47)
	at java_programs.MERGESORT.mergesort(MERGESORT.java:47)
	at java_programs.MERGESORT.mergesort(MERGESORT.java:47)
	at java_programs.MERGESORT.mergesort(MERGESORT.java:47)
	at java_programs.MERGESORT.mergesort(MERGESORT.java:47)
	at java_programs.MERGESORT.mergesort(MERGESORT.java:47)
	at java_programs.MERGESORT.mergesort(MERGESORT.java:47)
	at java_programs.MERGESORT.mergesort(MERGESORT.java:47)
	at java_programs.MERGESORT.mergesort(MERGESORT.java:47)
	at java_programs.MERGESORT.mergesort(MERGESORT.java:47)
	at java_programs.MERGESORT.mergesort(MERGESORT.java:47)
	at java_programs.MERGESORT.mergesort(MERGESORT.java:47)
	at java_programs.MERGESORT.mergesort(MERGESORT.java:47)
	at java_programs.MERGESORT.mergesort(MERGESORT.java:47)
	at java_programs.MERGESORT.mergesort(MERGESORT.java:47)
	at java_programs.MERGESORT.mergesort(MERGESORT.java:47)
	at java_programs.MERGESORT.mergesort(MERGESORT.java:47)
	at java_programs.MERGESORT.mergesort(MERGESORT.java:47)
	at java_programs.MERGESORT.mergesort(MERGESORT.java:47)
	at java_programs.MERGESORT.mergesort(MERGESORT.java:47)
	at java_programs.MERGESORT.mergesort(MERGESORT.java:47)
	at java_programs.MERGESORT.mergesort(MERGESORT.java:47)
	at java_programs.MERGESORT.mergesort(MERGESORT.java:47)
	at java_programs.MERGESORT.mergesort(MERGESORT.java:47)
	at java_programs.MERGESORT.mergesort(MERGESORT.java:47)
	at java_programs.MERGESORT.mergesort(MERGESORT.java:47)
	at java_programs.MERGESORT.mergesort(MERGESORT.java:47)
	at java_programs.MERGESORT.mergesort(MERGESORT.java:47)
	at java_programs.MERGESORT.mergesort(MERGESORT.java:47)
	at java_programs.MERGESORT.mergesort(MERGESORT.java:47)
	at java_programs.MERGESORT.mergesort(MERGESORT.java:47)
	at java_programs.MERGESORT.mergesort(MERGESORT.java:47)
	at java_programs.MERGESORT.mergesort(MERGESORT.java:47)
	at java_programs.MERGESORT.mergesort(MERGESORT.java:47)
	at java_programs.MERGESORT.mergesort(MERGESORT.java:47)
	at java_programs.MERGESORT.mergesort(MERGESORT.java:47)
	at java_programs.MERGESORT.mergesort(MERGESORT.java:47)
	at java_programs.MERGESORT.mergesort(MERGESORT.java:47)
	at java_programs.MERGESORT.mergesort(MERGESORT.java:47)
	at java_programs.MERGESORT.mergesort(MERGESORT.java:47)
	at java_programs.MERGESORT.mergesort(MERGESORT.java:47)
	at java_programs.MERGESORT.mergesort(MERGESORT.java:47)
	at java_programs.MERGESORT.mergesort(MERGESORT.java:47)
	at java_programs.MERGESORT.mergesort(MERGESORT.java:47)
	at java_programs.MERGESORT.mergesort(MERGESORT.java:47)
	at java_programs.MERGESORT.mergesort(MERGESORT.java:47)
	at java_programs.MERGESORT.mergesort(MERGESORT.java:47)
	at java_programs.MERGESORT.mergesort(MERGESORT.java:47)
	at java_programs.MERGESORT.mergesort(MERGESORT.java:47)
	at java_programs.MERGESORT.mergesort(MERGESORT.java:47)
	at java_programs.MERGESORT.mergesort(MERGESORT.java:47)
	at java_programs.MERGESORT.mergesort(MERGESORT.java:47)
	at java_programs.MERGESORT.mergesort(MERGESORT.java:47)
	at java_programs.MERGESORT.mergesort(MERGESORT.java:47)
	at java_programs.MERGESORT.mergesort(MERGESORT.java:47)
	at java_programs.MERGESORT.mergesort(MERGESORT.java:47)
	at java_programs.MERGESORT.mergesort(MERGESORT.java:47)
	at java_programs.MERGESORT.mergesort(MERGESORT.java:47)
	at java_programs.MERGESORT.mergesort(MERGESORT.java:47)
	at java_programs.MERGESORT.mergesort(MERGESORT.java:47)
	at java_programs.MERGESORT.mergesort(MERGESORT.java:47)
	at java_programs.MERGESORT.mergesort(MERGESORT.java:47)
	at java_programs.MERGESORT.mergesort(MERGESORT.java:47)
	at java_programs.MERGESORT.mergesort(MERGESORT.java:47)
	at java_programs.MERGESORT.mergesort(MERGESORT.java:47)
	at java_programs.MERGESORT.mergesort(MERGESORT.java:47)
	at java_programs.MERGESORT.mergesort(MERGESORT.java:47)
	at java_programs.MERGESORT.mergesort(MERGESORT.java:47)
	at java_programs.MERGESORT.mergesort(MERGESORT.java:47)
	at java_programs.MERGESORT.mergesort(MERGESORT.java:47)
	at java_programs.MERGESORT.mergesort(MERGESORT.java:47)
	at java_programs.MERGESORT.mergesort(MERGESORT.java:47)
	at java_programs.MERGESORT.mergesort(MERGESORT.java:47)
	at java_programs.MERGESORT.mergesort(MERGESORT.java:47)
	at java_programs.MERGESORT.mergesort(MERGESORT.java:47)
	at java_programs.MERGESORT.mergesort(MERGESORT.java:47)
	at java_programs.MERGESORT.mergesort(MERGESORT.java:47)
	at java_programs.MERGESORT.mergesort(MERGESORT.java:47)
	at java_programs.MERGESORT.mergesort(MERGESORT.java:47)
	at java_programs.MERGESORT.mergesort(MERGESORT.java:47)
	at java_programs.MERGESORT.mergesort(MERGESORT.java:47)
	at java_programs.MERGESORT.mergesort(MERGESORT.java:47)
	at java_programs.MERGESORT.mergesort(MERGESORT.java:47)
	at java_programs.MERGESORT.mergesort(MERGESORT.java:47)
	at java_programs.MERGESORT.mergesort(MERGESORT.java:47)
	at java_programs.MERGESORT.mergesort(MERGESORT.java:47)
	at java_programs.MERGESORT.mergesort(MERGESORT.java:47)
	at java_programs.MERGESORT.mergesort(MERGESORT.java:47)
	at java_programs.MERGESORT.mergesort(MERGESORT.java:47)
	at java_programs.MERGESORT.mergesort(MERGESORT.java:47)
	at java_programs.MERGESORT.mergesort(MERGESORT.java:47)
	at java_programs.MERGESORT.mergesort(MERGESORT.java:47)
	at java_programs.MERGESORT.mergesort(MERGESORT.java:47)
	at java_programs.MERGESORT.mergesort(MERGESORT.java:47)
	at java_programs.MERGESORT.mergesort(MERGESORT.java:47)
	at java_programs.MERGESORT.mergesort(MERGESORT.java:47)
	at java_programs.MERGESORT.mergesort(MERGESORT.java:47)
	at java_programs.MERGESORT.mergesort(MERGESORT.java:47)
	at java_programs.MERGESORT.mergesort(MERGESORT.java:47)
	at java_programs.MERGESORT.mergesort(MERGESORT.java:47)
	at java_programs.MERGESORT.mergesort(MERGESORT.java:47)
	at java_programs.MERGESORT.mergesort(MERGESORT.java:47)
	at java_programs.MERGESORT.mergesort(MERGESORT.java:47)
	at java_programs.MERGESORT.mergesort(MERGESORT.java:47)
	at java_programs.MERGESORT.mergesort(MERGESORT.java:47)
	at java_programs.MERGESORT.mergesort(MERGESORT.java:47)
	at java_programs.MERGESORT.mergesort(MERGESORT.java:47)
	at java_programs.MERGESORT.mergesort(MERGESORT.java:47)
	at java_programs.MERGESORT.mergesort(MERGESORT.java:47)
	at java_programs.MERGESORT.mergesort(MERGESORT.java:47)
	at java_programs.MERGESORT.mergesort(MERGESORT.java:47)
	at java_programs.MERGESORT.mergesort(MERGESORT.java:47)
	at java_programs.MERGESORT.mergesort(MERGESORT.java:47)
	at java_programs.MERGESORT.mergesort(MERGESORT.java:47)
	at java_programs.MERGESORT.mergesort(MERGESORT.java:47)
	at java_programs.MERGESORT.mergesort(MERGESORT.java:47)
	at java_programs.MERGESORT.mergesort(MERGESORT.java:47)
	at java_programs.MERGESORT.mergesort(MERGESORT.java:47)
	at java_programs.MERGESORT.mergesort(MERGESORT.java:47)
	at java_programs.MERGESORT.mergesort(MERGESORT.java:47)
	at java_programs.MERGESORT.mergesort(MERGESORT.java:47)
	at java_programs.MERGESORT.mergesort(MERGESORT.java:47)
	at java_programs.MERGESORT.mergesort(MERGESORT.java:47)
	at java_programs.MERGESORT.mergesort(MERGESORT.java:47)
	at java_programs.MERGESORT.mergesort(MERGESORT.java:47)
	at java_programs.MERGESORT.mergesort(MERGESORT.java:47)
	at java_programs.MERGESORT.mergesort(MERGESORT.java:47)
	at java_programs.MERGESORT.mergesort(MERGESORT.java:47)
	at java_programs.MERGESORT.mergesort(MERGESORT.java:47)
	at java_programs.MERGESORT.mergesort(MERGESORT.java:47)
	at java_programs.MERGESORT.mergesort(MERGESORT.java:47)
	at java_programs.MERGESORT.mergesort(MERGESORT.java:47)
	at java_programs.MERGESORT.mergesort(MERGESORT.java:47)
	at java_programs.MERGESORT.mergesort(MERGESORT.java:47)
	at java_programs.MERGESORT.mergesort(MERGESORT.java:47)
	at java_programs.MERGESORT.mergesort(MERGESORT.java:47)
	at java_programs.MERGESORT.mergesort(MERGESORT.java:47)
	at java_programs.MERGESORT.mergesort(MERGESORT.java:47)
	at java_programs.MERGESORT.mergesort(MERGESORT.java:47)
	at java_programs.MERGESORT.mergesort(MERGESORT.java:47)
	at java_programs.MERGESORT.mergesort(MERGESORT.java:47)
	at java_programs.MERGESORT.mergesort(MERGESORT.java:47)
	at java_programs.MERGESORT.mergesort(MERGESORT.java:47)
	at java_programs.MERGESORT.mergesort(MERGESORT.java:47)
	at java_programs.MERGESORT.mergesort(MERGESORT.java:47)
	at java_programs.MERGESORT.mergesort(MERGESORT.java:47)
	at java_programs.MERGESORT.mergesort(MERGESORT.java:47)
	at java_programs.MERGESORT.mergesort(MERGESORT.java:47)
	at java_programs.MERGESORT.mergesort(MERGESORT.java:47)
	at java_programs.MERGESORT.mergesort(MERGESORT.java:47)
	at java_programs.MERGESORT.mergesort(MERGESORT.java:47)
	at java_programs.MERGESORT.mergesort(MERGESORT.java:47)
	at java_programs.MERGESORT.mergesort(MERGESORT.java:47)
	at java_programs.MERGESORT.mergesort(MERGESORT.java:47)
	at java_programs.MERGESORT.mergesort(MERGESORT.java:47)
	at java_programs.MERGESORT.mergesort(MERGESORT.java:47)
	at java_programs.MERGESORT.mergesort(MERGESORT.java:47)
	at java_programs.MERGESORT.mergesort(MERGESORT.java:47)
	at java_programs.MERGESORT.mergesort(MERGESORT.java:47)
	at java_programs.MERGESORT.mergesort(MERGESORT.java:47)
	at java_programs.MERGESORT.mergesort(MERGESORT.java:47)
	at java_programs.MERGESORT.mergesort(MERGESORT.java:47)
	at java_programs.MERGESORT.mergesort(MERGESORT.java:47)
	at java_programs.MERGESORT.mergesort(MERGESORT.java:47)
	at java_programs.MERGESORT.mergesort(MERGESORT.java:47)
	at java_programs.MERGESORT.mergesort(MERGESORT.java:47)
	at java_programs.MERGESORT.mergesort(MERGESORT.java:47)
	at java_programs.MERGESORT.mergesort(MERGESORT.java:47)
	at java_programs.MERGESORT.mergesort(MERGESORT.java:47)
	at java_programs.MERGESORT.mergesort(MERGESORT.java:47)
	at java_programs.MERGESORT.mergesort(MERGESORT.java:47)
	at java_programs.MERGESORT.mergesort(MERGESORT.java:47)
	at java_programs.MERGESORT.mergesort(MERGESORT.java:47)
	at java_programs.MERGESORT.mergesort(MERGESORT.java:47)
	at java_programs.MERGESORT.mergesort(MERGESORT.java:47)
	at java_programs.MERGESORT.mergesort(MERGESORT.java:47)
	at java_programs.MERGESORT.mergesort(MERGESORT.java:47)
	at java_programs.MERGESORT.mergesort(MERGESORT.java:47)
	at java_programs.MERGESORT.mergesort(MERGESORT.java:47)
	at java_programs.MERGESORT.mergesort(MERGESORT.java:47)
	at java_programs.MERGESORT.mergesort(MERGESORT.java:47)
	at java_programs.MERGESORT.mergesort(MERGESORT.java:47)
	at java_programs.MERGESORT.mergesort(MERGESORT.java:47)
	at java_programs.MERGESORT.mergesort(MERGESORT.java:47)
	at java_programs.MERGESORT.mergesort(MERGESORT.java:47)
	at java_programs.MERGESORT.mergesort(MERGESORT.java:47)
	at java_programs.MERGESORT.mergesort(MERGESORT.java:47)
	at java_programs.MERGESORT.mergesort(MERGESORT.java:47)
	at java_programs.MERGESORT.mergesort(MERGESORT.java:47)
	at java_programs.MERGESORT.mergesort(MERGESORT.java:47)
	at java_programs.MERGESORT.mergesort(MERGESORT.java:47)
	at java_programs.MERGESORT.mergesort(MERGESORT.java:47)
	at java_programs.MERGESORT.mergesort(MERGESORT.java:47)
	at java_programs.MERGESORT.mergesort(MERGESORT.java:47)
	at java_programs.MERGESORT.mergesort(MERGESORT.java:47)
	at java_programs.MERGESORT.mergesort(MERGESORT.java:47)
	at java_programs.MERGESORT.mergesort(MERGESORT.java:47)
	at java_programs.MERGESORT.mergesort(MERGESORT.java:47)
	at java_programs.MERGESORT.mergesort(MERGESORT.java:47)
	at java_programs.MERGESORT.mergesort(MERGESORT.java:47)
	at java_programs.MERGESORT.mergesort(MERGESORT.java:47)
	at java_programs.MERGESORT.mergesort(MERGESORT.java:47)
	at java_programs.MERGESORT.mergesort(MERGESORT.java:47)
	at java_programs.MERGESORT.mergesort(MERGESORT.java:47)
	at java_programs.MERGESORT.mergesort(MERGESORT.java:47)
	at java_programs.MERGESORT.mergesort(MERGESORT.java:47)
	at java_programs.MERGESORT.mergesort(MERGESORT.java:47)
	at java_programs.MERGESORT.mergesort(MERGESORT.java:47)
	at java_programs.MERGESORT.mergesort(MERGESORT.java:47)
	at java_programs.MERGESORT.mergesort(MERGESORT.java:47)
	at java_programs.MERGESORT.mergesort(MERGESORT.java:47)
	at java_programs.MERGESORT.mergesort(MERGESORT.java:47)
	at java_programs.MERGESORT.mergesort(MERGESORT.java:47)
	at java_programs.MERGESORT.mergesort(MERGESORT.java:47)
	at java_programs.MERGESORT.mergesort(MERGESORT.java:47)
	at java_programs.MERGESORT.mergesort(MERGESORT.java:47)
	at java_programs.MERGESORT.mergesort(MERGESORT.java:47)
	at java_programs.MERGESORT.mergesort(MERGESORT.java:47)
	at java_programs.MERGESORT.mergesort(MERGESORT.java:47)
	at java_programs.MERGESORT.mergesort(MERGESORT.java:47)
	at java_programs.MERGESORT.mergesort(MERGESORT.java:47)
	at java_programs.MERGESORT.mergesort(MERGESORT.java:47)
	at java_programs.MERGESORT.mergesort(MERGESORT.java:47)
	at java_programs.MERGESORT.mergesort(MERGESORT.java:47)
	at java_programs.MERGESORT.mergesort(MERGESORT.java:47)
	at java_programs.MERGESORT.mergesort(MERGESORT.java:47)
	at java_programs.MERGESORT.mergesort(MERGESORT.java:47)
	at java_programs.MERGESORT.mergesort(MERGESORT.java:47)
	at java_programs.MERGESORT.mergesort(MERGESORT.java:47)
	at java_programs.MERGESORT.mergesort(MERGESORT.java:47)
	at java_programs.MERGESORT.mergesort(MERGESORT.java:47)
	at java_programs.MERGESORT.mergesort(MERGESORT.java:47)
	at java_programs.MERGESORT.mergesort(MERGESORT.java:47)
	at java_programs.MERGESORT.mergesort(MERGESORT.java:47)
	at java_programs.MERGESORT.mergesort(MERGESORT.java:47)
	at java_programs.MERGESORT.mergesort(MERGESORT.java:47)
	at java_programs.MERGESORT.mergesort(MERGESORT.java:47)
	at java_programs.MERGESORT.mergesort(MERGESORT.java:47)
	at java_programs.MERGESORT.mergesort(MERGESORT.java:47)
	at java_programs.MERGESORT.mergesort(MERGESORT.java:47)
	at java_programs.MERGESORT.mergesort(MERGESORT.java:47)
	at java_programs.MERGESORT.mergesort(MERGESORT.java:47)
	at java_programs.MERGESORT.mergesort(MERGESORT.java:47)
	at java_programs.MERGESORT.mergesort(MERGESORT.java:47)
	at java_programs.MERGESORT.mergesort(MERGESORT.java:47)
	at java_programs.MERGESORT.mergesort(MERGESORT.java:47)
	at java_programs.MERGESORT.mergesort(MERGESORT.java:47)
	at java_programs.MERGESORT.mergesort(MERGESORT.java:47)
	at java_programs.MERGESORT.mergesort(MERGESORT.java:47)
	at java_programs.MERGESORT.mergesort(MERGESORT.java:47)
	at java_programs.MERGESORT.mergesort(MERGESORT.java:47)
	at java_programs.MERGESORT.mergesort(MERGESORT.java:47)
	at java_programs.MERGESORT.mergesort(MERGESORT.java:47)
	at java_programs.MERGESORT.mergesort(MERGESORT.java:47)
	at java_programs.MERGESORT.mergesort(MERGESORT.java:47)
	at java_programs.MERGESORT.mergesort(MERGESORT.java:47)
	at java_programs.MERGESORT.mergesort(MERGESORT.java:47)
	at java_programs.MERGESORT.mergesort(MERGESORT.java:47)
	at java_programs.MERGESORT.mergesort(MERGESORT.java:47)
	at java_programs.MERGESORT.mergesort(MERGESORT.java:47)
	at java_programs.MERGESORT.mergesort(MERGESORT.java:47)
	at java_programs.MERGESORT.mergesort(MERGESORT.java:47)
	at java_programs.MERGESORT.mergesort(MERGESORT.java:47)
	at java_programs.MERGESORT.mergesort(MERGESORT.java:47)
	at java_programs.MERGESORT.mergesort(MERGESORT.java:47)
	at java_programs.MERGESORT.mergesort(MERGESORT.java:47)
	at java_programs.MERGESORT.mergesort(MERGESORT.java:47)
	at java_programs.MERGESORT.mergesort(MERGESORT.java:47)
	at java_programs.MERGESORT.mergesort(MERGESORT.java:47)
	at java_programs.MERGESORT.mergesort(MERGESORT.java:47)
	at java_programs.MERGESORT.mergesort(MERGESORT.java:47)
	at java_programs.MERGESORT.mergesort(MERGESORT.java:47)
	at java_programs.MERGESORT.mergesort(MERGESORT.java:47)
	at java_programs.MERGESORT.mergesort(MERGESORT.java:47)
	at java_programs.MERGESORT.mergesort(MERGESORT.java:47)
	at java_programs.MERGESORT.mergesort(MERGESORT.java:47)
	at java_programs.MERGESORT.mergesort(MERGESORT.java:47)
	at java_programs.MERGESORT.mergesort(MERGESORT.java:47)
	at java_programs.MERGESORT.mergesort(MERGESORT.java:47)
	at java_programs.MERGESORT.mergesort(MERGESORT.java:47)
	at java_programs.MERGESORT.mergesort(MERGESORT.java:47)
	at java_programs.MERGESORT.mergesort(MERGESORT.java:47)
	at java_programs.MERGESORT.mergesort(MERGESORT.java:47)
	at java_programs.MERGESORT.mergesort(MERGESORT.java:47)
	at java_programs.MERGESORT.mergesort(MERGESORT.java:47)
	at java_programs.MERGESORT.mergesort(MERGESORT.java:47)
	at java_programs.MERGESORT.mergesort(MERGESORT.java:47)
	at java_programs.MERGESORT.mergesort(MERGESORT.java:47)
	at java_programs.MERGESORT.mergesort(MERGESORT.java:47)
	at java_programs.MERGESORT.mergesort(MERGESORT.java:47)
	at java_programs.MERGESORT.mergesort(MERGESORT.java:47)
	at java_programs.MERGESORT.mergesort(MERGESORT.java:47)
	at java_programs.MERGESORT.mergesort(MERGESORT.java:47)
	at java_programs.MERGESORT.mergesort(MERGESORT.java:47)
	at java_programs.MERGESORT.mergesort(MERGESORT.java:47)
	at java_programs.MERGESORT.mergesort(MERGESORT.java:47)
	at java_programs.MERGESORT.mergesort(MERGESORT.java:47)
	at java_programs.MERGESORT.mergesort(MERGESORT.java:47)
	at java_programs.MERGESORT.mergesort(MERGESORT.java:47)
	at java_programs.MERGESORT.mergesort(MERGESORT.java:47)
	at java_programs.MERGESORT.mergesort(MERGESORT.java:47)
	at java_programs.MERGESORT.mergesort(MERGESORT.java:47)
	at java_programs.MERGESORT.mergesort(MERGESORT.java:47)
	at java_programs.MERGESORT.mergesort(MERGESORT.java:47)
	at java_programs.MERGESORT.mergesort(MERGESORT.java:47)
	at java_programs.MERGESORT.mergesort(MERGESORT.java:47)
	at java_programs.MERGESORT.mergesort(MERGESORT.java:47)
	at java_programs.MERGESORT.mergesort(MERGESORT.java:47)
	at java_programs.MERGESORT.mergesort(MERGESORT.java:47)
	at java_programs.MERGESORT.mergesort(MERGESORT.java:47)
	at java_programs.MERGESORT.mergesort(MERGESORT.java:47)
	at java_programs.MERGESORT.mergesort(MERGESORT.java:47)
	at java_programs.MERGESORT.mergesort(MERGESORT.java:47)
	at java_programs.MERGESORT.mergesort(MERGESORT.java:47)
	at java_programs.MERGESORT.mergesort(MERGESORT.java:47)
	at java_programs.MERGESORT.mergesort(MERGESORT.java:47)
	at java_programs.MERGESORT.mergesort(MERGESORT.java:47)
	at java_programs.MERGESORT.mergesort(MERGESORT.java:47)
	at java_programs.MERGESORT.mergesort(MERGESORT.java:47)
	at java_programs.MERGESORT.mergesort(MERGESORT.java:47)
	at java_programs.MERGESORT.mergesort(MERGESORT.java:47)
	at java_programs.MERGESORT.mergesort(MERGESORT.java:47)
	at java_programs.MERGESORT.mergesort(MERGESORT.java:47)
	at java_programs.MERGESORT.mergesort(MERGESORT.java:47)
	at java_programs.MERGESORT.mergesort(MERGESORT.java:47)
	at java_programs.MERGESORT.mergesort(MERGESORT.java:47)
	at java_programs.MERGESORT.mergesort(MERGESORT.java:47)
	at java_programs.MERGESORT.mergesort(MERGESORT.java:47)
	at java_programs.MERGESORT.mergesort(MERGESORT.java:47)
	at java_programs.MERGESORT.mergesort(MERGESORT.java:47)
	at java_programs.MERGESORT.mergesort(MERGESORT.java:47)
	at java_programs.MERGESORT.mergesort(MERGESORT.java:47)
	at java_programs.MERGESORT.mergesort(MERGESORT.java:47)
	at java_programs.MERGESORT.mergesort(MERGESORT.java:47)
	at java_programs.MERGESORT.mergesort(MERGESORT.java:47)
	at java_programs.MERGESORT.mergesort(MERGESORT.java:47)
	at java_programs.MERGESORT.mergesort(MERGESORT.java:47)
	at java_programs.MERGESORT.mergesort(MERGESORT.java:47)
	at java_programs.MERGESORT.mergesort(MERGESORT.java:47)
	at java_programs.MERGESORT.mergesort(MERGESORT.java:47)
	at java_programs.MERGESORT.mergesort(MERGESORT.java:47)
	at java_programs.MERGESORT.mergesort(MERGESORT.java:47)
	at java_programs.MERGESORT.mergesort(MERGESORT.java:47)
	at java_programs.MERGESORT.mergesort(MERGESORT.java:47)
	at java_programs.MERGESORT.mergesort(MERGESORT.java:47)
	at java_programs.MERGESORT.mergesort(MERGESORT.java:47)
	at java_programs.MERGESORT.mergesort(MERGESORT.java:47)
	at java_programs.MERGESORT.mergesort(MERGESORT.java:47)
	at java_programs.MERGESORT.mergesort(MERGESORT.java:47)
	at java_programs.MERGESORT.mergesort(MERGESORT.java:47)
	at java_programs.MERGESORT.mergesort(MERGESORT.java:47)
	at java_programs.MERGESORT.mergesort(MERGESORT.java:47)
	at java_programs.MERGESORT.mergesort(MERGESORT.java:47)
	at java_programs.MERGESORT.mergesort(MERGESORT.java:47)
	at java_programs.MERGESORT.mergesort(MERGESORT.java:47)
	at java_programs.MERGESORT.mergesort(MERGESORT.java:47)
	at java_programs.MERGESORT.mergesort(MERGESORT.java:47)
	at java_programs.MERGESORT.mergesort(MERGESORT.java:47)
	at java_programs.MERGESORT.mergesort(MERGESORT.java:47)
	at java_programs.MERGESORT.mergesort(MERGESORT.java:47)
	at java_programs.MERGESORT.mergesort(MERGESORT.java:47)
	at java_programs.MERGESORT.mergesort(MERGESORT.java:47)
	at java_programs.MERGESORT.mergesort(MERGESORT.java:47)
	at java_programs.MERGESORT.mergesort(MERGESORT.java:47)
	at java_programs.MERGESORT.mergesort(MERGESORT.java:47)
	at java_programs.MERGESORT.mergesort(MERGESORT.java:47)
	at java_programs.MERGESORT.mergesort(MERGESORT.java:47)
	at java_programs.MERGESORT.mergesort(MERGESORT.java:47)
	at java_programs.MERGESORT.mergesort(MERGESORT.java:47)
	at java_programs.MERGESORT.mergesort(MERGESORT.java:47)
	at java_programs.MERGESORT.mergesort(MERGESORT.java:47)
	at java_programs.MERGESORT.mergesort(MERGESORT.java:47)
	at java_programs.MERGESORT.mergesort(MERGESORT.java:47)
	at java_programs.MERGESORT.mergesort(MERGESORT.java:47)
	at java_programs.MERGESORT.mergesort(MERGESORT.java:47)
	at java_programs.MERGESORT.mergesort(MERGESORT.java:47)
	at java_programs.MERGESORT.mergesort(MERGESORT.java:47)
	at java_programs.MERGESORT.mergesort(MERGESORT.java:47)
	at java_programs.MERGESORT.mergesort(MERGESORT.java:47)
	at java_programs.MERGESORT.mergesort(MERGESORT.java:47)
	at java_programs.MERGESORT.mergesort(MERGESORT.java:47)
	at java_programs.MERGESORT.mergesort(MERGESORT.java:47)
	at java_programs.MERGESORT.mergesort(MERGESORT.java:47)
	at java_programs.MERGESORT.mergesort(MERGESORT.java:47)
	at java_programs.MERGESORT.mergesort(MERGESORT.java:47)
	at java_programs.MERGESORT.mergesort(MERGESORT.java:47)
	at java_programs.MERGESORT.mergesort(MERGESORT.java:47)
	at java_programs.MERGESORT.mergesort(MERGESORT.java:47)
	at java_programs.MERGESORT.mergesort(MERGESORT.java:47)
	at java_programs.MERGESORT.mergesort(MERGESORT.java:47)
	at java_programs.MERGESORT.mergesort(MERGESORT.java:47)
	at java_programs.MERGESORT.mergesort(MERGESORT.java:47)
	at java_programs.MERGESORT.mergesort(MERGESORT.java:47)
	at java_programs.MERGESORT.mergesort(MERGESORT.java:47)
	at java_programs.MERGESORT.mergesort(MERGESORT.java:47)
	at java_programs.MERGESORT.mergesort(MERGESORT.java:47)
	at java_programs.MERGESORT.mergesort(MERGESORT.java:47)
	at java_programs.MERGESORT.mergesort(MERGESORT.java:47)
	at java_programs.MERGESORT.mergesort(MERGESORT.java:47)
	at java_programs.MERGESORT.mergesort(MERGESORT.java:47)
	at java_programs.MERGESORT.mergesort(MERGESORT.java:47)
	at java_programs.MERGESORT.mergesort(MERGESORT.java:47)
	at java_programs.MERGESORT.mergesort(MERGESORT.java:47)
	at java_programs.MERGESORT.mergesort(MERGESORT.java:47)
	at java_programs.MERGESORT.mergesort(MERGESORT.java:47)
	at java_programs.MERGESORT.mergesort(MERGESORT.java:47)
	at java_programs.MERGESORT.mergesort(MERGESORT.java:47)
	at java_programs.MERGESORT.mergesort(MERGESORT.java:47)
	at java_programs.MERGESORT.mergesort(MERGESORT.java:47)
	at java_programs.MERGESORT.mergesort(MERGESORT.java:47)
	at java_programs.MERGESORT.mergesort(MERGESORT.java:47)
	at java_programs.MERGESORT.mergesort(MERGESORT.java:47)
	at java_programs.MERGESORT.mergesort(MERGESORT.java:47)
	at java_programs.MERGESORT.mergesort(MERGESORT.java:47)
	at java_programs.MERGESORT.mergesort(MERGESORT.java:47)
	at java_programs.MERGESORT.mergesort(MERGESORT.java:47)
	at java_programs.MERGESORT.mergesort(MERGESORT.java:47)
	at java_programs.MERGESORT.mergesort(MERGESORT.java:47)
	at java_programs.MERGESORT.mergesort(MERGESORT.java:47)
	at java_programs.MERGESORT.mergesort(MERGESORT.java:47)
	at java_programs.MERGESORT.mergesort(MERGESORT.java:47)
	at java_programs.MERGESORT.mergesort(MERGESORT.java:47)
	at java_programs.MERGESORT.mergesort(MERGESORT.java:47)
	at java_programs.MERGESORT.mergesort(MERGESORT.java:47)
	at java_programs.MERGESORT.mergesort(MERGESORT.java:47)
	at java_programs.MERGESORT.mergesort(MERGESORT.java:47)
	at java_programs.MERGESORT.mergesort(MERGESORT.java:47)
	at java_programs.MERGESORT.mergesort(MERGESORT.java:47)
	at java_programs.MERGESORT.mergesort(MERGESORT.java:47)
	at java_programs.MERGESORT.mergesort(MERGESORT.java:47)
	at java_programs.MERGESORT.mergesort(MERGESORT.java:47)
	at java_programs.MERGESORT.mergesort(MERGESORT.java:47)
	at java_programs.MERGESORT.mergesort(MERGESORT.java:47)
	at java_programs.MERGESORT.mergesort(MERGESORT.java:47)
	at java_programs.MERGESORT.mergesort(MERGESORT.java:47)
	at java_programs.MERGESORT.mergesort(MERGESORT.java:47)
	at java_programs.MERGESORT.mergesort(MERGESORT.java:47)
	at java_programs.MERGESORT.mergesort(MERGESORT.java:47)
	at java_programs.MERGESORT.mergesort(MERGESORT.java:47)
	at java_programs.MERGESORT.mergesort(MERGESORT.java:47)
	at java_programs.MERGESORT.mergesort(MERGESORT.java:47)
	at java_programs.MERGESORT.mergesort(MERGESORT.java:47)
	at java_programs.MERGESORT.mergesort(MERGESORT.java:47)
	at java_programs.MERGESORT.mergesort(MERGESORT.java:47)
	at java_programs.MERGESORT.mergesort(MERGESORT.java:47)
	at java_programs.MERGESORT.mergesort(MERGESORT.java:47)
	at java_programs.MERGESORT.mergesort(MERGESORT.java:47)
	at java_programs.MERGESORT.mergesort(MERGESORT.java:47)
	at java_programs.MERGESORT.mergesort(MERGESORT.java:47)
	at java_programs.MERGESORT.mergesort(MERGESORT.java:47)
	at java_programs.MERGESORT.mergesort(MERGESORT.java:47)
	at java_programs.MERGESORT.mergesort(MERGESORT.java:47)
	at java_programs.MERGESORT.mergesort(MERGESORT.java:47)
	at java_programs.MERGESORT.mergesort(MERGESORT.java:47)
	at java_programs.MERGESORT.mergesort(MERGESORT.java:47)
	at java_programs.MERGESORT.mergesort(MERGESORT.java:47)
	at java_programs.MERGESORT.mergesort(MERGESORT.java:47)
	at java_programs.MERGESORT.mergesort(MERGESORT.java:47)
	at java_programs.MERGESORT.mergesort(MERGESORT.java:47)
	at java_programs.MERGESORT.mergesort(MERGESORT.java:47)
	at java_programs.MERGESORT.mergesort(MERGESORT.java:47)
	at java_programs.MERGESORT.mergesort(MERGESORT.java:47)
	at java_programs.MERGESORT.mergesort(MERGESORT.java:47)
	at java_programs.MERGESORT.mergesort(MERGESORT.java:47)
	at java_programs.MERGESORT.mergesort(MERGESORT.java:47)
	at java_programs.MERGESORT.mergesort(MERGESORT.java:47)
	at java_programs.MERGESORT.mergesort(MERGESORT.java:47)
	at java_programs.MERGESORT.mergesort(MERGESORT.java:47)
	at java_programs.MERGESORT.mergesort(MERGESORT.java:47)
	at java_programs.MERGESORT.mergesort(MERGESORT.java:47)
	at java_programs.MERGESORT.mergesort(MERGESORT.java:47)
	at java_programs.MERGESORT.mergesort(MERGESORT.java:47)
	at java_programs.MERGESORT.mergesort(MERGESORT.java:47)
	at java_programs.MERGESORT.mergesort(MERGESORT.java:47)
	at java_programs.MERGESORT.mergesort(MERGESORT.java:47)
	at java_programs.MERGESORT.mergesort(MERGESORT.java:47)
	at java_programs.MERGESORT.mergesort(MERGESORT.java:47)
	at java_programs.MERGESORT.mergesort(MERGESORT.java:47)
	at java_programs.MERGESORT.mergesort(MERGESORT.java:47)
	at java_programs.MERGESORT.mergesort(MERGESORT.java:47)
	at java_programs.MERGESORT.mergesort(MERGESORT.java:47)
	at java_programs.MERGESORT.mergesort(MERGESORT.java:47)
	at java_programs.MERGESORT.mergesort(MERGESORT.java:47)
	at java_programs.MERGESORT.mergesort(MERGESORT.java:47)
	at java_programs.MERGESORT.mergesort(MERGESORT.java:47)
	at java_programs.MERGESORT.mergesort(MERGESORT.java:47)
	at java_programs.MERGESORT.mergesort(MERGESORT.java:47)
	at java_programs.MERGESORT.mergesort(MERGESORT.java:47)
	at java_programs.MERGESORT.mergesort(MERGESORT.java:47)
	at java_programs.MERGESORT.mergesort(MERGESORT.java:47)
	at java_programs.MERGESORT.mergesort(MERGESORT.java:47)
	at java_programs.MERGESORT.mergesort(MERGESORT.java:47)
	at java_programs.MERGESORT.mergesort(MERGESORT.java:47)
	at java_programs.MERGESORT.mergesort(MERGESORT.java:47)
	at java_programs.MERGESORT.mergesort(MERGESORT.java:47)
	at java_programs.MERGESORT.mergesort(MERGESORT.java:47)
	at java_programs.MERGESORT.mergesort(MERGESORT.java:47)
	at java_programs.MERGESORT.mergesort(MERGESORT.java:47)
	at java_programs.MERGESORT.mergesort(MERGESORT.java:47)
	at java_programs.MERGESORT.mergesort(MERGESORT.java:47)
	at java_programs.MERGESORT.mergesort(MERGESORT.java:47)
	at java_programs.MERGESORT.mergesort(MERGESORT.java:47)
	at java_programs.MERGESORT.mergesort(MERGESORT.java:47)
	at java_programs.MERGESORT.mergesort(MERGESORT.java:47)
	at java_programs.MERGESORT.mergesort(MERGESORT.java:47)
	at java_programs.MERGESORT.mergesort(MERGESORT.java:47)
	at java_programs.MERGESORT.mergesort(MERGESORT.java:47)
	at java_programs.MERGESORT.mergesort(MERGESORT.java:47)
	at java_programs.MERGESORT.mergesort(MERGESORT.java:47)
	at java_programs.MERGESORT.mergesort(MERGESORT.java:47)
	at java_programs.MERGESORT.mergesort(MERGESORT.java:47)
	at java_programs.MERGESORT.mergesort(MERGESORT.java:47)
	at java_programs.MERGESORT.mergesort(MERGESORT.java:47)
	at java_programs.MERGESORT.mergesort(MERGESORT.java:47)
	at java_programs.MERGESORT.mergesort(MERGESORT.java:47)
	at java_programs.MERGESORT.mergesort(MERGESORT.java:47)
	at java_programs.MERGESORT.mergesort(MERGESORT.java:47)
	at java_programs.MERGESORT.mergesort(MERGESORT.java:47)
	at java_programs.MERGESORT.mergesort(MERGESORT.java:47)
	at java_programs.MERGESORT.mergesort(MERGESORT.java:47)
	at java_programs.MERGESORT.mergesort(MERGESORT.java:47)
	at java_programs.MERGESORT.mergesort(MERGESORT.java:47)
	at java_programs.MERGESORT.mergesort(MERGESORT.java:47)
	at java_programs.MERGESORT.mergesort(MERGESORT.java:47)
	at java_programs.MERGESORT.mergesort(MERGESORT.java:47)
	at java_programs.MERGESORT.mergesort(MERGESORT.java:47)
	at java_programs.MERGESORT.mergesort(MERGESORT.java:47)
	at java_programs.MERGESORT.mergesort(MERGESORT.java:47)
	at java_programs.MERGESORT.mergesort(MERGESORT.java:47)
	at java_programs.MERGESORT.mergesort(MERGESORT.java:47)
	at java_programs.MERGESORT.mergesort(MERGESORT.java:47)
	at java_programs.MERGESORT.mergesort(MERGESORT.java:47)
	at java_programs.MERGESORT.mergesort(MERGESORT.java:47)
	at java_programs.MERGESORT.mergesort(MERGESORT.java:47)
	at java_programs.MERGESORT.mergesort(MERGESORT.java:47)
	at java_programs.MERGESORT.mergesort(MERGESORT.java:47)
	at java_programs.MERGESORT.mergesort(MERGESORT.java:47)
	at java_programs.MERGESORT.mergesort(MERGESORT.java:47)
	at java_programs.MERGESORT.mergesort(MERGESORT.java:47)
	at java_programs.MERGESORT.mergesort(MERGESORT.java:47)
	at java_programs.MERGESORT.mergesort(MERGESORT.java:47)
	at java_programs.MERGESORT.mergesort(MERGESORT.java:47)
	at java_programs.MERGESORT.mergesort(MERGESORT.java:47)
	at java_programs.MERGESORT.mergesort(MERGESORT.java:47)
	at java_programs.MERGESORT.mergesort(MERGESORT.java:47)
	at java_programs.MERGESORT.mergesort(MERGESORT.java:47)
	at java_programs.MERGESORT.mergesort(MERGESORT.java:47)
	at java_programs.MERGESORT.mergesort(MERGESORT.java:47)
	at java_programs.MERGESORT.mergesort(MERGESORT.java:47)
	at java_programs.MERGESORT.mergesort(MERGESORT.java:47)
	at java_programs.MERGESORT.mergesort(MERGESORT.java:47)
	at java_programs.MERGESORT.mergesort(MERGESORT.java:47)
	at java_programs.MERGESORT.mergesort(MERGESORT.java:47)
	at java_programs.MERGESORT.mergesort(MERGESORT.java:47)
	at java_programs.MERGESORT.mergesort(MERGESORT.java:47)
	at java_programs.MERGESORT.mergesort(MERGESORT.java:47)
	at java_programs.MERGESORT.mergesort(MERGESORT.java:47)
	at java_programs.MERGESORT.mergesort(MERGESORT.java:47)
	at java_programs.MERGESORT.mergesort(MERGESORT.java:47)
	at java_programs.MERGESORT.mergesort(MERGESORT.java:47)
	at java_programs.MERGESORT.mergesort(MERGESORT.java:47)
	at java_programs.MERGESORT.mergesort(MERGESORT.java:47)
	at java_programs.MERGESORT.mergesort(MERGESORT.java:47)
	at java_programs.MERGESORT.mergesort(MERGESORT.java:47)
	at java_programs.MERGESORT.mergesort(MERGESORT.java:47)
	at java_programs.MERGESORT.mergesort(MERGESORT.java:47)
	at java_programs.MERGESORT.mergesort(MERGESORT.java:47)
	at java_programs.MERGESORT.mergesort(MERGESORT.java:47)
	at java_programs.MERGESORT.mergesort(MERGESORT.java:47)
	at java_programs.MERGESORT.mergesort(MERGESORT.java:47)
	at java_programs.MERGESORT.mergesort(MERGESORT.java:47)
	at java_programs.MERGESORT.mergesort(MERGESORT.java:47)
	at java_programs.MERGESORT.mergesort(MERGESORT.java:47)
	at java_programs.MERGESORT.mergesort(MERGESORT.java:47)
	at java_programs.MERGESORT.mergesort(MERGESORT.java:47)
	at java_programs.MERGESORT.mergesort(MERGESORT.java:47)
	at java_programs.MERGESORT.mergesort(MERGESORT.java:47)
	at java_programs.MERGESORT.mergesort(MERGESORT.java:47)
	at java_programs.MERGESORT.mergesort(MERGESORT.java:47)
	at java_programs.MERGESORT.mergesort(MERGESORT.java:47)
	at java_programs.MERGESORT.mergesort(MERGESORT.java:47)
	at java_programs.MERGESORT.mergesort(MERGESORT.java:47)
	at java_programs.MERGESORT.mergesort(MERGESORT.java:47)
	at java_programs.MERGESORT.mergesort(MERGESORT.java:47)
	at java_programs.MERGESORT.mergesort(MERGESORT.java:47)
	at java_programs.MERGESORT.mergesort(MERGESORT.java:47)
	at java_programs.MERGESORT.mergesort(MERGESORT.java:47)
	at java_programs.MERGESORT.mergesort(MERGESORT.java:47)
</failure>
  </testcase>
  <testcase name="test_4" classname="java_testcases.junit.MERGESORT_TEST" time="0.079">
    <failure message="java.lang.StackOverflowError" type="java.lang.StackOverflowError">java.lang.StackOverflowError
	at java.base/java.util.ArrayList.addAll(ArrayList.java:670)
	at java_programs.MERGESORT.mergesort(MERGESORT.java:43)
	at java_programs.MERGESORT.mergesort(MERGESORT.java:47)
	at java_programs.MERGESORT.mergesort(MERGESORT.java:47)
	at java_programs.MERGESORT.mergesort(MERGESORT.java:47)
	at java_programs.MERGESORT.mergesort(MERGESORT.java:47)
	at java_programs.MERGESORT.mergesort(MERGESORT.java:47)
	at java_programs.MERGESORT.mergesort(MERGESORT.java:47)
	at java_programs.MERGESORT.mergesort(MERGESORT.java:47)
	at java_programs.MERGESORT.mergesort(MERGESORT.java:47)
	at java_programs.MERGESORT.mergesort(MERGESORT.java:47)
	at java_programs.MERGESORT.mergesort(MERGESORT.java:47)
	at java_programs.MERGESORT.mergesort(MERGESORT.java:47)
	at java_programs.MERGESORT.mergesort(MERGESORT.java:47)
	at java_programs.MERGESORT.mergesort(MERGESORT.java:47)
	at java_programs.MERGESORT.mergesort(MERGESORT.java:47)
	at java_programs.MERGESORT.mergesort(MERGESORT.java:47)
	at java_programs.MERGESORT.mergesort(MERGESORT.java:47)
	at java_programs.MERGESORT.mergesort(MERGESORT.java:47)
	at java_programs.MERGESORT.mergesort(MERGESORT.java:47)
	at java_programs.MERGESORT.mergesort(MERGESORT.java:47)
	at java_programs.MERGESORT.mergesort(MERGESORT.java:47)
	at java_programs.MERGESORT.mergesort(MERGESORT.java:47)
	at java_programs.MERGESORT.mergesort(MERGESORT.java:47)
	at java_programs.MERGESORT.mergesort(MERGESORT.java:47)
	at java_programs.MERGESORT.mergesort(MERGESORT.java:47)
	at java_programs.MERGESORT.mergesort(MERGESORT.java:47)
	at java_programs.MERGESORT.mergesort(MERGESORT.java:47)
	at java_programs.MERGESORT.mergesort(MERGESORT.java:47)
	at java_programs.MERGESORT.mergesort(MERGESORT.java:47)
	at java_programs.MERGESORT.mergesort(MERGESORT.java:47)
	at java_programs.MERGESORT.mergesort(MERGESORT.java:47)
	at java_programs.MERGESORT.mergesort(MERGESORT.java:47)
	at java_programs.MERGESORT.mergesort(MERGESORT.java:47)
	at java_programs.MERGESORT.mergesort(MERGESORT.java:47)
	at java_programs.MERGESORT.mergesort(MERGESORT.java:47)
	at java_programs.MERGESORT.mergesort(MERGESORT.java:47)
	at java_programs.MERGESORT.mergesort(MERGESORT.java:47)
	at java_programs.MERGESORT.mergesort(MERGESORT.java:47)
	at java_programs.MERGESORT.mergesort(MERGESORT.java:47)
	at java_programs.MERGESORT.mergesort(MERGESORT.java:47)
	at java_programs.MERGESORT.mergesort(MERGESORT.java:47)
	at java_programs.MERGESORT.mergesort(MERGESORT.java:47)
	at java_programs.MERGESORT.mergesort(MERGESORT.java:47)
	at java_programs.MERGESORT.mergesort(MERGESORT.java:47)
	at java_programs.MERGESORT.mergesort(MERGESORT.java:47)
	at java_programs.MERGESORT.mergesort(MERGESORT.java:47)
	at java_programs.MERGESORT.mergesort(MERGESORT.java:47)
	at java_programs.MERGESORT.mergesort(MERGESORT.java:47)
	at java_programs.MERGESORT.mergesort(MERGESORT.java:47)
	at java_programs.MERGESORT.mergesort(MERGESORT.java:47)
	at java_programs.MERGESORT.mergesort(MERGESORT.java:47)
	at java_programs.MERGESORT.mergesort(MERGESORT.java:47)
	at java_programs.MERGESORT.mergesort(MERGESORT.java:47)
	at java_programs.MERGESORT.mergesort(MERGESORT.java:47)
	at java_programs.MERGESORT.mergesort(MERGESORT.java:47)
	at java_programs.MERGESORT.mergesort(MERGESORT.java:47)
	at java_programs.MERGESORT.mergesort(MERGESORT.java:47)
	at java_programs.MERGESORT.mergesort(MERGESORT.java:47)
	at java_programs.MERGESORT.mergesort(MERGESORT.java:47)
	at java_programs.MERGESORT.mergesort(MERGESORT.java:47)
	at java_programs.MERGESORT.mergesort(MERGESORT.java:47)
	at java_programs.MERGESORT.mergesort(MERGESORT.java:47)
	at java_programs.MERGESORT.mergesort(MERGESORT.java:47)
	at java_programs.MERGESORT.mergesort(MERGESORT.java:47)
	at java_programs.MERGESORT.mergesort(MERGESORT.java:47)
	at java_programs.MERGESORT.mergesort(MERGESORT.java:47)
	at java_programs.MERGESORT.mergesort(MERGESORT.java:47)
	at java_programs.MERGESORT.mergesort(MERGESORT.java:47)
	at java_programs.MERGESORT.mergesort(MERGESORT.java:47)
	at java_programs.MERGESORT.mergesort(MERGESORT.java:47)
	at java_programs.MERGESORT.mergesort(MERGESORT.java:47)
	at java_programs.MERGESORT.mergesort(MERGESORT.java:47)
	at java_programs.MERGESORT.mergesort(MERGESORT.java:47)
	at java_programs.MERGESORT.mergesort(MERGESORT.java:47)
	at java_programs.MERGESORT.mergesort(MERGESORT.java:47)
	at java_programs.MERGESORT.mergesort(MERGESORT.java:47)
	at java_programs.MERGESORT.mergesort(MERGESORT.java:47)
	at java_programs.MERGESORT.mergesort(MERGESORT.java:47)
	at java_programs.MERGESORT.mergesort(MERGESORT.java:47)
	at java_programs.MERGESORT.mergesort(MERGESORT.java:47)
	at java_programs.MERGESORT.mergesort(MERGESORT.java:47)
	at java_programs.MERGESORT.mergesort(MERGESORT.java:47)
	at java_programs.MERGESORT.mergesort(MERGESORT.java:47)
	at java_programs.MERGESORT.mergesort(MERGESORT.java:47)
	at java_programs.MERGESORT.mergesort(MERGESORT.java:47)
	at java_programs.MERGESORT.mergesort(MERGESORT.java:47)
	at java_programs.MERGESORT.mergesort(MERGESORT.java:47)
	at java_programs.MERGESORT.mergesort(MERGESORT.java:47)
	at java_programs.MERGESORT.mergesort(MERGESORT.java:47)
	at java_programs.MERGESORT.mergesort(MERGESORT.java:47)
	at java_programs.MERGESORT.mergesort(MERGESORT.java:47)
	at java_programs.MERGESORT.mergesort(MERGESORT.java:47)
	at java_programs.MERGESORT.mergesort(MERGESORT.java:47)
	at java_programs.MERGESORT.mergesort(MERGESORT.java:47)
	at java_programs.MERGESORT.mergesort(MERGESORT.java:47)
	at java_programs.MERGESORT.mergesort(MERGESORT.java:47)
	at java_programs.MERGESORT.mergesort(MERGESORT.java:47)
	at java_programs.MERGESORT.mergesort(MERGESORT.java:47)
	at java_programs.MERGESORT.mergesort(MERGESORT.java:47)
	at java_programs.MERGESORT.mergesort(MERGESORT.java:47)
	at java_programs.MERGESORT.mergesort(MERGESORT.java:47)
	at java_programs.MERGESORT.mergesort(MERGESORT.java:47)
	at java_programs.MERGESORT.mergesort(MERGESORT.java:47)
	at java_programs.MERGESORT.mergesort(MERGESORT.java:47)
	at java_programs.MERGESORT.mergesort(MERGESORT.java:47)
	at java_programs.MERGESORT.mergesort(MERGESORT.java:47)
	at java_programs.MERGESORT.mergesort(MERGESORT.java:47)
	at java_programs.MERGESORT.mergesort(MERGESORT.java:47)
	at java_programs.MERGESORT.mergesort(MERGESORT.java:47)
	at java_programs.MERGESORT.mergesort(MERGESORT.java:47)
	at java_programs.MERGESORT.mergesort(MERGESORT.java:47)
	at java_programs.MERGESORT.mergesort(MERGESORT.java:47)
	at java_programs.MERGESORT.mergesort(MERGESORT.java:47)
	at java_programs.MERGESORT.mergesort(MERGESORT.java:47)
	at java_programs.MERGESORT.mergesort(MERGESORT.java:47)
	at java_programs.MERGESORT.mergesort(MERGESORT.java:47)
	at java_programs.MERGESORT.mergesort(MERGESORT.java:47)
	at java_programs.MERGESORT.mergesort(MERGESORT.java:47)
	at java_programs.MERGESORT.mergesort(MERGESORT.java:47)
	at java_programs.MERGESORT.mergesort(MERGESORT.java:47)
	at java_programs.MERGESORT.mergesort(MERGESORT.java:47)
	at java_programs.MERGESORT.mergesort(MERGESORT.java:47)
	at java_programs.MERGESORT.mergesort(MERGESORT.java:47)
	at java_programs.MERGESORT.mergesort(MERGESORT.java:47)
	at java_programs.MERGESORT.mergesort(MERGESORT.java:47)
	at java_programs.MERGESORT.mergesort(MERGESORT.java:47)
	at java_programs.MERGESORT.mergesort(MERGESORT.java:47)
	at java_programs.MERGESORT.mergesort(MERGESORT.java:47)
	at java_programs.MERGESORT.mergesort(MERGESORT.java:47)
	at java_programs.MERGESORT.mergesort(MERGESORT.java:47)
	at java_programs.MERGESORT.mergesort(MERGESORT.java:47)
	at java_programs.MERGESORT.mergesort(MERGESORT.java:47)
	at java_programs.MERGESORT.mergesort(MERGESORT.java:47)
	at java_programs.MERGESORT.mergesort(MERGESORT.java:47)
	at java_programs.MERGESORT.mergesort(MERGESORT.java:47)
	at java_programs.MERGESORT.mergesort(MERGESORT.java:47)
	at java_programs.MERGESORT.mergesort(MERGESORT.java:47)
	at java_programs.MERGESORT.mergesort(MERGESORT.java:47)
	at java_programs.MERGESORT.mergesort(MERGESORT.java:47)
	at java_programs.MERGESORT.mergesort(MERGESORT.java:47)
	at java_programs.MERGESORT.mergesort(MERGESORT.java:47)
	at java_programs.MERGESORT.mergesort(MERGESORT.java:47)
	at java_programs.MERGESORT.mergesort(MERGESORT.java:47)
	at java_programs.MERGESORT.mergesort(MERGESORT.java:47)
	at java_programs.MERGESORT.mergesort(MERGESORT.java:47)
	at java_programs.MERGESORT.mergesort(MERGESORT.java:47)
	at java_programs.MERGESORT.mergesort(MERGESORT.java:47)
	at java_programs.MERGESORT.mergesort(MERGESORT.java:47)
	at java_programs.MERGESORT.mergesort(MERGESORT.java:47)
	at java_programs.MERGESORT.mergesort(MERGESORT.java:47)
	at java_programs.MERGESORT.mergesort(MERGESORT.java:47)
	at java_programs.MERGESORT.mergesort(MERGESORT.java:47)
	at java_programs.MERGESORT.mergesort(MERGESORT.java:47)
	at java_programs.MERGESORT.mergesort(MERGESORT.java:47)
	at java_programs.MERGESORT.mergesort(MERGESORT.java:47)
	at java_programs.MERGESORT.mergesort(MERGESORT.java:47)
	at java_programs.MERGESORT.mergesort(MERGESORT.java:47)
	at java_programs.MERGESORT.mergesort(MERGESORT.java:47)
	at java_programs.MERGESORT.mergesort(MERGESORT.java:47)
	at java_programs.MERGESORT.mergesort(MERGESORT.java:47)
	at java_programs.MERGESORT.mergesort(MERGESORT.java:47)
	at java_programs.MERGESORT.mergesort(MERGESORT.java:47)
	at java_programs.MERGESORT.mergesort(MERGESORT.java:47)
	at java_programs.MERGESORT.mergesort(MERGESORT.java:47)
	at java_programs.MERGESORT.mergesort(MERGESORT.java:47)
	at java_programs.MERGESORT.mergesort(MERGESORT.java:47)
	at java_programs.MERGESORT.mergesort(MERGESORT.java:47)
	at java_programs.MERGESORT.mergesort(MERGESORT.java:47)
	at java_programs.MERGESORT.mergesort(MERGESORT.java:47)
	at java_programs.MERGESORT.mergesort(MERGESORT.java:47)
	at java_programs.MERGESORT.mergesort(MERGESORT.java:47)
	at java_programs.MERGESORT.mergesort(MERGESORT.java:47)
	at java_programs.MERGESORT.mergesort(MERGESORT.java:47)
	at java_programs.MERGESORT.mergesort(MERGESORT.java:47)
	at java_programs.MERGESORT.mergesort(MERGESORT.java:47)
	at java_programs.MERGESORT.mergesort(MERGESORT.java:47)
	at java_programs.MERGESORT.mergesort(MERGESORT.java:47)
	at java_programs.MERGESORT.mergesort(MERGESORT.java:47)
	at java_programs.MERGESORT.mergesort(MERGESORT.java:47)
	at java_programs.MERGESORT.mergesort(MERGESORT.java:47)
	at java_programs.MERGESORT.mergesort(MERGESORT.java:47)
	at java_programs.MERGESORT.mergesort(MERGESORT.java:47)
	at java_programs.MERGESORT.mergesort(MERGESORT.java:47)
	at java_programs.MERGESORT.mergesort(MERGESORT.java:47)
	at java_programs.MERGESORT.mergesort(MERGESORT.java:47)
	at java_programs.MERGESORT.mergesort(MERGESORT.java:47)
	at java_programs.MERGESORT.mergesort(MERGESORT.java:47)
	at java_programs.MERGESORT.mergesort(MERGESORT.java:47)
	at java_programs.MERGESORT.mergesort(MERGESORT.java:47)
	at java_programs.MERGESORT.mergesort(MERGESORT.java:47)
	at java_programs.MERGESORT.mergesort(MERGESORT.java:47)
	at java_programs.MERGESORT.mergesort(MERGESORT.java:47)
	at java_programs.MERGESORT.mergesort(MERGESORT.java:47)
	at java_programs.MERGESORT.mergesort(MERGESORT.java:47)
	at java_programs.MERGESORT.mergesort(MERGESORT.java:47)
	at java_programs.MERGESORT.mergesort(MERGESORT.java:47)
	at java_programs.MERGESORT.mergesort(MERGESORT.java:47)
	at java_programs.MERGESORT.mergesort(MERGESORT.java:47)
	at java_programs.MERGESORT.mergesort(MERGESORT.java:47)
	at java_programs.MERGESORT.mergesort(MERGESORT.java:47)
	at java_programs.MERGESORT.mergesort(MERGESORT.java:47)
	at java_programs.MERGESORT.mergesort(MERGESORT.java:47)
	at java_programs.MERGESORT.mergesort(MERGESORT.java:47)
	at java_programs.MERGESORT.mergesort(MERGESORT.java:47)
	at java_programs.MERGESORT.mergesort(MERGESORT.java:47)
	at java_programs.MERGESORT.mergesort(MERGESORT.java:47)
	at java_programs.MERGESORT.mergesort(MERGESORT.java:47)
	at java_programs.MERGESORT.mergesort(MERGESORT.java:47)
	at java_programs.MERGESORT.mergesort(MERGESORT.java:47)
	at java_programs.MERGESORT.mergesort(MERGESORT.java:47)
	at java_programs.MERGESORT.mergesort(MERGESORT.java:47)
	at java_programs.MERGESORT.mergesort(MERGESORT.java:47)
	at java_programs.MERGESORT.mergesort(MERGESORT.java:47)
	at java_programs.MERGESORT.mergesort(MERGESORT.java:47)
	at java_programs.MERGESORT.mergesort(MERGESORT.java:47)
	at java_programs.MERGESORT.mergesort(MERGESORT.java:47)
	at java_programs.MERGESORT.mergesort(MERGESORT.java:47)
	at java_programs.MERGESORT.mergesort(MERGESORT.java:47)
	at java_programs.MERGESORT.mergesort(MERGESORT.java:47)
	at java_programs.MERGESORT.mergesort(MERGESORT.java:47)
	at java_programs.MERGESORT.mergesort(MERGESORT.java:47)
	at java_programs.MERGESORT.mergesort(MERGESORT.java:47)
	at java_programs.MERGESORT.mergesort(MERGESORT.java:47)
	at java_programs.MERGESORT.mergesort(MERGESORT.java:47)
	at java_programs.MERGESORT.mergesort(MERGESORT.java:47)
	at java_programs.MERGESORT.mergesort(MERGESORT.java:47)
	at java_programs.MERGESORT.mergesort(MERGESORT.java:47)
	at java_programs.MERGESORT.mergesort(MERGESORT.java:47)
	at java_programs.MERGESORT.mergesort(MERGESORT.java:47)
	at java_programs.MERGESORT.mergesort(MERGESORT.java:47)
	at java_programs.MERGESORT.mergesort(MERGESORT.java:47)
	at java_programs.MERGESORT.mergesort(MERGESORT.java:47)
	at java_programs.MERGESORT.mergesort(MERGESORT.java:47)
	at java_programs.MERGESORT.mergesort(MERGESORT.java:47)
	at java_programs.MERGESORT.mergesort(MERGESORT.java:47)
	at java_programs.MERGESORT.mergesort(MERGESORT.java:47)
	at java_programs.MERGESORT.mergesort(MERGESORT.java:47)
	at java_programs.MERGESORT.mergesort(MERGESORT.java:47)
	at java_programs.MERGESORT.mergesort(MERGESORT.java:47)
	at java_programs.MERGESORT.mergesort(MERGESORT.java:47)
	at java_programs.MERGESORT.mergesort(MERGESORT.java:47)
	at java_programs.MERGESORT.mergesort(MERGESORT.java:47)
	at java_programs.MERGESORT.mergesort(MERGESORT.java:47)
	at java_programs.MERGESORT.mergesort(MERGESORT.java:47)
	at java_programs.MERGESORT.mergesort(MERGESORT.java:47)
	at java_programs.MERGESORT.mergesort(MERGESORT.java:47)
	at java_programs.MERGESORT.mergesort(MERGESORT.java:47)
	at java_programs.MERGESORT.mergesort(MERGESORT.java:47)
	at java_programs.MERGESORT.mergesort(MERGESORT.java:47)
	at java_programs.MERGESORT.mergesort(MERGESORT.java:47)
	at java_programs.MERGESORT.mergesort(MERGESORT.java:47)
	at java_programs.MERGESORT.mergesort(MERGESORT.java:47)
	at java_programs.MERGESORT.mergesort(MERGESORT.java:47)
	at java_programs.MERGESORT.mergesort(MERGESORT.java:47)
	at java_programs.MERGESORT.mergesort(MERGESORT.java:47)
	at java_programs.MERGESORT.mergesort(MERGESORT.java:47)
	at java_programs.MERGESORT.mergesort(MERGESORT.java:47)
	at java_programs.MERGESORT.mergesort(MERGESORT.java:47)
	at java_programs.MERGESORT.mergesort(MERGESORT.java:47)
	at java_programs.MERGESORT.mergesort(MERGESORT.java:47)
	at java_programs.MERGESORT.mergesort(MERGESORT.java:47)
	at java_programs.MERGESORT.mergesort(MERGESORT.java:47)
	at java_programs.MERGESORT.mergesort(MERGESORT.java:47)
	at java_programs.MERGESORT.mergesort(MERGESORT.java:47)
	at java_programs.MERGESORT.mergesort(MERGESORT.java:47)
	at java_programs.MERGESORT.mergesort(MERGESORT.java:47)
	at java_programs.MERGESORT.mergesort(MERGESORT.java:47)
	at java_programs.MERGESORT.mergesort(MERGESORT.java:47)
	at java_programs.MERGESORT.mergesort(MERGESORT.java:47)
	at java_programs.MERGESORT.mergesort(MERGESORT.java:47)
	at java_programs.MERGESORT.mergesort(MERGESORT.java:47)
	at java_programs.MERGESORT.mergesort(MERGESORT.java:47)
	at java_programs.MERGESORT.mergesort(MERGESORT.java:47)
	at java_programs.MERGESORT.mergesort(MERGESORT.java:47)
	at java_programs.MERGESORT.mergesort(MERGESORT.java:47)
	at java_programs.MERGESORT.mergesort(MERGESORT.java:47)
	at java_programs.MERGESORT.mergesort(MERGESORT.java:47)
	at java_programs.MERGESORT.mergesort(MERGESORT.java:47)
	at java_programs.MERGESORT.mergesort(MERGESORT.java:47)
	at java_programs.MERGESORT.mergesort(MERGESORT.java:47)
	at java_programs.MERGESORT.mergesort(MERGESORT.java:47)
	at java_programs.MERGESORT.mergesort(MERGESORT.java:47)
	at java_programs.MERGESORT.mergesort(MERGESORT.java:47)
	at java_programs.MERGESORT.mergesort(MERGESORT.java:47)
	at java_programs.MERGESORT.mergesort(MERGESORT.java:47)
	at java_programs.MERGESORT.mergesort(MERGESORT.java:47)
	at java_programs.MERGESORT.mergesort(MERGESORT.java:47)
	at java_programs.MERGESORT.mergesort(MERGESORT.java:47)
	at java_programs.MERGESORT.mergesort(MERGESORT.java:47)
	at java_programs.MERGESORT.mergesort(MERGESORT.java:47)
	at java_programs.MERGESORT.mergesort(MERGESORT.java:47)
	at java_programs.MERGESORT.mergesort(MERGESORT.java:47)
	at java_programs.MERGESORT.mergesort(MERGESORT.java:47)
	at java_programs.MERGESORT.mergesort(MERGESORT.java:47)
	at java_programs.MERGESORT.mergesort(MERGESORT.java:47)
	at java_programs.MERGESORT.mergesort(MERGESORT.java:47)
	at java_programs.MERGESORT.mergesort(MERGESORT.java:47)
	at java_programs.MERGESORT.mergesort(MERGESORT.java:47)
	at java_programs.MERGESORT.mergesort(MERGESORT.java:47)
	at java_programs.MERGESORT.mergesort(MERGESORT.java:47)
	at java_programs.MERGESORT.mergesort(MERGESORT.java:47)
	at java_programs.MERGESORT.mergesort(MERGESORT.java:47)
	at java_programs.MERGESORT.mergesort(MERGESORT.java:47)
	at java_programs.MERGESORT.mergesort(MERGESORT.java:47)
	at java_programs.MERGESORT.mergesort(MERGESORT.java:47)
	at java_programs.MERGESORT.mergesort(MERGESORT.java:47)
	at java_programs.MERGESORT.mergesort(MERGESORT.java:47)
	at java_programs.MERGESORT.mergesort(MERGESORT.java:47)
	at java_programs.MERGESORT.mergesort(MERGESORT.java:47)
	at java_programs.MERGESORT.mergesort(MERGESORT.java:47)
	at java_programs.MERGESORT.mergesort(MERGESORT.java:47)
	at java_programs.MERGESORT.mergesort(MERGESORT.java:47)
	at java_programs.MERGESORT.mergesort(MERGESORT.java:47)
	at java_programs.MERGESORT.mergesort(MERGESORT.java:47)
	at java_programs.MERGESORT.mergesort(MERGESORT.java:47)
	at java_programs.MERGESORT.mergesort(MERGESORT.java:47)
	at java_programs.MERGESORT.mergesort(MERGESORT.java:47)
	at java_programs.MERGESORT.mergesort(MERGESORT.java:47)
	at java_programs.MERGESORT.mergesort(MERGESORT.java:47)
	at java_programs.MERGESORT.mergesort(MERGESORT.java:47)
	at java_programs.MERGESORT.mergesort(MERGESORT.java:47)
	at java_programs.MERGESORT.mergesort(MERGESORT.java:47)
	at java_programs.MERGESORT.mergesort(MERGESORT.java:47)
	at java_programs.MERGESORT.mergesort(MERGESORT.java:47)
	at java_programs.MERGESORT.mergesort(MERGESORT.java:47)
	at java_programs.MERGESORT.mergesort(MERGESORT.java:47)
	at java_programs.MERGESORT.mergesort(MERGESORT.java:47)
	at java_programs.MERGESORT.mergesort(MERGESORT.java:47)
	at java_programs.MERGESORT.mergesort(MERGESORT.java:47)
	at java_programs.MERGESORT.mergesort(MERGESORT.java:47)
	at java_programs.MERGESORT.mergesort(MERGESORT.java:47)
	at java_programs.MERGESORT.mergesort(MERGESORT.java:47)
	at java_programs.MERGESORT.mergesort(MERGESORT.java:47)
	at java_programs.MERGESORT.mergesort(MERGESORT.java:47)
	at java_programs.MERGESORT.mergesort(MERGESORT.java:47)
	at java_programs.MERGESORT.mergesort(MERGESORT.java:47)
	at java_programs.MERGESORT.mergesort(MERGESORT.java:47)
	at java_programs.MERGESORT.mergesort(MERGESORT.java:47)
	at java_programs.MERGESORT.mergesort(MERGESORT.java:47)
	at java_programs.MERGESORT.mergesort(MERGESORT.java:47)
	at java_programs.MERGESORT.mergesort(MERGESORT.java:47)
	at java_programs.MERGESORT.mergesort(MERGESORT.java:47)
	at java_programs.MERGESORT.mergesort(MERGESORT.java:47)
	at java_programs.MERGESORT.mergesort(MERGESORT.java:47)
	at java_programs.MERGESORT.mergesort(MERGESORT.java:47)
	at java_programs.MERGESORT.mergesort(MERGESORT.java:47)
	at java_programs.MERGESORT.mergesort(MERGESORT.java:47)
	at java_programs.MERGESORT.mergesort(MERGESORT.java:47)
	at java_programs.MERGESORT.mergesort(MERGESORT.java:47)
	at java_programs.MERGESORT.mergesort(MERGESORT.java:47)
	at java_programs.MERGESORT.mergesort(MERGESORT.java:47)
	at java_programs.MERGESORT.mergesort(MERGESORT.java:47)
	at java_programs.MERGESORT.mergesort(MERGESORT.java:47)
	at java_programs.MERGESORT.mergesort(MERGESORT.java:47)
	at java_programs.MERGESORT.mergesort(MERGESORT.java:47)
	at java_programs.MERGESORT.mergesort(MERGESORT.java:47)
	at java_programs.MERGESORT.mergesort(MERGESORT.java:47)
	at java_programs.MERGESORT.mergesort(MERGESORT.java:47)
	at java_programs.MERGESORT.mergesort(MERGESORT.java:47)
	at java_programs.MERGESORT.mergesort(MERGESORT.java:47)
	at java_programs.MERGESORT.mergesort(MERGESORT.java:47)
	at java_programs.MERGESORT.mergesort(MERGESORT.java:47)
	at java_programs.MERGESORT.mergesort(MERGESORT.java:47)
	at java_programs.MERGESORT.mergesort(MERGESORT.java:47)
	at java_programs.MERGESORT.mergesort(MERGESORT.java:47)
	at java_programs.MERGESORT.mergesort(MERGESORT.java:47)
	at java_programs.MERGESORT.mergesort(MERGESORT.java:47)
	at java_programs.MERGESORT.mergesort(MERGESORT.java:47)
	at java_programs.MERGESORT.mergesort(MERGESORT.java:47)
	at java_programs.MERGESORT.mergesort(MERGESORT.java:47)
	at java_programs.MERGESORT.mergesort(MERGESORT.java:47)
	at java_programs.MERGESORT.mergesort(MERGESORT.java:47)
	at java_programs.MERGESORT.mergesort(MERGESORT.java:47)
	at java_programs.MERGESORT.mergesort(MERGESORT.java:47)
	at java_programs.MERGESORT.mergesort(MERGESORT.java:47)
	at java_programs.MERGESORT.mergesort(MERGESORT.java:47)
	at java_programs.MERGESORT.mergesort(MERGESORT.java:47)
	at java_programs.MERGESORT.mergesort(MERGESORT.java:47)
	at java_programs.MERGESORT.mergesort(MERGESORT.java:47)
	at java_programs.MERGESORT.mergesort(MERGESORT.java:47)
	at java_programs.MERGESORT.mergesort(MERGESORT.java:47)
	at java_programs.MERGESORT.mergesort(MERGESORT.java:47)
	at java_programs.MERGESORT.mergesort(MERGESORT.java:47)
	at java_programs.MERGESORT.mergesort(MERGESORT.java:47)
	at java_programs.MERGESORT.mergesort(MERGESORT.java:47)
	at java_programs.MERGESORT.mergesort(MERGESORT.java:47)
	at java_programs.MERGESORT.mergesort(MERGESORT.java:47)
	at java_programs.MERGESORT.mergesort(MERGESORT.java:47)
	at java_programs.MERGESORT.mergesort(MERGESORT.java:47)
	at java_programs.MERGESORT.mergesort(MERGESORT.java:47)
	at java_programs.MERGESORT.mergesort(MERGESORT.java:47)
	at java_programs.MERGESORT.mergesort(MERGESORT.java:47)
	at java_programs.MERGESORT.mergesort(MERGESORT.java:47)
	at java_programs.MERGESORT.mergesort(MERGESORT.java:47)
	at java_programs.MERGESORT.mergesort(MERGESORT.java:47)
	at java_programs.MERGESORT.mergesort(MERGESORT.java:47)
	at java_programs.MERGESORT.mergesort(MERGESORT.java:47)
	at java_programs.MERGESORT.mergesort(MERGESORT.java:47)
	at java_programs.MERGESORT.mergesort(MERGESORT.java:47)
	at java_programs.MERGESORT.mergesort(MERGESORT.java:47)
	at java_programs.MERGESORT.mergesort(MERGESORT.java:47)
	at java_programs.MERGESORT.mergesort(MERGESORT.java:47)
	at java_programs.MERGESORT.mergesort(MERGESORT.java:47)
	at java_programs.MERGESORT.mergesort(MERGESORT.java:47)
	at java_programs.MERGESORT.mergesort(MERGESORT.java:47)
	at java_programs.MERGESORT.mergesort(MERGESORT.java:47)
	at java_programs.MERGESORT.mergesort(MERGESORT.java:47)
	at java_programs.MERGESORT.mergesort(MERGESORT.java:47)
	at java_programs.MERGESORT.mergesort(MERGESORT.java:47)
	at java_programs.MERGESORT.mergesort(MERGESORT.java:47)
	at java_programs.MERGESORT.mergesort(MERGESORT.java:47)
	at java_programs.MERGESORT.mergesort(MERGESORT.java:47)
	at java_programs.MERGESORT.mergesort(MERGESORT.java:47)
	at java_programs.MERGESORT.mergesort(MERGESORT.java:47)
	at java_programs.MERGESORT.mergesort(MERGESORT.java:47)
	at java_programs.MERGESORT.mergesort(MERGESORT.java:47)
	at java_programs.MERGESORT.mergesort(MERGESORT.java:47)
	at java_programs.MERGESORT.mergesort(MERGESORT.java:47)
	at java_programs.MERGESORT.mergesort(MERGESORT.java:47)
	at java_programs.MERGESORT.mergesort(MERGESORT.java:47)
	at java_programs.MERGESORT.mergesort(MERGESORT.java:47)
	at java_programs.MERGESORT.mergesort(MERGESORT.java:47)
	at java_programs.MERGESORT.mergesort(MERGESORT.java:47)
	at java_programs.MERGESORT.mergesort(MERGESORT.java:47)
	at java_programs.MERGESORT.mergesort(MERGESORT.java:47)
	at java_programs.MERGESORT.mergesort(MERGESORT.java:47)
	at java_programs.MERGESORT.mergesort(MERGESORT.java:47)
	at java_programs.MERGESORT.mergesort(MERGESORT.java:47)
	at java_programs.MERGESORT.mergesort(MERGESORT.java:47)
	at java_programs.MERGESORT.mergesort(MERGESORT.java:47)
	at java_programs.MERGESORT.mergesort(MERGESORT.java:47)
	at java_programs.MERGESORT.mergesort(MERGESORT.java:47)
	at java_programs.MERGESORT.mergesort(MERGESORT.java:47)
	at java_programs.MERGESORT.mergesort(MERGESORT.java:47)
	at java_programs.MERGESORT.mergesort(MERGESORT.java:47)
	at java_programs.MERGESORT.mergesort(MERGESORT.java:47)
	at java_programs.MERGESORT.mergesort(MERGESORT.java:47)
	at java_programs.MERGESORT.mergesort(MERGESORT.java:47)
	at java_programs.MERGESORT.mergesort(MERGESORT.java:47)
	at java_programs.MERGESORT.mergesort(MERGESORT.java:47)
	at java_programs.MERGESORT.mergesort(MERGESORT.java:47)
	at java_programs.MERGESORT.mergesort(MERGESORT.java:47)
	at java_programs.MERGESORT.mergesort(MERGESORT.java:47)
	at java_programs.MERGESORT.mergesort(MERGESORT.java:47)
	at java_programs.MERGESORT.mergesort(MERGESORT.java:47)
	at java_programs.MERGESORT.mergesort(MERGESORT.java:47)
	at java_programs.MERGESORT.mergesort(MERGESORT.java:47)
	at java_programs.MERGESORT.mergesort(MERGESORT.java:47)
	at java_programs.MERGESORT.mergesort(MERGESORT.java:47)
	at java_programs.MERGESORT.mergesort(MERGESORT.java:47)
	at java_programs.MERGESORT.mergesort(MERGESORT.java:47)
	at java_programs.MERGESORT.mergesort(MERGESORT.java:47)
	at java_programs.MERGESORT.mergesort(MERGESORT.java:47)
	at java_programs.MERGESORT.mergesort(MERGESORT.java:47)
	at java_programs.MERGESORT.mergesort(MERGESORT.java:47)
	at java_programs.MERGESORT.mergesort(MERGESORT.java:47)
	at java_programs.MERGESORT.mergesort(MERGESORT.java:47)
	at java_programs.MERGESORT.mergesort(MERGESORT.java:47)
	at java_programs.MERGESORT.mergesort(MERGESORT.java:47)
	at java_programs.MERGESORT.mergesort(MERGESORT.java:47)
	at java_programs.MERGESORT.mergesort(MERGESORT.java:47)
	at java_programs.MERGESORT.mergesort(MERGESORT.java:47)
	at java_programs.MERGESORT.mergesort(MERGESORT.java:47)
	at java_programs.MERGESORT.mergesort(MERGESORT.java:47)
	at java_programs.MERGESORT.mergesort(MERGESORT.java:47)
	at java_programs.MERGESORT.mergesort(MERGESORT.java:47)
	at java_programs.MERGESORT.mergesort(MERGESORT.java:47)
	at java_programs.MERGESORT.mergesort(MERGESORT.java:47)
	at java_programs.MERGESORT.mergesort(MERGESORT.java:47)
	at java_programs.MERGESORT.mergesort(MERGESORT.java:47)
	at java_programs.MERGESORT.mergesort(MERGESORT.java:47)
	at java_programs.MERGESORT.mergesort(MERGESORT.java:47)
	at java_programs.MERGESORT.mergesort(MERGESORT.java:47)
	at java_programs.MERGESORT.mergesort(MERGESORT.java:47)
	at java_programs.MERGESORT.mergesort(MERGESORT.java:47)
	at java_programs.MERGESORT.mergesort(MERGESORT.java:47)
	at java_programs.MERGESORT.mergesort(MERGESORT.java:47)
	at java_programs.MERGESORT.mergesort(MERGESORT.java:47)
	at java_programs.MERGESORT.mergesort(MERGESORT.java:47)
	at java_programs.MERGESORT.mergesort(MERGESORT.java:47)
	at java_programs.MERGESORT.mergesort(MERGESORT.java:47)
	at java_programs.MERGESORT.mergesort(MERGESORT.java:47)
	at java_programs.MERGESORT.mergesort(MERGESORT.java:47)
	at java_programs.MERGESORT.mergesort(MERGESORT.java:47)
	at java_programs.MERGESORT.mergesort(MERGESORT.java:47)
	at java_programs.MERGESORT.mergesort(MERGESORT.java:47)
	at java_programs.MERGESORT.mergesort(MERGESORT.java:47)
	at java_programs.MERGESORT.mergesort(MERGESORT.java:47)
	at java_programs.MERGESORT.mergesort(MERGESORT.java:47)
	at java_programs.MERGESORT.mergesort(MERGESORT.java:47)
	at java_programs.MERGESORT.mergesort(MERGESORT.java:47)
	at java_programs.MERGESORT.mergesort(MERGESORT.java:47)
	at java_programs.MERGESORT.mergesort(MERGESORT.java:47)
	at java_programs.MERGESORT.mergesort(MERGESORT.java:47)
	at java_programs.MERGESORT.mergesort(MERGESORT.java:47)
	at java_programs.MERGESORT.mergesort(MERGESORT.java:47)
	at java_programs.MERGESORT.mergesort(MERGESORT.java:47)
	at java_programs.MERGESORT.mergesort(MERGESORT.java:47)
	at java_programs.MERGESORT.mergesort(MERGESORT.java:47)
	at java_programs.MERGESORT.mergesort(MERGESORT.java:47)
	at java_programs.MERGESORT.mergesort(MERGESORT.java:47)
	at java_programs.MERGESORT.mergesort(MERGESORT.java:47)
	at java_programs.MERGESORT.mergesort(MERGESORT.java:47)
	at java_programs.MERGESORT.mergesort(MERGESORT.java:47)
	at java_programs.MERGESORT.mergesort(MERGESORT.java:47)
	at java_programs.MERGESORT.mergesort(MERGESORT.java:47)
	at java_programs.MERGESORT.mergesort(MERGESORT.java:47)
	at java_programs.MERGESORT.mergesort(MERGESORT.java:47)
	at java_programs.MERGESORT.mergesort(MERGESORT.java:47)
	at java_programs.MERGESORT.mergesort(MERGESORT.java:47)
	at java_programs.MERGESORT.mergesort(MERGESORT.java:47)
	at java_programs.MERGESORT.mergesort(MERGESORT.java:47)
	at java_programs.MERGESORT.mergesort(MERGESORT.java:47)
	at java_programs.MERGESORT.mergesort(MERGESORT.java:47)
	at java_programs.MERGESORT.mergesort(MERGESORT.java:47)
	at java_programs.MERGESORT.mergesort(MERGESORT.java:47)
	at java_programs.MERGESORT.mergesort(MERGESORT.java:47)
	at java_programs.MERGESORT.mergesort(MERGESORT.java:47)
	at java_programs.MERGESORT.mergesort(MERGESORT.java:47)
	at java_programs.MERGESORT.mergesort(MERGESORT.java:47)
	at java_programs.MERGESORT.mergesort(MERGESORT.java:47)
	at java_programs.MERGESORT.mergesort(MERGESORT.java:47)
	at java_programs.MERGESORT.mergesort(MERGESORT.java:47)
	at java_programs.MERGESORT.mergesort(MERGESORT.java:47)
	at java_programs.MERGESORT.mergesort(MERGESORT.java:47)
	at java_programs.MERGESORT.mergesort(MERGESORT.java:47)
	at java_programs.MERGESORT.mergesort(MERGESORT.java:47)
	at java_programs.MERGESORT.mergesort(MERGESORT.java:47)
	at java_programs.MERGESORT.mergesort(MERGESORT.java:47)
	at java_programs.MERGESORT.mergesort(MERGESORT.java:47)
	at java_programs.MERGESORT.mergesort(MERGESORT.java:47)
	at java_programs.MERGESORT.mergesort(MERGESORT.java:47)
	at java_programs.MERGESORT.mergesort(MERGESORT.java:47)
	at java_programs.MERGESORT.mergesort(MERGESORT.java:47)
	at java_programs.MERGESORT.mergesort(MERGESORT.java:47)
	at java_programs.MERGESORT.mergesort(MERGESORT.java:47)
	at java_programs.MERGESORT.mergesort(MERGESORT.java:47)
	at java_programs.MERGESORT.mergesort(MERGESORT.java:47)
	at java_programs.MERGESORT.mergesort(MERGESORT.java:47)
	at java_programs.MERGESORT.mergesort(MERGESORT.java:47)
	at java_programs.MERGESORT.mergesort(MERGESORT.java:47)
	at java_programs.MERGESORT.mergesort(MERGESORT.java:47)
	at java_programs.MERGESORT.mergesort(MERGESORT.java:47)
	at java_programs.MERGESORT.mergesort(MERGESORT.java:47)
	at java_programs.MERGESORT.mergesort(MERGESORT.java:47)
	at java_programs.MERGESORT.mergesort(MERGESORT.java:47)
	at java_programs.MERGESORT.mergesort(MERGESORT.java:47)
	at java_programs.MERGESORT.mergesort(MERGESORT.java:47)
	at java_programs.MERGESORT.mergesort(MERGESORT.java:47)
	at java_programs.MERGESORT.mergesort(MERGESORT.java:47)
	at java_programs.MERGESORT.mergesort(MERGESORT.java:47)
	at java_programs.MERGESORT.mergesort(MERGESORT.java:47)
	at java_programs.MERGESORT.mergesort(MERGESORT.java:47)
	at java_programs.MERGESORT.mergesort(MERGESORT.java:47)
	at java_programs.MERGESORT.mergesort(MERGESORT.java:47)
	at java_programs.MERGESORT.mergesort(MERGESORT.java:47)
	at java_programs.MERGESORT.mergesort(MERGESORT.java:47)
	at java_programs.MERGESORT.mergesort(MERGESORT.java:47)
	at java_programs.MERGESORT.mergesort(MERGESORT.java:47)
	at java_programs.MERGESORT.mergesort(MERGESORT.java:47)
	at java_programs.MERGESORT.mergesort(MERGESORT.java:47)
	at java_programs.MERGESORT.mergesort(MERGESORT.java:47)
	at java_programs.MERGESORT.mergesort(MERGESORT.java:47)
	at java_programs.MERGESORT.mergesort(MERGESORT.java:47)
	at java_programs.MERGESORT.mergesort(MERGESORT.java:47)
	at java_programs.MERGESORT.mergesort(MERGESORT.java:47)
	at java_programs.MERGESORT.mergesort(MERGESORT.java:47)
	at java_programs.MERGESORT.mergesort(MERGESORT.java:47)
	at java_programs.MERGESORT.mergesort(MERGESORT.java:47)
	at java_programs.MERGESORT.mergesort(MERGESORT.java:47)
	at java_programs.MERGESORT.mergesort(MERGESORT.java:47)
	at java_programs.MERGESORT.mergesort(MERGESORT.java:47)
	at java_programs.MERGESORT.mergesort(MERGESORT.java:47)
	at java_programs.MERGESORT.mergesort(MERGESORT.java:47)
	at java_programs.MERGESORT.mergesort(MERGESORT.java:47)
	at java_programs.MERGESORT.mergesort(MERGESORT.java:47)
	at java_programs.MERGESORT.mergesort(MERGESORT.java:47)
	at java_programs.MERGESORT.mergesort(MERGESORT.java:47)
	at java_programs.MERGESORT.mergesort(MERGESORT.java:47)
	at java_programs.MERGESORT.mergesort(MERGESORT.java:47)
	at java_programs.MERGESORT.mergesort(MERGESORT.java:47)
	at java_programs.MERGESORT.mergesort(MERGESORT.java:47)
	at java_programs.MERGESORT.mergesort(MERGESORT.java:47)
	at java_programs.MERGESORT.mergesort(MERGESORT.java:47)
	at java_programs.MERGESORT.mergesort(MERGESORT.java:47)
	at java_programs.MERGESORT.mergesort(MERGESORT.java:47)
	at java_programs.MERGESORT.mergesort(MERGESORT.java:47)
	at java_programs.MERGESORT.mergesort(MERGESORT.java:47)
	at java_programs.MERGESORT.mergesort(MERGESORT.java:47)
	at java_programs.MERGESORT.mergesort(MERGESORT.java:47)
	at java_programs.MERGESORT.mergesort(MERGESORT.java:47)
	at java_programs.MERGESORT.mergesort(MERGESORT.java:47)
	at java_programs.MERGESORT.mergesort(MERGESORT.java:47)
	at java_programs.MERGESORT.mergesort(MERGESORT.java:47)
	at java_programs.MERGESORT.mergesort(MERGESORT.java:47)
	at java_programs.MERGESORT.mergesort(MERGESORT.java:47)
	at java_programs.MERGESORT.mergesort(MERGESORT.java:47)
	at java_programs.MERGESORT.mergesort(MERGESORT.java:47)
	at java_programs.MERGESORT.mergesort(MERGESORT.java:47)
	at java_programs.MERGESORT.mergesort(MERGESORT.java:47)
	at java_programs.MERGESORT.mergesort(MERGESORT.java:47)
	at java_programs.MERGESORT.mergesort(MERGESORT.java:47)
	at java_programs.MERGESORT.mergesort(MERGESORT.java:47)
	at java_programs.MERGESORT.mergesort(MERGESORT.java:47)
	at java_programs.MERGESORT.mergesort(MERGESORT.java:47)
	at java_programs.MERGESORT.mergesort(MERGESORT.java:47)
	at java_programs.MERGESORT.mergesort(MERGESORT.java:47)
	at java_programs.MERGESORT.mergesort(MERGESORT.java:47)
	at java_programs.MERGESORT.mergesort(MERGESORT.java:47)
	at java_programs.MERGESORT.mergesort(MERGESORT.java:47)
	at java_programs.MERGESORT.mergesort(MERGESORT.java:47)
	at java_programs.MERGESORT.mergesort(MERGESORT.java:47)
	at java_programs.MERGESORT.mergesort(MERGESORT.java:47)
	at java_programs.MERGESORT.mergesort(MERGESORT.java:47)
	at java_programs.MERGESORT.mergesort(MERGESORT.java:47)
	at java_programs.MERGESORT.mergesort(MERGESORT.java:47)
	at java_programs.MERGESORT.mergesort(MERGESORT.java:47)
	at java_programs.MERGESORT.mergesort(MERGESORT.java:47)
	at java_programs.MERGESORT.mergesort(MERGESORT.java:47)
	at java_programs.MERGESORT.mergesort(MERGESORT.java:47)
	at java_programs.MERGESORT.mergesort(MERGESORT.java:47)
	at java_programs.MERGESORT.mergesort(MERGESORT.java:47)
	at java_programs.MERGESORT.mergesort(MERGESORT.java:47)
	at java_programs.MERGESORT.mergesort(MERGESORT.java:47)
	at java_programs.MERGESORT.mergesort(MERGESORT.java:47)
	at java_programs.MERGESORT.mergesort(MERGESORT.java:47)
	at java_programs.MERGESORT.mergesort(MERGESORT.java:47)
	at java_programs.MERGESORT.mergesort(MERGESORT.java:47)
	at java_programs.MERGESORT.mergesort(MERGESORT.java:47)
	at java_programs.MERGESORT.mergesort(MERGESORT.java:47)
	at java_programs.MERGESORT.mergesort(MERGESORT.java:47)
	at java_programs.MERGESORT.mergesort(MERGESORT.java:47)
	at java_programs.MERGESORT.mergesort(MERGESORT.java:47)
	at java_programs.MERGESORT.mergesort(MERGESORT.java:47)
	at java_programs.MERGESORT.mergesort(MERGESORT.java:47)
	at java_programs.MERGESORT.mergesort(MERGESORT.java:47)
	at java_programs.MERGESORT.mergesort(MERGESORT.java:47)
	at java_programs.MERGESORT.mergesort(MERGESORT.java:47)
	at java_programs.MERGESORT.mergesort(MERGESORT.java:47)
	at java_programs.MERGESORT.mergesort(MERGESORT.java:47)
	at java_programs.MERGESORT.mergesort(MERGESORT.java:47)
	at java_programs.MERGESORT.mergesort(MERGESORT.java:47)
	at java_programs.MERGESORT.mergesort(MERGESORT.java:47)
	at java_programs.MERGESORT.mergesort(MERGESORT.java:47)
	at java_programs.MERGESORT.mergesort(MERGESORT.java:47)
	at java_programs.MERGESORT.mergesort(MERGESORT.java:47)
	at java_programs.MERGESORT.mergesort(MERGESORT.java:47)
	at java_programs.MERGESORT.mergesort(MERGESORT.java:47)
	at java_programs.MERGESORT.mergesort(MERGESORT.java:47)
	at java_programs.MERGESORT.mergesort(MERGESORT.java:47)
	at java_programs.MERGESORT.mergesort(MERGESORT.java:47)
	at java_programs.MERGESORT.mergesort(MERGESORT.java:47)
	at java_programs.MERGESORT.mergesort(MERGESORT.java:47)
	at java_programs.MERGESORT.mergesort(MERGESORT.java:47)
	at java_programs.MERGESORT.mergesort(MERGESORT.java:47)
	at java_programs.MERGESORT.mergesort(MERGESORT.java:47)
	at java_programs.MERGESORT.mergesort(MERGESORT.java:47)
	at java_programs.MERGESORT.mergesort(MERGESORT.java:47)
	at java_programs.MERGESORT.mergesort(MERGESORT.java:47)
	at java_programs.MERGESORT.mergesort(MERGESORT.java:47)
	at java_programs.MERGESORT.mergesort(MERGESORT.java:47)
	at java_programs.MERGESORT.mergesort(MERGESORT.java:47)
	at java_programs.MERGESORT.mergesort(MERGESORT.java:47)
	at java_programs.MERGESORT.mergesort(MERGESORT.java:47)
	at java_programs.MERGESORT.mergesort(MERGESORT.java:47)
	at java_programs.MERGESORT.mergesort(MERGESORT.java:47)
	at java_programs.MERGESORT.mergesort(MERGESORT.java:47)
	at java_programs.MERGESORT.mergesort(MERGESORT.java:47)
	at java_programs.MERGESORT.mergesort(MERGESORT.java:47)
	at java_programs.MERGESORT.mergesort(MERGESORT.java:47)
	at java_programs.MERGESORT.mergesort(MERGESORT.java:47)
	at java_programs.MERGESORT.mergesort(MERGESORT.java:47)
	at java_programs.MERGESORT.mergesort(MERGESORT.java:47)
	at java_programs.MERGESORT.mergesort(MERGESORT.java:47)
	at java_programs.MERGESORT.mergesort(MERGESORT.java:47)
	at java_programs.MERGESORT.mergesort(MERGESORT.java:47)
	at java_programs.MERGESORT.mergesort(MERGESORT.java:47)
	at java_programs.MERGESORT.mergesort(MERGESORT.java:47)
	at java_programs.MERGESORT.mergesort(MERGESORT.java:47)
	at java_programs.MERGESORT.mergesort(MERGESORT.java:47)
	at java_programs.MERGESORT.mergesort(MERGESORT.java:47)
	at java_programs.MERGESORT.mergesort(MERGESORT.java:47)
	at java_programs.MERGESORT.mergesort(MERGESORT.java:47)
	at java_programs.MERGESORT.mergesort(MERGESORT.java:47)
	at java_programs.MERGESORT.mergesort(MERGESORT.java:47)
	at java_programs.MERGESORT.mergesort(MERGESORT.java:47)
	at java_programs.MERGESORT.mergesort(MERGESORT.java:47)
	at java_programs.MERGESORT.mergesort(MERGESORT.java:47)
	at java_programs.MERGESORT.mergesort(MERGESORT.java:47)
	at java_programs.MERGESORT.mergesort(MERGESORT.java:47)
	at java_programs.MERGESORT.mergesort(MERGESORT.java:47)
	at java_programs.MERGESORT.mergesort(MERGESORT.java:47)
	at java_programs.MERGESORT.mergesort(MERGESORT.java:47)
	at java_programs.MERGESORT.mergesort(MERGESORT.java:47)
	at java_programs.MERGESORT.mergesort(MERGESORT.java:47)
	at java_programs.MERGESORT.mergesort(MERGESORT.java:47)
	at java_programs.MERGESORT.mergesort(MERGESORT.java:47)
	at java_programs.MERGESORT.mergesort(MERGESORT.java:47)
	at java_programs.MERGESORT.mergesort(MERGESORT.java:47)
	at java_programs.MERGESORT.mergesort(MERGESORT.java:47)
	at java_programs.MERGESORT.mergesort(MERGESORT.java:47)
	at java_programs.MERGESORT.mergesort(MERGESORT.java:47)
	at java_programs.MERGESORT.mergesort(MERGESORT.java:47)
	at java_programs.MERGESORT.mergesort(MERGESORT.java:47)
	at java_programs.MERGESORT.mergesort(MERGESORT.java:47)
	at java_programs.MERGESORT.mergesort(MERGESORT.java:47)
	at java_programs.MERGESORT.mergesort(MERGESORT.java:47)
	at java_programs.MERGESORT.mergesort(MERGESORT.java:47)
	at java_programs.MERGESORT.mergesort(MERGESORT.java:47)
	at java_programs.MERGESORT.mergesort(MERGESORT.java:47)
	at java_programs.MERGESORT.mergesort(MERGESORT.java:47)
	at java_programs.MERGESORT.mergesort(MERGESORT.java:47)
	at java_programs.MERGESORT.mergesort(MERGESORT.java:47)
	at java_programs.MERGESORT.mergesort(MERGESORT.java:47)
	at java_programs.MERGESORT.mergesort(MERGESORT.java:47)
	at java_programs.MERGESORT.mergesort(MERGESORT.java:47)
	at java_programs.MERGESORT.mergesort(MERGESORT.java:47)
	at java_programs.MERGESORT.mergesort(MERGESORT.java:47)
	at java_programs.MERGESORT.mergesort(MERGESORT.java:47)
	at java_programs.MERGESORT.mergesort(MERGESORT.java:47)
	at java_programs.MERGESORT.mergesort(MERGESORT.java:47)
	at java_programs.MERGESORT.mergesort(MERGESORT.java:47)
	at java_programs.MERGESORT.mergesort(MERGESORT.java:47)
	at java_programs.MERGESORT.mergesort(MERGESORT.java:47)
	at java_programs.MERGESORT.mergesort(MERGESORT.java:47)
	at java_programs.MERGESORT.mergesort(MERGESORT.java:47)
	at java_programs.MERGESORT.mergesort(MERGESORT.java:47)
	at java_programs.MERGESORT.mergesort(MERGESORT.java:47)
	at java_programs.MERGESORT.mergesort(MERGESORT.java:47)
	at java_programs.MERGESORT.mergesort(MERGESORT.java:47)
	at java_programs.MERGESORT.mergesort(MERGESORT.java:47)
	at java_programs.MERGESORT.mergesort(MERGESORT.java:47)
	at java_programs.MERGESORT.mergesort(MERGESORT.java:47)
	at java_programs.MERGESORT.mergesort(MERGESORT.java:47)
	at java_programs.MERGESORT.mergesort(MERGESORT.java:47)
	at java_programs.MERGESORT.mergesort(MERGESORT.java:47)
	at java_programs.MERGESORT.mergesort(MERGESORT.java:47)
	at java_programs.MERGESORT.mergesort(MERGESORT.java:47)
	at java_programs.MERGESORT.mergesort(MERGESORT.java:47)
	at java_programs.MERGESORT.mergesort(MERGESORT.java:47)
	at java_programs.MERGESORT.mergesort(MERGESORT.java:47)
	at java_programs.MERGESORT.mergesort(MERGESORT.java:47)
	at java_programs.MERGESORT.mergesort(MERGESORT.java:47)
	at java_programs.MERGESORT.mergesort(MERGESORT.java:47)
	at java_programs.MERGESORT.mergesort(MERGESORT.java:47)
	at java_programs.MERGESORT.mergesort(MERGESORT.java:47)
	at java_programs.MERGESORT.mergesort(MERGESORT.java:47)
	at java_programs.MERGESORT.mergesort(MERGESORT.java:47)
	at java_programs.MERGESORT.mergesort(MERGESORT.java:47)
	at java_programs.MERGESORT.mergesort(MERGESORT.java:47)
	at java_programs.MERGESORT.mergesort(MERGESORT.java:47)
	at java_programs.MERGESORT.mergesort(MERGESORT.java:47)
	at java_programs.MERGESORT.mergesort(MERGESORT.java:47)
	at java_programs.MERGESORT.mergesort(MERGESORT.java:47)
	at java_programs.MERGESORT.mergesort(MERGESORT.java:47)
	at java_programs.MERGESORT.mergesort(MERGESORT.java:47)
	at java_programs.MERGESORT.mergesort(MERGESORT.java:47)
	at java_programs.MERGESORT.mergesort(MERGESORT.java:47)
	at java_programs.MERGESORT.mergesort(MERGESORT.java:47)
	at java_programs.MERGESORT.mergesort(MERGESORT.java:47)
	at java_programs.MERGESORT.mergesort(MERGESORT.java:47)
	at java_programs.MERGESORT.mergesort(MERGESORT.java:47)
	at java_programs.MERGESORT.mergesort(MERGESORT.java:47)
	at java_programs.MERGESORT.mergesort(MERGESORT.java:47)
	at java_programs.MERGESORT.mergesort(MERGESORT.java:47)
	at java_programs.MERGESORT.mergesort(MERGESORT.java:47)
	at java_programs.MERGESORT.mergesort(MERGESORT.java:47)
	at java_programs.MERGESORT.mergesort(MERGESORT.java:47)
	at java_programs.MERGESORT.mergesort(MERGESORT.java:47)
	at java_programs.MERGESORT.mergesort(MERGESORT.java:47)
	at java_programs.MERGESORT.mergesort(MERGESORT.java:47)
	at java_programs.MERGESORT.mergesort(MERGESORT.java:47)
	at java_programs.MERGESORT.mergesort(MERGESORT.java:47)
	at java_programs.MERGESORT.mergesort(MERGESORT.java:47)
	at java_programs.MERGESORT.mergesort(MERGESORT.java:47)
	at java_programs.MERGESORT.mergesort(MERGESORT.java:47)
	at java_programs.MERGESORT.mergesort(MERGESORT.java:47)
	at java_programs.MERGESORT.mergesort(MERGESORT.java:47)
	at java_programs.MERGESORT.mergesort(MERGESORT.java:47)
	at java_programs.MERGESORT.mergesort(MERGESORT.java:47)
	at java_programs.MERGESORT.mergesort(MERGESORT.java:47)
	at java_programs.MERGESORT.mergesort(MERGESORT.java:47)
	at java_programs.MERGESORT.mergesort(MERGESORT.java:47)
	at java_programs.MERGESORT.mergesort(MERGESORT.java:47)
	at java_programs.MERGESORT.mergesort(MERGESORT.java:47)
	at java_programs.MERGESORT.mergesort(MERGESORT.java:47)
	at java_programs.MERGESORT.mergesort(MERGESORT.java:47)
	at java_programs.MERGESORT.mergesort(MERGESORT.java:47)
	at java_programs.MERGESORT.mergesort(MERGESORT.java:47)
	at java_programs.MERGESORT.mergesort(MERGESORT.java:47)
	at java_programs.MERGESORT.mergesort(MERGESORT.java:47)
	at java_programs.MERGESORT.mergesort(MERGESORT.java:47)
	at java_programs.MERGESORT.mergesort(MERGESORT.java:47)
	at java_programs.MERGESORT.mergesort(MERGESORT.java:47)
	at java_programs.MERGESORT.mergesort(MERGESORT.java:47)
	at java_programs.MERGESORT.mergesort(MERGESORT.java:47)
	at java_programs.MERGESORT.mergesort(MERGESORT.java:47)
	at java_programs.MERGESORT.mergesort(MERGESORT.java:47)
	at java_programs.MERGESORT.mergesort(MERGESORT.java:47)
	at java_programs.MERGESORT.mergesort(MERGESORT.java:47)
	at java_programs.MERGESORT.mergesort(MERGESORT.java:47)
	at java_programs.MERGESORT.mergesort(MERGESORT.java:47)
	at java_programs.MERGESORT.mergesort(MERGESORT.java:47)
	at java_programs.MERGESORT.mergesort(MERGESORT.java:47)
	at java_programs.MERGESORT.mergesort(MERGESORT.java:47)
	at java_programs.MERGESORT.mergesort(MERGESORT.java:47)
	at java_programs.MERGESORT.mergesort(MERGESORT.java:47)
	at java_programs.MERGESORT.mergesort(MERGESORT.java:47)
	at java_programs.MERGESORT.mergesort(MERGESORT.java:47)
	at java_programs.MERGESORT.mergesort(MERGESORT.java:47)
	at java_programs.MERGESORT.mergesort(MERGESORT.java:47)
	at java_programs.MERGESORT.mergesort(MERGESORT.java:47)
	at java_programs.MERGESORT.mergesort(MERGESORT.java:47)
	at java_programs.MERGESORT.mergesort(MERGESORT.java:47)
	at java_programs.MERGESORT.mergesort(MERGESORT.java:47)
	at java_programs.MERGESORT.mergesort(MERGESORT.java:47)
	at java_programs.MERGESORT.mergesort(MERGESORT.java:47)
	at java_programs.MERGESORT.mergesort(MERGESORT.java:47)
	at java_programs.MERGESORT.mergesort(MERGESORT.java:47)
	at java_programs.MERGESORT.mergesort(MERGESORT.java:47)
	at java_programs.MERGESORT.mergesort(MERGESORT.java:47)
	at java_programs.MERGESORT.mergesort(MERGESORT.java:47)
	at java_programs.MERGESORT.mergesort(MERGESORT.java:47)
	at java_programs.MERGESORT.mergesort(MERGESORT.java:47)
	at java_programs.MERGESORT.mergesort(MERGESORT.java:47)
	at java_programs.MERGESORT.mergesort(MERGESORT.java:47)
	at java_programs.MERGESORT.mergesort(MERGESORT.java:47)
	at java_programs.MERGESORT.mergesort(MERGESORT.java:47)
	at java_programs.MERGESORT.mergesort(MERGESORT.java:47)
	at java_programs.MERGESORT.mergesort(MERGESORT.java:47)
	at java_programs.MERGESORT.mergesort(MERGESORT.java:47)
	at java_programs.MERGESORT.mergesort(MERGESORT.java:47)
	at java_programs.MERGESORT.mergesort(MERGESORT.java:47)
	at java_programs.MERGESORT.mergesort(MERGESORT.java:47)
	at java_programs.MERGESORT.mergesort(MERGESORT.java:47)
	at java_programs.MERGESORT.mergesort(MERGESORT.java:47)
	at java_programs.MERGESORT.mergesort(MERGESORT.java:47)
	at java_programs.MERGESORT.mergesort(MERGESORT.java:47)
	at java_programs.MERGESORT.mergesort(MERGESORT.java:47)
	at java_programs.MERGESORT.mergesort(MERGESORT.java:47)
	at java_programs.MERGESORT.mergesort(MERGESORT.java:47)
	at java_programs.MERGESORT.mergesort(MERGESORT.java:47)
	at java_programs.MERGESORT.mergesort(MERGESORT.java:47)
	at java_programs.MERGESORT.mergesort(MERGESORT.java:47)
	at java_programs.MERGESORT.mergesort(MERGESORT.java:47)
	at java_programs.MERGESORT.mergesort(MERGESORT.java:47)
	at java_programs.MERGESORT.mergesort(MERGESORT.java:47)
	at java_programs.MERGESORT.mergesort(MERGESORT.java:47)
	at java_programs.MERGESORT.mergesort(MERGESORT.java:47)
	at java_programs.MERGESORT.mergesort(MERGESORT.java:47)
	at java_programs.MERGESORT.mergesort(MERGESORT.java:47)
	at java_programs.MERGESORT.mergesort(MERGESORT.java:47)
	at java_programs.MERGESORT.mergesort(MERGESORT.java:47)
	at java_programs.MERGESORT.mergesort(MERGESORT.java:47)
	at java_programs.MERGESORT.mergesort(MERGESORT.java:47)
	at java_programs.MERGESORT.mergesort(MERGESORT.java:47)
	at java_programs.MERGESORT.mergesort(MERGESORT.java:47)
	at java_programs.MERGESORT.mergesort(MERGESORT.java:47)
	at java_programs.MERGESORT.mergesort(MERGESORT.java:47)
	at java_programs.MERGESORT.mergesort(MERGESORT.java:47)
	at java_programs.MERGESORT.mergesort(MERGESORT.java:47)
	at java_programs.MERGESORT.mergesort(MERGESORT.java:47)
	at java_programs.MERGESORT.mergesort(MERGESORT.java:47)
	at java_programs.MERGESORT.mergesort(MERGESORT.java:47)
	at java_programs.MERGESORT.mergesort(MERGESORT.java:47)
	at java_programs.MERGESORT.mergesort(MERGESORT.java:47)
	at java_programs.MERGESORT.mergesort(MERGESORT.java:47)
	at java_programs.MERGESORT.mergesort(MERGESORT.java:47)
	at java_programs.MERGESORT.mergesort(MERGESORT.java:47)
	at java_programs.MERGESORT.mergesort(MERGESORT.java:47)
	at java_programs.MERGESORT.mergesort(MERGESORT.java:47)
	at java_programs.MERGESORT.mergesort(MERGESORT.java:47)
	at java_programs.MERGESORT.mergesort(MERGESORT.java:47)
	at java_programs.MERGESORT.mergesort(MERGESORT.java:47)
	at java_programs.MERGESORT.mergesort(MERGESORT.java:47)
	at java_programs.MERGESORT.mergesort(MERGESORT.java:47)
	at java_programs.MERGESORT.mergesort(MERGESORT.java:47)
	at java_programs.MERGESORT.mergesort(MERGESORT.java:47)
	at java_programs.MERGESORT.mergesort(MERGESORT.java:47)
	at java_programs.MERGESORT.mergesort(MERGESORT.java:47)
	at java_programs.MERGESORT.mergesort(MERGESORT.java:47)
	at java_programs.MERGESORT.mergesort(MERGESORT.java:47)
	at java_programs.MERGESORT.mergesort(MERGESORT.java:47)
	at java_programs.MERGESORT.mergesort(MERGESORT.java:47)
	at java_programs.MERGESORT.mergesort(MERGESORT.java:47)
	at java_programs.MERGESORT.mergesort(MERGESORT.java:47)
	at java_programs.MERGESORT.mergesort(MERGESORT.java:47)
	at java_programs.MERGESORT.mergesort(MERGESORT.java:47)
	at java_programs.MERGESORT.mergesort(MERGESORT.java:47)
	at java_programs.MERGESORT.mergesort(MERGESORT.java:47)
	at java_programs.MERGESORT.mergesort(MERGESORT.java:47)
	at java_programs.MERGESORT.mergesort(MERGESORT.java:47)
	at java_programs.MERGESORT.mergesort(MERGESORT.java:47)
	at java_programs.MERGESORT.mergesort(MERGESORT.java:47)
	at java_programs.MERGESORT.mergesort(MERGESORT.java:47)
	at java_programs.MERGESORT.mergesort(MERGESORT.java:47)
	at java_programs.MERGESORT.mergesort(MERGESORT.java:47)
	at java_programs.MERGESORT.mergesort(MERGESORT.java:47)
	at java_programs.MERGESORT.mergesort(MERGESORT.java:47)
	at java_programs.MERGESORT.mergesort(MERGESORT.java:47)
	at java_programs.MERGESORT.mergesort(MERGESORT.java:47)
	at java_programs.MERGESORT.mergesort(MERGESORT.java:47)
	at java_programs.MERGESORT.mergesort(MERGESORT.java:47)
	at java_programs.MERGESORT.mergesort(MERGESORT.java:47)
	at java_programs.MERGESORT.mergesort(MERGESORT.java:47)
	at java_programs.MERGESORT.mergesort(MERGESORT.java:47)
	at java_programs.MERGESORT.mergesort(MERGESORT.java:47)
	at java_programs.MERGESORT.mergesort(MERGESORT.java:47)
	at java_programs.MERGESORT.mergesort(MERGESORT.java:47)
	at java_programs.MERGESORT.mergesort(MERGESORT.java:47)
	at java_programs.MERGESORT.mergesort(MERGESORT.java:47)
	at java_programs.MERGESORT.mergesort(MERGESORT.java:47)
	at java_programs.MERGESORT.mergesort(MERGESORT.java:47)
	at java_programs.MERGESORT.mergesort(MERGESORT.java:47)
	at java_programs.MERGESORT.mergesort(MERGESORT.java:47)
	at java_programs.MERGESORT.mergesort(MERGESORT.java:47)
	at java_programs.MERGESORT.mergesort(MERGESORT.java:47)
	at java_programs.MERGESORT.mergesort(MERGESORT.java:47)
	at java_programs.MERGESORT.mergesort(MERGESORT.java:47)
	at java_programs.MERGESORT.mergesort(MERGESORT.java:47)
	at java_programs.MERGESORT.mergesort(MERGESORT.java:47)
	at java_programs.MERGESORT.mergesort(MERGESORT.java:47)
	at java_programs.MERGESORT.mergesort(MERGESORT.java:47)
	at java_programs.MERGESORT.mergesort(MERGESORT.java:47)
	at java_programs.MERGESORT.mergesort(MERGESORT.java:47)
	at java_programs.MERGESORT.mergesort(MERGESORT.java:47)
	at java_programs.MERGESORT.mergesort(MERGESORT.java:47)
	at java_programs.MERGESORT.mergesort(MERGESORT.java:47)
	at java_programs.MERGESORT.mergesort(MERGESORT.java:47)
	at java_programs.MERGESORT.mergesort(MERGESORT.java:47)
	at java_programs.MERGESORT.mergesort(MERGESORT.java:47)
	at java_programs.MERGESORT.mergesort(MERGESORT.java:47)
	at java_programs.MERGESORT.mergesort(MERGESORT.java:47)
	at java_programs.MERGESORT.mergesort(MERGESORT.java:47)
	at java_programs.MERGESORT.mergesort(MERGESORT.java:47)
	at java_programs.MERGESORT.mergesort(MERGESORT.java:47)
	at java_programs.MERGESORT.mergesort(MERGESORT.java:47)
	at java_programs.MERGESORT.mergesort(MERGESORT.java:47)
	at java_programs.MERGESORT.mergesort(MERGESORT.java:47)
	at java_programs.MERGESORT.mergesort(MERGESORT.java:47)
	at java_programs.MERGESORT.mergesort(MERGESORT.java:47)
	at java_programs.MERGESORT.mergesort(MERGESORT.java:47)
	at java_programs.MERGESORT.mergesort(MERGESORT.java:47)
	at java_programs.MERGESORT.mergesort(MERGESORT.java:47)
	at java_programs.MERGESORT.mergesort(MERGESORT.java:47)
	at java_programs.MERGESORT.mergesort(MERGESORT.java:47)
	at java_programs.MERGESORT.mergesort(MERGESORT.java:47)
	at java_programs.MERGESORT.mergesort(MERGESORT.java:47)
	at java_programs.MERGESORT.mergesort(MERGESORT.java:47)
	at java_programs.MERGESORT.mergesort(MERGESORT.java:47)
	at java_programs.MERGESORT.mergesort(MERGESORT.java:47)
	at java_programs.MERGESORT.mergesort(MERGESORT.java:47)
	at java_programs.MERGESORT.mergesort(MERGESORT.java:47)
	at java_programs.MERGESORT.mergesort(MERGESORT.java:47)
	at java_programs.MERGESORT.mergesort(MERGESORT.java:47)
	at java_programs.MERGESORT.mergesort(MERGESORT.java:47)
	at java_programs.MERGESORT.mergesort(MERGESORT.java:47)
	at java_programs.MERGESORT.mergesort(MERGESORT.java:47)
	at java_programs.MERGESORT.mergesort(MERGESORT.java:47)
	at java_programs.MERGESORT.mergesort(MERGESORT.java:47)
	at java_programs.MERGESORT.mergesort(MERGESORT.java:47)
	at java_programs.MERGESORT.mergesort(MERGESORT.java:47)
	at java_programs.MERGESORT.mergesort(MERGESORT.java:47)
	at java_programs.MERGESORT.mergesort(MERGESORT.java:47)
	at java_programs.MERGESORT.mergesort(MERGESORT.java:47)
	at java_programs.MERGESORT.mergesort(MERGESORT.java:47)
	at java_programs.MERGESORT.mergesort(MERGESORT.java:47)
	at java_programs.MERGESORT.mergesort(MERGESORT.java:47)
	at java_programs.MERGESORT.mergesort(MERGESORT.java:47)
	at java_programs.MERGESORT.mergesort(MERGESORT.java:47)
	at java_programs.MERGESORT.mergesort(MERGESORT.java:47)
	at java_programs.MERGESORT.mergesort(MERGESORT.java:47)
	at java_programs.MERGESORT.mergesort(MERGESORT.java:47)
	at java_programs.MERGESORT.mergesort(MERGESORT.java:47)
	at java_programs.MERGESORT.mergesort(MERGESORT.java:47)
	at java_programs.MERGESORT.mergesort(MERGESORT.java:47)
	at java_programs.MERGESORT.mergesort(MERGESORT.java:47)
	at java_programs.MERGESORT.mergesort(MERGESORT.java:47)
	at java_programs.MERGESORT.mergesort(MERGESORT.java:47)
	at java_programs.MERGESORT.mergesort(MERGESORT.java:47)
	at java_programs.MERGESORT.mergesort(MERGESORT.java:47)
	at java_programs.MERGESORT.mergesort(MERGESORT.java:47)
	at java_programs.MERGESORT.mergesort(MERGESORT.java:47)
	at java_programs.MERGESORT.mergesort(MERGESORT.java:47)
	at java_programs.MERGESORT.mergesort(MERGESORT.java:47)
	at java_programs.MERGESORT.mergesort(MERGESORT.java:47)
	at java_programs.MERGESORT.mergesort(MERGESORT.java:47)
	at java_programs.MERGESORT.mergesort(MERGESORT.java:47)
	at java_programs.MERGESORT.mergesort(MERGESORT.java:47)
	at java_programs.MERGESORT.mergesort(MERGESORT.java:47)
	at java_programs.MERGESORT.mergesort(MERGESORT.java:47)
	at java_programs.MERGESORT.mergesort(MERGESORT.java:47)
	at java_programs.MERGESORT.mergesort(MERGESORT.java:47)
	at java_programs.MERGESORT.mergesort(MERGESORT.java:47)
	at java_programs.MERGESORT.mergesort(MERGESORT.java:47)
	at java_programs.MERGESORT.mergesort(MERGESORT.java:47)
	at java_programs.MERGESORT.mergesort(MERGESORT.java:47)
	at java_programs.MERGESORT.mergesort(MERGESORT.java:47)
	at java_programs.MERGESORT.mergesort(MERGESORT.java:47)
	at java_programs.MERGESORT.mergesort(MERGESORT.java:47)
	at java_programs.MERGESORT.mergesort(MERGESORT.java:47)
	at java_programs.MERGESORT.mergesort(MERGESORT.java:47)
	at java_programs.MERGESORT.mergesort(MERGESORT.java:47)
	at java_programs.MERGESORT.mergesort(MERGESORT.java:47)
	at java_programs.MERGESORT.mergesort(MERGESORT.java:47)
	at java_programs.MERGESORT.mergesort(MERGESORT.java:47)
	at java_programs.MERGESORT.mergesort(MERGESORT.java:47)
	at java_programs.MERGESORT.mergesort(MERGESORT.java:47)
	at java_programs.MERGESORT.mergesort(MERGESORT.java:47)
	at java_programs.MERGESORT.mergesort(MERGESORT.java:47)
	at java_programs.MERGESORT.mergesort(MERGESORT.java:47)
	at java_programs.MERGESORT.mergesort(MERGESORT.java:47)
	at java_programs.MERGESORT.mergesort(MERGESORT.java:47)
	at java_programs.MERGESORT.mergesort(MERGESORT.java:47)
	at java_programs.MERGESORT.mergesort(MERGESORT.java:47)
	at java_programs.MERGESORT.mergesort(MERGESORT.java:47)
	at java_programs.MERGESORT.mergesort(MERGESORT.java:47)
	at java_programs.MERGESORT.mergesort(MERGESORT.java:47)
	at java_programs.MERGESORT.mergesort(MERGESORT.java:47)
	at java_programs.MERGESORT.mergesort(MERGESORT.java:47)
	at java_programs.MERGESORT.mergesort(MERGESORT.java:47)
	at java_programs.MERGESORT.mergesort(MERGESORT.java:47)
	at java_programs.MERGESORT.mergesort(MERGESORT.java:47)
</failure>
  </testcase>
  <testcase name="test_5" classname="java_testcases.junit.MERGESORT_TEST" time="0.165">
    <failure message="java.lang.StackOverflowError" type="java.lang.StackOverflowError">java.lang.StackOverflowError
	at java.base/java.util.ArrayList.addAll(ArrayList.java:670)
	at java_programs.MERGESORT.mergesort(MERGESORT.java:43)
	at java_programs.MERGESORT.mergesort(MERGESORT.java:47)
	at java_programs.MERGESORT.mergesort(MERGESORT.java:47)
	at java_programs.MERGESORT.mergesort(MERGESORT.java:47)
	at java_programs.MERGESORT.mergesort(MERGESORT.java:47)
	at java_programs.MERGESORT.mergesort(MERGESORT.java:47)
	at java_programs.MERGESORT.mergesort(MERGESORT.java:47)
	at java_programs.MERGESORT.mergesort(MERGESORT.java:47)
	at java_programs.MERGESORT.mergesort(MERGESORT.java:47)
	at java_programs.MERGESORT.mergesort(MERGESORT.java:47)
	at java_programs.MERGESORT.mergesort(MERGESORT.java:47)
	at java_programs.MERGESORT.mergesort(MERGESORT.java:47)
	at java_programs.MERGESORT.mergesort(MERGESORT.java:47)
	at java_programs.MERGESORT.mergesort(MERGESORT.java:47)
	at java_programs.MERGESORT.mergesort(MERGESORT.java:47)
	at java_programs.MERGESORT.mergesort(MERGESORT.java:47)
	at java_programs.MERGESORT.mergesort(MERGESORT.java:47)
	at java_programs.MERGESORT.mergesort(MERGESORT.java:47)
	at java_programs.MERGESORT.mergesort(MERGESORT.java:47)
	at java_programs.MERGESORT.mergesort(MERGESORT.java:47)
	at java_programs.MERGESORT.mergesort(MERGESORT.java:47)
	at java_programs.MERGESORT.mergesort(MERGESORT.java:47)
	at java_programs.MERGESORT.mergesort(MERGESORT.java:47)
	at java_programs.MERGESORT.mergesort(MERGESORT.java:47)
	at java_programs.MERGESORT.mergesort(MERGESORT.java:47)
	at java_programs.MERGESORT.mergesort(MERGESORT.java:47)
	at java_programs.MERGESORT.mergesort(MERGESORT.java:47)
	at java_programs.MERGESORT.mergesort(MERGESORT.java:47)
	at java_programs.MERGESORT.mergesort(MERGESORT.java:47)
	at java_programs.MERGESORT.mergesort(MERGESORT.java:47)
	at java_programs.MERGESORT.mergesort(MERGESORT.java:47)
	at java_programs.MERGESORT.mergesort(MERGESORT.java:47)
	at java_programs.MERGESORT.mergesort(MERGESORT.java:47)
	at java_programs.MERGESORT.mergesort(MERGESORT.java:47)
	at java_programs.MERGESORT.mergesort(MERGESORT.java:47)
	at java_programs.MERGESORT.mergesort(MERGESORT.java:47)
	at java_programs.MERGESORT.mergesort(MERGESORT.java:47)
	at java_programs.MERGESORT.mergesort(MERGESORT.java:47)
	at java_programs.MERGESORT.mergesort(MERGESORT.java:47)
	at java_programs.MERGESORT.mergesort(MERGESORT.java:47)
	at java_programs.MERGESORT.mergesort(MERGESORT.java:47)
	at java_programs.MERGESORT.mergesort(MERGESORT.java:47)
	at java_programs.MERGESORT.mergesort(MERGESORT.java:47)
	at java_programs.MERGESORT.mergesort(MERGESORT.java:47)
	at java_programs.MERGESORT.mergesort(MERGESORT.java:47)
	at java_programs.MERGESORT.mergesort(MERGESORT.java:47)
	at java_programs.MERGESORT.mergesort(MERGESORT.java:47)
	at java_programs.MERGESORT.mergesort(MERGESORT.java:47)
	at java_programs.MERGESORT.mergesort(MERGESORT.java:47)
	at java_programs.MERGESORT.mergesort(MERGESORT.java:47)
	at java_programs.MERGESORT.mergesort(MERGESORT.java:47)
	at java_programs.MERGESORT.mergesort(MERGESORT.java:47)
	at java_programs.MERGESORT.mergesort(MERGESORT.java:47)
	at java_programs.MERGESORT.mergesort(MERGESORT.java:47)
	at java_programs.MERGESORT.mergesort(MERGESORT.java:47)
	at java_programs.MERGESORT.mergesort(MERGESORT.java:47)
	at java_programs.MERGESORT.mergesort(MERGESORT.java:47)
	at java_programs.MERGESORT.mergesort(MERGESORT.java:47)
	at java_programs.MERGESORT.mergesort(MERGESORT.java:47)
	at java_programs.MERGESORT.mergesort(MERGESORT.java:47)
	at java_programs.MERGESORT.mergesort(MERGESORT.java:47)
	at java_programs.MERGESORT.mergesort(MERGESORT.java:47)
	at java_programs.MERGESORT.mergesort(MERGESORT.java:47)
	at java_programs.MERGESORT.mergesort(MERGESORT.java:47)
	at java_programs.MERGESORT.mergesort(MERGESORT.java:47)
	at java_programs.MERGESORT.mergesort(MERGESORT.java:47)
	at java_programs.MERGESORT.mergesort(MERGESORT.java:47)
	at java_programs.MERGESORT.mergesort(MERGESORT.java:47)
	at java_programs.MERGESORT.mergesort(MERGESORT.java:47)
	at java_programs.MERGESORT.mergesort(MERGESORT.java:47)
	at java_programs.MERGESORT.mergesort(MERGESORT.java:47)
	at java_programs.MERGESORT.mergesort(MERGESORT.java:47)
	at java_programs.MERGESORT.mergesort(MERGESORT.java:47)
	at java_programs.MERGESORT.mergesort(MERGESORT.java:47)
	at java_programs.MERGESORT.mergesort(MERGESORT.java:47)
	at java_programs.MERGESORT.mergesort(MERGESORT.java:47)
	at java_programs.MERGESORT.mergesort(MERGESORT.java:47)
	at java_programs.MERGESORT.mergesort(MERGESORT.java:47)
	at java_programs.MERGESORT.mergesort(MERGESORT.java:47)
	at java_programs.MERGESORT.mergesort(MERGESORT.java:47)
	at java_programs.MERGESORT.mergesort(MERGESORT.java:47)
	at java_programs.MERGESORT.mergesort(MERGESORT.java:47)
	at java_programs.MERGESORT.mergesort(MERGESORT.java:47)
	at java_programs.MERGESORT.mergesort(MERGESORT.java:47)
	at java_programs.MERGESORT.mergesort(MERGESORT.java:47)
	at java_programs.MERGESORT.mergesort(MERGESORT.java:47)
	at java_programs.MERGESORT.mergesort(MERGESORT.java:47)
	at java_programs.MERGESORT.mergesort(MERGESORT.java:47)
	at java_programs.MERGESORT.mergesort(MERGESORT.java:47)
	at java_programs.MERGESORT.mergesort(MERGESORT.java:47)
	at java_programs.MERGESORT.mergesort(MERGESORT.java:47)
	at java_programs.MERGESORT.mergesort(MERGESORT.java:47)
	at java_programs.MERGESORT.mergesort(MERGESORT.java:47)
	at java_programs.MERGESORT.mergesort(MERGESORT.java:47)
	at java_programs.MERGESORT.mergesort(MERGESORT.java:47)
	at java_programs.MERGESORT.mergesort(MERGESORT.java:47)
	at java_programs.MERGESORT.mergesort(MERGESORT.java:47)
	at java_programs.MERGESORT.mergesort(MERGESORT.java:47)
	at java_programs.MERGESORT.mergesort(MERGESORT.java:47)
	at java_programs.MERGESORT.mergesort(MERGESORT.java:47)
	at java_programs.MERGESORT.mergesort(MERGESORT.java:47)
	at java_programs.MERGESORT.mergesort(MERGESORT.java:47)
	at java_programs.MERGESORT.mergesort(MERGESORT.java:47)
	at java_programs.MERGESORT.mergesort(MERGESORT.java:47)
	at java_programs.MERGESORT.mergesort(MERGESORT.java:47)
	at java_programs.MERGESORT.mergesort(MERGESORT.java:47)
	at java_programs.MERGESORT.mergesort(MERGESORT.java:47)
	at java_programs.MERGESORT.mergesort(MERGESORT.java:47)
	at java_programs.MERGESORT.mergesort(MERGESORT.java:47)
	at java_programs.MERGESORT.mergesort(MERGESORT.java:47)
	at java_programs.MERGESORT.mergesort(MERGESORT.java:47)
	at java_programs.MERGESORT.mergesort(MERGESORT.java:47)
	at java_programs.MERGESORT.mergesort(MERGESORT.java:47)
	at java_programs.MERGESORT.mergesort(MERGESORT.java:47)
	at java_programs.MERGESORT.mergesort(MERGESORT.java:47)
	at java_programs.MERGESORT.mergesort(MERGESORT.java:47)
	at java_programs.MERGESORT.mergesort(MERGESORT.java:47)
	at java_programs.MERGESORT.mergesort(MERGESORT.java:47)
	at java_programs.MERGESORT.mergesort(MERGESORT.java:47)
	at java_programs.MERGESORT.mergesort(MERGESORT.java:47)
	at java_programs.MERGESORT.mergesort(MERGESORT.java:47)
	at java_programs.MERGESORT.mergesort(MERGESORT.java:47)
	at java_programs.MERGESORT.mergesort(MERGESORT.java:47)
	at java_programs.MERGESORT.mergesort(MERGESORT.java:47)
	at java_programs.MERGESORT.mergesort(MERGESORT.java:47)
	at java_programs.MERGESORT.mergesort(MERGESORT.java:47)
	at java_programs.MERGESORT.mergesort(MERGESORT.java:47)
	at java_programs.MERGESORT.mergesort(MERGESORT.java:47)
	at java_programs.MERGESORT.mergesort(MERGESORT.java:47)
	at java_programs.MERGESORT.mergesort(MERGESORT.java:47)
	at java_programs.MERGESORT.mergesort(MERGESORT.java:47)
	at java_programs.MERGESORT.mergesort(MERGESORT.java:47)
	at java_programs.MERGESORT.mergesort(MERGESORT.java:47)
	at java_programs.MERGESORT.mergesort(MERGESORT.java:47)
	at java_programs.MERGESORT.mergesort(MERGESORT.java:47)
	at java_programs.MERGESORT.mergesort(MERGESORT.java:47)
	at java_programs.MERGESORT.mergesort(MERGESORT.java:47)
	at java_programs.MERGESORT.mergesort(MERGESORT.java:47)
	at java_programs.MERGESORT.mergesort(MERGESORT.java:47)
	at java_programs.MERGESORT.mergesort(MERGESORT.java:47)
	at java_programs.MERGESORT.mergesort(MERGESORT.java:47)
	at java_programs.MERGESORT.mergesort(MERGESORT.java:47)
	at java_programs.MERGESORT.mergesort(MERGESORT.java:47)
	at java_programs.MERGESORT.mergesort(MERGESORT.java:47)
	at java_programs.MERGESORT.mergesort(MERGESORT.java:47)
	at java_programs.MERGESORT.mergesort(MERGESORT.java:47)
	at java_programs.MERGESORT.mergesort(MERGESORT.java:47)
	at java_programs.MERGESORT.mergesort(MERGESORT.java:47)
	at java_programs.MERGESORT.mergesort(MERGESORT.java:47)
	at java_programs.MERGESORT.mergesort(MERGESORT.java:47)
	at java_programs.MERGESORT.mergesort(MERGESORT.java:47)
	at java_programs.MERGESORT.mergesort(MERGESORT.java:47)
	at java_programs.MERGESORT.mergesort(MERGESORT.java:47)
	at java_programs.MERGESORT.mergesort(MERGESORT.java:47)
	at java_programs.MERGESORT.mergesort(MERGESORT.java:47)
	at java_programs.MERGESORT.mergesort(MERGESORT.java:47)
	at java_programs.MERGESORT.mergesort(MERGESORT.java:47)
	at java_programs.MERGESORT.mergesort(MERGESORT.java:47)
	at java_programs.MERGESORT.mergesort(MERGESORT.java:47)
	at java_programs.MERGESORT.mergesort(MERGESORT.java:47)
	at java_programs.MERGESORT.mergesort(MERGESORT.java:47)
	at java_programs.MERGESORT.mergesort(MERGESORT.java:47)
	at java_programs.MERGESORT.mergesort(MERGESORT.java:47)
	at java_programs.MERGESORT.mergesort(MERGESORT.java:47)
	at java_programs.MERGESORT.mergesort(MERGESORT.java:47)
	at java_programs.MERGESORT.mergesort(MERGESORT.java:47)
	at java_programs.MERGESORT.mergesort(MERGESORT.java:47)
	at java_programs.MERGESORT.mergesort(MERGESORT.java:47)
	at java_programs.MERGESORT.mergesort(MERGESORT.java:47)
	at java_programs.MERGESORT.mergesort(MERGESORT.java:47)
	at java_programs.MERGESORT.mergesort(MERGESORT.java:47)
	at java_programs.MERGESORT.mergesort(MERGESORT.java:47)
	at java_programs.MERGESORT.mergesort(MERGESORT.java:47)
	at java_programs.MERGESORT.mergesort(MERGESORT.java:47)
	at java_programs.MERGESORT.mergesort(MERGESORT.java:47)
	at java_programs.MERGESORT.mergesort(MERGESORT.java:47)
	at java_programs.MERGESORT.mergesort(MERGESORT.java:47)
	at java_programs.MERGESORT.mergesort(MERGESORT.java:47)
	at java_programs.MERGESORT.mergesort(MERGESORT.java:47)
	at java_programs.MERGESORT.mergesort(MERGESORT.java:47)
	at java_programs.MERGESORT.mergesort(MERGESORT.java:47)
	at java_programs.MERGESORT.mergesort(MERGESORT.java:47)
	at java_programs.MERGESORT.mergesort(MERGESORT.java:47)
	at java_programs.MERGESORT.mergesort(MERGESORT.java:47)
	at java_programs.MERGESORT.mergesort(MERGESORT.java:47)
	at java_programs.MERGESORT.mergesort(MERGESORT.java:47)
	at java_programs.MERGESORT.mergesort(MERGESORT.java:47)
	at java_programs.MERGESORT.mergesort(MERGESORT.java:47)
	at java_programs.MERGESORT.mergesort(MERGESORT.java:47)
	at java_programs.MERGESORT.mergesort(MERGESORT.java:47)
	at java_programs.MERGESORT.mergesort(MERGESORT.java:47)
	at java_programs.MERGESORT.mergesort(MERGESORT.java:47)
	at java_programs.MERGESORT.mergesort(MERGESORT.java:47)
	at java_programs.MERGESORT.mergesort(MERGESORT.java:47)
	at java_programs.MERGESORT.mergesort(MERGESORT.java:47)
	at java_programs.MERGESORT.mergesort(MERGESORT.java:47)
	at java_programs.MERGESORT.mergesort(MERGESORT.java:47)
	at java_programs.MERGESORT.mergesort(MERGESORT.java:47)
	at java_programs.MERGESORT.mergesort(MERGESORT.java:47)
	at java_programs.MERGESORT.mergesort(MERGESORT.java:47)
	at java_programs.MERGESORT.mergesort(MERGESORT.java:47)
	at java_programs.MERGESORT.mergesort(MERGESORT.java:47)
	at java_programs.MERGESORT.mergesort(MERGESORT.java:47)
	at java_programs.MERGESORT.mergesort(MERGESORT.java:47)
	at java_programs.MERGESORT.mergesort(MERGESORT.java:47)
	at java_programs.MERGESORT.mergesort(MERGESORT.java:47)
	at java_programs.MERGESORT.mergesort(MERGESORT.java:47)
	at java_programs.MERGESORT.mergesort(MERGESORT.java:47)
	at java_programs.MERGESORT.mergesort(MERGESORT.java:47)
	at java_programs.MERGESORT.mergesort(MERGESORT.java:47)
	at java_programs.MERGESORT.mergesort(MERGESORT.java:47)
	at java_programs.MERGESORT.mergesort(MERGESORT.java:47)
	at java_programs.MERGESORT.mergesort(MERGESORT.java:47)
	at java_programs.MERGESORT.mergesort(MERGESORT.java:47)
	at java_programs.MERGESORT.mergesort(MERGESORT.java:47)
	at java_programs.MERGESORT.mergesort(MERGESORT.java:47)
	at java_programs.MERGESORT.mergesort(MERGESORT.java:47)
	at java_programs.MERGESORT.mergesort(MERGESORT.java:47)
	at java_programs.MERGESORT.mergesort(MERGESORT.java:47)
	at java_programs.MERGESORT.mergesort(MERGESORT.java:47)
	at java_programs.MERGESORT.mergesort(MERGESORT.java:47)
	at java_programs.MERGESORT.mergesort(MERGESORT.java:47)
	at java_programs.MERGESORT.mergesort(MERGESORT.java:47)
	at java_programs.MERGESORT.mergesort(MERGESORT.java:47)
	at java_programs.MERGESORT.mergesort(MERGESORT.java:47)
	at java_programs.MERGESORT.mergesort(MERGESORT.java:47)
	at java_programs.MERGESORT.mergesort(MERGESORT.java:47)
	at java_programs.MERGESORT.mergesort(MERGESORT.java:47)
	at java_programs.MERGESORT.mergesort(MERGESORT.java:47)
	at java_programs.MERGESORT.mergesort(MERGESORT.java:47)
	at java_programs.MERGESORT.mergesort(MERGESORT.java:47)
	at java_programs.MERGESORT.mergesort(MERGESORT.java:47)
	at java_programs.MERGESORT.mergesort(MERGESORT.java:47)
	at java_programs.MERGESORT.mergesort(MERGESORT.java:47)
	at java_programs.MERGESORT.mergesort(MERGESORT.java:47)
	at java_programs.MERGESORT.mergesort(MERGESORT.java:47)
	at java_programs.MERGESORT.mergesort(MERGESORT.java:47)
	at java_programs.MERGESORT.mergesort(MERGESORT.java:47)
	at java_programs.MERGESORT.mergesort(MERGESORT.java:47)
	at java_programs.MERGESORT.mergesort(MERGESORT.java:47)
	at java_programs.MERGESORT.mergesort(MERGESORT.java:47)
	at java_programs.MERGESORT.mergesort(MERGESORT.java:47)
	at java_programs.MERGESORT.mergesort(MERGESORT.java:47)
	at java_programs.MERGESORT.mergesort(MERGESORT.java:47)
	at java_programs.MERGESORT.mergesort(MERGESORT.java:47)
	at java_programs.MERGESORT.mergesort(MERGESORT.java:47)
	at java_programs.MERGESORT.mergesort(MERGESORT.java:47)
	at java_programs.MERGESORT.mergesort(MERGESORT.java:47)
	at java_programs.MERGESORT.mergesort(MERGESORT.java:47)
	at java_programs.MERGESORT.mergesort(MERGESORT.java:47)
	at java_programs.MERGESORT.mergesort(MERGESORT.java:47)
	at java_programs.MERGESORT.mergesort(MERGESORT.java:47)
	at java_programs.MERGESORT.mergesort(MERGESORT.java:47)
	at java_programs.MERGESORT.mergesort(MERGESORT.java:47)
	at java_programs.MERGESORT.mergesort(MERGESORT.java:47)
	at java_programs.MERGESORT.mergesort(MERGESORT.java:47)
	at java_programs.MERGESORT.mergesort(MERGESORT.java:47)
	at java_programs.MERGESORT.mergesort(MERGESORT.java:47)
	at java_programs.MERGESORT.mergesort(MERGESORT.java:47)
	at java_programs.MERGESORT.mergesort(MERGESORT.java:47)
	at java_programs.MERGESORT.mergesort(MERGESORT.java:47)
	at java_programs.MERGESORT.mergesort(MERGESORT.java:47)
	at java_programs.MERGESORT.mergesort(MERGESORT.java:47)
	at java_programs.MERGESORT.mergesort(MERGESORT.java:47)
	at java_programs.MERGESORT.mergesort(MERGESORT.java:47)
	at java_programs.MERGESORT.mergesort(MERGESORT.java:47)
	at java_programs.MERGESORT.mergesort(MERGESORT.java:47)
	at java_programs.MERGESORT.mergesort(MERGESORT.java:47)
	at java_programs.MERGESORT.mergesort(MERGESORT.java:47)
	at java_programs.MERGESORT.mergesort(MERGESORT.java:47)
	at java_programs.MERGESORT.mergesort(MERGESORT.java:47)
	at java_programs.MERGESORT.mergesort(MERGESORT.java:47)
	at java_programs.MERGESORT.mergesort(MERGESORT.java:47)
	at java_programs.MERGESORT.mergesort(MERGESORT.java:47)
	at java_programs.MERGESORT.mergesort(MERGESORT.java:47)
	at java_programs.MERGESORT.mergesort(MERGESORT.java:47)
	at java_programs.MERGESORT.mergesort(MERGESORT.java:47)
	at java_programs.MERGESORT.mergesort(MERGESORT.java:47)
	at java_programs.MERGESORT.mergesort(MERGESORT.java:47)
	at java_programs.MERGESORT.mergesort(MERGESORT.java:47)
	at java_programs.MERGESORT.mergesort(MERGESORT.java:47)
	at java_programs.MERGESORT.mergesort(MERGESORT.java:47)
	at java_programs.MERGESORT.mergesort(MERGESORT.java:47)
	at java_programs.MERGESORT.mergesort(MERGESORT.java:47)
	at java_programs.MERGESORT.mergesort(MERGESORT.java:47)
	at java_programs.MERGESORT.mergesort(MERGESORT.java:47)
	at java_programs.MERGESORT.mergesort(MERGESORT.java:47)
	at java_programs.MERGESORT.mergesort(MERGESORT.java:47)
	at java_programs.MERGESORT.mergesort(MERGESORT.java:47)
	at java_programs.MERGESORT.mergesort(MERGESORT.java:47)
	at java_programs.MERGESORT.mergesort(MERGESORT.java:47)
	at java_programs.MERGESORT.mergesort(MERGESORT.java:47)
	at java_programs.MERGESORT.mergesort(MERGESORT.java:47)
	at java_programs.MERGESORT.mergesort(MERGESORT.java:47)
	at java_programs.MERGESORT.mergesort(MERGESORT.java:47)
	at java_programs.MERGESORT.mergesort(MERGESORT.java:47)
	at java_programs.MERGESORT.mergesort(MERGESORT.java:47)
	at java_programs.MERGESORT.mergesort(MERGESORT.java:47)
	at java_programs.MERGESORT.mergesort(MERGESORT.java:47)
	at java_programs.MERGESORT.mergesort(MERGESORT.java:47)
	at java_programs.MERGESORT.mergesort(MERGESORT.java:47)
	at java_programs.MERGESORT.mergesort(MERGESORT.java:47)
	at java_programs.MERGESORT.mergesort(MERGESORT.java:47)
	at java_programs.MERGESORT.mergesort(MERGESORT.java:47)
	at java_programs.MERGESORT.mergesort(MERGESORT.java:47)
	at java_programs.MERGESORT.mergesort(MERGESORT.java:47)
	at java_programs.MERGESORT.mergesort(MERGESORT.java:47)
	at java_programs.MERGESORT.mergesort(MERGESORT.java:47)
	at java_programs.MERGESORT.mergesort(MERGESORT.java:47)
	at java_programs.MERGESORT.mergesort(MERGESORT.java:47)
	at java_programs.MERGESORT.mergesort(MERGESORT.java:47)
	at java_programs.MERGESORT.mergesort(MERGESORT.java:47)
	at java_programs.MERGESORT.mergesort(MERGESORT.java:47)
	at java_programs.MERGESORT.mergesort(MERGESORT.java:47)
	at java_programs.MERGESORT.mergesort(MERGESORT.java:47)
	at java_programs.MERGESORT.mergesort(MERGESORT.java:47)
	at java_programs.MERGESORT.mergesort(MERGESORT.java:47)
	at java_programs.MERGESORT.mergesort(MERGESORT.java:47)
	at java_programs.MERGESORT.mergesort(MERGESORT.java:47)
	at java_programs.MERGESORT.mergesort(MERGESORT.java:47)
	at java_programs.MERGESORT.mergesort(MERGESORT.java:47)
	at java_programs.MERGESORT.mergesort(MERGESORT.java:47)
	at java_programs.MERGESORT.mergesort(MERGESORT.java:47)
	at java_programs.MERGESORT.mergesort(MERGESORT.java:47)
	at java_programs.MERGESORT.mergesort(MERGESORT.java:47)
	at java_programs.MERGESORT.mergesort(MERGESORT.java:47)
	at java_programs.MERGESORT.mergesort(MERGESORT.java:47)
	at java_programs.MERGESORT.mergesort(MERGESORT.java:47)
	at java_programs.MERGESORT.mergesort(MERGESORT.java:47)
	at java_programs.MERGESORT.mergesort(MERGESORT.java:47)
	at java_programs.MERGESORT.mergesort(MERGESORT.java:47)
	at java_programs.MERGESORT.mergesort(MERGESORT.java:47)
	at java_programs.MERGESORT.mergesort(MERGESORT.java:47)
	at java_programs.MERGESORT.mergesort(MERGESORT.java:47)
	at java_programs.MERGESORT.mergesort(MERGESORT.java:47)
	at java_programs.MERGESORT.mergesort(MERGESORT.java:47)
	at java_programs.MERGESORT.mergesort(MERGESORT.java:47)
	at java_programs.MERGESORT.mergesort(MERGESORT.java:47)
	at java_programs.MERGESORT.mergesort(MERGESORT.java:47)
	at java_programs.MERGESORT.mergesort(MERGESORT.java:47)
	at java_programs.MERGESORT.mergesort(MERGESORT.java:47)
	at java_programs.MERGESORT.mergesort(MERGESORT.java:47)
	at java_programs.MERGESORT.mergesort(MERGESORT.java:47)
	at java_programs.MERGESORT.mergesort(MERGESORT.java:47)
	at java_programs.MERGESORT.mergesort(MERGESORT.java:47)
	at java_programs.MERGESORT.mergesort(MERGESORT.java:47)
	at java_programs.MERGESORT.mergesort(MERGESORT.java:47)
	at java_programs.MERGESORT.mergesort(MERGESORT.java:47)
	at java_programs.MERGESORT.mergesort(MERGESORT.java:47)
	at java_programs.MERGESORT.mergesort(MERGESORT.java:47)
	at java_programs.MERGESORT.mergesort(MERGESORT.java:47)
	at java_programs.MERGESORT.mergesort(MERGESORT.java:47)
	at java_programs.MERGESORT.mergesort(MERGESORT.java:47)
	at java_programs.MERGESORT.mergesort(MERGESORT.java:47)
	at java_programs.MERGESORT.mergesort(MERGESORT.java:47)
	at java_programs.MERGESORT.mergesort(MERGESORT.java:47)
	at java_programs.MERGESORT.mergesort(MERGESORT.java:47)
	at java_programs.MERGESORT.mergesort(MERGESORT.java:47)
	at java_programs.MERGESORT.mergesort(MERGESORT.java:47)
	at java_programs.MERGESORT.mergesort(MERGESORT.java:47)
	at java_programs.MERGESORT.mergesort(MERGESORT.java:47)
	at java_programs.MERGESORT.mergesort(MERGESORT.java:47)
	at java_programs.MERGESORT.mergesort(MERGESORT.java:47)
	at java_programs.MERGESORT.mergesort(MERGESORT.java:47)
	at java_programs.MERGESORT.mergesort(MERGESORT.java:47)
	at java_programs.MERGESORT.mergesort(MERGESORT.java:47)
	at java_programs.MERGESORT.mergesort(MERGESORT.java:47)
	at java_programs.MERGESORT.mergesort(MERGESORT.java:47)
	at java_programs.MERGESORT.mergesort(MERGESORT.java:47)
	at java_programs.MERGESORT.mergesort(MERGESORT.java:47)
	at java_programs.MERGESORT.mergesort(MERGESORT.java:47)
	at java_programs.MERGESORT.mergesort(MERGESORT.java:47)
	at java_programs.MERGESORT.mergesort(MERGESORT.java:47)
	at java_programs.MERGESORT.mergesort(MERGESORT.java:47)
	at java_programs.MERGESORT.mergesort(MERGESORT.java:47)
	at java_programs.MERGESORT.mergesort(MERGESORT.java:47)
	at java_programs.MERGESORT.mergesort(MERGESORT.java:47)
	at java_programs.MERGESORT.mergesort(MERGESORT.java:47)
	at java_programs.MERGESORT.mergesort(MERGESORT.java:47)
	at java_programs.MERGESORT.mergesort(MERGESORT.java:47)
	at java_programs.MERGESORT.mergesort(MERGESORT.java:47)
	at java_programs.MERGESORT.mergesort(MERGESORT.java:47)
	at java_programs.MERGESORT.mergesort(MERGESORT.java:47)
	at java_programs.MERGESORT.mergesort(MERGESORT.java:47)
	at java_programs.MERGESORT.mergesort(MERGESORT.java:47)
	at java_programs.MERGESORT.mergesort(MERGESORT.java:47)
	at java_programs.MERGESORT.mergesort(MERGESORT.java:47)
	at java_programs.MERGESORT.mergesort(MERGESORT.java:47)
	at java_programs.MERGESORT.mergesort(MERGESORT.java:47)
	at java_programs.MERGESORT.mergesort(MERGESORT.java:47)
	at java_programs.MERGESORT.mergesort(MERGESORT.java:47)
	at java_programs.MERGESORT.mergesort(MERGESORT.java:47)
	at java_programs.MERGESORT.mergesort(MERGESORT.java:47)
	at java_programs.MERGESORT.mergesort(MERGESORT.java:47)
	at java_programs.MERGESORT.mergesort(MERGESORT.java:47)
	at java_programs.MERGESORT.mergesort(MERGESORT.java:47)
	at java_programs.MERGESORT.mergesort(MERGESORT.java:47)
	at java_programs.MERGESORT.mergesort(MERGESORT.java:47)
	at java_programs.MERGESORT.mergesort(MERGESORT.java:47)
	at java_programs.MERGESORT.mergesort(MERGESORT.java:47)
	at java_programs.MERGESORT.mergesort(MERGESORT.java:47)
	at java_programs.MERGESORT.mergesort(MERGESORT.java:47)
	at java_programs.MERGESORT.mergesort(MERGESORT.java:47)
	at java_programs.MERGESORT.mergesort(MERGESORT.java:47)
	at java_programs.MERGESORT.mergesort(MERGESORT.java:47)
	at java_programs.MERGESORT.mergesort(MERGESORT.java:47)
	at java_programs.MERGESORT.mergesort(MERGESORT.java:47)
	at java_programs.MERGESORT.mergesort(MERGESORT.java:47)
	at java_programs.MERGESORT.mergesort(MERGESORT.java:47)
	at java_programs.MERGESORT.mergesort(MERGESORT.java:47)
	at java_programs.MERGESORT.mergesort(MERGESORT.java:47)
	at java_programs.MERGESORT.mergesort(MERGESORT.java:47)
	at java_programs.MERGESORT.mergesort(MERGESORT.java:47)
	at java_programs.MERGESORT.mergesort(MERGESORT.java:47)
	at java_programs.MERGESORT.mergesort(MERGESORT.java:47)
	at java_programs.MERGESORT.mergesort(MERGESORT.java:47)
	at java_programs.MERGESORT.mergesort(MERGESORT.java:47)
	at java_programs.MERGESORT.mergesort(MERGESORT.java:47)
	at java_programs.MERGESORT.mergesort(MERGESORT.java:47)
	at java_programs.MERGESORT.mergesort(MERGESORT.java:47)
	at java_programs.MERGESORT.mergesort(MERGESORT.java:47)
	at java_programs.MERGESORT.mergesort(MERGESORT.java:47)
	at java_programs.MERGESORT.mergesort(MERGESORT.java:47)
	at java_programs.MERGESORT.mergesort(MERGESORT.java:47)
	at java_programs.MERGESORT.mergesort(MERGESORT.java:47)
	at java_programs.MERGESORT.mergesort(MERGESORT.java:47)
	at java_programs.MERGESORT.mergesort(MERGESORT.java:47)
	at java_programs.MERGESORT.mergesort(MERGESORT.java:47)
	at java_programs.MERGESORT.mergesort(MERGESORT.java:47)
	at java_programs.MERGESORT.mergesort(MERGESORT.java:47)
	at java_programs.MERGESORT.mergesort(MERGESORT.java:47)
	at java_programs.MERGESORT.mergesort(MERGESORT.java:47)
	at java_programs.MERGESORT.mergesort(MERGESORT.java:47)
	at java_programs.MERGESORT.mergesort(MERGESORT.java:47)
	at java_programs.MERGESORT.mergesort(MERGESORT.java:47)
	at java_programs.MERGESORT.mergesort(MERGESORT.java:47)
	at java_programs.MERGESORT.mergesort(MERGESORT.java:47)
	at java_programs.MERGESORT.mergesort(MERGESORT.java:47)
	at java_programs.MERGESORT.mergesort(MERGESORT.java:47)
	at java_programs.MERGESORT.mergesort(MERGESORT.java:47)
	at java_programs.MERGESORT.mergesort(MERGESORT.java:47)
	at java_programs.MERGESORT.mergesort(MERGESORT.java:47)
	at java_programs.MERGESORT.mergesort(MERGESORT.java:47)
	at java_programs.MERGESORT.mergesort(MERGESORT.java:47)
	at java_programs.MERGESORT.mergesort(MERGESORT.java:47)
	at java_programs.MERGESORT.mergesort(MERGESORT.java:47)
	at java_programs.MERGESORT.mergesort(MERGESORT.java:47)
	at java_programs.MERGESORT.mergesort(MERGESORT.java:47)
	at java_programs.MERGESORT.mergesort(MERGESORT.java:47)
	at java_programs.MERGESORT.mergesort(MERGESORT.java:47)
	at java_programs.MERGESORT.mergesort(MERGESORT.java:47)
	at java_programs.MERGESORT.mergesort(MERGESORT.java:47)
	at java_programs.MERGESORT.mergesort(MERGESORT.java:47)
	at java_programs.MERGESORT.mergesort(MERGESORT.java:47)
	at java_programs.MERGESORT.mergesort(MERGESORT.java:47)
	at java_programs.MERGESORT.mergesort(MERGESORT.java:47)
	at java_programs.MERGESORT.mergesort(MERGESORT.java:47)
	at java_programs.MERGESORT.mergesort(MERGESORT.java:47)
	at java_programs.MERGESORT.mergesort(MERGESORT.java:47)
	at java_programs.MERGESORT.mergesort(MERGESORT.java:47)
	at java_programs.MERGESORT.mergesort(MERGESORT.java:47)
	at java_programs.MERGESORT.mergesort(MERGESORT.java:47)
	at java_programs.MERGESORT.mergesort(MERGESORT.java:47)
	at java_programs.MERGESORT.mergesort(MERGESORT.java:47)
	at java_programs.MERGESORT.mergesort(MERGESORT.java:47)
	at java_programs.MERGESORT.mergesort(MERGESORT.java:47)
	at java_programs.MERGESORT.mergesort(MERGESORT.java:47)
	at java_programs.MERGESORT.mergesort(MERGESORT.java:47)
	at java_programs.MERGESORT.mergesort(MERGESORT.java:47)
	at java_programs.MERGESORT.mergesort(MERGESORT.java:47)
	at java_programs.MERGESORT.mergesort(MERGESORT.java:47)
	at java_programs.MERGESORT.mergesort(MERGESORT.java:47)
	at java_programs.MERGESORT.mergesort(MERGESORT.java:47)
	at java_programs.MERGESORT.mergesort(MERGESORT.java:47)
	at java_programs.MERGESORT.mergesort(MERGESORT.java:47)
	at java_programs.MERGESORT.mergesort(MERGESORT.java:47)
	at java_programs.MERGESORT.mergesort(MERGESORT.java:47)
	at java_programs.MERGESORT.mergesort(MERGESORT.java:47)
	at java_programs.MERGESORT.mergesort(MERGESORT.java:47)
	at java_programs.MERGESORT.mergesort(MERGESORT.java:47)
	at java_programs.MERGESORT.mergesort(MERGESORT.java:47)
	at java_programs.MERGESORT.mergesort(MERGESORT.java:47)
	at java_programs.MERGESORT.mergesort(MERGESORT.java:47)
	at java_programs.MERGESORT.mergesort(MERGESORT.java:47)
	at java_programs.MERGESORT.mergesort(MERGESORT.java:47)
	at java_programs.MERGESORT.mergesort(MERGESORT.java:47)
	at java_programs.MERGESORT.mergesort(MERGESORT.java:47)
	at java_programs.MERGESORT.mergesort(MERGESORT.java:47)
	at java_programs.MERGESORT.mergesort(MERGESORT.java:47)
	at java_programs.MERGESORT.mergesort(MERGESORT.java:47)
	at java_programs.MERGESORT.mergesort(MERGESORT.java:47)
	at java_programs.MERGESORT.mergesort(MERGESORT.java:47)
	at java_programs.MERGESORT.mergesort(MERGESORT.java:47)
	at java_programs.MERGESORT.mergesort(MERGESORT.java:47)
	at java_programs.MERGESORT.mergesort(MERGESORT.java:47)
	at java_programs.MERGESORT.mergesort(MERGESORT.java:47)
	at java_programs.MERGESORT.mergesort(MERGESORT.java:47)
	at java_programs.MERGESORT.mergesort(MERGESORT.java:47)
	at java_programs.MERGESORT.mergesort(MERGESORT.java:47)
	at java_programs.MERGESORT.mergesort(MERGESORT.java:47)
	at java_programs.MERGESORT.mergesort(MERGESORT.java:47)
	at java_programs.MERGESORT.mergesort(MERGESORT.java:47)
	at java_programs.MERGESORT.mergesort(MERGESORT.java:47)
	at java_programs.MERGESORT.mergesort(MERGESORT.java:47)
	at java_programs.MERGESORT.mergesort(MERGESORT.java:47)
	at java_programs.MERGESORT.mergesort(MERGESORT.java:47)
	at java_programs.MERGESORT.mergesort(MERGESORT.java:47)
	at java_programs.MERGESORT.mergesort(MERGESORT.java:47)
	at java_programs.MERGESORT.mergesort(MERGESORT.java:47)
	at java_programs.MERGESORT.mergesort(MERGESORT.java:47)
	at java_programs.MERGESORT.mergesort(MERGESORT.java:47)
	at java_programs.MERGESORT.mergesort(MERGESORT.java:47)
	at java_programs.MERGESORT.mergesort(MERGESORT.java:47)
	at java_programs.MERGESORT.mergesort(MERGESORT.java:47)
	at java_programs.MERGESORT.mergesort(MERGESORT.java:47)
	at java_programs.MERGESORT.mergesort(MERGESORT.java:47)
	at java_programs.MERGESORT.mergesort(MERGESORT.java:47)
	at java_programs.MERGESORT.mergesort(MERGESORT.java:47)
	at java_programs.MERGESORT.mergesort(MERGESORT.java:47)
	at java_programs.MERGESORT.mergesort(MERGESORT.java:47)
	at java_programs.MERGESORT.mergesort(MERGESORT.java:47)
	at java_programs.MERGESORT.mergesort(MERGESORT.java:47)
	at java_programs.MERGESORT.mergesort(MERGESORT.java:47)
	at java_programs.MERGESORT.mergesort(MERGESORT.java:47)
	at java_programs.MERGESORT.mergesort(MERGESORT.java:47)
	at java_programs.MERGESORT.mergesort(MERGESORT.java:47)
	at java_programs.MERGESORT.mergesort(MERGESORT.java:47)
	at java_programs.MERGESORT.mergesort(MERGESORT.java:47)
	at java_programs.MERGESORT.mergesort(MERGESORT.java:47)
	at java_programs.MERGESORT.mergesort(MERGESORT.java:47)
	at java_programs.MERGESORT.mergesort(MERGESORT.java:47)
	at java_programs.MERGESORT.mergesort(MERGESORT.java:47)
	at java_programs.MERGESORT.mergesort(MERGESORT.java:47)
	at java_programs.MERGESORT.mergesort(MERGESORT.java:47)
	at java_programs.MERGESORT.mergesort(MERGESORT.java:47)
	at java_programs.MERGESORT.mergesort(MERGESORT.java:47)
	at java_programs.MERGESORT.mergesort(MERGESORT.java:47)
	at java_programs.MERGESORT.mergesort(MERGESORT.java:47)
	at java_programs.MERGESORT.mergesort(MERGESORT.java:47)
	at java_programs.MERGESORT.mergesort(MERGESORT.java:47)
	at java_programs.MERGESORT.mergesort(MERGESORT.java:47)
	at java_programs.MERGESORT.mergesort(MERGESORT.java:47)
	at java_programs.MERGESORT.mergesort(MERGESORT.java:47)
	at java_programs.MERGESORT.mergesort(MERGESORT.java:47)
	at java_programs.MERGESORT.mergesort(MERGESORT.java:47)
	at java_programs.MERGESORT.mergesort(MERGESORT.java:47)
	at java_programs.MERGESORT.mergesort(MERGESORT.java:47)
	at java_programs.MERGESORT.mergesort(MERGESORT.java:47)
	at java_programs.MERGESORT.mergesort(MERGESORT.java:47)
	at java_programs.MERGESORT.mergesort(MERGESORT.java:47)
	at java_programs.MERGESORT.mergesort(MERGESORT.java:47)
	at java_programs.MERGESORT.mergesort(MERGESORT.java:47)
	at java_programs.MERGESORT.mergesort(MERGESORT.java:47)
	at java_programs.MERGESORT.mergesort(MERGESORT.java:47)
	at java_programs.MERGESORT.mergesort(MERGESORT.java:47)
	at java_programs.MERGESORT.mergesort(MERGESORT.java:47)
	at java_programs.MERGESORT.mergesort(MERGESORT.java:47)
	at java_programs.MERGESORT.mergesort(MERGESORT.java:47)
	at java_programs.MERGESORT.mergesort(MERGESORT.java:47)
	at java_programs.MERGESORT.mergesort(MERGESORT.java:47)
	at java_programs.MERGESORT.mergesort(MERGESORT.java:47)
	at java_programs.MERGESORT.mergesort(MERGESORT.java:47)
	at java_programs.MERGESORT.mergesort(MERGESORT.java:47)
	at java_programs.MERGESORT.mergesort(MERGESORT.java:47)
	at java_programs.MERGESORT.mergesort(MERGESORT.java:47)
	at java_programs.MERGESORT.mergesort(MERGESORT.java:47)
	at java_programs.MERGESORT.mergesort(MERGESORT.java:47)
	at java_programs.MERGESORT.mergesort(MERGESORT.java:47)
	at java_programs.MERGESORT.mergesort(MERGESORT.java:47)
	at java_programs.MERGESORT.mergesort(MERGESORT.java:47)
	at java_programs.MERGESORT.mergesort(MERGESORT.java:47)
	at java_programs.MERGESORT.mergesort(MERGESORT.java:47)
	at java_programs.MERGESORT.mergesort(MERGESORT.java:47)
	at java_programs.MERGESORT.mergesort(MERGESORT.java:47)
	at java_programs.MERGESORT.mergesort(MERGESORT.java:47)
	at java_programs.MERGESORT.mergesort(MERGESORT.java:47)
	at java_programs.MERGESORT.mergesort(MERGESORT.java:47)
	at java_programs.MERGESORT.mergesort(MERGESORT.java:47)
	at java_programs.MERGESORT.mergesort(MERGESORT.java:47)
	at java_programs.MERGESORT.mergesort(MERGESORT.java:47)
	at java_programs.MERGESORT.mergesort(MERGESORT.java:47)
	at java_programs.MERGESORT.mergesort(MERGESORT.java:47)
	at java_programs.MERGESORT.mergesort(MERGESORT.java:47)
	at java_programs.MERGESORT.mergesort(MERGESORT.java:47)
	at java_programs.MERGESORT.mergesort(MERGESORT.java:47)
	at java_programs.MERGESORT.mergesort(MERGESORT.java:47)
	at java_programs.MERGESORT.mergesort(MERGESORT.java:47)
	at java_programs.MERGESORT.mergesort(MERGESORT.java:47)
	at java_programs.MERGESORT.mergesort(MERGESORT.java:47)
	at java_programs.MERGESORT.mergesort(MERGESORT.java:47)
	at java_programs.MERGESORT.mergesort(MERGESORT.java:47)
	at java_programs.MERGESORT.mergesort(MERGESORT.java:47)
	at java_programs.MERGESORT.mergesort(MERGESORT.java:47)
	at java_programs.MERGESORT.mergesort(MERGESORT.java:47)
	at java_programs.MERGESORT.mergesort(MERGESORT.java:47)
	at java_programs.MERGESORT.mergesort(MERGESORT.java:47)
	at java_programs.MERGESORT.mergesort(MERGESORT.java:47)
	at java_programs.MERGESORT.mergesort(MERGESORT.java:47)
	at java_programs.MERGESORT.mergesort(MERGESORT.java:47)
	at java_programs.MERGESORT.mergesort(MERGESORT.java:47)
	at java_programs.MERGESORT.mergesort(MERGESORT.java:47)
	at java_programs.MERGESORT.mergesort(MERGESORT.java:47)
	at java_programs.MERGESORT.mergesort(MERGESORT.java:47)
	at java_programs.MERGESORT.mergesort(MERGESORT.java:47)
	at java_programs.MERGESORT.mergesort(MERGESORT.java:47)
	at java_programs.MERGESORT.mergesort(MERGESORT.java:47)
	at java_programs.MERGESORT.mergesort(MERGESORT.java:47)
	at java_programs.MERGESORT.mergesort(MERGESORT.java:47)
	at java_programs.MERGESORT.mergesort(MERGESORT.java:47)
	at java_programs.MERGESORT.mergesort(MERGESORT.java:47)
	at java_programs.MERGESORT.mergesort(MERGESORT.java:47)
	at java_programs.MERGESORT.mergesort(MERGESORT.java:47)
	at java_programs.MERGESORT.mergesort(MERGESORT.java:47)
	at java_programs.MERGESORT.mergesort(MERGESORT.java:47)
	at java_programs.MERGESORT.mergesort(MERGESORT.java:47)
	at java_programs.MERGESORT.mergesort(MERGESORT.java:47)
	at java_programs.MERGESORT.mergesort(MERGESORT.java:47)
	at java_programs.MERGESORT.mergesort(MERGESORT.java:47)
	at java_programs.MERGESORT.mergesort(MERGESORT.java:47)
	at java_programs.MERGESORT.mergesort(MERGESORT.java:47)
	at java_programs.MERGESORT.mergesort(MERGESORT.java:47)
	at java_programs.MERGESORT.mergesort(MERGESORT.java:47)
	at java_programs.MERGESORT.mergesort(MERGESORT.java:47)
	at java_programs.MERGESORT.mergesort(MERGESORT.java:47)
	at java_programs.MERGESORT.mergesort(MERGESORT.java:47)
	at java_programs.MERGESORT.mergesort(MERGESORT.java:47)
	at java_programs.MERGESORT.mergesort(MERGESORT.java:47)
	at java_programs.MERGESORT.mergesort(MERGESORT.java:47)
	at java_programs.MERGESORT.mergesort(MERGESORT.java:47)
	at java_programs.MERGESORT.mergesort(MERGESORT.java:47)
	at java_programs.MERGESORT.mergesort(MERGESORT.java:47)
	at java_programs.MERGESORT.mergesort(MERGESORT.java:47)
	at java_programs.MERGESORT.mergesort(MERGESORT.java:47)
	at java_programs.MERGESORT.mergesort(MERGESORT.java:47)
	at java_programs.MERGESORT.mergesort(MERGESORT.java:47)
	at java_programs.MERGESORT.mergesort(MERGESORT.java:47)
	at java_programs.MERGESORT.mergesort(MERGESORT.java:47)
	at java_programs.MERGESORT.mergesort(MERGESORT.java:47)
	at java_programs.MERGESORT.mergesort(MERGESORT.java:47)
	at java_programs.MERGESORT.mergesort(MERGESORT.java:47)
	at java_programs.MERGESORT.mergesort(MERGESORT.java:47)
	at java_programs.MERGESORT.mergesort(MERGESORT.java:47)
	at java_programs.MERGESORT.mergesort(MERGESORT.java:47)
	at java_programs.MERGESORT.mergesort(MERGESORT.java:47)
	at java_programs.MERGESORT.mergesort(MERGESORT.java:47)
	at java_programs.MERGESORT.mergesort(MERGESORT.java:47)
	at java_programs.MERGESORT.mergesort(MERGESORT.java:47)
	at java_programs.MERGESORT.mergesort(MERGESORT.java:47)
	at java_programs.MERGESORT.mergesort(MERGESORT.java:47)
	at java_programs.MERGESORT.mergesort(MERGESORT.java:47)
	at java_programs.MERGESORT.mergesort(MERGESORT.java:47)
	at java_programs.MERGESORT.mergesort(MERGESORT.java:47)
	at java_programs.MERGESORT.mergesort(MERGESORT.java:47)
	at java_programs.MERGESORT.mergesort(MERGESORT.java:47)
	at java_programs.MERGESORT.mergesort(MERGESORT.java:47)
	at java_programs.MERGESORT.mergesort(MERGESORT.java:47)
	at java_programs.MERGESORT.mergesort(MERGESORT.java:47)
	at java_programs.MERGESORT.mergesort(MERGESORT.java:47)
	at java_programs.MERGESORT.mergesort(MERGESORT.java:47)
	at java_programs.MERGESORT.mergesort(MERGESORT.java:47)
	at java_programs.MERGESORT.mergesort(MERGESORT.java:47)
	at java_programs.MERGESORT.mergesort(MERGESORT.java:47)
	at java_programs.MERGESORT.mergesort(MERGESORT.java:47)
	at java_programs.MERGESORT.mergesort(MERGESORT.java:47)
	at java_programs.MERGESORT.mergesort(MERGESORT.java:47)
	at java_programs.MERGESORT.mergesort(MERGESORT.java:47)
	at java_programs.MERGESORT.mergesort(MERGESORT.java:47)
	at java_programs.MERGESORT.mergesort(MERGESORT.java:47)
	at java_programs.MERGESORT.mergesort(MERGESORT.java:47)
	at java_programs.MERGESORT.mergesort(MERGESORT.java:47)
	at java_programs.MERGESORT.mergesort(MERGESORT.java:47)
	at java_programs.MERGESORT.mergesort(MERGESORT.java:47)
	at java_programs.MERGESORT.mergesort(MERGESORT.java:47)
	at java_programs.MERGESORT.mergesort(MERGESORT.java:47)
	at java_programs.MERGESORT.mergesort(MERGESORT.java:47)
	at java_programs.MERGESORT.mergesort(MERGESORT.java:47)
	at java_programs.MERGESORT.mergesort(MERGESORT.java:47)
	at java_programs.MERGESORT.mergesort(MERGESORT.java:47)
	at java_programs.MERGESORT.mergesort(MERGESORT.java:47)
	at java_programs.MERGESORT.mergesort(MERGESORT.java:47)
	at java_programs.MERGESORT.mergesort(MERGESORT.java:47)
	at java_programs.MERGESORT.mergesort(MERGESORT.java:47)
	at java_programs.MERGESORT.mergesort(MERGESORT.java:47)
	at java_programs.MERGESORT.mergesort(MERGESORT.java:47)
	at java_programs.MERGESORT.mergesort(MERGESORT.java:47)
	at java_programs.MERGESORT.mergesort(MERGESORT.java:47)
	at java_programs.MERGESORT.mergesort(MERGESORT.java:47)
	at java_programs.MERGESORT.mergesort(MERGESORT.java:47)
	at java_programs.MERGESORT.mergesort(MERGESORT.java:47)
	at java_programs.MERGESORT.mergesort(MERGESORT.java:47)
	at java_programs.MERGESORT.mergesort(MERGESORT.java:47)
	at java_programs.MERGESORT.mergesort(MERGESORT.java:47)
	at java_programs.MERGESORT.mergesort(MERGESORT.java:47)
	at java_programs.MERGESORT.mergesort(MERGESORT.java:47)
	at java_programs.MERGESORT.mergesort(MERGESORT.java:47)
	at java_programs.MERGESORT.mergesort(MERGESORT.java:47)
	at java_programs.MERGESORT.mergesort(MERGESORT.java:47)
	at java_programs.MERGESORT.mergesort(MERGESORT.java:47)
	at java_programs.MERGESORT.mergesort(MERGESORT.java:47)
	at java_programs.MERGESORT.mergesort(MERGESORT.java:47)
	at java_programs.MERGESORT.mergesort(MERGESORT.java:47)
	at java_programs.MERGESORT.mergesort(MERGESORT.java:47)
	at java_programs.MERGESORT.mergesort(MERGESORT.java:47)
	at java_programs.MERGESORT.mergesort(MERGESORT.java:47)
	at java_programs.MERGESORT.mergesort(MERGESORT.java:47)
	at java_programs.MERGESORT.mergesort(MERGESORT.java:47)
	at java_programs.MERGESORT.mergesort(MERGESORT.java:47)
	at java_programs.MERGESORT.mergesort(MERGESORT.java:47)
	at java_programs.MERGESORT.mergesort(MERGESORT.java:47)
	at java_programs.MERGESORT.mergesort(MERGESORT.java:47)
	at java_programs.MERGESORT.mergesort(MERGESORT.java:47)
	at java_programs.MERGESORT.mergesort(MERGESORT.java:47)
	at java_programs.MERGESORT.mergesort(MERGESORT.java:47)
	at java_programs.MERGESORT.mergesort(MERGESORT.java:47)
	at java_programs.MERGESORT.mergesort(MERGESORT.java:47)
	at java_programs.MERGESORT.mergesort(MERGESORT.java:47)
	at java_programs.MERGESORT.mergesort(MERGESORT.java:47)
	at java_programs.MERGESORT.mergesort(MERGESORT.java:47)
	at java_programs.MERGESORT.mergesort(MERGESORT.java:47)
	at java_programs.MERGESORT.mergesort(MERGESORT.java:47)
	at java_programs.MERGESORT.mergesort(MERGESORT.java:47)
	at java_programs.MERGESORT.mergesort(MERGESORT.java:47)
	at java_programs.MERGESORT.mergesort(MERGESORT.java:47)
	at java_programs.MERGESORT.mergesort(MERGESORT.java:47)
	at java_programs.MERGESORT.mergesort(MERGESORT.java:47)
	at java_programs.MERGESORT.mergesort(MERGESORT.java:47)
	at java_programs.MERGESORT.mergesort(MERGESORT.java:47)
	at java_programs.MERGESORT.mergesort(MERGESORT.java:47)
	at java_programs.MERGESORT.mergesort(MERGESORT.java:47)
	at java_programs.MERGESORT.mergesort(MERGESORT.java:47)
	at java_programs.MERGESORT.mergesort(MERGESORT.java:47)
	at java_programs.MERGESORT.mergesort(MERGESORT.java:47)
	at java_programs.MERGESORT.mergesort(MERGESORT.java:47)
	at java_programs.MERGESORT.mergesort(MERGESORT.java:47)
	at java_programs.MERGESORT.mergesort(MERGESORT.java:47)
	at java_programs.MERGESORT.mergesort(MERGESORT.java:47)
	at java_programs.MERGESORT.mergesort(MERGESORT.java:47)
	at java_programs.MERGESORT.mergesort(MERGESORT.java:47)
	at java_programs.MERGESORT.mergesort(MERGESORT.java:47)
	at java_programs.MERGESORT.mergesort(MERGESORT.java:47)
	at java_programs.MERGESORT.mergesort(MERGESORT.java:47)
	at java_programs.MERGESORT.mergesort(MERGESORT.java:47)
	at java_programs.MERGESORT.mergesort(MERGESORT.java:47)
	at java_programs.MERGESORT.mergesort(MERGESORT.java:47)
	at java_programs.MERGESORT.mergesort(MERGESORT.java:47)
	at java_programs.MERGESORT.mergesort(MERGESORT.java:47)
	at java_programs.MERGESORT.mergesort(MERGESORT.java:47)
	at java_programs.MERGESORT.mergesort(MERGESORT.java:47)
	at java_programs.MERGESORT.mergesort(MERGESORT.java:47)
	at java_programs.MERGESORT.mergesort(MERGESORT.java:47)
	at java_programs.MERGESORT.mergesort(MERGESORT.java:47)
	at java_programs.MERGESORT.mergesort(MERGESORT.java:47)
	at java_programs.MERGESORT.mergesort(MERGESORT.java:47)
	at java_programs.MERGESORT.mergesort(MERGESORT.java:47)
	at java_programs.MERGESORT.mergesort(MERGESORT.java:47)
	at java_programs.MERGESORT.mergesort(MERGESORT.java:47)
	at java_programs.MERGESORT.mergesort(MERGESORT.java:47)
	at java_programs.MERGESORT.mergesort(MERGESORT.java:47)
	at java_programs.MERGESORT.mergesort(MERGESORT.java:47)
	at java_programs.MERGESORT.mergesort(MERGESORT.java:47)
	at java_programs.MERGESORT.mergesort(MERGESORT.java:47)
	at java_programs.MERGESORT.mergesort(MERGESORT.java:47)
	at java_programs.MERGESORT.mergesort(MERGESORT.java:47)
	at java_programs.MERGESORT.mergesort(MERGESORT.java:47)
	at java_programs.MERGESORT.mergesort(MERGESORT.java:47)
	at java_programs.MERGESORT.mergesort(MERGESORT.java:47)
	at java_programs.MERGESORT.mergesort(MERGESORT.java:47)
	at java_programs.MERGESORT.mergesort(MERGESORT.java:47)
	at java_programs.MERGESORT.mergesort(MERGESORT.java:47)
	at java_programs.MERGESORT.mergesort(MERGESORT.java:47)
	at java_programs.MERGESORT.mergesort(MERGESORT.java:47)
	at java_programs.MERGESORT.mergesort(MERGESORT.java:47)
	at java_programs.MERGESORT.mergesort(MERGESORT.java:47)
	at java_programs.MERGESORT.mergesort(MERGESORT.java:47)
	at java_programs.MERGESORT.mergesort(MERGESORT.java:47)
	at java_programs.MERGESORT.mergesort(MERGESORT.java:47)
	at java_programs.MERGESORT.mergesort(MERGESORT.java:47)
	at java_programs.MERGESORT.mergesort(MERGESORT.java:47)
	at java_programs.MERGESORT.mergesort(MERGESORT.java:47)
	at java_programs.MERGESORT.mergesort(MERGESORT.java:47)
	at java_programs.MERGESORT.mergesort(MERGESORT.java:47)
	at java_programs.MERGESORT.mergesort(MERGESORT.java:47)
	at java_programs.MERGESORT.mergesort(MERGESORT.java:47)
	at java_programs.MERGESORT.mergesort(MERGESORT.java:47)
	at java_programs.MERGESORT.mergesort(MERGESORT.java:47)
	at java_programs.MERGESORT.mergesort(MERGESORT.java:47)
	at java_programs.MERGESORT.mergesort(MERGESORT.java:47)
	at java_programs.MERGESORT.mergesort(MERGESORT.java:47)
	at java_programs.MERGESORT.mergesort(MERGESORT.java:47)
	at java_programs.MERGESORT.mergesort(MERGESORT.java:47)
	at java_programs.MERGESORT.mergesort(MERGESORT.java:47)
	at java_programs.MERGESORT.mergesort(MERGESORT.java:47)
	at java_programs.MERGESORT.mergesort(MERGESORT.java:47)
	at java_programs.MERGESORT.mergesort(MERGESORT.java:47)
	at java_programs.MERGESORT.mergesort(MERGESORT.java:47)
	at java_programs.MERGESORT.mergesort(MERGESORT.java:47)
	at java_programs.MERGESORT.mergesort(MERGESORT.java:47)
	at java_programs.MERGESORT.mergesort(MERGESORT.java:47)
	at java_programs.MERGESORT.mergesort(MERGESORT.java:47)
	at java_programs.MERGESORT.mergesort(MERGESORT.java:47)
	at java_programs.MERGESORT.mergesort(MERGESORT.java:47)
	at java_programs.MERGESORT.mergesort(MERGESORT.java:47)
	at java_programs.MERGESORT.mergesort(MERGESORT.java:47)
	at java_programs.MERGESORT.mergesort(MERGESORT.java:47)
	at java_programs.MERGESORT.mergesort(MERGESORT.java:47)
	at java_programs.MERGESORT.mergesort(MERGESORT.java:47)
	at java_programs.MERGESORT.mergesort(MERGESORT.java:47)
	at java_programs.MERGESORT.mergesort(MERGESORT.java:47)
	at java_programs.MERGESORT.mergesort(MERGESORT.java:47)
	at java_programs.MERGESORT.mergesort(MERGESORT.java:47)
	at java_programs.MERGESORT.mergesort(MERGESORT.java:47)
	at java_programs.MERGESORT.mergesort(MERGESORT.java:47)
	at java_programs.MERGESORT.mergesort(MERGESORT.java:47)
	at java_programs.MERGESORT.mergesort(MERGESORT.java:47)
	at java_programs.MERGESORT.mergesort(MERGESORT.java:47)
	at java_programs.MERGESORT.mergesort(MERGESORT.java:47)
	at java_programs.MERGESORT.mergesort(MERGESORT.java:47)
	at java_programs.MERGESORT.mergesort(MERGESORT.java:47)
	at java_programs.MERGESORT.mergesort(MERGESORT.java:47)
	at java_programs.MERGESORT.mergesort(MERGESORT.java:47)
	at java_programs.MERGESORT.mergesort(MERGESORT.java:47)
	at java_programs.MERGESORT.mergesort(MERGESORT.java:47)
	at java_programs.MERGESORT.mergesort(MERGESORT.java:47)
	at java_programs.MERGESORT.mergesort(MERGESORT.java:47)
	at java_programs.MERGESORT.mergesort(MERGESORT.java:47)
	at java_programs.MERGESORT.mergesort(MERGESORT.java:47)
	at java_programs.MERGESORT.mergesort(MERGESORT.java:47)
	at java_programs.MERGESORT.mergesort(MERGESORT.java:47)
	at java_programs.MERGESORT.mergesort(MERGESORT.java:47)
	at java_programs.MERGESORT.mergesort(MERGESORT.java:47)
	at java_programs.MERGESORT.mergesort(MERGESORT.java:47)
	at java_programs.MERGESORT.mergesort(MERGESORT.java:47)
	at java_programs.MERGESORT.mergesort(MERGESORT.java:47)
	at java_programs.MERGESORT.mergesort(MERGESORT.java:47)
	at java_programs.MERGESORT.mergesort(MERGESORT.java:47)
	at java_programs.MERGESORT.mergesort(MERGESORT.java:47)
	at java_programs.MERGESORT.mergesort(MERGESORT.java:47)
	at java_programs.MERGESORT.mergesort(MERGESORT.java:47)
	at java_programs.MERGESORT.mergesort(MERGESORT.java:47)
	at java_programs.MERGESORT.mergesort(MERGESORT.java:47)
	at java_programs.MERGESORT.mergesort(MERGESORT.java:47)
	at java_programs.MERGESORT.mergesort(MERGESORT.java:47)
	at java_programs.MERGESORT.mergesort(MERGESORT.java:47)
	at java_programs.MERGESORT.mergesort(MERGESORT.java:47)
	at java_programs.MERGESORT.mergesort(MERGESORT.java:47)
	at java_programs.MERGESORT.mergesort(MERGESORT.java:47)
	at java_programs.MERGESORT.mergesort(MERGESORT.java:47)
	at java_programs.MERGESORT.mergesort(MERGESORT.java:47)
	at java_programs.MERGESORT.mergesort(MERGESORT.java:47)
	at java_programs.MERGESORT.mergesort(MERGESORT.java:47)
	at java_programs.MERGESORT.mergesort(MERGESORT.java:47)
	at java_programs.MERGESORT.mergesort(MERGESORT.java:47)
	at java_programs.MERGESORT.mergesort(MERGESORT.java:47)
	at java_programs.MERGESORT.mergesort(MERGESORT.java:47)
	at java_programs.MERGESORT.mergesort(MERGESORT.java:47)
	at java_programs.MERGESORT.mergesort(MERGESORT.java:47)
	at java_programs.MERGESORT.mergesort(MERGESORT.java:47)
	at java_programs.MERGESORT.mergesort(MERGESORT.java:47)
	at java_programs.MERGESORT.mergesort(MERGESORT.java:47)
	at java_programs.MERGESORT.mergesort(MERGESORT.java:47)
	at java_programs.MERGESORT.mergesort(MERGESORT.java:47)
	at java_programs.MERGESORT.mergesort(MERGESORT.java:47)
	at java_programs.MERGESORT.mergesort(MERGESORT.java:47)
	at java_programs.MERGESORT.mergesort(MERGESORT.java:47)
	at java_programs.MERGESORT.mergesort(MERGESORT.java:47)
	at java_programs.MERGESORT.mergesort(MERGESORT.java:47)
	at java_programs.MERGESORT.mergesort(MERGESORT.java:47)
	at java_programs.MERGESORT.mergesort(MERGESORT.java:47)
	at java_programs.MERGESORT.mergesort(MERGESORT.java:47)
	at java_programs.MERGESORT.mergesort(MERGESORT.java:47)
	at java_programs.MERGESORT.mergesort(MERGESORT.java:47)
	at java_programs.MERGESORT.mergesort(MERGESORT.java:47)
	at java_programs.MERGESORT.mergesort(MERGESORT.java:47)
	at java_programs.MERGESORT.mergesort(MERGESORT.java:47)
	at java_programs.MERGESORT.mergesort(MERGESORT.java:47)
	at java_programs.MERGESORT.mergesort(MERGESORT.java:47)
	at java_programs.MERGESORT.mergesort(MERGESORT.java:47)
	at java_programs.MERGESORT.mergesort(MERGESORT.java:47)
	at java_programs.MERGESORT.mergesort(MERGESORT.java:47)
	at java_programs.MERGESORT.mergesort(MERGESORT.java:47)
	at java_programs.MERGESORT.mergesort(MERGESORT.java:47)
	at java_programs.MERGESORT.mergesort(MERGESORT.java:47)
	at java_programs.MERGESORT.mergesort(MERGESORT.java:47)
	at java_programs.MERGESORT.mergesort(MERGESORT.java:47)
	at java_programs.MERGESORT.mergesort(MERGESORT.java:47)
	at java_programs.MERGESORT.mergesort(MERGESORT.java:47)
	at java_programs.MERGESORT.mergesort(MERGESORT.java:47)
	at java_programs.MERGESORT.mergesort(MERGESORT.java:47)
	at java_programs.MERGESORT.mergesort(MERGESORT.java:47)
	at java_programs.MERGESORT.mergesort(MERGESORT.java:47)
	at java_programs.MERGESORT.mergesort(MERGESORT.java:47)
	at java_programs.MERGESORT.mergesort(MERGESORT.java:47)
	at java_programs.MERGESORT.mergesort(MERGESORT.java:47)
	at java_programs.MERGESORT.mergesort(MERGESORT.java:47)
	at java_programs.MERGESORT.mergesort(MERGESORT.java:47)
	at java_programs.MERGESORT.mergesort(MERGESORT.java:47)
	at java_programs.MERGESORT.mergesort(MERGESORT.java:47)
	at java_programs.MERGESORT.mergesort(MERGESORT.java:47)
	at java_programs.MERGESORT.mergesort(MERGESORT.java:47)
	at java_programs.MERGESORT.mergesort(MERGESORT.java:47)
	at java_programs.MERGESORT.mergesort(MERGESORT.java:47)
	at java_programs.MERGESORT.mergesort(MERGESORT.java:47)
	at java_programs.MERGESORT.mergesort(MERGESORT.java:47)
	at java_programs.MERGESORT.mergesort(MERGESORT.java:47)
	at java_programs.MERGESORT.mergesort(MERGESORT.java:47)
	at java_programs.MERGESORT.mergesort(MERGESORT.java:47)
	at java_programs.MERGESORT.mergesort(MERGESORT.java:47)
	at java_programs.MERGESORT.mergesort(MERGESORT.java:47)
	at java_programs.MERGESORT.mergesort(MERGESORT.java:47)
	at java_programs.MERGESORT.mergesort(MERGESORT.java:47)
	at java_programs.MERGESORT.mergesort(MERGESORT.java:47)
	at java_programs.MERGESORT.mergesort(MERGESORT.java:47)
	at java_programs.MERGESORT.mergesort(MERGESORT.java:47)
	at java_programs.MERGESORT.mergesort(MERGESORT.java:47)
	at java_programs.MERGESORT.mergesort(MERGESORT.java:47)
	at java_programs.MERGESORT.mergesort(MERGESORT.java:47)
	at java_programs.MERGESORT.mergesort(MERGESORT.java:47)
	at java_programs.MERGESORT.mergesort(MERGESORT.java:47)
	at java_programs.MERGESORT.mergesort(MERGESORT.java:47)
	at java_programs.MERGESORT.mergesort(MERGESORT.java:47)
	at java_programs.MERGESORT.mergesort(MERGESORT.java:47)
	at java_programs.MERGESORT.mergesort(MERGESORT.java:47)
	at java_programs.MERGESORT.mergesort(MERGESORT.java:47)
	at java_programs.MERGESORT.mergesort(MERGESORT.java:47)
	at java_programs.MERGESORT.mergesort(MERGESORT.java:47)
	at java_programs.MERGESORT.mergesort(MERGESORT.java:47)
	at java_programs.MERGESORT.mergesort(MERGESORT.java:47)
	at java_programs.MERGESORT.mergesort(MERGESORT.java:47)
	at java_programs.MERGESORT.mergesort(MERGESORT.java:47)
	at java_programs.MERGESORT.mergesort(MERGESORT.java:47)
	at java_programs.MERGESORT.mergesort(MERGESORT.java:47)
	at java_programs.MERGESORT.mergesort(MERGESORT.java:47)
	at java_programs.MERGESORT.mergesort(MERGESORT.java:47)
	at java_programs.MERGESORT.mergesort(MERGESORT.java:47)
	at java_programs.MERGESORT.mergesort(MERGESORT.java:47)
	at java_programs.MERGESORT.mergesort(MERGESORT.java:47)
	at java_programs.MERGESORT.mergesort(MERGESORT.java:47)
	at java_programs.MERGESORT.mergesort(MERGESORT.java:47)
	at java_programs.MERGESORT.mergesort(MERGESORT.java:47)
	at java_programs.MERGESORT.mergesort(MERGESORT.java:47)
	at java_programs.MERGESORT.mergesort(MERGESORT.java:47)
	at java_programs.MERGESORT.mergesort(MERGESORT.java:47)
	at java_programs.MERGESORT.mergesort(MERGESORT.java:47)
	at java_programs.MERGESORT.mergesort(MERGESORT.java:47)
	at java_programs.MERGESORT.mergesort(MERGESORT.java:47)
	at java_programs.MERGESORT.mergesort(MERGESORT.java:47)
	at java_programs.MERGESORT.mergesort(MERGESORT.java:47)
	at java_programs.MERGESORT.mergesort(MERGESORT.java:47)
	at java_programs.MERGESORT.mergesort(MERGESORT.java:47)
	at java_programs.MERGESORT.mergesort(MERGESORT.java:47)
	at java_programs.MERGESORT.mergesort(MERGESORT.java:47)
	at java_programs.MERGESORT.mergesort(MERGESORT.java:47)
	at java_programs.MERGESORT.mergesort(MERGESORT.java:47)
	at java_programs.MERGESORT.mergesort(MERGESORT.java:47)
	at java_programs.MERGESORT.mergesort(MERGESORT.java:47)
	at java_programs.MERGESORT.mergesort(MERGESORT.java:47)
	at java_programs.MERGESORT.mergesort(MERGESORT.java:47)
	at java_programs.MERGESORT.mergesort(MERGESORT.java:47)
	at java_programs.MERGESORT.mergesort(MERGESORT.java:47)
	at java_programs.MERGESORT.mergesort(MERGESORT.java:47)
	at java_programs.MERGESORT.mergesort(MERGESORT.java:47)
	at java_programs.MERGESORT.mergesort(MERGESORT.java:47)
	at java_programs.MERGESORT.mergesort(MERGESORT.java:47)
	at java_programs.MERGESORT.mergesort(MERGESORT.java:47)
	at java_programs.MERGESORT.mergesort(MERGESORT.java:47)
	at java_programs.MERGESORT.mergesort(MERGESORT.java:47)
	at java_programs.MERGESORT.mergesort(MERGESORT.java:47)
	at java_programs.MERGESORT.mergesort(MERGESORT.java:47)
	at java_programs.MERGESORT.mergesort(MERGESORT.java:47)
	at java_programs.MERGESORT.mergesort(MERGESORT.java:47)
	at java_programs.MERGESORT.mergesort(MERGESORT.java:47)
	at java_programs.MERGESORT.mergesort(MERGESORT.java:47)
	at java_programs.MERGESORT.mergesort(MERGESORT.java:47)
	at java_programs.MERGESORT.mergesort(MERGESORT.java:47)
	at java_programs.MERGESORT.mergesort(MERGESORT.java:47)
	at java_programs.MERGESORT.mergesort(MERGESORT.java:47)
	at java_programs.MERGESORT.mergesort(MERGESORT.java:47)
	at java_programs.MERGESORT.mergesort(MERGESORT.java:47)
	at java_programs.MERGESORT.mergesort(MERGESORT.java:47)
	at java_programs.MERGESORT.mergesort(MERGESORT.java:47)
	at java_programs.MERGESORT.mergesort(MERGESORT.java:47)
	at java_programs.MERGESORT.mergesort(MERGESORT.java:47)
	at java_programs.MERGESORT.mergesort(MERGESORT.java:47)
	at java_programs.MERGESORT.mergesort(MERGESORT.java:47)
	at java_programs.MERGESORT.mergesort(MERGESORT.java:47)
	at java_programs.MERGESORT.mergesort(MERGESORT.java:47)
	at java_programs.MERGESORT.mergesort(MERGESORT.java:47)
	at java_programs.MERGESORT.mergesort(MERGESORT.java:47)
	at java_programs.MERGESORT.mergesort(MERGESORT.java:47)
	at java_programs.MERGESORT.mergesort(MERGESORT.java:47)
	at java_programs.MERGESORT.mergesort(MERGESORT.java:47)
	at java_programs.MERGESORT.mergesort(MERGESORT.java:47)
	at java_programs.MERGESORT.mergesort(MERGESORT.java:47)
	at java_programs.MERGESORT.mergesort(MERGESORT.java:47)
	at java_programs.MERGESORT.mergesort(MERGESORT.java:47)
	at java_programs.MERGESORT.mergesort(MERGESORT.java:47)
	at java_programs.MERGESORT.mergesort(MERGESORT.java:47)
	at java_programs.MERGESORT.mergesort(MERGESORT.java:47)
	at java_programs.MERGESORT.mergesort(MERGESORT.java:47)
	at java_programs.MERGESORT.mergesort(MERGESORT.java:47)
	at java_programs.MERGESORT.mergesort(MERGESORT.java:47)
	at java_programs.MERGESORT.mergesort(MERGESORT.java:47)
	at java_programs.MERGESORT.mergesort(MERGESORT.java:47)
	at java_programs.MERGESORT.mergesort(MERGESORT.java:47)
	at java_programs.MERGESORT.mergesort(MERGESORT.java:47)
	at java_programs.MERGESORT.mergesort(MERGESORT.java:47)
	at java_programs.MERGESORT.mergesort(MERGESORT.java:47)
	at java_programs.MERGESORT.mergesort(MERGESORT.java:47)
	at java_programs.MERGESORT.mergesort(MERGESORT.java:47)
	at java_programs.MERGESORT.mergesort(MERGESORT.java:47)
	at java_programs.MERGESORT.mergesort(MERGESORT.java:47)
	at java_programs.MERGESORT.mergesort(MERGESORT.java:47)
	at java_programs.MERGESORT.mergesort(MERGESORT.java:47)
	at java_programs.MERGESORT.mergesort(MERGESORT.java:47)
	at java_programs.MERGESORT.mergesort(MERGESORT.java:47)
	at java_programs.MERGESORT.mergesort(MERGESORT.java:47)
	at java_programs.MERGESORT.mergesort(MERGESORT.java:47)
	at java_programs.MERGESORT.mergesort(MERGESORT.java:47)
	at java_programs.MERGESORT.mergesort(MERGESORT.java:47)
	at java_programs.MERGESORT.mergesort(MERGESORT.java:47)
	at java_programs.MERGESORT.mergesort(MERGESORT.java:47)
	at java_programs.MERGESORT.mergesort(MERGESORT.java:47)
	at java_programs.MERGESORT.mergesort(MERGESORT.java:47)
</failure>
  </testcase>
  <testcase name="test_6" classname="java_testcases.junit.MERGESORT_TEST" time="0.061">
    <failure message="java.lang.StackOverflowError" type="java.lang.StackOverflowError">java.lang.StackOverflowError
	at java.base/java.util.ArrayList.addAll(ArrayList.java:670)
	at java_programs.MERGESORT.mergesort(MERGESORT.java:43)
	at java_programs.MERGESORT.mergesort(MERGESORT.java:47)
	at java_programs.MERGESORT.mergesort(MERGESORT.java:47)
	at java_programs.MERGESORT.mergesort(MERGESORT.java:47)
	at java_programs.MERGESORT.mergesort(MERGESORT.java:47)
	at java_programs.MERGESORT.mergesort(MERGESORT.java:47)
	at java_programs.MERGESORT.mergesort(MERGESORT.java:47)
	at java_programs.MERGESORT.mergesort(MERGESORT.java:47)
	at java_programs.MERGESORT.mergesort(MERGESORT.java:47)
	at java_programs.MERGESORT.mergesort(MERGESORT.java:47)
	at java_programs.MERGESORT.mergesort(MERGESORT.java:47)
	at java_programs.MERGESORT.mergesort(MERGESORT.java:47)
	at java_programs.MERGESORT.mergesort(MERGESORT.java:47)
	at java_programs.MERGESORT.mergesort(MERGESORT.java:47)
	at java_programs.MERGESORT.mergesort(MERGESORT.java:47)
	at java_programs.MERGESORT.mergesort(MERGESORT.java:47)
	at java_programs.MERGESORT.mergesort(MERGESORT.java:47)
	at java_programs.MERGESORT.mergesort(MERGESORT.java:47)
	at java_programs.MERGESORT.mergesort(MERGESORT.java:47)
	at java_programs.MERGESORT.mergesort(MERGESORT.java:47)
	at java_programs.MERGESORT.mergesort(MERGESORT.java:47)
	at java_programs.MERGESORT.mergesort(MERGESORT.java:47)
	at java_programs.MERGESORT.mergesort(MERGESORT.java:47)
	at java_programs.MERGESORT.mergesort(MERGESORT.java:47)
	at java_programs.MERGESORT.mergesort(MERGESORT.java:47)
	at java_programs.MERGESORT.mergesort(MERGESORT.java:47)
	at java_programs.MERGESORT.mergesort(MERGESORT.java:47)
	at java_programs.MERGESORT.mergesort(MERGESORT.java:47)
	at java_programs.MERGESORT.mergesort(MERGESORT.java:47)
	at java_programs.MERGESORT.mergesort(MERGESORT.java:47)
	at java_programs.MERGESORT.mergesort(MERGESORT.java:47)
	at java_programs.MERGESORT.mergesort(MERGESORT.java:47)
	at java_programs.MERGESORT.mergesort(MERGESORT.java:47)
	at java_programs.MERGESORT.mergesort(MERGESORT.java:47)
	at java_programs.MERGESORT.mergesort(MERGESORT.java:47)
	at java_programs.MERGESORT.mergesort(MERGESORT.java:47)
	at java_programs.MERGESORT.mergesort(MERGESORT.java:47)
	at java_programs.MERGESORT.mergesort(MERGESORT.java:47)
	at java_programs.MERGESORT.mergesort(MERGESORT.java:47)
	at java_programs.MERGESORT.mergesort(MERGESORT.java:47)
	at java_programs.MERGESORT.mergesort(MERGESORT.java:47)
	at java_programs.MERGESORT.mergesort(MERGESORT.java:47)
	at java_programs.MERGESORT.mergesort(MERGESORT.java:47)
	at java_programs.MERGESORT.mergesort(MERGESORT.java:47)
	at java_programs.MERGESORT.mergesort(MERGESORT.java:47)
	at java_programs.MERGESORT.mergesort(MERGESORT.java:47)
	at java_programs.MERGESORT.mergesort(MERGESORT.java:47)
	at java_programs.MERGESORT.mergesort(MERGESORT.java:47)
	at java_programs.MERGESORT.mergesort(MERGESORT.java:47)
	at java_programs.MERGESORT.mergesort(MERGESORT.java:47)
	at java_programs.MERGESORT.mergesort(MERGESORT.java:47)
	at java_programs.MERGESORT.mergesort(MERGESORT.java:47)
	at java_programs.MERGESORT.mergesort(MERGESORT.java:47)
	at java_programs.MERGESORT.mergesort(MERGESORT.java:47)
	at java_programs.MERGESORT.mergesort(MERGESORT.java:47)
	at java_programs.MERGESORT.mergesort(MERGESORT.java:47)
	at java_programs.MERGESORT.mergesort(MERGESORT.java:47)
	at java_programs.MERGESORT.mergesort(MERGESORT.java:47)
	at java_programs.MERGESORT.mergesort(MERGESORT.java:47)
	at java_programs.MERGESORT.mergesort(MERGESORT.java:47)
	at java_programs.MERGESORT.mergesort(MERGESORT.java:47)
	at java_programs.MERGESORT.mergesort(MERGESORT.java:47)
	at java_programs.MERGESORT.mergesort(MERGESORT.java:47)
	at java_programs.MERGESORT.mergesort(MERGESORT.java:47)
	at java_programs.MERGESORT.mergesort(MERGESORT.java:47)
	at java_programs.MERGESORT.mergesort(MERGESORT.java:47)
	at java_programs.MERGESORT.mergesort(MERGESORT.java:47)
	at java_programs.MERGESORT.mergesort(MERGESORT.java:47)
	at java_programs.MERGESORT.mergesort(MERGESORT.java:47)
	at java_programs.MERGESORT.mergesort(MERGESORT.java:47)
	at java_programs.MERGESORT.mergesort(MERGESORT.java:47)
	at java_programs.MERGESORT.mergesort(MERGESORT.java:47)
	at java_programs.MERGESORT.mergesort(MERGESORT.java:47)
	at java_programs.MERGESORT.mergesort(MERGESORT.java:47)
	at java_programs.MERGESORT.mergesort(MERGESORT.java:47)
	at java_programs.MERGESORT.mergesort(MERGESORT.java:47)
	at java_programs.MERGESORT.mergesort(MERGESORT.java:47)
	at java_programs.MERGESORT.mergesort(MERGESORT.java:47)
	at java_programs.MERGESORT.mergesort(MERGESORT.java:47)
	at java_programs.MERGESORT.mergesort(MERGESORT.java:47)
	at java_programs.MERGESORT.mergesort(MERGESORT.java:47)
	at java_programs.MERGESORT.mergesort(MERGESORT.java:47)
	at java_programs.MERGESORT.mergesort(MERGESORT.java:47)
	at java_programs.MERGESORT.mergesort(MERGESORT.java:47)
	at java_programs.MERGESORT.mergesort(MERGESORT.java:47)
	at java_programs.MERGESORT.mergesort(MERGESORT.java:47)
	at java_programs.MERGESORT.mergesort(MERGESORT.java:47)
	at java_programs.MERGESORT.mergesort(MERGESORT.java:47)
	at java_programs.MERGESORT.mergesort(MERGESORT.java:47)
	at java_programs.MERGESORT.mergesort(MERGESORT.java:47)
	at java_programs.MERGESORT.mergesort(MERGESORT.java:47)
	at java_programs.MERGESORT.mergesort(MERGESORT.java:47)
	at java_programs.MERGESORT.mergesort(MERGESORT.java:47)
	at java_programs.MERGESORT.mergesort(MERGESORT.java:47)
	at java_programs.MERGESORT.mergesort(MERGESORT.java:47)
	at java_programs.MERGESORT.mergesort(MERGESORT.java:47)
	at java_programs.MERGESORT.mergesort(MERGESORT.java:47)
	at java_programs.MERGESORT.mergesort(MERGESORT.java:47)
	at java_programs.MERGESORT.mergesort(MERGESORT.java:47)
	at java_programs.MERGESORT.mergesort(MERGESORT.java:47)
	at java_programs.MERGESORT.mergesort(MERGESORT.java:47)
	at java_programs.MERGESORT.mergesort(MERGESORT.java:47)
	at java_programs.MERGESORT.mergesort(MERGESORT.java:47)
	at java_programs.MERGESORT.mergesort(MERGESORT.java:47)
	at java_programs.MERGESORT.mergesort(MERGESORT.java:47)
	at java_programs.MERGESORT.mergesort(MERGESORT.java:47)
	at java_programs.MERGESORT.mergesort(MERGESORT.java:47)
	at java_programs.MERGESORT.mergesort(MERGESORT.java:47)
	at java_programs.MERGESORT.mergesort(MERGESORT.java:47)
	at java_programs.MERGESORT.mergesort(MERGESORT.java:47)
	at java_programs.MERGESORT.mergesort(MERGESORT.java:47)
	at java_programs.MERGESORT.mergesort(MERGESORT.java:47)
	at java_programs.MERGESORT.mergesort(MERGESORT.java:47)
	at java_programs.MERGESORT.mergesort(MERGESORT.java:47)
	at java_programs.MERGESORT.mergesort(MERGESORT.java:47)
	at java_programs.MERGESORT.mergesort(MERGESORT.java:47)
	at java_programs.MERGESORT.mergesort(MERGESORT.java:47)
	at java_programs.MERGESORT.mergesort(MERGESORT.java:47)
	at java_programs.MERGESORT.mergesort(MERGESORT.java:47)
	at java_programs.MERGESORT.mergesort(MERGESORT.java:47)
	at java_programs.MERGESORT.mergesort(MERGESORT.java:47)
	at java_programs.MERGESORT.mergesort(MERGESORT.java:47)
	at java_programs.MERGESORT.mergesort(MERGESORT.java:47)
	at java_programs.MERGESORT.mergesort(MERGESORT.java:47)
	at java_programs.MERGESORT.mergesort(MERGESORT.java:47)
	at java_programs.MERGESORT.mergesort(MERGESORT.java:47)
	at java_programs.MERGESORT.mergesort(MERGESORT.java:47)
	at java_programs.MERGESORT.mergesort(MERGESORT.java:47)
	at java_programs.MERGESORT.mergesort(MERGESORT.java:47)
	at java_programs.MERGESORT.mergesort(MERGESORT.java:47)
	at java_programs.MERGESORT.mergesort(MERGESORT.java:47)
	at java_programs.MERGESORT.mergesort(MERGESORT.java:47)
	at java_programs.MERGESORT.mergesort(MERGESORT.java:47)
	at java_programs.MERGESORT.mergesort(MERGESORT.java:47)
	at java_programs.MERGESORT.mergesort(MERGESORT.java:47)
	at java_programs.MERGESORT.mergesort(MERGESORT.java:47)
	at java_programs.MERGESORT.mergesort(MERGESORT.java:47)
	at java_programs.MERGESORT.mergesort(MERGESORT.java:47)
	at java_programs.MERGESORT.mergesort(MERGESORT.java:47)
	at java_programs.MERGESORT.mergesort(MERGESORT.java:47)
	at java_programs.MERGESORT.mergesort(MERGESORT.java:47)
	at java_programs.MERGESORT.mergesort(MERGESORT.java:47)
	at java_programs.MERGESORT.mergesort(MERGESORT.java:47)
	at java_programs.MERGESORT.mergesort(MERGESORT.java:47)
	at java_programs.MERGESORT.mergesort(MERGESORT.java:47)
	at java_programs.MERGESORT.mergesort(MERGESORT.java:47)
	at java_programs.MERGESORT.mergesort(MERGESORT.java:47)
	at java_programs.MERGESORT.mergesort(MERGESORT.java:47)
	at java_programs.MERGESORT.mergesort(MERGESORT.java:47)
	at java_programs.MERGESORT.mergesort(MERGESORT.java:47)
	at java_programs.MERGESORT.mergesort(MERGESORT.java:47)
	at java_programs.MERGESORT.mergesort(MERGESORT.java:47)
	at java_programs.MERGESORT.mergesort(MERGESORT.java:47)
	at java_programs.MERGESORT.mergesort(MERGESORT.java:47)
	at java_programs.MERGESORT.mergesort(MERGESORT.java:47)
	at java_programs.MERGESORT.mergesort(MERGESORT.java:47)
	at java_programs.MERGESORT.mergesort(MERGESORT.java:47)
	at java_programs.MERGESORT.mergesort(MERGESORT.java:47)
	at java_programs.MERGESORT.mergesort(MERGESORT.java:47)
	at java_programs.MERGESORT.mergesort(MERGESORT.java:47)
	at java_programs.MERGESORT.mergesort(MERGESORT.java:47)
	at java_programs.MERGESORT.mergesort(MERGESORT.java:47)
	at java_programs.MERGESORT.mergesort(MERGESORT.java:47)
	at java_programs.MERGESORT.mergesort(MERGESORT.java:47)
	at java_programs.MERGESORT.mergesort(MERGESORT.java:47)
	at java_programs.MERGESORT.mergesort(MERGESORT.java:47)
	at java_programs.MERGESORT.mergesort(MERGESORT.java:47)
	at java_programs.MERGESORT.mergesort(MERGESORT.java:47)
	at java_programs.MERGESORT.mergesort(MERGESORT.java:47)
	at java_programs.MERGESORT.mergesort(MERGESORT.java:47)
	at java_programs.MERGESORT.mergesort(MERGESORT.java:47)
	at java_programs.MERGESORT.mergesort(MERGESORT.java:47)
	at java_programs.MERGESORT.mergesort(MERGESORT.java:47)
	at java_programs.MERGESORT.mergesort(MERGESORT.java:47)
	at java_programs.MERGESORT.mergesort(MERGESORT.java:47)
	at java_programs.MERGESORT.mergesort(MERGESORT.java:47)
	at java_programs.MERGESORT.mergesort(MERGESORT.java:47)
	at java_programs.MERGESORT.mergesort(MERGESORT.java:47)
	at java_programs.MERGESORT.mergesort(MERGESORT.java:47)
	at java_programs.MERGESORT.mergesort(MERGESORT.java:47)
	at java_programs.MERGESORT.mergesort(MERGESORT.java:47)
	at java_programs.MERGESORT.mergesort(MERGESORT.java:47)
	at java_programs.MERGESORT.mergesort(MERGESORT.java:47)
	at java_programs.MERGESORT.mergesort(MERGESORT.java:47)
	at java_programs.MERGESORT.mergesort(MERGESORT.java:47)
	at java_programs.MERGESORT.mergesort(MERGESORT.java:47)
	at java_programs.MERGESORT.mergesort(MERGESORT.java:47)
	at java_programs.MERGESORT.mergesort(MERGESORT.java:47)
	at java_programs.MERGESORT.mergesort(MERGESORT.java:47)
	at java_programs.MERGESORT.mergesort(MERGESORT.java:47)
	at java_programs.MERGESORT.mergesort(MERGESORT.java:47)
	at java_programs.MERGESORT.mergesort(MERGESORT.java:47)
	at java_programs.MERGESORT.mergesort(MERGESORT.java:47)
	at java_programs.MERGESORT.mergesort(MERGESORT.java:47)
	at java_programs.MERGESORT.mergesort(MERGESORT.java:47)
	at java_programs.MERGESORT.mergesort(MERGESORT.java:47)
	at java_programs.MERGESORT.mergesort(MERGESORT.java:47)
	at java_programs.MERGESORT.mergesort(MERGESORT.java:47)
	at java_programs.MERGESORT.mergesort(MERGESORT.java:47)
	at java_programs.MERGESORT.mergesort(MERGESORT.java:47)
	at java_programs.MERGESORT.mergesort(MERGESORT.java:47)
	at java_programs.MERGESORT.mergesort(MERGESORT.java:47)
	at java_programs.MERGESORT.mergesort(MERGESORT.java:47)
	at java_programs.MERGESORT.mergesort(MERGESORT.java:47)
	at java_programs.MERGESORT.mergesort(MERGESORT.java:47)
	at java_programs.MERGESORT.mergesort(MERGESORT.java:47)
	at java_programs.MERGESORT.mergesort(MERGESORT.java:47)
	at java_programs.MERGESORT.mergesort(MERGESORT.java:47)
	at java_programs.MERGESORT.mergesort(MERGESORT.java:47)
	at java_programs.MERGESORT.mergesort(MERGESORT.java:47)
	at java_programs.MERGESORT.mergesort(MERGESORT.java:47)
	at java_programs.MERGESORT.mergesort(MERGESORT.java:47)
	at java_programs.MERGESORT.mergesort(MERGESORT.java:47)
	at java_programs.MERGESORT.mergesort(MERGESORT.java:47)
	at java_programs.MERGESORT.mergesort(MERGESORT.java:47)
	at java_programs.MERGESORT.mergesort(MERGESORT.java:47)
	at java_programs.MERGESORT.mergesort(MERGESORT.java:47)
	at java_programs.MERGESORT.mergesort(MERGESORT.java:47)
	at java_programs.MERGESORT.mergesort(MERGESORT.java:47)
	at java_programs.MERGESORT.mergesort(MERGESORT.java:47)
	at java_programs.MERGESORT.mergesort(MERGESORT.java:47)
	at java_programs.MERGESORT.mergesort(MERGESORT.java:47)
	at java_programs.MERGESORT.mergesort(MERGESORT.java:47)
	at java_programs.MERGESORT.mergesort(MERGESORT.java:47)
	at java_programs.MERGESORT.mergesort(MERGESORT.java:47)
	at java_programs.MERGESORT.mergesort(MERGESORT.java:47)
	at java_programs.MERGESORT.mergesort(MERGESORT.java:47)
	at java_programs.MERGESORT.mergesort(MERGESORT.java:47)
	at java_programs.MERGESORT.mergesort(MERGESORT.java:47)
	at java_programs.MERGESORT.mergesort(MERGESORT.java:47)
	at java_programs.MERGESORT.mergesort(MERGESORT.java:47)
	at java_programs.MERGESORT.mergesort(MERGESORT.java:47)
	at java_programs.MERGESORT.mergesort(MERGESORT.java:47)
	at java_programs.MERGESORT.mergesort(MERGESORT.java:47)
	at java_programs.MERGESORT.mergesort(MERGESORT.java:47)
	at java_programs.MERGESORT.mergesort(MERGESORT.java:47)
	at java_programs.MERGESORT.mergesort(MERGESORT.java:47)
	at java_programs.MERGESORT.mergesort(MERGESORT.java:47)
	at java_programs.MERGESORT.mergesort(MERGESORT.java:47)
	at java_programs.MERGESORT.mergesort(MERGESORT.java:47)
	at java_programs.MERGESORT.mergesort(MERGESORT.java:47)
	at java_programs.MERGESORT.mergesort(MERGESORT.java:47)
	at java_programs.MERGESORT.mergesort(MERGESORT.java:47)
	at java_programs.MERGESORT.mergesort(MERGESORT.java:47)
	at java_programs.MERGESORT.mergesort(MERGESORT.java:47)
	at java_programs.MERGESORT.mergesort(MERGESORT.java:47)
	at java_programs.MERGESORT.mergesort(MERGESORT.java:47)
	at java_programs.MERGESORT.mergesort(MERGESORT.java:47)
	at java_programs.MERGESORT.mergesort(MERGESORT.java:47)
	at java_programs.MERGESORT.mergesort(MERGESORT.java:47)
	at java_programs.MERGESORT.mergesort(MERGESORT.java:47)
	at java_programs.MERGESORT.mergesort(MERGESORT.java:47)
	at java_programs.MERGESORT.mergesort(MERGESORT.java:47)
	at java_programs.MERGESORT.mergesort(MERGESORT.java:47)
	at java_programs.MERGESORT.mergesort(MERGESORT.java:47)
	at java_programs.MERGESORT.mergesort(MERGESORT.java:47)
	at java_programs.MERGESORT.mergesort(MERGESORT.java:47)
	at java_programs.MERGESORT.mergesort(MERGESORT.java:47)
	at java_programs.MERGESORT.mergesort(MERGESORT.java:47)
	at java_programs.MERGESORT.mergesort(MERGESORT.java:47)
	at java_programs.MERGESORT.mergesort(MERGESORT.java:47)
	at java_programs.MERGESORT.mergesort(MERGESORT.java:47)
	at java_programs.MERGESORT.mergesort(MERGESORT.java:47)
	at java_programs.MERGESORT.mergesort(MERGESORT.java:47)
	at java_programs.MERGESORT.mergesort(MERGESORT.java:47)
	at java_programs.MERGESORT.mergesort(MERGESORT.java:47)
	at java_programs.MERGESORT.mergesort(MERGESORT.java:47)
	at java_programs.MERGESORT.mergesort(MERGESORT.java:47)
	at java_programs.MERGESORT.mergesort(MERGESORT.java:47)
	at java_programs.MERGESORT.mergesort(MERGESORT.java:47)
	at java_programs.MERGESORT.mergesort(MERGESORT.java:47)
	at java_programs.MERGESORT.mergesort(MERGESORT.java:47)
	at java_programs.MERGESORT.mergesort(MERGESORT.java:47)
	at java_programs.MERGESORT.mergesort(MERGESORT.java:47)
	at java_programs.MERGESORT.mergesort(MERGESORT.java:47)
	at java_programs.MERGESORT.mergesort(MERGESORT.java:47)
	at java_programs.MERGESORT.mergesort(MERGESORT.java:47)
	at java_programs.MERGESORT.mergesort(MERGESORT.java:47)
	at java_programs.MERGESORT.mergesort(MERGESORT.java:47)
	at java_programs.MERGESORT.mergesort(MERGESORT.java:47)
	at java_programs.MERGESORT.mergesort(MERGESORT.java:47)
	at java_programs.MERGESORT.mergesort(MERGESORT.java:47)
	at java_programs.MERGESORT.mergesort(MERGESORT.java:47)
	at java_programs.MERGESORT.mergesort(MERGESORT.java:47)
	at java_programs.MERGESORT.mergesort(MERGESORT.java:47)
	at java_programs.MERGESORT.mergesort(MERGESORT.java:47)
	at java_programs.MERGESORT.mergesort(MERGESORT.java:47)
	at java_programs.MERGESORT.mergesort(MERGESORT.java:47)
	at java_programs.MERGESORT.mergesort(MERGESORT.java:47)
	at java_programs.MERGESORT.mergesort(MERGESORT.java:47)
	at java_programs.MERGESORT.mergesort(MERGESORT.java:47)
	at java_programs.MERGESORT.mergesort(MERGESORT.java:47)
	at java_programs.MERGESORT.mergesort(MERGESORT.java:47)
	at java_programs.MERGESORT.mergesort(MERGESORT.java:47)
	at java_programs.MERGESORT.mergesort(MERGESORT.java:47)
	at java_programs.MERGESORT.mergesort(MERGESORT.java:47)
	at java_programs.MERGESORT.mergesort(MERGESORT.java:47)
	at java_programs.MERGESORT.mergesort(MERGESORT.java:47)
	at java_programs.MERGESORT.mergesort(MERGESORT.java:47)
	at java_programs.MERGESORT.mergesort(MERGESORT.java:47)
	at java_programs.MERGESORT.mergesort(MERGESORT.java:47)
	at java_programs.MERGESORT.mergesort(MERGESORT.java:47)
	at java_programs.MERGESORT.mergesort(MERGESORT.java:47)
	at java_programs.MERGESORT.mergesort(MERGESORT.java:47)
	at java_programs.MERGESORT.mergesort(MERGESORT.java:47)
	at java_programs.MERGESORT.mergesort(MERGESORT.java:47)
	at java_programs.MERGESORT.mergesort(MERGESORT.java:47)
	at java_programs.MERGESORT.mergesort(MERGESORT.java:47)
	at java_programs.MERGESORT.mergesort(MERGESORT.java:47)
	at java_programs.MERGESORT.mergesort(MERGESORT.java:47)
	at java_programs.MERGESORT.mergesort(MERGESORT.java:47)
	at java_programs.MERGESORT.mergesort(MERGESORT.java:47)
	at java_programs.MERGESORT.mergesort(MERGESORT.java:47)
	at java_programs.MERGESORT.mergesort(MERGESORT.java:47)
	at java_programs.MERGESORT.mergesort(MERGESORT.java:47)
	at java_programs.MERGESORT.mergesort(MERGESORT.java:47)
	at java_programs.MERGESORT.mergesort(MERGESORT.java:47)
	at java_programs.MERGESORT.mergesort(MERGESORT.java:47)
	at java_programs.MERGESORT.mergesort(MERGESORT.java:47)
	at java_programs.MERGESORT.mergesort(MERGESORT.java:47)
	at java_programs.MERGESORT.mergesort(MERGESORT.java:47)
	at java_programs.MERGESORT.mergesort(MERGESORT.java:47)
	at java_programs.MERGESORT.mergesort(MERGESORT.java:47)
	at java_programs.MERGESORT.mergesort(MERGESORT.java:47)
	at java_programs.MERGESORT.mergesort(MERGESORT.java:47)
	at java_programs.MERGESORT.mergesort(MERGESORT.java:47)
	at java_programs.MERGESORT.mergesort(MERGESORT.java:47)
	at java_programs.MERGESORT.mergesort(MERGESORT.java:47)
	at java_programs.MERGESORT.mergesort(MERGESORT.java:47)
	at java_programs.MERGESORT.mergesort(MERGESORT.java:47)
	at java_programs.MERGESORT.mergesort(MERGESORT.java:47)
	at java_programs.MERGESORT.mergesort(MERGESORT.java:47)
	at java_programs.MERGESORT.mergesort(MERGESORT.java:47)
	at java_programs.MERGESORT.mergesort(MERGESORT.java:47)
	at java_programs.MERGESORT.mergesort(MERGESORT.java:47)
	at java_programs.MERGESORT.mergesort(MERGESORT.java:47)
	at java_programs.MERGESORT.mergesort(MERGESORT.java:47)
	at java_programs.MERGESORT.mergesort(MERGESORT.java:47)
	at java_programs.MERGESORT.mergesort(MERGESORT.java:47)
	at java_programs.MERGESORT.mergesort(MERGESORT.java:47)
	at java_programs.MERGESORT.mergesort(MERGESORT.java:47)
	at java_programs.MERGESORT.mergesort(MERGESORT.java:47)
	at java_programs.MERGESORT.mergesort(MERGESORT.java:47)
	at java_programs.MERGESORT.mergesort(MERGESORT.java:47)
	at java_programs.MERGESORT.mergesort(MERGESORT.java:47)
	at java_programs.MERGESORT.mergesort(MERGESORT.java:47)
	at java_programs.MERGESORT.mergesort(MERGESORT.java:47)
	at java_programs.MERGESORT.mergesort(MERGESORT.java:47)
	at java_programs.MERGESORT.mergesort(MERGESORT.java:47)
	at java_programs.MERGESORT.mergesort(MERGESORT.java:47)
	at java_programs.MERGESORT.mergesort(MERGESORT.java:47)
	at java_programs.MERGESORT.mergesort(MERGESORT.java:47)
	at java_programs.MERGESORT.mergesort(MERGESORT.java:47)
	at java_programs.MERGESORT.mergesort(MERGESORT.java:47)
	at java_programs.MERGESORT.mergesort(MERGESORT.java:47)
	at java_programs.MERGESORT.mergesort(MERGESORT.java:47)
	at java_programs.MERGESORT.mergesort(MERGESORT.java:47)
	at java_programs.MERGESORT.mergesort(MERGESORT.java:47)
	at java_programs.MERGESORT.mergesort(MERGESORT.java:47)
	at java_programs.MERGESORT.mergesort(MERGESORT.java:47)
	at java_programs.MERGESORT.mergesort(MERGESORT.java:47)
	at java_programs.MERGESORT.mergesort(MERGESORT.java:47)
	at java_programs.MERGESORT.mergesort(MERGESORT.java:47)
	at java_programs.MERGESORT.mergesort(MERGESORT.java:47)
	at java_programs.MERGESORT.mergesort(MERGESORT.java:47)
	at java_programs.MERGESORT.mergesort(MERGESORT.java:47)
	at java_programs.MERGESORT.mergesort(MERGESORT.java:47)
	at java_programs.MERGESORT.mergesort(MERGESORT.java:47)
	at java_programs.MERGESORT.mergesort(MERGESORT.java:47)
	at java_programs.MERGESORT.mergesort(MERGESORT.java:47)
	at java_programs.MERGESORT.mergesort(MERGESORT.java:47)
	at java_programs.MERGESORT.mergesort(MERGESORT.java:47)
	at java_programs.MERGESORT.mergesort(MERGESORT.java:47)
	at java_programs.MERGESORT.mergesort(MERGESORT.java:47)
	at java_programs.MERGESORT.mergesort(MERGESORT.java:47)
	at java_programs.MERGESORT.mergesort(MERGESORT.java:47)
	at java_programs.MERGESORT.mergesort(MERGESORT.java:47)
	at java_programs.MERGESORT.mergesort(MERGESORT.java:47)
	at java_programs.MERGESORT.mergesort(MERGESORT.java:47)
	at java_programs.MERGESORT.mergesort(MERGESORT.java:47)
	at java_programs.MERGESORT.mergesort(MERGESORT.java:47)
	at java_programs.MERGESORT.mergesort(MERGESORT.java:47)
	at java_programs.MERGESORT.mergesort(MERGESORT.java:47)
	at java_programs.MERGESORT.mergesort(MERGESORT.java:47)
	at java_programs.MERGESORT.mergesort(MERGESORT.java:47)
	at java_programs.MERGESORT.mergesort(MERGESORT.java:47)
	at java_programs.MERGESORT.mergesort(MERGESORT.java:47)
	at java_programs.MERGESORT.mergesort(MERGESORT.java:47)
	at java_programs.MERGESORT.mergesort(MERGESORT.java:47)
	at java_programs.MERGESORT.mergesort(MERGESORT.java:47)
	at java_programs.MERGESORT.mergesort(MERGESORT.java:47)
	at java_programs.MERGESORT.mergesort(MERGESORT.java:47)
	at java_programs.MERGESORT.mergesort(MERGESORT.java:47)
	at java_programs.MERGESORT.mergesort(MERGESORT.java:47)
	at java_programs.MERGESORT.mergesort(MERGESORT.java:47)
	at java_programs.MERGESORT.mergesort(MERGESORT.java:47)
	at java_programs.MERGESORT.mergesort(MERGESORT.java:47)
	at java_programs.MERGESORT.mergesort(MERGESORT.java:47)
	at java_programs.MERGESORT.mergesort(MERGESORT.java:47)
	at java_programs.MERGESORT.mergesort(MERGESORT.java:47)
	at java_programs.MERGESORT.mergesort(MERGESORT.java:47)
	at java_programs.MERGESORT.mergesort(MERGESORT.java:47)
	at java_programs.MERGESORT.mergesort(MERGESORT.java:47)
	at java_programs.MERGESORT.mergesort(MERGESORT.java:47)
	at java_programs.MERGESORT.mergesort(MERGESORT.java:47)
	at java_programs.MERGESORT.mergesort(MERGESORT.java:47)
	at java_programs.MERGESORT.mergesort(MERGESORT.java:47)
	at java_programs.MERGESORT.mergesort(MERGESORT.java:47)
	at java_programs.MERGESORT.mergesort(MERGESORT.java:47)
	at java_programs.MERGESORT.mergesort(MERGESORT.java:47)
	at java_programs.MERGESORT.mergesort(MERGESORT.java:47)
	at java_programs.MERGESORT.mergesort(MERGESORT.java:47)
	at java_programs.MERGESORT.mergesort(MERGESORT.java:47)
	at java_programs.MERGESORT.mergesort(MERGESORT.java:47)
	at java_programs.MERGESORT.mergesort(MERGESORT.java:47)
	at java_programs.MERGESORT.mergesort(MERGESORT.java:47)
	at java_programs.MERGESORT.mergesort(MERGESORT.java:47)
	at java_programs.MERGESORT.mergesort(MERGESORT.java:47)
	at java_programs.MERGESORT.mergesort(MERGESORT.java:47)
	at java_programs.MERGESORT.mergesort(MERGESORT.java:47)
	at java_programs.MERGESORT.mergesort(MERGESORT.java:47)
	at java_programs.MERGESORT.mergesort(MERGESORT.java:47)
	at java_programs.MERGESORT.mergesort(MERGESORT.java:47)
	at java_programs.MERGESORT.mergesort(MERGESORT.java:47)
	at java_programs.MERGESORT.mergesort(MERGESORT.java:47)
	at java_programs.MERGESORT.mergesort(MERGESORT.java:47)
	at java_programs.MERGESORT.mergesort(MERGESORT.java:47)
	at java_programs.MERGESORT.mergesort(MERGESORT.java:47)
	at java_programs.MERGESORT.mergesort(MERGESORT.java:47)
	at java_programs.MERGESORT.mergesort(MERGESORT.java:47)
	at java_programs.MERGESORT.mergesort(MERGESORT.java:47)
	at java_programs.MERGESORT.mergesort(MERGESORT.java:47)
	at java_programs.MERGESORT.mergesort(MERGESORT.java:47)
	at java_programs.MERGESORT.mergesort(MERGESORT.java:47)
	at java_programs.MERGESORT.mergesort(MERGESORT.java:47)
	at java_programs.MERGESORT.mergesort(MERGESORT.java:47)
	at java_programs.MERGESORT.mergesort(MERGESORT.java:47)
	at java_programs.MERGESORT.mergesort(MERGESORT.java:47)
	at java_programs.MERGESORT.mergesort(MERGESORT.java:47)
	at java_programs.MERGESORT.mergesort(MERGESORT.java:47)
	at java_programs.MERGESORT.mergesort(MERGESORT.java:47)
	at java_programs.MERGESORT.mergesort(MERGESORT.java:47)
	at java_programs.MERGESORT.mergesort(MERGESORT.java:47)
	at java_programs.MERGESORT.mergesort(MERGESORT.java:47)
	at java_programs.MERGESORT.mergesort(MERGESORT.java:47)
	at java_programs.MERGESORT.mergesort(MERGESORT.java:47)
	at java_programs.MERGESORT.mergesort(MERGESORT.java:47)
	at java_programs.MERGESORT.mergesort(MERGESORT.java:47)
	at java_programs.MERGESORT.mergesort(MERGESORT.java:47)
	at java_programs.MERGESORT.mergesort(MERGESORT.java:47)
	at java_programs.MERGESORT.mergesort(MERGESORT.java:47)
	at java_programs.MERGESORT.mergesort(MERGESORT.java:47)
	at java_programs.MERGESORT.mergesort(MERGESORT.java:47)
	at java_programs.MERGESORT.mergesort(MERGESORT.java:47)
	at java_programs.MERGESORT.mergesort(MERGESORT.java:47)
	at java_programs.MERGESORT.mergesort(MERGESORT.java:47)
	at java_programs.MERGESORT.mergesort(MERGESORT.java:47)
	at java_programs.MERGESORT.mergesort(MERGESORT.java:47)
	at java_programs.MERGESORT.mergesort(MERGESORT.java:47)
	at java_programs.MERGESORT.mergesort(MERGESORT.java:47)
	at java_programs.MERGESORT.mergesort(MERGESORT.java:47)
	at java_programs.MERGESORT.mergesort(MERGESORT.java:47)
	at java_programs.MERGESORT.mergesort(MERGESORT.java:47)
	at java_programs.MERGESORT.mergesort(MERGESORT.java:47)
	at java_programs.MERGESORT.mergesort(MERGESORT.java:47)
	at java_programs.MERGESORT.mergesort(MERGESORT.java:47)
	at java_programs.MERGESORT.mergesort(MERGESORT.java:47)
	at java_programs.MERGESORT.mergesort(MERGESORT.java:47)
	at java_programs.MERGESORT.mergesort(MERGESORT.java:47)
	at java_programs.MERGESORT.mergesort(MERGESORT.java:47)
	at java_programs.MERGESORT.mergesort(MERGESORT.java:47)
	at java_programs.MERGESORT.mergesort(MERGESORT.java:47)
	at java_programs.MERGESORT.mergesort(MERGESORT.java:47)
	at java_programs.MERGESORT.mergesort(MERGESORT.java:47)
	at java_programs.MERGESORT.mergesort(MERGESORT.java:47)
	at java_programs.MERGESORT.mergesort(MERGESORT.java:47)
	at java_programs.MERGESORT.mergesort(MERGESORT.java:47)
	at java_programs.MERGESORT.mergesort(MERGESORT.java:47)
	at java_programs.MERGESORT.mergesort(MERGESORT.java:47)
	at java_programs.MERGESORT.mergesort(MERGESORT.java:47)
	at java_programs.MERGESORT.mergesort(MERGESORT.java:47)
	at java_programs.MERGESORT.mergesort(MERGESORT.java:47)
	at java_programs.MERGESORT.mergesort(MERGESORT.java:47)
	at java_programs.MERGESORT.mergesort(MERGESORT.java:47)
	at java_programs.MERGESORT.mergesort(MERGESORT.java:47)
	at java_programs.MERGESORT.mergesort(MERGESORT.java:47)
	at java_programs.MERGESORT.mergesort(MERGESORT.java:47)
	at java_programs.MERGESORT.mergesort(MERGESORT.java:47)
	at java_programs.MERGESORT.mergesort(MERGESORT.java:47)
	at java_programs.MERGESORT.mergesort(MERGESORT.java:47)
	at java_programs.MERGESORT.mergesort(MERGESORT.java:47)
	at java_programs.MERGESORT.mergesort(MERGESORT.java:47)
	at java_programs.MERGESORT.mergesort(MERGESORT.java:47)
	at java_programs.MERGESORT.mergesort(MERGESORT.java:47)
	at java_programs.MERGESORT.mergesort(MERGESORT.java:47)
	at java_programs.MERGESORT.mergesort(MERGESORT.java:47)
	at java_programs.MERGESORT.mergesort(MERGESORT.java:47)
	at java_programs.MERGESORT.mergesort(MERGESORT.java:47)
	at java_programs.MERGESORT.mergesort(MERGESORT.java:47)
	at java_programs.MERGESORT.mergesort(MERGESORT.java:47)
	at java_programs.MERGESORT.mergesort(MERGESORT.java:47)
	at java_programs.MERGESORT.mergesort(MERGESORT.java:47)
	at java_programs.MERGESORT.mergesort(MERGESORT.java:47)
	at java_programs.MERGESORT.mergesort(MERGESORT.java:47)
	at java_programs.MERGESORT.mergesort(MERGESORT.java:47)
	at java_programs.MERGESORT.mergesort(MERGESORT.java:47)
	at java_programs.MERGESORT.mergesort(MERGESORT.java:47)
	at java_programs.MERGESORT.mergesort(MERGESORT.java:47)
	at java_programs.MERGESORT.mergesort(MERGESORT.java:47)
	at java_programs.MERGESORT.mergesort(MERGESORT.java:47)
	at java_programs.MERGESORT.mergesort(MERGESORT.java:47)
	at java_programs.MERGESORT.mergesort(MERGESORT.java:47)
	at java_programs.MERGESORT.mergesort(MERGESORT.java:47)
	at java_programs.MERGESORT.mergesort(MERGESORT.java:47)
	at java_programs.MERGESORT.mergesort(MERGESORT.java:47)
	at java_programs.MERGESORT.mergesort(MERGESORT.java:47)
	at java_programs.MERGESORT.mergesort(MERGESORT.java:47)
	at java_programs.MERGESORT.mergesort(MERGESORT.java:47)
	at java_programs.MERGESORT.mergesort(MERGESORT.java:47)
	at java_programs.MERGESORT.mergesort(MERGESORT.java:47)
	at java_programs.MERGESORT.mergesort(MERGESORT.java:47)
	at java_programs.MERGESORT.mergesort(MERGESORT.java:47)
	at java_programs.MERGESORT.mergesort(MERGESORT.java:47)
	at java_programs.MERGESORT.mergesort(MERGESORT.java:47)
	at java_programs.MERGESORT.mergesort(MERGESORT.java:47)
	at java_programs.MERGESORT.mergesort(MERGESORT.java:47)
	at java_programs.MERGESORT.mergesort(MERGESORT.java:47)
	at java_programs.MERGESORT.mergesort(MERGESORT.java:47)
	at java_programs.MERGESORT.mergesort(MERGESORT.java:47)
	at java_programs.MERGESORT.mergesort(MERGESORT.java:47)
	at java_programs.MERGESORT.mergesort(MERGESORT.java:47)
	at java_programs.MERGESORT.mergesort(MERGESORT.java:47)
	at java_programs.MERGESORT.mergesort(MERGESORT.java:47)
	at java_programs.MERGESORT.mergesort(MERGESORT.java:47)
	at java_programs.MERGESORT.mergesort(MERGESORT.java:47)
	at java_programs.MERGESORT.mergesort(MERGESORT.java:47)
	at java_programs.MERGESORT.mergesort(MERGESORT.java:47)
	at java_programs.MERGESORT.mergesort(MERGESORT.java:47)
	at java_programs.MERGESORT.mergesort(MERGESORT.java:47)
	at java_programs.MERGESORT.mergesort(MERGESORT.java:47)
	at java_programs.MERGESORT.mergesort(MERGESORT.java:47)
	at java_programs.MERGESORT.mergesort(MERGESORT.java:47)
	at java_programs.MERGESORT.mergesort(MERGESORT.java:47)
	at java_programs.MERGESORT.mergesort(MERGESORT.java:47)
	at java_programs.MERGESORT.mergesort(MERGESORT.java:47)
	at java_programs.MERGESORT.mergesort(MERGESORT.java:47)
	at java_programs.MERGESORT.mergesort(MERGESORT.java:47)
	at java_programs.MERGESORT.mergesort(MERGESORT.java:47)
	at java_programs.MERGESORT.mergesort(MERGESORT.java:47)
	at java_programs.MERGESORT.mergesort(MERGESORT.java:47)
	at java_programs.MERGESORT.mergesort(MERGESORT.java:47)
	at java_programs.MERGESORT.mergesort(MERGESORT.java:47)
	at java_programs.MERGESORT.mergesort(MERGESORT.java:47)
	at java_programs.MERGESORT.mergesort(MERGESORT.java:47)
	at java_programs.MERGESORT.mergesort(MERGESORT.java:47)
	at java_programs.MERGESORT.mergesort(MERGESORT.java:47)
	at java_programs.MERGESORT.mergesort(MERGESORT.java:47)
	at java_programs.MERGESORT.mergesort(MERGESORT.java:47)
	at java_programs.MERGESORT.mergesort(MERGESORT.java:47)
	at java_programs.MERGESORT.mergesort(MERGESORT.java:47)
	at java_programs.MERGESORT.mergesort(MERGESORT.java:47)
	at java_programs.MERGESORT.mergesort(MERGESORT.java:47)
	at java_programs.MERGESORT.mergesort(MERGESORT.java:47)
	at java_programs.MERGESORT.mergesort(MERGESORT.java:47)
	at java_programs.MERGESORT.mergesort(MERGESORT.java:47)
	at java_programs.MERGESORT.mergesort(MERGESORT.java:47)
	at java_programs.MERGESORT.mergesort(MERGESORT.java:47)
	at java_programs.MERGESORT.mergesort(MERGESORT.java:47)
	at java_programs.MERGESORT.mergesort(MERGESORT.java:47)
	at java_programs.MERGESORT.mergesort(MERGESORT.java:47)
	at java_programs.MERGESORT.mergesort(MERGESORT.java:47)
	at java_programs.MERGESORT.mergesort(MERGESORT.java:47)
	at java_programs.MERGESORT.mergesort(MERGESORT.java:47)
	at java_programs.MERGESORT.mergesort(MERGESORT.java:47)
	at java_programs.MERGESORT.mergesort(MERGESORT.java:47)
	at java_programs.MERGESORT.mergesort(MERGESORT.java:47)
	at java_programs.MERGESORT.mergesort(MERGESORT.java:47)
	at java_programs.MERGESORT.mergesort(MERGESORT.java:47)
	at java_programs.MERGESORT.mergesort(MERGESORT.java:47)
	at java_programs.MERGESORT.mergesort(MERGESORT.java:47)
	at java_programs.MERGESORT.mergesort(MERGESORT.java:47)
	at java_programs.MERGESORT.mergesort(MERGESORT.java:47)
	at java_programs.MERGESORT.mergesort(MERGESORT.java:47)
	at java_programs.MERGESORT.mergesort(MERGESORT.java:47)
	at java_programs.MERGESORT.mergesort(MERGESORT.java:47)
	at java_programs.MERGESORT.mergesort(MERGESORT.java:47)
	at java_programs.MERGESORT.mergesort(MERGESORT.java:47)
	at java_programs.MERGESORT.mergesort(MERGESORT.java:47)
	at java_programs.MERGESORT.mergesort(MERGESORT.java:47)
	at java_programs.MERGESORT.mergesort(MERGESORT.java:47)
	at java_programs.MERGESORT.mergesort(MERGESORT.java:47)
	at java_programs.MERGESORT.mergesort(MERGESORT.java:47)
	at java_programs.MERGESORT.mergesort(MERGESORT.java:47)
	at java_programs.MERGESORT.mergesort(MERGESORT.java:47)
	at java_programs.MERGESORT.mergesort(MERGESORT.java:47)
	at java_programs.MERGESORT.mergesort(MERGESORT.java:47)
	at java_programs.MERGESORT.mergesort(MERGESORT.java:47)
	at java_programs.MERGESORT.mergesort(MERGESORT.java:47)
	at java_programs.MERGESORT.mergesort(MERGESORT.java:47)
	at java_programs.MERGESORT.mergesort(MERGESORT.java:47)
	at java_programs.MERGESORT.mergesort(MERGESORT.java:47)
	at java_programs.MERGESORT.mergesort(MERGESORT.java:47)
	at java_programs.MERGESORT.mergesort(MERGESORT.java:47)
	at java_programs.MERGESORT.mergesort(MERGESORT.java:47)
	at java_programs.MERGESORT.mergesort(MERGESORT.java:47)
	at java_programs.MERGESORT.mergesort(MERGESORT.java:47)
	at java_programs.MERGESORT.mergesort(MERGESORT.java:47)
	at java_programs.MERGESORT.mergesort(MERGESORT.java:47)
	at java_programs.MERGESORT.mergesort(MERGESORT.java:47)
	at java_programs.MERGESORT.mergesort(MERGESORT.java:47)
	at java_programs.MERGESORT.mergesort(MERGESORT.java:47)
	at java_programs.MERGESORT.mergesort(MERGESORT.java:47)
	at java_programs.MERGESORT.mergesort(MERGESORT.java:47)
	at java_programs.MERGESORT.mergesort(MERGESORT.java:47)
	at java_programs.MERGESORT.mergesort(MERGESORT.java:47)
	at java_programs.MERGESORT.mergesort(MERGESORT.java:47)
	at java_programs.MERGESORT.mergesort(MERGESORT.java:47)
	at java_programs.MERGESORT.mergesort(MERGESORT.java:47)
	at java_programs.MERGESORT.mergesort(MERGESORT.java:47)
	at java_programs.MERGESORT.mergesort(MERGESORT.java:47)
	at java_programs.MERGESORT.mergesort(MERGESORT.java:47)
	at java_programs.MERGESORT.mergesort(MERGESORT.java:47)
	at java_programs.MERGESORT.mergesort(MERGESORT.java:47)
	at java_programs.MERGESORT.mergesort(MERGESORT.java:47)
	at java_programs.MERGESORT.mergesort(MERGESORT.java:47)
	at java_programs.MERGESORT.mergesort(MERGESORT.java:47)
	at java_programs.MERGESORT.mergesort(MERGESORT.java:47)
	at java_programs.MERGESORT.mergesort(MERGESORT.java:47)
	at java_programs.MERGESORT.mergesort(MERGESORT.java:47)
	at java_programs.MERGESORT.mergesort(MERGESORT.java:47)
	at java_programs.MERGESORT.mergesort(MERGESORT.java:47)
	at java_programs.MERGESORT.mergesort(MERGESORT.java:47)
	at java_programs.MERGESORT.mergesort(MERGESORT.java:47)
	at java_programs.MERGESORT.mergesort(MERGESORT.java:47)
	at java_programs.MERGESORT.mergesort(MERGESORT.java:47)
	at java_programs.MERGESORT.mergesort(MERGESORT.java:47)
	at java_programs.MERGESORT.mergesort(MERGESORT.java:47)
	at java_programs.MERGESORT.mergesort(MERGESORT.java:47)
	at java_programs.MERGESORT.mergesort(MERGESORT.java:47)
	at java_programs.MERGESORT.mergesort(MERGESORT.java:47)
	at java_programs.MERGESORT.mergesort(MERGESORT.java:47)
	at java_programs.MERGESORT.mergesort(MERGESORT.java:47)
	at java_programs.MERGESORT.mergesort(MERGESORT.java:47)
	at java_programs.MERGESORT.mergesort(MERGESORT.java:47)
	at java_programs.MERGESORT.mergesort(MERGESORT.java:47)
	at java_programs.MERGESORT.mergesort(MERGESORT.java:47)
	at java_programs.MERGESORT.mergesort(MERGESORT.java:47)
	at java_programs.MERGESORT.mergesort(MERGESORT.java:47)
	at java_programs.MERGESORT.mergesort(MERGESORT.java:47)
	at java_programs.MERGESORT.mergesort(MERGESORT.java:47)
	at java_programs.MERGESORT.mergesort(MERGESORT.java:47)
	at java_programs.MERGESORT.mergesort(MERGESORT.java:47)
	at java_programs.MERGESORT.mergesort(MERGESORT.java:47)
	at java_programs.MERGESORT.mergesort(MERGESORT.java:47)
	at java_programs.MERGESORT.mergesort(MERGESORT.java:47)
	at java_programs.MERGESORT.mergesort(MERGESORT.java:47)
	at java_programs.MERGESORT.mergesort(MERGESORT.java:47)
	at java_programs.MERGESORT.mergesort(MERGESORT.java:47)
	at java_programs.MERGESORT.mergesort(MERGESORT.java:47)
	at java_programs.MERGESORT.mergesort(MERGESORT.java:47)
	at java_programs.MERGESORT.mergesort(MERGESORT.java:47)
	at java_programs.MERGESORT.mergesort(MERGESORT.java:47)
	at java_programs.MERGESORT.mergesort(MERGESORT.java:47)
	at java_programs.MERGESORT.mergesort(MERGESORT.java:47)
	at java_programs.MERGESORT.mergesort(MERGESORT.java:47)
	at java_programs.MERGESORT.mergesort(MERGESORT.java:47)
	at java_programs.MERGESORT.mergesort(MERGESORT.java:47)
	at java_programs.MERGESORT.mergesort(MERGESORT.java:47)
	at java_programs.MERGESORT.mergesort(MERGESORT.java:47)
	at java_programs.MERGESORT.mergesort(MERGESORT.java:47)
	at java_programs.MERGESORT.mergesort(MERGESORT.java:47)
	at java_programs.MERGESORT.mergesort(MERGESORT.java:47)
	at java_programs.MERGESORT.mergesort(MERGESORT.java:47)
	at java_programs.MERGESORT.mergesort(MERGESORT.java:47)
	at java_programs.MERGESORT.mergesort(MERGESORT.java:47)
	at java_programs.MERGESORT.mergesort(MERGESORT.java:47)
	at java_programs.MERGESORT.mergesort(MERGESORT.java:47)
	at java_programs.MERGESORT.mergesort(MERGESORT.java:47)
	at java_programs.MERGESORT.mergesort(MERGESORT.java:47)
	at java_programs.MERGESORT.mergesort(MERGESORT.java:47)
	at java_programs.MERGESORT.mergesort(MERGESORT.java:47)
	at java_programs.MERGESORT.mergesort(MERGESORT.java:47)
	at java_programs.MERGESORT.mergesort(MERGESORT.java:47)
	at java_programs.MERGESORT.mergesort(MERGESORT.java:47)
	at java_programs.MERGESORT.mergesort(MERGESORT.java:47)
	at java_programs.MERGESORT.mergesort(MERGESORT.java:47)
	at java_programs.MERGESORT.mergesort(MERGESORT.java:47)
	at java_programs.MERGESORT.mergesort(MERGESORT.java:47)
	at java_programs.MERGESORT.mergesort(MERGESORT.java:47)
	at java_programs.MERGESORT.mergesort(MERGESORT.java:47)
	at java_programs.MERGESORT.mergesort(MERGESORT.java:47)
	at java_programs.MERGESORT.mergesort(MERGESORT.java:47)
	at java_programs.MERGESORT.mergesort(MERGESORT.java:47)
	at java_programs.MERGESORT.mergesort(MERGESORT.java:47)
	at java_programs.MERGESORT.mergesort(MERGESORT.java:47)
	at java_programs.MERGESORT.mergesort(MERGESORT.java:47)
	at java_programs.MERGESORT.mergesort(MERGESORT.java:47)
	at java_programs.MERGESORT.mergesort(MERGESORT.java:47)
	at java_programs.MERGESORT.mergesort(MERGESORT.java:47)
	at java_programs.MERGESORT.mergesort(MERGESORT.java:47)
	at java_programs.MERGESORT.mergesort(MERGESORT.java:47)
	at java_programs.MERGESORT.mergesort(MERGESORT.java:47)
	at java_programs.MERGESORT.mergesort(MERGESORT.java:47)
	at java_programs.MERGESORT.mergesort(MERGESORT.java:47)
	at java_programs.MERGESORT.mergesort(MERGESORT.java:47)
	at java_programs.MERGESORT.mergesort(MERGESORT.java:47)
	at java_programs.MERGESORT.mergesort(MERGESORT.java:47)
	at java_programs.MERGESORT.mergesort(MERGESORT.java:47)
	at java_programs.MERGESORT.mergesort(MERGESORT.java:47)
	at java_programs.MERGESORT.mergesort(MERGESORT.java:47)
	at java_programs.MERGESORT.mergesort(MERGESORT.java:47)
	at java_programs.MERGESORT.mergesort(MERGESORT.java:47)
	at java_programs.MERGESORT.mergesort(MERGESORT.java:47)
	at java_programs.MERGESORT.mergesort(MERGESORT.java:47)
	at java_programs.MERGESORT.mergesort(MERGESORT.java:47)
	at java_programs.MERGESORT.mergesort(MERGESORT.java:47)
	at java_programs.MERGESORT.mergesort(MERGESORT.java:47)
	at java_programs.MERGESORT.mergesort(MERGESORT.java:47)
	at java_programs.MERGESORT.mergesort(MERGESORT.java:47)
	at java_programs.MERGESORT.mergesort(MERGESORT.java:47)
	at java_programs.MERGESORT.mergesort(MERGESORT.java:47)
	at java_programs.MERGESORT.mergesort(MERGESORT.java:47)
	at java_programs.MERGESORT.mergesort(MERGESORT.java:47)
	at java_programs.MERGESORT.mergesort(MERGESORT.java:47)
	at java_programs.MERGESORT.mergesort(MERGESORT.java:47)
	at java_programs.MERGESORT.mergesort(MERGESORT.java:47)
	at java_programs.MERGESORT.mergesort(MERGESORT.java:47)
	at java_programs.MERGESORT.mergesort(MERGESORT.java:47)
	at java_programs.MERGESORT.mergesort(MERGESORT.java:47)
	at java_programs.MERGESORT.mergesort(MERGESORT.java:47)
	at java_programs.MERGESORT.mergesort(MERGESORT.java:47)
	at java_programs.MERGESORT.mergesort(MERGESORT.java:47)
	at java_programs.MERGESORT.mergesort(MERGESORT.java:47)
	at java_programs.MERGESORT.mergesort(MERGESORT.java:47)
	at java_programs.MERGESORT.mergesort(MERGESORT.java:47)
	at java_programs.MERGESORT.mergesort(MERGESORT.java:47)
	at java_programs.MERGESORT.mergesort(MERGESORT.java:47)
	at java_programs.MERGESORT.mergesort(MERGESORT.java:47)
	at java_programs.MERGESORT.mergesort(MERGESORT.java:47)
	at java_programs.MERGESORT.mergesort(MERGESORT.java:47)
	at java_programs.MERGESORT.mergesort(MERGESORT.java:47)
	at java_programs.MERGESORT.mergesort(MERGESORT.java:47)
	at java_programs.MERGESORT.mergesort(MERGESORT.java:47)
	at java_programs.MERGESORT.mergesort(MERGESORT.java:47)
	at java_programs.MERGESORT.mergesort(MERGESORT.java:47)
	at java_programs.MERGESORT.mergesort(MERGESORT.java:47)
	at java_programs.MERGESORT.mergesort(MERGESORT.java:47)
	at java_programs.MERGESORT.mergesort(MERGESORT.java:47)
	at java_programs.MERGESORT.mergesort(MERGESORT.java:47)
	at java_programs.MERGESORT.mergesort(MERGESORT.java:47)
	at java_programs.MERGESORT.mergesort(MERGESORT.java:47)
	at java_programs.MERGESORT.mergesort(MERGESORT.java:47)
	at java_programs.MERGESORT.mergesort(MERGESORT.java:47)
	at java_programs.MERGESORT.mergesort(MERGESORT.java:47)
	at java_programs.MERGESORT.mergesort(MERGESORT.java:47)
	at java_programs.MERGESORT.mergesort(MERGESORT.java:47)
	at java_programs.MERGESORT.mergesort(MERGESORT.java:47)
	at java_programs.MERGESORT.mergesort(MERGESORT.java:47)
	at java_programs.MERGESORT.mergesort(MERGESORT.java:47)
	at java_programs.MERGESORT.mergesort(MERGESORT.java:47)
	at java_programs.MERGESORT.mergesort(MERGESORT.java:47)
	at java_programs.MERGESORT.mergesort(MERGESORT.java:47)
	at java_programs.MERGESORT.mergesort(MERGESORT.java:47)
	at java_programs.MERGESORT.mergesort(MERGESORT.java:47)
	at java_programs.MERGESORT.mergesort(MERGESORT.java:47)
	at java_programs.MERGESORT.mergesort(MERGESORT.java:47)
	at java_programs.MERGESORT.mergesort(MERGESORT.java:47)
	at java_programs.MERGESORT.mergesort(MERGESORT.java:47)
	at java_programs.MERGESORT.mergesort(MERGESORT.java:47)
	at java_programs.MERGESORT.mergesort(MERGESORT.java:47)
	at java_programs.MERGESORT.mergesort(MERGESORT.java:47)
	at java_programs.MERGESORT.mergesort(MERGESORT.java:47)
	at java_programs.MERGESORT.mergesort(MERGESORT.java:47)
	at java_programs.MERGESORT.mergesort(MERGESORT.java:47)
	at java_programs.MERGESORT.mergesort(MERGESORT.java:47)
	at java_programs.MERGESORT.mergesort(MERGESORT.java:47)
	at java_programs.MERGESORT.mergesort(MERGESORT.java:47)
	at java_programs.MERGESORT.mergesort(MERGESORT.java:47)
	at java_programs.MERGESORT.mergesort(MERGESORT.java:47)
	at java_programs.MERGESORT.mergesort(MERGESORT.java:47)
	at java_programs.MERGESORT.mergesort(MERGESORT.java:47)
	at java_programs.MERGESORT.mergesort(MERGESORT.java:47)
	at java_programs.MERGESORT.mergesort(MERGESORT.java:47)
	at java_programs.MERGESORT.mergesort(MERGESORT.java:47)
	at java_programs.MERGESORT.mergesort(MERGESORT.java:47)
	at java_programs.MERGESORT.mergesort(MERGESORT.java:47)
	at java_programs.MERGESORT.mergesort(MERGESORT.java:47)
	at java_programs.MERGESORT.mergesort(MERGESORT.java:47)
	at java_programs.MERGESORT.mergesort(MERGESORT.java:47)
	at java_programs.MERGESORT.mergesort(MERGESORT.java:47)
	at java_programs.MERGESORT.mergesort(MERGESORT.java:47)
	at java_programs.MERGESORT.mergesort(MERGESORT.java:47)
	at java_programs.MERGESORT.mergesort(MERGESORT.java:47)
	at java_programs.MERGESORT.mergesort(MERGESORT.java:47)
	at java_programs.MERGESORT.mergesort(MERGESORT.java:47)
	at java_programs.MERGESORT.mergesort(MERGESORT.java:47)
	at java_programs.MERGESORT.mergesort(MERGESORT.java:47)
	at java_programs.MERGESORT.mergesort(MERGESORT.java:47)
	at java_programs.MERGESORT.mergesort(MERGESORT.java:47)
	at java_programs.MERGESORT.mergesort(MERGESORT.java:47)
	at java_programs.MERGESORT.mergesort(MERGESORT.java:47)
	at java_programs.MERGESORT.mergesort(MERGESORT.java:47)
	at java_programs.MERGESORT.mergesort(MERGESORT.java:47)
	at java_programs.MERGESORT.mergesort(MERGESORT.java:47)
	at java_programs.MERGESORT.mergesort(MERGESORT.java:47)
	at java_programs.MERGESORT.mergesort(MERGESORT.java:47)
	at java_programs.MERGESORT.mergesort(MERGESORT.java:47)
	at java_programs.MERGESORT.mergesort(MERGESORT.java:47)
	at java_programs.MERGESORT.mergesort(MERGESORT.java:47)
	at java_programs.MERGESORT.mergesort(MERGESORT.java:47)
	at java_programs.MERGESORT.mergesort(MERGESORT.java:47)
	at java_programs.MERGESORT.mergesort(MERGESORT.java:47)
	at java_programs.MERGESORT.mergesort(MERGESORT.java:47)
	at java_programs.MERGESORT.mergesort(MERGESORT.java:47)
	at java_programs.MERGESORT.mergesort(MERGESORT.java:47)
	at java_programs.MERGESORT.mergesort(MERGESORT.java:47)
	at java_programs.MERGESORT.mergesort(MERGESORT.java:47)
	at java_programs.MERGESORT.mergesort(MERGESORT.java:47)
	at java_programs.MERGESORT.mergesort(MERGESORT.java:47)
	at java_programs.MERGESORT.mergesort(MERGESORT.java:47)
	at java_programs.MERGESORT.mergesort(MERGESORT.java:47)
	at java_programs.MERGESORT.mergesort(MERGESORT.java:47)
	at java_programs.MERGESORT.mergesort(MERGESORT.java:47)
	at java_programs.MERGESORT.mergesort(MERGESORT.java:47)
	at java_programs.MERGESORT.mergesort(MERGESORT.java:47)
	at java_programs.MERGESORT.mergesort(MERGESORT.java:47)
	at java_programs.MERGESORT.mergesort(MERGESORT.java:47)
	at java_programs.MERGESORT.mergesort(MERGESORT.java:47)
	at java_programs.MERGESORT.mergesort(MERGESORT.java:47)
	at java_programs.MERGESORT.mergesort(MERGESORT.java:47)
	at java_programs.MERGESORT.mergesort(MERGESORT.java:47)
	at java_programs.MERGESORT.mergesort(MERGESORT.java:47)
	at java_programs.MERGESORT.mergesort(MERGESORT.java:47)
	at java_programs.MERGESORT.mergesort(MERGESORT.java:47)
	at java_programs.MERGESORT.mergesort(MERGESORT.java:47)
	at java_programs.MERGESORT.mergesort(MERGESORT.java:47)
	at java_programs.MERGESORT.mergesort(MERGESORT.java:47)
	at java_programs.MERGESORT.mergesort(MERGESORT.java:47)
	at java_programs.MERGESORT.mergesort(MERGESORT.java:47)
	at java_programs.MERGESORT.mergesort(MERGESORT.java:47)
	at java_programs.MERGESORT.mergesort(MERGESORT.java:47)
	at java_programs.MERGESORT.mergesort(MERGESORT.java:47)
	at java_programs.MERGESORT.mergesort(MERGESORT.java:47)
	at java_programs.MERGESORT.mergesort(MERGESORT.java:47)
	at java_programs.MERGESORT.mergesort(MERGESORT.java:47)
	at java_programs.MERGESORT.mergesort(MERGESORT.java:47)
	at java_programs.MERGESORT.mergesort(MERGESORT.java:47)
	at java_programs.MERGESORT.mergesort(MERGESORT.java:47)
	at java_programs.MERGESORT.mergesort(MERGESORT.java:47)
	at java_programs.MERGESORT.mergesort(MERGESORT.java:47)
	at java_programs.MERGESORT.mergesort(MERGESORT.java:47)
	at java_programs.MERGESORT.mergesort(MERGESORT.java:47)
	at java_programs.MERGESORT.mergesort(MERGESORT.java:47)
	at java_programs.MERGESORT.mergesort(MERGESORT.java:47)
	at java_programs.MERGESORT.mergesort(MERGESORT.java:47)
	at java_programs.MERGESORT.mergesort(MERGESORT.java:47)
	at java_programs.MERGESORT.mergesort(MERGESORT.java:47)
	at java_programs.MERGESORT.mergesort(MERGESORT.java:47)
	at java_programs.MERGESORT.mergesort(MERGESORT.java:47)
	at java_programs.MERGESORT.mergesort(MERGESORT.java:47)
	at java_programs.MERGESORT.mergesort(MERGESORT.java:47)
	at java_programs.MERGESORT.mergesort(MERGESORT.java:47)
	at java_programs.MERGESORT.mergesort(MERGESORT.java:47)
	at java_programs.MERGESORT.mergesort(MERGESORT.java:47)
	at java_programs.MERGESORT.mergesort(MERGESORT.java:47)
	at java_programs.MERGESORT.mergesort(MERGESORT.java:47)
	at java_programs.MERGESORT.mergesort(MERGESORT.java:47)
	at java_programs.MERGESORT.mergesort(MERGESORT.java:47)
	at java_programs.MERGESORT.mergesort(MERGESORT.java:47)
	at java_programs.MERGESORT.mergesort(MERGESORT.java:47)
	at java_programs.MERGESORT.mergesort(MERGESORT.java:47)
	at java_programs.MERGESORT.mergesort(MERGESORT.java:47)
	at java_programs.MERGESORT.mergesort(MERGESORT.java:47)
	at java_programs.MERGESORT.mergesort(MERGESORT.java:47)
	at java_programs.MERGESORT.mergesort(MERGESORT.java:47)
	at java_programs.MERGESORT.mergesort(MERGESORT.java:47)
	at java_programs.MERGESORT.mergesort(MERGESORT.java:47)
	at java_programs.MERGESORT.mergesort(MERGESORT.java:47)
	at java_programs.MERGESORT.mergesort(MERGESORT.java:47)
	at java_programs.MERGESORT.mergesort(MERGESORT.java:47)
	at java_programs.MERGESORT.mergesort(MERGESORT.java:47)
	at java_programs.MERGESORT.mergesort(MERGESORT.java:47)
	at java_programs.MERGESORT.mergesort(MERGESORT.java:47)
	at java_programs.MERGESORT.mergesort(MERGESORT.java:47)
	at java_programs.MERGESORT.mergesort(MERGESORT.java:47)
	at java_programs.MERGESORT.mergesort(MERGESORT.java:47)
	at java_programs.MERGESORT.mergesort(MERGESORT.java:47)
	at java_programs.MERGESORT.mergesort(MERGESORT.java:47)
	at java_programs.MERGESORT.mergesort(MERGESORT.java:47)
	at java_programs.MERGESORT.mergesort(MERGESORT.java:47)
	at java_programs.MERGESORT.mergesort(MERGESORT.java:47)
	at java_programs.MERGESORT.mergesort(MERGESORT.java:47)
	at java_programs.MERGESORT.mergesort(MERGESORT.java:47)
	at java_programs.MERGESORT.mergesort(MERGESORT.java:47)
	at java_programs.MERGESORT.mergesort(MERGESORT.java:47)
	at java_programs.MERGESORT.mergesort(MERGESORT.java:47)
	at java_programs.MERGESORT.mergesort(MERGESORT.java:47)
	at java_programs.MERGESORT.mergesort(MERGESORT.java:47)
	at java_programs.MERGESORT.mergesort(MERGESORT.java:47)
	at java_programs.MERGESORT.mergesort(MERGESORT.java:47)
	at java_programs.MERGESORT.mergesort(MERGESORT.java:47)
	at java_programs.MERGESORT.mergesort(MERGESORT.java:47)
	at java_programs.MERGESORT.mergesort(MERGESORT.java:47)
	at java_programs.MERGESORT.mergesort(MERGESORT.java:47)
	at java_programs.MERGESORT.mergesort(MERGESORT.java:47)
	at java_programs.MERGESORT.mergesort(MERGESORT.java:47)
	at java_programs.MERGESORT.mergesort(MERGESORT.java:47)
	at java_programs.MERGESORT.mergesort(MERGESORT.java:47)
	at java_programs.MERGESORT.mergesort(MERGESORT.java:47)
	at java_programs.MERGESORT.mergesort(MERGESORT.java:47)
	at java_programs.MERGESORT.mergesort(MERGESORT.java:47)
	at java_programs.MERGESORT.mergesort(MERGESORT.java:47)
	at java_programs.MERGESORT.mergesort(MERGESORT.java:47)
	at java_programs.MERGESORT.mergesort(MERGESORT.java:47)
	at java_programs.MERGESORT.mergesort(MERGESORT.java:47)
	at java_programs.MERGESORT.mergesort(MERGESORT.java:47)
	at java_programs.MERGESORT.mergesort(MERGESORT.java:47)
	at java_programs.MERGESORT.mergesort(MERGESORT.java:47)
	at java_programs.MERGESORT.mergesort(MERGESORT.java:47)
	at java_programs.MERGESORT.mergesort(MERGESORT.java:47)
	at java_programs.MERGESORT.mergesort(MERGESORT.java:47)
	at java_programs.MERGESORT.mergesort(MERGESORT.java:47)
	at java_programs.MERGESORT.mergesort(MERGESORT.java:47)
	at java_programs.MERGESORT.mergesort(MERGESORT.java:47)
	at java_programs.MERGESORT.mergesort(MERGESORT.java:47)
	at java_programs.MERGESORT.mergesort(MERGESORT.java:47)
	at java_programs.MERGESORT.mergesort(MERGESORT.java:47)
	at java_programs.MERGESORT.mergesort(MERGESORT.java:47)
	at java_programs.MERGESORT.mergesort(MERGESORT.java:47)
	at java_programs.MERGESORT.mergesort(MERGESORT.java:47)
	at java_programs.MERGESORT.mergesort(MERGESORT.java:47)
	at java_programs.MERGESORT.mergesort(MERGESORT.java:47)
	at java_programs.MERGESORT.mergesort(MERGESORT.java:47)
	at java_programs.MERGESORT.mergesort(MERGESORT.java:47)
	at java_programs.MERGESORT.mergesort(MERGESORT.java:47)
	at java_programs.MERGESORT.mergesort(MERGESORT.java:47)
	at java_programs.MERGESORT.mergesort(MERGESORT.java:47)
	at java_programs.MERGESORT.mergesort(MERGESORT.java:47)
	at java_programs.MERGESORT.mergesort(MERGESORT.java:47)
	at java_programs.MERGESORT.mergesort(MERGESORT.java:47)
	at java_programs.MERGESORT.mergesort(MERGESORT.java:47)
	at java_programs.MERGESORT.mergesort(MERGESORT.java:47)
	at java_programs.MERGESORT.mergesort(MERGESORT.java:47)
	at java_programs.MERGESORT.mergesort(MERGESORT.java:47)
	at java_programs.MERGESORT.mergesort(MERGESORT.java:47)
	at java_programs.MERGESORT.mergesort(MERGESORT.java:47)
	at java_programs.MERGESORT.mergesort(MERGESORT.java:47)
	at java_programs.MERGESORT.mergesort(MERGESORT.java:47)
	at java_programs.MERGESORT.mergesort(MERGESORT.java:47)
	at java_programs.MERGESORT.mergesort(MERGESORT.java:47)
	at java_programs.MERGESORT.mergesort(MERGESORT.java:47)
	at java_programs.MERGESORT.mergesort(MERGESORT.java:47)
	at java_programs.MERGESORT.mergesort(MERGESORT.java:47)
	at java_programs.MERGESORT.mergesort(MERGESORT.java:47)
	at java_programs.MERGESORT.mergesort(MERGESORT.java:47)
	at java_programs.MERGESORT.mergesort(MERGESORT.java:47)
	at java_programs.MERGESORT.mergesort(MERGESORT.java:47)
	at java_programs.MERGESORT.mergesort(MERGESORT.java:47)
	at java_programs.MERGESORT.mergesort(MERGESORT.java:47)
	at java_programs.MERGESORT.mergesort(MERGESORT.java:47)
	at java_programs.MERGESORT.mergesort(MERGESORT.java:47)
	at java_programs.MERGESORT.mergesort(MERGESORT.java:47)
	at java_programs.MERGESORT.mergesort(MERGESORT.java:47)
	at java_programs.MERGESORT.mergesort(MERGESORT.java:47)
	at java_programs.MERGESORT.mergesort(MERGESORT.java:47)
	at java_programs.MERGESORT.mergesort(MERGESORT.java:47)
	at java_programs.MERGESORT.mergesort(MERGESORT.java:47)
	at java_programs.MERGESORT.mergesort(MERGESORT.java:47)
	at java_programs.MERGESORT.mergesort(MERGESORT.java:47)
	at java_programs.MERGESORT.mergesort(MERGESORT.java:47)
	at java_programs.MERGESORT.mergesort(MERGESORT.java:47)
	at java_programs.MERGESORT.mergesort(MERGESORT.java:47)
	at java_programs.MERGESORT.mergesort(MERGESORT.java:47)
	at java_programs.MERGESORT.mergesort(MERGESORT.java:47)
	at java_programs.MERGESORT.mergesort(MERGESORT.java:47)
	at java_programs.MERGESORT.mergesort(MERGESORT.java:47)
	at java_programs.MERGESORT.mergesort(MERGESORT.java:47)
	at java_programs.MERGESORT.mergesort(MERGESORT.java:47)
	at java_programs.MERGESORT.mergesort(MERGESORT.java:47)
	at java_programs.MERGESORT.mergesort(MERGESORT.java:47)
	at java_programs.MERGESORT.mergesort(MERGESORT.java:47)
	at java_programs.MERGESORT.mergesort(MERGESORT.java:47)
	at java_programs.MERGESORT.mergesort(MERGESORT.java:47)
	at java_programs.MERGESORT.mergesort(MERGESORT.java:47)
	at java_programs.MERGESORT.mergesort(MERGESORT.java:47)
	at java_programs.MERGESORT.mergesort(MERGESORT.java:47)
	at java_programs.MERGESORT.mergesort(MERGESORT.java:47)
	at java_programs.MERGESORT.mergesort(MERGESORT.java:47)
	at java_programs.MERGESORT.mergesort(MERGESORT.java:47)
	at java_programs.MERGESORT.mergesort(MERGESORT.java:47)
	at java_programs.MERGESORT.mergesort(MERGESORT.java:47)
	at java_programs.MERGESORT.mergesort(MERGESORT.java:47)
	at java_programs.MERGESORT.mergesort(MERGESORT.java:47)
	at java_programs.MERGESORT.mergesort(MERGESORT.java:47)
	at java_programs.MERGESORT.mergesort(MERGESORT.java:47)
	at java_programs.MERGESORT.mergesort(MERGESORT.java:47)
	at java_programs.MERGESORT.mergesort(MERGESORT.java:47)
	at java_programs.MERGESORT.mergesort(MERGESORT.java:47)
	at java_programs.MERGESORT.mergesort(MERGESORT.java:47)
	at java_programs.MERGESORT.mergesort(MERGESORT.java:47)
	at java_programs.MERGESORT.mergesort(MERGESORT.java:47)
	at java_programs.MERGESORT.mergesort(MERGESORT.java:47)
	at java_programs.MERGESORT.mergesort(MERGESORT.java:47)
	at java_programs.MERGESORT.mergesort(MERGESORT.java:47)
	at java_programs.MERGESORT.mergesort(MERGESORT.java:47)
	at java_programs.MERGESORT.mergesort(MERGESORT.java:47)
	at java_programs.MERGESORT.mergesort(MERGESORT.java:47)
	at java_programs.MERGESORT.mergesort(MERGESORT.java:47)
	at java_programs.MERGESORT.mergesort(MERGESORT.java:47)
	at java_programs.MERGESORT.mergesort(MERGESORT.java:47)
	at java_programs.MERGESORT.mergesort(MERGESORT.java:47)
	at java_programs.MERGESORT.mergesort(MERGESORT.java:47)
	at java_programs.MERGESORT.mergesort(MERGESORT.java:47)
	at java_programs.MERGESORT.mergesort(MERGESORT.java:47)
	at java_programs.MERGESORT.mergesort(MERGESORT.java:47)
	at java_programs.MERGESORT.mergesort(MERGESORT.java:47)
	at java_programs.MERGESORT.mergesort(MERGESORT.java:47)
	at java_programs.MERGESORT.mergesort(MERGESORT.java:47)
	at java_programs.MERGESORT.mergesort(MERGESORT.java:47)
	at java_programs.MERGESORT.mergesort(MERGESORT.java:47)
	at java_programs.MERGESORT.mergesort(MERGESORT.java:47)
	at java_programs.MERGESORT.mergesort(MERGESORT.java:47)
	at java_programs.MERGESORT.mergesort(MERGESORT.java:47)
</failure>
  </testcase>
  <testcase name="test_7" classname="java_testcases.junit.MERGESORT_TEST" time="0.085">
    <failure message="java.lang.StackOverflowError" type="java.lang.StackOverflowError">java.lang.StackOverflowError
	at java.base/java.util.ArrayList.addAll(ArrayList.java:670)
	at java_programs.MERGESORT.mergesort(MERGESORT.java:43)
	at java_programs.MERGESORT.mergesort(MERGESORT.java:47)
	at java_programs.MERGESORT.mergesort(MERGESORT.java:47)
	at java_programs.MERGESORT.mergesort(MERGESORT.java:47)
	at java_programs.MERGESORT.mergesort(MERGESORT.java:47)
	at java_programs.MERGESORT.mergesort(MERGESORT.java:47)
	at java_programs.MERGESORT.mergesort(MERGESORT.java:47)
	at java_programs.MERGESORT.mergesort(MERGESORT.java:47)
	at java_programs.MERGESORT.mergesort(MERGESORT.java:47)
	at java_programs.MERGESORT.mergesort(MERGESORT.java:47)
	at java_programs.MERGESORT.mergesort(MERGESORT.java:47)
	at java_programs.MERGESORT.mergesort(MERGESORT.java:47)
	at java_programs.MERGESORT.mergesort(MERGESORT.java:47)
	at java_programs.MERGESORT.mergesort(MERGESORT.java:47)
	at java_programs.MERGESORT.mergesort(MERGESORT.java:47)
	at java_programs.MERGESORT.mergesort(MERGESORT.java:47)
	at java_programs.MERGESORT.mergesort(MERGESORT.java:47)
	at java_programs.MERGESORT.mergesort(MERGESORT.java:47)
	at java_programs.MERGESORT.mergesort(MERGESORT.java:47)
	at java_programs.MERGESORT.mergesort(MERGESORT.java:47)
	at java_programs.MERGESORT.mergesort(MERGESORT.java:47)
	at java_programs.MERGESORT.mergesort(MERGESORT.java:47)
	at java_programs.MERGESORT.mergesort(MERGESORT.java:47)
	at java_programs.MERGESORT.mergesort(MERGESORT.java:47)
	at java_programs.MERGESORT.mergesort(MERGESORT.java:47)
	at java_programs.MERGESORT.mergesort(MERGESORT.java:47)
	at java_programs.MERGESORT.mergesort(MERGESORT.java:47)
	at java_programs.MERGESORT.mergesort(MERGESORT.java:47)
	at java_programs.MERGESORT.mergesort(MERGESORT.java:47)
	at java_programs.MERGESORT.mergesort(MERGESORT.java:47)
	at java_programs.MERGESORT.mergesort(MERGESORT.java:47)
	at java_programs.MERGESORT.mergesort(MERGESORT.java:47)
	at java_programs.MERGESORT.mergesort(MERGESORT.java:47)
	at java_programs.MERGESORT.mergesort(MERGESORT.java:47)
	at java_programs.MERGESORT.mergesort(MERGESORT.java:47)
	at java_programs.MERGESORT.mergesort(MERGESORT.java:47)
	at java_programs.MERGESORT.mergesort(MERGESORT.java:47)
	at java_programs.MERGESORT.mergesort(MERGESORT.java:47)
	at java_programs.MERGESORT.mergesort(MERGESORT.java:47)
	at java_programs.MERGESORT.mergesort(MERGESORT.java:47)
	at java_programs.MERGESORT.mergesort(MERGESORT.java:47)
	at java_programs.MERGESORT.mergesort(MERGESORT.java:47)
	at java_programs.MERGESORT.mergesort(MERGESORT.java:47)
	at java_programs.MERGESORT.mergesort(MERGESORT.java:47)
	at java_programs.MERGESORT.mergesort(MERGESORT.java:47)
	at java_programs.MERGESORT.mergesort(MERGESORT.java:47)
	at java_programs.MERGESORT.mergesort(MERGESORT.java:47)
	at java_programs.MERGESORT.mergesort(MERGESORT.java:47)
	at java_programs.MERGESORT.mergesort(MERGESORT.java:47)
	at java_programs.MERGESORT.mergesort(MERGESORT.java:47)
	at java_programs.MERGESORT.mergesort(MERGESORT.java:47)
	at java_programs.MERGESORT.mergesort(MERGESORT.java:47)
	at java_programs.MERGESORT.mergesort(MERGESORT.java:47)
	at java_programs.MERGESORT.mergesort(MERGESORT.java:47)
	at java_programs.MERGESORT.mergesort(MERGESORT.java:47)
	at java_programs.MERGESORT.mergesort(MERGESORT.java:47)
	at java_programs.MERGESORT.mergesort(MERGESORT.java:47)
	at java_programs.MERGESORT.mergesort(MERGESORT.java:47)
	at java_programs.MERGESORT.mergesort(MERGESORT.java:47)
	at java_programs.MERGESORT.mergesort(MERGESORT.java:47)
	at java_programs.MERGESORT.mergesort(MERGESORT.java:47)
	at java_programs.MERGESORT.mergesort(MERGESORT.java:47)
	at java_programs.MERGESORT.mergesort(MERGESORT.java:47)
	at java_programs.MERGESORT.mergesort(MERGESORT.java:47)
	at java_programs.MERGESORT.mergesort(MERGESORT.java:47)
	at java_programs.MERGESORT.mergesort(MERGESORT.java:47)
	at java_programs.MERGESORT.mergesort(MERGESORT.java:47)
	at java_programs.MERGESORT.mergesort(MERGESORT.java:47)
	at java_programs.MERGESORT.mergesort(MERGESORT.java:47)
	at java_programs.MERGESORT.mergesort(MERGESORT.java:47)
	at java_programs.MERGESORT.mergesort(MERGESORT.java:47)
	at java_programs.MERGESORT.mergesort(MERGESORT.java:47)
	at java_programs.MERGESORT.mergesort(MERGESORT.java:47)
	at java_programs.MERGESORT.mergesort(MERGESORT.java:47)
	at java_programs.MERGESORT.mergesort(MERGESORT.java:47)
	at java_programs.MERGESORT.mergesort(MERGESORT.java:47)
	at java_programs.MERGESORT.mergesort(MERGESORT.java:47)
	at java_programs.MERGESORT.mergesort(MERGESORT.java:47)
	at java_programs.MERGESORT.mergesort(MERGESORT.java:47)
	at java_programs.MERGESORT.mergesort(MERGESORT.java:47)
	at java_programs.MERGESORT.mergesort(MERGESORT.java:47)
	at java_programs.MERGESORT.mergesort(MERGESORT.java:47)
	at java_programs.MERGESORT.mergesort(MERGESORT.java:47)
	at java_programs.MERGESORT.mergesort(MERGESORT.java:47)
	at java_programs.MERGESORT.mergesort(MERGESORT.java:47)
	at java_programs.MERGESORT.mergesort(MERGESORT.java:47)
	at java_programs.MERGESORT.mergesort(MERGESORT.java:47)
	at java_programs.MERGESORT.mergesort(MERGESORT.java:47)
	at java_programs.MERGESORT.mergesort(MERGESORT.java:47)
	at java_programs.MERGESORT.mergesort(MERGESORT.java:47)
	at java_programs.MERGESORT.mergesort(MERGESORT.java:47)
	at java_programs.MERGESORT.mergesort(MERGESORT.java:47)
	at java_programs.MERGESORT.mergesort(MERGESORT.java:47)
	at java_programs.MERGESORT.mergesort(MERGESORT.java:47)
	at java_programs.MERGESORT.mergesort(MERGESORT.java:47)
	at java_programs.MERGESORT.mergesort(MERGESORT.java:47)
	at java_programs.MERGESORT.mergesort(MERGESORT.java:47)
	at java_programs.MERGESORT.mergesort(MERGESORT.java:47)
	at java_programs.MERGESORT.mergesort(MERGESORT.java:47)
	at java_programs.MERGESORT.mergesort(MERGESORT.java:47)
	at java_programs.MERGESORT.mergesort(MERGESORT.java:47)
	at java_programs.MERGESORT.mergesort(MERGESORT.java:47)
	at java_programs.MERGESORT.mergesort(MERGESORT.java:47)
	at java_programs.MERGESORT.mergesort(MERGESORT.java:47)
	at java_programs.MERGESORT.mergesort(MERGESORT.java:47)
	at java_programs.MERGESORT.mergesort(MERGESORT.java:47)
	at java_programs.MERGESORT.mergesort(MERGESORT.java:47)
	at java_programs.MERGESORT.mergesort(MERGESORT.java:47)
	at java_programs.MERGESORT.mergesort(MERGESORT.java:47)
	at java_programs.MERGESORT.mergesort(MERGESORT.java:47)
	at java_programs.MERGESORT.mergesort(MERGESORT.java:47)
	at java_programs.MERGESORT.mergesort(MERGESORT.java:47)
	at java_programs.MERGESORT.mergesort(MERGESORT.java:47)
	at java_programs.MERGESORT.mergesort(MERGESORT.java:47)
	at java_programs.MERGESORT.mergesort(MERGESORT.java:47)
	at java_programs.MERGESORT.mergesort(MERGESORT.java:47)
	at java_programs.MERGESORT.mergesort(MERGESORT.java:47)
	at java_programs.MERGESORT.mergesort(MERGESORT.java:47)
	at java_programs.MERGESORT.mergesort(MERGESORT.java:47)
	at java_programs.MERGESORT.mergesort(MERGESORT.java:47)
	at java_programs.MERGESORT.mergesort(MERGESORT.java:47)
	at java_programs.MERGESORT.mergesort(MERGESORT.java:47)
	at java_programs.MERGESORT.mergesort(MERGESORT.java:47)
	at java_programs.MERGESORT.mergesort(MERGESORT.java:47)
	at java_programs.MERGESORT.mergesort(MERGESORT.java:47)
	at java_programs.MERGESORT.mergesort(MERGESORT.java:47)
	at java_programs.MERGESORT.mergesort(MERGESORT.java:47)
	at java_programs.MERGESORT.mergesort(MERGESORT.java:47)
	at java_programs.MERGESORT.mergesort(MERGESORT.java:47)
	at java_programs.MERGESORT.mergesort(MERGESORT.java:47)
	at java_programs.MERGESORT.mergesort(MERGESORT.java:47)
	at java_programs.MERGESORT.mergesort(MERGESORT.java:47)
	at java_programs.MERGESORT.mergesort(MERGESORT.java:47)
	at java_programs.MERGESORT.mergesort(MERGESORT.java:47)
	at java_programs.MERGESORT.mergesort(MERGESORT.java:47)
	at java_programs.MERGESORT.mergesort(MERGESORT.java:47)
	at java_programs.MERGESORT.mergesort(MERGESORT.java:47)
	at java_programs.MERGESORT.mergesort(MERGESORT.java:47)
	at java_programs.MERGESORT.mergesort(MERGESORT.java:47)
	at java_programs.MERGESORT.mergesort(MERGESORT.java:47)
	at java_programs.MERGESORT.mergesort(MERGESORT.java:47)
	at java_programs.MERGESORT.mergesort(MERGESORT.java:47)
	at java_programs.MERGESORT.mergesort(MERGESORT.java:47)
	at java_programs.MERGESORT.mergesort(MERGESORT.java:47)
	at java_programs.MERGESORT.mergesort(MERGESORT.java:47)
	at java_programs.MERGESORT.mergesort(MERGESORT.java:47)
	at java_programs.MERGESORT.mergesort(MERGESORT.java:47)
	at java_programs.MERGESORT.mergesort(MERGESORT.java:47)
	at java_programs.MERGESORT.mergesort(MERGESORT.java:47)
	at java_programs.MERGESORT.mergesort(MERGESORT.java:47)
	at java_programs.MERGESORT.mergesort(MERGESORT.java:47)
	at java_programs.MERGESORT.mergesort(MERGESORT.java:47)
	at java_programs.MERGESORT.mergesort(MERGESORT.java:47)
	at java_programs.MERGESORT.mergesort(MERGESORT.java:47)
	at java_programs.MERGESORT.mergesort(MERGESORT.java:47)
	at java_programs.MERGESORT.mergesort(MERGESORT.java:47)
	at java_programs.MERGESORT.mergesort(MERGESORT.java:47)
	at java_programs.MERGESORT.mergesort(MERGESORT.java:47)
	at java_programs.MERGESORT.mergesort(MERGESORT.java:47)
	at java_programs.MERGESORT.mergesort(MERGESORT.java:47)
	at java_programs.MERGESORT.mergesort(MERGESORT.java:47)
	at java_programs.MERGESORT.mergesort(MERGESORT.java:47)
	at java_programs.MERGESORT.mergesort(MERGESORT.java:47)
	at java_programs.MERGESORT.mergesort(MERGESORT.java:47)
	at java_programs.MERGESORT.mergesort(MERGESORT.java:47)
	at java_programs.MERGESORT.mergesort(MERGESORT.java:47)
	at java_programs.MERGESORT.mergesort(MERGESORT.java:47)
	at java_programs.MERGESORT.mergesort(MERGESORT.java:47)
	at java_programs.MERGESORT.mergesort(MERGESORT.java:47)
	at java_programs.MERGESORT.mergesort(MERGESORT.java:47)
	at java_programs.MERGESORT.mergesort(MERGESORT.java:47)
	at java_programs.MERGESORT.mergesort(MERGESORT.java:47)
	at java_programs.MERGESORT.mergesort(MERGESORT.java:47)
	at java_programs.MERGESORT.mergesort(MERGESORT.java:47)
	at java_programs.MERGESORT.mergesort(MERGESORT.java:47)
	at java_programs.MERGESORT.mergesort(MERGESORT.java:47)
	at java_programs.MERGESORT.mergesort(MERGESORT.java:47)
	at java_programs.MERGESORT.mergesort(MERGESORT.java:47)
	at java_programs.MERGESORT.mergesort(MERGESORT.java:47)
	at java_programs.MERGESORT.mergesort(MERGESORT.java:47)
	at java_programs.MERGESORT.mergesort(MERGESORT.java:47)
	at java_programs.MERGESORT.mergesort(MERGESORT.java:47)
	at java_programs.MERGESORT.mergesort(MERGESORT.java:47)
	at java_programs.MERGESORT.mergesort(MERGESORT.java:47)
	at java_programs.MERGESORT.mergesort(MERGESORT.java:47)
	at java_programs.MERGESORT.mergesort(MERGESORT.java:47)
	at java_programs.MERGESORT.mergesort(MERGESORT.java:47)
	at java_programs.MERGESORT.mergesort(MERGESORT.java:47)
	at java_programs.MERGESORT.mergesort(MERGESORT.java:47)
	at java_programs.MERGESORT.mergesort(MERGESORT.java:47)
	at java_programs.MERGESORT.mergesort(MERGESORT.java:47)
	at java_programs.MERGESORT.mergesort(MERGESORT.java:47)
	at java_programs.MERGESORT.mergesort(MERGESORT.java:47)
	at java_programs.MERGESORT.mergesort(MERGESORT.java:47)
	at java_programs.MERGESORT.mergesort(MERGESORT.java:47)
	at java_programs.MERGESORT.mergesort(MERGESORT.java:47)
	at java_programs.MERGESORT.mergesort(MERGESORT.java:47)
	at java_programs.MERGESORT.mergesort(MERGESORT.java:47)
	at java_programs.MERGESORT.mergesort(MERGESORT.java:47)
	at java_programs.MERGESORT.mergesort(MERGESORT.java:47)
	at java_programs.MERGESORT.mergesort(MERGESORT.java:47)
	at java_programs.MERGESORT.mergesort(MERGESORT.java:47)
	at java_programs.MERGESORT.mergesort(MERGESORT.java:47)
	at java_programs.MERGESORT.mergesort(MERGESORT.java:47)
	at java_programs.MERGESORT.mergesort(MERGESORT.java:47)
	at java_programs.MERGESORT.mergesort(MERGESORT.java:47)
	at java_programs.MERGESORT.mergesort(MERGESORT.java:47)
	at java_programs.MERGESORT.mergesort(MERGESORT.java:47)
	at java_programs.MERGESORT.mergesort(MERGESORT.java:47)
	at java_programs.MERGESORT.mergesort(MERGESORT.java:47)
	at java_programs.MERGESORT.mergesort(MERGESORT.java:47)
	at java_programs.MERGESORT.mergesort(MERGESORT.java:47)
	at java_programs.MERGESORT.mergesort(MERGESORT.java:47)
	at java_programs.MERGESORT.mergesort(MERGESORT.java:47)
	at java_programs.MERGESORT.mergesort(MERGESORT.java:47)
	at java_programs.MERGESORT.mergesort(MERGESORT.java:47)
	at java_programs.MERGESORT.mergesort(MERGESORT.java:47)
	at java_programs.MERGESORT.mergesort(MERGESORT.java:47)
	at java_programs.MERGESORT.mergesort(MERGESORT.java:47)
	at java_programs.MERGESORT.mergesort(MERGESORT.java:47)
	at java_programs.MERGESORT.mergesort(MERGESORT.java:47)
	at java_programs.MERGESORT.mergesort(MERGESORT.java:47)
	at java_programs.MERGESORT.mergesort(MERGESORT.java:47)
	at java_programs.MERGESORT.mergesort(MERGESORT.java:47)
	at java_programs.MERGESORT.mergesort(MERGESORT.java:47)
	at java_programs.MERGESORT.mergesort(MERGESORT.java:47)
	at java_programs.MERGESORT.mergesort(MERGESORT.java:47)
	at java_programs.MERGESORT.mergesort(MERGESORT.java:47)
	at java_programs.MERGESORT.mergesort(MERGESORT.java:47)
	at java_programs.MERGESORT.mergesort(MERGESORT.java:47)
	at java_programs.MERGESORT.mergesort(MERGESORT.java:47)
	at java_programs.MERGESORT.mergesort(MERGESORT.java:47)
	at java_programs.MERGESORT.mergesort(MERGESORT.java:47)
	at java_programs.MERGESORT.mergesort(MERGESORT.java:47)
	at java_programs.MERGESORT.mergesort(MERGESORT.java:47)
	at java_programs.MERGESORT.mergesort(MERGESORT.java:47)
	at java_programs.MERGESORT.mergesort(MERGESORT.java:47)
	at java_programs.MERGESORT.mergesort(MERGESORT.java:47)
	at java_programs.MERGESORT.mergesort(MERGESORT.java:47)
	at java_programs.MERGESORT.mergesort(MERGESORT.java:47)
	at java_programs.MERGESORT.mergesort(MERGESORT.java:47)
	at java_programs.MERGESORT.mergesort(MERGESORT.java:47)
	at java_programs.MERGESORT.mergesort(MERGESORT.java:47)
	at java_programs.MERGESORT.mergesort(MERGESORT.java:47)
	at java_programs.MERGESORT.mergesort(MERGESORT.java:47)
	at java_programs.MERGESORT.mergesort(MERGESORT.java:47)
	at java_programs.MERGESORT.mergesort(MERGESORT.java:47)
	at java_programs.MERGESORT.mergesort(MERGESORT.java:47)
	at java_programs.MERGESORT.mergesort(MERGESORT.java:47)
	at java_programs.MERGESORT.mergesort(MERGESORT.java:47)
	at java_programs.MERGESORT.mergesort(MERGESORT.java:47)
	at java_programs.MERGESORT.mergesort(MERGESORT.java:47)
	at java_programs.MERGESORT.mergesort(MERGESORT.java:47)
	at java_programs.MERGESORT.mergesort(MERGESORT.java:47)
	at java_programs.MERGESORT.mergesort(MERGESORT.java:47)
	at java_programs.MERGESORT.mergesort(MERGESORT.java:47)
	at java_programs.MERGESORT.mergesort(MERGESORT.java:47)
	at java_programs.MERGESORT.mergesort(MERGESORT.java:47)
	at java_programs.MERGESORT.mergesort(MERGESORT.java:47)
	at java_programs.MERGESORT.mergesort(MERGESORT.java:47)
	at java_programs.MERGESORT.mergesort(MERGESORT.java:47)
	at java_programs.MERGESORT.mergesort(MERGESORT.java:47)
	at java_programs.MERGESORT.mergesort(MERGESORT.java:47)
	at java_programs.MERGESORT.mergesort(MERGESORT.java:47)
	at java_programs.MERGESORT.mergesort(MERGESORT.java:47)
	at java_programs.MERGESORT.mergesort(MERGESORT.java:47)
	at java_programs.MERGESORT.mergesort(MERGESORT.java:47)
	at java_programs.MERGESORT.mergesort(MERGESORT.java:47)
	at java_programs.MERGESORT.mergesort(MERGESORT.java:47)
	at java_programs.MERGESORT.mergesort(MERGESORT.java:47)
	at java_programs.MERGESORT.mergesort(MERGESORT.java:47)
	at java_programs.MERGESORT.mergesort(MERGESORT.java:47)
	at java_programs.MERGESORT.mergesort(MERGESORT.java:47)
	at java_programs.MERGESORT.mergesort(MERGESORT.java:47)
	at java_programs.MERGESORT.mergesort(MERGESORT.java:47)
	at java_programs.MERGESORT.mergesort(MERGESORT.java:47)
	at java_programs.MERGESORT.mergesort(MERGESORT.java:47)
	at java_programs.MERGESORT.mergesort(MERGESORT.java:47)
	at java_programs.MERGESORT.mergesort(MERGESORT.java:47)
	at java_programs.MERGESORT.mergesort(MERGESORT.java:47)
	at java_programs.MERGESORT.mergesort(MERGESORT.java:47)
	at java_programs.MERGESORT.mergesort(MERGESORT.java:47)
	at java_programs.MERGESORT.mergesort(MERGESORT.java:47)
	at java_programs.MERGESORT.mergesort(MERGESORT.java:47)
	at java_programs.MERGESORT.mergesort(MERGESORT.java:47)
	at java_programs.MERGESORT.mergesort(MERGESORT.java:47)
	at java_programs.MERGESORT.mergesort(MERGESORT.java:47)
	at java_programs.MERGESORT.mergesort(MERGESORT.java:47)
	at java_programs.MERGESORT.mergesort(MERGESORT.java:47)
	at java_programs.MERGESORT.mergesort(MERGESORT.java:47)
	at java_programs.MERGESORT.mergesort(MERGESORT.java:47)
	at java_programs.MERGESORT.mergesort(MERGESORT.java:47)
	at java_programs.MERGESORT.mergesort(MERGESORT.java:47)
	at java_programs.MERGESORT.mergesort(MERGESORT.java:47)
	at java_programs.MERGESORT.mergesort(MERGESORT.java:47)
	at java_programs.MERGESORT.mergesort(MERGESORT.java:47)
	at java_programs.MERGESORT.mergesort(MERGESORT.java:47)
	at java_programs.MERGESORT.mergesort(MERGESORT.java:47)
	at java_programs.MERGESORT.mergesort(MERGESORT.java:47)
	at java_programs.MERGESORT.mergesort(MERGESORT.java:47)
	at java_programs.MERGESORT.mergesort(MERGESORT.java:47)
	at java_programs.MERGESORT.mergesort(MERGESORT.java:47)
	at java_programs.MERGESORT.mergesort(MERGESORT.java:47)
	at java_programs.MERGESORT.mergesort(MERGESORT.java:47)
	at java_programs.MERGESORT.mergesort(MERGESORT.java:47)
	at java_programs.MERGESORT.mergesort(MERGESORT.java:47)
	at java_programs.MERGESORT.mergesort(MERGESORT.java:47)
	at java_programs.MERGESORT.mergesort(MERGESORT.java:47)
	at java_programs.MERGESORT.mergesort(MERGESORT.java:47)
	at java_programs.MERGESORT.mergesort(MERGESORT.java:47)
	at java_programs.MERGESORT.mergesort(MERGESORT.java:47)
	at java_programs.MERGESORT.mergesort(MERGESORT.java:47)
	at java_programs.MERGESORT.mergesort(MERGESORT.java:47)
	at java_programs.MERGESORT.mergesort(MERGESORT.java:47)
	at java_programs.MERGESORT.mergesort(MERGESORT.java:47)
	at java_programs.MERGESORT.mergesort(MERGESORT.java:47)
	at java_programs.MERGESORT.mergesort(MERGESORT.java:47)
	at java_programs.MERGESORT.mergesort(MERGESORT.java:47)
	at java_programs.MERGESORT.mergesort(MERGESORT.java:47)
	at java_programs.MERGESORT.mergesort(MERGESORT.java:47)
	at java_programs.MERGESORT.mergesort(MERGESORT.java:47)
	at java_programs.MERGESORT.mergesort(MERGESORT.java:47)
	at java_programs.MERGESORT.mergesort(MERGESORT.java:47)
	at java_programs.MERGESORT.mergesort(MERGESORT.java:47)
	at java_programs.MERGESORT.mergesort(MERGESORT.java:47)
	at java_programs.MERGESORT.mergesort(MERGESORT.java:47)
	at java_programs.MERGESORT.mergesort(MERGESORT.java:47)
	at java_programs.MERGESORT.mergesort(MERGESORT.java:47)
	at java_programs.MERGESORT.mergesort(MERGESORT.java:47)
	at java_programs.MERGESORT.mergesort(MERGESORT.java:47)
	at java_programs.MERGESORT.mergesort(MERGESORT.java:47)
	at java_programs.MERGESORT.mergesort(MERGESORT.java:47)
	at java_programs.MERGESORT.mergesort(MERGESORT.java:47)
	at java_programs.MERGESORT.mergesort(MERGESORT.java:47)
	at java_programs.MERGESORT.mergesort(MERGESORT.java:47)
	at java_programs.MERGESORT.mergesort(MERGESORT.java:47)
	at java_programs.MERGESORT.mergesort(MERGESORT.java:47)
	at java_programs.MERGESORT.mergesort(MERGESORT.java:47)
	at java_programs.MERGESORT.mergesort(MERGESORT.java:47)
	at java_programs.MERGESORT.mergesort(MERGESORT.java:47)
	at java_programs.MERGESORT.mergesort(MERGESORT.java:47)
	at java_programs.MERGESORT.mergesort(MERGESORT.java:47)
	at java_programs.MERGESORT.mergesort(MERGESORT.java:47)
	at java_programs.MERGESORT.mergesort(MERGESORT.java:47)
	at java_programs.MERGESORT.mergesort(MERGESORT.java:47)
	at java_programs.MERGESORT.mergesort(MERGESORT.java:47)
	at java_programs.MERGESORT.mergesort(MERGESORT.java:47)
	at java_programs.MERGESORT.mergesort(MERGESORT.java:47)
	at java_programs.MERGESORT.mergesort(MERGESORT.java:47)
	at java_programs.MERGESORT.mergesort(MERGESORT.java:47)
	at java_programs.MERGESORT.mergesort(MERGESORT.java:47)
	at java_programs.MERGESORT.mergesort(MERGESORT.java:47)
	at java_programs.MERGESORT.mergesort(MERGESORT.java:47)
	at java_programs.MERGESORT.mergesort(MERGESORT.java:47)
	at java_programs.MERGESORT.mergesort(MERGESORT.java:47)
	at java_programs.MERGESORT.mergesort(MERGESORT.java:47)
	at java_programs.MERGESORT.mergesort(MERGESORT.java:47)
	at java_programs.MERGESORT.mergesort(MERGESORT.java:47)
	at java_programs.MERGESORT.mergesort(MERGESORT.java:47)
	at java_programs.MERGESORT.mergesort(MERGESORT.java:47)
	at java_programs.MERGESORT.mergesort(MERGESORT.java:47)
	at java_programs.MERGESORT.mergesort(MERGESORT.java:47)
	at java_programs.MERGESORT.mergesort(MERGESORT.java:47)
	at java_programs.MERGESORT.mergesort(MERGESORT.java:47)
	at java_programs.MERGESORT.mergesort(MERGESORT.java:47)
	at java_programs.MERGESORT.mergesort(MERGESORT.java:47)
	at java_programs.MERGESORT.mergesort(MERGESORT.java:47)
	at java_programs.MERGESORT.mergesort(MERGESORT.java:47)
	at java_programs.MERGESORT.mergesort(MERGESORT.java:47)
	at java_programs.MERGESORT.mergesort(MERGESORT.java:47)
	at java_programs.MERGESORT.mergesort(MERGESORT.java:47)
	at java_programs.MERGESORT.mergesort(MERGESORT.java:47)
	at java_programs.MERGESORT.mergesort(MERGESORT.java:47)
	at java_programs.MERGESORT.mergesort(MERGESORT.java:47)
	at java_programs.MERGESORT.mergesort(MERGESORT.java:47)
	at java_programs.MERGESORT.mergesort(MERGESORT.java:47)
	at java_programs.MERGESORT.mergesort(MERGESORT.java:47)
	at java_programs.MERGESORT.mergesort(MERGESORT.java:47)
	at java_programs.MERGESORT.mergesort(MERGESORT.java:47)
	at java_programs.MERGESORT.mergesort(MERGESORT.java:47)
	at java_programs.MERGESORT.mergesort(MERGESORT.java:47)
	at java_programs.MERGESORT.mergesort(MERGESORT.java:47)
	at java_programs.MERGESORT.mergesort(MERGESORT.java:47)
	at java_programs.MERGESORT.mergesort(MERGESORT.java:47)
	at java_programs.MERGESORT.mergesort(MERGESORT.java:47)
	at java_programs.MERGESORT.mergesort(MERGESORT.java:47)
	at java_programs.MERGESORT.mergesort(MERGESORT.java:47)
	at java_programs.MERGESORT.mergesort(MERGESORT.java:47)
	at java_programs.MERGESORT.mergesort(MERGESORT.java:47)
	at java_programs.MERGESORT.mergesort(MERGESORT.java:47)
	at java_programs.MERGESORT.mergesort(MERGESORT.java:47)
	at java_programs.MERGESORT.mergesort(MERGESORT.java:47)
	at java_programs.MERGESORT.mergesort(MERGESORT.java:47)
	at java_programs.MERGESORT.mergesort(MERGESORT.java:47)
	at java_programs.MERGESORT.mergesort(MERGESORT.java:47)
	at java_programs.MERGESORT.mergesort(MERGESORT.java:47)
	at java_programs.MERGESORT.mergesort(MERGESORT.java:47)
	at java_programs.MERGESORT.mergesort(MERGESORT.java:47)
	at java_programs.MERGESORT.mergesort(MERGESORT.java:47)
	at java_programs.MERGESORT.mergesort(MERGESORT.java:47)
	at java_programs.MERGESORT.mergesort(MERGESORT.java:47)
	at java_programs.MERGESORT.mergesort(MERGESORT.java:47)
	at java_programs.MERGESORT.mergesort(MERGESORT.java:47)
	at java_programs.MERGESORT.mergesort(MERGESORT.java:47)
	at java_programs.MERGESORT.mergesort(MERGESORT.java:47)
	at java_programs.MERGESORT.mergesort(MERGESORT.java:47)
	at java_programs.MERGESORT.mergesort(MERGESORT.java:47)
	at java_programs.MERGESORT.mergesort(MERGESORT.java:47)
	at java_programs.MERGESORT.mergesort(MERGESORT.java:47)
	at java_programs.MERGESORT.mergesort(MERGESORT.java:47)
	at java_programs.MERGESORT.mergesort(MERGESORT.java:47)
	at java_programs.MERGESORT.mergesort(MERGESORT.java:47)
	at java_programs.MERGESORT.mergesort(MERGESORT.java:47)
	at java_programs.MERGESORT.mergesort(MERGESORT.java:47)
	at java_programs.MERGESORT.mergesort(MERGESORT.java:47)
	at java_programs.MERGESORT.mergesort(MERGESORT.java:47)
	at java_programs.MERGESORT.mergesort(MERGESORT.java:47)
	at java_programs.MERGESORT.mergesort(MERGESORT.java:47)
	at java_programs.MERGESORT.mergesort(MERGESORT.java:47)
	at java_programs.MERGESORT.mergesort(MERGESORT.java:47)
	at java_programs.MERGESORT.mergesort(MERGESORT.java:47)
	at java_programs.MERGESORT.mergesort(MERGESORT.java:47)
	at java_programs.MERGESORT.mergesort(MERGESORT.java:47)
	at java_programs.MERGESORT.mergesort(MERGESORT.java:47)
	at java_programs.MERGESORT.mergesort(MERGESORT.java:47)
	at java_programs.MERGESORT.mergesort(MERGESORT.java:47)
	at java_programs.MERGESORT.mergesort(MERGESORT.java:47)
	at java_programs.MERGESORT.mergesort(MERGESORT.java:47)
	at java_programs.MERGESORT.mergesort(MERGESORT.java:47)
	at java_programs.MERGESORT.mergesort(MERGESORT.java:47)
	at java_programs.MERGESORT.mergesort(MERGESORT.java:47)
	at java_programs.MERGESORT.mergesort(MERGESORT.java:47)
	at java_programs.MERGESORT.mergesort(MERGESORT.java:47)
	at java_programs.MERGESORT.mergesort(MERGESORT.java:47)
	at java_programs.MERGESORT.mergesort(MERGESORT.java:47)
	at java_programs.MERGESORT.mergesort(MERGESORT.java:47)
	at java_programs.MERGESORT.mergesort(MERGESORT.java:47)
	at java_programs.MERGESORT.mergesort(MERGESORT.java:47)
	at java_programs.MERGESORT.mergesort(MERGESORT.java:47)
	at java_programs.MERGESORT.mergesort(MERGESORT.java:47)
	at java_programs.MERGESORT.mergesort(MERGESORT.java:47)
	at java_programs.MERGESORT.mergesort(MERGESORT.java:47)
	at java_programs.MERGESORT.mergesort(MERGESORT.java:47)
	at java_programs.MERGESORT.mergesort(MERGESORT.java:47)
	at java_programs.MERGESORT.mergesort(MERGESORT.java:47)
	at java_programs.MERGESORT.mergesort(MERGESORT.java:47)
	at java_programs.MERGESORT.mergesort(MERGESORT.java:47)
	at java_programs.MERGESORT.mergesort(MERGESORT.java:47)
	at java_programs.MERGESORT.mergesort(MERGESORT.java:47)
	at java_programs.MERGESORT.mergesort(MERGESORT.java:47)
	at java_programs.MERGESORT.mergesort(MERGESORT.java:47)
	at java_programs.MERGESORT.mergesort(MERGESORT.java:47)
	at java_programs.MERGESORT.mergesort(MERGESORT.java:47)
	at java_programs.MERGESORT.mergesort(MERGESORT.java:47)
	at java_programs.MERGESORT.mergesort(MERGESORT.java:47)
	at java_programs.MERGESORT.mergesort(MERGESORT.java:47)
	at java_programs.MERGESORT.mergesort(MERGESORT.java:47)
	at java_programs.MERGESORT.mergesort(MERGESORT.java:47)
	at java_programs.MERGESORT.mergesort(MERGESORT.java:47)
	at java_programs.MERGESORT.mergesort(MERGESORT.java:47)
	at java_programs.MERGESORT.mergesort(MERGESORT.java:47)
	at java_programs.MERGESORT.mergesort(MERGESORT.java:47)
	at java_programs.MERGESORT.mergesort(MERGESORT.java:47)
	at java_programs.MERGESORT.mergesort(MERGESORT.java:47)
	at java_programs.MERGESORT.mergesort(MERGESORT.java:47)
	at java_programs.MERGESORT.mergesort(MERGESORT.java:47)
	at java_programs.MERGESORT.mergesort(MERGESORT.java:47)
	at java_programs.MERGESORT.mergesort(MERGESORT.java:47)
	at java_programs.MERGESORT.mergesort(MERGESORT.java:47)
	at java_programs.MERGESORT.mergesort(MERGESORT.java:47)
	at java_programs.MERGESORT.mergesort(MERGESORT.java:47)
	at java_programs.MERGESORT.mergesort(MERGESORT.java:47)
	at java_programs.MERGESORT.mergesort(MERGESORT.java:47)
	at java_programs.MERGESORT.mergesort(MERGESORT.java:47)
	at java_programs.MERGESORT.mergesort(MERGESORT.java:47)
	at java_programs.MERGESORT.mergesort(MERGESORT.java:47)
	at java_programs.MERGESORT.mergesort(MERGESORT.java:47)
	at java_programs.MERGESORT.mergesort(MERGESORT.java:47)
	at java_programs.MERGESORT.mergesort(MERGESORT.java:47)
	at java_programs.MERGESORT.mergesort(MERGESORT.java:47)
	at java_programs.MERGESORT.mergesort(MERGESORT.java:47)
	at java_programs.MERGESORT.mergesort(MERGESORT.java:47)
	at java_programs.MERGESORT.mergesort(MERGESORT.java:47)
	at java_programs.MERGESORT.mergesort(MERGESORT.java:47)
	at java_programs.MERGESORT.mergesort(MERGESORT.java:47)
	at java_programs.MERGESORT.mergesort(MERGESORT.java:47)
	at java_programs.MERGESORT.mergesort(MERGESORT.java:47)
	at java_programs.MERGESORT.mergesort(MERGESORT.java:47)
	at java_programs.MERGESORT.mergesort(MERGESORT.java:47)
	at java_programs.MERGESORT.mergesort(MERGESORT.java:47)
	at java_programs.MERGESORT.mergesort(MERGESORT.java:47)
	at java_programs.MERGESORT.mergesort(MERGESORT.java:47)
	at java_programs.MERGESORT.mergesort(MERGESORT.java:47)
	at java_programs.MERGESORT.mergesort(MERGESORT.java:47)
	at java_programs.MERGESORT.mergesort(MERGESORT.java:47)
	at java_programs.MERGESORT.mergesort(MERGESORT.java:47)
	at java_programs.MERGESORT.mergesort(MERGESORT.java:47)
	at java_programs.MERGESORT.mergesort(MERGESORT.java:47)
	at java_programs.MERGESORT.mergesort(MERGESORT.java:47)
	at java_programs.MERGESORT.mergesort(MERGESORT.java:47)
	at java_programs.MERGESORT.mergesort(MERGESORT.java:47)
	at java_programs.MERGESORT.mergesort(MERGESORT.java:47)
	at java_programs.MERGESORT.mergesort(MERGESORT.java:47)
	at java_programs.MERGESORT.mergesort(MERGESORT.java:47)
	at java_programs.MERGESORT.mergesort(MERGESORT.java:47)
	at java_programs.MERGESORT.mergesort(MERGESORT.java:47)
	at java_programs.MERGESORT.mergesort(MERGESORT.java:47)
	at java_programs.MERGESORT.mergesort(MERGESORT.java:47)
	at java_programs.MERGESORT.mergesort(MERGESORT.java:47)
	at java_programs.MERGESORT.mergesort(MERGESORT.java:47)
	at java_programs.MERGESORT.mergesort(MERGESORT.java:47)
	at java_programs.MERGESORT.mergesort(MERGESORT.java:47)
	at java_programs.MERGESORT.mergesort(MERGESORT.java:47)
	at java_programs.MERGESORT.mergesort(MERGESORT.java:47)
	at java_programs.MERGESORT.mergesort(MERGESORT.java:47)
	at java_programs.MERGESORT.mergesort(MERGESORT.java:47)
	at java_programs.MERGESORT.mergesort(MERGESORT.java:47)
	at java_programs.MERGESORT.mergesort(MERGESORT.java:47)
	at java_programs.MERGESORT.mergesort(MERGESORT.java:47)
	at java_programs.MERGESORT.mergesort(MERGESORT.java:47)
	at java_programs.MERGESORT.mergesort(MERGESORT.java:47)
	at java_programs.MERGESORT.mergesort(MERGESORT.java:47)
	at java_programs.MERGESORT.mergesort(MERGESORT.java:47)
	at java_programs.MERGESORT.mergesort(MERGESORT.java:47)
	at java_programs.MERGESORT.mergesort(MERGESORT.java:47)
	at java_programs.MERGESORT.mergesort(MERGESORT.java:47)
	at java_programs.MERGESORT.mergesort(MERGESORT.java:47)
	at java_programs.MERGESORT.mergesort(MERGESORT.java:47)
	at java_programs.MERGESORT.mergesort(MERGESORT.java:47)
	at java_programs.MERGESORT.mergesort(MERGESORT.java:47)
	at java_programs.MERGESORT.mergesort(MERGESORT.java:47)
	at java_programs.MERGESORT.mergesort(MERGESORT.java:47)
	at java_programs.MERGESORT.mergesort(MERGESORT.java:47)
	at java_programs.MERGESORT.mergesort(MERGESORT.java:47)
	at java_programs.MERGESORT.mergesort(MERGESORT.java:47)
	at java_programs.MERGESORT.mergesort(MERGESORT.java:47)
	at java_programs.MERGESORT.mergesort(MERGESORT.java:47)
	at java_programs.MERGESORT.mergesort(MERGESORT.java:47)
	at java_programs.MERGESORT.mergesort(MERGESORT.java:47)
	at java_programs.MERGESORT.mergesort(MERGESORT.java:47)
	at java_programs.MERGESORT.mergesort(MERGESORT.java:47)
	at java_programs.MERGESORT.mergesort(MERGESORT.java:47)
	at java_programs.MERGESORT.mergesort(MERGESORT.java:47)
	at java_programs.MERGESORT.mergesort(MERGESORT.java:47)
	at java_programs.MERGESORT.mergesort(MERGESORT.java:47)
	at java_programs.MERGESORT.mergesort(MERGESORT.java:47)
	at java_programs.MERGESORT.mergesort(MERGESORT.java:47)
	at java_programs.MERGESORT.mergesort(MERGESORT.java:47)
	at java_programs.MERGESORT.mergesort(MERGESORT.java:47)
	at java_programs.MERGESORT.mergesort(MERGESORT.java:47)
	at java_programs.MERGESORT.mergesort(MERGESORT.java:47)
	at java_programs.MERGESORT.mergesort(MERGESORT.java:47)
	at java_programs.MERGESORT.mergesort(MERGESORT.java:47)
	at java_programs.MERGESORT.mergesort(MERGESORT.java:47)
	at java_programs.MERGESORT.mergesort(MERGESORT.java:47)
	at java_programs.MERGESORT.mergesort(MERGESORT.java:47)
	at java_programs.MERGESORT.mergesort(MERGESORT.java:47)
	at java_programs.MERGESORT.mergesort(MERGESORT.java:47)
	at java_programs.MERGESORT.mergesort(MERGESORT.java:47)
	at java_programs.MERGESORT.mergesort(MERGESORT.java:47)
	at java_programs.MERGESORT.mergesort(MERGESORT.java:47)
	at java_programs.MERGESORT.mergesort(MERGESORT.java:47)
	at java_programs.MERGESORT.mergesort(MERGESORT.java:47)
	at java_programs.MERGESORT.mergesort(MERGESORT.java:47)
	at java_programs.MERGESORT.mergesort(MERGESORT.java:47)
	at java_programs.MERGESORT.mergesort(MERGESORT.java:47)
	at java_programs.MERGESORT.mergesort(MERGESORT.java:47)
	at java_programs.MERGESORT.mergesort(MERGESORT.java:47)
	at java_programs.MERGESORT.mergesort(MERGESORT.java:47)
	at java_programs.MERGESORT.mergesort(MERGESORT.java:47)
	at java_programs.MERGESORT.mergesort(MERGESORT.java:47)
	at java_programs.MERGESORT.mergesort(MERGESORT.java:47)
	at java_programs.MERGESORT.mergesort(MERGESORT.java:47)
	at java_programs.MERGESORT.mergesort(MERGESORT.java:47)
	at java_programs.MERGESORT.mergesort(MERGESORT.java:47)
	at java_programs.MERGESORT.mergesort(MERGESORT.java:47)
	at java_programs.MERGESORT.mergesort(MERGESORT.java:47)
	at java_programs.MERGESORT.mergesort(MERGESORT.java:47)
	at java_programs.MERGESORT.mergesort(MERGESORT.java:47)
	at java_programs.MERGESORT.mergesort(MERGESORT.java:47)
	at java_programs.MERGESORT.mergesort(MERGESORT.java:47)
	at java_programs.MERGESORT.mergesort(MERGESORT.java:47)
	at java_programs.MERGESORT.mergesort(MERGESORT.java:47)
	at java_programs.MERGESORT.mergesort(MERGESORT.java:47)
	at java_programs.MERGESORT.mergesort(MERGESORT.java:47)
	at java_programs.MERGESORT.mergesort(MERGESORT.java:47)
	at java_programs.MERGESORT.mergesort(MERGESORT.java:47)
	at java_programs.MERGESORT.mergesort(MERGESORT.java:47)
	at java_programs.MERGESORT.mergesort(MERGESORT.java:47)
	at java_programs.MERGESORT.mergesort(MERGESORT.java:47)
	at java_programs.MERGESORT.mergesort(MERGESORT.java:47)
	at java_programs.MERGESORT.mergesort(MERGESORT.java:47)
	at java_programs.MERGESORT.mergesort(MERGESORT.java:47)
	at java_programs.MERGESORT.mergesort(MERGESORT.java:47)
	at java_programs.MERGESORT.mergesort(MERGESORT.java:47)
	at java_programs.MERGESORT.mergesort(MERGESORT.java:47)
	at java_programs.MERGESORT.mergesort(MERGESORT.java:47)
	at java_programs.MERGESORT.mergesort(MERGESORT.java:47)
	at java_programs.MERGESORT.mergesort(MERGESORT.java:47)
	at java_programs.MERGESORT.mergesort(MERGESORT.java:47)
	at java_programs.MERGESORT.mergesort(MERGESORT.java:47)
	at java_programs.MERGESORT.mergesort(MERGESORT.java:47)
	at java_programs.MERGESORT.mergesort(MERGESORT.java:47)
	at java_programs.MERGESORT.mergesort(MERGESORT.java:47)
	at java_programs.MERGESORT.mergesort(MERGESORT.java:47)
	at java_programs.MERGESORT.mergesort(MERGESORT.java:47)
	at java_programs.MERGESORT.mergesort(MERGESORT.java:47)
	at java_programs.MERGESORT.mergesort(MERGESORT.java:47)
	at java_programs.MERGESORT.mergesort(MERGESORT.java:47)
	at java_programs.MERGESORT.mergesort(MERGESORT.java:47)
	at java_programs.MERGESORT.mergesort(MERGESORT.java:47)
	at java_programs.MERGESORT.mergesort(MERGESORT.java:47)
	at java_programs.MERGESORT.mergesort(MERGESORT.java:47)
	at java_programs.MERGESORT.mergesort(MERGESORT.java:47)
	at java_programs.MERGESORT.mergesort(MERGESORT.java:47)
	at java_programs.MERGESORT.mergesort(MERGESORT.java:47)
	at java_programs.MERGESORT.mergesort(MERGESORT.java:47)
	at java_programs.MERGESORT.mergesort(MERGESORT.java:47)
	at java_programs.MERGESORT.mergesort(MERGESORT.java:47)
	at java_programs.MERGESORT.mergesort(MERGESORT.java:47)
	at java_programs.MERGESORT.mergesort(MERGESORT.java:47)
	at java_programs.MERGESORT.mergesort(MERGESORT.java:47)
	at java_programs.MERGESORT.mergesort(MERGESORT.java:47)
	at java_programs.MERGESORT.mergesort(MERGESORT.java:47)
	at java_programs.MERGESORT.mergesort(MERGESORT.java:47)
	at java_programs.MERGESORT.mergesort(MERGESORT.java:47)
	at java_programs.MERGESORT.mergesort(MERGESORT.java:47)
	at java_programs.MERGESORT.mergesort(MERGESORT.java:47)
	at java_programs.MERGESORT.mergesort(MERGESORT.java:47)
	at java_programs.MERGESORT.mergesort(MERGESORT.java:47)
	at java_programs.MERGESORT.mergesort(MERGESORT.java:47)
	at java_programs.MERGESORT.mergesort(MERGESORT.java:47)
	at java_programs.MERGESORT.mergesort(MERGESORT.java:47)
	at java_programs.MERGESORT.mergesort(MERGESORT.java:47)
	at java_programs.MERGESORT.mergesort(MERGESORT.java:47)
	at java_programs.MERGESORT.mergesort(MERGESORT.java:47)
	at java_programs.MERGESORT.mergesort(MERGESORT.java:47)
	at java_programs.MERGESORT.mergesort(MERGESORT.java:47)
	at java_programs.MERGESORT.mergesort(MERGESORT.java:47)
	at java_programs.MERGESORT.mergesort(MERGESORT.java:47)
	at java_programs.MERGESORT.mergesort(MERGESORT.java:47)
	at java_programs.MERGESORT.mergesort(MERGESORT.java:47)
	at java_programs.MERGESORT.mergesort(MERGESORT.java:47)
	at java_programs.MERGESORT.mergesort(MERGESORT.java:47)
	at java_programs.MERGESORT.mergesort(MERGESORT.java:47)
	at java_programs.MERGESORT.mergesort(MERGESORT.java:47)
	at java_programs.MERGESORT.mergesort(MERGESORT.java:47)
	at java_programs.MERGESORT.mergesort(MERGESORT.java:47)
	at java_programs.MERGESORT.mergesort(MERGESORT.java:47)
	at java_programs.MERGESORT.mergesort(MERGESORT.java:47)
	at java_programs.MERGESORT.mergesort(MERGESORT.java:47)
	at java_programs.MERGESORT.mergesort(MERGESORT.java:47)
	at java_programs.MERGESORT.mergesort(MERGESORT.java:47)
	at java_programs.MERGESORT.mergesort(MERGESORT.java:47)
	at java_programs.MERGESORT.mergesort(MERGESORT.java:47)
	at java_programs.MERGESORT.mergesort(MERGESORT.java:47)
	at java_programs.MERGESORT.mergesort(MERGESORT.java:47)
	at java_programs.MERGESORT.mergesort(MERGESORT.java:47)
	at java_programs.MERGESORT.mergesort(MERGESORT.java:47)
	at java_programs.MERGESORT.mergesort(MERGESORT.java:47)
	at java_programs.MERGESORT.mergesort(MERGESORT.java:47)
	at java_programs.MERGESORT.mergesort(MERGESORT.java:47)
	at java_programs.MERGESORT.mergesort(MERGESORT.java:47)
	at java_programs.MERGESORT.mergesort(MERGESORT.java:47)
	at java_programs.MERGESORT.mergesort(MERGESORT.java:47)
	at java_programs.MERGESORT.mergesort(MERGESORT.java:47)
	at java_programs.MERGESORT.mergesort(MERGESORT.java:47)
	at java_programs.MERGESORT.mergesort(MERGESORT.java:47)
	at java_programs.MERGESORT.mergesort(MERGESORT.java:47)
	at java_programs.MERGESORT.mergesort(MERGESORT.java:47)
	at java_programs.MERGESORT.mergesort(MERGESORT.java:47)
	at java_programs.MERGESORT.mergesort(MERGESORT.java:47)
	at java_programs.MERGESORT.mergesort(MERGESORT.java:47)
	at java_programs.MERGESORT.mergesort(MERGESORT.java:47)
	at java_programs.MERGESORT.mergesort(MERGESORT.java:47)
	at java_programs.MERGESORT.mergesort(MERGESORT.java:47)
	at java_programs.MERGESORT.mergesort(MERGESORT.java:47)
	at java_programs.MERGESORT.mergesort(MERGESORT.java:47)
	at java_programs.MERGESORT.mergesort(MERGESORT.java:47)
	at java_programs.MERGESORT.mergesort(MERGESORT.java:47)
	at java_programs.MERGESORT.mergesort(MERGESORT.java:47)
	at java_programs.MERGESORT.mergesort(MERGESORT.java:47)
	at java_programs.MERGESORT.mergesort(MERGESORT.java:47)
	at java_programs.MERGESORT.mergesort(MERGESORT.java:47)
	at java_programs.MERGESORT.mergesort(MERGESORT.java:47)
	at java_programs.MERGESORT.mergesort(MERGESORT.java:47)
	at java_programs.MERGESORT.mergesort(MERGESORT.java:47)
	at java_programs.MERGESORT.mergesort(MERGESORT.java:47)
	at java_programs.MERGESORT.mergesort(MERGESORT.java:47)
	at java_programs.MERGESORT.mergesort(MERGESORT.java:47)
	at java_programs.MERGESORT.mergesort(MERGESORT.java:47)
	at java_programs.MERGESORT.mergesort(MERGESORT.java:47)
	at java_programs.MERGESORT.mergesort(MERGESORT.java:47)
	at java_programs.MERGESORT.mergesort(MERGESORT.java:47)
	at java_programs.MERGESORT.mergesort(MERGESORT.java:47)
	at java_programs.MERGESORT.mergesort(MERGESORT.java:47)
	at java_programs.MERGESORT.mergesort(MERGESORT.java:47)
	at java_programs.MERGESORT.mergesort(MERGESORT.java:47)
	at java_programs.MERGESORT.mergesort(MERGESORT.java:47)
	at java_programs.MERGESORT.mergesort(MERGESORT.java:47)
	at java_programs.MERGESORT.mergesort(MERGESORT.java:47)
	at java_programs.MERGESORT.mergesort(MERGESORT.java:47)
	at java_programs.MERGESORT.mergesort(MERGESORT.java:47)
	at java_programs.MERGESORT.mergesort(MERGESORT.java:47)
	at java_programs.MERGESORT.mergesort(MERGESORT.java:47)
	at java_programs.MERGESORT.mergesort(MERGESORT.java:47)
	at java_programs.MERGESORT.mergesort(MERGESORT.java:47)
	at java_programs.MERGESORT.mergesort(MERGESORT.java:47)
	at java_programs.MERGESORT.mergesort(MERGESORT.java:47)
	at java_programs.MERGESORT.mergesort(MERGESORT.java:47)
	at java_programs.MERGESORT.mergesort(MERGESORT.java:47)
	at java_programs.MERGESORT.mergesort(MERGESORT.java:47)
	at java_programs.MERGESORT.mergesort(MERGESORT.java:47)
	at java_programs.MERGESORT.mergesort(MERGESORT.java:47)
	at java_programs.MERGESORT.mergesort(MERGESORT.java:47)
	at java_programs.MERGESORT.mergesort(MERGESORT.java:47)
	at java_programs.MERGESORT.mergesort(MERGESORT.java:47)
	at java_programs.MERGESORT.mergesort(MERGESORT.java:47)
	at java_programs.MERGESORT.mergesort(MERGESORT.java:47)
	at java_programs.MERGESORT.mergesort(MERGESORT.java:47)
	at java_programs.MERGESORT.mergesort(MERGESORT.java:47)
	at java_programs.MERGESORT.mergesort(MERGESORT.java:47)
	at java_programs.MERGESORT.mergesort(MERGESORT.java:47)
	at java_programs.MERGESORT.mergesort(MERGESORT.java:47)
	at java_programs.MERGESORT.mergesort(MERGESORT.java:47)
	at java_programs.MERGESORT.mergesort(MERGESORT.java:47)
	at java_programs.MERGESORT.mergesort(MERGESORT.java:47)
	at java_programs.MERGESORT.mergesort(MERGESORT.java:47)
	at java_programs.MERGESORT.mergesort(MERGESORT.java:47)
	at java_programs.MERGESORT.mergesort(MERGESORT.java:47)
	at java_programs.MERGESORT.mergesort(MERGESORT.java:47)
	at java_programs.MERGESORT.mergesort(MERGESORT.java:47)
	at java_programs.MERGESORT.mergesort(MERGESORT.java:47)
	at java_programs.MERGESORT.mergesort(MERGESORT.java:47)
	at java_programs.MERGESORT.mergesort(MERGESORT.java:47)
	at java_programs.MERGESORT.mergesort(MERGESORT.java:47)
	at java_programs.MERGESORT.mergesort(MERGESORT.java:47)
	at java_programs.MERGESORT.mergesort(MERGESORT.java:47)
	at java_programs.MERGESORT.mergesort(MERGESORT.java:47)
	at java_programs.MERGESORT.mergesort(MERGESORT.java:47)
	at java_programs.MERGESORT.mergesort(MERGESORT.java:47)
	at java_programs.MERGESORT.mergesort(MERGESORT.java:47)
	at java_programs.MERGESORT.mergesort(MERGESORT.java:47)
	at java_programs.MERGESORT.mergesort(MERGESORT.java:47)
	at java_programs.MERGESORT.mergesort(MERGESORT.java:47)
	at java_programs.MERGESORT.mergesort(MERGESORT.java:47)
	at java_programs.MERGESORT.mergesort(MERGESORT.java:47)
	at java_programs.MERGESORT.mergesort(MERGESORT.java:47)
	at java_programs.MERGESORT.mergesort(MERGESORT.java:47)
	at java_programs.MERGESORT.mergesort(MERGESORT.java:47)
	at java_programs.MERGESORT.mergesort(MERGESORT.java:47)
	at java_programs.MERGESORT.mergesort(MERGESORT.java:47)
	at java_programs.MERGESORT.mergesort(MERGESORT.java:47)
	at java_programs.MERGESORT.mergesort(MERGESORT.java:47)
	at java_programs.MERGESORT.mergesort(MERGESORT.java:47)
	at java_programs.MERGESORT.mergesort(MERGESORT.java:47)
	at java_programs.MERGESORT.mergesort(MERGESORT.java:47)
	at java_programs.MERGESORT.mergesort(MERGESORT.java:47)
	at java_programs.MERGESORT.mergesort(MERGESORT.java:47)
	at java_programs.MERGESORT.mergesort(MERGESORT.java:47)
	at java_programs.MERGESORT.mergesort(MERGESORT.java:47)
	at java_programs.MERGESORT.mergesort(MERGESORT.java:47)
	at java_programs.MERGESORT.mergesort(MERGESORT.java:47)
	at java_programs.MERGESORT.mergesort(MERGESORT.java:47)
	at java_programs.MERGESORT.mergesort(MERGESORT.java:47)
	at java_programs.MERGESORT.mergesort(MERGESORT.java:47)
	at java_programs.MERGESORT.mergesort(MERGESORT.java:47)
	at java_programs.MERGESORT.mergesort(MERGESORT.java:47)
	at java_programs.MERGESORT.mergesort(MERGESORT.java:47)
	at java_programs.MERGESORT.mergesort(MERGESORT.java:47)
	at java_programs.MERGESORT.mergesort(MERGESORT.java:47)
	at java_programs.MERGESORT.mergesort(MERGESORT.java:47)
	at java_programs.MERGESORT.mergesort(MERGESORT.java:47)
	at java_programs.MERGESORT.mergesort(MERGESORT.java:47)
	at java_programs.MERGESORT.mergesort(MERGESORT.java:47)
	at java_programs.MERGESORT.mergesort(MERGESORT.java:47)
	at java_programs.MERGESORT.mergesort(MERGESORT.java:47)
	at java_programs.MERGESORT.mergesort(MERGESORT.java:47)
	at java_programs.MERGESORT.mergesort(MERGESORT.java:47)
	at java_programs.MERGESORT.mergesort(MERGESORT.java:47)
	at java_programs.MERGESORT.mergesort(MERGESORT.java:47)
	at java_programs.MERGESORT.mergesort(MERGESORT.java:47)
	at java_programs.MERGESORT.mergesort(MERGESORT.java:47)
	at java_programs.MERGESORT.mergesort(MERGESORT.java:47)
	at java_programs.MERGESORT.mergesort(MERGESORT.java:47)
	at java_programs.MERGESORT.mergesort(MERGESORT.java:47)
	at java_programs.MERGESORT.mergesort(MERGESORT.java:47)
	at java_programs.MERGESORT.mergesort(MERGESORT.java:47)
	at java_programs.MERGESORT.mergesort(MERGESORT.java:47)
	at java_programs.MERGESORT.mergesort(MERGESORT.java:47)
	at java_programs.MERGESORT.mergesort(MERGESORT.java:47)
	at java_programs.MERGESORT.mergesort(MERGESORT.java:47)
	at java_programs.MERGESORT.mergesort(MERGESORT.java:47)
	at java_programs.MERGESORT.mergesort(MERGESORT.java:47)
	at java_programs.MERGESORT.mergesort(MERGESORT.java:47)
	at java_programs.MERGESORT.mergesort(MERGESORT.java:47)
	at java_programs.MERGESORT.mergesort(MERGESORT.java:47)
	at java_programs.MERGESORT.mergesort(MERGESORT.java:47)
	at java_programs.MERGESORT.mergesort(MERGESORT.java:47)
	at java_programs.MERGESORT.mergesort(MERGESORT.java:47)
	at java_programs.MERGESORT.mergesort(MERGESORT.java:47)
	at java_programs.MERGESORT.mergesort(MERGESORT.java:47)
	at java_programs.MERGESORT.mergesort(MERGESORT.java:47)
	at java_programs.MERGESORT.mergesort(MERGESORT.java:47)
	at java_programs.MERGESORT.mergesort(MERGESORT.java:47)
	at java_programs.MERGESORT.mergesort(MERGESORT.java:47)
	at java_programs.MERGESORT.mergesort(MERGESORT.java:47)
	at java_programs.MERGESORT.mergesort(MERGESORT.java:47)
	at java_programs.MERGESORT.mergesort(MERGESORT.java:47)
	at java_programs.MERGESORT.mergesort(MERGESORT.java:47)
	at java_programs.MERGESORT.mergesort(MERGESORT.java:47)
	at java_programs.MERGESORT.mergesort(MERGESORT.java:47)
	at java_programs.MERGESORT.mergesort(MERGESORT.java:47)
	at java_programs.MERGESORT.mergesort(MERGESORT.java:47)
	at java_programs.MERGESORT.mergesort(MERGESORT.java:47)
	at java_programs.MERGESORT.mergesort(MERGESORT.java:47)
	at java_programs.MERGESORT.mergesort(MERGESORT.java:47)
	at java_programs.MERGESORT.mergesort(MERGESORT.java:47)
	at java_programs.MERGESORT.mergesort(MERGESORT.java:47)
	at java_programs.MERGESORT.mergesort(MERGESORT.java:47)
	at java_programs.MERGESORT.mergesort(MERGESORT.java:47)
	at java_programs.MERGESORT.mergesort(MERGESORT.java:47)
	at java_programs.MERGESORT.mergesort(MERGESORT.java:47)
	at java_programs.MERGESORT.mergesort(MERGESORT.java:47)
	at java_programs.MERGESORT.mergesort(MERGESORT.java:47)
	at java_programs.MERGESORT.mergesort(MERGESORT.java:47)
	at java_programs.MERGESORT.mergesort(MERGESORT.java:47)
	at java_programs.MERGESORT.mergesort(MERGESORT.java:47)
	at java_programs.MERGESORT.mergesort(MERGESORT.java:47)
	at java_programs.MERGESORT.mergesort(MERGESORT.java:47)
	at java_programs.MERGESORT.mergesort(MERGESORT.java:47)
	at java_programs.MERGESORT.mergesort(MERGESORT.java:47)
	at java_programs.MERGESORT.mergesort(MERGESORT.java:47)
	at java_programs.MERGESORT.mergesort(MERGESORT.java:47)
	at java_programs.MERGESORT.mergesort(MERGESORT.java:47)
	at java_programs.MERGESORT.mergesort(MERGESORT.java:47)
	at java_programs.MERGESORT.mergesort(MERGESORT.java:47)
	at java_programs.MERGESORT.mergesort(MERGESORT.java:47)
	at java_programs.MERGESORT.mergesort(MERGESORT.java:47)
	at java_programs.MERGESORT.mergesort(MERGESORT.java:47)
	at java_programs.MERGESORT.mergesort(MERGESORT.java:47)
	at java_programs.MERGESORT.mergesort(MERGESORT.java:47)
	at java_programs.MERGESORT.mergesort(MERGESORT.java:47)
	at java_programs.MERGESORT.mergesort(MERGESORT.java:47)
	at java_programs.MERGESORT.mergesort(MERGESORT.java:47)
	at java_programs.MERGESORT.mergesort(MERGESORT.java:47)
	at java_programs.MERGESORT.mergesort(MERGESORT.java:47)
	at java_programs.MERGESORT.mergesort(MERGESORT.java:47)
	at java_programs.MERGESORT.mergesort(MERGESORT.java:47)
	at java_programs.MERGESORT.mergesort(MERGESORT.java:47)
	at java_programs.MERGESORT.mergesort(MERGESORT.java:47)
	at java_programs.MERGESORT.mergesort(MERGESORT.java:47)
	at java_programs.MERGESORT.mergesort(MERGESORT.java:47)
	at java_programs.MERGESORT.mergesort(MERGESORT.java:47)
	at java_programs.MERGESORT.mergesort(MERGESORT.java:47)
	at java_programs.MERGESORT.mergesort(MERGESORT.java:47)
	at java_programs.MERGESORT.mergesort(MERGESORT.java:47)
	at java_programs.MERGESORT.mergesort(MERGESORT.java:47)
	at java_programs.MERGESORT.mergesort(MERGESORT.java:47)
	at java_programs.MERGESORT.mergesort(MERGESORT.java:47)
	at java_programs.MERGESORT.mergesort(MERGESORT.java:47)
	at java_programs.MERGESORT.mergesort(MERGESORT.java:47)
	at java_programs.MERGESORT.mergesort(MERGESORT.java:47)
	at java_programs.MERGESORT.mergesort(MERGESORT.java:47)
	at java_programs.MERGESORT.mergesort(MERGESORT.java:47)
	at java_programs.MERGESORT.mergesort(MERGESORT.java:47)
	at java_programs.MERGESORT.mergesort(MERGESORT.java:47)
	at java_programs.MERGESORT.mergesort(MERGESORT.java:47)
	at java_programs.MERGESORT.mergesort(MERGESORT.java:47)
	at java_programs.MERGESORT.mergesort(MERGESORT.java:47)
	at java_programs.MERGESORT.mergesort(MERGESORT.java:47)
	at java_programs.MERGESORT.mergesort(MERGESORT.java:47)
	at java_programs.MERGESORT.mergesort(MERGESORT.java:47)
	at java_programs.MERGESORT.mergesort(MERGESORT.java:47)
	at java_programs.MERGESORT.mergesort(MERGESORT.java:47)
	at java_programs.MERGESORT.mergesort(MERGESORT.java:47)
	at java_programs.MERGESORT.mergesort(MERGESORT.java:47)
	at java_programs.MERGESORT.mergesort(MERGESORT.java:47)
	at java_programs.MERGESORT.mergesort(MERGESORT.java:47)
	at java_programs.MERGESORT.mergesort(MERGESORT.java:47)
	at java_programs.MERGESORT.mergesort(MERGESORT.java:47)
	at java_programs.MERGESORT.mergesort(MERGESORT.java:47)
	at java_programs.MERGESORT.mergesort(MERGESORT.java:47)
	at java_programs.MERGESORT.mergesort(MERGESORT.java:47)
	at java_programs.MERGESORT.mergesort(MERGESORT.java:47)
	at java_programs.MERGESORT.mergesort(MERGESORT.java:47)
	at java_programs.MERGESORT.mergesort(MERGESORT.java:47)
	at java_programs.MERGESORT.mergesort(MERGESORT.java:47)
	at java_programs.MERGESORT.mergesort(MERGESORT.java:47)
	at java_programs.MERGESORT.mergesort(MERGESORT.java:47)
	at java_programs.MERGESORT.mergesort(MERGESORT.java:47)
	at java_programs.MERGESORT.mergesort(MERGESORT.java:47)
	at java_programs.MERGESORT.mergesort(MERGESORT.java:47)
	at java_programs.MERGESORT.mergesort(MERGESORT.java:47)
	at java_programs.MERGESORT.mergesort(MERGESORT.java:47)
	at java_programs.MERGESORT.mergesort(MERGESORT.java:47)
	at java_programs.MERGESORT.mergesort(MERGESORT.java:47)
	at java_programs.MERGESORT.mergesort(MERGESORT.java:47)
	at java_programs.MERGESORT.mergesort(MERGESORT.java:47)
	at java_programs.MERGESORT.mergesort(MERGESORT.java:47)
	at java_programs.MERGESORT.mergesort(MERGESORT.java:47)
	at java_programs.MERGESORT.mergesort(MERGESORT.java:47)
	at java_programs.MERGESORT.mergesort(MERGESORT.java:47)
	at java_programs.MERGESORT.mergesort(MERGESORT.java:47)
	at java_programs.MERGESORT.mergesort(MERGESORT.java:47)
	at java_programs.MERGESORT.mergesort(MERGESORT.java:47)
	at java_programs.MERGESORT.mergesort(MERGESORT.java:47)
	at java_programs.MERGESORT.mergesort(MERGESORT.java:47)
	at java_programs.MERGESORT.mergesort(MERGESORT.java:47)
	at java_programs.MERGESORT.mergesort(MERGESORT.java:47)
	at java_programs.MERGESORT.mergesort(MERGESORT.java:47)
	at java_programs.MERGESORT.mergesort(MERGESORT.java:47)
	at java_programs.MERGESORT.mergesort(MERGESORT.java:47)
	at java_programs.MERGESORT.mergesort(MERGESORT.java:47)
	at java_programs.MERGESORT.mergesort(MERGESORT.java:47)
	at java_programs.MERGESORT.mergesort(MERGESORT.java:47)
	at java_programs.MERGESORT.mergesort(MERGESORT.java:47)
	at java_programs.MERGESORT.mergesort(MERGESORT.java:47)
	at java_programs.MERGESORT.mergesort(MERGESORT.java:47)
	at java_programs.MERGESORT.mergesort(MERGESORT.java:47)
	at java_programs.MERGESORT.mergesort(MERGESORT.java:47)
	at java_programs.MERGESORT.mergesort(MERGESORT.java:47)
	at java_programs.MERGESORT.mergesort(MERGESORT.java:47)
	at java_programs.MERGESORT.mergesort(MERGESORT.java:47)
	at java_programs.MERGESORT.mergesort(MERGESORT.java:47)
	at java_programs.MERGESORT.mergesort(MERGESORT.java:47)
	at java_programs.MERGESORT.mergesort(MERGESORT.java:47)
	at java_programs.MERGESORT.mergesort(MERGESORT.java:47)
	at java_programs.MERGESORT.mergesort(MERGESORT.java:47)
	at java_programs.MERGESORT.mergesort(MERGESORT.java:47)
	at java_programs.MERGESORT.mergesort(MERGESORT.java:47)
	at java_programs.MERGESORT.mergesort(MERGESORT.java:47)
	at java_programs.MERGESORT.mergesort(MERGESORT.java:47)
	at java_programs.MERGESORT.mergesort(MERGESORT.java:47)
	at java_programs.MERGESORT.mergesort(MERGESORT.java:47)
	at java_programs.MERGESORT.mergesort(MERGESORT.java:47)
	at java_programs.MERGESORT.mergesort(MERGESORT.java:47)
	at java_programs.MERGESORT.mergesort(MERGESORT.java:47)
	at java_programs.MERGESORT.mergesort(MERGESORT.java:47)
	at java_programs.MERGESORT.mergesort(MERGESORT.java:47)
	at java_programs.MERGESORT.mergesort(MERGESORT.java:47)
	at java_programs.MERGESORT.mergesort(MERGESORT.java:47)
	at java_programs.MERGESORT.mergesort(MERGESORT.java:47)
	at java_programs.MERGESORT.mergesort(MERGESORT.java:47)
	at java_programs.MERGESORT.mergesort(MERGESORT.java:47)
	at java_programs.MERGESORT.mergesort(MERGESORT.java:47)
	at java_programs.MERGESORT.mergesort(MERGESORT.java:47)
	at java_programs.MERGESORT.mergesort(MERGESORT.java:47)
	at java_programs.MERGESORT.mergesort(MERGESORT.java:47)
	at java_programs.MERGESORT.mergesort(MERGESORT.java:47)
	at java_programs.MERGESORT.mergesort(MERGESORT.java:47)
	at java_programs.MERGESORT.mergesort(MERGESORT.java:47)
	at java_programs.MERGESORT.mergesort(MERGESORT.java:47)
	at java_programs.MERGESORT.mergesort(MERGESORT.java:47)
	at java_programs.MERGESORT.mergesort(MERGESORT.java:47)
	at java_programs.MERGESORT.mergesort(MERGESORT.java:47)
	at java_programs.MERGESORT.mergesort(MERGESORT.java:47)
	at java_programs.MERGESORT.mergesort(MERGESORT.java:47)
	at java_programs.MERGESORT.mergesort(MERGESORT.java:47)
	at java_programs.MERGESORT.mergesort(MERGESORT.java:47)
	at java_programs.MERGESORT.mergesort(MERGESORT.java:47)
	at java_programs.MERGESORT.mergesort(MERGESORT.java:47)
	at java_programs.MERGESORT.mergesort(MERGESORT.java:47)
	at java_programs.MERGESORT.mergesort(MERGESORT.java:47)
	at java_programs.MERGESORT.mergesort(MERGESORT.java:47)
	at java_programs.MERGESORT.mergesort(MERGESORT.java:47)
	at java_programs.MERGESORT.mergesort(MERGESORT.java:47)
	at java_programs.MERGESORT.mergesort(MERGESORT.java:47)
	at java_programs.MERGESORT.mergesort(MERGESORT.java:47)
	at java_programs.MERGESORT.mergesort(MERGESORT.java:47)
	at java_programs.MERGESORT.mergesort(MERGESORT.java:47)
	at java_programs.MERGESORT.mergesort(MERGESORT.java:47)
	at java_programs.MERGESORT.mergesort(MERGESORT.java:47)
	at java_programs.MERGESORT.mergesort(MERGESORT.java:47)
	at java_programs.MERGESORT.mergesort(MERGESORT.java:47)
	at java_programs.MERGESORT.mergesort(MERGESORT.java:47)
	at java_programs.MERGESORT.mergesort(MERGESORT.java:47)
	at java_programs.MERGESORT.mergesort(MERGESORT.java:47)
	at java_programs.MERGESORT.mergesort(MERGESORT.java:47)
	at java_programs.MERGESORT.mergesort(MERGESORT.java:47)
	at java_programs.MERGESORT.mergesort(MERGESORT.java:47)
	at java_programs.MERGESORT.mergesort(MERGESORT.java:47)
	at java_programs.MERGESORT.mergesort(MERGESORT.java:47)
	at java_programs.MERGESORT.mergesort(MERGESORT.java:47)
	at java_programs.MERGESORT.mergesort(MERGESORT.java:47)
	at java_programs.MERGESORT.mergesort(MERGESORT.java:47)
	at java_programs.MERGESORT.mergesort(MERGESORT.java:47)
	at java_programs.MERGESORT.mergesort(MERGESORT.java:47)
	at java_programs.MERGESORT.mergesort(MERGESORT.java:47)
	at java_programs.MERGESORT.mergesort(MERGESORT.java:47)
	at java_programs.MERGESORT.mergesort(MERGESORT.java:47)
	at java_programs.MERGESORT.mergesort(MERGESORT.java:47)
	at java_programs.MERGESORT.mergesort(MERGESORT.java:47)
	at java_programs.MERGESORT.mergesort(MERGESORT.java:47)
	at java_programs.MERGESORT.mergesort(MERGESORT.java:47)
	at java_programs.MERGESORT.mergesort(MERGESORT.java:47)
	at java_programs.MERGESORT.mergesort(MERGESORT.java:47)
	at java_programs.MERGESORT.mergesort(MERGESORT.java:47)
	at java_programs.MERGESORT.mergesort(MERGESORT.java:47)
	at java_programs.MERGESORT.mergesort(MERGESORT.java:47)
	at java_programs.MERGESORT.mergesort(MERGESORT.java:47)
	at java_programs.MERGESORT.mergesort(MERGESORT.java:47)
	at java_programs.MERGESORT.mergesort(MERGESORT.java:47)
	at java_programs.MERGESORT.mergesort(MERGESORT.java:47)
	at java_programs.MERGESORT.mergesort(MERGESORT.java:47)
	at java_programs.MERGESORT.mergesort(MERGESORT.java:47)
	at java_programs.MERGESORT.mergesort(MERGESORT.java:47)
	at java_programs.MERGESORT.mergesort(MERGESORT.java:47)
	at java_programs.MERGESORT.mergesort(MERGESORT.java:47)
	at java_programs.MERGESORT.mergesort(MERGESORT.java:47)
	at java_programs.MERGESORT.mergesort(MERGESORT.java:47)
	at java_programs.MERGESORT.mergesort(MERGESORT.java:47)
	at java_programs.MERGESORT.mergesort(MERGESORT.java:47)
	at java_programs.MERGESORT.mergesort(MERGESORT.java:47)
	at java_programs.MERGESORT.mergesort(MERGESORT.java:47)
	at java_programs.MERGESORT.mergesort(MERGESORT.java:47)
	at java_programs.MERGESORT.mergesort(MERGESORT.java:47)
	at java_programs.MERGESORT.mergesort(MERGESORT.java:47)
	at java_programs.MERGESORT.mergesort(MERGESORT.java:47)
	at java_programs.MERGESORT.mergesort(MERGESORT.java:47)
	at java_programs.MERGESORT.mergesort(MERGESORT.java:47)
	at java_programs.MERGESORT.mergesort(MERGESORT.java:47)
	at java_programs.MERGESORT.mergesort(MERGESORT.java:47)
</failure>
  </testcase>
  <testcase name="test_8" classname="java_testcases.junit.MERGESORT_TEST" time="0.059">
    <failure message="java.lang.StackOverflowError" type="java.lang.StackOverflowError">java.lang.StackOverflowError
	at java.base/java.util.ArrayList.addAll(ArrayList.java:670)
	at java_programs.MERGESORT.mergesort(MERGESORT.java:43)
	at java_programs.MERGESORT.mergesort(MERGESORT.java:47)
	at java_programs.MERGESORT.mergesort(MERGESORT.java:47)
	at java_programs.MERGESORT.mergesort(MERGESORT.java:47)
	at java_programs.MERGESORT.mergesort(MERGESORT.java:47)
	at java_programs.MERGESORT.mergesort(MERGESORT.java:47)
	at java_programs.MERGESORT.mergesort(MERGESORT.java:47)
	at java_programs.MERGESORT.mergesort(MERGESORT.java:47)
	at java_programs.MERGESORT.mergesort(MERGESORT.java:47)
	at java_programs.MERGESORT.mergesort(MERGESORT.java:47)
	at java_programs.MERGESORT.mergesort(MERGESORT.java:47)
	at java_programs.MERGESORT.mergesort(MERGESORT.java:47)
	at java_programs.MERGESORT.mergesort(MERGESORT.java:47)
	at java_programs.MERGESORT.mergesort(MERGESORT.java:47)
	at java_programs.MERGESORT.mergesort(MERGESORT.java:47)
	at java_programs.MERGESORT.mergesort(MERGESORT.java:47)
	at java_programs.MERGESORT.mergesort(MERGESORT.java:47)
	at java_programs.MERGESORT.mergesort(MERGESORT.java:47)
	at java_programs.MERGESORT.mergesort(MERGESORT.java:47)
	at java_programs.MERGESORT.mergesort(MERGESORT.java:47)
	at java_programs.MERGESORT.mergesort(MERGESORT.java:47)
	at java_programs.MERGESORT.mergesort(MERGESORT.java:47)
	at java_programs.MERGESORT.mergesort(MERGESORT.java:47)
	at java_programs.MERGESORT.mergesort(MERGESORT.java:47)
	at java_programs.MERGESORT.mergesort(MERGESORT.java:47)
	at java_programs.MERGESORT.mergesort(MERGESORT.java:47)
	at java_programs.MERGESORT.mergesort(MERGESORT.java:47)
	at java_programs.MERGESORT.mergesort(MERGESORT.java:47)
	at java_programs.MERGESORT.mergesort(MERGESORT.java:47)
	at java_programs.MERGESORT.mergesort(MERGESORT.java:47)
	at java_programs.MERGESORT.mergesort(MERGESORT.java:47)
	at java_programs.MERGESORT.mergesort(MERGESORT.java:47)
	at java_programs.MERGESORT.mergesort(MERGESORT.java:47)
	at java_programs.MERGESORT.mergesort(MERGESORT.java:47)
	at java_programs.MERGESORT.mergesort(MERGESORT.java:47)
	at java_programs.MERGESORT.mergesort(MERGESORT.java:47)
	at java_programs.MERGESORT.mergesort(MERGESORT.java:47)
	at java_programs.MERGESORT.mergesort(MERGESORT.java:47)
	at java_programs.MERGESORT.mergesort(MERGESORT.java:47)
	at java_programs.MERGESORT.mergesort(MERGESORT.java:47)
	at java_programs.MERGESORT.mergesort(MERGESORT.java:47)
	at java_programs.MERGESORT.mergesort(MERGESORT.java:47)
	at java_programs.MERGESORT.mergesort(MERGESORT.java:47)
	at java_programs.MERGESORT.mergesort(MERGESORT.java:47)
	at java_programs.MERGESORT.mergesort(MERGESORT.java:47)
	at java_programs.MERGESORT.mergesort(MERGESORT.java:47)
	at java_programs.MERGESORT.mergesort(MERGESORT.java:47)
	at java_programs.MERGESORT.mergesort(MERGESORT.java:47)
	at java_programs.MERGESORT.mergesort(MERGESORT.java:47)
	at java_programs.MERGESORT.mergesort(MERGESORT.java:47)
	at java_programs.MERGESORT.mergesort(MERGESORT.java:47)
	at java_programs.MERGESORT.mergesort(MERGESORT.java:47)
	at java_programs.MERGESORT.mergesort(MERGESORT.java:47)
	at java_programs.MERGESORT.mergesort(MERGESORT.java:47)
	at java_programs.MERGESORT.mergesort(MERGESORT.java:47)
	at java_programs.MERGESORT.mergesort(MERGESORT.java:47)
	at java_programs.MERGESORT.mergesort(MERGESORT.java:47)
	at java_programs.MERGESORT.mergesort(MERGESORT.java:47)
	at java_programs.MERGESORT.mergesort(MERGESORT.java:47)
	at java_programs.MERGESORT.mergesort(MERGESORT.java:47)
	at java_programs.MERGESORT.mergesort(MERGESORT.java:47)
	at java_programs.MERGESORT.mergesort(MERGESORT.java:47)
	at java_programs.MERGESORT.mergesort(MERGESORT.java:47)
	at java_programs.MERGESORT.mergesort(MERGESORT.java:47)
	at java_programs.MERGESORT.mergesort(MERGESORT.java:47)
	at java_programs.MERGESORT.mergesort(MERGESORT.java:47)
	at java_programs.MERGESORT.mergesort(MERGESORT.java:47)
	at java_programs.MERGESORT.mergesort(MERGESORT.java:47)
	at java_programs.MERGESORT.mergesort(MERGESORT.java:47)
	at java_programs.MERGESORT.mergesort(MERGESORT.java:47)
	at java_programs.MERGESORT.mergesort(MERGESORT.java:47)
	at java_programs.MERGESORT.mergesort(MERGESORT.java:47)
	at java_programs.MERGESORT.mergesort(MERGESORT.java:47)
	at java_programs.MERGESORT.mergesort(MERGESORT.java:47)
	at java_programs.MERGESORT.mergesort(MERGESORT.java:47)
	at java_programs.MERGESORT.mergesort(MERGESORT.java:47)
	at java_programs.MERGESORT.mergesort(MERGESORT.java:47)
	at java_programs.MERGESORT.mergesort(MERGESORT.java:47)
	at java_programs.MERGESORT.mergesort(MERGESORT.java:47)
	at java_programs.MERGESORT.mergesort(MERGESORT.java:47)
	at java_programs.MERGESORT.mergesort(MERGESORT.java:47)
	at java_programs.MERGESORT.mergesort(MERGESORT.java:47)
	at java_programs.MERGESORT.mergesort(MERGESORT.java:47)
	at java_programs.MERGESORT.mergesort(MERGESORT.java:47)
	at java_programs.MERGESORT.mergesort(MERGESORT.java:47)
	at java_programs.MERGESORT.mergesort(MERGESORT.java:47)
	at java_programs.MERGESORT.mergesort(MERGESORT.java:47)
	at java_programs.MERGESORT.mergesort(MERGESORT.java:47)
	at java_programs.MERGESORT.mergesort(MERGESORT.java:47)
	at java_programs.MERGESORT.mergesort(MERGESORT.java:47)
	at java_programs.MERGESORT.mergesort(MERGESORT.java:47)
	at java_programs.MERGESORT.mergesort(MERGESORT.java:47)
	at java_programs.MERGESORT.mergesort(MERGESORT.java:47)
	at java_programs.MERGESORT.mergesort(MERGESORT.java:47)
	at java_programs.MERGESORT.mergesort(MERGESORT.java:47)
	at java_programs.MERGESORT.mergesort(MERGESORT.java:47)
	at java_programs.MERGESORT.mergesort(MERGESORT.java:47)
	at java_programs.MERGESORT.mergesort(MERGESORT.java:47)
	at java_programs.MERGESORT.mergesort(MERGESORT.java:47)
	at java_programs.MERGESORT.mergesort(MERGESORT.java:47)
	at java_programs.MERGESORT.mergesort(MERGESORT.java:47)
	at java_programs.MERGESORT.mergesort(MERGESORT.java:47)
	at java_programs.MERGESORT.mergesort(MERGESORT.java:47)
	at java_programs.MERGESORT.mergesort(MERGESORT.java:47)
	at java_programs.MERGESORT.mergesort(MERGESORT.java:47)
	at java_programs.MERGESORT.mergesort(MERGESORT.java:47)
	at java_programs.MERGESORT.mergesort(MERGESORT.java:47)
	at java_programs.MERGESORT.mergesort(MERGESORT.java:47)
	at java_programs.MERGESORT.mergesort(MERGESORT.java:47)
	at java_programs.MERGESORT.mergesort(MERGESORT.java:47)
	at java_programs.MERGESORT.mergesort(MERGESORT.java:47)
	at java_programs.MERGESORT.mergesort(MERGESORT.java:47)
	at java_programs.MERGESORT.mergesort(MERGESORT.java:47)
	at java_programs.MERGESORT.mergesort(MERGESORT.java:47)
	at java_programs.MERGESORT.mergesort(MERGESORT.java:47)
	at java_programs.MERGESORT.mergesort(MERGESORT.java:47)
	at java_programs.MERGESORT.mergesort(MERGESORT.java:47)
	at java_programs.MERGESORT.mergesort(MERGESORT.java:47)
	at java_programs.MERGESORT.mergesort(MERGESORT.java:47)
	at java_programs.MERGESORT.mergesort(MERGESORT.java:47)
	at java_programs.MERGESORT.mergesort(MERGESORT.java:47)
	at java_programs.MERGESORT.mergesort(MERGESORT.java:47)
	at java_programs.MERGESORT.mergesort(MERGESORT.java:47)
	at java_programs.MERGESORT.mergesort(MERGESORT.java:47)
	at java_programs.MERGESORT.mergesort(MERGESORT.java:47)
	at java_programs.MERGESORT.mergesort(MERGESORT.java:47)
	at java_programs.MERGESORT.mergesort(MERGESORT.java:47)
	at java_programs.MERGESORT.mergesort(MERGESORT.java:47)
	at java_programs.MERGESORT.mergesort(MERGESORT.java:47)
	at java_programs.MERGESORT.mergesort(MERGESORT.java:47)
	at java_programs.MERGESORT.mergesort(MERGESORT.java:47)
	at java_programs.MERGESORT.mergesort(MERGESORT.java:47)
	at java_programs.MERGESORT.mergesort(MERGESORT.java:47)
	at java_programs.MERGESORT.mergesort(MERGESORT.java:47)
	at java_programs.MERGESORT.mergesort(MERGESORT.java:47)
	at java_programs.MERGESORT.mergesort(MERGESORT.java:47)
	at java_programs.MERGESORT.mergesort(MERGESORT.java:47)
	at java_programs.MERGESORT.mergesort(MERGESORT.java:47)
	at java_programs.MERGESORT.mergesort(MERGESORT.java:47)
	at java_programs.MERGESORT.mergesort(MERGESORT.java:47)
	at java_programs.MERGESORT.mergesort(MERGESORT.java:47)
	at java_programs.MERGESORT.mergesort(MERGESORT.java:47)
	at java_programs.MERGESORT.mergesort(MERGESORT.java:47)
	at java_programs.MERGESORT.mergesort(MERGESORT.java:47)
	at java_programs.MERGESORT.mergesort(MERGESORT.java:47)
	at java_programs.MERGESORT.mergesort(MERGESORT.java:47)
	at java_programs.MERGESORT.mergesort(MERGESORT.java:47)
	at java_programs.MERGESORT.mergesort(MERGESORT.java:47)
	at java_programs.MERGESORT.mergesort(MERGESORT.java:47)
	at java_programs.MERGESORT.mergesort(MERGESORT.java:47)
	at java_programs.MERGESORT.mergesort(MERGESORT.java:47)
	at java_programs.MERGESORT.mergesort(MERGESORT.java:47)
	at java_programs.MERGESORT.mergesort(MERGESORT.java:47)
	at java_programs.MERGESORT.mergesort(MERGESORT.java:47)
	at java_programs.MERGESORT.mergesort(MERGESORT.java:47)
	at java_programs.MERGESORT.mergesort(MERGESORT.java:47)
	at java_programs.MERGESORT.mergesort(MERGESORT.java:47)
	at java_programs.MERGESORT.mergesort(MERGESORT.java:47)
	at java_programs.MERGESORT.mergesort(MERGESORT.java:47)
	at java_programs.MERGESORT.mergesort(MERGESORT.java:47)
	at java_programs.MERGESORT.mergesort(MERGESORT.java:47)
	at java_programs.MERGESORT.mergesort(MERGESORT.java:47)
	at java_programs.MERGESORT.mergesort(MERGESORT.java:47)
	at java_programs.MERGESORT.mergesort(MERGESORT.java:47)
	at java_programs.MERGESORT.mergesort(MERGESORT.java:47)
	at java_programs.MERGESORT.mergesort(MERGESORT.java:47)
	at java_programs.MERGESORT.mergesort(MERGESORT.java:47)
	at java_programs.MERGESORT.mergesort(MERGESORT.java:47)
	at java_programs.MERGESORT.mergesort(MERGESORT.java:47)
	at java_programs.MERGESORT.mergesort(MERGESORT.java:47)
	at java_programs.MERGESORT.mergesort(MERGESORT.java:47)
	at java_programs.MERGESORT.mergesort(MERGESORT.java:47)
	at java_programs.MERGESORT.mergesort(MERGESORT.java:47)
	at java_programs.MERGESORT.mergesort(MERGESORT.java:47)
	at java_programs.MERGESORT.mergesort(MERGESORT.java:47)
	at java_programs.MERGESORT.mergesort(MERGESORT.java:47)
	at java_programs.MERGESORT.mergesort(MERGESORT.java:47)
	at java_programs.MERGESORT.mergesort(MERGESORT.java:47)
	at java_programs.MERGESORT.mergesort(MERGESORT.java:47)
	at java_programs.MERGESORT.mergesort(MERGESORT.java:47)
	at java_programs.MERGESORT.mergesort(MERGESORT.java:47)
	at java_programs.MERGESORT.mergesort(MERGESORT.java:47)
	at java_programs.MERGESORT.mergesort(MERGESORT.java:47)
	at java_programs.MERGESORT.mergesort(MERGESORT.java:47)
	at java_programs.MERGESORT.mergesort(MERGESORT.java:47)
	at java_programs.MERGESORT.mergesort(MERGESORT.java:47)
	at java_programs.MERGESORT.mergesort(MERGESORT.java:47)
	at java_programs.MERGESORT.mergesort(MERGESORT.java:47)
	at java_programs.MERGESORT.mergesort(MERGESORT.java:47)
	at java_programs.MERGESORT.mergesort(MERGESORT.java:47)
	at java_programs.MERGESORT.mergesort(MERGESORT.java:47)
	at java_programs.MERGESORT.mergesort(MERGESORT.java:47)
	at java_programs.MERGESORT.mergesort(MERGESORT.java:47)
	at java_programs.MERGESORT.mergesort(MERGESORT.java:47)
	at java_programs.MERGESORT.mergesort(MERGESORT.java:47)
	at java_programs.MERGESORT.mergesort(MERGESORT.java:47)
	at java_programs.MERGESORT.mergesort(MERGESORT.java:47)
	at java_programs.MERGESORT.mergesort(MERGESORT.java:47)
	at java_programs.MERGESORT.mergesort(MERGESORT.java:47)
	at java_programs.MERGESORT.mergesort(MERGESORT.java:47)
	at java_programs.MERGESORT.mergesort(MERGESORT.java:47)
	at java_programs.MERGESORT.mergesort(MERGESORT.java:47)
	at java_programs.MERGESORT.mergesort(MERGESORT.java:47)
	at java_programs.MERGESORT.mergesort(MERGESORT.java:47)
	at java_programs.MERGESORT.mergesort(MERGESORT.java:47)
	at java_programs.MERGESORT.mergesort(MERGESORT.java:47)
	at java_programs.MERGESORT.mergesort(MERGESORT.java:47)
	at java_programs.MERGESORT.mergesort(MERGESORT.java:47)
	at java_programs.MERGESORT.mergesort(MERGESORT.java:47)
	at java_programs.MERGESORT.mergesort(MERGESORT.java:47)
	at java_programs.MERGESORT.mergesort(MERGESORT.java:47)
	at java_programs.MERGESORT.mergesort(MERGESORT.java:47)
	at java_programs.MERGESORT.mergesort(MERGESORT.java:47)
	at java_programs.MERGESORT.mergesort(MERGESORT.java:47)
	at java_programs.MERGESORT.mergesort(MERGESORT.java:47)
	at java_programs.MERGESORT.mergesort(MERGESORT.java:47)
	at java_programs.MERGESORT.mergesort(MERGESORT.java:47)
	at java_programs.MERGESORT.mergesort(MERGESORT.java:47)
	at java_programs.MERGESORT.mergesort(MERGESORT.java:47)
	at java_programs.MERGESORT.mergesort(MERGESORT.java:47)
	at java_programs.MERGESORT.mergesort(MERGESORT.java:47)
	at java_programs.MERGESORT.mergesort(MERGESORT.java:47)
	at java_programs.MERGESORT.mergesort(MERGESORT.java:47)
	at java_programs.MERGESORT.mergesort(MERGESORT.java:47)
	at java_programs.MERGESORT.mergesort(MERGESORT.java:47)
	at java_programs.MERGESORT.mergesort(MERGESORT.java:47)
	at java_programs.MERGESORT.mergesort(MERGESORT.java:47)
	at java_programs.MERGESORT.mergesort(MERGESORT.java:47)
	at java_programs.MERGESORT.mergesort(MERGESORT.java:47)
	at java_programs.MERGESORT.mergesort(MERGESORT.java:47)
	at java_programs.MERGESORT.mergesort(MERGESORT.java:47)
	at java_programs.MERGESORT.mergesort(MERGESORT.java:47)
	at java_programs.MERGESORT.mergesort(MERGESORT.java:47)
	at java_programs.MERGESORT.mergesort(MERGESORT.java:47)
	at java_programs.MERGESORT.mergesort(MERGESORT.java:47)
	at java_programs.MERGESORT.mergesort(MERGESORT.java:47)
	at java_programs.MERGESORT.mergesort(MERGESORT.java:47)
	at java_programs.MERGESORT.mergesort(MERGESORT.java:47)
	at java_programs.MERGESORT.mergesort(MERGESORT.java:47)
	at java_programs.MERGESORT.mergesort(MERGESORT.java:47)
	at java_programs.MERGESORT.mergesort(MERGESORT.java:47)
	at java_programs.MERGESORT.mergesort(MERGESORT.java:47)
	at java_programs.MERGESORT.mergesort(MERGESORT.java:47)
	at java_programs.MERGESORT.mergesort(MERGESORT.java:47)
	at java_programs.MERGESORT.mergesort(MERGESORT.java:47)
	at java_programs.MERGESORT.mergesort(MERGESORT.java:47)
	at java_programs.MERGESORT.mergesort(MERGESORT.java:47)
	at java_programs.MERGESORT.mergesort(MERGESORT.java:47)
	at java_programs.MERGESORT.mergesort(MERGESORT.java:47)
	at java_programs.MERGESORT.mergesort(MERGESORT.java:47)
	at java_programs.MERGESORT.mergesort(MERGESORT.java:47)
	at java_programs.MERGESORT.mergesort(MERGESORT.java:47)
	at java_programs.MERGESORT.mergesort(MERGESORT.java:47)
	at java_programs.MERGESORT.mergesort(MERGESORT.java:47)
	at java_programs.MERGESORT.mergesort(MERGESORT.java:47)
	at java_programs.MERGESORT.mergesort(MERGESORT.java:47)
	at java_programs.MERGESORT.mergesort(MERGESORT.java:47)
	at java_programs.MERGESORT.mergesort(MERGESORT.java:47)
	at java_programs.MERGESORT.mergesort(MERGESORT.java:47)
	at java_programs.MERGESORT.mergesort(MERGESORT.java:47)
	at java_programs.MERGESORT.mergesort(MERGESORT.java:47)
	at java_programs.MERGESORT.mergesort(MERGESORT.java:47)
	at java_programs.MERGESORT.mergesort(MERGESORT.java:47)
	at java_programs.MERGESORT.mergesort(MERGESORT.java:47)
	at java_programs.MERGESORT.mergesort(MERGESORT.java:47)
	at java_programs.MERGESORT.mergesort(MERGESORT.java:47)
	at java_programs.MERGESORT.mergesort(MERGESORT.java:47)
	at java_programs.MERGESORT.mergesort(MERGESORT.java:47)
	at java_programs.MERGESORT.mergesort(MERGESORT.java:47)
	at java_programs.MERGESORT.mergesort(MERGESORT.java:47)
	at java_programs.MERGESORT.mergesort(MERGESORT.java:47)
	at java_programs.MERGESORT.mergesort(MERGESORT.java:47)
	at java_programs.MERGESORT.mergesort(MERGESORT.java:47)
	at java_programs.MERGESORT.mergesort(MERGESORT.java:47)
	at java_programs.MERGESORT.mergesort(MERGESORT.java:47)
	at java_programs.MERGESORT.mergesort(MERGESORT.java:47)
	at java_programs.MERGESORT.mergesort(MERGESORT.java:47)
	at java_programs.MERGESORT.mergesort(MERGESORT.java:47)
	at java_programs.MERGESORT.mergesort(MERGESORT.java:47)
	at java_programs.MERGESORT.mergesort(MERGESORT.java:47)
	at java_programs.MERGESORT.mergesort(MERGESORT.java:47)
	at java_programs.MERGESORT.mergesort(MERGESORT.java:47)
	at java_programs.MERGESORT.mergesort(MERGESORT.java:47)
	at java_programs.MERGESORT.mergesort(MERGESORT.java:47)
	at java_programs.MERGESORT.mergesort(MERGESORT.java:47)
	at java_programs.MERGESORT.mergesort(MERGESORT.java:47)
	at java_programs.MERGESORT.mergesort(MERGESORT.java:47)
	at java_programs.MERGESORT.mergesort(MERGESORT.java:47)
	at java_programs.MERGESORT.mergesort(MERGESORT.java:47)
	at java_programs.MERGESORT.mergesort(MERGESORT.java:47)
	at java_programs.MERGESORT.mergesort(MERGESORT.java:47)
	at java_programs.MERGESORT.mergesort(MERGESORT.java:47)
	at java_programs.MERGESORT.mergesort(MERGESORT.java:47)
	at java_programs.MERGESORT.mergesort(MERGESORT.java:47)
	at java_programs.MERGESORT.mergesort(MERGESORT.java:47)
	at java_programs.MERGESORT.mergesort(MERGESORT.java:47)
	at java_programs.MERGESORT.mergesort(MERGESORT.java:47)
	at java_programs.MERGESORT.mergesort(MERGESORT.java:47)
	at java_programs.MERGESORT.mergesort(MERGESORT.java:47)
	at java_programs.MERGESORT.mergesort(MERGESORT.java:47)
	at java_programs.MERGESORT.mergesort(MERGESORT.java:47)
	at java_programs.MERGESORT.mergesort(MERGESORT.java:47)
	at java_programs.MERGESORT.mergesort(MERGESORT.java:47)
	at java_programs.MERGESORT.mergesort(MERGESORT.java:47)
	at java_programs.MERGESORT.mergesort(MERGESORT.java:47)
	at java_programs.MERGESORT.mergesort(MERGESORT.java:47)
	at java_programs.MERGESORT.mergesort(MERGESORT.java:47)
	at java_programs.MERGESORT.mergesort(MERGESORT.java:47)
	at java_programs.MERGESORT.mergesort(MERGESORT.java:47)
	at java_programs.MERGESORT.mergesort(MERGESORT.java:47)
	at java_programs.MERGESORT.mergesort(MERGESORT.java:47)
	at java_programs.MERGESORT.mergesort(MERGESORT.java:47)
	at java_programs.MERGESORT.mergesort(MERGESORT.java:47)
	at java_programs.MERGESORT.mergesort(MERGESORT.java:47)
	at java_programs.MERGESORT.mergesort(MERGESORT.java:47)
	at java_programs.MERGESORT.mergesort(MERGESORT.java:47)
	at java_programs.MERGESORT.mergesort(MERGESORT.java:47)
	at java_programs.MERGESORT.mergesort(MERGESORT.java:47)
	at java_programs.MERGESORT.mergesort(MERGESORT.java:47)
	at java_programs.MERGESORT.mergesort(MERGESORT.java:47)
	at java_programs.MERGESORT.mergesort(MERGESORT.java:47)
	at java_programs.MERGESORT.mergesort(MERGESORT.java:47)
	at java_programs.MERGESORT.mergesort(MERGESORT.java:47)
	at java_programs.MERGESORT.mergesort(MERGESORT.java:47)
	at java_programs.MERGESORT.mergesort(MERGESORT.java:47)
	at java_programs.MERGESORT.mergesort(MERGESORT.java:47)
	at java_programs.MERGESORT.mergesort(MERGESORT.java:47)
	at java_programs.MERGESORT.mergesort(MERGESORT.java:47)
	at java_programs.MERGESORT.mergesort(MERGESORT.java:47)
	at java_programs.MERGESORT.mergesort(MERGESORT.java:47)
	at java_programs.MERGESORT.mergesort(MERGESORT.java:47)
	at java_programs.MERGESORT.mergesort(MERGESORT.java:47)
	at java_programs.MERGESORT.mergesort(MERGESORT.java:47)
	at java_programs.MERGESORT.mergesort(MERGESORT.java:47)
	at java_programs.MERGESORT.mergesort(MERGESORT.java:47)
	at java_programs.MERGESORT.mergesort(MERGESORT.java:47)
	at java_programs.MERGESORT.mergesort(MERGESORT.java:47)
	at java_programs.MERGESORT.mergesort(MERGESORT.java:47)
	at java_programs.MERGESORT.mergesort(MERGESORT.java:47)
	at java_programs.MERGESORT.mergesort(MERGESORT.java:47)
	at java_programs.MERGESORT.mergesort(MERGESORT.java:47)
	at java_programs.MERGESORT.mergesort(MERGESORT.java:47)
	at java_programs.MERGESORT.mergesort(MERGESORT.java:47)
	at java_programs.MERGESORT.mergesort(MERGESORT.java:47)
	at java_programs.MERGESORT.mergesort(MERGESORT.java:47)
	at java_programs.MERGESORT.mergesort(MERGESORT.java:47)
	at java_programs.MERGESORT.mergesort(MERGESORT.java:47)
	at java_programs.MERGESORT.mergesort(MERGESORT.java:47)
	at java_programs.MERGESORT.mergesort(MERGESORT.java:47)
	at java_programs.MERGESORT.mergesort(MERGESORT.java:47)
	at java_programs.MERGESORT.mergesort(MERGESORT.java:47)
	at java_programs.MERGESORT.mergesort(MERGESORT.java:47)
	at java_programs.MERGESORT.mergesort(MERGESORT.java:47)
	at java_programs.MERGESORT.mergesort(MERGESORT.java:47)
	at java_programs.MERGESORT.mergesort(MERGESORT.java:47)
	at java_programs.MERGESORT.mergesort(MERGESORT.java:47)
	at java_programs.MERGESORT.mergesort(MERGESORT.java:47)
	at java_programs.MERGESORT.mergesort(MERGESORT.java:47)
	at java_programs.MERGESORT.mergesort(MERGESORT.java:47)
	at java_programs.MERGESORT.mergesort(MERGESORT.java:47)
	at java_programs.MERGESORT.mergesort(MERGESORT.java:47)
	at java_programs.MERGESORT.mergesort(MERGESORT.java:47)
	at java_programs.MERGESORT.mergesort(MERGESORT.java:47)
	at java_programs.MERGESORT.mergesort(MERGESORT.java:47)
	at java_programs.MERGESORT.mergesort(MERGESORT.java:47)
	at java_programs.MERGESORT.mergesort(MERGESORT.java:47)
	at java_programs.MERGESORT.mergesort(MERGESORT.java:47)
	at java_programs.MERGESORT.mergesort(MERGESORT.java:47)
	at java_programs.MERGESORT.mergesort(MERGESORT.java:47)
	at java_programs.MERGESORT.mergesort(MERGESORT.java:47)
	at java_programs.MERGESORT.mergesort(MERGESORT.java:47)
	at java_programs.MERGESORT.mergesort(MERGESORT.java:47)
	at java_programs.MERGESORT.mergesort(MERGESORT.java:47)
	at java_programs.MERGESORT.mergesort(MERGESORT.java:47)
	at java_programs.MERGESORT.mergesort(MERGESORT.java:47)
	at java_programs.MERGESORT.mergesort(MERGESORT.java:47)
	at java_programs.MERGESORT.mergesort(MERGESORT.java:47)
	at java_programs.MERGESORT.mergesort(MERGESORT.java:47)
	at java_programs.MERGESORT.mergesort(MERGESORT.java:47)
	at java_programs.MERGESORT.mergesort(MERGESORT.java:47)
	at java_programs.MERGESORT.mergesort(MERGESORT.java:47)
	at java_programs.MERGESORT.mergesort(MERGESORT.java:47)
	at java_programs.MERGESORT.mergesort(MERGESORT.java:47)
	at java_programs.MERGESORT.mergesort(MERGESORT.java:47)
	at java_programs.MERGESORT.mergesort(MERGESORT.java:47)
	at java_programs.MERGESORT.mergesort(MERGESORT.java:47)
	at java_programs.MERGESORT.mergesort(MERGESORT.java:47)
	at java_programs.MERGESORT.mergesort(MERGESORT.java:47)
	at java_programs.MERGESORT.mergesort(MERGESORT.java:47)
	at java_programs.MERGESORT.mergesort(MERGESORT.java:47)
	at java_programs.MERGESORT.mergesort(MERGESORT.java:47)
	at java_programs.MERGESORT.mergesort(MERGESORT.java:47)
	at java_programs.MERGESORT.mergesort(MERGESORT.java:47)
	at java_programs.MERGESORT.mergesort(MERGESORT.java:47)
	at java_programs.MERGESORT.mergesort(MERGESORT.java:47)
	at java_programs.MERGESORT.mergesort(MERGESORT.java:47)
	at java_programs.MERGESORT.mergesort(MERGESORT.java:47)
	at java_programs.MERGESORT.mergesort(MERGESORT.java:47)
	at java_programs.MERGESORT.mergesort(MERGESORT.java:47)
	at java_programs.MERGESORT.mergesort(MERGESORT.java:47)
	at java_programs.MERGESORT.mergesort(MERGESORT.java:47)
	at java_programs.MERGESORT.mergesort(MERGESORT.java:47)
	at java_programs.MERGESORT.mergesort(MERGESORT.java:47)
	at java_programs.MERGESORT.mergesort(MERGESORT.java:47)
	at java_programs.MERGESORT.mergesort(MERGESORT.java:47)
	at java_programs.MERGESORT.mergesort(MERGESORT.java:47)
	at java_programs.MERGESORT.mergesort(MERGESORT.java:47)
	at java_programs.MERGESORT.mergesort(MERGESORT.java:47)
	at java_programs.MERGESORT.mergesort(MERGESORT.java:47)
	at java_programs.MERGESORT.mergesort(MERGESORT.java:47)
	at java_programs.MERGESORT.mergesort(MERGESORT.java:47)
	at java_programs.MERGESORT.mergesort(MERGESORT.java:47)
	at java_programs.MERGESORT.mergesort(MERGESORT.java:47)
	at java_programs.MERGESORT.mergesort(MERGESORT.java:47)
	at java_programs.MERGESORT.mergesort(MERGESORT.java:47)
	at java_programs.MERGESORT.mergesort(MERGESORT.java:47)
	at java_programs.MERGESORT.mergesort(MERGESORT.java:47)
	at java_programs.MERGESORT.mergesort(MERGESORT.java:47)
	at java_programs.MERGESORT.mergesort(MERGESORT.java:47)
	at java_programs.MERGESORT.mergesort(MERGESORT.java:47)
	at java_programs.MERGESORT.mergesort(MERGESORT.java:47)
	at java_programs.MERGESORT.mergesort(MERGESORT.java:47)
	at java_programs.MERGESORT.mergesort(MERGESORT.java:47)
	at java_programs.MERGESORT.mergesort(MERGESORT.java:47)
	at java_programs.MERGESORT.mergesort(MERGESORT.java:47)
	at java_programs.MERGESORT.mergesort(MERGESORT.java:47)
	at java_programs.MERGESORT.mergesort(MERGESORT.java:47)
	at java_programs.MERGESORT.mergesort(MERGESORT.java:47)
	at java_programs.MERGESORT.mergesort(MERGESORT.java:47)
	at java_programs.MERGESORT.mergesort(MERGESORT.java:47)
	at java_programs.MERGESORT.mergesort(MERGESORT.java:47)
	at java_programs.MERGESORT.mergesort(MERGESORT.java:47)
	at java_programs.MERGESORT.mergesort(MERGESORT.java:47)
	at java_programs.MERGESORT.mergesort(MERGESORT.java:47)
	at java_programs.MERGESORT.mergesort(MERGESORT.java:47)
	at java_programs.MERGESORT.mergesort(MERGESORT.java:47)
	at java_programs.MERGESORT.mergesort(MERGESORT.java:47)
	at java_programs.MERGESORT.mergesort(MERGESORT.java:47)
	at java_programs.MERGESORT.mergesort(MERGESORT.java:47)
	at java_programs.MERGESORT.mergesort(MERGESORT.java:47)
	at java_programs.MERGESORT.mergesort(MERGESORT.java:47)
	at java_programs.MERGESORT.mergesort(MERGESORT.java:47)
	at java_programs.MERGESORT.mergesort(MERGESORT.java:47)
	at java_programs.MERGESORT.mergesort(MERGESORT.java:47)
	at java_programs.MERGESORT.mergesort(MERGESORT.java:47)
	at java_programs.MERGESORT.mergesort(MERGESORT.java:47)
	at java_programs.MERGESORT.mergesort(MERGESORT.java:47)
	at java_programs.MERGESORT.mergesort(MERGESORT.java:47)
	at java_programs.MERGESORT.mergesort(MERGESORT.java:47)
	at java_programs.MERGESORT.mergesort(MERGESORT.java:47)
	at java_programs.MERGESORT.mergesort(MERGESORT.java:47)
	at java_programs.MERGESORT.mergesort(MERGESORT.java:47)
	at java_programs.MERGESORT.mergesort(MERGESORT.java:47)
	at java_programs.MERGESORT.mergesort(MERGESORT.java:47)
	at java_programs.MERGESORT.mergesort(MERGESORT.java:47)
	at java_programs.MERGESORT.mergesort(MERGESORT.java:47)
	at java_programs.MERGESORT.mergesort(MERGESORT.java:47)
	at java_programs.MERGESORT.mergesort(MERGESORT.java:47)
	at java_programs.MERGESORT.mergesort(MERGESORT.java:47)
	at java_programs.MERGESORT.mergesort(MERGESORT.java:47)
	at java_programs.MERGESORT.mergesort(MERGESORT.java:47)
	at java_programs.MERGESORT.mergesort(MERGESORT.java:47)
	at java_programs.MERGESORT.mergesort(MERGESORT.java:47)
	at java_programs.MERGESORT.mergesort(MERGESORT.java:47)
	at java_programs.MERGESORT.mergesort(MERGESORT.java:47)
	at java_programs.MERGESORT.mergesort(MERGESORT.java:47)
	at java_programs.MERGESORT.mergesort(MERGESORT.java:47)
	at java_programs.MERGESORT.mergesort(MERGESORT.java:47)
	at java_programs.MERGESORT.mergesort(MERGESORT.java:47)
	at java_programs.MERGESORT.mergesort(MERGESORT.java:47)
	at java_programs.MERGESORT.mergesort(MERGESORT.java:47)
	at java_programs.MERGESORT.mergesort(MERGESORT.java:47)
	at java_programs.MERGESORT.mergesort(MERGESORT.java:47)
	at java_programs.MERGESORT.mergesort(MERGESORT.java:47)
	at java_programs.MERGESORT.mergesort(MERGESORT.java:47)
	at java_programs.MERGESORT.mergesort(MERGESORT.java:47)
	at java_programs.MERGESORT.mergesort(MERGESORT.java:47)
	at java_programs.MERGESORT.mergesort(MERGESORT.java:47)
	at java_programs.MERGESORT.mergesort(MERGESORT.java:47)
	at java_programs.MERGESORT.mergesort(MERGESORT.java:47)
	at java_programs.MERGESORT.mergesort(MERGESORT.java:47)
	at java_programs.MERGESORT.mergesort(MERGESORT.java:47)
	at java_programs.MERGESORT.mergesort(MERGESORT.java:47)
	at java_programs.MERGESORT.mergesort(MERGESORT.java:47)
	at java_programs.MERGESORT.mergesort(MERGESORT.java:47)
	at java_programs.MERGESORT.mergesort(MERGESORT.java:47)
	at java_programs.MERGESORT.mergesort(MERGESORT.java:47)
	at java_programs.MERGESORT.mergesort(MERGESORT.java:47)
	at java_programs.MERGESORT.mergesort(MERGESORT.java:47)
	at java_programs.MERGESORT.mergesort(MERGESORT.java:47)
	at java_programs.MERGESORT.mergesort(MERGESORT.java:47)
	at java_programs.MERGESORT.mergesort(MERGESORT.java:47)
	at java_programs.MERGESORT.mergesort(MERGESORT.java:47)
	at java_programs.MERGESORT.mergesort(MERGESORT.java:47)
	at java_programs.MERGESORT.mergesort(MERGESORT.java:47)
	at java_programs.MERGESORT.mergesort(MERGESORT.java:47)
	at java_programs.MERGESORT.mergesort(MERGESORT.java:47)
	at java_programs.MERGESORT.mergesort(MERGESORT.java:47)
	at java_programs.MERGESORT.mergesort(MERGESORT.java:47)
	at java_programs.MERGESORT.mergesort(MERGESORT.java:47)
	at java_programs.MERGESORT.mergesort(MERGESORT.java:47)
	at java_programs.MERGESORT.mergesort(MERGESORT.java:47)
	at java_programs.MERGESORT.mergesort(MERGESORT.java:47)
	at java_programs.MERGESORT.mergesort(MERGESORT.java:47)
	at java_programs.MERGESORT.mergesort(MERGESORT.java:47)
	at java_programs.MERGESORT.mergesort(MERGESORT.java:47)
	at java_programs.MERGESORT.mergesort(MERGESORT.java:47)
	at java_programs.MERGESORT.mergesort(MERGESORT.java:47)
	at java_programs.MERGESORT.mergesort(MERGESORT.java:47)
	at java_programs.MERGESORT.mergesort(MERGESORT.java:47)
	at java_programs.MERGESORT.mergesort(MERGESORT.java:47)
	at java_programs.MERGESORT.mergesort(MERGESORT.java:47)
	at java_programs.MERGESORT.mergesort(MERGESORT.java:47)
	at java_programs.MERGESORT.mergesort(MERGESORT.java:47)
	at java_programs.MERGESORT.mergesort(MERGESORT.java:47)
	at java_programs.MERGESORT.mergesort(MERGESORT.java:47)
	at java_programs.MERGESORT.mergesort(MERGESORT.java:47)
	at java_programs.MERGESORT.mergesort(MERGESORT.java:47)
	at java_programs.MERGESORT.mergesort(MERGESORT.java:47)
	at java_programs.MERGESORT.mergesort(MERGESORT.java:47)
	at java_programs.MERGESORT.mergesort(MERGESORT.java:47)
	at java_programs.MERGESORT.mergesort(MERGESORT.java:47)
	at java_programs.MERGESORT.mergesort(MERGESORT.java:47)
	at java_programs.MERGESORT.mergesort(MERGESORT.java:47)
	at java_programs.MERGESORT.mergesort(MERGESORT.java:47)
	at java_programs.MERGESORT.mergesort(MERGESORT.java:47)
	at java_programs.MERGESORT.mergesort(MERGESORT.java:47)
	at java_programs.MERGESORT.mergesort(MERGESORT.java:47)
	at java_programs.MERGESORT.mergesort(MERGESORT.java:47)
	at java_programs.MERGESORT.mergesort(MERGESORT.java:47)
	at java_programs.MERGESORT.mergesort(MERGESORT.java:47)
	at java_programs.MERGESORT.mergesort(MERGESORT.java:47)
	at java_programs.MERGESORT.mergesort(MERGESORT.java:47)
	at java_programs.MERGESORT.mergesort(MERGESORT.java:47)
	at java_programs.MERGESORT.mergesort(MERGESORT.java:47)
	at java_programs.MERGESORT.mergesort(MERGESORT.java:47)
	at java_programs.MERGESORT.mergesort(MERGESORT.java:47)
	at java_programs.MERGESORT.mergesort(MERGESORT.java:47)
	at java_programs.MERGESORT.mergesort(MERGESORT.java:47)
	at java_programs.MERGESORT.mergesort(MERGESORT.java:47)
	at java_programs.MERGESORT.mergesort(MERGESORT.java:47)
	at java_programs.MERGESORT.mergesort(MERGESORT.java:47)
	at java_programs.MERGESORT.mergesort(MERGESORT.java:47)
	at java_programs.MERGESORT.mergesort(MERGESORT.java:47)
	at java_programs.MERGESORT.mergesort(MERGESORT.java:47)
	at java_programs.MERGESORT.mergesort(MERGESORT.java:47)
	at java_programs.MERGESORT.mergesort(MERGESORT.java:47)
	at java_programs.MERGESORT.mergesort(MERGESORT.java:47)
	at java_programs.MERGESORT.mergesort(MERGESORT.java:47)
	at java_programs.MERGESORT.mergesort(MERGESORT.java:47)
	at java_programs.MERGESORT.mergesort(MERGESORT.java:47)
	at java_programs.MERGESORT.mergesort(MERGESORT.java:47)
	at java_programs.MERGESORT.mergesort(MERGESORT.java:47)
	at java_programs.MERGESORT.mergesort(MERGESORT.java:47)
	at java_programs.MERGESORT.mergesort(MERGESORT.java:47)
	at java_programs.MERGESORT.mergesort(MERGESORT.java:47)
	at java_programs.MERGESORT.mergesort(MERGESORT.java:47)
	at java_programs.MERGESORT.mergesort(MERGESORT.java:47)
	at java_programs.MERGESORT.mergesort(MERGESORT.java:47)
	at java_programs.MERGESORT.mergesort(MERGESORT.java:47)
	at java_programs.MERGESORT.mergesort(MERGESORT.java:47)
	at java_programs.MERGESORT.mergesort(MERGESORT.java:47)
	at java_programs.MERGESORT.mergesort(MERGESORT.java:47)
	at java_programs.MERGESORT.mergesort(MERGESORT.java:47)
	at java_programs.MERGESORT.mergesort(MERGESORT.java:47)
	at java_programs.MERGESORT.mergesort(MERGESORT.java:47)
	at java_programs.MERGESORT.mergesort(MERGESORT.java:47)
	at java_programs.MERGESORT.mergesort(MERGESORT.java:47)
	at java_programs.MERGESORT.mergesort(MERGESORT.java:47)
	at java_programs.MERGESORT.mergesort(MERGESORT.java:47)
	at java_programs.MERGESORT.mergesort(MERGESORT.java:47)
	at java_programs.MERGESORT.mergesort(MERGESORT.java:47)
	at java_programs.MERGESORT.mergesort(MERGESORT.java:47)
	at java_programs.MERGESORT.mergesort(MERGESORT.java:47)
	at java_programs.MERGESORT.mergesort(MERGESORT.java:47)
	at java_programs.MERGESORT.mergesort(MERGESORT.java:47)
	at java_programs.MERGESORT.mergesort(MERGESORT.java:47)
	at java_programs.MERGESORT.mergesort(MERGESORT.java:47)
	at java_programs.MERGESORT.mergesort(MERGESORT.java:47)
	at java_programs.MERGESORT.mergesort(MERGESORT.java:47)
	at java_programs.MERGESORT.mergesort(MERGESORT.java:47)
	at java_programs.MERGESORT.mergesort(MERGESORT.java:47)
	at java_programs.MERGESORT.mergesort(MERGESORT.java:47)
	at java_programs.MERGESORT.mergesort(MERGESORT.java:47)
	at java_programs.MERGESORT.mergesort(MERGESORT.java:47)
	at java_programs.MERGESORT.mergesort(MERGESORT.java:47)
	at java_programs.MERGESORT.mergesort(MERGESORT.java:47)
	at java_programs.MERGESORT.mergesort(MERGESORT.java:47)
	at java_programs.MERGESORT.mergesort(MERGESORT.java:47)
	at java_programs.MERGESORT.mergesort(MERGESORT.java:47)
	at java_programs.MERGESORT.mergesort(MERGESORT.java:47)
	at java_programs.MERGESORT.mergesort(MERGESORT.java:47)
	at java_programs.MERGESORT.mergesort(MERGESORT.java:47)
	at java_programs.MERGESORT.mergesort(MERGESORT.java:47)
	at java_programs.MERGESORT.mergesort(MERGESORT.java:47)
	at java_programs.MERGESORT.mergesort(MERGESORT.java:47)
	at java_programs.MERGESORT.mergesort(MERGESORT.java:47)
	at java_programs.MERGESORT.mergesort(MERGESORT.java:47)
	at java_programs.MERGESORT.mergesort(MERGESORT.java:47)
	at java_programs.MERGESORT.mergesort(MERGESORT.java:47)
	at java_programs.MERGESORT.mergesort(MERGESORT.java:47)
	at java_programs.MERGESORT.mergesort(MERGESORT.java:47)
	at java_programs.MERGESORT.mergesort(MERGESORT.java:47)
	at java_programs.MERGESORT.mergesort(MERGESORT.java:47)
	at java_programs.MERGESORT.mergesort(MERGESORT.java:47)
	at java_programs.MERGESORT.mergesort(MERGESORT.java:47)
	at java_programs.MERGESORT.mergesort(MERGESORT.java:47)
	at java_programs.MERGESORT.mergesort(MERGESORT.java:47)
	at java_programs.MERGESORT.mergesort(MERGESORT.java:47)
	at java_programs.MERGESORT.mergesort(MERGESORT.java:47)
	at java_programs.MERGESORT.mergesort(MERGESORT.java:47)
	at java_programs.MERGESORT.mergesort(MERGESORT.java:47)
	at java_programs.MERGESORT.mergesort(MERGESORT.java:47)
	at java_programs.MERGESORT.mergesort(MERGESORT.java:47)
	at java_programs.MERGESORT.mergesort(MERGESORT.java:47)
	at java_programs.MERGESORT.mergesort(MERGESORT.java:47)
	at java_programs.MERGESORT.mergesort(MERGESORT.java:47)
	at java_programs.MERGESORT.mergesort(MERGESORT.java:47)
	at java_programs.MERGESORT.mergesort(MERGESORT.java:47)
	at java_programs.MERGESORT.mergesort(MERGESORT.java:47)
	at java_programs.MERGESORT.mergesort(MERGESORT.java:47)
	at java_programs.MERGESORT.mergesort(MERGESORT.java:47)
	at java_programs.MERGESORT.mergesort(MERGESORT.java:47)
	at java_programs.MERGESORT.mergesort(MERGESORT.java:47)
	at java_programs.MERGESORT.mergesort(MERGESORT.java:47)
	at java_programs.MERGESORT.mergesort(MERGESORT.java:47)
	at java_programs.MERGESORT.mergesort(MERGESORT.java:47)
	at java_programs.MERGESORT.mergesort(MERGESORT.java:47)
	at java_programs.MERGESORT.mergesort(MERGESORT.java:47)
	at java_programs.MERGESORT.mergesort(MERGESORT.java:47)
	at java_programs.MERGESORT.mergesort(MERGESORT.java:47)
	at java_programs.MERGESORT.mergesort(MERGESORT.java:47)
	at java_programs.MERGESORT.mergesort(MERGESORT.java:47)
	at java_programs.MERGESORT.mergesort(MERGESORT.java:47)
	at java_programs.MERGESORT.mergesort(MERGESORT.java:47)
	at java_programs.MERGESORT.mergesort(MERGESORT.java:47)
	at java_programs.MERGESORT.mergesort(MERGESORT.java:47)
	at java_programs.MERGESORT.mergesort(MERGESORT.java:47)
	at java_programs.MERGESORT.mergesort(MERGESORT.java:47)
	at java_programs.MERGESORT.mergesort(MERGESORT.java:47)
	at java_programs.MERGESORT.mergesort(MERGESORT.java:47)
	at java_programs.MERGESORT.mergesort(MERGESORT.java:47)
	at java_programs.MERGESORT.mergesort(MERGESORT.java:47)
	at java_programs.MERGESORT.mergesort(MERGESORT.java:47)
	at java_programs.MERGESORT.mergesort(MERGESORT.java:47)
	at java_programs.MERGESORT.mergesort(MERGESORT.java:47)
	at java_programs.MERGESORT.mergesort(MERGESORT.java:47)
	at java_programs.MERGESORT.mergesort(MERGESORT.java:47)
	at java_programs.MERGESORT.mergesort(MERGESORT.java:47)
	at java_programs.MERGESORT.mergesort(MERGESORT.java:47)
	at java_programs.MERGESORT.mergesort(MERGESORT.java:47)
	at java_programs.MERGESORT.mergesort(MERGESORT.java:47)
	at java_programs.MERGESORT.mergesort(MERGESORT.java:47)
	at java_programs.MERGESORT.mergesort(MERGESORT.java:47)
	at java_programs.MERGESORT.mergesort(MERGESORT.java:47)
	at java_programs.MERGESORT.mergesort(MERGESORT.java:47)
	at java_programs.MERGESORT.mergesort(MERGESORT.java:47)
	at java_programs.MERGESORT.mergesort(MERGESORT.java:47)
	at java_programs.MERGESORT.mergesort(MERGESORT.java:47)
	at java_programs.MERGESORT.mergesort(MERGESORT.java:47)
	at java_programs.MERGESORT.mergesort(MERGESORT.java:47)
	at java_programs.MERGESORT.mergesort(MERGESORT.java:47)
	at java_programs.MERGESORT.mergesort(MERGESORT.java:47)
	at java_programs.MERGESORT.mergesort(MERGESORT.java:47)
	at java_programs.MERGESORT.mergesort(MERGESORT.java:47)
	at java_programs.MERGESORT.mergesort(MERGESORT.java:47)
	at java_programs.MERGESORT.mergesort(MERGESORT.java:47)
	at java_programs.MERGESORT.mergesort(MERGESORT.java:47)
	at java_programs.MERGESORT.mergesort(MERGESORT.java:47)
	at java_programs.MERGESORT.mergesort(MERGESORT.java:47)
	at java_programs.MERGESORT.mergesort(MERGESORT.java:47)
	at java_programs.MERGESORT.mergesort(MERGESORT.java:47)
	at java_programs.MERGESORT.mergesort(MERGESORT.java:47)
	at java_programs.MERGESORT.mergesort(MERGESORT.java:47)
	at java_programs.MERGESORT.mergesort(MERGESORT.java:47)
	at java_programs.MERGESORT.mergesort(MERGESORT.java:47)
	at java_programs.MERGESORT.mergesort(MERGESORT.java:47)
	at java_programs.MERGESORT.mergesort(MERGESORT.java:47)
	at java_programs.MERGESORT.mergesort(MERGESORT.java:47)
	at java_programs.MERGESORT.mergesort(MERGESORT.java:47)
	at java_programs.MERGESORT.mergesort(MERGESORT.java:47)
	at java_programs.MERGESORT.mergesort(MERGESORT.java:47)
	at java_programs.MERGESORT.mergesort(MERGESORT.java:47)
	at java_programs.MERGESORT.mergesort(MERGESORT.java:47)
	at java_programs.MERGESORT.mergesort(MERGESORT.java:47)
	at java_programs.MERGESORT.mergesort(MERGESORT.java:47)
	at java_programs.MERGESORT.mergesort(MERGESORT.java:47)
	at java_programs.MERGESORT.mergesort(MERGESORT.java:47)
	at java_programs.MERGESORT.mergesort(MERGESORT.java:47)
	at java_programs.MERGESORT.mergesort(MERGESORT.java:47)
	at java_programs.MERGESORT.mergesort(MERGESORT.java:47)
	at java_programs.MERGESORT.mergesort(MERGESORT.java:47)
	at java_programs.MERGESORT.mergesort(MERGESORT.java:47)
	at java_programs.MERGESORT.mergesort(MERGESORT.java:47)
	at java_programs.MERGESORT.mergesort(MERGESORT.java:47)
	at java_programs.MERGESORT.mergesort(MERGESORT.java:47)
	at java_programs.MERGESORT.mergesort(MERGESORT.java:47)
	at java_programs.MERGESORT.mergesort(MERGESORT.java:47)
	at java_programs.MERGESORT.mergesort(MERGESORT.java:47)
	at java_programs.MERGESORT.mergesort(MERGESORT.java:47)
	at java_programs.MERGESORT.mergesort(MERGESORT.java:47)
	at java_programs.MERGESORT.mergesort(MERGESORT.java:47)
	at java_programs.MERGESORT.mergesort(MERGESORT.java:47)
	at java_programs.MERGESORT.mergesort(MERGESORT.java:47)
	at java_programs.MERGESORT.mergesort(MERGESORT.java:47)
	at java_programs.MERGESORT.mergesort(MERGESORT.java:47)
	at java_programs.MERGESORT.mergesort(MERGESORT.java:47)
	at java_programs.MERGESORT.mergesort(MERGESORT.java:47)
	at java_programs.MERGESORT.mergesort(MERGESORT.java:47)
	at java_programs.MERGESORT.mergesort(MERGESORT.java:47)
	at java_programs.MERGESORT.mergesort(MERGESORT.java:47)
	at java_programs.MERGESORT.mergesort(MERGESORT.java:47)
	at java_programs.MERGESORT.mergesort(MERGESORT.java:47)
	at java_programs.MERGESORT.mergesort(MERGESORT.java:47)
	at java_programs.MERGESORT.mergesort(MERGESORT.java:47)
	at java_programs.MERGESORT.mergesort(MERGESORT.java:47)
	at java_programs.MERGESORT.mergesort(MERGESORT.java:47)
	at java_programs.MERGESORT.mergesort(MERGESORT.java:47)
	at java_programs.MERGESORT.mergesort(MERGESORT.java:47)
	at java_programs.MERGESORT.mergesort(MERGESORT.java:47)
	at java_programs.MERGESORT.mergesort(MERGESORT.java:47)
	at java_programs.MERGESORT.mergesort(MERGESORT.java:47)
	at java_programs.MERGESORT.mergesort(MERGESORT.java:47)
	at java_programs.MERGESORT.mergesort(MERGESORT.java:47)
	at java_programs.MERGESORT.mergesort(MERGESORT.java:47)
	at java_programs.MERGESORT.mergesort(MERGESORT.java:47)
	at java_programs.MERGESORT.mergesort(MERGESORT.java:47)
	at java_programs.MERGESORT.mergesort(MERGESORT.java:47)
	at java_programs.MERGESORT.mergesort(MERGESORT.java:47)
	at java_programs.MERGESORT.mergesort(MERGESORT.java:47)
	at java_programs.MERGESORT.mergesort(MERGESORT.java:47)
	at java_programs.MERGESORT.mergesort(MERGESORT.java:47)
	at java_programs.MERGESORT.mergesort(MERGESORT.java:47)
	at java_programs.MERGESORT.mergesort(MERGESORT.java:47)
	at java_programs.MERGESORT.mergesort(MERGESORT.java:47)
	at java_programs.MERGESORT.mergesort(MERGESORT.java:47)
	at java_programs.MERGESORT.mergesort(MERGESORT.java:47)
	at java_programs.MERGESORT.mergesort(MERGESORT.java:47)
	at java_programs.MERGESORT.mergesort(MERGESORT.java:47)
	at java_programs.MERGESORT.mergesort(MERGESORT.java:47)
	at java_programs.MERGESORT.mergesort(MERGESORT.java:47)
	at java_programs.MERGESORT.mergesort(MERGESORT.java:47)
	at java_programs.MERGESORT.mergesort(MERGESORT.java:47)
	at java_programs.MERGESORT.mergesort(MERGESORT.java:47)
	at java_programs.MERGESORT.mergesort(MERGESORT.java:47)
	at java_programs.MERGESORT.mergesort(MERGESORT.java:47)
	at java_programs.MERGESORT.mergesort(MERGESORT.java:47)
	at java_programs.MERGESORT.mergesort(MERGESORT.java:47)
	at java_programs.MERGESORT.mergesort(MERGESORT.java:47)
	at java_programs.MERGESORT.mergesort(MERGESORT.java:47)
	at java_programs.MERGESORT.mergesort(MERGESORT.java:47)
	at java_programs.MERGESORT.mergesort(MERGESORT.java:47)
	at java_programs.MERGESORT.mergesort(MERGESORT.java:47)
	at java_programs.MERGESORT.mergesort(MERGESORT.java:47)
	at java_programs.MERGESORT.mergesort(MERGESORT.java:47)
	at java_programs.MERGESORT.mergesort(MERGESORT.java:47)
	at java_programs.MERGESORT.mergesort(MERGESORT.java:47)
	at java_programs.MERGESORT.mergesort(MERGESORT.java:47)
	at java_programs.MERGESORT.mergesort(MERGESORT.java:47)
	at java_programs.MERGESORT.mergesort(MERGESORT.java:47)
	at java_programs.MERGESORT.mergesort(MERGESORT.java:47)
	at java_programs.MERGESORT.mergesort(MERGESORT.java:47)
	at java_programs.MERGESORT.mergesort(MERGESORT.java:47)
	at java_programs.MERGESORT.mergesort(MERGESORT.java:47)
	at java_programs.MERGESORT.mergesort(MERGESORT.java:47)
	at java_programs.MERGESORT.mergesort(MERGESORT.java:47)
	at java_programs.MERGESORT.mergesort(MERGESORT.java:47)
	at java_programs.MERGESORT.mergesort(MERGESORT.java:47)
	at java_programs.MERGESORT.mergesort(MERGESORT.java:47)
	at java_programs.MERGESORT.mergesort(MERGESORT.java:47)
	at java_programs.MERGESORT.mergesort(MERGESORT.java:47)
	at java_programs.MERGESORT.mergesort(MERGESORT.java:47)
	at java_programs.MERGESORT.mergesort(MERGESORT.java:47)
	at java_programs.MERGESORT.mergesort(MERGESORT.java:47)
	at java_programs.MERGESORT.mergesort(MERGESORT.java:47)
	at java_programs.MERGESORT.mergesort(MERGESORT.java:47)
	at java_programs.MERGESORT.mergesort(MERGESORT.java:47)
	at java_programs.MERGESORT.mergesort(MERGESORT.java:47)
	at java_programs.MERGESORT.mergesort(MERGESORT.java:47)
	at java_programs.MERGESORT.mergesort(MERGESORT.java:47)
	at java_programs.MERGESORT.mergesort(MERGESORT.java:47)
	at java_programs.MERGESORT.mergesort(MERGESORT.java:47)
	at java_programs.MERGESORT.mergesort(MERGESORT.java:47)
	at java_programs.MERGESORT.mergesort(MERGESORT.java:47)
	at java_programs.MERGESORT.mergesort(MERGESORT.java:47)
	at java_programs.MERGESORT.mergesort(MERGESORT.java:47)
	at java_programs.MERGESORT.mergesort(MERGESORT.java:47)
	at java_programs.MERGESORT.mergesort(MERGESORT.java:47)
	at java_programs.MERGESORT.mergesort(MERGESORT.java:47)
	at java_programs.MERGESORT.mergesort(MERGESORT.java:47)
	at java_programs.MERGESORT.mergesort(MERGESORT.java:47)
	at java_programs.MERGESORT.mergesort(MERGESORT.java:47)
	at java_programs.MERGESORT.mergesort(MERGESORT.java:47)
	at java_programs.MERGESORT.mergesort(MERGESORT.java:47)
	at java_programs.MERGESORT.mergesort(MERGESORT.java:47)
	at java_programs.MERGESORT.mergesort(MERGESORT.java:47)
	at java_programs.MERGESORT.mergesort(MERGESORT.java:47)
	at java_programs.MERGESORT.mergesort(MERGESORT.java:47)
	at java_programs.MERGESORT.mergesort(MERGESORT.java:47)
	at java_programs.MERGESORT.mergesort(MERGESORT.java:47)
	at java_programs.MERGESORT.mergesort(MERGESORT.java:47)
	at java_programs.MERGESORT.mergesort(MERGESORT.java:47)
	at java_programs.MERGESORT.mergesort(MERGESORT.java:47)
	at java_programs.MERGESORT.mergesort(MERGESORT.java:47)
	at java_programs.MERGESORT.mergesort(MERGESORT.java:47)
	at java_programs.MERGESORT.mergesort(MERGESORT.java:47)
	at java_programs.MERGESORT.mergesort(MERGESORT.java:47)
	at java_programs.MERGESORT.mergesort(MERGESORT.java:47)
	at java_programs.MERGESORT.mergesort(MERGESORT.java:47)
	at java_programs.MERGESORT.mergesort(MERGESORT.java:47)
	at java_programs.MERGESORT.mergesort(MERGESORT.java:47)
	at java_programs.MERGESORT.mergesort(MERGESORT.java:47)
	at java_programs.MERGESORT.mergesort(MERGESORT.java:47)
	at java_programs.MERGESORT.mergesort(MERGESORT.java:47)
	at java_programs.MERGESORT.mergesort(MERGESORT.java:47)
	at java_programs.MERGESORT.mergesort(MERGESORT.java:47)
	at java_programs.MERGESORT.mergesort(MERGESORT.java:47)
	at java_programs.MERGESORT.mergesort(MERGESORT.java:47)
	at java_programs.MERGESORT.mergesort(MERGESORT.java:47)
	at java_programs.MERGESORT.mergesort(MERGESORT.java:47)
	at java_programs.MERGESORT.mergesort(MERGESORT.java:47)
	at java_programs.MERGESORT.mergesort(MERGESORT.java:47)
	at java_programs.MERGESORT.mergesort(MERGESORT.java:47)
	at java_programs.MERGESORT.mergesort(MERGESORT.java:47)
	at java_programs.MERGESORT.mergesort(MERGESORT.java:47)
	at java_programs.MERGESORT.mergesort(MERGESORT.java:47)
	at java_programs.MERGESORT.mergesort(MERGESORT.java:47)
	at java_programs.MERGESORT.mergesort(MERGESORT.java:47)
	at java_programs.MERGESORT.mergesort(MERGESORT.java:47)
	at java_programs.MERGESORT.mergesort(MERGESORT.java:47)
	at java_programs.MERGESORT.mergesort(MERGESORT.java:47)
	at java_programs.MERGESORT.mergesort(MERGESORT.java:47)
	at java_programs.MERGESORT.mergesort(MERGESORT.java:47)
	at java_programs.MERGESORT.mergesort(MERGESORT.java:47)
	at java_programs.MERGESORT.mergesort(MERGESORT.java:47)
	at java_programs.MERGESORT.mergesort(MERGESORT.java:47)
	at java_programs.MERGESORT.mergesort(MERGESORT.java:47)
	at java_programs.MERGESORT.mergesort(MERGESORT.java:47)
	at java_programs.MERGESORT.mergesort(MERGESORT.java:47)
	at java_programs.MERGESORT.mergesort(MERGESORT.java:47)
	at java_programs.MERGESORT.mergesort(MERGESORT.java:47)
	at java_programs.MERGESORT.mergesort(MERGESORT.java:47)
	at java_programs.MERGESORT.mergesort(MERGESORT.java:47)
	at java_programs.MERGESORT.mergesort(MERGESORT.java:47)
	at java_programs.MERGESORT.mergesort(MERGESORT.java:47)
	at java_programs.MERGESORT.mergesort(MERGESORT.java:47)
	at java_programs.MERGESORT.mergesort(MERGESORT.java:47)
	at java_programs.MERGESORT.mergesort(MERGESORT.java:47)
	at java_programs.MERGESORT.mergesort(MERGESORT.java:47)
	at java_programs.MERGESORT.mergesort(MERGESORT.java:47)
	at java_programs.MERGESORT.mergesort(MERGESORT.java:47)
	at java_programs.MERGESORT.mergesort(MERGESORT.java:47)
	at java_programs.MERGESORT.mergesort(MERGESORT.java:47)
	at java_programs.MERGESORT.mergesort(MERGESORT.java:47)
	at java_programs.MERGESORT.mergesort(MERGESORT.java:47)
	at java_programs.MERGESORT.mergesort(MERGESORT.java:47)
	at java_programs.MERGESORT.mergesort(MERGESORT.java:47)
	at java_programs.MERGESORT.mergesort(MERGESORT.java:47)
	at java_programs.MERGESORT.mergesort(MERGESORT.java:47)
	at java_programs.MERGESORT.mergesort(MERGESORT.java:47)
	at java_programs.MERGESORT.mergesort(MERGESORT.java:47)
	at java_programs.MERGESORT.mergesort(MERGESORT.java:47)
	at java_programs.MERGESORT.mergesort(MERGESORT.java:47)
	at java_programs.MERGESORT.mergesort(MERGESORT.java:47)
	at java_programs.MERGESORT.mergesort(MERGESORT.java:47)
	at java_programs.MERGESORT.mergesort(MERGESORT.java:47)
	at java_programs.MERGESORT.mergesort(MERGESORT.java:47)
	at java_programs.MERGESORT.mergesort(MERGESORT.java:47)
	at java_programs.MERGESORT.mergesort(MERGESORT.java:47)
	at java_programs.MERGESORT.mergesort(MERGESORT.java:47)
	at java_programs.MERGESORT.mergesort(MERGESORT.java:47)
	at java_programs.MERGESORT.mergesort(MERGESORT.java:47)
	at java_programs.MERGESORT.mergesort(MERGESORT.java:47)
	at java_programs.MERGESORT.mergesort(MERGESORT.java:47)
	at java_programs.MERGESORT.mergesort(MERGESORT.java:47)
	at java_programs.MERGESORT.mergesort(MERGESORT.java:47)
	at java_programs.MERGESORT.mergesort(MERGESORT.java:47)
	at java_programs.MERGESORT.mergesort(MERGESORT.java:47)
	at java_programs.MERGESORT.mergesort(MERGESORT.java:47)
	at java_programs.MERGESORT.mergesort(MERGESORT.java:47)
	at java_programs.MERGESORT.mergesort(MERGESORT.java:47)
	at java_programs.MERGESORT.mergesort(MERGESORT.java:47)
	at java_programs.MERGESORT.mergesort(MERGESORT.java:47)
	at java_programs.MERGESORT.mergesort(MERGESORT.java:47)
	at java_programs.MERGESORT.mergesort(MERGESORT.java:47)
	at java_programs.MERGESORT.mergesort(MERGESORT.java:47)
	at java_programs.MERGESORT.mergesort(MERGESORT.java:47)
	at java_programs.MERGESORT.mergesort(MERGESORT.java:47)
	at java_programs.MERGESORT.mergesort(MERGESORT.java:47)
	at java_programs.MERGESORT.mergesort(MERGESORT.java:47)
	at java_programs.MERGESORT.mergesort(MERGESORT.java:47)
	at java_programs.MERGESORT.mergesort(MERGESORT.java:47)
	at java_programs.MERGESORT.mergesort(MERGESORT.java:47)
	at java_programs.MERGESORT.mergesort(MERGESORT.java:47)
	at java_programs.MERGESORT.mergesort(MERGESORT.java:47)
	at java_programs.MERGESORT.mergesort(MERGESORT.java:47)
	at java_programs.MERGESORT.mergesort(MERGESORT.java:47)
	at java_programs.MERGESORT.mergesort(MERGESORT.java:47)
	at java_programs.MERGESORT.mergesort(MERGESORT.java:47)
	at java_programs.MERGESORT.mergesort(MERGESORT.java:47)
	at java_programs.MERGESORT.mergesort(MERGESORT.java:47)
	at java_programs.MERGESORT.mergesort(MERGESORT.java:47)
	at java_programs.MERGESORT.mergesort(MERGESORT.java:47)
	at java_programs.MERGESORT.mergesort(MERGESORT.java:47)
	at java_programs.MERGESORT.mergesort(MERGESORT.java:47)
	at java_programs.MERGESORT.mergesort(MERGESORT.java:47)
	at java_programs.MERGESORT.mergesort(MERGESORT.java:47)
	at java_programs.MERGESORT.mergesort(MERGESORT.java:47)
	at java_programs.MERGESORT.mergesort(MERGESORT.java:47)
	at java_programs.MERGESORT.mergesort(MERGESORT.java:47)
	at java_programs.MERGESORT.mergesort(MERGESORT.java:47)
	at java_programs.MERGESORT.mergesort(MERGESORT.java:47)
	at java_programs.MERGESORT.mergesort(MERGESORT.java:47)
	at java_programs.MERGESORT.mergesort(MERGESORT.java:47)
	at java_programs.MERGESORT.mergesort(MERGESORT.java:47)
	at java_programs.MERGESORT.mergesort(MERGESORT.java:47)
	at java_programs.MERGESORT.mergesort(MERGESORT.java:47)
	at java_programs.MERGESORT.mergesort(MERGESORT.java:47)
	at java_programs.MERGESORT.mergesort(MERGESORT.java:47)
	at java_programs.MERGESORT.mergesort(MERGESORT.java:47)
	at java_programs.MERGESORT.mergesort(MERGESORT.java:47)
	at java_programs.MERGESORT.mergesort(MERGESORT.java:47)
	at java_programs.MERGESORT.mergesort(MERGESORT.java:47)
	at java_programs.MERGESORT.mergesort(MERGESORT.java:47)
	at java_programs.MERGESORT.mergesort(MERGESORT.java:47)
	at java_programs.MERGESORT.mergesort(MERGESORT.java:47)
	at java_programs.MERGESORT.mergesort(MERGESORT.java:47)
	at java_programs.MERGESORT.mergesort(MERGESORT.java:47)
	at java_programs.MERGESORT.mergesort(MERGESORT.java:47)
	at java_programs.MERGESORT.mergesort(MERGESORT.java:47)
	at java_programs.MERGESORT.mergesort(MERGESORT.java:47)
	at java_programs.MERGESORT.mergesort(MERGESORT.java:47)
	at java_programs.MERGESORT.mergesort(MERGESORT.java:47)
	at java_programs.MERGESORT.mergesort(MERGESORT.java:47)
	at java_programs.MERGESORT.mergesort(MERGESORT.java:47)
	at java_programs.MERGESORT.mergesort(MERGESORT.java:47)
	at java_programs.MERGESORT.mergesort(MERGESORT.java:47)
	at java_programs.MERGESORT.mergesort(MERGESORT.java:47)
	at java_programs.MERGESORT.mergesort(MERGESORT.java:47)
	at java_programs.MERGESORT.mergesort(MERGESORT.java:47)
	at java_programs.MERGESORT.mergesort(MERGESORT.java:47)
	at java_programs.MERGESORT.mergesort(MERGESORT.java:47)
	at java_programs.MERGESORT.mergesort(MERGESORT.java:47)
	at java_programs.MERGESORT.mergesort(MERGESORT.java:47)
	at java_programs.MERGESORT.mergesort(MERGESORT.java:47)
	at java_programs.MERGESORT.mergesort(MERGESORT.java:47)
	at java_programs.MERGESORT.mergesort(MERGESORT.java:47)
	at java_programs.MERGESORT.mergesort(MERGESORT.java:47)
	at java_programs.MERGESORT.mergesort(MERGESORT.java:47)
	at java_programs.MERGESORT.mergesort(MERGESORT.java:47)
	at java_programs.MERGESORT.mergesort(MERGESORT.java:47)
	at java_programs.MERGESORT.mergesort(MERGESORT.java:47)
	at java_programs.MERGESORT.mergesort(MERGESORT.java:47)
	at java_programs.MERGESORT.mergesort(MERGESORT.java:47)
	at java_programs.MERGESORT.mergesort(MERGESORT.java:47)
	at java_programs.MERGESORT.mergesort(MERGESORT.java:47)
	at java_programs.MERGESORT.mergesort(MERGESORT.java:47)
	at java_programs.MERGESORT.mergesort(MERGESORT.java:47)
	at java_programs.MERGESORT.mergesort(MERGESORT.java:47)
	at java_programs.MERGESORT.mergesort(MERGESORT.java:47)
	at java_programs.MERGESORT.mergesort(MERGESORT.java:47)
	at java_programs.MERGESORT.mergesort(MERGESORT.java:47)
	at java_programs.MERGESORT.mergesort(MERGESORT.java:47)
	at java_programs.MERGESORT.mergesort(MERGESORT.java:47)
	at java_programs.MERGESORT.mergesort(MERGESORT.java:47)
	at java_programs.MERGESORT.mergesort(MERGESORT.java:47)
	at java_programs.MERGESORT.mergesort(MERGESORT.java:47)
	at java_programs.MERGESORT.mergesort(MERGESORT.java:47)
	at java_programs.MERGESORT.mergesort(MERGESORT.java:47)
	at java_programs.MERGESORT.mergesort(MERGESORT.java:47)
	at java_programs.MERGESORT.mergesort(MERGESORT.java:47)
	at java_programs.MERGESORT.mergesort(MERGESORT.java:47)
	at java_programs.MERGESORT.mergesort(MERGESORT.java:47)
	at java_programs.MERGESORT.mergesort(MERGESORT.java:47)
	at java_programs.MERGESORT.mergesort(MERGESORT.java:47)
	at java_programs.MERGESORT.mergesort(MERGESORT.java:47)
	at java_programs.MERGESORT.mergesort(MERGESORT.java:47)
	at java_programs.MERGESORT.mergesort(MERGESORT.java:47)
	at java_programs.MERGESORT.mergesort(MERGESORT.java:47)
	at java_programs.MERGESORT.mergesort(MERGESORT.java:47)
	at java_programs.MERGESORT.mergesort(MERGESORT.java:47)
	at java_programs.MERGESORT.mergesort(MERGESORT.java:47)
	at java_programs.MERGESORT.mergesort(MERGESORT.java:47)
	at java_programs.MERGESORT.mergesort(MERGESORT.java:47)
	at java_programs.MERGESORT.mergesort(MERGESORT.java:47)
	at java_programs.MERGESORT.mergesort(MERGESORT.java:47)
	at java_programs.MERGESORT.mergesort(MERGESORT.java:47)
	at java_programs.MERGESORT.mergesort(MERGESORT.java:47)
	at java_programs.MERGESORT.mergesort(MERGESORT.java:47)
	at java_programs.MERGESORT.mergesort(MERGESORT.java:47)
	at java_programs.MERGESORT.mergesort(MERGESORT.java:47)
	at java_programs.MERGESORT.mergesort(MERGESORT.java:47)
	at java_programs.MERGESORT.mergesort(MERGESORT.java:47)
	at java_programs.MERGESORT.mergesort(MERGESORT.java:47)
	at java_programs.MERGESORT.mergesort(MERGESORT.java:47)
	at java_programs.MERGESORT.mergesort(MERGESORT.java:47)
	at java_programs.MERGESORT.mergesort(MERGESORT.java:47)
	at java_programs.MERGESORT.mergesort(MERGESORT.java:47)
	at java_programs.MERGESORT.mergesort(MERGESORT.java:47)
	at java_programs.MERGESORT.mergesort(MERGESORT.java:47)
	at java_programs.MERGESORT.mergesort(MERGESORT.java:47)
	at java_programs.MERGESORT.mergesort(MERGESORT.java:47)
	at java_programs.MERGESORT.mergesort(MERGESORT.java:47)
	at java_programs.MERGESORT.mergesort(MERGESORT.java:47)
	at java_programs.MERGESORT.mergesort(MERGESORT.java:47)
	at java_programs.MERGESORT.mergesort(MERGESORT.java:47)
	at java_programs.MERGESORT.mergesort(MERGESORT.java:47)
	at java_programs.MERGESORT.mergesort(MERGESORT.java:47)
	at java_programs.MERGESORT.mergesort(MERGESORT.java:47)
	at java_programs.MERGESORT.mergesort(MERGESORT.java:47)
	at java_programs.MERGESORT.mergesort(MERGESORT.java:47)
	at java_programs.MERGESORT.mergesort(MERGESORT.java:47)
	at java_programs.MERGESORT.mergesort(MERGESORT.java:47)
	at java_programs.MERGESORT.mergesort(MERGESORT.java:47)
	at java_programs.MERGESORT.mergesort(MERGESORT.java:47)
	at java_programs.MERGESORT.mergesort(MERGESORT.java:47)
	at java_programs.MERGESORT.mergesort(MERGESORT.java:47)
	at java_programs.MERGESORT.mergesort(MERGESORT.java:47)
	at java_programs.MERGESORT.mergesort(MERGESORT.java:47)
	at java_programs.MERGESORT.mergesort(MERGESORT.java:47)
	at java_programs.MERGESORT.mergesort(MERGESORT.java:47)
	at java_programs.MERGESORT.mergesort(MERGESORT.java:47)
	at java_programs.MERGESORT.mergesort(MERGESORT.java:47)
</failure>
  </testcase>
  <testcase name="test_9" classname="java_testcases.junit.MERGESORT_TEST" time="0.123">
    <failure message="java.lang.StackOverflowError" type="java.lang.StackOverflowError">java.lang.StackOverflowError
	at java.base/java.util.ArrayList.addAll(ArrayList.java:670)
	at java_programs.MERGESORT.mergesort(MERGESORT.java:43)
	at java_programs.MERGESORT.mergesort(MERGESORT.java:47)
	at java_programs.MERGESORT.mergesort(MERGESORT.java:47)
	at java_programs.MERGESORT.mergesort(MERGESORT.java:47)
	at java_programs.MERGESORT.mergesort(MERGESORT.java:47)
	at java_programs.MERGESORT.mergesort(MERGESORT.java:47)
	at java_programs.MERGESORT.mergesort(MERGESORT.java:47)
	at java_programs.MERGESORT.mergesort(MERGESORT.java:47)
	at java_programs.MERGESORT.mergesort(MERGESORT.java:47)
	at java_programs.MERGESORT.mergesort(MERGESORT.java:47)
	at java_programs.MERGESORT.mergesort(MERGESORT.java:47)
	at java_programs.MERGESORT.mergesort(MERGESORT.java:47)
	at java_programs.MERGESORT.mergesort(MERGESORT.java:47)
	at java_programs.MERGESORT.mergesort(MERGESORT.java:47)
	at java_programs.MERGESORT.mergesort(MERGESORT.java:47)
	at java_programs.MERGESORT.mergesort(MERGESORT.java:47)
	at java_programs.MERGESORT.mergesort(MERGESORT.java:47)
	at java_programs.MERGESORT.mergesort(MERGESORT.java:47)
	at java_programs.MERGESORT.mergesort(MERGESORT.java:47)
	at java_programs.MERGESORT.mergesort(MERGESORT.java:47)
	at java_programs.MERGESORT.mergesort(MERGESORT.java:47)
	at java_programs.MERGESORT.mergesort(MERGESORT.java:47)
	at java_programs.MERGESORT.mergesort(MERGESORT.java:47)
	at java_programs.MERGESORT.mergesort(MERGESORT.java:47)
	at java_programs.MERGESORT.mergesort(MERGESORT.java:47)
	at java_programs.MERGESORT.mergesort(MERGESORT.java:47)
	at java_programs.MERGESORT.mergesort(MERGESORT.java:47)
	at java_programs.MERGESORT.mergesort(MERGESORT.java:47)
	at java_programs.MERGESORT.mergesort(MERGESORT.java:47)
	at java_programs.MERGESORT.mergesort(MERGESORT.java:47)
	at java_programs.MERGESORT.mergesort(MERGESORT.java:47)
	at java_programs.MERGESORT.mergesort(MERGESORT.java:47)
	at java_programs.MERGESORT.mergesort(MERGESORT.java:47)
	at java_programs.MERGESORT.mergesort(MERGESORT.java:47)
	at java_programs.MERGESORT.mergesort(MERGESORT.java:47)
	at java_programs.MERGESORT.mergesort(MERGESORT.java:47)
	at java_programs.MERGESORT.mergesort(MERGESORT.java:47)
	at java_programs.MERGESORT.mergesort(MERGESORT.java:47)
	at java_programs.MERGESORT.mergesort(MERGESORT.java:47)
	at java_programs.MERGESORT.mergesort(MERGESORT.java:47)
	at java_programs.MERGESORT.mergesort(MERGESORT.java:47)
	at java_programs.MERGESORT.mergesort(MERGESORT.java:47)
	at java_programs.MERGESORT.mergesort(MERGESORT.java:47)
	at java_programs.MERGESORT.mergesort(MERGESORT.java:47)
	at java_programs.MERGESORT.mergesort(MERGESORT.java:47)
	at java_programs.MERGESORT.mergesort(MERGESORT.java:47)
	at java_programs.MERGESORT.mergesort(MERGESORT.java:47)
	at java_programs.MERGESORT.mergesort(MERGESORT.java:47)
	at java_programs.MERGESORT.mergesort(MERGESORT.java:47)
	at java_programs.MERGESORT.mergesort(MERGESORT.java:47)
	at java_programs.MERGESORT.mergesort(MERGESORT.java:47)
	at java_programs.MERGESORT.mergesort(MERGESORT.java:47)
	at java_programs.MERGESORT.mergesort(MERGESORT.java:47)
	at java_programs.MERGESORT.mergesort(MERGESORT.java:47)
	at java_programs.MERGESORT.mergesort(MERGESORT.java:47)
	at java_programs.MERGESORT.mergesort(MERGESORT.java:47)
	at java_programs.MERGESORT.mergesort(MERGESORT.java:47)
	at java_programs.MERGESORT.mergesort(MERGESORT.java:47)
	at java_programs.MERGESORT.mergesort(MERGESORT.java:47)
	at java_programs.MERGESORT.mergesort(MERGESORT.java:47)
	at java_programs.MERGESORT.mergesort(MERGESORT.java:47)
	at java_programs.MERGESORT.mergesort(MERGESORT.java:47)
	at java_programs.MERGESORT.mergesort(MERGESORT.java:47)
	at java_programs.MERGESORT.mergesort(MERGESORT.java:47)
	at java_programs.MERGESORT.mergesort(MERGESORT.java:47)
	at java_programs.MERGESORT.mergesort(MERGESORT.java:47)
	at java_programs.MERGESORT.mergesort(MERGESORT.java:47)
	at java_programs.MERGESORT.mergesort(MERGESORT.java:47)
	at java_programs.MERGESORT.mergesort(MERGESORT.java:47)
	at java_programs.MERGESORT.mergesort(MERGESORT.java:47)
	at java_programs.MERGESORT.mergesort(MERGESORT.java:47)
	at java_programs.MERGESORT.mergesort(MERGESORT.java:47)
	at java_programs.MERGESORT.mergesort(MERGESORT.java:47)
	at java_programs.MERGESORT.mergesort(MERGESORT.java:47)
	at java_programs.MERGESORT.mergesort(MERGESORT.java:47)
	at java_programs.MERGESORT.mergesort(MERGESORT.java:47)
	at java_programs.MERGESORT.mergesort(MERGESORT.java:47)
	at java_programs.MERGESORT.mergesort(MERGESORT.java:47)
	at java_programs.MERGESORT.mergesort(MERGESORT.java:47)
	at java_programs.MERGESORT.mergesort(MERGESORT.java:47)
	at java_programs.MERGESORT.mergesort(MERGESORT.java:47)
	at java_programs.MERGESORT.mergesort(MERGESORT.java:47)
	at java_programs.MERGESORT.mergesort(MERGESORT.java:47)
	at java_programs.MERGESORT.mergesort(MERGESORT.java:47)
	at java_programs.MERGESORT.mergesort(MERGESORT.java:47)
	at java_programs.MERGESORT.mergesort(MERGESORT.java:47)
	at java_programs.MERGESORT.mergesort(MERGESORT.java:47)
	at java_programs.MERGESORT.mergesort(MERGESORT.java:47)
	at java_programs.MERGESORT.mergesort(MERGESORT.java:47)
	at java_programs.MERGESORT.mergesort(MERGESORT.java:47)
	at java_programs.MERGESORT.mergesort(MERGESORT.java:47)
	at java_programs.MERGESORT.mergesort(MERGESORT.java:47)
	at java_programs.MERGESORT.mergesort(MERGESORT.java:47)
	at java_programs.MERGESORT.mergesort(MERGESORT.java:47)
	at java_programs.MERGESORT.mergesort(MERGESORT.java:47)
	at java_programs.MERGESORT.mergesort(MERGESORT.java:47)
	at java_programs.MERGESORT.mergesort(MERGESORT.java:47)
	at java_programs.MERGESORT.mergesort(MERGESORT.java:47)
	at java_programs.MERGESORT.mergesort(MERGESORT.java:47)
	at java_programs.MERGESORT.mergesort(MERGESORT.java:47)
	at java_programs.MERGESORT.mergesort(MERGESORT.java:47)
	at java_programs.MERGESORT.mergesort(MERGESORT.java:47)
	at java_programs.MERGESORT.mergesort(MERGESORT.java:47)
	at java_programs.MERGESORT.mergesort(MERGESORT.java:47)
	at java_programs.MERGESORT.mergesort(MERGESORT.java:47)
	at java_programs.MERGESORT.mergesort(MERGESORT.java:47)
	at java_programs.MERGESORT.mergesort(MERGESORT.java:47)
	at java_programs.MERGESORT.mergesort(MERGESORT.java:47)
	at java_programs.MERGESORT.mergesort(MERGESORT.java:47)
	at java_programs.MERGESORT.mergesort(MERGESORT.java:47)
	at java_programs.MERGESORT.mergesort(MERGESORT.java:47)
	at java_programs.MERGESORT.mergesort(MERGESORT.java:47)
	at java_programs.MERGESORT.mergesort(MERGESORT.java:47)
	at java_programs.MERGESORT.mergesort(MERGESORT.java:47)
	at java_programs.MERGESORT.mergesort(MERGESORT.java:47)
	at java_programs.MERGESORT.mergesort(MERGESORT.java:47)
	at java_programs.MERGESORT.mergesort(MERGESORT.java:47)
	at java_programs.MERGESORT.mergesort(MERGESORT.java:47)
	at java_programs.MERGESORT.mergesort(MERGESORT.java:47)
	at java_programs.MERGESORT.mergesort(MERGESORT.java:47)
	at java_programs.MERGESORT.mergesort(MERGESORT.java:47)
	at java_programs.MERGESORT.mergesort(MERGESORT.java:47)
	at java_programs.MERGESORT.mergesort(MERGESORT.java:47)
	at java_programs.MERGESORT.mergesort(MERGESORT.java:47)
	at java_programs.MERGESORT.mergesort(MERGESORT.java:47)
	at java_programs.MERGESORT.mergesort(MERGESORT.java:47)
	at java_programs.MERGESORT.mergesort(MERGESORT.java:47)
	at java_programs.MERGESORT.mergesort(MERGESORT.java:47)
	at java_programs.MERGESORT.mergesort(MERGESORT.java:47)
	at java_programs.MERGESORT.mergesort(MERGESORT.java:47)
	at java_programs.MERGESORT.mergesort(MERGESORT.java:47)
	at java_programs.MERGESORT.mergesort(MERGESORT.java:47)
	at java_programs.MERGESORT.mergesort(MERGESORT.java:47)
	at java_programs.MERGESORT.mergesort(MERGESORT.java:47)
	at java_programs.MERGESORT.mergesort(MERGESORT.java:47)
	at java_programs.MERGESORT.mergesort(MERGESORT.java:47)
	at java_programs.MERGESORT.mergesort(MERGESORT.java:47)
	at java_programs.MERGESORT.mergesort(MERGESORT.java:47)
	at java_programs.MERGESORT.mergesort(MERGESORT.java:47)
	at java_programs.MERGESORT.mergesort(MERGESORT.java:47)
	at java_programs.MERGESORT.mergesort(MERGESORT.java:47)
	at java_programs.MERGESORT.mergesort(MERGESORT.java:47)
	at java_programs.MERGESORT.mergesort(MERGESORT.java:47)
	at java_programs.MERGESORT.mergesort(MERGESORT.java:47)
	at java_programs.MERGESORT.mergesort(MERGESORT.java:47)
	at java_programs.MERGESORT.mergesort(MERGESORT.java:47)
	at java_programs.MERGESORT.mergesort(MERGESORT.java:47)
	at java_programs.MERGESORT.mergesort(MERGESORT.java:47)
	at java_programs.MERGESORT.mergesort(MERGESORT.java:47)
	at java_programs.MERGESORT.mergesort(MERGESORT.java:47)
	at java_programs.MERGESORT.mergesort(MERGESORT.java:47)
	at java_programs.MERGESORT.mergesort(MERGESORT.java:47)
	at java_programs.MERGESORT.mergesort(MERGESORT.java:47)
	at java_programs.MERGESORT.mergesort(MERGESORT.java:47)
	at java_programs.MERGESORT.mergesort(MERGESORT.java:47)
	at java_programs.MERGESORT.mergesort(MERGESORT.java:47)
	at java_programs.MERGESORT.mergesort(MERGESORT.java:47)
	at java_programs.MERGESORT.mergesort(MERGESORT.java:47)
	at java_programs.MERGESORT.mergesort(MERGESORT.java:47)
	at java_programs.MERGESORT.mergesort(MERGESORT.java:47)
	at java_programs.MERGESORT.mergesort(MERGESORT.java:47)
	at java_programs.MERGESORT.mergesort(MERGESORT.java:47)
	at java_programs.MERGESORT.mergesort(MERGESORT.java:47)
	at java_programs.MERGESORT.mergesort(MERGESORT.java:47)
	at java_programs.MERGESORT.mergesort(MERGESORT.java:47)
	at java_programs.MERGESORT.mergesort(MERGESORT.java:47)
	at java_programs.MERGESORT.mergesort(MERGESORT.java:47)
	at java_programs.MERGESORT.mergesort(MERGESORT.java:47)
	at java_programs.MERGESORT.mergesort(MERGESORT.java:47)
	at java_programs.MERGESORT.mergesort(MERGESORT.java:47)
	at java_programs.MERGESORT.mergesort(MERGESORT.java:47)
	at java_programs.MERGESORT.mergesort(MERGESORT.java:47)
	at java_programs.MERGESORT.mergesort(MERGESORT.java:47)
	at java_programs.MERGESORT.mergesort(MERGESORT.java:47)
	at java_programs.MERGESORT.mergesort(MERGESORT.java:47)
	at java_programs.MERGESORT.mergesort(MERGESORT.java:47)
	at java_programs.MERGESORT.mergesort(MERGESORT.java:47)
	at java_programs.MERGESORT.mergesort(MERGESORT.java:47)
	at java_programs.MERGESORT.mergesort(MERGESORT.java:47)
	at java_programs.MERGESORT.mergesort(MERGESORT.java:47)
	at java_programs.MERGESORT.mergesort(MERGESORT.java:47)
	at java_programs.MERGESORT.mergesort(MERGESORT.java:47)
	at java_programs.MERGESORT.mergesort(MERGESORT.java:47)
	at java_programs.MERGESORT.mergesort(MERGESORT.java:47)
	at java_programs.MERGESORT.mergesort(MERGESORT.java:47)
	at java_programs.MERGESORT.mergesort(MERGESORT.java:47)
	at java_programs.MERGESORT.mergesort(MERGESORT.java:47)
	at java_programs.MERGESORT.mergesort(MERGESORT.java:47)
	at java_programs.MERGESORT.mergesort(MERGESORT.java:47)
	at java_programs.MERGESORT.mergesort(MERGESORT.java:47)
	at java_programs.MERGESORT.mergesort(MERGESORT.java:47)
	at java_programs.MERGESORT.mergesort(MERGESORT.java:47)
	at java_programs.MERGESORT.mergesort(MERGESORT.java:47)
	at java_programs.MERGESORT.mergesort(MERGESORT.java:47)
	at java_programs.MERGESORT.mergesort(MERGESORT.java:47)
	at java_programs.MERGESORT.mergesort(MERGESORT.java:47)
	at java_programs.MERGESORT.mergesort(MERGESORT.java:47)
	at java_programs.MERGESORT.mergesort(MERGESORT.java:47)
	at java_programs.MERGESORT.mergesort(MERGESORT.java:47)
	at java_programs.MERGESORT.mergesort(MERGESORT.java:47)
	at java_programs.MERGESORT.mergesort(MERGESORT.java:47)
	at java_programs.MERGESORT.mergesort(MERGESORT.java:47)
	at java_programs.MERGESORT.mergesort(MERGESORT.java:47)
	at java_programs.MERGESORT.mergesort(MERGESORT.java:47)
	at java_programs.MERGESORT.mergesort(MERGESORT.java:47)
	at java_programs.MERGESORT.mergesort(MERGESORT.java:47)
	at java_programs.MERGESORT.mergesort(MERGESORT.java:47)
	at java_programs.MERGESORT.mergesort(MERGESORT.java:47)
	at java_programs.MERGESORT.mergesort(MERGESORT.java:47)
	at java_programs.MERGESORT.mergesort(MERGESORT.java:47)
	at java_programs.MERGESORT.mergesort(MERGESORT.java:47)
	at java_programs.MERGESORT.mergesort(MERGESORT.java:47)
	at java_programs.MERGESORT.mergesort(MERGESORT.java:47)
	at java_programs.MERGESORT.mergesort(MERGESORT.java:47)
	at java_programs.MERGESORT.mergesort(MERGESORT.java:47)
	at java_programs.MERGESORT.mergesort(MERGESORT.java:47)
	at java_programs.MERGESORT.mergesort(MERGESORT.java:47)
	at java_programs.MERGESORT.mergesort(MERGESORT.java:47)
	at java_programs.MERGESORT.mergesort(MERGESORT.java:47)
	at java_programs.MERGESORT.mergesort(MERGESORT.java:47)
	at java_programs.MERGESORT.mergesort(MERGESORT.java:47)
	at java_programs.MERGESORT.mergesort(MERGESORT.java:47)
	at java_programs.MERGESORT.mergesort(MERGESORT.java:47)
	at java_programs.MERGESORT.mergesort(MERGESORT.java:47)
	at java_programs.MERGESORT.mergesort(MERGESORT.java:47)
	at java_programs.MERGESORT.mergesort(MERGESORT.java:47)
	at java_programs.MERGESORT.mergesort(MERGESORT.java:47)
	at java_programs.MERGESORT.mergesort(MERGESORT.java:47)
	at java_programs.MERGESORT.mergesort(MERGESORT.java:47)
	at java_programs.MERGESORT.mergesort(MERGESORT.java:47)
	at java_programs.MERGESORT.mergesort(MERGESORT.java:47)
	at java_programs.MERGESORT.mergesort(MERGESORT.java:47)
	at java_programs.MERGESORT.mergesort(MERGESORT.java:47)
	at java_programs.MERGESORT.mergesort(MERGESORT.java:47)
	at java_programs.MERGESORT.mergesort(MERGESORT.java:47)
	at java_programs.MERGESORT.mergesort(MERGESORT.java:47)
	at java_programs.MERGESORT.mergesort(MERGESORT.java:47)
	at java_programs.MERGESORT.mergesort(MERGESORT.java:47)
	at java_programs.MERGESORT.mergesort(MERGESORT.java:47)
	at java_programs.MERGESORT.mergesort(MERGESORT.java:47)
	at java_programs.MERGESORT.mergesort(MERGESORT.java:47)
	at java_programs.MERGESORT.mergesort(MERGESORT.java:47)
	at java_programs.MERGESORT.mergesort(MERGESORT.java:47)
	at java_programs.MERGESORT.mergesort(MERGESORT.java:47)
	at java_programs.MERGESORT.mergesort(MERGESORT.java:47)
	at java_programs.MERGESORT.mergesort(MERGESORT.java:47)
	at java_programs.MERGESORT.mergesort(MERGESORT.java:47)
	at java_programs.MERGESORT.mergesort(MERGESORT.java:47)
	at java_programs.MERGESORT.mergesort(MERGESORT.java:47)
	at java_programs.MERGESORT.mergesort(MERGESORT.java:47)
	at java_programs.MERGESORT.mergesort(MERGESORT.java:47)
	at java_programs.MERGESORT.mergesort(MERGESORT.java:47)
	at java_programs.MERGESORT.mergesort(MERGESORT.java:47)
	at java_programs.MERGESORT.mergesort(MERGESORT.java:47)
	at java_programs.MERGESORT.mergesort(MERGESORT.java:47)
	at java_programs.MERGESORT.mergesort(MERGESORT.java:47)
	at java_programs.MERGESORT.mergesort(MERGESORT.java:47)
	at java_programs.MERGESORT.mergesort(MERGESORT.java:47)
	at java_programs.MERGESORT.mergesort(MERGESORT.java:47)
	at java_programs.MERGESORT.mergesort(MERGESORT.java:47)
	at java_programs.MERGESORT.mergesort(MERGESORT.java:47)
	at java_programs.MERGESORT.mergesort(MERGESORT.java:47)
	at java_programs.MERGESORT.mergesort(MERGESORT.java:47)
	at java_programs.MERGESORT.mergesort(MERGESORT.java:47)
	at java_programs.MERGESORT.mergesort(MERGESORT.java:47)
	at java_programs.MERGESORT.mergesort(MERGESORT.java:47)
	at java_programs.MERGESORT.mergesort(MERGESORT.java:47)
	at java_programs.MERGESORT.mergesort(MERGESORT.java:47)
	at java_programs.MERGESORT.mergesort(MERGESORT.java:47)
	at java_programs.MERGESORT.mergesort(MERGESORT.java:47)
	at java_programs.MERGESORT.mergesort(MERGESORT.java:47)
	at java_programs.MERGESORT.mergesort(MERGESORT.java:47)
	at java_programs.MERGESORT.mergesort(MERGESORT.java:47)
	at java_programs.MERGESORT.mergesort(MERGESORT.java:47)
	at java_programs.MERGESORT.mergesort(MERGESORT.java:47)
	at java_programs.MERGESORT.mergesort(MERGESORT.java:47)
	at java_programs.MERGESORT.mergesort(MERGESORT.java:47)
	at java_programs.MERGESORT.mergesort(MERGESORT.java:47)
	at java_programs.MERGESORT.mergesort(MERGESORT.java:47)
	at java_programs.MERGESORT.mergesort(MERGESORT.java:47)
	at java_programs.MERGESORT.mergesort(MERGESORT.java:47)
	at java_programs.MERGESORT.mergesort(MERGESORT.java:47)
	at java_programs.MERGESORT.mergesort(MERGESORT.java:47)
	at java_programs.MERGESORT.mergesort(MERGESORT.java:47)
	at java_programs.MERGESORT.mergesort(MERGESORT.java:47)
	at java_programs.MERGESORT.mergesort(MERGESORT.java:47)
	at java_programs.MERGESORT.mergesort(MERGESORT.java:47)
	at java_programs.MERGESORT.mergesort(MERGESORT.java:47)
	at java_programs.MERGESORT.mergesort(MERGESORT.java:47)
	at java_programs.MERGESORT.mergesort(MERGESORT.java:47)
	at java_programs.MERGESORT.mergesort(MERGESORT.java:47)
	at java_programs.MERGESORT.mergesort(MERGESORT.java:47)
	at java_programs.MERGESORT.mergesort(MERGESORT.java:47)
	at java_programs.MERGESORT.mergesort(MERGESORT.java:47)
	at java_programs.MERGESORT.mergesort(MERGESORT.java:47)
	at java_programs.MERGESORT.mergesort(MERGESORT.java:47)
	at java_programs.MERGESORT.mergesort(MERGESORT.java:47)
	at java_programs.MERGESORT.mergesort(MERGESORT.java:47)
	at java_programs.MERGESORT.mergesort(MERGESORT.java:47)
	at java_programs.MERGESORT.mergesort(MERGESORT.java:47)
	at java_programs.MERGESORT.mergesort(MERGESORT.java:47)
	at java_programs.MERGESORT.mergesort(MERGESORT.java:47)
	at java_programs.MERGESORT.mergesort(MERGESORT.java:47)
	at java_programs.MERGESORT.mergesort(MERGESORT.java:47)
	at java_programs.MERGESORT.mergesort(MERGESORT.java:47)
	at java_programs.MERGESORT.mergesort(MERGESORT.java:47)
	at java_programs.MERGESORT.mergesort(MERGESORT.java:47)
	at java_programs.MERGESORT.mergesort(MERGESORT.java:47)
	at java_programs.MERGESORT.mergesort(MERGESORT.java:47)
	at java_programs.MERGESORT.mergesort(MERGESORT.java:47)
	at java_programs.MERGESORT.mergesort(MERGESORT.java:47)
	at java_programs.MERGESORT.mergesort(MERGESORT.java:47)
	at java_programs.MERGESORT.mergesort(MERGESORT.java:47)
	at java_programs.MERGESORT.mergesort(MERGESORT.java:47)
	at java_programs.MERGESORT.mergesort(MERGESORT.java:47)
	at java_programs.MERGESORT.mergesort(MERGESORT.java:47)
	at java_programs.MERGESORT.mergesort(MERGESORT.java:47)
	at java_programs.MERGESORT.mergesort(MERGESORT.java:47)
	at java_programs.MERGESORT.mergesort(MERGESORT.java:47)
	at java_programs.MERGESORT.mergesort(MERGESORT.java:47)
	at java_programs.MERGESORT.mergesort(MERGESORT.java:47)
	at java_programs.MERGESORT.mergesort(MERGESORT.java:47)
	at java_programs.MERGESORT.mergesort(MERGESORT.java:47)
	at java_programs.MERGESORT.mergesort(MERGESORT.java:47)
	at java_programs.MERGESORT.mergesort(MERGESORT.java:47)
	at java_programs.MERGESORT.mergesort(MERGESORT.java:47)
	at java_programs.MERGESORT.mergesort(MERGESORT.java:47)
	at java_programs.MERGESORT.mergesort(MERGESORT.java:47)
	at java_programs.MERGESORT.mergesort(MERGESORT.java:47)
	at java_programs.MERGESORT.mergesort(MERGESORT.java:47)
	at java_programs.MERGESORT.mergesort(MERGESORT.java:47)
	at java_programs.MERGESORT.mergesort(MERGESORT.java:47)
	at java_programs.MERGESORT.mergesort(MERGESORT.java:47)
	at java_programs.MERGESORT.mergesort(MERGESORT.java:47)
	at java_programs.MERGESORT.mergesort(MERGESORT.java:47)
	at java_programs.MERGESORT.mergesort(MERGESORT.java:47)
	at java_programs.MERGESORT.mergesort(MERGESORT.java:47)
	at java_programs.MERGESORT.mergesort(MERGESORT.java:47)
	at java_programs.MERGESORT.mergesort(MERGESORT.java:47)
	at java_programs.MERGESORT.mergesort(MERGESORT.java:47)
	at java_programs.MERGESORT.mergesort(MERGESORT.java:47)
	at java_programs.MERGESORT.mergesort(MERGESORT.java:47)
	at java_programs.MERGESORT.mergesort(MERGESORT.java:47)
	at java_programs.MERGESORT.mergesort(MERGESORT.java:47)
	at java_programs.MERGESORT.mergesort(MERGESORT.java:47)
	at java_programs.MERGESORT.mergesort(MERGESORT.java:47)
	at java_programs.MERGESORT.mergesort(MERGESORT.java:47)
	at java_programs.MERGESORT.mergesort(MERGESORT.java:47)
	at java_programs.MERGESORT.mergesort(MERGESORT.java:47)
	at java_programs.MERGESORT.mergesort(MERGESORT.java:47)
	at java_programs.MERGESORT.mergesort(MERGESORT.java:47)
	at java_programs.MERGESORT.mergesort(MERGESORT.java:47)
	at java_programs.MERGESORT.mergesort(MERGESORT.java:47)
	at java_programs.MERGESORT.mergesort(MERGESORT.java:47)
	at java_programs.MERGESORT.mergesort(MERGESORT.java:47)
	at java_programs.MERGESORT.mergesort(MERGESORT.java:47)
	at java_programs.MERGESORT.mergesort(MERGESORT.java:47)
	at java_programs.MERGESORT.mergesort(MERGESORT.java:47)
	at java_programs.MERGESORT.mergesort(MERGESORT.java:47)
	at java_programs.MERGESORT.mergesort(MERGESORT.java:47)
	at java_programs.MERGESORT.mergesort(MERGESORT.java:47)
	at java_programs.MERGESORT.mergesort(MERGESORT.java:47)
	at java_programs.MERGESORT.mergesort(MERGESORT.java:47)
	at java_programs.MERGESORT.mergesort(MERGESORT.java:47)
	at java_programs.MERGESORT.mergesort(MERGESORT.java:47)
	at java_programs.MERGESORT.mergesort(MERGESORT.java:47)
	at java_programs.MERGESORT.mergesort(MERGESORT.java:47)
	at java_programs.MERGESORT.mergesort(MERGESORT.java:47)
	at java_programs.MERGESORT.mergesort(MERGESORT.java:47)
	at java_programs.MERGESORT.mergesort(MERGESORT.java:47)
	at java_programs.MERGESORT.mergesort(MERGESORT.java:47)
	at java_programs.MERGESORT.mergesort(MERGESORT.java:47)
	at java_programs.MERGESORT.mergesort(MERGESORT.java:47)
	at java_programs.MERGESORT.mergesort(MERGESORT.java:47)
	at java_programs.MERGESORT.mergesort(MERGESORT.java:47)
	at java_programs.MERGESORT.mergesort(MERGESORT.java:47)
	at java_programs.MERGESORT.mergesort(MERGESORT.java:47)
	at java_programs.MERGESORT.mergesort(MERGESORT.java:47)
	at java_programs.MERGESORT.mergesort(MERGESORT.java:47)
	at java_programs.MERGESORT.mergesort(MERGESORT.java:47)
	at java_programs.MERGESORT.mergesort(MERGESORT.java:47)
	at java_programs.MERGESORT.mergesort(MERGESORT.java:47)
	at java_programs.MERGESORT.mergesort(MERGESORT.java:47)
	at java_programs.MERGESORT.mergesort(MERGESORT.java:47)
	at java_programs.MERGESORT.mergesort(MERGESORT.java:47)
	at java_programs.MERGESORT.mergesort(MERGESORT.java:47)
	at java_programs.MERGESORT.mergesort(MERGESORT.java:47)
	at java_programs.MERGESORT.mergesort(MERGESORT.java:47)
	at java_programs.MERGESORT.mergesort(MERGESORT.java:47)
	at java_programs.MERGESORT.mergesort(MERGESORT.java:47)
	at java_programs.MERGESORT.mergesort(MERGESORT.java:47)
	at java_programs.MERGESORT.mergesort(MERGESORT.java:47)
	at java_programs.MERGESORT.mergesort(MERGESORT.java:47)
	at java_programs.MERGESORT.mergesort(MERGESORT.java:47)
	at java_programs.MERGESORT.mergesort(MERGESORT.java:47)
	at java_programs.MERGESORT.mergesort(MERGESORT.java:47)
	at java_programs.MERGESORT.mergesort(MERGESORT.java:47)
	at java_programs.MERGESORT.mergesort(MERGESORT.java:47)
	at java_programs.MERGESORT.mergesort(MERGESORT.java:47)
	at java_programs.MERGESORT.mergesort(MERGESORT.java:47)
	at java_programs.MERGESORT.mergesort(MERGESORT.java:47)
	at java_programs.MERGESORT.mergesort(MERGESORT.java:47)
	at java_programs.MERGESORT.mergesort(MERGESORT.java:47)
	at java_programs.MERGESORT.mergesort(MERGESORT.java:47)
	at java_programs.MERGESORT.mergesort(MERGESORT.java:47)
	at java_programs.MERGESORT.mergesort(MERGESORT.java:47)
	at java_programs.MERGESORT.mergesort(MERGESORT.java:47)
	at java_programs.MERGESORT.mergesort(MERGESORT.java:47)
	at java_programs.MERGESORT.mergesort(MERGESORT.java:47)
	at java_programs.MERGESORT.mergesort(MERGESORT.java:47)
	at java_programs.MERGESORT.mergesort(MERGESORT.java:47)
	at java_programs.MERGESORT.mergesort(MERGESORT.java:47)
	at java_programs.MERGESORT.mergesort(MERGESORT.java:47)
	at java_programs.MERGESORT.mergesort(MERGESORT.java:47)
	at java_programs.MERGESORT.mergesort(MERGESORT.java:47)
	at java_programs.MERGESORT.mergesort(MERGESORT.java:47)
	at java_programs.MERGESORT.mergesort(MERGESORT.java:47)
	at java_programs.MERGESORT.mergesort(MERGESORT.java:47)
	at java_programs.MERGESORT.mergesort(MERGESORT.java:47)
	at java_programs.MERGESORT.mergesort(MERGESORT.java:47)
	at java_programs.MERGESORT.mergesort(MERGESORT.java:47)
	at java_programs.MERGESORT.mergesort(MERGESORT.java:47)
	at java_programs.MERGESORT.mergesort(MERGESORT.java:47)
	at java_programs.MERGESORT.mergesort(MERGESORT.java:47)
	at java_programs.MERGESORT.mergesort(MERGESORT.java:47)
	at java_programs.MERGESORT.mergesort(MERGESORT.java:47)
	at java_programs.MERGESORT.mergesort(MERGESORT.java:47)
	at java_programs.MERGESORT.mergesort(MERGESORT.java:47)
	at java_programs.MERGESORT.mergesort(MERGESORT.java:47)
	at java_programs.MERGESORT.mergesort(MERGESORT.java:47)
	at java_programs.MERGESORT.mergesort(MERGESORT.java:47)
	at java_programs.MERGESORT.mergesort(MERGESORT.java:47)
	at java_programs.MERGESORT.mergesort(MERGESORT.java:47)
	at java_programs.MERGESORT.mergesort(MERGESORT.java:47)
	at java_programs.MERGESORT.mergesort(MERGESORT.java:47)
	at java_programs.MERGESORT.mergesort(MERGESORT.java:47)
	at java_programs.MERGESORT.mergesort(MERGESORT.java:47)
	at java_programs.MERGESORT.mergesort(MERGESORT.java:47)
	at java_programs.MERGESORT.mergesort(MERGESORT.java:47)
	at java_programs.MERGESORT.mergesort(MERGESORT.java:47)
	at java_programs.MERGESORT.mergesort(MERGESORT.java:47)
	at java_programs.MERGESORT.mergesort(MERGESORT.java:47)
	at java_programs.MERGESORT.mergesort(MERGESORT.java:47)
	at java_programs.MERGESORT.mergesort(MERGESORT.java:47)
	at java_programs.MERGESORT.mergesort(MERGESORT.java:47)
	at java_programs.MERGESORT.mergesort(MERGESORT.java:47)
	at java_programs.MERGESORT.mergesort(MERGESORT.java:47)
	at java_programs.MERGESORT.mergesort(MERGESORT.java:47)
	at java_programs.MERGESORT.mergesort(MERGESORT.java:47)
	at java_programs.MERGESORT.mergesort(MERGESORT.java:47)
	at java_programs.MERGESORT.mergesort(MERGESORT.java:47)
	at java_programs.MERGESORT.mergesort(MERGESORT.java:47)
	at java_programs.MERGESORT.mergesort(MERGESORT.java:47)
	at java_programs.MERGESORT.mergesort(MERGESORT.java:47)
	at java_programs.MERGESORT.mergesort(MERGESORT.java:47)
	at java_programs.MERGESORT.mergesort(MERGESORT.java:47)
	at java_programs.MERGESORT.mergesort(MERGESORT.java:47)
	at java_programs.MERGESORT.mergesort(MERGESORT.java:47)
	at java_programs.MERGESORT.mergesort(MERGESORT.java:47)
	at java_programs.MERGESORT.mergesort(MERGESORT.java:47)
	at java_programs.MERGESORT.mergesort(MERGESORT.java:47)
	at java_programs.MERGESORT.mergesort(MERGESORT.java:47)
	at java_programs.MERGESORT.mergesort(MERGESORT.java:47)
	at java_programs.MERGESORT.mergesort(MERGESORT.java:47)
	at java_programs.MERGESORT.mergesort(MERGESORT.java:47)
	at java_programs.MERGESORT.mergesort(MERGESORT.java:47)
	at java_programs.MERGESORT.mergesort(MERGESORT.java:47)
	at java_programs.MERGESORT.mergesort(MERGESORT.java:47)
	at java_programs.MERGESORT.mergesort(MERGESORT.java:47)
	at java_programs.MERGESORT.mergesort(MERGESORT.java:47)
	at java_programs.MERGESORT.mergesort(MERGESORT.java:47)
	at java_programs.MERGESORT.mergesort(MERGESORT.java:47)
	at java_programs.MERGESORT.mergesort(MERGESORT.java:47)
	at java_programs.MERGESORT.mergesort(MERGESORT.java:47)
	at java_programs.MERGESORT.mergesort(MERGESORT.java:47)
	at java_programs.MERGESORT.mergesort(MERGESORT.java:47)
	at java_programs.MERGESORT.mergesort(MERGESORT.java:47)
	at java_programs.MERGESORT.mergesort(MERGESORT.java:47)
	at java_programs.MERGESORT.mergesort(MERGESORT.java:47)
	at java_programs.MERGESORT.mergesort(MERGESORT.java:47)
	at java_programs.MERGESORT.mergesort(MERGESORT.java:47)
	at java_programs.MERGESORT.mergesort(MERGESORT.java:47)
	at java_programs.MERGESORT.mergesort(MERGESORT.java:47)
	at java_programs.MERGESORT.mergesort(MERGESORT.java:47)
	at java_programs.MERGESORT.mergesort(MERGESORT.java:47)
	at java_programs.MERGESORT.mergesort(MERGESORT.java:47)
	at java_programs.MERGESORT.mergesort(MERGESORT.java:47)
	at java_programs.MERGESORT.mergesort(MERGESORT.java:47)
	at java_programs.MERGESORT.mergesort(MERGESORT.java:47)
	at java_programs.MERGESORT.mergesort(MERGESORT.java:47)
	at java_programs.MERGESORT.mergesort(MERGESORT.java:47)
	at java_programs.MERGESORT.mergesort(MERGESORT.java:47)
	at java_programs.MERGESORT.mergesort(MERGESORT.java:47)
	at java_programs.MERGESORT.mergesort(MERGESORT.java:47)
	at java_programs.MERGESORT.mergesort(MERGESORT.java:47)
	at java_programs.MERGESORT.mergesort(MERGESORT.java:47)
	at java_programs.MERGESORT.mergesort(MERGESORT.java:47)
	at java_programs.MERGESORT.mergesort(MERGESORT.java:47)
	at java_programs.MERGESORT.mergesort(MERGESORT.java:47)
	at java_programs.MERGESORT.mergesort(MERGESORT.java:47)
	at java_programs.MERGESORT.mergesort(MERGESORT.java:47)
	at java_programs.MERGESORT.mergesort(MERGESORT.java:47)
	at java_programs.MERGESORT.mergesort(MERGESORT.java:47)
	at java_programs.MERGESORT.mergesort(MERGESORT.java:47)
	at java_programs.MERGESORT.mergesort(MERGESORT.java:47)
	at java_programs.MERGESORT.mergesort(MERGESORT.java:47)
	at java_programs.MERGESORT.mergesort(MERGESORT.java:47)
	at java_programs.MERGESORT.mergesort(MERGESORT.java:47)
	at java_programs.MERGESORT.mergesort(MERGESORT.java:47)
	at java_programs.MERGESORT.mergesort(MERGESORT.java:47)
	at java_programs.MERGESORT.mergesort(MERGESORT.java:47)
	at java_programs.MERGESORT.mergesort(MERGESORT.java:47)
	at java_programs.MERGESORT.mergesort(MERGESORT.java:47)
	at java_programs.MERGESORT.mergesort(MERGESORT.java:47)
	at java_programs.MERGESORT.mergesort(MERGESORT.java:47)
	at java_programs.MERGESORT.mergesort(MERGESORT.java:47)
	at java_programs.MERGESORT.mergesort(MERGESORT.java:47)
	at java_programs.MERGESORT.mergesort(MERGESORT.java:47)
	at java_programs.MERGESORT.mergesort(MERGESORT.java:47)
	at java_programs.MERGESORT.mergesort(MERGESORT.java:47)
	at java_programs.MERGESORT.mergesort(MERGESORT.java:47)
	at java_programs.MERGESORT.mergesort(MERGESORT.java:47)
	at java_programs.MERGESORT.mergesort(MERGESORT.java:47)
	at java_programs.MERGESORT.mergesort(MERGESORT.java:47)
	at java_programs.MERGESORT.mergesort(MERGESORT.java:47)
	at java_programs.MERGESORT.mergesort(MERGESORT.java:47)
	at java_programs.MERGESORT.mergesort(MERGESORT.java:47)
	at java_programs.MERGESORT.mergesort(MERGESORT.java:47)
	at java_programs.MERGESORT.mergesort(MERGESORT.java:47)
	at java_programs.MERGESORT.mergesort(MERGESORT.java:47)
	at java_programs.MERGESORT.mergesort(MERGESORT.java:47)
	at java_programs.MERGESORT.mergesort(MERGESORT.java:47)
	at java_programs.MERGESORT.mergesort(MERGESORT.java:47)
	at java_programs.MERGESORT.mergesort(MERGESORT.java:47)
	at java_programs.MERGESORT.mergesort(MERGESORT.java:47)
	at java_programs.MERGESORT.mergesort(MERGESORT.java:47)
	at java_programs.MERGESORT.mergesort(MERGESORT.java:47)
	at java_programs.MERGESORT.mergesort(MERGESORT.java:47)
	at java_programs.MERGESORT.mergesort(MERGESORT.java:47)
	at java_programs.MERGESORT.mergesort(MERGESORT.java:47)
	at java_programs.MERGESORT.mergesort(MERGESORT.java:47)
	at java_programs.MERGESORT.mergesort(MERGESORT.java:47)
	at java_programs.MERGESORT.mergesort(MERGESORT.java:47)
	at java_programs.MERGESORT.mergesort(MERGESORT.java:47)
	at java_programs.MERGESORT.mergesort(MERGESORT.java:47)
	at java_programs.MERGESORT.mergesort(MERGESORT.java:47)
	at java_programs.MERGESORT.mergesort(MERGESORT.java:47)
	at java_programs.MERGESORT.mergesort(MERGESORT.java:47)
	at java_programs.MERGESORT.mergesort(MERGESORT.java:47)
	at java_programs.MERGESORT.mergesort(MERGESORT.java:47)
	at java_programs.MERGESORT.mergesort(MERGESORT.java:47)
	at java_programs.MERGESORT.mergesort(MERGESORT.java:47)
	at java_programs.MERGESORT.mergesort(MERGESORT.java:47)
	at java_programs.MERGESORT.mergesort(MERGESORT.java:47)
	at java_programs.MERGESORT.mergesort(MERGESORT.java:47)
	at java_programs.MERGESORT.mergesort(MERGESORT.java:47)
	at java_programs.MERGESORT.mergesort(MERGESORT.java:47)
	at java_programs.MERGESORT.mergesort(MERGESORT.java:47)
	at java_programs.MERGESORT.mergesort(MERGESORT.java:47)
	at java_programs.MERGESORT.mergesort(MERGESORT.java:47)
	at java_programs.MERGESORT.mergesort(MERGESORT.java:47)
	at java_programs.MERGESORT.mergesort(MERGESORT.java:47)
	at java_programs.MERGESORT.mergesort(MERGESORT.java:47)
	at java_programs.MERGESORT.mergesort(MERGESORT.java:47)
	at java_programs.MERGESORT.mergesort(MERGESORT.java:47)
	at java_programs.MERGESORT.mergesort(MERGESORT.java:47)
	at java_programs.MERGESORT.mergesort(MERGESORT.java:47)
	at java_programs.MERGESORT.mergesort(MERGESORT.java:47)
	at java_programs.MERGESORT.mergesort(MERGESORT.java:47)
	at java_programs.MERGESORT.mergesort(MERGESORT.java:47)
	at java_programs.MERGESORT.mergesort(MERGESORT.java:47)
	at java_programs.MERGESORT.mergesort(MERGESORT.java:47)
	at java_programs.MERGESORT.mergesort(MERGESORT.java:47)
	at java_programs.MERGESORT.mergesort(MERGESORT.java:47)
	at java_programs.MERGESORT.mergesort(MERGESORT.java:47)
	at java_programs.MERGESORT.mergesort(MERGESORT.java:47)
	at java_programs.MERGESORT.mergesort(MERGESORT.java:47)
	at java_programs.MERGESORT.mergesort(MERGESORT.java:47)
	at java_programs.MERGESORT.mergesort(MERGESORT.java:47)
	at java_programs.MERGESORT.mergesort(MERGESORT.java:47)
	at java_programs.MERGESORT.mergesort(MERGESORT.java:47)
	at java_programs.MERGESORT.mergesort(MERGESORT.java:47)
	at java_programs.MERGESORT.mergesort(MERGESORT.java:47)
	at java_programs.MERGESORT.mergesort(MERGESORT.java:47)
	at java_programs.MERGESORT.mergesort(MERGESORT.java:47)
	at java_programs.MERGESORT.mergesort(MERGESORT.java:47)
	at java_programs.MERGESORT.mergesort(MERGESORT.java:47)
	at java_programs.MERGESORT.mergesort(MERGESORT.java:47)
	at java_programs.MERGESORT.mergesort(MERGESORT.java:47)
	at java_programs.MERGESORT.mergesort(MERGESORT.java:47)
	at java_programs.MERGESORT.mergesort(MERGESORT.java:47)
	at java_programs.MERGESORT.mergesort(MERGESORT.java:47)
	at java_programs.MERGESORT.mergesort(MERGESORT.java:47)
	at java_programs.MERGESORT.mergesort(MERGESORT.java:47)
	at java_programs.MERGESORT.mergesort(MERGESORT.java:47)
	at java_programs.MERGESORT.mergesort(MERGESORT.java:47)
	at java_programs.MERGESORT.mergesort(MERGESORT.java:47)
	at java_programs.MERGESORT.mergesort(MERGESORT.java:47)
	at java_programs.MERGESORT.mergesort(MERGESORT.java:47)
	at java_programs.MERGESORT.mergesort(MERGESORT.java:47)
	at java_programs.MERGESORT.mergesort(MERGESORT.java:47)
	at java_programs.MERGESORT.mergesort(MERGESORT.java:47)
	at java_programs.MERGESORT.mergesort(MERGESORT.java:47)
	at java_programs.MERGESORT.mergesort(MERGESORT.java:47)
	at java_programs.MERGESORT.mergesort(MERGESORT.java:47)
	at java_programs.MERGESORT.mergesort(MERGESORT.java:47)
	at java_programs.MERGESORT.mergesort(MERGESORT.java:47)
	at java_programs.MERGESORT.mergesort(MERGESORT.java:47)
	at java_programs.MERGESORT.mergesort(MERGESORT.java:47)
	at java_programs.MERGESORT.mergesort(MERGESORT.java:47)
	at java_programs.MERGESORT.mergesort(MERGESORT.java:47)
	at java_programs.MERGESORT.mergesort(MERGESORT.java:47)
	at java_programs.MERGESORT.mergesort(MERGESORT.java:47)
	at java_programs.MERGESORT.mergesort(MERGESORT.java:47)
	at java_programs.MERGESORT.mergesort(MERGESORT.java:47)
	at java_programs.MERGESORT.mergesort(MERGESORT.java:47)
	at java_programs.MERGESORT.mergesort(MERGESORT.java:47)
	at java_programs.MERGESORT.mergesort(MERGESORT.java:47)
	at java_programs.MERGESORT.mergesort(MERGESORT.java:47)
	at java_programs.MERGESORT.mergesort(MERGESORT.java:47)
	at java_programs.MERGESORT.mergesort(MERGESORT.java:47)
	at java_programs.MERGESORT.mergesort(MERGESORT.java:47)
	at java_programs.MERGESORT.mergesort(MERGESORT.java:47)
	at java_programs.MERGESORT.mergesort(MERGESORT.java:47)
	at java_programs.MERGESORT.mergesort(MERGESORT.java:47)
	at java_programs.MERGESORT.mergesort(MERGESORT.java:47)
	at java_programs.MERGESORT.mergesort(MERGESORT.java:47)
	at java_programs.MERGESORT.mergesort(MERGESORT.java:47)
	at java_programs.MERGESORT.mergesort(MERGESORT.java:47)
	at java_programs.MERGESORT.mergesort(MERGESORT.java:47)
	at java_programs.MERGESORT.mergesort(MERGESORT.java:47)
	at java_programs.MERGESORT.mergesort(MERGESORT.java:47)
	at java_programs.MERGESORT.mergesort(MERGESORT.java:47)
	at java_programs.MERGESORT.mergesort(MERGESORT.java:47)
	at java_programs.MERGESORT.mergesort(MERGESORT.java:47)
	at java_programs.MERGESORT.mergesort(MERGESORT.java:47)
	at java_programs.MERGESORT.mergesort(MERGESORT.java:47)
	at java_programs.MERGESORT.mergesort(MERGESORT.java:47)
	at java_programs.MERGESORT.mergesort(MERGESORT.java:47)
	at java_programs.MERGESORT.mergesort(MERGESORT.java:47)
	at java_programs.MERGESORT.mergesort(MERGESORT.java:47)
	at java_programs.MERGESORT.mergesort(MERGESORT.java:47)
	at java_programs.MERGESORT.mergesort(MERGESORT.java:47)
	at java_programs.MERGESORT.mergesort(MERGESORT.java:47)
	at java_programs.MERGESORT.mergesort(MERGESORT.java:47)
	at java_programs.MERGESORT.mergesort(MERGESORT.java:47)
	at java_programs.MERGESORT.mergesort(MERGESORT.java:47)
	at java_programs.MERGESORT.mergesort(MERGESORT.java:47)
	at java_programs.MERGESORT.mergesort(MERGESORT.java:47)
	at java_programs.MERGESORT.mergesort(MERGESORT.java:47)
	at java_programs.MERGESORT.mergesort(MERGESORT.java:47)
	at java_programs.MERGESORT.mergesort(MERGESORT.java:47)
	at java_programs.MERGESORT.mergesort(MERGESORT.java:47)
	at java_programs.MERGESORT.mergesort(MERGESORT.java:47)
	at java_programs.MERGESORT.mergesort(MERGESORT.java:47)
	at java_programs.MERGESORT.mergesort(MERGESORT.java:47)
	at java_programs.MERGESORT.mergesort(MERGESORT.java:47)
	at java_programs.MERGESORT.mergesort(MERGESORT.java:47)
	at java_programs.MERGESORT.mergesort(MERGESORT.java:47)
	at java_programs.MERGESORT.mergesort(MERGESORT.java:47)
	at java_programs.MERGESORT.mergesort(MERGESORT.java:47)
	at java_programs.MERGESORT.mergesort(MERGESORT.java:47)
	at java_programs.MERGESORT.mergesort(MERGESORT.java:47)
	at java_programs.MERGESORT.mergesort(MERGESORT.java:47)
	at java_programs.MERGESORT.mergesort(MERGESORT.java:47)
	at java_programs.MERGESORT.mergesort(MERGESORT.java:47)
	at java_programs.MERGESORT.mergesort(MERGESORT.java:47)
	at java_programs.MERGESORT.mergesort(MERGESORT.java:47)
	at java_programs.MERGESORT.mergesort(MERGESORT.java:47)
	at java_programs.MERGESORT.mergesort(MERGESORT.java:47)
	at java_programs.MERGESORT.mergesort(MERGESORT.java:47)
	at java_programs.MERGESORT.mergesort(MERGESORT.java:47)
	at java_programs.MERGESORT.mergesort(MERGESORT.java:47)
	at java_programs.MERGESORT.mergesort(MERGESORT.java:47)
	at java_programs.MERGESORT.mergesort(MERGESORT.java:47)
	at java_programs.MERGESORT.mergesort(MERGESORT.java:47)
	at java_programs.MERGESORT.mergesort(MERGESORT.java:47)
	at java_programs.MERGESORT.mergesort(MERGESORT.java:47)
	at java_programs.MERGESORT.mergesort(MERGESORT.java:47)
	at java_programs.MERGESORT.mergesort(MERGESORT.java:47)
	at java_programs.MERGESORT.mergesort(MERGESORT.java:47)
	at java_programs.MERGESORT.mergesort(MERGESORT.java:47)
	at java_programs.MERGESORT.mergesort(MERGESORT.java:47)
	at java_programs.MERGESORT.mergesort(MERGESORT.java:47)
	at java_programs.MERGESORT.mergesort(MERGESORT.java:47)
	at java_programs.MERGESORT.mergesort(MERGESORT.java:47)
	at java_programs.MERGESORT.mergesort(MERGESORT.java:47)
	at java_programs.MERGESORT.mergesort(MERGESORT.java:47)
	at java_programs.MERGESORT.mergesort(MERGESORT.java:47)
	at java_programs.MERGESORT.mergesort(MERGESORT.java:47)
	at java_programs.MERGESORT.mergesort(MERGESORT.java:47)
	at java_programs.MERGESORT.mergesort(MERGESORT.java:47)
	at java_programs.MERGESORT.mergesort(MERGESORT.java:47)
	at java_programs.MERGESORT.mergesort(MERGESORT.java:47)
	at java_programs.MERGESORT.mergesort(MERGESORT.java:47)
	at java_programs.MERGESORT.mergesort(MERGESORT.java:47)
	at java_programs.MERGESORT.mergesort(MERGESORT.java:47)
	at java_programs.MERGESORT.mergesort(MERGESORT.java:47)
	at java_programs.MERGESORT.mergesort(MERGESORT.java:47)
	at java_programs.MERGESORT.mergesort(MERGESORT.java:47)
	at java_programs.MERGESORT.mergesort(MERGESORT.java:47)
	at java_programs.MERGESORT.mergesort(MERGESORT.java:47)
	at java_programs.MERGESORT.mergesort(MERGESORT.java:47)
	at java_programs.MERGESORT.mergesort(MERGESORT.java:47)
	at java_programs.MERGESORT.mergesort(MERGESORT.java:47)
	at java_programs.MERGESORT.mergesort(MERGESORT.java:47)
	at java_programs.MERGESORT.mergesort(MERGESORT.java:47)
	at java_programs.MERGESORT.mergesort(MERGESORT.java:47)
	at java_programs.MERGESORT.mergesort(MERGESORT.java:47)
	at java_programs.MERGESORT.mergesort(MERGESORT.java:47)
	at java_programs.MERGESORT.mergesort(MERGESORT.java:47)
	at java_programs.MERGESORT.mergesort(MERGESORT.java:47)
	at java_programs.MERGESORT.mergesort(MERGESORT.java:47)
	at java_programs.MERGESORT.mergesort(MERGESORT.java:47)
	at java_programs.MERGESORT.mergesort(MERGESORT.java:47)
	at java_programs.MERGESORT.mergesort(MERGESORT.java:47)
	at java_programs.MERGESORT.mergesort(MERGESORT.java:47)
	at java_programs.MERGESORT.mergesort(MERGESORT.java:47)
	at java_programs.MERGESORT.mergesort(MERGESORT.java:47)
	at java_programs.MERGESORT.mergesort(MERGESORT.java:47)
	at java_programs.MERGESORT.mergesort(MERGESORT.java:47)
	at java_programs.MERGESORT.mergesort(MERGESORT.java:47)
	at java_programs.MERGESORT.mergesort(MERGESORT.java:47)
	at java_programs.MERGESORT.mergesort(MERGESORT.java:47)
	at java_programs.MERGESORT.mergesort(MERGESORT.java:47)
	at java_programs.MERGESORT.mergesort(MERGESORT.java:47)
	at java_programs.MERGESORT.mergesort(MERGESORT.java:47)
	at java_programs.MERGESORT.mergesort(MERGESORT.java:47)
	at java_programs.MERGESORT.mergesort(MERGESORT.java:47)
	at java_programs.MERGESORT.mergesort(MERGESORT.java:47)
	at java_programs.MERGESORT.mergesort(MERGESORT.java:47)
	at java_programs.MERGESORT.mergesort(MERGESORT.java:47)
	at java_programs.MERGESORT.mergesort(MERGESORT.java:47)
	at java_programs.MERGESORT.mergesort(MERGESORT.java:47)
	at java_programs.MERGESORT.mergesort(MERGESORT.java:47)
	at java_programs.MERGESORT.mergesort(MERGESORT.java:47)
	at java_programs.MERGESORT.mergesort(MERGESORT.java:47)
	at java_programs.MERGESORT.mergesort(MERGESORT.java:47)
	at java_programs.MERGESORT.mergesort(MERGESORT.java:47)
	at java_programs.MERGESORT.mergesort(MERGESORT.java:47)
	at java_programs.MERGESORT.mergesort(MERGESORT.java:47)
	at java_programs.MERGESORT.mergesort(MERGESORT.java:47)
	at java_programs.MERGESORT.mergesort(MERGESORT.java:47)
	at java_programs.MERGESORT.mergesort(MERGESORT.java:47)
	at java_programs.MERGESORT.mergesort(MERGESORT.java:47)
	at java_programs.MERGESORT.mergesort(MERGESORT.java:47)
	at java_programs.MERGESORT.mergesort(MERGESORT.java:47)
	at java_programs.MERGESORT.mergesort(MERGESORT.java:47)
	at java_programs.MERGESORT.mergesort(MERGESORT.java:47)
	at java_programs.MERGESORT.mergesort(MERGESORT.java:47)
	at java_programs.MERGESORT.mergesort(MERGESORT.java:47)
	at java_programs.MERGESORT.mergesort(MERGESORT.java:47)
	at java_programs.MERGESORT.mergesort(MERGESORT.java:47)
	at java_programs.MERGESORT.mergesort(MERGESORT.java:47)
	at java_programs.MERGESORT.mergesort(MERGESORT.java:47)
	at java_programs.MERGESORT.mergesort(MERGESORT.java:47)
	at java_programs.MERGESORT.mergesort(MERGESORT.java:47)
	at java_programs.MERGESORT.mergesort(MERGESORT.java:47)
	at java_programs.MERGESORT.mergesort(MERGESORT.java:47)
	at java_programs.MERGESORT.mergesort(MERGESORT.java:47)
	at java_programs.MERGESORT.mergesort(MERGESORT.java:47)
	at java_programs.MERGESORT.mergesort(MERGESORT.java:47)
	at java_programs.MERGESORT.mergesort(MERGESORT.java:47)
	at java_programs.MERGESORT.mergesort(MERGESORT.java:47)
	at java_programs.MERGESORT.mergesort(MERGESORT.java:47)
	at java_programs.MERGESORT.mergesort(MERGESORT.java:47)
	at java_programs.MERGESORT.mergesort(MERGESORT.java:47)
	at java_programs.MERGESORT.mergesort(MERGESORT.java:47)
	at java_programs.MERGESORT.mergesort(MERGESORT.java:47)
	at java_programs.MERGESORT.mergesort(MERGESORT.java:47)
	at java_programs.MERGESORT.mergesort(MERGESORT.java:47)
	at java_programs.MERGESORT.mergesort(MERGESORT.java:47)
	at java_programs.MERGESORT.mergesort(MERGESORT.java:47)
	at java_programs.MERGESORT.mergesort(MERGESORT.java:47)
	at java_programs.MERGESORT.mergesort(MERGESORT.java:47)
	at java_programs.MERGESORT.mergesort(MERGESORT.java:47)
	at java_programs.MERGESORT.mergesort(MERGESORT.java:47)
	at java_programs.MERGESORT.mergesort(MERGESORT.java:47)
	at java_programs.MERGESORT.mergesort(MERGESORT.java:47)
	at java_programs.MERGESORT.mergesort(MERGESORT.java:47)
	at java_programs.MERGESORT.mergesort(MERGESORT.java:47)
	at java_programs.MERGESORT.mergesort(MERGESORT.java:47)
	at java_programs.MERGESORT.mergesort(MERGESORT.java:47)
	at java_programs.MERGESORT.mergesort(MERGESORT.java:47)
	at java_programs.MERGESORT.mergesort(MERGESORT.java:47)
	at java_programs.MERGESORT.mergesort(MERGESORT.java:47)
	at java_programs.MERGESORT.mergesort(MERGESORT.java:47)
	at java_programs.MERGESORT.mergesort(MERGESORT.java:47)
	at java_programs.MERGESORT.mergesort(MERGESORT.java:47)
	at java_programs.MERGESORT.mergesort(MERGESORT.java:47)
	at java_programs.MERGESORT.mergesort(MERGESORT.java:47)
	at java_programs.MERGESORT.mergesort(MERGESORT.java:47)
	at java_programs.MERGESORT.mergesort(MERGESORT.java:47)
	at java_programs.MERGESORT.mergesort(MERGESORT.java:47)
	at java_programs.MERGESORT.mergesort(MERGESORT.java:47)
	at java_programs.MERGESORT.mergesort(MERGESORT.java:47)
	at java_programs.MERGESORT.mergesort(MERGESORT.java:47)
	at java_programs.MERGESORT.mergesort(MERGESORT.java:47)
	at java_programs.MERGESORT.mergesort(MERGESORT.java:47)
	at java_programs.MERGESORT.mergesort(MERGESORT.java:47)
	at java_programs.MERGESORT.mergesort(MERGESORT.java:47)
	at java_programs.MERGESORT.mergesort(MERGESORT.java:47)
	at java_programs.MERGESORT.mergesort(MERGESORT.java:47)
	at java_programs.MERGESORT.mergesort(MERGESORT.java:47)
	at java_programs.MERGESORT.mergesort(MERGESORT.java:47)
	at java_programs.MERGESORT.mergesort(MERGESORT.java:47)
	at java_programs.MERGESORT.mergesort(MERGESORT.java:47)
	at java_programs.MERGESORT.mergesort(MERGESORT.java:47)
	at java_programs.MERGESORT.mergesort(MERGESORT.java:47)
	at java_programs.MERGESORT.mergesort(MERGESORT.java:47)
	at java_programs.MERGESORT.mergesort(MERGESORT.java:47)
	at java_programs.MERGESORT.mergesort(MERGESORT.java:47)
	at java_programs.MERGESORT.mergesort(MERGESORT.java:47)
	at java_programs.MERGESORT.mergesort(MERGESORT.java:47)
	at java_programs.MERGESORT.mergesort(MERGESORT.java:47)
	at java_programs.MERGESORT.mergesort(MERGESORT.java:47)
	at java_programs.MERGESORT.mergesort(MERGESORT.java:47)
	at java_programs.MERGESORT.mergesort(MERGESORT.java:47)
	at java_programs.MERGESORT.mergesort(MERGESORT.java:47)
	at java_programs.MERGESORT.mergesort(MERGESORT.java:47)
	at java_programs.MERGESORT.mergesort(MERGESORT.java:47)
	at java_programs.MERGESORT.mergesort(MERGESORT.java:47)
	at java_programs.MERGESORT.mergesort(MERGESORT.java:47)
	at java_programs.MERGESORT.mergesort(MERGESORT.java:47)
	at java_programs.MERGESORT.mergesort(MERGESORT.java:47)
	at java_programs.MERGESORT.mergesort(MERGESORT.java:47)
	at java_programs.MERGESORT.mergesort(MERGESORT.java:47)
	at java_programs.MERGESORT.mergesort(MERGESORT.java:47)
	at java_programs.MERGESORT.mergesort(MERGESORT.java:47)
	at java_programs.MERGESORT.mergesort(MERGESORT.java:47)
	at java_programs.MERGESORT.mergesort(MERGESORT.java:47)
	at java_programs.MERGESORT.mergesort(MERGESORT.java:47)
	at java_programs.MERGESORT.mergesort(MERGESORT.java:47)
	at java_programs.MERGESORT.mergesort(MERGESORT.java:47)
	at java_programs.MERGESORT.mergesort(MERGESORT.java:47)
	at java_programs.MERGESORT.mergesort(MERGESORT.java:47)
	at java_programs.MERGESORT.mergesort(MERGESORT.java:47)
	at java_programs.MERGESORT.mergesort(MERGESORT.java:47)
	at java_programs.MERGESORT.mergesort(MERGESORT.java:47)
	at java_programs.MERGESORT.mergesort(MERGESORT.java:47)
	at java_programs.MERGESORT.mergesort(MERGESORT.java:47)
	at java_programs.MERGESORT.mergesort(MERGESORT.java:47)
	at java_programs.MERGESORT.mergesort(MERGESORT.java:47)
	at java_programs.MERGESORT.mergesort(MERGESORT.java:47)
	at java_programs.MERGESORT.mergesort(MERGESORT.java:47)
	at java_programs.MERGESORT.mergesort(MERGESORT.java:47)
	at java_programs.MERGESORT.mergesort(MERGESORT.java:47)
	at java_programs.MERGESORT.mergesort(MERGESORT.java:47)
	at java_programs.MERGESORT.mergesort(MERGESORT.java:47)
	at java_programs.MERGESORT.mergesort(MERGESORT.java:47)
	at java_programs.MERGESORT.mergesort(MERGESORT.java:47)
	at java_programs.MERGESORT.mergesort(MERGESORT.java:47)
	at java_programs.MERGESORT.mergesort(MERGESORT.java:47)
	at java_programs.MERGESORT.mergesort(MERGESORT.java:47)
	at java_programs.MERGESORT.mergesort(MERGESORT.java:47)
	at java_programs.MERGESORT.mergesort(MERGESORT.java:47)
	at java_programs.MERGESORT.mergesort(MERGESORT.java:47)
	at java_programs.MERGESORT.mergesort(MERGESORT.java:47)
	at java_programs.MERGESORT.mergesort(MERGESORT.java:47)
	at java_programs.MERGESORT.mergesort(MERGESORT.java:47)
	at java_programs.MERGESORT.mergesort(MERGESORT.java:47)
	at java_programs.MERGESORT.mergesort(MERGESORT.java:47)
	at java_programs.MERGESORT.mergesort(MERGESORT.java:47)
	at java_programs.MERGESORT.mergesort(MERGESORT.java:47)
	at java_programs.MERGESORT.mergesort(MERGESORT.java:47)
	at java_programs.MERGESORT.mergesort(MERGESORT.java:47)
	at java_programs.MERGESORT.mergesort(MERGESORT.java:47)
	at java_programs.MERGESORT.mergesort(MERGESORT.java:47)
	at java_programs.MERGESORT.mergesort(MERGESORT.java:47)
	at java_programs.MERGESORT.mergesort(MERGESORT.java:47)
	at java_programs.MERGESORT.mergesort(MERGESORT.java:47)
	at java_programs.MERGESORT.mergesort(MERGESORT.java:47)
	at java_programs.MERGESORT.mergesort(MERGESORT.java:47)
	at java_programs.MERGESORT.mergesort(MERGESORT.java:47)
	at java_programs.MERGESORT.mergesort(MERGESORT.java:47)
	at java_programs.MERGESORT.mergesort(MERGESORT.java:47)
	at java_programs.MERGESORT.mergesort(MERGESORT.java:47)
	at java_programs.MERGESORT.mergesort(MERGESORT.java:47)
	at java_programs.MERGESORT.mergesort(MERGESORT.java:47)
	at java_programs.MERGESORT.mergesort(MERGESORT.java:47)
	at java_programs.MERGESORT.mergesort(MERGESORT.java:47)
	at java_programs.MERGESORT.mergesort(MERGESORT.java:47)
	at java_programs.MERGESORT.mergesort(MERGESORT.java:47)
	at java_programs.MERGESORT.mergesort(MERGESORT.java:47)
	at java_programs.MERGESORT.mergesort(MERGESORT.java:47)
	at java_programs.MERGESORT.mergesort(MERGESORT.java:47)
	at java_programs.MERGESORT.mergesort(MERGESORT.java:47)
	at java_programs.MERGESORT.mergesort(MERGESORT.java:47)
	at java_programs.MERGESORT.mergesort(MERGESORT.java:47)
	at java_programs.MERGESORT.mergesort(MERGESORT.java:47)
	at java_programs.MERGESORT.mergesort(MERGESORT.java:47)
	at java_programs.MERGESORT.mergesort(MERGESORT.java:47)
	at java_programs.MERGESORT.mergesort(MERGESORT.java:47)
	at java_programs.MERGESORT.mergesort(MERGESORT.java:47)
	at java_programs.MERGESORT.mergesort(MERGESORT.java:47)
	at java_programs.MERGESORT.mergesort(MERGESORT.java:47)
	at java_programs.MERGESORT.mergesort(MERGESORT.java:47)
	at java_programs.MERGESORT.mergesort(MERGESORT.java:47)
	at java_programs.MERGESORT.mergesort(MERGESORT.java:47)
	at java_programs.MERGESORT.mergesort(MERGESORT.java:47)
	at java_programs.MERGESORT.mergesort(MERGESORT.java:47)
	at java_programs.MERGESORT.mergesort(MERGESORT.java:47)
	at java_programs.MERGESORT.mergesort(MERGESORT.java:47)
	at java_programs.MERGESORT.mergesort(MERGESORT.java:47)
	at java_programs.MERGESORT.mergesort(MERGESORT.java:47)
	at java_programs.MERGESORT.mergesort(MERGESORT.java:47)
	at java_programs.MERGESORT.mergesort(MERGESORT.java:47)
	at java_programs.MERGESORT.mergesort(MERGESORT.java:47)
	at java_programs.MERGESORT.mergesort(MERGESORT.java:47)
	at java_programs.MERGESORT.mergesort(MERGESORT.java:47)
	at java_programs.MERGESORT.mergesort(MERGESORT.java:47)
	at java_programs.MERGESORT.mergesort(MERGESORT.java:47)
	at java_programs.MERGESORT.mergesort(MERGESORT.java:47)
	at java_programs.MERGESORT.mergesort(MERGESORT.java:47)
	at java_programs.MERGESORT.mergesort(MERGESORT.java:47)
	at java_programs.MERGESORT.mergesort(MERGESORT.java:47)
	at java_programs.MERGESORT.mergesort(MERGESORT.java:47)
	at java_programs.MERGESORT.mergesort(MERGESORT.java:47)
	at java_programs.MERGESORT.mergesort(MERGESORT.java:47)
	at java_programs.MERGESORT.mergesort(MERGESORT.java:47)
	at java_programs.MERGESORT.mergesort(MERGESORT.java:47)
	at java_programs.MERGESORT.mergesort(MERGESORT.java:47)
	at java_programs.MERGESORT.mergesort(MERGESORT.java:47)
	at java_programs.MERGESORT.mergesort(MERGESORT.java:47)
	at java_programs.MERGESORT.mergesort(MERGESORT.java:47)
	at java_programs.MERGESORT.mergesort(MERGESORT.java:47)
	at java_programs.MERGESORT.mergesort(MERGESORT.java:47)
	at java_programs.MERGESORT.mergesort(MERGESORT.java:47)
	at java_programs.MERGESORT.mergesort(MERGESORT.java:47)
	at java_programs.MERGESORT.mergesort(MERGESORT.java:47)
	at java_programs.MERGESORT.mergesort(MERGESORT.java:47)
	at java_programs.MERGESORT.mergesort(MERGESORT.java:47)
	at java_programs.MERGESORT.mergesort(MERGESORT.java:47)
	at java_programs.MERGESORT.mergesort(MERGESORT.java:47)
	at java_programs.MERGESORT.mergesort(MERGESORT.java:47)
	at java_programs.MERGESORT.mergesort(MERGESORT.java:47)
	at java_programs.MERGESORT.mergesort(MERGESORT.java:47)
	at java_programs.MERGESORT.mergesort(MERGESORT.java:47)
	at java_programs.MERGESORT.mergesort(MERGESORT.java:47)
	at java_programs.MERGESORT.mergesort(MERGESORT.java:47)
	at java_programs.MERGESORT.mergesort(MERGESORT.java:47)
	at java_programs.MERGESORT.mergesort(MERGESORT.java:47)
	at java_programs.MERGESORT.mergesort(MERGESORT.java:47)
	at java_programs.MERGESORT.mergesort(MERGESORT.java:47)
	at java_programs.MERGESORT.mergesort(MERGESORT.java:47)
	at java_programs.MERGESORT.mergesort(MERGESORT.java:47)
	at java_programs.MERGESORT.mergesort(MERGESORT.java:47)
	at java_programs.MERGESORT.mergesort(MERGESORT.java:47)
	at java_programs.MERGESORT.mergesort(MERGESORT.java:47)
	at java_programs.MERGESORT.mergesort(MERGESORT.java:47)
	at java_programs.MERGESORT.mergesort(MERGESORT.java:47)
	at java_programs.MERGESORT.mergesort(MERGESORT.java:47)
	at java_programs.MERGESORT.mergesort(MERGESORT.java:47)
	at java_programs.MERGESORT.mergesort(MERGESORT.java:47)
	at java_programs.MERGESORT.mergesort(MERGESORT.java:47)
	at java_programs.MERGESORT.mergesort(MERGESORT.java:47)
	at java_programs.MERGESORT.mergesort(MERGESORT.java:47)
	at java_programs.MERGESORT.mergesort(MERGESORT.java:47)
	at java_programs.MERGESORT.mergesort(MERGESORT.java:47)
	at java_programs.MERGESORT.mergesort(MERGESORT.java:47)
	at java_programs.MERGESORT.mergesort(MERGESORT.java:47)
	at java_programs.MERGESORT.mergesort(MERGESORT.java:47)
	at java_programs.MERGESORT.mergesort(MERGESORT.java:47)
	at java_programs.MERGESORT.mergesort(MERGESORT.java:47)
	at java_programs.MERGESORT.mergesort(MERGESORT.java:47)
	at java_programs.MERGESORT.mergesort(MERGESORT.java:47)
	at java_programs.MERGESORT.mergesort(MERGESORT.java:47)
	at java_programs.MERGESORT.mergesort(MERGESORT.java:47)
	at java_programs.MERGESORT.mergesort(MERGESORT.java:47)
	at java_programs.MERGESORT.mergesort(MERGESORT.java:47)
	at java_programs.MERGESORT.mergesort(MERGESORT.java:47)
	at java_programs.MERGESORT.mergesort(MERGESORT.java:47)
	at java_programs.MERGESORT.mergesort(MERGESORT.java:47)
	at java_programs.MERGESORT.mergesort(MERGESORT.java:47)
	at java_programs.MERGESORT.mergesort(MERGESORT.java:47)
	at java_programs.MERGESORT.mergesort(MERGESORT.java:47)
	at java_programs.MERGESORT.mergesort(MERGESORT.java:47)
	at java_programs.MERGESORT.mergesort(MERGESORT.java:47)
	at java_programs.MERGESORT.mergesort(MERGESORT.java:47)
	at java_programs.MERGESORT.mergesort(MERGESORT.java:47)
	at java_programs.MERGESORT.mergesort(MERGESORT.java:47)
	at java_programs.MERGESORT.mergesort(MERGESORT.java:47)
	at java_programs.MERGESORT.mergesort(MERGESORT.java:47)
	at java_programs.MERGESORT.mergesort(MERGESORT.java:47)
	at java_programs.MERGESORT.mergesort(MERGESORT.java:47)
	at java_programs.MERGESORT.mergesort(MERGESORT.java:47)
	at java_programs.MERGESORT.mergesort(MERGESORT.java:47)
	at java_programs.MERGESORT.mergesort(MERGESORT.java:47)
	at java_programs.MERGESORT.mergesort(MERGESORT.java:47)
	at java_programs.MERGESORT.mergesort(MERGESORT.java:47)
	at java_programs.MERGESORT.mergesort(MERGESORT.java:47)
	at java_programs.MERGESORT.mergesort(MERGESORT.java:47)
	at java_programs.MERGESORT.mergesort(MERGESORT.java:47)
	at java_programs.MERGESORT.mergesort(MERGESORT.java:47)
	at java_programs.MERGESORT.mergesort(MERGESORT.java:47)
	at java_programs.MERGESORT.mergesort(MERGESORT.java:47)
	at java_programs.MERGESORT.mergesort(MERGESORT.java:47)
	at java_programs.MERGESORT.mergesort(MERGESORT.java:47)
	at java_programs.MERGESORT.mergesort(MERGESORT.java:47)
	at java_programs.MERGESORT.mergesort(MERGESORT.java:47)
	at java_programs.MERGESORT.mergesort(MERGESORT.java:47)
	at java_programs.MERGESORT.mergesort(MERGESORT.java:47)
	at java_programs.MERGESORT.mergesort(MERGESORT.java:47)
	at java_programs.MERGESORT.mergesort(MERGESORT.java:47)
	at java_programs.MERGESORT.mergesort(MERGESORT.java:47)
	at java_programs.MERGESORT.mergesort(MERGESORT.java:47)
	at java_programs.MERGESORT.mergesort(MERGESORT.java:47)
	at java_programs.MERGESORT.mergesort(MERGESORT.java:47)
	at java_programs.MERGESORT.mergesort(MERGESORT.java:47)
	at java_programs.MERGESORT.mergesort(MERGESORT.java:47)
	at java_programs.MERGESORT.mergesort(MERGESORT.java:47)
	at java_programs.MERGESORT.mergesort(MERGESORT.java:47)
	at java_programs.MERGESORT.mergesort(MERGESORT.java:47)
	at java_programs.MERGESORT.mergesort(MERGESORT.java:47)
	at java_programs.MERGESORT.mergesort(MERGESORT.java:47)
	at java_programs.MERGESORT.mergesort(MERGESORT.java:47)
	at java_programs.MERGESORT.mergesort(MERGESORT.java:47)
	at java_programs.MERGESORT.mergesort(MERGESORT.java:47)
	at java_programs.MERGESORT.mergesort(MERGESORT.java:47)
	at java_programs.MERGESORT.mergesort(MERGESORT.java:47)
	at java_programs.MERGESORT.mergesort(MERGESORT.java:47)
	at java_programs.MERGESORT.mergesort(MERGESORT.java:47)
	at java_programs.MERGESORT.mergesort(MERGESORT.java:47)
</failure>
  </testcase>
  <system-out><![CDATA[]]></system-out>
  <system-err><![CDATA[]]></system-err>
</testsuite>
