<?xml version="1.0" encoding="UTF-8"?>
<testsuite name="java_testcases.junit.DEPTH_FIRST_SEARCH_TEST" tests="5" skipped="0" failures="1" errors="0" timestamp="2024-04-03T09:44:50" hostname="LAPTOP-NVVL9JFQ" time="0.01">
  <properties/>
  <testcase name="test1" classname="java_testcases.junit.DEPTH_FIRST_SEARCH_TEST" time="0.002"/>
  <testcase name="test2" classname="java_testcases.junit.DEPTH_FIRST_SEARCH_TEST" time="0.0"/>
  <testcase name="test3" classname="java_testcases.junit.DEPTH_FIRST_SEARCH_TEST" time="0.0"/>
  <testcase name="test4" classname="java_testcases.junit.DEPTH_FIRST_SEARCH_TEST" time="0.0"/>
  <testcase name="test5" classname="java_testcases.junit.DEPTH_FIRST_SEARCH_TEST" time="0.007">
    <failure message="java.lang.StackOverflowError" type="java.lang.StackOverflowError">java.lang.StackOverflowError
	at java.base/java.util.HashSet.contains(HashSet.java:205)
	at java_programs.DEPTH_FIRST_SEARCH$1Search.search(DEPTH_FIRST_SEARCH.java:17)
	at java_programs.DEPTH_FIRST_SEARCH$1Search.search(DEPTH_FIRST_SEARCH.java:23)
	at java_programs.DEPTH_FIRST_SEARCH$1Search.search(DEPTH_FIRST_SEARCH.java:23)
	at java_programs.DEPTH_FIRST_SEARCH$1Search.search(DEPTH_FIRST_SEARCH.java:23)
	at java_programs.DEPTH_FIRST_SEARCH$1Search.search(DEPTH_FIRST_SEARCH.java:23)
	at java_programs.DEPTH_FIRST_SEARCH$1Search.search(DEPTH_FIRST_SEARCH.java:23)
	at java_programs.DEPTH_FIRST_SEARCH$1Search.search(DEPTH_FIRST_SEARCH.java:23)
	at java_programs.DEPTH_FIRST_SEARCH$1Search.search(DEPTH_FIRST_SEARCH.java:23)
	at java_programs.DEPTH_FIRST_SEARCH$1Search.search(DEPTH_FIRST_SEARCH.java:23)
	at java_programs.DEPTH_FIRST_SEARCH$1Search.search(DEPTH_FIRST_SEARCH.java:23)
	at java_programs.DEPTH_FIRST_SEARCH$1Search.search(DEPTH_FIRST_SEARCH.java:23)
	at java_programs.DEPTH_FIRST_SEARCH$1Search.search(DEPTH_FIRST_SEARCH.java:23)
	at java_programs.DEPTH_FIRST_SEARCH$1Search.search(DEPTH_FIRST_SEARCH.java:23)
	at java_programs.DEPTH_FIRST_SEARCH$1Search.search(DEPTH_FIRST_SEARCH.java:23)
	at java_programs.DEPTH_FIRST_SEARCH$1Search.search(DEPTH_FIRST_SEARCH.java:23)
	at java_programs.DEPTH_FIRST_SEARCH$1Search.search(DEPTH_FIRST_SEARCH.java:23)
	at java_programs.DEPTH_FIRST_SEARCH$1Search.search(DEPTH_FIRST_SEARCH.java:23)
	at java_programs.DEPTH_FIRST_SEARCH$1Search.search(DEPTH_FIRST_SEARCH.java:23)
	at java_programs.DEPTH_FIRST_SEARCH$1Search.search(DEPTH_FIRST_SEARCH.java:23)
	at java_programs.DEPTH_FIRST_SEARCH$1Search.search(DEPTH_FIRST_SEARCH.java:23)
	at java_programs.DEPTH_FIRST_SEARCH$1Search.search(DEPTH_FIRST_SEARCH.java:23)
	at java_programs.DEPTH_FIRST_SEARCH$1Search.search(DEPTH_FIRST_SEARCH.java:23)
	at java_programs.DEPTH_FIRST_SEARCH$1Search.search(DEPTH_FIRST_SEARCH.java:23)
	at java_programs.DEPTH_FIRST_SEARCH$1Search.search(DEPTH_FIRST_SEARCH.java:23)
	at java_programs.DEPTH_FIRST_SEARCH$1Search.search(DEPTH_FIRST_SEARCH.java:23)
	at java_programs.DEPTH_FIRST_SEARCH$1Search.search(DEPTH_FIRST_SEARCH.java:23)
	at java_programs.DEPTH_FIRST_SEARCH$1Search.search(DEPTH_FIRST_SEARCH.java:23)
	at java_programs.DEPTH_FIRST_SEARCH$1Search.search(DEPTH_FIRST_SEARCH.java:23)
	at java_programs.DEPTH_FIRST_SEARCH$1Search.search(DEPTH_FIRST_SEARCH.java:23)
	at java_programs.DEPTH_FIRST_SEARCH$1Search.search(DEPTH_FIRST_SEARCH.java:23)
	at java_programs.DEPTH_FIRST_SEARCH$1Search.search(DEPTH_FIRST_SEARCH.java:23)
	at java_programs.DEPTH_FIRST_SEARCH$1Search.search(DEPTH_FIRST_SEARCH.java:23)
	at java_programs.DEPTH_FIRST_SEARCH$1Search.search(DEPTH_FIRST_SEARCH.java:23)
	at java_programs.DEPTH_FIRST_SEARCH$1Search.search(DEPTH_FIRST_SEARCH.java:23)
	at java_programs.DEPTH_FIRST_SEARCH$1Search.search(DEPTH_FIRST_SEARCH.java:23)
	at java_programs.DEPTH_FIRST_SEARCH$1Search.search(DEPTH_FIRST_SEARCH.java:23)
	at java_programs.DEPTH_FIRST_SEARCH$1Search.search(DEPTH_FIRST_SEARCH.java:23)
	at java_programs.DEPTH_FIRST_SEARCH$1Search.search(DEPTH_FIRST_SEARCH.java:23)
	at java_programs.DEPTH_FIRST_SEARCH$1Search.search(DEPTH_FIRST_SEARCH.java:23)
	at java_programs.DEPTH_FIRST_SEARCH$1Search.search(DEPTH_FIRST_SEARCH.java:23)
	at java_programs.DEPTH_FIRST_SEARCH$1Search.search(DEPTH_FIRST_SEARCH.java:23)
	at java_programs.DEPTH_FIRST_SEARCH$1Search.search(DEPTH_FIRST_SEARCH.java:23)
	at java_programs.DEPTH_FIRST_SEARCH$1Search.search(DEPTH_FIRST_SEARCH.java:23)
	at java_programs.DEPTH_FIRST_SEARCH$1Search.search(DEPTH_FIRST_SEARCH.java:23)
	at java_programs.DEPTH_FIRST_SEARCH$1Search.search(DEPTH_FIRST_SEARCH.java:23)
	at java_programs.DEPTH_FIRST_SEARCH$1Search.search(DEPTH_FIRST_SEARCH.java:23)
	at java_programs.DEPTH_FIRST_SEARCH$1Search.search(DEPTH_FIRST_SEARCH.java:23)
	at java_programs.DEPTH_FIRST_SEARCH$1Search.search(DEPTH_FIRST_SEARCH.java:23)
	at java_programs.DEPTH_FIRST_SEARCH$1Search.search(DEPTH_FIRST_SEARCH.java:23)
	at java_programs.DEPTH_FIRST_SEARCH$1Search.search(DEPTH_FIRST_SEARCH.java:23)
	at java_programs.DEPTH_FIRST_SEARCH$1Search.search(DEPTH_FIRST_SEARCH.java:23)
	at java_programs.DEPTH_FIRST_SEARCH$1Search.search(DEPTH_FIRST_SEARCH.java:23)
	at java_programs.DEPTH_FIRST_SEARCH$1Search.search(DEPTH_FIRST_SEARCH.java:23)
	at java_programs.DEPTH_FIRST_SEARCH$1Search.search(DEPTH_FIRST_SEARCH.java:23)
	at java_programs.DEPTH_FIRST_SEARCH$1Search.search(DEPTH_FIRST_SEARCH.java:23)
	at java_programs.DEPTH_FIRST_SEARCH$1Search.search(DEPTH_FIRST_SEARCH.java:23)
	at java_programs.DEPTH_FIRST_SEARCH$1Search.search(DEPTH_FIRST_SEARCH.java:23)
	at java_programs.DEPTH_FIRST_SEARCH$1Search.search(DEPTH_FIRST_SEARCH.java:23)
	at java_programs.DEPTH_FIRST_SEARCH$1Search.search(DEPTH_FIRST_SEARCH.java:23)
	at java_programs.DEPTH_FIRST_SEARCH$1Search.search(DEPTH_FIRST_SEARCH.java:23)
	at java_programs.DEPTH_FIRST_SEARCH$1Search.search(DEPTH_FIRST_SEARCH.java:23)
	at java_programs.DEPTH_FIRST_SEARCH$1Search.search(DEPTH_FIRST_SEARCH.java:23)
	at java_programs.DEPTH_FIRST_SEARCH$1Search.search(DEPTH_FIRST_SEARCH.java:23)
	at java_programs.DEPTH_FIRST_SEARCH$1Search.search(DEPTH_FIRST_SEARCH.java:23)
	at java_programs.DEPTH_FIRST_SEARCH$1Search.search(DEPTH_FIRST_SEARCH.java:23)
	at java_programs.DEPTH_FIRST_SEARCH$1Search.search(DEPTH_FIRST_SEARCH.java:23)
	at java_programs.DEPTH_FIRST_SEARCH$1Search.search(DEPTH_FIRST_SEARCH.java:23)
	at java_programs.DEPTH_FIRST_SEARCH$1Search.search(DEPTH_FIRST_SEARCH.java:23)
	at java_programs.DEPTH_FIRST_SEARCH$1Search.search(DEPTH_FIRST_SEARCH.java:23)
	at java_programs.DEPTH_FIRST_SEARCH$1Search.search(DEPTH_FIRST_SEARCH.java:23)
	at java_programs.DEPTH_FIRST_SEARCH$1Search.search(DEPTH_FIRST_SEARCH.java:23)
	at java_programs.DEPTH_FIRST_SEARCH$1Search.search(DEPTH_FIRST_SEARCH.java:23)
	at java_programs.DEPTH_FIRST_SEARCH$1Search.search(DEPTH_FIRST_SEARCH.java:23)
	at java_programs.DEPTH_FIRST_SEARCH$1Search.search(DEPTH_FIRST_SEARCH.java:23)
	at java_programs.DEPTH_FIRST_SEARCH$1Search.search(DEPTH_FIRST_SEARCH.java:23)
	at java_programs.DEPTH_FIRST_SEARCH$1Search.search(DEPTH_FIRST_SEARCH.java:23)
	at java_programs.DEPTH_FIRST_SEARCH$1Search.search(DEPTH_FIRST_SEARCH.java:23)
	at java_programs.DEPTH_FIRST_SEARCH$1Search.search(DEPTH_FIRST_SEARCH.java:23)
	at java_programs.DEPTH_FIRST_SEARCH$1Search.search(DEPTH_FIRST_SEARCH.java:23)
	at java_programs.DEPTH_FIRST_SEARCH$1Search.search(DEPTH_FIRST_SEARCH.java:23)
	at java_programs.DEPTH_FIRST_SEARCH$1Search.search(DEPTH_FIRST_SEARCH.java:23)
	at java_programs.DEPTH_FIRST_SEARCH$1Search.search(DEPTH_FIRST_SEARCH.java:23)
	at java_programs.DEPTH_FIRST_SEARCH$1Search.search(DEPTH_FIRST_SEARCH.java:23)
	at java_programs.DEPTH_FIRST_SEARCH$1Search.search(DEPTH_FIRST_SEARCH.java:23)
	at java_programs.DEPTH_FIRST_SEARCH$1Search.search(DEPTH_FIRST_SEARCH.java:23)
	at java_programs.DEPTH_FIRST_SEARCH$1Search.search(DEPTH_FIRST_SEARCH.java:23)
	at java_programs.DEPTH_FIRST_SEARCH$1Search.search(DEPTH_FIRST_SEARCH.java:23)
	at java_programs.DEPTH_FIRST_SEARCH$1Search.search(DEPTH_FIRST_SEARCH.java:23)
	at java_programs.DEPTH_FIRST_SEARCH$1Search.search(DEPTH_FIRST_SEARCH.java:23)
	at java_programs.DEPTH_FIRST_SEARCH$1Search.search(DEPTH_FIRST_SEARCH.java:23)
	at java_programs.DEPTH_FIRST_SEARCH$1Search.search(DEPTH_FIRST_SEARCH.java:23)
	at java_programs.DEPTH_FIRST_SEARCH$1Search.search(DEPTH_FIRST_SEARCH.java:23)
	at java_programs.DEPTH_FIRST_SEARCH$1Search.search(DEPTH_FIRST_SEARCH.java:23)
	at java_programs.DEPTH_FIRST_SEARCH$1Search.search(DEPTH_FIRST_SEARCH.java:23)
	at java_programs.DEPTH_FIRST_SEARCH$1Search.search(DEPTH_FIRST_SEARCH.java:23)
	at java_programs.DEPTH_FIRST_SEARCH$1Search.search(DEPTH_FIRST_SEARCH.java:23)
	at java_programs.DEPTH_FIRST_SEARCH$1Search.search(DEPTH_FIRST_SEARCH.java:23)
	at java_programs.DEPTH_FIRST_SEARCH$1Search.search(DEPTH_FIRST_SEARCH.java:23)
	at java_programs.DEPTH_FIRST_SEARCH$1Search.search(DEPTH_FIRST_SEARCH.java:23)
	at java_programs.DEPTH_FIRST_SEARCH$1Search.search(DEPTH_FIRST_SEARCH.java:23)
	at java_programs.DEPTH_FIRST_SEARCH$1Search.search(DEPTH_FIRST_SEARCH.java:23)
	at java_programs.DEPTH_FIRST_SEARCH$1Search.search(DEPTH_FIRST_SEARCH.java:23)
	at java_programs.DEPTH_FIRST_SEARCH$1Search.search(DEPTH_FIRST_SEARCH.java:23)
	at java_programs.DEPTH_FIRST_SEARCH$1Search.search(DEPTH_FIRST_SEARCH.java:23)
	at java_programs.DEPTH_FIRST_SEARCH$1Search.search(DEPTH_FIRST_SEARCH.java:23)
	at java_programs.DEPTH_FIRST_SEARCH$1Search.search(DEPTH_FIRST_SEARCH.java:23)
	at java_programs.DEPTH_FIRST_SEARCH$1Search.search(DEPTH_FIRST_SEARCH.java:23)
	at java_programs.DEPTH_FIRST_SEARCH$1Search.search(DEPTH_FIRST_SEARCH.java:23)
	at java_programs.DEPTH_FIRST_SEARCH$1Search.search(DEPTH_FIRST_SEARCH.java:23)
	at java_programs.DEPTH_FIRST_SEARCH$1Search.search(DEPTH_FIRST_SEARCH.java:23)
	at java_programs.DEPTH_FIRST_SEARCH$1Search.search(DEPTH_FIRST_SEARCH.java:23)
	at java_programs.DEPTH_FIRST_SEARCH$1Search.search(DEPTH_FIRST_SEARCH.java:23)
	at java_programs.DEPTH_FIRST_SEARCH$1Search.search(DEPTH_FIRST_SEARCH.java:23)
	at java_programs.DEPTH_FIRST_SEARCH$1Search.search(DEPTH_FIRST_SEARCH.java:23)
	at java_programs.DEPTH_FIRST_SEARCH$1Search.search(DEPTH_FIRST_SEARCH.java:23)
	at java_programs.DEPTH_FIRST_SEARCH$1Search.search(DEPTH_FIRST_SEARCH.java:23)
	at java_programs.DEPTH_FIRST_SEARCH$1Search.search(DEPTH_FIRST_SEARCH.java:23)
	at java_programs.DEPTH_FIRST_SEARCH$1Search.search(DEPTH_FIRST_SEARCH.java:23)
	at java_programs.DEPTH_FIRST_SEARCH$1Search.search(DEPTH_FIRST_SEARCH.java:23)
	at java_programs.DEPTH_FIRST_SEARCH$1Search.search(DEPTH_FIRST_SEARCH.java:23)
	at java_programs.DEPTH_FIRST_SEARCH$1Search.search(DEPTH_FIRST_SEARCH.java:23)
	at java_programs.DEPTH_FIRST_SEARCH$1Search.search(DEPTH_FIRST_SEARCH.java:23)
	at java_programs.DEPTH_FIRST_SEARCH$1Search.search(DEPTH_FIRST_SEARCH.java:23)
	at java_programs.DEPTH_FIRST_SEARCH$1Search.search(DEPTH_FIRST_SEARCH.java:23)
	at java_programs.DEPTH_FIRST_SEARCH$1Search.search(DEPTH_FIRST_SEARCH.java:23)
	at java_programs.DEPTH_FIRST_SEARCH$1Search.search(DEPTH_FIRST_SEARCH.java:23)
	at java_programs.DEPTH_FIRST_SEARCH$1Search.search(DEPTH_FIRST_SEARCH.java:23)
	at java_programs.DEPTH_FIRST_SEARCH$1Search.search(DEPTH_FIRST_SEARCH.java:23)
	at java_programs.DEPTH_FIRST_SEARCH$1Search.search(DEPTH_FIRST_SEARCH.java:23)
	at java_programs.DEPTH_FIRST_SEARCH$1Search.search(DEPTH_FIRST_SEARCH.java:23)
	at java_programs.DEPTH_FIRST_SEARCH$1Search.search(DEPTH_FIRST_SEARCH.java:23)
	at java_programs.DEPTH_FIRST_SEARCH$1Search.search(DEPTH_FIRST_SEARCH.java:23)
	at java_programs.DEPTH_FIRST_SEARCH$1Search.search(DEPTH_FIRST_SEARCH.java:23)
	at java_programs.DEPTH_FIRST_SEARCH$1Search.search(DEPTH_FIRST_SEARCH.java:23)
	at java_programs.DEPTH_FIRST_SEARCH$1Search.search(DEPTH_FIRST_SEARCH.java:23)
	at java_programs.DEPTH_FIRST_SEARCH$1Search.search(DEPTH_FIRST_SEARCH.java:23)
	at java_programs.DEPTH_FIRST_SEARCH$1Search.search(DEPTH_FIRST_SEARCH.java:23)
	at java_programs.DEPTH_FIRST_SEARCH$1Search.search(DEPTH_FIRST_SEARCH.java:23)
	at java_programs.DEPTH_FIRST_SEARCH$1Search.search(DEPTH_FIRST_SEARCH.java:23)
	at java_programs.DEPTH_FIRST_SEARCH$1Search.search(DEPTH_FIRST_SEARCH.java:23)
	at java_programs.DEPTH_FIRST_SEARCH$1Search.search(DEPTH_FIRST_SEARCH.java:23)
	at java_programs.DEPTH_FIRST_SEARCH$1Search.search(DEPTH_FIRST_SEARCH.java:23)
	at java_programs.DEPTH_FIRST_SEARCH$1Search.search(DEPTH_FIRST_SEARCH.java:23)
	at java_programs.DEPTH_FIRST_SEARCH$1Search.search(DEPTH_FIRST_SEARCH.java:23)
	at java_programs.DEPTH_FIRST_SEARCH$1Search.search(DEPTH_FIRST_SEARCH.java:23)
	at java_programs.DEPTH_FIRST_SEARCH$1Search.search(DEPTH_FIRST_SEARCH.java:23)
	at java_programs.DEPTH_FIRST_SEARCH$1Search.search(DEPTH_FIRST_SEARCH.java:23)
	at java_programs.DEPTH_FIRST_SEARCH$1Search.search(DEPTH_FIRST_SEARCH.java:23)
	at java_programs.DEPTH_FIRST_SEARCH$1Search.search(DEPTH_FIRST_SEARCH.java:23)
	at java_programs.DEPTH_FIRST_SEARCH$1Search.search(DEPTH_FIRST_SEARCH.java:23)
	at java_programs.DEPTH_FIRST_SEARCH$1Search.search(DEPTH_FIRST_SEARCH.java:23)
	at java_programs.DEPTH_FIRST_SEARCH$1Search.search(DEPTH_FIRST_SEARCH.java:23)
	at java_programs.DEPTH_FIRST_SEARCH$1Search.search(DEPTH_FIRST_SEARCH.java:23)
	at java_programs.DEPTH_FIRST_SEARCH$1Search.search(DEPTH_FIRST_SEARCH.java:23)
	at java_programs.DEPTH_FIRST_SEARCH$1Search.search(DEPTH_FIRST_SEARCH.java:23)
	at java_programs.DEPTH_FIRST_SEARCH$1Search.search(DEPTH_FIRST_SEARCH.java:23)
	at java_programs.DEPTH_FIRST_SEARCH$1Search.search(DEPTH_FIRST_SEARCH.java:23)
	at java_programs.DEPTH_FIRST_SEARCH$1Search.search(DEPTH_FIRST_SEARCH.java:23)
	at java_programs.DEPTH_FIRST_SEARCH$1Search.search(DEPTH_FIRST_SEARCH.java:23)
	at java_programs.DEPTH_FIRST_SEARCH$1Search.search(DEPTH_FIRST_SEARCH.java:23)
	at java_programs.DEPTH_FIRST_SEARCH$1Search.search(DEPTH_FIRST_SEARCH.java:23)
	at java_programs.DEPTH_FIRST_SEARCH$1Search.search(DEPTH_FIRST_SEARCH.java:23)
	at java_programs.DEPTH_FIRST_SEARCH$1Search.search(DEPTH_FIRST_SEARCH.java:23)
	at java_programs.DEPTH_FIRST_SEARCH$1Search.search(DEPTH_FIRST_SEARCH.java:23)
	at java_programs.DEPTH_FIRST_SEARCH$1Search.search(DEPTH_FIRST_SEARCH.java:23)
	at java_programs.DEPTH_FIRST_SEARCH$1Search.search(DEPTH_FIRST_SEARCH.java:23)
	at java_programs.DEPTH_FIRST_SEARCH$1Search.search(DEPTH_FIRST_SEARCH.java:23)
	at java_programs.DEPTH_FIRST_SEARCH$1Search.search(DEPTH_FIRST_SEARCH.java:23)
	at java_programs.DEPTH_FIRST_SEARCH$1Search.search(DEPTH_FIRST_SEARCH.java:23)
	at java_programs.DEPTH_FIRST_SEARCH$1Search.search(DEPTH_FIRST_SEARCH.java:23)
	at java_programs.DEPTH_FIRST_SEARCH$1Search.search(DEPTH_FIRST_SEARCH.java:23)
	at java_programs.DEPTH_FIRST_SEARCH$1Search.search(DEPTH_FIRST_SEARCH.java:23)
	at java_programs.DEPTH_FIRST_SEARCH$1Search.search(DEPTH_FIRST_SEARCH.java:23)
	at java_programs.DEPTH_FIRST_SEARCH$1Search.search(DEPTH_FIRST_SEARCH.java:23)
	at java_programs.DEPTH_FIRST_SEARCH$1Search.search(DEPTH_FIRST_SEARCH.java:23)
	at java_programs.DEPTH_FIRST_SEARCH$1Search.search(DEPTH_FIRST_SEARCH.java:23)
	at java_programs.DEPTH_FIRST_SEARCH$1Search.search(DEPTH_FIRST_SEARCH.java:23)
	at java_programs.DEPTH_FIRST_SEARCH$1Search.search(DEPTH_FIRST_SEARCH.java:23)
	at java_programs.DEPTH_FIRST_SEARCH$1Search.search(DEPTH_FIRST_SEARCH.java:23)
	at java_programs.DEPTH_FIRST_SEARCH$1Search.search(DEPTH_FIRST_SEARCH.java:23)
	at java_programs.DEPTH_FIRST_SEARCH$1Search.search(DEPTH_FIRST_SEARCH.java:23)
	at java_programs.DEPTH_FIRST_SEARCH$1Search.search(DEPTH_FIRST_SEARCH.java:23)
	at java_programs.DEPTH_FIRST_SEARCH$1Search.search(DEPTH_FIRST_SEARCH.java:23)
	at java_programs.DEPTH_FIRST_SEARCH$1Search.search(DEPTH_FIRST_SEARCH.java:23)
	at java_programs.DEPTH_FIRST_SEARCH$1Search.search(DEPTH_FIRST_SEARCH.java:23)
	at java_programs.DEPTH_FIRST_SEARCH$1Search.search(DEPTH_FIRST_SEARCH.java:23)
	at java_programs.DEPTH_FIRST_SEARCH$1Search.search(DEPTH_FIRST_SEARCH.java:23)
	at java_programs.DEPTH_FIRST_SEARCH$1Search.search(DEPTH_FIRST_SEARCH.java:23)
	at java_programs.DEPTH_FIRST_SEARCH$1Search.search(DEPTH_FIRST_SEARCH.java:23)
	at java_programs.DEPTH_FIRST_SEARCH$1Search.search(DEPTH_FIRST_SEARCH.java:23)
	at java_programs.DEPTH_FIRST_SEARCH$1Search.search(DEPTH_FIRST_SEARCH.java:23)
	at java_programs.DEPTH_FIRST_SEARCH$1Search.search(DEPTH_FIRST_SEARCH.java:23)
	at java_programs.DEPTH_FIRST_SEARCH$1Search.search(DEPTH_FIRST_SEARCH.java:23)
	at java_programs.DEPTH_FIRST_SEARCH$1Search.search(DEPTH_FIRST_SEARCH.java:23)
	at java_programs.DEPTH_FIRST_SEARCH$1Search.search(DEPTH_FIRST_SEARCH.java:23)
	at java_programs.DEPTH_FIRST_SEARCH$1Search.search(DEPTH_FIRST_SEARCH.java:23)
	at java_programs.DEPTH_FIRST_SEARCH$1Search.search(DEPTH_FIRST_SEARCH.java:23)
	at java_programs.DEPTH_FIRST_SEARCH$1Search.search(DEPTH_FIRST_SEARCH.java:23)
	at java_programs.DEPTH_FIRST_SEARCH$1Search.search(DEPTH_FIRST_SEARCH.java:23)
	at java_programs.DEPTH_FIRST_SEARCH$1Search.search(DEPTH_FIRST_SEARCH.java:23)
	at java_programs.DEPTH_FIRST_SEARCH$1Search.search(DEPTH_FIRST_SEARCH.java:23)
	at java_programs.DEPTH_FIRST_SEARCH$1Search.search(DEPTH_FIRST_SEARCH.java:23)
	at java_programs.DEPTH_FIRST_SEARCH$1Search.search(DEPTH_FIRST_SEARCH.java:23)
	at java_programs.DEPTH_FIRST_SEARCH$1Search.search(DEPTH_FIRST_SEARCH.java:23)
	at java_programs.DEPTH_FIRST_SEARCH$1Search.search(DEPTH_FIRST_SEARCH.java:23)
	at java_programs.DEPTH_FIRST_SEARCH$1Search.search(DEPTH_FIRST_SEARCH.java:23)
	at java_programs.DEPTH_FIRST_SEARCH$1Search.search(DEPTH_FIRST_SEARCH.java:23)
	at java_programs.DEPTH_FIRST_SEARCH$1Search.search(DEPTH_FIRST_SEARCH.java:23)
	at java_programs.DEPTH_FIRST_SEARCH$1Search.search(DEPTH_FIRST_SEARCH.java:23)
	at java_programs.DEPTH_FIRST_SEARCH$1Search.search(DEPTH_FIRST_SEARCH.java:23)
	at java_programs.DEPTH_FIRST_SEARCH$1Search.search(DEPTH_FIRST_SEARCH.java:23)
	at java_programs.DEPTH_FIRST_SEARCH$1Search.search(DEPTH_FIRST_SEARCH.java:23)
	at java_programs.DEPTH_FIRST_SEARCH$1Search.search(DEPTH_FIRST_SEARCH.java:23)
	at java_programs.DEPTH_FIRST_SEARCH$1Search.search(DEPTH_FIRST_SEARCH.java:23)
	at java_programs.DEPTH_FIRST_SEARCH$1Search.search(DEPTH_FIRST_SEARCH.java:23)
	at java_programs.DEPTH_FIRST_SEARCH$1Search.search(DEPTH_FIRST_SEARCH.java:23)
	at java_programs.DEPTH_FIRST_SEARCH$1Search.search(DEPTH_FIRST_SEARCH.java:23)
	at java_programs.DEPTH_FIRST_SEARCH$1Search.search(DEPTH_FIRST_SEARCH.java:23)
	at java_programs.DEPTH_FIRST_SEARCH$1Search.search(DEPTH_FIRST_SEARCH.java:23)
	at java_programs.DEPTH_FIRST_SEARCH$1Search.search(DEPTH_FIRST_SEARCH.java:23)
	at java_programs.DEPTH_FIRST_SEARCH$1Search.search(DEPTH_FIRST_SEARCH.java:23)
	at java_programs.DEPTH_FIRST_SEARCH$1Search.search(DEPTH_FIRST_SEARCH.java:23)
	at java_programs.DEPTH_FIRST_SEARCH$1Search.search(DEPTH_FIRST_SEARCH.java:23)
	at java_programs.DEPTH_FIRST_SEARCH$1Search.search(DEPTH_FIRST_SEARCH.java:23)
	at java_programs.DEPTH_FIRST_SEARCH$1Search.search(DEPTH_FIRST_SEARCH.java:23)
	at java_programs.DEPTH_FIRST_SEARCH$1Search.search(DEPTH_FIRST_SEARCH.java:23)
	at java_programs.DEPTH_FIRST_SEARCH$1Search.search(DEPTH_FIRST_SEARCH.java:23)
	at java_programs.DEPTH_FIRST_SEARCH$1Search.search(DEPTH_FIRST_SEARCH.java:23)
	at java_programs.DEPTH_FIRST_SEARCH$1Search.search(DEPTH_FIRST_SEARCH.java:23)
	at java_programs.DEPTH_FIRST_SEARCH$1Search.search(DEPTH_FIRST_SEARCH.java:23)
	at java_programs.DEPTH_FIRST_SEARCH$1Search.search(DEPTH_FIRST_SEARCH.java:23)
	at java_programs.DEPTH_FIRST_SEARCH$1Search.search(DEPTH_FIRST_SEARCH.java:23)
	at java_programs.DEPTH_FIRST_SEARCH$1Search.search(DEPTH_FIRST_SEARCH.java:23)
	at java_programs.DEPTH_FIRST_SEARCH$1Search.search(DEPTH_FIRST_SEARCH.java:23)
	at java_programs.DEPTH_FIRST_SEARCH$1Search.search(DEPTH_FIRST_SEARCH.java:23)
	at java_programs.DEPTH_FIRST_SEARCH$1Search.search(DEPTH_FIRST_SEARCH.java:23)
	at java_programs.DEPTH_FIRST_SEARCH$1Search.search(DEPTH_FIRST_SEARCH.java:23)
	at java_programs.DEPTH_FIRST_SEARCH$1Search.search(DEPTH_FIRST_SEARCH.java:23)
	at java_programs.DEPTH_FIRST_SEARCH$1Search.search(DEPTH_FIRST_SEARCH.java:23)
	at java_programs.DEPTH_FIRST_SEARCH$1Search.search(DEPTH_FIRST_SEARCH.java:23)
	at java_programs.DEPTH_FIRST_SEARCH$1Search.search(DEPTH_FIRST_SEARCH.java:23)
	at java_programs.DEPTH_FIRST_SEARCH$1Search.search(DEPTH_FIRST_SEARCH.java:23)
	at java_programs.DEPTH_FIRST_SEARCH$1Search.search(DEPTH_FIRST_SEARCH.java:23)
	at java_programs.DEPTH_FIRST_SEARCH$1Search.search(DEPTH_FIRST_SEARCH.java:23)
	at java_programs.DEPTH_FIRST_SEARCH$1Search.search(DEPTH_FIRST_SEARCH.java:23)
	at java_programs.DEPTH_FIRST_SEARCH$1Search.search(DEPTH_FIRST_SEARCH.java:23)
	at java_programs.DEPTH_FIRST_SEARCH$1Search.search(DEPTH_FIRST_SEARCH.java:23)
	at java_programs.DEPTH_FIRST_SEARCH$1Search.search(DEPTH_FIRST_SEARCH.java:23)
	at java_programs.DEPTH_FIRST_SEARCH$1Search.search(DEPTH_FIRST_SEARCH.java:23)
	at java_programs.DEPTH_FIRST_SEARCH$1Search.search(DEPTH_FIRST_SEARCH.java:23)
	at java_programs.DEPTH_FIRST_SEARCH$1Search.search(DEPTH_FIRST_SEARCH.java:23)
	at java_programs.DEPTH_FIRST_SEARCH$1Search.search(DEPTH_FIRST_SEARCH.java:23)
	at java_programs.DEPTH_FIRST_SEARCH$1Search.search(DEPTH_FIRST_SEARCH.java:23)
	at java_programs.DEPTH_FIRST_SEARCH$1Search.search(DEPTH_FIRST_SEARCH.java:23)
	at java_programs.DEPTH_FIRST_SEARCH$1Search.search(DEPTH_FIRST_SEARCH.java:23)
	at java_programs.DEPTH_FIRST_SEARCH$1Search.search(DEPTH_FIRST_SEARCH.java:23)
	at java_programs.DEPTH_FIRST_SEARCH$1Search.search(DEPTH_FIRST_SEARCH.java:23)
	at java_programs.DEPTH_FIRST_SEARCH$1Search.search(DEPTH_FIRST_SEARCH.java:23)
	at java_programs.DEPTH_FIRST_SEARCH$1Search.search(DEPTH_FIRST_SEARCH.java:23)
	at java_programs.DEPTH_FIRST_SEARCH$1Search.search(DEPTH_FIRST_SEARCH.java:23)
	at java_programs.DEPTH_FIRST_SEARCH$1Search.search(DEPTH_FIRST_SEARCH.java:23)
	at java_programs.DEPTH_FIRST_SEARCH$1Search.search(DEPTH_FIRST_SEARCH.java:23)
	at java_programs.DEPTH_FIRST_SEARCH$1Search.search(DEPTH_FIRST_SEARCH.java:23)
	at java_programs.DEPTH_FIRST_SEARCH$1Search.search(DEPTH_FIRST_SEARCH.java:23)
	at java_programs.DEPTH_FIRST_SEARCH$1Search.search(DEPTH_FIRST_SEARCH.java:23)
	at java_programs.DEPTH_FIRST_SEARCH$1Search.search(DEPTH_FIRST_SEARCH.java:23)
	at java_programs.DEPTH_FIRST_SEARCH$1Search.search(DEPTH_FIRST_SEARCH.java:23)
	at java_programs.DEPTH_FIRST_SEARCH$1Search.search(DEPTH_FIRST_SEARCH.java:23)
	at java_programs.DEPTH_FIRST_SEARCH$1Search.search(DEPTH_FIRST_SEARCH.java:23)
	at java_programs.DEPTH_FIRST_SEARCH$1Search.search(DEPTH_FIRST_SEARCH.java:23)
	at java_programs.DEPTH_FIRST_SEARCH$1Search.search(DEPTH_FIRST_SEARCH.java:23)
	at java_programs.DEPTH_FIRST_SEARCH$1Search.search(DEPTH_FIRST_SEARCH.java:23)
	at java_programs.DEPTH_FIRST_SEARCH$1Search.search(DEPTH_FIRST_SEARCH.java:23)
	at java_programs.DEPTH_FIRST_SEARCH$1Search.search(DEPTH_FIRST_SEARCH.java:23)
	at java_programs.DEPTH_FIRST_SEARCH$1Search.search(DEPTH_FIRST_SEARCH.java:23)
	at java_programs.DEPTH_FIRST_SEARCH$1Search.search(DEPTH_FIRST_SEARCH.java:23)
	at java_programs.DEPTH_FIRST_SEARCH$1Search.search(DEPTH_FIRST_SEARCH.java:23)
	at java_programs.DEPTH_FIRST_SEARCH$1Search.search(DEPTH_FIRST_SEARCH.java:23)
	at java_programs.DEPTH_FIRST_SEARCH$1Search.search(DEPTH_FIRST_SEARCH.java:23)
	at java_programs.DEPTH_FIRST_SEARCH$1Search.search(DEPTH_FIRST_SEARCH.java:23)
	at java_programs.DEPTH_FIRST_SEARCH$1Search.search(DEPTH_FIRST_SEARCH.java:23)
	at java_programs.DEPTH_FIRST_SEARCH$1Search.search(DEPTH_FIRST_SEARCH.java:23)
	at java_programs.DEPTH_FIRST_SEARCH$1Search.search(DEPTH_FIRST_SEARCH.java:23)
	at java_programs.DEPTH_FIRST_SEARCH$1Search.search(DEPTH_FIRST_SEARCH.java:23)
	at java_programs.DEPTH_FIRST_SEARCH$1Search.search(DEPTH_FIRST_SEARCH.java:23)
	at java_programs.DEPTH_FIRST_SEARCH$1Search.search(DEPTH_FIRST_SEARCH.java:23)
	at java_programs.DEPTH_FIRST_SEARCH$1Search.search(DEPTH_FIRST_SEARCH.java:23)
	at java_programs.DEPTH_FIRST_SEARCH$1Search.search(DEPTH_FIRST_SEARCH.java:23)
	at java_programs.DEPTH_FIRST_SEARCH$1Search.search(DEPTH_FIRST_SEARCH.java:23)
	at java_programs.DEPTH_FIRST_SEARCH$1Search.search(DEPTH_FIRST_SEARCH.java:23)
	at java_programs.DEPTH_FIRST_SEARCH$1Search.search(DEPTH_FIRST_SEARCH.java:23)
	at java_programs.DEPTH_FIRST_SEARCH$1Search.search(DEPTH_FIRST_SEARCH.java:23)
	at java_programs.DEPTH_FIRST_SEARCH$1Search.search(DEPTH_FIRST_SEARCH.java:23)
	at java_programs.DEPTH_FIRST_SEARCH$1Search.search(DEPTH_FIRST_SEARCH.java:23)
	at java_programs.DEPTH_FIRST_SEARCH$1Search.search(DEPTH_FIRST_SEARCH.java:23)
	at java_programs.DEPTH_FIRST_SEARCH$1Search.search(DEPTH_FIRST_SEARCH.java:23)
	at java_programs.DEPTH_FIRST_SEARCH$1Search.search(DEPTH_FIRST_SEARCH.java:23)
	at java_programs.DEPTH_FIRST_SEARCH$1Search.search(DEPTH_FIRST_SEARCH.java:23)
	at java_programs.DEPTH_FIRST_SEARCH$1Search.search(DEPTH_FIRST_SEARCH.java:23)
	at java_programs.DEPTH_FIRST_SEARCH$1Search.search(DEPTH_FIRST_SEARCH.java:23)
	at java_programs.DEPTH_FIRST_SEARCH$1Search.search(DEPTH_FIRST_SEARCH.java:23)
	at java_programs.DEPTH_FIRST_SEARCH$1Search.search(DEPTH_FIRST_SEARCH.java:23)
	at java_programs.DEPTH_FIRST_SEARCH$1Search.search(DEPTH_FIRST_SEARCH.java:23)
	at java_programs.DEPTH_FIRST_SEARCH$1Search.search(DEPTH_FIRST_SEARCH.java:23)
	at java_programs.DEPTH_FIRST_SEARCH$1Search.search(DEPTH_FIRST_SEARCH.java:23)
	at java_programs.DEPTH_FIRST_SEARCH$1Search.search(DEPTH_FIRST_SEARCH.java:23)
	at java_programs.DEPTH_FIRST_SEARCH$1Search.search(DEPTH_FIRST_SEARCH.java:23)
	at java_programs.DEPTH_FIRST_SEARCH$1Search.search(DEPTH_FIRST_SEARCH.java:23)
	at java_programs.DEPTH_FIRST_SEARCH$1Search.search(DEPTH_FIRST_SEARCH.java:23)
	at java_programs.DEPTH_FIRST_SEARCH$1Search.search(DEPTH_FIRST_SEARCH.java:23)
	at java_programs.DEPTH_FIRST_SEARCH$1Search.search(DEPTH_FIRST_SEARCH.java:23)
	at java_programs.DEPTH_FIRST_SEARCH$1Search.search(DEPTH_FIRST_SEARCH.java:23)
	at java_programs.DEPTH_FIRST_SEARCH$1Search.search(DEPTH_FIRST_SEARCH.java:23)
	at java_programs.DEPTH_FIRST_SEARCH$1Search.search(DEPTH_FIRST_SEARCH.java:23)
	at java_programs.DEPTH_FIRST_SEARCH$1Search.search(DEPTH_FIRST_SEARCH.java:23)
	at java_programs.DEPTH_FIRST_SEARCH$1Search.search(DEPTH_FIRST_SEARCH.java:23)
	at java_programs.DEPTH_FIRST_SEARCH$1Search.search(DEPTH_FIRST_SEARCH.java:23)
	at java_programs.DEPTH_FIRST_SEARCH$1Search.search(DEPTH_FIRST_SEARCH.java:23)
	at java_programs.DEPTH_FIRST_SEARCH$1Search.search(DEPTH_FIRST_SEARCH.java:23)
	at java_programs.DEPTH_FIRST_SEARCH$1Search.search(DEPTH_FIRST_SEARCH.java:23)
	at java_programs.DEPTH_FIRST_SEARCH$1Search.search(DEPTH_FIRST_SEARCH.java:23)
	at java_programs.DEPTH_FIRST_SEARCH$1Search.search(DEPTH_FIRST_SEARCH.java:23)
	at java_programs.DEPTH_FIRST_SEARCH$1Search.search(DEPTH_FIRST_SEARCH.java:23)
	at java_programs.DEPTH_FIRST_SEARCH$1Search.search(DEPTH_FIRST_SEARCH.java:23)
	at java_programs.DEPTH_FIRST_SEARCH$1Search.search(DEPTH_FIRST_SEARCH.java:23)
	at java_programs.DEPTH_FIRST_SEARCH$1Search.search(DEPTH_FIRST_SEARCH.java:23)
	at java_programs.DEPTH_FIRST_SEARCH$1Search.search(DEPTH_FIRST_SEARCH.java:23)
	at java_programs.DEPTH_FIRST_SEARCH$1Search.search(DEPTH_FIRST_SEARCH.java:23)
	at java_programs.DEPTH_FIRST_SEARCH$1Search.search(DEPTH_FIRST_SEARCH.java:23)
	at java_programs.DEPTH_FIRST_SEARCH$1Search.search(DEPTH_FIRST_SEARCH.java:23)
	at java_programs.DEPTH_FIRST_SEARCH$1Search.search(DEPTH_FIRST_SEARCH.java:23)
	at java_programs.DEPTH_FIRST_SEARCH$1Search.search(DEPTH_FIRST_SEARCH.java:23)
	at java_programs.DEPTH_FIRST_SEARCH$1Search.search(DEPTH_FIRST_SEARCH.java:23)
	at java_programs.DEPTH_FIRST_SEARCH$1Search.search(DEPTH_FIRST_SEARCH.java:23)
	at java_programs.DEPTH_FIRST_SEARCH$1Search.search(DEPTH_FIRST_SEARCH.java:23)
	at java_programs.DEPTH_FIRST_SEARCH$1Search.search(DEPTH_FIRST_SEARCH.java:23)
	at java_programs.DEPTH_FIRST_SEARCH$1Search.search(DEPTH_FIRST_SEARCH.java:23)
	at java_programs.DEPTH_FIRST_SEARCH$1Search.search(DEPTH_FIRST_SEARCH.java:23)
	at java_programs.DEPTH_FIRST_SEARCH$1Search.search(DEPTH_FIRST_SEARCH.java:23)
	at java_programs.DEPTH_FIRST_SEARCH$1Search.search(DEPTH_FIRST_SEARCH.java:23)
	at java_programs.DEPTH_FIRST_SEARCH$1Search.search(DEPTH_FIRST_SEARCH.java:23)
	at java_programs.DEPTH_FIRST_SEARCH$1Search.search(DEPTH_FIRST_SEARCH.java:23)
	at java_programs.DEPTH_FIRST_SEARCH$1Search.search(DEPTH_FIRST_SEARCH.java:23)
	at java_programs.DEPTH_FIRST_SEARCH$1Search.search(DEPTH_FIRST_SEARCH.java:23)
	at java_programs.DEPTH_FIRST_SEARCH$1Search.search(DEPTH_FIRST_SEARCH.java:23)
	at java_programs.DEPTH_FIRST_SEARCH$1Search.search(DEPTH_FIRST_SEARCH.java:23)
	at java_programs.DEPTH_FIRST_SEARCH$1Search.search(DEPTH_FIRST_SEARCH.java:23)
	at java_programs.DEPTH_FIRST_SEARCH$1Search.search(DEPTH_FIRST_SEARCH.java:23)
	at java_programs.DEPTH_FIRST_SEARCH$1Search.search(DEPTH_FIRST_SEARCH.java:23)
	at java_programs.DEPTH_FIRST_SEARCH$1Search.search(DEPTH_FIRST_SEARCH.java:23)
	at java_programs.DEPTH_FIRST_SEARCH$1Search.search(DEPTH_FIRST_SEARCH.java:23)
	at java_programs.DEPTH_FIRST_SEARCH$1Search.search(DEPTH_FIRST_SEARCH.java:23)
	at java_programs.DEPTH_FIRST_SEARCH$1Search.search(DEPTH_FIRST_SEARCH.java:23)
	at java_programs.DEPTH_FIRST_SEARCH$1Search.search(DEPTH_FIRST_SEARCH.java:23)
	at java_programs.DEPTH_FIRST_SEARCH$1Search.search(DEPTH_FIRST_SEARCH.java:23)
	at java_programs.DEPTH_FIRST_SEARCH$1Search.search(DEPTH_FIRST_SEARCH.java:23)
	at java_programs.DEPTH_FIRST_SEARCH$1Search.search(DEPTH_FIRST_SEARCH.java:23)
	at java_programs.DEPTH_FIRST_SEARCH$1Search.search(DEPTH_FIRST_SEARCH.java:23)
	at java_programs.DEPTH_FIRST_SEARCH$1Search.search(DEPTH_FIRST_SEARCH.java:23)
	at java_programs.DEPTH_FIRST_SEARCH$1Search.search(DEPTH_FIRST_SEARCH.java:23)
	at java_programs.DEPTH_FIRST_SEARCH$1Search.search(DEPTH_FIRST_SEARCH.java:23)
	at java_programs.DEPTH_FIRST_SEARCH$1Search.search(DEPTH_FIRST_SEARCH.java:23)
	at java_programs.DEPTH_FIRST_SEARCH$1Search.search(DEPTH_FIRST_SEARCH.java:23)
	at java_programs.DEPTH_FIRST_SEARCH$1Search.search(DEPTH_FIRST_SEARCH.java:23)
	at java_programs.DEPTH_FIRST_SEARCH$1Search.search(DEPTH_FIRST_SEARCH.java:23)
	at java_programs.DEPTH_FIRST_SEARCH$1Search.search(DEPTH_FIRST_SEARCH.java:23)
	at java_programs.DEPTH_FIRST_SEARCH$1Search.search(DEPTH_FIRST_SEARCH.java:23)
	at java_programs.DEPTH_FIRST_SEARCH$1Search.search(DEPTH_FIRST_SEARCH.java:23)
	at java_programs.DEPTH_FIRST_SEARCH$1Search.search(DEPTH_FIRST_SEARCH.java:23)
	at java_programs.DEPTH_FIRST_SEARCH$1Search.search(DEPTH_FIRST_SEARCH.java:23)
	at java_programs.DEPTH_FIRST_SEARCH$1Search.search(DEPTH_FIRST_SEARCH.java:23)
	at java_programs.DEPTH_FIRST_SEARCH$1Search.search(DEPTH_FIRST_SEARCH.java:23)
	at java_programs.DEPTH_FIRST_SEARCH$1Search.search(DEPTH_FIRST_SEARCH.java:23)
	at java_programs.DEPTH_FIRST_SEARCH$1Search.search(DEPTH_FIRST_SEARCH.java:23)
	at java_programs.DEPTH_FIRST_SEARCH$1Search.search(DEPTH_FIRST_SEARCH.java:23)
	at java_programs.DEPTH_FIRST_SEARCH$1Search.search(DEPTH_FIRST_SEARCH.java:23)
	at java_programs.DEPTH_FIRST_SEARCH$1Search.search(DEPTH_FIRST_SEARCH.java:23)
	at java_programs.DEPTH_FIRST_SEARCH$1Search.search(DEPTH_FIRST_SEARCH.java:23)
	at java_programs.DEPTH_FIRST_SEARCH$1Search.search(DEPTH_FIRST_SEARCH.java:23)
	at java_programs.DEPTH_FIRST_SEARCH$1Search.search(DEPTH_FIRST_SEARCH.java:23)
	at java_programs.DEPTH_FIRST_SEARCH$1Search.search(DEPTH_FIRST_SEARCH.java:23)
	at java_programs.DEPTH_FIRST_SEARCH$1Search.search(DEPTH_FIRST_SEARCH.java:23)
	at java_programs.DEPTH_FIRST_SEARCH$1Search.search(DEPTH_FIRST_SEARCH.java:23)
	at java_programs.DEPTH_FIRST_SEARCH$1Search.search(DEPTH_FIRST_SEARCH.java:23)
	at java_programs.DEPTH_FIRST_SEARCH$1Search.search(DEPTH_FIRST_SEARCH.java:23)
	at java_programs.DEPTH_FIRST_SEARCH$1Search.search(DEPTH_FIRST_SEARCH.java:23)
	at java_programs.DEPTH_FIRST_SEARCH$1Search.search(DEPTH_FIRST_SEARCH.java:23)
	at java_programs.DEPTH_FIRST_SEARCH$1Search.search(DEPTH_FIRST_SEARCH.java:23)
	at java_programs.DEPTH_FIRST_SEARCH$1Search.search(DEPTH_FIRST_SEARCH.java:23)
	at java_programs.DEPTH_FIRST_SEARCH$1Search.search(DEPTH_FIRST_SEARCH.java:23)
	at java_programs.DEPTH_FIRST_SEARCH$1Search.search(DEPTH_FIRST_SEARCH.java:23)
	at java_programs.DEPTH_FIRST_SEARCH$1Search.search(DEPTH_FIRST_SEARCH.java:23)
	at java_programs.DEPTH_FIRST_SEARCH$1Search.search(DEPTH_FIRST_SEARCH.java:23)
	at java_programs.DEPTH_FIRST_SEARCH$1Search.search(DEPTH_FIRST_SEARCH.java:23)
	at java_programs.DEPTH_FIRST_SEARCH$1Search.search(DEPTH_FIRST_SEARCH.java:23)
	at java_programs.DEPTH_FIRST_SEARCH$1Search.search(DEPTH_FIRST_SEARCH.java:23)
	at java_programs.DEPTH_FIRST_SEARCH$1Search.search(DEPTH_FIRST_SEARCH.java:23)
	at java_programs.DEPTH_FIRST_SEARCH$1Search.search(DEPTH_FIRST_SEARCH.java:23)
	at java_programs.DEPTH_FIRST_SEARCH$1Search.search(DEPTH_FIRST_SEARCH.java:23)
	at java_programs.DEPTH_FIRST_SEARCH$1Search.search(DEPTH_FIRST_SEARCH.java:23)
	at java_programs.DEPTH_FIRST_SEARCH$1Search.search(DEPTH_FIRST_SEARCH.java:23)
	at java_programs.DEPTH_FIRST_SEARCH$1Search.search(DEPTH_FIRST_SEARCH.java:23)
	at java_programs.DEPTH_FIRST_SEARCH$1Search.search(DEPTH_FIRST_SEARCH.java:23)
	at java_programs.DEPTH_FIRST_SEARCH$1Search.search(DEPTH_FIRST_SEARCH.java:23)
	at java_programs.DEPTH_FIRST_SEARCH$1Search.search(DEPTH_FIRST_SEARCH.java:23)
	at java_programs.DEPTH_FIRST_SEARCH$1Search.search(DEPTH_FIRST_SEARCH.java:23)
	at java_programs.DEPTH_FIRST_SEARCH$1Search.search(DEPTH_FIRST_SEARCH.java:23)
	at java_programs.DEPTH_FIRST_SEARCH$1Search.search(DEPTH_FIRST_SEARCH.java:23)
	at java_programs.DEPTH_FIRST_SEARCH$1Search.search(DEPTH_FIRST_SEARCH.java:23)
	at java_programs.DEPTH_FIRST_SEARCH$1Search.search(DEPTH_FIRST_SEARCH.java:23)
	at java_programs.DEPTH_FIRST_SEARCH$1Search.search(DEPTH_FIRST_SEARCH.java:23)
	at java_programs.DEPTH_FIRST_SEARCH$1Search.search(DEPTH_FIRST_SEARCH.java:23)
	at java_programs.DEPTH_FIRST_SEARCH$1Search.search(DEPTH_FIRST_SEARCH.java:23)
	at java_programs.DEPTH_FIRST_SEARCH$1Search.search(DEPTH_FIRST_SEARCH.java:23)
	at java_programs.DEPTH_FIRST_SEARCH$1Search.search(DEPTH_FIRST_SEARCH.java:23)
	at java_programs.DEPTH_FIRST_SEARCH$1Search.search(DEPTH_FIRST_SEARCH.java:23)
	at java_programs.DEPTH_FIRST_SEARCH$1Search.search(DEPTH_FIRST_SEARCH.java:23)
	at java_programs.DEPTH_FIRST_SEARCH$1Search.search(DEPTH_FIRST_SEARCH.java:23)
	at java_programs.DEPTH_FIRST_SEARCH$1Search.search(DEPTH_FIRST_SEARCH.java:23)
	at java_programs.DEPTH_FIRST_SEARCH$1Search.search(DEPTH_FIRST_SEARCH.java:23)
	at java_programs.DEPTH_FIRST_SEARCH$1Search.search(DEPTH_FIRST_SEARCH.java:23)
	at java_programs.DEPTH_FIRST_SEARCH$1Search.search(DEPTH_FIRST_SEARCH.java:23)
	at java_programs.DEPTH_FIRST_SEARCH$1Search.search(DEPTH_FIRST_SEARCH.java:23)
	at java_programs.DEPTH_FIRST_SEARCH$1Search.search(DEPTH_FIRST_SEARCH.java:23)
	at java_programs.DEPTH_FIRST_SEARCH$1Search.search(DEPTH_FIRST_SEARCH.java:23)
	at java_programs.DEPTH_FIRST_SEARCH$1Search.search(DEPTH_FIRST_SEARCH.java:23)
	at java_programs.DEPTH_FIRST_SEARCH$1Search.search(DEPTH_FIRST_SEARCH.java:23)
	at java_programs.DEPTH_FIRST_SEARCH$1Search.search(DEPTH_FIRST_SEARCH.java:23)
	at java_programs.DEPTH_FIRST_SEARCH$1Search.search(DEPTH_FIRST_SEARCH.java:23)
	at java_programs.DEPTH_FIRST_SEARCH$1Search.search(DEPTH_FIRST_SEARCH.java:23)
	at java_programs.DEPTH_FIRST_SEARCH$1Search.search(DEPTH_FIRST_SEARCH.java:23)
	at java_programs.DEPTH_FIRST_SEARCH$1Search.search(DEPTH_FIRST_SEARCH.java:23)
	at java_programs.DEPTH_FIRST_SEARCH$1Search.search(DEPTH_FIRST_SEARCH.java:23)
	at java_programs.DEPTH_FIRST_SEARCH$1Search.search(DEPTH_FIRST_SEARCH.java:23)
	at java_programs.DEPTH_FIRST_SEARCH$1Search.search(DEPTH_FIRST_SEARCH.java:23)
	at java_programs.DEPTH_FIRST_SEARCH$1Search.search(DEPTH_FIRST_SEARCH.java:23)
	at java_programs.DEPTH_FIRST_SEARCH$1Search.search(DEPTH_FIRST_SEARCH.java:23)
	at java_programs.DEPTH_FIRST_SEARCH$1Search.search(DEPTH_FIRST_SEARCH.java:23)
	at java_programs.DEPTH_FIRST_SEARCH$1Search.search(DEPTH_FIRST_SEARCH.java:23)
	at java_programs.DEPTH_FIRST_SEARCH$1Search.search(DEPTH_FIRST_SEARCH.java:23)
	at java_programs.DEPTH_FIRST_SEARCH$1Search.search(DEPTH_FIRST_SEARCH.java:23)
	at java_programs.DEPTH_FIRST_SEARCH$1Search.search(DEPTH_FIRST_SEARCH.java:23)
	at java_programs.DEPTH_FIRST_SEARCH$1Search.search(DEPTH_FIRST_SEARCH.java:23)
	at java_programs.DEPTH_FIRST_SEARCH$1Search.search(DEPTH_FIRST_SEARCH.java:23)
	at java_programs.DEPTH_FIRST_SEARCH$1Search.search(DEPTH_FIRST_SEARCH.java:23)
	at java_programs.DEPTH_FIRST_SEARCH$1Search.search(DEPTH_FIRST_SEARCH.java:23)
	at java_programs.DEPTH_FIRST_SEARCH$1Search.search(DEPTH_FIRST_SEARCH.java:23)
	at java_programs.DEPTH_FIRST_SEARCH$1Search.search(DEPTH_FIRST_SEARCH.java:23)
	at java_programs.DEPTH_FIRST_SEARCH$1Search.search(DEPTH_FIRST_SEARCH.java:23)
	at java_programs.DEPTH_FIRST_SEARCH$1Search.search(DEPTH_FIRST_SEARCH.java:23)
	at java_programs.DEPTH_FIRST_SEARCH$1Search.search(DEPTH_FIRST_SEARCH.java:23)
	at java_programs.DEPTH_FIRST_SEARCH$1Search.search(DEPTH_FIRST_SEARCH.java:23)
	at java_programs.DEPTH_FIRST_SEARCH$1Search.search(DEPTH_FIRST_SEARCH.java:23)
	at java_programs.DEPTH_FIRST_SEARCH$1Search.search(DEPTH_FIRST_SEARCH.java:23)
	at java_programs.DEPTH_FIRST_SEARCH$1Search.search(DEPTH_FIRST_SEARCH.java:23)
	at java_programs.DEPTH_FIRST_SEARCH$1Search.search(DEPTH_FIRST_SEARCH.java:23)
	at java_programs.DEPTH_FIRST_SEARCH$1Search.search(DEPTH_FIRST_SEARCH.java:23)
	at java_programs.DEPTH_FIRST_SEARCH$1Search.search(DEPTH_FIRST_SEARCH.java:23)
	at java_programs.DEPTH_FIRST_SEARCH$1Search.search(DEPTH_FIRST_SEARCH.java:23)
	at java_programs.DEPTH_FIRST_SEARCH$1Search.search(DEPTH_FIRST_SEARCH.java:23)
	at java_programs.DEPTH_FIRST_SEARCH$1Search.search(DEPTH_FIRST_SEARCH.java:23)
	at java_programs.DEPTH_FIRST_SEARCH$1Search.search(DEPTH_FIRST_SEARCH.java:23)
	at java_programs.DEPTH_FIRST_SEARCH$1Search.search(DEPTH_FIRST_SEARCH.java:23)
	at java_programs.DEPTH_FIRST_SEARCH$1Search.search(DEPTH_FIRST_SEARCH.java:23)
	at java_programs.DEPTH_FIRST_SEARCH$1Search.search(DEPTH_FIRST_SEARCH.java:23)
	at java_programs.DEPTH_FIRST_SEARCH$1Search.search(DEPTH_FIRST_SEARCH.java:23)
	at java_programs.DEPTH_FIRST_SEARCH$1Search.search(DEPTH_FIRST_SEARCH.java:23)
	at java_programs.DEPTH_FIRST_SEARCH$1Search.search(DEPTH_FIRST_SEARCH.java:23)
	at java_programs.DEPTH_FIRST_SEARCH$1Search.search(DEPTH_FIRST_SEARCH.java:23)
	at java_programs.DEPTH_FIRST_SEARCH$1Search.search(DEPTH_FIRST_SEARCH.java:23)
	at java_programs.DEPTH_FIRST_SEARCH$1Search.search(DEPTH_FIRST_SEARCH.java:23)
	at java_programs.DEPTH_FIRST_SEARCH$1Search.search(DEPTH_FIRST_SEARCH.java:23)
	at java_programs.DEPTH_FIRST_SEARCH$1Search.search(DEPTH_FIRST_SEARCH.java:23)
	at java_programs.DEPTH_FIRST_SEARCH$1Search.search(DEPTH_FIRST_SEARCH.java:23)
	at java_programs.DEPTH_FIRST_SEARCH$1Search.search(DEPTH_FIRST_SEARCH.java:23)
	at java_programs.DEPTH_FIRST_SEARCH$1Search.search(DEPTH_FIRST_SEARCH.java:23)
	at java_programs.DEPTH_FIRST_SEARCH$1Search.search(DEPTH_FIRST_SEARCH.java:23)
	at java_programs.DEPTH_FIRST_SEARCH$1Search.search(DEPTH_FIRST_SEARCH.java:23)
	at java_programs.DEPTH_FIRST_SEARCH$1Search.search(DEPTH_FIRST_SEARCH.java:23)
	at java_programs.DEPTH_FIRST_SEARCH$1Search.search(DEPTH_FIRST_SEARCH.java:23)
	at java_programs.DEPTH_FIRST_SEARCH$1Search.search(DEPTH_FIRST_SEARCH.java:23)
	at java_programs.DEPTH_FIRST_SEARCH$1Search.search(DEPTH_FIRST_SEARCH.java:23)
	at java_programs.DEPTH_FIRST_SEARCH$1Search.search(DEPTH_FIRST_SEARCH.java:23)
	at java_programs.DEPTH_FIRST_SEARCH$1Search.search(DEPTH_FIRST_SEARCH.java:23)
	at java_programs.DEPTH_FIRST_SEARCH$1Search.search(DEPTH_FIRST_SEARCH.java:23)
	at java_programs.DEPTH_FIRST_SEARCH$1Search.search(DEPTH_FIRST_SEARCH.java:23)
	at java_programs.DEPTH_FIRST_SEARCH$1Search.search(DEPTH_FIRST_SEARCH.java:23)
	at java_programs.DEPTH_FIRST_SEARCH$1Search.search(DEPTH_FIRST_SEARCH.java:23)
	at java_programs.DEPTH_FIRST_SEARCH$1Search.search(DEPTH_FIRST_SEARCH.java:23)
	at java_programs.DEPTH_FIRST_SEARCH$1Search.search(DEPTH_FIRST_SEARCH.java:23)
	at java_programs.DEPTH_FIRST_SEARCH$1Search.search(DEPTH_FIRST_SEARCH.java:23)
	at java_programs.DEPTH_FIRST_SEARCH$1Search.search(DEPTH_FIRST_SEARCH.java:23)
	at java_programs.DEPTH_FIRST_SEARCH$1Search.search(DEPTH_FIRST_SEARCH.java:23)
	at java_programs.DEPTH_FIRST_SEARCH$1Search.search(DEPTH_FIRST_SEARCH.java:23)
	at java_programs.DEPTH_FIRST_SEARCH$1Search.search(DEPTH_FIRST_SEARCH.java:23)
	at java_programs.DEPTH_FIRST_SEARCH$1Search.search(DEPTH_FIRST_SEARCH.java:23)
	at java_programs.DEPTH_FIRST_SEARCH$1Search.search(DEPTH_FIRST_SEARCH.java:23)
	at java_programs.DEPTH_FIRST_SEARCH$1Search.search(DEPTH_FIRST_SEARCH.java:23)
	at java_programs.DEPTH_FIRST_SEARCH$1Search.search(DEPTH_FIRST_SEARCH.java:23)
	at java_programs.DEPTH_FIRST_SEARCH$1Search.search(DEPTH_FIRST_SEARCH.java:23)
	at java_programs.DEPTH_FIRST_SEARCH$1Search.search(DEPTH_FIRST_SEARCH.java:23)
	at java_programs.DEPTH_FIRST_SEARCH$1Search.search(DEPTH_FIRST_SEARCH.java:23)
	at java_programs.DEPTH_FIRST_SEARCH$1Search.search(DEPTH_FIRST_SEARCH.java:23)
	at java_programs.DEPTH_FIRST_SEARCH$1Search.search(DEPTH_FIRST_SEARCH.java:23)
	at java_programs.DEPTH_FIRST_SEARCH$1Search.search(DEPTH_FIRST_SEARCH.java:23)
	at java_programs.DEPTH_FIRST_SEARCH$1Search.search(DEPTH_FIRST_SEARCH.java:23)
	at java_programs.DEPTH_FIRST_SEARCH$1Search.search(DEPTH_FIRST_SEARCH.java:23)
	at java_programs.DEPTH_FIRST_SEARCH$1Search.search(DEPTH_FIRST_SEARCH.java:23)
	at java_programs.DEPTH_FIRST_SEARCH$1Search.search(DEPTH_FIRST_SEARCH.java:23)
	at java_programs.DEPTH_FIRST_SEARCH$1Search.search(DEPTH_FIRST_SEARCH.java:23)
	at java_programs.DEPTH_FIRST_SEARCH$1Search.search(DEPTH_FIRST_SEARCH.java:23)
	at java_programs.DEPTH_FIRST_SEARCH$1Search.search(DEPTH_FIRST_SEARCH.java:23)
	at java_programs.DEPTH_FIRST_SEARCH$1Search.search(DEPTH_FIRST_SEARCH.java:23)
	at java_programs.DEPTH_FIRST_SEARCH$1Search.search(DEPTH_FIRST_SEARCH.java:23)
	at java_programs.DEPTH_FIRST_SEARCH$1Search.search(DEPTH_FIRST_SEARCH.java:23)
	at java_programs.DEPTH_FIRST_SEARCH$1Search.search(DEPTH_FIRST_SEARCH.java:23)
	at java_programs.DEPTH_FIRST_SEARCH$1Search.search(DEPTH_FIRST_SEARCH.java:23)
	at java_programs.DEPTH_FIRST_SEARCH$1Search.search(DEPTH_FIRST_SEARCH.java:23)
	at java_programs.DEPTH_FIRST_SEARCH$1Search.search(DEPTH_FIRST_SEARCH.java:23)
	at java_programs.DEPTH_FIRST_SEARCH$1Search.search(DEPTH_FIRST_SEARCH.java:23)
	at java_programs.DEPTH_FIRST_SEARCH$1Search.search(DEPTH_FIRST_SEARCH.java:23)
	at java_programs.DEPTH_FIRST_SEARCH$1Search.search(DEPTH_FIRST_SEARCH.java:23)
	at java_programs.DEPTH_FIRST_SEARCH$1Search.search(DEPTH_FIRST_SEARCH.java:23)
	at java_programs.DEPTH_FIRST_SEARCH$1Search.search(DEPTH_FIRST_SEARCH.java:23)
	at java_programs.DEPTH_FIRST_SEARCH$1Search.search(DEPTH_FIRST_SEARCH.java:23)
	at java_programs.DEPTH_FIRST_SEARCH$1Search.search(DEPTH_FIRST_SEARCH.java:23)
	at java_programs.DEPTH_FIRST_SEARCH$1Search.search(DEPTH_FIRST_SEARCH.java:23)
	at java_programs.DEPTH_FIRST_SEARCH$1Search.search(DEPTH_FIRST_SEARCH.java:23)
	at java_programs.DEPTH_FIRST_SEARCH$1Search.search(DEPTH_FIRST_SEARCH.java:23)
	at java_programs.DEPTH_FIRST_SEARCH$1Search.search(DEPTH_FIRST_SEARCH.java:23)
	at java_programs.DEPTH_FIRST_SEARCH$1Search.search(DEPTH_FIRST_SEARCH.java:23)
	at java_programs.DEPTH_FIRST_SEARCH$1Search.search(DEPTH_FIRST_SEARCH.java:23)
	at java_programs.DEPTH_FIRST_SEARCH$1Search.search(DEPTH_FIRST_SEARCH.java:23)
	at java_programs.DEPTH_FIRST_SEARCH$1Search.search(DEPTH_FIRST_SEARCH.java:23)
	at java_programs.DEPTH_FIRST_SEARCH$1Search.search(DEPTH_FIRST_SEARCH.java:23)
	at java_programs.DEPTH_FIRST_SEARCH$1Search.search(DEPTH_FIRST_SEARCH.java:23)
	at java_programs.DEPTH_FIRST_SEARCH$1Search.search(DEPTH_FIRST_SEARCH.java:23)
	at java_programs.DEPTH_FIRST_SEARCH$1Search.search(DEPTH_FIRST_SEARCH.java:23)
	at java_programs.DEPTH_FIRST_SEARCH$1Search.search(DEPTH_FIRST_SEARCH.java:23)
	at java_programs.DEPTH_FIRST_SEARCH$1Search.search(DEPTH_FIRST_SEARCH.java:23)
	at java_programs.DEPTH_FIRST_SEARCH$1Search.search(DEPTH_FIRST_SEARCH.java:23)
	at java_programs.DEPTH_FIRST_SEARCH$1Search.search(DEPTH_FIRST_SEARCH.java:23)
	at java_programs.DEPTH_FIRST_SEARCH$1Search.search(DEPTH_FIRST_SEARCH.java:23)
	at java_programs.DEPTH_FIRST_SEARCH$1Search.search(DEPTH_FIRST_SEARCH.java:23)
	at java_programs.DEPTH_FIRST_SEARCH$1Search.search(DEPTH_FIRST_SEARCH.java:23)
	at java_programs.DEPTH_FIRST_SEARCH$1Search.search(DEPTH_FIRST_SEARCH.java:23)
	at java_programs.DEPTH_FIRST_SEARCH$1Search.search(DEPTH_FIRST_SEARCH.java:23)
	at java_programs.DEPTH_FIRST_SEARCH$1Search.search(DEPTH_FIRST_SEARCH.java:23)
	at java_programs.DEPTH_FIRST_SEARCH$1Search.search(DEPTH_FIRST_SEARCH.java:23)
	at java_programs.DEPTH_FIRST_SEARCH$1Search.search(DEPTH_FIRST_SEARCH.java:23)
	at java_programs.DEPTH_FIRST_SEARCH$1Search.search(DEPTH_FIRST_SEARCH.java:23)
	at java_programs.DEPTH_FIRST_SEARCH$1Search.search(DEPTH_FIRST_SEARCH.java:23)
	at java_programs.DEPTH_FIRST_SEARCH$1Search.search(DEPTH_FIRST_SEARCH.java:23)
	at java_programs.DEPTH_FIRST_SEARCH$1Search.search(DEPTH_FIRST_SEARCH.java:23)
	at java_programs.DEPTH_FIRST_SEARCH$1Search.search(DEPTH_FIRST_SEARCH.java:23)
	at java_programs.DEPTH_FIRST_SEARCH$1Search.search(DEPTH_FIRST_SEARCH.java:23)
	at java_programs.DEPTH_FIRST_SEARCH$1Search.search(DEPTH_FIRST_SEARCH.java:23)
	at java_programs.DEPTH_FIRST_SEARCH$1Search.search(DEPTH_FIRST_SEARCH.java:23)
	at java_programs.DEPTH_FIRST_SEARCH$1Search.search(DEPTH_FIRST_SEARCH.java:23)
	at java_programs.DEPTH_FIRST_SEARCH$1Search.search(DEPTH_FIRST_SEARCH.java:23)
	at java_programs.DEPTH_FIRST_SEARCH$1Search.search(DEPTH_FIRST_SEARCH.java:23)
	at java_programs.DEPTH_FIRST_SEARCH$1Search.search(DEPTH_FIRST_SEARCH.java:23)
	at java_programs.DEPTH_FIRST_SEARCH$1Search.search(DEPTH_FIRST_SEARCH.java:23)
	at java_programs.DEPTH_FIRST_SEARCH$1Search.search(DEPTH_FIRST_SEARCH.java:23)
	at java_programs.DEPTH_FIRST_SEARCH$1Search.search(DEPTH_FIRST_SEARCH.java:23)
	at java_programs.DEPTH_FIRST_SEARCH$1Search.search(DEPTH_FIRST_SEARCH.java:23)
	at java_programs.DEPTH_FIRST_SEARCH$1Search.search(DEPTH_FIRST_SEARCH.java:23)
	at java_programs.DEPTH_FIRST_SEARCH$1Search.search(DEPTH_FIRST_SEARCH.java:23)
	at java_programs.DEPTH_FIRST_SEARCH$1Search.search(DEPTH_FIRST_SEARCH.java:23)
	at java_programs.DEPTH_FIRST_SEARCH$1Search.search(DEPTH_FIRST_SEARCH.java:23)
	at java_programs.DEPTH_FIRST_SEARCH$1Search.search(DEPTH_FIRST_SEARCH.java:23)
	at java_programs.DEPTH_FIRST_SEARCH$1Search.search(DEPTH_FIRST_SEARCH.java:23)
	at java_programs.DEPTH_FIRST_SEARCH$1Search.search(DEPTH_FIRST_SEARCH.java:23)
	at java_programs.DEPTH_FIRST_SEARCH$1Search.search(DEPTH_FIRST_SEARCH.java:23)
	at java_programs.DEPTH_FIRST_SEARCH$1Search.search(DEPTH_FIRST_SEARCH.java:23)
	at java_programs.DEPTH_FIRST_SEARCH$1Search.search(DEPTH_FIRST_SEARCH.java:23)
	at java_programs.DEPTH_FIRST_SEARCH$1Search.search(DEPTH_FIRST_SEARCH.java:23)
	at java_programs.DEPTH_FIRST_SEARCH$1Search.search(DEPTH_FIRST_SEARCH.java:23)
	at java_programs.DEPTH_FIRST_SEARCH$1Search.search(DEPTH_FIRST_SEARCH.java:23)
	at java_programs.DEPTH_FIRST_SEARCH$1Search.search(DEPTH_FIRST_SEARCH.java:23)
	at java_programs.DEPTH_FIRST_SEARCH$1Search.search(DEPTH_FIRST_SEARCH.java:23)
	at java_programs.DEPTH_FIRST_SEARCH$1Search.search(DEPTH_FIRST_SEARCH.java:23)
	at java_programs.DEPTH_FIRST_SEARCH$1Search.search(DEPTH_FIRST_SEARCH.java:23)
	at java_programs.DEPTH_FIRST_SEARCH$1Search.search(DEPTH_FIRST_SEARCH.java:23)
	at java_programs.DEPTH_FIRST_SEARCH$1Search.search(DEPTH_FIRST_SEARCH.java:23)
	at java_programs.DEPTH_FIRST_SEARCH$1Search.search(DEPTH_FIRST_SEARCH.java:23)
	at java_programs.DEPTH_FIRST_SEARCH$1Search.search(DEPTH_FIRST_SEARCH.java:23)
	at java_programs.DEPTH_FIRST_SEARCH$1Search.search(DEPTH_FIRST_SEARCH.java:23)
	at java_programs.DEPTH_FIRST_SEARCH$1Search.search(DEPTH_FIRST_SEARCH.java:23)
	at java_programs.DEPTH_FIRST_SEARCH$1Search.search(DEPTH_FIRST_SEARCH.java:23)
	at java_programs.DEPTH_FIRST_SEARCH$1Search.search(DEPTH_FIRST_SEARCH.java:23)
	at java_programs.DEPTH_FIRST_SEARCH$1Search.search(DEPTH_FIRST_SEARCH.java:23)
	at java_programs.DEPTH_FIRST_SEARCH$1Search.search(DEPTH_FIRST_SEARCH.java:23)
	at java_programs.DEPTH_FIRST_SEARCH$1Search.search(DEPTH_FIRST_SEARCH.java:23)
	at java_programs.DEPTH_FIRST_SEARCH$1Search.search(DEPTH_FIRST_SEARCH.java:23)
	at java_programs.DEPTH_FIRST_SEARCH$1Search.search(DEPTH_FIRST_SEARCH.java:23)
	at java_programs.DEPTH_FIRST_SEARCH$1Search.search(DEPTH_FIRST_SEARCH.java:23)
	at java_programs.DEPTH_FIRST_SEARCH$1Search.search(DEPTH_FIRST_SEARCH.java:23)
	at java_programs.DEPTH_FIRST_SEARCH$1Search.search(DEPTH_FIRST_SEARCH.java:23)
	at java_programs.DEPTH_FIRST_SEARCH$1Search.search(DEPTH_FIRST_SEARCH.java:23)
	at java_programs.DEPTH_FIRST_SEARCH$1Search.search(DEPTH_FIRST_SEARCH.java:23)
	at java_programs.DEPTH_FIRST_SEARCH$1Search.search(DEPTH_FIRST_SEARCH.java:23)
	at java_programs.DEPTH_FIRST_SEARCH$1Search.search(DEPTH_FIRST_SEARCH.java:23)
	at java_programs.DEPTH_FIRST_SEARCH$1Search.search(DEPTH_FIRST_SEARCH.java:23)
	at java_programs.DEPTH_FIRST_SEARCH$1Search.search(DEPTH_FIRST_SEARCH.java:23)
	at java_programs.DEPTH_FIRST_SEARCH$1Search.search(DEPTH_FIRST_SEARCH.java:23)
	at java_programs.DEPTH_FIRST_SEARCH$1Search.search(DEPTH_FIRST_SEARCH.java:23)
	at java_programs.DEPTH_FIRST_SEARCH$1Search.search(DEPTH_FIRST_SEARCH.java:23)
	at java_programs.DEPTH_FIRST_SEARCH$1Search.search(DEPTH_FIRST_SEARCH.java:23)
	at java_programs.DEPTH_FIRST_SEARCH$1Search.search(DEPTH_FIRST_SEARCH.java:23)
	at java_programs.DEPTH_FIRST_SEARCH$1Search.search(DEPTH_FIRST_SEARCH.java:23)
	at java_programs.DEPTH_FIRST_SEARCH$1Search.search(DEPTH_FIRST_SEARCH.java:23)
	at java_programs.DEPTH_FIRST_SEARCH$1Search.search(DEPTH_FIRST_SEARCH.java:23)
	at java_programs.DEPTH_FIRST_SEARCH$1Search.search(DEPTH_FIRST_SEARCH.java:23)
	at java_programs.DEPTH_FIRST_SEARCH$1Search.search(DEPTH_FIRST_SEARCH.java:23)
	at java_programs.DEPTH_FIRST_SEARCH$1Search.search(DEPTH_FIRST_SEARCH.java:23)
	at java_programs.DEPTH_FIRST_SEARCH$1Search.search(DEPTH_FIRST_SEARCH.java:23)
	at java_programs.DEPTH_FIRST_SEARCH$1Search.search(DEPTH_FIRST_SEARCH.java:23)
	at java_programs.DEPTH_FIRST_SEARCH$1Search.search(DEPTH_FIRST_SEARCH.java:23)
	at java_programs.DEPTH_FIRST_SEARCH$1Search.search(DEPTH_FIRST_SEARCH.java:23)
	at java_programs.DEPTH_FIRST_SEARCH$1Search.search(DEPTH_FIRST_SEARCH.java:23)
	at java_programs.DEPTH_FIRST_SEARCH$1Search.search(DEPTH_FIRST_SEARCH.java:23)
	at java_programs.DEPTH_FIRST_SEARCH$1Search.search(DEPTH_FIRST_SEARCH.java:23)
	at java_programs.DEPTH_FIRST_SEARCH$1Search.search(DEPTH_FIRST_SEARCH.java:23)
	at java_programs.DEPTH_FIRST_SEARCH$1Search.search(DEPTH_FIRST_SEARCH.java:23)
	at java_programs.DEPTH_FIRST_SEARCH$1Search.search(DEPTH_FIRST_SEARCH.java:23)
	at java_programs.DEPTH_FIRST_SEARCH$1Search.search(DEPTH_FIRST_SEARCH.java:23)
	at java_programs.DEPTH_FIRST_SEARCH$1Search.search(DEPTH_FIRST_SEARCH.java:23)
	at java_programs.DEPTH_FIRST_SEARCH$1Search.search(DEPTH_FIRST_SEARCH.java:23)
	at java_programs.DEPTH_FIRST_SEARCH$1Search.search(DEPTH_FIRST_SEARCH.java:23)
	at java_programs.DEPTH_FIRST_SEARCH$1Search.search(DEPTH_FIRST_SEARCH.java:23)
	at java_programs.DEPTH_FIRST_SEARCH$1Search.search(DEPTH_FIRST_SEARCH.java:23)
	at java_programs.DEPTH_FIRST_SEARCH$1Search.search(DEPTH_FIRST_SEARCH.java:23)
	at java_programs.DEPTH_FIRST_SEARCH$1Search.search(DEPTH_FIRST_SEARCH.java:23)
	at java_programs.DEPTH_FIRST_SEARCH$1Search.search(DEPTH_FIRST_SEARCH.java:23)
	at java_programs.DEPTH_FIRST_SEARCH$1Search.search(DEPTH_FIRST_SEARCH.java:23)
	at java_programs.DEPTH_FIRST_SEARCH$1Search.search(DEPTH_FIRST_SEARCH.java:23)
	at java_programs.DEPTH_FIRST_SEARCH$1Search.search(DEPTH_FIRST_SEARCH.java:23)
	at java_programs.DEPTH_FIRST_SEARCH$1Search.search(DEPTH_FIRST_SEARCH.java:23)
	at java_programs.DEPTH_FIRST_SEARCH$1Search.search(DEPTH_FIRST_SEARCH.java:23)
	at java_programs.DEPTH_FIRST_SEARCH$1Search.search(DEPTH_FIRST_SEARCH.java:23)
	at java_programs.DEPTH_FIRST_SEARCH$1Search.search(DEPTH_FIRST_SEARCH.java:23)
	at java_programs.DEPTH_FIRST_SEARCH$1Search.search(DEPTH_FIRST_SEARCH.java:23)
	at java_programs.DEPTH_FIRST_SEARCH$1Search.search(DEPTH_FIRST_SEARCH.java:23)
	at java_programs.DEPTH_FIRST_SEARCH$1Search.search(DEPTH_FIRST_SEARCH.java:23)
	at java_programs.DEPTH_FIRST_SEARCH$1Search.search(DEPTH_FIRST_SEARCH.java:23)
	at java_programs.DEPTH_FIRST_SEARCH$1Search.search(DEPTH_FIRST_SEARCH.java:23)
	at java_programs.DEPTH_FIRST_SEARCH$1Search.search(DEPTH_FIRST_SEARCH.java:23)
	at java_programs.DEPTH_FIRST_SEARCH$1Search.search(DEPTH_FIRST_SEARCH.java:23)
	at java_programs.DEPTH_FIRST_SEARCH$1Search.search(DEPTH_FIRST_SEARCH.java:23)
	at java_programs.DEPTH_FIRST_SEARCH$1Search.search(DEPTH_FIRST_SEARCH.java:23)
	at java_programs.DEPTH_FIRST_SEARCH$1Search.search(DEPTH_FIRST_SEARCH.java:23)
	at java_programs.DEPTH_FIRST_SEARCH$1Search.search(DEPTH_FIRST_SEARCH.java:23)
	at java_programs.DEPTH_FIRST_SEARCH$1Search.search(DEPTH_FIRST_SEARCH.java:23)
	at java_programs.DEPTH_FIRST_SEARCH$1Search.search(DEPTH_FIRST_SEARCH.java:23)
	at java_programs.DEPTH_FIRST_SEARCH$1Search.search(DEPTH_FIRST_SEARCH.java:23)
	at java_programs.DEPTH_FIRST_SEARCH$1Search.search(DEPTH_FIRST_SEARCH.java:23)
	at java_programs.DEPTH_FIRST_SEARCH$1Search.search(DEPTH_FIRST_SEARCH.java:23)
	at java_programs.DEPTH_FIRST_SEARCH$1Search.search(DEPTH_FIRST_SEARCH.java:23)
	at java_programs.DEPTH_FIRST_SEARCH$1Search.search(DEPTH_FIRST_SEARCH.java:23)
	at java_programs.DEPTH_FIRST_SEARCH$1Search.search(DEPTH_FIRST_SEARCH.java:23)
	at java_programs.DEPTH_FIRST_SEARCH$1Search.search(DEPTH_FIRST_SEARCH.java:23)
	at java_programs.DEPTH_FIRST_SEARCH$1Search.search(DEPTH_FIRST_SEARCH.java:23)
	at java_programs.DEPTH_FIRST_SEARCH$1Search.search(DEPTH_FIRST_SEARCH.java:23)
	at java_programs.DEPTH_FIRST_SEARCH$1Search.search(DEPTH_FIRST_SEARCH.java:23)
	at java_programs.DEPTH_FIRST_SEARCH$1Search.search(DEPTH_FIRST_SEARCH.java:23)
	at java_programs.DEPTH_FIRST_SEARCH$1Search.search(DEPTH_FIRST_SEARCH.java:23)
	at java_programs.DEPTH_FIRST_SEARCH$1Search.search(DEPTH_FIRST_SEARCH.java:23)
	at java_programs.DEPTH_FIRST_SEARCH$1Search.search(DEPTH_FIRST_SEARCH.java:23)
	at java_programs.DEPTH_FIRST_SEARCH$1Search.search(DEPTH_FIRST_SEARCH.java:23)
	at java_programs.DEPTH_FIRST_SEARCH$1Search.search(DEPTH_FIRST_SEARCH.java:23)
	at java_programs.DEPTH_FIRST_SEARCH$1Search.search(DEPTH_FIRST_SEARCH.java:23)
	at java_programs.DEPTH_FIRST_SEARCH$1Search.search(DEPTH_FIRST_SEARCH.java:23)
	at java_programs.DEPTH_FIRST_SEARCH$1Search.search(DEPTH_FIRST_SEARCH.java:23)
	at java_programs.DEPTH_FIRST_SEARCH$1Search.search(DEPTH_FIRST_SEARCH.java:23)
	at java_programs.DEPTH_FIRST_SEARCH$1Search.search(DEPTH_FIRST_SEARCH.java:23)
	at java_programs.DEPTH_FIRST_SEARCH$1Search.search(DEPTH_FIRST_SEARCH.java:23)
	at java_programs.DEPTH_FIRST_SEARCH$1Search.search(DEPTH_FIRST_SEARCH.java:23)
	at java_programs.DEPTH_FIRST_SEARCH$1Search.search(DEPTH_FIRST_SEARCH.java:23)
	at java_programs.DEPTH_FIRST_SEARCH$1Search.search(DEPTH_FIRST_SEARCH.java:23)
	at java_programs.DEPTH_FIRST_SEARCH$1Search.search(DEPTH_FIRST_SEARCH.java:23)
	at java_programs.DEPTH_FIRST_SEARCH$1Search.search(DEPTH_FIRST_SEARCH.java:23)
	at java_programs.DEPTH_FIRST_SEARCH$1Search.search(DEPTH_FIRST_SEARCH.java:23)
	at java_programs.DEPTH_FIRST_SEARCH$1Search.search(DEPTH_FIRST_SEARCH.java:23)
	at java_programs.DEPTH_FIRST_SEARCH$1Search.search(DEPTH_FIRST_SEARCH.java:23)
	at java_programs.DEPTH_FIRST_SEARCH$1Search.search(DEPTH_FIRST_SEARCH.java:23)
	at java_programs.DEPTH_FIRST_SEARCH$1Search.search(DEPTH_FIRST_SEARCH.java:23)
	at java_programs.DEPTH_FIRST_SEARCH$1Search.search(DEPTH_FIRST_SEARCH.java:23)
	at java_programs.DEPTH_FIRST_SEARCH$1Search.search(DEPTH_FIRST_SEARCH.java:23)
	at java_programs.DEPTH_FIRST_SEARCH$1Search.search(DEPTH_FIRST_SEARCH.java:23)
	at java_programs.DEPTH_FIRST_SEARCH$1Search.search(DEPTH_FIRST_SEARCH.java:23)
	at java_programs.DEPTH_FIRST_SEARCH$1Search.search(DEPTH_FIRST_SEARCH.java:23)
	at java_programs.DEPTH_FIRST_SEARCH$1Search.search(DEPTH_FIRST_SEARCH.java:23)
	at java_programs.DEPTH_FIRST_SEARCH$1Search.search(DEPTH_FIRST_SEARCH.java:23)
	at java_programs.DEPTH_FIRST_SEARCH$1Search.search(DEPTH_FIRST_SEARCH.java:23)
	at java_programs.DEPTH_FIRST_SEARCH$1Search.search(DEPTH_FIRST_SEARCH.java:23)
	at java_programs.DEPTH_FIRST_SEARCH$1Search.search(DEPTH_FIRST_SEARCH.java:23)
	at java_programs.DEPTH_FIRST_SEARCH$1Search.search(DEPTH_FIRST_SEARCH.java:23)
	at java_programs.DEPTH_FIRST_SEARCH$1Search.search(DEPTH_FIRST_SEARCH.java:23)
	at java_programs.DEPTH_FIRST_SEARCH$1Search.search(DEPTH_FIRST_SEARCH.java:23)
	at java_programs.DEPTH_FIRST_SEARCH$1Search.search(DEPTH_FIRST_SEARCH.java:23)
	at java_programs.DEPTH_FIRST_SEARCH$1Search.search(DEPTH_FIRST_SEARCH.java:23)
	at java_programs.DEPTH_FIRST_SEARCH$1Search.search(DEPTH_FIRST_SEARCH.java:23)
	at java_programs.DEPTH_FIRST_SEARCH$1Search.search(DEPTH_FIRST_SEARCH.java:23)
	at java_programs.DEPTH_FIRST_SEARCH$1Search.search(DEPTH_FIRST_SEARCH.java:23)
	at java_programs.DEPTH_FIRST_SEARCH$1Search.search(DEPTH_FIRST_SEARCH.java:23)
	at java_programs.DEPTH_FIRST_SEARCH$1Search.search(DEPTH_FIRST_SEARCH.java:23)
	at java_programs.DEPTH_FIRST_SEARCH$1Search.search(DEPTH_FIRST_SEARCH.java:23)
	at java_programs.DEPTH_FIRST_SEARCH$1Search.search(DEPTH_FIRST_SEARCH.java:23)
	at java_programs.DEPTH_FIRST_SEARCH$1Search.search(DEPTH_FIRST_SEARCH.java:23)
	at java_programs.DEPTH_FIRST_SEARCH$1Search.search(DEPTH_FIRST_SEARCH.java:23)
	at java_programs.DEPTH_FIRST_SEARCH$1Search.search(DEPTH_FIRST_SEARCH.java:23)
	at java_programs.DEPTH_FIRST_SEARCH$1Search.search(DEPTH_FIRST_SEARCH.java:23)
	at java_programs.DEPTH_FIRST_SEARCH$1Search.search(DEPTH_FIRST_SEARCH.java:23)
	at java_programs.DEPTH_FIRST_SEARCH$1Search.search(DEPTH_FIRST_SEARCH.java:23)
	at java_programs.DEPTH_FIRST_SEARCH$1Search.search(DEPTH_FIRST_SEARCH.java:23)
	at java_programs.DEPTH_FIRST_SEARCH$1Search.search(DEPTH_FIRST_SEARCH.java:23)
	at java_programs.DEPTH_FIRST_SEARCH$1Search.search(DEPTH_FIRST_SEARCH.java:23)
	at java_programs.DEPTH_FIRST_SEARCH$1Search.search(DEPTH_FIRST_SEARCH.java:23)
	at java_programs.DEPTH_FIRST_SEARCH$1Search.search(DEPTH_FIRST_SEARCH.java:23)
	at java_programs.DEPTH_FIRST_SEARCH$1Search.search(DEPTH_FIRST_SEARCH.java:23)
	at java_programs.DEPTH_FIRST_SEARCH$1Search.search(DEPTH_FIRST_SEARCH.java:23)
	at java_programs.DEPTH_FIRST_SEARCH$1Search.search(DEPTH_FIRST_SEARCH.java:23)
	at java_programs.DEPTH_FIRST_SEARCH$1Search.search(DEPTH_FIRST_SEARCH.java:23)
	at java_programs.DEPTH_FIRST_SEARCH$1Search.search(DEPTH_FIRST_SEARCH.java:23)
	at java_programs.DEPTH_FIRST_SEARCH$1Search.search(DEPTH_FIRST_SEARCH.java:23)
	at java_programs.DEPTH_FIRST_SEARCH$1Search.search(DEPTH_FIRST_SEARCH.java:23)
	at java_programs.DEPTH_FIRST_SEARCH$1Search.search(DEPTH_FIRST_SEARCH.java:23)
	at java_programs.DEPTH_FIRST_SEARCH$1Search.search(DEPTH_FIRST_SEARCH.java:23)
	at java_programs.DEPTH_FIRST_SEARCH$1Search.search(DEPTH_FIRST_SEARCH.java:23)
	at java_programs.DEPTH_FIRST_SEARCH$1Search.search(DEPTH_FIRST_SEARCH.java:23)
	at java_programs.DEPTH_FIRST_SEARCH$1Search.search(DEPTH_FIRST_SEARCH.java:23)
	at java_programs.DEPTH_FIRST_SEARCH$1Search.search(DEPTH_FIRST_SEARCH.java:23)
	at java_programs.DEPTH_FIRST_SEARCH$1Search.search(DEPTH_FIRST_SEARCH.java:23)
	at java_programs.DEPTH_FIRST_SEARCH$1Search.search(DEPTH_FIRST_SEARCH.java:23)
	at java_programs.DEPTH_FIRST_SEARCH$1Search.search(DEPTH_FIRST_SEARCH.java:23)
	at java_programs.DEPTH_FIRST_SEARCH$1Search.search(DEPTH_FIRST_SEARCH.java:23)
	at java_programs.DEPTH_FIRST_SEARCH$1Search.search(DEPTH_FIRST_SEARCH.java:23)
	at java_programs.DEPTH_FIRST_SEARCH$1Search.search(DEPTH_FIRST_SEARCH.java:23)
	at java_programs.DEPTH_FIRST_SEARCH$1Search.search(DEPTH_FIRST_SEARCH.java:23)
	at java_programs.DEPTH_FIRST_SEARCH$1Search.search(DEPTH_FIRST_SEARCH.java:23)
	at java_programs.DEPTH_FIRST_SEARCH$1Search.search(DEPTH_FIRST_SEARCH.java:23)
	at java_programs.DEPTH_FIRST_SEARCH$1Search.search(DEPTH_FIRST_SEARCH.java:23)
	at java_programs.DEPTH_FIRST_SEARCH$1Search.search(DEPTH_FIRST_SEARCH.java:23)
	at java_programs.DEPTH_FIRST_SEARCH$1Search.search(DEPTH_FIRST_SEARCH.java:23)
	at java_programs.DEPTH_FIRST_SEARCH$1Search.search(DEPTH_FIRST_SEARCH.java:23)
	at java_programs.DEPTH_FIRST_SEARCH$1Search.search(DEPTH_FIRST_SEARCH.java:23)
	at java_programs.DEPTH_FIRST_SEARCH$1Search.search(DEPTH_FIRST_SEARCH.java:23)
	at java_programs.DEPTH_FIRST_SEARCH$1Search.search(DEPTH_FIRST_SEARCH.java:23)
	at java_programs.DEPTH_FIRST_SEARCH$1Search.search(DEPTH_FIRST_SEARCH.java:23)
	at java_programs.DEPTH_FIRST_SEARCH$1Search.search(DEPTH_FIRST_SEARCH.java:23)
	at java_programs.DEPTH_FIRST_SEARCH$1Search.search(DEPTH_FIRST_SEARCH.java:23)
	at java_programs.DEPTH_FIRST_SEARCH$1Search.search(DEPTH_FIRST_SEARCH.java:23)
	at java_programs.DEPTH_FIRST_SEARCH$1Search.search(DEPTH_FIRST_SEARCH.java:23)
	at java_programs.DEPTH_FIRST_SEARCH$1Search.search(DEPTH_FIRST_SEARCH.java:23)
	at java_programs.DEPTH_FIRST_SEARCH$1Search.search(DEPTH_FIRST_SEARCH.java:23)
	at java_programs.DEPTH_FIRST_SEARCH$1Search.search(DEPTH_FIRST_SEARCH.java:23)
	at java_programs.DEPTH_FIRST_SEARCH$1Search.search(DEPTH_FIRST_SEARCH.java:23)
	at java_programs.DEPTH_FIRST_SEARCH$1Search.search(DEPTH_FIRST_SEARCH.java:23)
	at java_programs.DEPTH_FIRST_SEARCH$1Search.search(DEPTH_FIRST_SEARCH.java:23)
	at java_programs.DEPTH_FIRST_SEARCH$1Search.search(DEPTH_FIRST_SEARCH.java:23)
	at java_programs.DEPTH_FIRST_SEARCH$1Search.search(DEPTH_FIRST_SEARCH.java:23)
	at java_programs.DEPTH_FIRST_SEARCH$1Search.search(DEPTH_FIRST_SEARCH.java:23)
	at java_programs.DEPTH_FIRST_SEARCH$1Search.search(DEPTH_FIRST_SEARCH.java:23)
	at java_programs.DEPTH_FIRST_SEARCH$1Search.search(DEPTH_FIRST_SEARCH.java:23)
	at java_programs.DEPTH_FIRST_SEARCH$1Search.search(DEPTH_FIRST_SEARCH.java:23)
	at java_programs.DEPTH_FIRST_SEARCH$1Search.search(DEPTH_FIRST_SEARCH.java:23)
	at java_programs.DEPTH_FIRST_SEARCH$1Search.search(DEPTH_FIRST_SEARCH.java:23)
	at java_programs.DEPTH_FIRST_SEARCH$1Search.search(DEPTH_FIRST_SEARCH.java:23)
	at java_programs.DEPTH_FIRST_SEARCH$1Search.search(DEPTH_FIRST_SEARCH.java:23)
	at java_programs.DEPTH_FIRST_SEARCH$1Search.search(DEPTH_FIRST_SEARCH.java:23)
	at java_programs.DEPTH_FIRST_SEARCH$1Search.search(DEPTH_FIRST_SEARCH.java:23)
	at java_programs.DEPTH_FIRST_SEARCH$1Search.search(DEPTH_FIRST_SEARCH.java:23)
	at java_programs.DEPTH_FIRST_SEARCH$1Search.search(DEPTH_FIRST_SEARCH.java:23)
	at java_programs.DEPTH_FIRST_SEARCH$1Search.search(DEPTH_FIRST_SEARCH.java:23)
	at java_programs.DEPTH_FIRST_SEARCH$1Search.search(DEPTH_FIRST_SEARCH.java:23)
	at java_programs.DEPTH_FIRST_SEARCH$1Search.search(DEPTH_FIRST_SEARCH.java:23)
	at java_programs.DEPTH_FIRST_SEARCH$1Search.search(DEPTH_FIRST_SEARCH.java:23)
	at java_programs.DEPTH_FIRST_SEARCH$1Search.search(DEPTH_FIRST_SEARCH.java:23)
	at java_programs.DEPTH_FIRST_SEARCH$1Search.search(DEPTH_FIRST_SEARCH.java:23)
	at java_programs.DEPTH_FIRST_SEARCH$1Search.search(DEPTH_FIRST_SEARCH.java:23)
	at java_programs.DEPTH_FIRST_SEARCH$1Search.search(DEPTH_FIRST_SEARCH.java:23)
	at java_programs.DEPTH_FIRST_SEARCH$1Search.search(DEPTH_FIRST_SEARCH.java:23)
	at java_programs.DEPTH_FIRST_SEARCH$1Search.search(DEPTH_FIRST_SEARCH.java:23)
	at java_programs.DEPTH_FIRST_SEARCH$1Search.search(DEPTH_FIRST_SEARCH.java:23)
	at java_programs.DEPTH_FIRST_SEARCH$1Search.search(DEPTH_FIRST_SEARCH.java:23)
	at java_programs.DEPTH_FIRST_SEARCH$1Search.search(DEPTH_FIRST_SEARCH.java:23)
	at java_programs.DEPTH_FIRST_SEARCH$1Search.search(DEPTH_FIRST_SEARCH.java:23)
	at java_programs.DEPTH_FIRST_SEARCH$1Search.search(DEPTH_FIRST_SEARCH.java:23)
	at java_programs.DEPTH_FIRST_SEARCH$1Search.search(DEPTH_FIRST_SEARCH.java:23)
	at java_programs.DEPTH_FIRST_SEARCH$1Search.search(DEPTH_FIRST_SEARCH.java:23)
	at java_programs.DEPTH_FIRST_SEARCH$1Search.search(DEPTH_FIRST_SEARCH.java:23)
	at java_programs.DEPTH_FIRST_SEARCH$1Search.search(DEPTH_FIRST_SEARCH.java:23)
	at java_programs.DEPTH_FIRST_SEARCH$1Search.search(DEPTH_FIRST_SEARCH.java:23)
	at java_programs.DEPTH_FIRST_SEARCH$1Search.search(DEPTH_FIRST_SEARCH.java:23)
	at java_programs.DEPTH_FIRST_SEARCH$1Search.search(DEPTH_FIRST_SEARCH.java:23)
	at java_programs.DEPTH_FIRST_SEARCH$1Search.search(DEPTH_FIRST_SEARCH.java:23)
	at java_programs.DEPTH_FIRST_SEARCH$1Search.search(DEPTH_FIRST_SEARCH.java:23)
	at java_programs.DEPTH_FIRST_SEARCH$1Search.search(DEPTH_FIRST_SEARCH.java:23)
	at java_programs.DEPTH_FIRST_SEARCH$1Search.search(DEPTH_FIRST_SEARCH.java:23)
	at java_programs.DEPTH_FIRST_SEARCH$1Search.search(DEPTH_FIRST_SEARCH.java:23)
	at java_programs.DEPTH_FIRST_SEARCH$1Search.search(DEPTH_FIRST_SEARCH.java:23)
	at java_programs.DEPTH_FIRST_SEARCH$1Search.search(DEPTH_FIRST_SEARCH.java:23)
	at java_programs.DEPTH_FIRST_SEARCH$1Search.search(DEPTH_FIRST_SEARCH.java:23)
	at java_programs.DEPTH_FIRST_SEARCH$1Search.search(DEPTH_FIRST_SEARCH.java:23)
	at java_programs.DEPTH_FIRST_SEARCH$1Search.search(DEPTH_FIRST_SEARCH.java:23)
	at java_programs.DEPTH_FIRST_SEARCH$1Search.search(DEPTH_FIRST_SEARCH.java:23)
	at java_programs.DEPTH_FIRST_SEARCH$1Search.search(DEPTH_FIRST_SEARCH.java:23)
	at java_programs.DEPTH_FIRST_SEARCH$1Search.search(DEPTH_FIRST_SEARCH.java:23)
	at java_programs.DEPTH_FIRST_SEARCH$1Search.search(DEPTH_FIRST_SEARCH.java:23)
	at java_programs.DEPTH_FIRST_SEARCH$1Search.search(DEPTH_FIRST_SEARCH.java:23)
	at java_programs.DEPTH_FIRST_SEARCH$1Search.search(DEPTH_FIRST_SEARCH.java:23)
	at java_programs.DEPTH_FIRST_SEARCH$1Search.search(DEPTH_FIRST_SEARCH.java:23)
	at java_programs.DEPTH_FIRST_SEARCH$1Search.search(DEPTH_FIRST_SEARCH.java:23)
	at java_programs.DEPTH_FIRST_SEARCH$1Search.search(DEPTH_FIRST_SEARCH.java:23)
	at java_programs.DEPTH_FIRST_SEARCH$1Search.search(DEPTH_FIRST_SEARCH.java:23)
	at java_programs.DEPTH_FIRST_SEARCH$1Search.search(DEPTH_FIRST_SEARCH.java:23)
	at java_programs.DEPTH_FIRST_SEARCH$1Search.search(DEPTH_FIRST_SEARCH.java:23)
	at java_programs.DEPTH_FIRST_SEARCH$1Search.search(DEPTH_FIRST_SEARCH.java:23)
	at java_programs.DEPTH_FIRST_SEARCH$1Search.search(DEPTH_FIRST_SEARCH.java:23)
	at java_programs.DEPTH_FIRST_SEARCH$1Search.search(DEPTH_FIRST_SEARCH.java:23)
	at java_programs.DEPTH_FIRST_SEARCH$1Search.search(DEPTH_FIRST_SEARCH.java:23)
	at java_programs.DEPTH_FIRST_SEARCH$1Search.search(DEPTH_FIRST_SEARCH.java:23)
	at java_programs.DEPTH_FIRST_SEARCH$1Search.search(DEPTH_FIRST_SEARCH.java:23)
	at java_programs.DEPTH_FIRST_SEARCH$1Search.search(DEPTH_FIRST_SEARCH.java:23)
	at java_programs.DEPTH_FIRST_SEARCH$1Search.search(DEPTH_FIRST_SEARCH.java:23)
	at java_programs.DEPTH_FIRST_SEARCH$1Search.search(DEPTH_FIRST_SEARCH.java:23)
	at java_programs.DEPTH_FIRST_SEARCH$1Search.search(DEPTH_FIRST_SEARCH.java:23)
	at java_programs.DEPTH_FIRST_SEARCH$1Search.search(DEPTH_FIRST_SEARCH.java:23)
	at java_programs.DEPTH_FIRST_SEARCH$1Search.search(DEPTH_FIRST_SEARCH.java:23)
	at java_programs.DEPTH_FIRST_SEARCH$1Search.search(DEPTH_FIRST_SEARCH.java:23)
	at java_programs.DEPTH_FIRST_SEARCH$1Search.search(DEPTH_FIRST_SEARCH.java:23)
	at java_programs.DEPTH_FIRST_SEARCH$1Search.search(DEPTH_FIRST_SEARCH.java:23)
	at java_programs.DEPTH_FIRST_SEARCH$1Search.search(DEPTH_FIRST_SEARCH.java:23)
	at java_programs.DEPTH_FIRST_SEARCH$1Search.search(DEPTH_FIRST_SEARCH.java:23)
	at java_programs.DEPTH_FIRST_SEARCH$1Search.search(DEPTH_FIRST_SEARCH.java:23)
	at java_programs.DEPTH_FIRST_SEARCH$1Search.search(DEPTH_FIRST_SEARCH.java:23)
	at java_programs.DEPTH_FIRST_SEARCH$1Search.search(DEPTH_FIRST_SEARCH.java:23)
	at java_programs.DEPTH_FIRST_SEARCH$1Search.search(DEPTH_FIRST_SEARCH.java:23)
	at java_programs.DEPTH_FIRST_SEARCH$1Search.search(DEPTH_FIRST_SEARCH.java:23)
	at java_programs.DEPTH_FIRST_SEARCH$1Search.search(DEPTH_FIRST_SEARCH.java:23)
	at java_programs.DEPTH_FIRST_SEARCH$1Search.search(DEPTH_FIRST_SEARCH.java:23)
	at java_programs.DEPTH_FIRST_SEARCH$1Search.search(DEPTH_FIRST_SEARCH.java:23)
	at java_programs.DEPTH_FIRST_SEARCH$1Search.search(DEPTH_FIRST_SEARCH.java:23)
	at java_programs.DEPTH_FIRST_SEARCH$1Search.search(DEPTH_FIRST_SEARCH.java:23)
	at java_programs.DEPTH_FIRST_SEARCH$1Search.search(DEPTH_FIRST_SEARCH.java:23)
	at java_programs.DEPTH_FIRST_SEARCH$1Search.search(DEPTH_FIRST_SEARCH.java:23)
	at java_programs.DEPTH_FIRST_SEARCH$1Search.search(DEPTH_FIRST_SEARCH.java:23)
	at java_programs.DEPTH_FIRST_SEARCH$1Search.search(DEPTH_FIRST_SEARCH.java:23)
	at java_programs.DEPTH_FIRST_SEARCH$1Search.search(DEPTH_FIRST_SEARCH.java:23)
	at java_programs.DEPTH_FIRST_SEARCH$1Search.search(DEPTH_FIRST_SEARCH.java:23)
	at java_programs.DEPTH_FIRST_SEARCH$1Search.search(DEPTH_FIRST_SEARCH.java:23)
	at java_programs.DEPTH_FIRST_SEARCH$1Search.search(DEPTH_FIRST_SEARCH.java:23)
	at java_programs.DEPTH_FIRST_SEARCH$1Search.search(DEPTH_FIRST_SEARCH.java:23)
	at java_programs.DEPTH_FIRST_SEARCH$1Search.search(DEPTH_FIRST_SEARCH.java:23)
	at java_programs.DEPTH_FIRST_SEARCH$1Search.search(DEPTH_FIRST_SEARCH.java:23)
	at java_programs.DEPTH_FIRST_SEARCH$1Search.search(DEPTH_FIRST_SEARCH.java:23)
	at java_programs.DEPTH_FIRST_SEARCH$1Search.search(DEPTH_FIRST_SEARCH.java:23)
	at java_programs.DEPTH_FIRST_SEARCH$1Search.search(DEPTH_FIRST_SEARCH.java:23)
	at java_programs.DEPTH_FIRST_SEARCH$1Search.search(DEPTH_FIRST_SEARCH.java:23)
	at java_programs.DEPTH_FIRST_SEARCH$1Search.search(DEPTH_FIRST_SEARCH.java:23)
	at java_programs.DEPTH_FIRST_SEARCH$1Search.search(DEPTH_FIRST_SEARCH.java:23)
	at java_programs.DEPTH_FIRST_SEARCH$1Search.search(DEPTH_FIRST_SEARCH.java:23)
	at java_programs.DEPTH_FIRST_SEARCH$1Search.search(DEPTH_FIRST_SEARCH.java:23)
	at java_programs.DEPTH_FIRST_SEARCH$1Search.search(DEPTH_FIRST_SEARCH.java:23)
	at java_programs.DEPTH_FIRST_SEARCH$1Search.search(DEPTH_FIRST_SEARCH.java:23)
	at java_programs.DEPTH_FIRST_SEARCH$1Search.search(DEPTH_FIRST_SEARCH.java:23)
	at java_programs.DEPTH_FIRST_SEARCH$1Search.search(DEPTH_FIRST_SEARCH.java:23)
	at java_programs.DEPTH_FIRST_SEARCH$1Search.search(DEPTH_FIRST_SEARCH.java:23)
	at java_programs.DEPTH_FIRST_SEARCH$1Search.search(DEPTH_FIRST_SEARCH.java:23)
	at java_programs.DEPTH_FIRST_SEARCH$1Search.search(DEPTH_FIRST_SEARCH.java:23)
	at java_programs.DEPTH_FIRST_SEARCH$1Search.search(DEPTH_FIRST_SEARCH.java:23)
	at java_programs.DEPTH_FIRST_SEARCH$1Search.search(DEPTH_FIRST_SEARCH.java:23)
	at java_programs.DEPTH_FIRST_SEARCH$1Search.search(DEPTH_FIRST_SEARCH.java:23)
	at java_programs.DEPTH_FIRST_SEARCH$1Search.search(DEPTH_FIRST_SEARCH.java:23)
	at java_programs.DEPTH_FIRST_SEARCH$1Search.search(DEPTH_FIRST_SEARCH.java:23)
	at java_programs.DEPTH_FIRST_SEARCH$1Search.search(DEPTH_FIRST_SEARCH.java:23)
	at java_programs.DEPTH_FIRST_SEARCH$1Search.search(DEPTH_FIRST_SEARCH.java:23)
	at java_programs.DEPTH_FIRST_SEARCH$1Search.search(DEPTH_FIRST_SEARCH.java:23)
	at java_programs.DEPTH_FIRST_SEARCH$1Search.search(DEPTH_FIRST_SEARCH.java:23)
	at java_programs.DEPTH_FIRST_SEARCH$1Search.search(DEPTH_FIRST_SEARCH.java:23)
	at java_programs.DEPTH_FIRST_SEARCH$1Search.search(DEPTH_FIRST_SEARCH.java:23)
	at java_programs.DEPTH_FIRST_SEARCH$1Search.search(DEPTH_FIRST_SEARCH.java:23)
	at java_programs.DEPTH_FIRST_SEARCH$1Search.search(DEPTH_FIRST_SEARCH.java:23)
	at java_programs.DEPTH_FIRST_SEARCH$1Search.search(DEPTH_FIRST_SEARCH.java:23)
	at java_programs.DEPTH_FIRST_SEARCH$1Search.search(DEPTH_FIRST_SEARCH.java:23)
	at java_programs.DEPTH_FIRST_SEARCH$1Search.search(DEPTH_FIRST_SEARCH.java:23)
	at java_programs.DEPTH_FIRST_SEARCH$1Search.search(DEPTH_FIRST_SEARCH.java:23)
	at java_programs.DEPTH_FIRST_SEARCH$1Search.search(DEPTH_FIRST_SEARCH.java:23)
	at java_programs.DEPTH_FIRST_SEARCH$1Search.search(DEPTH_FIRST_SEARCH.java:23)
	at java_programs.DEPTH_FIRST_SEARCH$1Search.search(DEPTH_FIRST_SEARCH.java:23)
	at java_programs.DEPTH_FIRST_SEARCH$1Search.search(DEPTH_FIRST_SEARCH.java:23)
	at java_programs.DEPTH_FIRST_SEARCH$1Search.search(DEPTH_FIRST_SEARCH.java:23)
	at java_programs.DEPTH_FIRST_SEARCH$1Search.search(DEPTH_FIRST_SEARCH.java:23)
	at java_programs.DEPTH_FIRST_SEARCH$1Search.search(DEPTH_FIRST_SEARCH.java:23)
	at java_programs.DEPTH_FIRST_SEARCH$1Search.search(DEPTH_FIRST_SEARCH.java:23)
	at java_programs.DEPTH_FIRST_SEARCH$1Search.search(DEPTH_FIRST_SEARCH.java:23)
	at java_programs.DEPTH_FIRST_SEARCH$1Search.search(DEPTH_FIRST_SEARCH.java:23)
	at java_programs.DEPTH_FIRST_SEARCH$1Search.search(DEPTH_FIRST_SEARCH.java:23)
	at java_programs.DEPTH_FIRST_SEARCH$1Search.search(DEPTH_FIRST_SEARCH.java:23)
	at java_programs.DEPTH_FIRST_SEARCH$1Search.search(DEPTH_FIRST_SEARCH.java:23)
	at java_programs.DEPTH_FIRST_SEARCH$1Search.search(DEPTH_FIRST_SEARCH.java:23)
	at java_programs.DEPTH_FIRST_SEARCH$1Search.search(DEPTH_FIRST_SEARCH.java:23)
	at java_programs.DEPTH_FIRST_SEARCH$1Search.search(DEPTH_FIRST_SEARCH.java:23)
	at java_programs.DEPTH_FIRST_SEARCH$1Search.search(DEPTH_FIRST_SEARCH.java:23)
	at java_programs.DEPTH_FIRST_SEARCH$1Search.search(DEPTH_FIRST_SEARCH.java:23)
	at java_programs.DEPTH_FIRST_SEARCH$1Search.search(DEPTH_FIRST_SEARCH.java:23)
	at java_programs.DEPTH_FIRST_SEARCH$1Search.search(DEPTH_FIRST_SEARCH.java:23)
	at java_programs.DEPTH_FIRST_SEARCH$1Search.search(DEPTH_FIRST_SEARCH.java:23)
	at java_programs.DEPTH_FIRST_SEARCH$1Search.search(DEPTH_FIRST_SEARCH.java:23)
	at java_programs.DEPTH_FIRST_SEARCH$1Search.search(DEPTH_FIRST_SEARCH.java:23)
	at java_programs.DEPTH_FIRST_SEARCH$1Search.search(DEPTH_FIRST_SEARCH.java:23)
	at java_programs.DEPTH_FIRST_SEARCH$1Search.search(DEPTH_FIRST_SEARCH.java:23)
	at java_programs.DEPTH_FIRST_SEARCH$1Search.search(DEPTH_FIRST_SEARCH.java:23)
	at java_programs.DEPTH_FIRST_SEARCH$1Search.search(DEPTH_FIRST_SEARCH.java:23)
	at java_programs.DEPTH_FIRST_SEARCH$1Search.search(DEPTH_FIRST_SEARCH.java:23)
	at java_programs.DEPTH_FIRST_SEARCH$1Search.search(DEPTH_FIRST_SEARCH.java:23)
	at java_programs.DEPTH_FIRST_SEARCH$1Search.search(DEPTH_FIRST_SEARCH.java:23)
	at java_programs.DEPTH_FIRST_SEARCH$1Search.search(DEPTH_FIRST_SEARCH.java:23)
	at java_programs.DEPTH_FIRST_SEARCH$1Search.search(DEPTH_FIRST_SEARCH.java:23)
	at java_programs.DEPTH_FIRST_SEARCH$1Search.search(DEPTH_FIRST_SEARCH.java:23)
	at java_programs.DEPTH_FIRST_SEARCH$1Search.search(DEPTH_FIRST_SEARCH.java:23)
	at java_programs.DEPTH_FIRST_SEARCH$1Search.search(DEPTH_FIRST_SEARCH.java:23)
	at java_programs.DEPTH_FIRST_SEARCH$1Search.search(DEPTH_FIRST_SEARCH.java:23)
	at java_programs.DEPTH_FIRST_SEARCH$1Search.search(DEPTH_FIRST_SEARCH.java:23)
	at java_programs.DEPTH_FIRST_SEARCH$1Search.search(DEPTH_FIRST_SEARCH.java:23)
	at java_programs.DEPTH_FIRST_SEARCH$1Search.search(DEPTH_FIRST_SEARCH.java:23)
	at java_programs.DEPTH_FIRST_SEARCH$1Search.search(DEPTH_FIRST_SEARCH.java:23)
	at java_programs.DEPTH_FIRST_SEARCH$1Search.search(DEPTH_FIRST_SEARCH.java:23)
	at java_programs.DEPTH_FIRST_SEARCH$1Search.search(DEPTH_FIRST_SEARCH.java:23)
	at java_programs.DEPTH_FIRST_SEARCH$1Search.search(DEPTH_FIRST_SEARCH.java:23)
	at java_programs.DEPTH_FIRST_SEARCH$1Search.search(DEPTH_FIRST_SEARCH.java:23)
	at java_programs.DEPTH_FIRST_SEARCH$1Search.search(DEPTH_FIRST_SEARCH.java:23)
	at java_programs.DEPTH_FIRST_SEARCH$1Search.search(DEPTH_FIRST_SEARCH.java:23)
	at java_programs.DEPTH_FIRST_SEARCH$1Search.search(DEPTH_FIRST_SEARCH.java:23)
	at java_programs.DEPTH_FIRST_SEARCH$1Search.search(DEPTH_FIRST_SEARCH.java:23)
	at java_programs.DEPTH_FIRST_SEARCH$1Search.search(DEPTH_FIRST_SEARCH.java:23)
	at java_programs.DEPTH_FIRST_SEARCH$1Search.search(DEPTH_FIRST_SEARCH.java:23)
	at java_programs.DEPTH_FIRST_SEARCH$1Search.search(DEPTH_FIRST_SEARCH.java:23)
	at java_programs.DEPTH_FIRST_SEARCH$1Search.search(DEPTH_FIRST_SEARCH.java:23)
	at java_programs.DEPTH_FIRST_SEARCH$1Search.search(DEPTH_FIRST_SEARCH.java:23)
	at java_programs.DEPTH_FIRST_SEARCH$1Search.search(DEPTH_FIRST_SEARCH.java:23)
	at java_programs.DEPTH_FIRST_SEARCH$1Search.search(DEPTH_FIRST_SEARCH.java:23)
	at java_programs.DEPTH_FIRST_SEARCH$1Search.search(DEPTH_FIRST_SEARCH.java:23)
	at java_programs.DEPTH_FIRST_SEARCH$1Search.search(DEPTH_FIRST_SEARCH.java:23)
	at java_programs.DEPTH_FIRST_SEARCH$1Search.search(DEPTH_FIRST_SEARCH.java:23)
	at java_programs.DEPTH_FIRST_SEARCH$1Search.search(DEPTH_FIRST_SEARCH.java:23)
	at java_programs.DEPTH_FIRST_SEARCH$1Search.search(DEPTH_FIRST_SEARCH.java:23)
	at java_programs.DEPTH_FIRST_SEARCH$1Search.search(DEPTH_FIRST_SEARCH.java:23)
	at java_programs.DEPTH_FIRST_SEARCH$1Search.search(DEPTH_FIRST_SEARCH.java:23)
	at java_programs.DEPTH_FIRST_SEARCH$1Search.search(DEPTH_FIRST_SEARCH.java:23)
	at java_programs.DEPTH_FIRST_SEARCH$1Search.search(DEPTH_FIRST_SEARCH.java:23)
	at java_programs.DEPTH_FIRST_SEARCH$1Search.search(DEPTH_FIRST_SEARCH.java:23)
	at java_programs.DEPTH_FIRST_SEARCH$1Search.search(DEPTH_FIRST_SEARCH.java:23)
	at java_programs.DEPTH_FIRST_SEARCH$1Search.search(DEPTH_FIRST_SEARCH.java:23)
	at java_programs.DEPTH_FIRST_SEARCH$1Search.search(DEPTH_FIRST_SEARCH.java:23)
	at java_programs.DEPTH_FIRST_SEARCH$1Search.search(DEPTH_FIRST_SEARCH.java:23)
	at java_programs.DEPTH_FIRST_SEARCH$1Search.search(DEPTH_FIRST_SEARCH.java:23)
	at java_programs.DEPTH_FIRST_SEARCH$1Search.search(DEPTH_FIRST_SEARCH.java:23)
	at java_programs.DEPTH_FIRST_SEARCH$1Search.search(DEPTH_FIRST_SEARCH.java:23)
	at java_programs.DEPTH_FIRST_SEARCH$1Search.search(DEPTH_FIRST_SEARCH.java:23)
	at java_programs.DEPTH_FIRST_SEARCH$1Search.search(DEPTH_FIRST_SEARCH.java:23)
	at java_programs.DEPTH_FIRST_SEARCH$1Search.search(DEPTH_FIRST_SEARCH.java:23)
	at java_programs.DEPTH_FIRST_SEARCH$1Search.search(DEPTH_FIRST_SEARCH.java:23)
	at java_programs.DEPTH_FIRST_SEARCH$1Search.search(DEPTH_FIRST_SEARCH.java:23)
	at java_programs.DEPTH_FIRST_SEARCH$1Search.search(DEPTH_FIRST_SEARCH.java:23)
	at java_programs.DEPTH_FIRST_SEARCH$1Search.search(DEPTH_FIRST_SEARCH.java:23)
	at java_programs.DEPTH_FIRST_SEARCH$1Search.search(DEPTH_FIRST_SEARCH.java:23)
	at java_programs.DEPTH_FIRST_SEARCH$1Search.search(DEPTH_FIRST_SEARCH.java:23)
	at java_programs.DEPTH_FIRST_SEARCH$1Search.search(DEPTH_FIRST_SEARCH.java:23)
	at java_programs.DEPTH_FIRST_SEARCH$1Search.search(DEPTH_FIRST_SEARCH.java:23)
	at java_programs.DEPTH_FIRST_SEARCH$1Search.search(DEPTH_FIRST_SEARCH.java:23)
	at java_programs.DEPTH_FIRST_SEARCH$1Search.search(DEPTH_FIRST_SEARCH.java:23)
	at java_programs.DEPTH_FIRST_SEARCH$1Search.search(DEPTH_FIRST_SEARCH.java:23)
	at java_programs.DEPTH_FIRST_SEARCH$1Search.search(DEPTH_FIRST_SEARCH.java:23)
	at java_programs.DEPTH_FIRST_SEARCH$1Search.search(DEPTH_FIRST_SEARCH.java:23)
	at java_programs.DEPTH_FIRST_SEARCH$1Search.search(DEPTH_FIRST_SEARCH.java:23)
	at java_programs.DEPTH_FIRST_SEARCH$1Search.search(DEPTH_FIRST_SEARCH.java:23)
	at java_programs.DEPTH_FIRST_SEARCH$1Search.search(DEPTH_FIRST_SEARCH.java:23)
	at java_programs.DEPTH_FIRST_SEARCH$1Search.search(DEPTH_FIRST_SEARCH.java:23)
	at java_programs.DEPTH_FIRST_SEARCH$1Search.search(DEPTH_FIRST_SEARCH.java:23)
	at java_programs.DEPTH_FIRST_SEARCH$1Search.search(DEPTH_FIRST_SEARCH.java:23)
	at java_programs.DEPTH_FIRST_SEARCH$1Search.search(DEPTH_FIRST_SEARCH.java:23)
	at java_programs.DEPTH_FIRST_SEARCH$1Search.search(DEPTH_FIRST_SEARCH.java:23)
	at java_programs.DEPTH_FIRST_SEARCH$1Search.search(DEPTH_FIRST_SEARCH.java:23)
	at java_programs.DEPTH_FIRST_SEARCH$1Search.search(DEPTH_FIRST_SEARCH.java:23)
	at java_programs.DEPTH_FIRST_SEARCH$1Search.search(DEPTH_FIRST_SEARCH.java:23)
	at java_programs.DEPTH_FIRST_SEARCH$1Search.search(DEPTH_FIRST_SEARCH.java:23)
	at java_programs.DEPTH_FIRST_SEARCH$1Search.search(DEPTH_FIRST_SEARCH.java:23)
	at java_programs.DEPTH_FIRST_SEARCH$1Search.search(DEPTH_FIRST_SEARCH.java:23)
	at java_programs.DEPTH_FIRST_SEARCH$1Search.search(DEPTH_FIRST_SEARCH.java:23)
	at java_programs.DEPTH_FIRST_SEARCH$1Search.search(DEPTH_FIRST_SEARCH.java:23)
	at java_programs.DEPTH_FIRST_SEARCH$1Search.search(DEPTH_FIRST_SEARCH.java:23)
	at java_programs.DEPTH_FIRST_SEARCH$1Search.search(DEPTH_FIRST_SEARCH.java:23)
	at java_programs.DEPTH_FIRST_SEARCH$1Search.search(DEPTH_FIRST_SEARCH.java:23)
	at java_programs.DEPTH_FIRST_SEARCH$1Search.search(DEPTH_FIRST_SEARCH.java:23)
	at java_programs.DEPTH_FIRST_SEARCH$1Search.search(DEPTH_FIRST_SEARCH.java:23)
	at java_programs.DEPTH_FIRST_SEARCH$1Search.search(DEPTH_FIRST_SEARCH.java:23)
	at java_programs.DEPTH_FIRST_SEARCH$1Search.search(DEPTH_FIRST_SEARCH.java:23)
	at java_programs.DEPTH_FIRST_SEARCH$1Search.search(DEPTH_FIRST_SEARCH.java:23)
	at java_programs.DEPTH_FIRST_SEARCH$1Search.search(DEPTH_FIRST_SEARCH.java:23)
	at java_programs.DEPTH_FIRST_SEARCH$1Search.search(DEPTH_FIRST_SEARCH.java:23)
	at java_programs.DEPTH_FIRST_SEARCH$1Search.search(DEPTH_FIRST_SEARCH.java:23)
	at java_programs.DEPTH_FIRST_SEARCH$1Search.search(DEPTH_FIRST_SEARCH.java:23)
	at java_programs.DEPTH_FIRST_SEARCH$1Search.search(DEPTH_FIRST_SEARCH.java:23)
	at java_programs.DEPTH_FIRST_SEARCH$1Search.search(DEPTH_FIRST_SEARCH.java:23)
	at java_programs.DEPTH_FIRST_SEARCH$1Search.search(DEPTH_FIRST_SEARCH.java:23)
	at java_programs.DEPTH_FIRST_SEARCH$1Search.search(DEPTH_FIRST_SEARCH.java:23)
	at java_programs.DEPTH_FIRST_SEARCH$1Search.search(DEPTH_FIRST_SEARCH.java:23)
	at java_programs.DEPTH_FIRST_SEARCH$1Search.search(DEPTH_FIRST_SEARCH.java:23)
	at java_programs.DEPTH_FIRST_SEARCH$1Search.search(DEPTH_FIRST_SEARCH.java:23)
	at java_programs.DEPTH_FIRST_SEARCH$1Search.search(DEPTH_FIRST_SEARCH.java:23)
	at java_programs.DEPTH_FIRST_SEARCH$1Search.search(DEPTH_FIRST_SEARCH.java:23)
	at java_programs.DEPTH_FIRST_SEARCH$1Search.search(DEPTH_FIRST_SEARCH.java:23)
	at java_programs.DEPTH_FIRST_SEARCH$1Search.search(DEPTH_FIRST_SEARCH.java:23)
	at java_programs.DEPTH_FIRST_SEARCH$1Search.search(DEPTH_FIRST_SEARCH.java:23)
	at java_programs.DEPTH_FIRST_SEARCH$1Search.search(DEPTH_FIRST_SEARCH.java:23)
	at java_programs.DEPTH_FIRST_SEARCH$1Search.search(DEPTH_FIRST_SEARCH.java:23)
	at java_programs.DEPTH_FIRST_SEARCH$1Search.search(DEPTH_FIRST_SEARCH.java:23)
	at java_programs.DEPTH_FIRST_SEARCH$1Search.search(DEPTH_FIRST_SEARCH.java:23)
	at java_programs.DEPTH_FIRST_SEARCH$1Search.search(DEPTH_FIRST_SEARCH.java:23)
	at java_programs.DEPTH_FIRST_SEARCH$1Search.search(DEPTH_FIRST_SEARCH.java:23)
	at java_programs.DEPTH_FIRST_SEARCH$1Search.search(DEPTH_FIRST_SEARCH.java:23)
</failure>
  </testcase>
  <system-out><![CDATA[]]></system-out>
  <system-err><![CDATA[]]></system-err>
</testsuite>
